"../../../Anthrocratos_UE4/Content/StarterContent/Audio/Fire01.uasset" 0
"../../../Anthrocratos_UE4/Content/StarterContent/Audio/Fire01_Cue.uasset" 1
"../../../Anthrocratos_UE4/Content/StarterContent/Textures/T_Fire_SubUV.uasset" 2
"../../../Anthrocratos_UE4/Content/StarterContent/Textures/T_Fire_Tiled_D.uasset" 3
"../../../Anthrocratos_UE4/Content/StarterContent/Particles/Materials/M_Fire_SubUV.uasset" 4
"../../../Anthrocratos_UE4/Content/StarterContent/Textures/T_Water_N.uasset" 5
"../../../Anthrocratos_UE4/Content/StarterContent/Particles/Materials/M_Heat_Distortion.uasset" 6
"../../../Engine/Content/Functions/Engine_MaterialFunctions01/Gradient/RadialGradient.uasset" 7
"../../../Anthrocratos_UE4/Content/StarterContent/Particles/Materials/M_Radial_Gradient.uasset" 8
"../../../Anthrocratos_UE4/Content/StarterContent/Textures/T_Smoke_SubUV.uasset" 9
"../../../Anthrocratos_UE4/Content/StarterContent/Textures/T_Smoke_Tiled_D.uasset" 10
"../../../Anthrocratos_UE4/Content/StarterContent/Particles/Materials/M_smoke_subUV.uasset" 11
"../../../Anthrocratos_UE4/Content/StarterContent/Particles/P_Fire.uasset" 12
"../../../Anthrocratos_UE4/Content/StarterContent/Blueprints/Blueprint_Effect_Fire.uasset" 13
"../../../Anthrocratos_UE4/Content/StarterContent/Audio/Smoke01.uasset" 14
"../../../Anthrocratos_UE4/Content/StarterContent/Audio/Smoke01_Cue.uasset" 15
"../../../Anthrocratos_UE4/Content/StarterContent/Particles/P_Smoke.uasset" 16
"../../../Anthrocratos_UE4/Content/StarterContent/Blueprints/Blueprint_Effect_Smoke.uasset" 17
"../../../Anthrocratos_UE4/Content/StarterContent/Audio/Fire_Sparks01.uasset" 18
"../../../Anthrocratos_UE4/Content/StarterContent/Audio/Fire_Sparks01_Cue.uasset" 19
"../../../Anthrocratos_UE4/Content/StarterContent/Textures/T_Spark_Core.uasset" 20
"../../../Anthrocratos_UE4/Content/StarterContent/Particles/Materials/M_Spark.uasset" 21
"../../../Anthrocratos_UE4/Content/StarterContent/Particles/P_Sparks.uasset" 22
"../../../Anthrocratos_UE4/Content/StarterContent/Blueprints/Blueprint_Effect_Sparks.uasset" 23
"../../../Anthrocratos_UE4/Content/StarterContent/Audio/Steam01.uasset" 24
"../../../Anthrocratos_UE4/Content/StarterContent/Audio/Steam01_Cue.uasset" 25
"../../../Anthrocratos_UE4/Content/StarterContent/Particles/P_Steam_Lit.uasset" 26
"../../../Anthrocratos_UE4/Content/StarterContent/Blueprints/Blueprint_Effect_Steam.uasset" 27
"../../../Engine/Content/EditorBlueprintResources/StandardMacros.uasset" 28
"../../../Engine/Content/EngineSky/C_Sky_Cloud_Color.uasset" 29
"../../../Engine/Content/EngineSky/C_Sky_Horizon_Color.uasset" 30
"../../../Engine/Content/EngineSky/C_Sky_Zenith_Color.uasset" 31
"../../../Engine/Content/EngineSky/T_Sky_Blue.uasset" 32
"../../../Engine/Content/EngineSky/T_Sky_Clouds_M.uasset" 33
"../../../Engine/Content/EngineSky/T_Sky_Stars.uasset" 34
"../../../Engine/Content/EngineSky/SM_SkySphere.uasset" 35
"../../../Engine/Content/EngineSky/M_Sky_Panning_Clouds2.uasset" 36
"../../../Engine/Content/EngineSky/BP_Sky_Sphere.uasset" 37
"../../../Anthrocratos_UE4/Content/StarterContent/Textures/T_Lamp_M.uasset" 38
"../../../Anthrocratos_UE4/Content/StarterContent/Textures/T_Lamp_N.uasset" 39
"../../../Anthrocratos_UE4/Content/StarterContent/Props/Materials/M_Lamp.uasset" 40
"../../../Anthrocratos_UE4/Content/StarterContent/Props/SM_Lamp_Ceiling.uasset" 41
"../../../Anthrocratos_UE4/Content/StarterContent/Blueprints/Blueprint_CeilingLight.uasset" 42
"../../../Anthrocratos_UE4/Content/StarterContent/Props/SM_Lamp_Wall.uasset" 43
"../../../Anthrocratos_UE4/Content/StarterContent/Blueprints/Blueprint_WallSconce.uasset" 44
"../../../Engine/Content/EngineFonts/RobotoDistanceField.uasset" 45
"../../../Engine/Content/Functions/Engine_MaterialFunctions03/Procedurals/ComputeFilterWidth.uasset" 46
"../../../Engine/Content/EngineMaterials/AntiAliasedTextMaterialTranslucent.uasset" 47
"../../../Engine/Content/Functions/Engine_MaterialFunctions01/Opacity/CameraDepthFade.uasset" 48
"../../../Engine/Content/EngineMaterials/T_Default_Material_Grid_M.uasset" 49
"../../../Engine/Content/EngineMaterials/T_Default_Material_Grid_N.uasset" 50
"../../../Engine/Content/EngineMaterials/WorldGridMaterial.uasset" 51
"../../../Anthrocratos_UE4/Content/StarterContent/Textures/T_Brick_Clay_Beveled_D.uasset" 52
"../../../Anthrocratos_UE4/Content/StarterContent/Textures/T_Brick_Clay_Beveled_M.uasset" 53
"../../../Anthrocratos_UE4/Content/StarterContent/Textures/T_Brick_Clay_Beveled_N.uasset" 54
"../../../Anthrocratos_UE4/Content/StarterContent/Textures/T_MacroVariation.uasset" 55
"../../../Anthrocratos_UE4/Content/StarterContent/Materials/M_Brick_Clay_Beveled.uasset" 56
"../../../Anthrocratos_UE4/Content/StarterContent/Textures/T_Brick_Clay_New_D.uasset" 57
"../../../Anthrocratos_UE4/Content/StarterContent/Textures/T_Brick_Clay_New_M.uasset" 58
"../../../Anthrocratos_UE4/Content/StarterContent/Textures/T_Brick_Clay_New_N.uasset" 59
"../../../Anthrocratos_UE4/Content/StarterContent/Textures/T_Detail_Rocky_N.uasset" 60
"../../../Anthrocratos_UE4/Content/StarterContent/Materials/M_Brick_Clay_New.uasset" 61
"../../../Anthrocratos_UE4/Content/StarterContent/Textures/T_Brick_Clay_Old_D.uasset" 62
"../../../Anthrocratos_UE4/Content/StarterContent/Textures/T_Brick_Clay_Old_N.uasset" 63
"../../../Anthrocratos_UE4/Content/StarterContent/Textures/T_Perlin_Noise_M.uasset" 64
"../../../Anthrocratos_UE4/Content/StarterContent/Materials/M_Brick_Clay_Old.uasset" 65
"../../../Anthrocratos_UE4/Content/StarterContent/Textures/T_Brick_Cut_Stone_D.uasset" 66
"../../../Anthrocratos_UE4/Content/StarterContent/Textures/T_Brick_Cut_Stone_N.uasset" 67
"../../../Anthrocratos_UE4/Content/StarterContent/Materials/M_Brick_Cut_Stone.uasset" 68
"../../../Anthrocratos_UE4/Content/StarterContent/Textures/T_Brick_Hewn_Stone_D.uasset" 69
"../../../Anthrocratos_UE4/Content/StarterContent/Textures/T_Brick_Hewn_Stone_M.uasset" 70
"../../../Anthrocratos_UE4/Content/StarterContent/Textures/T_Brick_Hewn_Stone_N.uasset" 71
"../../../Anthrocratos_UE4/Content/StarterContent/Materials/M_Brick_Hewn_Stone.uasset" 72
"../../../Anthrocratos_UE4/Content/StarterContent/Textures/T_Ceramic_Tile_M.uasset" 73
"../../../Anthrocratos_UE4/Content/StarterContent/Textures/T_Ceramic_Tile_N.uasset" 74
"../../../Anthrocratos_UE4/Content/StarterContent/Textures/T_Rock_Marble_Polished_D.uasset" 75
"../../../Anthrocratos_UE4/Content/StarterContent/Materials/M_Ceramic_Tile_Checker.uasset" 76
"../../../Anthrocratos_UE4/Content/StarterContent/Textures/T_CobbleStone_Pebble_D.uasset" 77
"../../../Anthrocratos_UE4/Content/StarterContent/Textures/T_CobbleStone_Pebble_M.uasset" 78
"../../../Anthrocratos_UE4/Content/StarterContent/Textures/T_CobbleStone_Pebble_N.uasset" 79
"../../../Anthrocratos_UE4/Content/StarterContent/Materials/M_CobbleStone_Pebble.uasset" 80
"../../../Anthrocratos_UE4/Content/StarterContent/Textures/T_CobbleStone_Rough_D.uasset" 81
"../../../Anthrocratos_UE4/Content/StarterContent/Textures/T_CobbleStone_Rough_N.uasset" 82
"../../../Anthrocratos_UE4/Content/StarterContent/Textures/T_Gradinet_01.uasset" 83
"../../../Anthrocratos_UE4/Content/StarterContent/Textures/T_Rock_Smooth_Granite_D.uasset" 84
"../../../Anthrocratos_UE4/Content/StarterContent/Materials/M_CobbleStone_Rough.uasset" 85
"../../../Anthrocratos_UE4/Content/StarterContent/Textures/T_CobbleStone_Smooth_D.uasset" 86
"../../../Anthrocratos_UE4/Content/StarterContent/Textures/T_CobbleStone_Smooth_M.uasset" 87
"../../../Anthrocratos_UE4/Content/StarterContent/Textures/T_CobbleStone_Smooth_N.uasset" 88
"../../../Anthrocratos_UE4/Content/StarterContent/Materials/M_CobbleStone_Smooth.uasset" 89
"../../../Anthrocratos_UE4/Content/StarterContent/Textures/T_Concrete_Grime_D.uasset" 90
"../../../Anthrocratos_UE4/Content/StarterContent/Textures/T_Metal_Rust_N.uasset" 91
"../../../Anthrocratos_UE4/Content/StarterContent/Materials/M_Concrete_Grime.uasset" 92
"../../../Anthrocratos_UE4/Content/StarterContent/Textures/T_Concrete_Panels_D.uasset" 93
"../../../Anthrocratos_UE4/Content/StarterContent/Textures/T_Concrete_Panels_N.uasset" 94
"../../../Anthrocratos_UE4/Content/StarterContent/Materials/M_Concrete_Panels.uasset" 95
"../../../Anthrocratos_UE4/Content/StarterContent/Textures/T_Concrete_Poured_D.uasset" 96
"../../../Anthrocratos_UE4/Content/StarterContent/Textures/T_Concrete_Poured_N.uasset" 97
"../../../Anthrocratos_UE4/Content/StarterContent/Materials/M_Concrete_Poured.uasset" 98
"../../../Anthrocratos_UE4/Content/StarterContent/Textures/T_Concrete_Tiles_D.uasset" 99
"../../../Anthrocratos_UE4/Content/StarterContent/Textures/T_Concrete_Tiles_M.uasset" 100
"../../../Anthrocratos_UE4/Content/StarterContent/Textures/T_Concrete_Tiles_N.uasset" 101
"../../../Anthrocratos_UE4/Content/StarterContent/Textures/T_Concrete_Tiles_Variation_M.uasset" 102
"../../../Anthrocratos_UE4/Content/StarterContent/Materials/M_Concrete_Tiles.uasset" 103
"../../../Anthrocratos_UE4/Content/StarterContent/Textures/T_Ground_Grass_D.uasset" 104
"../../../Anthrocratos_UE4/Content/StarterContent/Textures/T_Ground_Grass_N.uasset" 105
"../../../Anthrocratos_UE4/Content/StarterContent/Materials/M_Ground_Grass.uasset" 106
"../../../Anthrocratos_UE4/Content/StarterContent/Textures/T_Ground_Gravel_D.uasset" 107
"../../../Anthrocratos_UE4/Content/StarterContent/Textures/T_Ground_Gravel_N.uasset" 108
"../../../Anthrocratos_UE4/Content/StarterContent/Materials/M_Ground_Gravel.uasset" 109
"../../../Anthrocratos_UE4/Content/StarterContent/Textures/T_ground_Moss_D.uasset" 110
"../../../Anthrocratos_UE4/Content/StarterContent/Textures/T_Ground_Moss_N.uasset" 111
"../../../Anthrocratos_UE4/Content/StarterContent/Materials/M_Ground_Moss.uasset" 112
"../../../Anthrocratos_UE4/Content/StarterContent/Materials/M_Metal_Brushed_Nickel.uasset" 113
"../../../Anthrocratos_UE4/Content/StarterContent/Textures/T_Metal_Aluminum_D.uasset" 114
"../../../Anthrocratos_UE4/Content/StarterContent/Textures/T_Metal_Gold_N.uasset" 115
"../../../Anthrocratos_UE4/Content/StarterContent/Materials/M_Metal_Burnished_Steel.uasset" 116
"../../../Anthrocratos_UE4/Content/StarterContent/Materials/M_Metal_Chrome.uasset" 117
"../../../Anthrocratos_UE4/Content/StarterContent/Textures/T_Metal_Copper_D.uasset" 118
"../../../Anthrocratos_UE4/Content/StarterContent/Materials/M_Metal_Copper.uasset" 119
"../../../Anthrocratos_UE4/Content/StarterContent/Textures/T_Metal_Gold_D.uasset" 120
"../../../Anthrocratos_UE4/Content/StarterContent/Materials/M_Metal_Gold.uasset" 121
"../../../Engine/Content/Functions/Engine_MaterialFunctions02/Utility/BlendAngleCorrectedNormals.uasset" 122
"../../../Anthrocratos_UE4/Content/StarterContent/Textures/T_Metal_Rust_D.uasset" 123
"../../../Anthrocratos_UE4/Content/StarterContent/Materials/M_Metal_Rust.uasset" 124
"../../../Anthrocratos_UE4/Content/StarterContent/Textures/T_Metal_Steel_D.uasset" 125
"../../../Anthrocratos_UE4/Content/StarterContent/Textures/T_Metal_Steel_N.uasset" 126
"../../../Anthrocratos_UE4/Content/StarterContent/Materials/M_Metal_Steel.uasset" 127
"../../../Anthrocratos_UE4/Content/StarterContent/Textures/T_Rock_Basalt_D.uasset" 128
"../../../Anthrocratos_UE4/Content/StarterContent/Textures/T_Rock_Basalt_N.uasset" 129
"../../../Anthrocratos_UE4/Content/StarterContent/Materials/M_Rock_Basalt.uasset" 130
"../../../Anthrocratos_UE4/Content/StarterContent/Materials/M_Rock_Marble_Polished.uasset" 131
"../../../Anthrocratos_UE4/Content/StarterContent/Textures/T_Rock_Sandstone_D.uasset" 132
"../../../Anthrocratos_UE4/Content/StarterContent/Textures/T_Rock_Sandstone_N.uasset" 133
"../../../Anthrocratos_UE4/Content/StarterContent/Materials/M_Rock_Sandstone.uasset" 134
"../../../Anthrocratos_UE4/Content/StarterContent/Textures/T_Rock_Slate_D.uasset" 135
"../../../Anthrocratos_UE4/Content/StarterContent/Textures/T_Rock_Slate_N.uasset" 136
"../../../Anthrocratos_UE4/Content/StarterContent/Materials/M_Rock_Slate.uasset" 137
"../../../Anthrocratos_UE4/Content/StarterContent/Textures/T_Checker_Noise_M.uasset" 138
"../../../Anthrocratos_UE4/Content/StarterContent/Textures/T_Single_Tile_N.uasset" 139
"../../../Anthrocratos_UE4/Content/StarterContent/Textures/T_Tech_Dot_M.uasset" 140
"../../../Anthrocratos_UE4/Content/StarterContent/Textures/T_Tech_Dot_N.uasset" 141
"../../../Anthrocratos_UE4/Content/StarterContent/Materials/M_Tech_Checker_Dot.uasset" 142
"../../../Anthrocratos_UE4/Content/StarterContent/Textures/T_Tech_Hex_Tile_M.uasset" 143
"../../../Anthrocratos_UE4/Content/StarterContent/Textures/T_Tech_Hex_Tile_N.uasset" 144
"../../../Anthrocratos_UE4/Content/StarterContent/Materials/M_Tech_Hex_Tile.uasset" 145
"../../../Anthrocratos_UE4/Content/StarterContent/Materials/M_Tech_Hex_Tile_Pulse.uasset" 146
"../../../Anthrocratos_UE4/Content/StarterContent/Textures/T_Tech_Panel_M.uasset" 147
"../../../Anthrocratos_UE4/Content/StarterContent/Textures/T_Tech_Panel_N.uasset" 148
"../../../Anthrocratos_UE4/Content/StarterContent/Materials/M_Tech_Panel.uasset" 149
"../../../Anthrocratos_UE4/Content/StarterContent/Materials/M_Water_Lake.uasset" 150
"../../../Anthrocratos_UE4/Content/StarterContent/Textures/T_Water_M.uasset" 151
"../../../Anthrocratos_UE4/Content/StarterContent/Materials/M_Water_Ocean.uasset" 152
"../../../Anthrocratos_UE4/Content/StarterContent/Textures/T_Wood_Floor_Walnut_D.uasset" 153
"../../../Anthrocratos_UE4/Content/StarterContent/Textures/T_Wood_Floor_Walnut_M.uasset" 154
"../../../Anthrocratos_UE4/Content/StarterContent/Textures/T_Wood_Floor_Walnut_N.uasset" 155
"../../../Anthrocratos_UE4/Content/StarterContent/Materials/M_Wood_Floor_Walnut_Polished.uasset" 156
"../../../Engine/Content/Functions/Engine_MaterialFunctions01/Opacity/AlphaOffset.uasset" 157
"../../../Anthrocratos_UE4/Content/StarterContent/Materials/M_Wood_Floor_Walnut_Worn.uasset" 158
"../../../Anthrocratos_UE4/Content/StarterContent/Textures/T_Wood_Oak_D.uasset" 159
"../../../Anthrocratos_UE4/Content/StarterContent/Textures/T_Wood_Oak_N.uasset" 160
"../../../Anthrocratos_UE4/Content/StarterContent/Materials/M_Wood_Oak.uasset" 161
"../../../Anthrocratos_UE4/Content/StarterContent/Textures/T_Wood_Pine_D.uasset" 162
"../../../Anthrocratos_UE4/Content/StarterContent/Textures/T_Wood_Pine_N.uasset" 163
"../../../Anthrocratos_UE4/Content/StarterContent/Materials/M_Wood_Pine.uasset" 164
"../../../Anthrocratos_UE4/Content/StarterContent/Textures/T_Wood_Walnut_D.uasset" 165
"../../../Anthrocratos_UE4/Content/StarterContent/Textures/T_Wood_Walnut_N.uasset" 166
"../../../Anthrocratos_UE4/Content/StarterContent/Materials/M_Wood_Walnut.uasset" 167
"../../../Anthrocratos_UE4/Content/StarterContent/Textures/T_Chair_M.uasset" 168
"../../../Anthrocratos_UE4/Content/StarterContent/Textures/T_Chair_N.uasset" 169
"../../../Anthrocratos_UE4/Content/StarterContent/Props/Materials/M_Chair.uasset" 170
"../../../Anthrocratos_UE4/Content/StarterContent/Materials/M_Basic_Floor.uasset" 171
"../../../Anthrocratos_UE4/Content/StarterContent/Architecture/Floor_400x400.uasset" 172
"../../../Anthrocratos_UE4/Content/StarterContent/Materials/M_Basic_Wall.uasset" 173
"../../../Anthrocratos_UE4/Content/StarterContent/Architecture/Wall_400x200.uasset" 174
"../../../Anthrocratos_UE4/Content/StarterContent/Architecture/Wall_Door_400x300.uasset" 175
"../../../Anthrocratos_UE4/Content/StarterContent/Architecture/Wall_Window_400x300.uasset" 176
"../../../Anthrocratos_UE4/Content/StarterContent/Audio/Collapse01.uasset" 177
"../../../Anthrocratos_UE4/Content/StarterContent/Audio/Collapse02.uasset" 178
"../../../Anthrocratos_UE4/Content/StarterContent/Audio/Collapse_Cue.uasset" 179
"../../../Anthrocratos_UE4/Content/StarterContent/Audio/Starter_Birds01.uasset" 180
"../../../Anthrocratos_UE4/Content/StarterContent/Audio/Starter_Wind05.uasset" 181
"../../../Anthrocratos_UE4/Content/StarterContent/Audio/Starter_Wind06.uasset" 182
"../../../Anthrocratos_UE4/Content/StarterContent/Audio/Starter_Background_Cue.uasset" 183
"../../../Anthrocratos_UE4/Content/StarterContent/Audio/Starter_Music01.uasset" 184
"../../../Anthrocratos_UE4/Content/StarterContent/Audio/Starter_Music_Cue.uasset" 185
"../../../Anthrocratos_UE4/Content/StarterContent/Textures/T_Dust_Particle_D.uasset" 186
"../../../Anthrocratos_UE4/Content/StarterContent/Particles/Materials/M_Dust_Particle.uasset" 187
"../../../Anthrocratos_UE4/Content/StarterContent/Particles/P_Ambient_Dust.uasset" 188
"../../../Anthrocratos_UE4/Content/StarterContent/Props/MaterialSphere.uasset" 189
"../../../Anthrocratos_UE4/Content/StarterContent/Props/SM_Chair.uasset" 190
"../../../Anthrocratos_UE4/Content/StarterContent/Textures/T_Frame_M.uasset" 191
"../../../Anthrocratos_UE4/Content/StarterContent/Textures/T_Frame_N.uasset" 192
"../../../Anthrocratos_UE4/Content/StarterContent/Props/Materials/M_Frame.uasset" 193
"../../../Anthrocratos_UE4/Content/StarterContent/Props/SM_CornerFrame.uasset" 194
"../../../Anthrocratos_UE4/Content/StarterContent/Props/SM_DoorFrame.uasset" 195
"../../../Anthrocratos_UE4/Content/StarterContent/Materials/M_Glass.uasset" 196
"../../../Anthrocratos_UE4/Content/StarterContent/Props/SM_GlassWindow.uasset" 197
"../../../Anthrocratos_UE4/Content/StarterContent/Props/SM_PillarFrame.uasset" 198
"../../../Anthrocratos_UE4/Content/StarterContent/Props/SM_PillarFrame300.uasset" 199
"../../../Anthrocratos_UE4/Content/StarterContent/Textures/T_Statue_M.uasset" 200
"../../../Anthrocratos_UE4/Content/StarterContent/Textures/T_Statue_N.uasset" 201
"../../../Anthrocratos_UE4/Content/StarterContent/Props/Materials/M_Statue.uasset" 202
"../../../Anthrocratos_UE4/Content/StarterContent/Props/Materials/M_StatueGlass.uasset" 203
"../../../Anthrocratos_UE4/Content/StarterContent/Props/SM_Statue.uasset" 204
"../../../Anthrocratos_UE4/Content/StarterContent/Textures/T_TableRound_M.uasset" 205
"../../../Anthrocratos_UE4/Content/StarterContent/Textures/T_TableRound_N.uasset" 206
"../../../Anthrocratos_UE4/Content/StarterContent/Props/Materials/M_TableRound.uasset" 207
"../../../Anthrocratos_UE4/Content/StarterContent/Props/SM_TableRound.uasset" 208
"../../../Anthrocratos_UE4/Content/StarterContent/Props/SM_WindowFrame.uasset" 209
"../../../Anthrocratos_UE4/Content/StarterContent/Shapes/Shape_Cube.uasset" 210
"../../../Anthrocratos_UE4/Content/StarterContent/Shapes/Shape_QuadPyramid.uasset" 211
"../../../Anthrocratos_UE4/Content/StarterContent/Shapes/Shape_Sphere.uasset" 212
"../../../Anthrocratos_UE4/Content/StarterContent/Maps/StarterMap.umap" 213
"../../../Anthrocratos_UE4/Content/StarterContent/Blueprints/Assets/FogBrightnessLUT.uasset" 214
"../../../Anthrocratos_UE4/Content/StarterContent/Blueprints/Assets/SunlightColorLUT.uasset" 215
"../../../Anthrocratos_UE4/Content/StarterContent/Blueprints/Assets/M_LightStage_Arrows.uasset" 216
"../../../Engine/Content/MapTemplates/Sky/DaylightAmbientCubemap.uasset" 217
"../../../Anthrocratos_UE4/Content/StarterContent/Blueprints/Assets/M_LightStage_Skybox_Master.uasset" 218
"../../../Anthrocratos_UE4/Content/StarterContent/Blueprints/Assets/M_LightStage_Skybox_Black.uasset" 219
"../../../Anthrocratos_UE4/Content/StarterContent/Blueprints/Assets/M_LightStage_Skybox_HDRI.uasset" 220
"../../../Engine/Content/EditorMaterials/Thumbnails/SkySphereMaterial.uasset" 221
"../../../Anthrocratos_UE4/Content/StarterContent/Blueprints/Assets/Skybox.uasset" 222
"../../../Anthrocratos_UE4/Content/StarterContent/Blueprints/Assets/SM_Arrows.uasset" 223
"../../../Anthrocratos_UE4/Content/StarterContent/HDRI/HDRI_Epic_Courtyard_Daylight.uasset" 224
"../../../Anthrocratos_UE4/Content/StarterContent/Blueprints/BP_LightStudio.uasset" 225
"../../../Anthrocratos_UE4/Content/StarterContent/Materials/M_AssetPlatform.uasset" 226
"../../../Engine/Content/EditorMeshes/ColorCalibrator/M_ChromeBall.uasset" 227
"../../../Engine/Content/EditorMeshes/ColorCalibrator/M_ClearCoat.uasset" 228
"../../../Engine/Content/EditorMeshes/ColorCalibrator/M_ClearCoatBlack.uasset" 229
"../../../Engine/Content/EditorMeshes/ColorCalibrator/T_ColorGrid.uasset" 230
"../../../Engine/Content/EditorMeshes/ColorCalibrator/M_ColorGrid.uasset" 231
"../../../Engine/Content/EditorMeshes/ColorCalibrator/M_GreyBall.uasset" 232
"../../../Engine/Content/EditorMeshes/ColorCalibrator/SM_ColorCalibrator.uasset" 233
"../../../Anthrocratos_UE4/Content/StarterContent/Architecture/SM_AssetPlatform.uasset" 234
"../../../Anthrocratos_UE4/Content/StarterContent/Maps/Advanced_Lighting.umap" 235
"../../../Anthrocratos_UE4/Content/Blueprints/UI/NotificationUI.uasset" 236
"../../../Anthrocratos_UE4/Content/Blueprints/UI/SingleNotification.uasset" 237
"../../../Anthrocratos_UE4/Content/Blueprints/Tiles/Biomes/BiomeTypes.uasset" 238
"../../../Anthrocratos_UE4/Content/Blueprints/Tiles/Buildings/BuildingsDataStructure.uasset" 239
"../../../Anthrocratos_UE4/Content/Blueprints/Tiles/Buildings/BuildingsData.uasset" 240
"../../../Anthrocratos_UE4/Content/Blueprints/UI/UpgradeBuildingUI.uasset" 241
"../../../Anthrocratos_UE4/Content/StarterContent/Shapes/Shape_Cone.uasset" 242
"../../../Anthrocratos_UE4/Content/Blueprints/Tiles/Buildings/Building.uasset" 243
"../../../Anthrocratos_UE4/Content/Blueprints/Gameplay/iStatsAndFlows.uasset" 244
"../../../Anthrocratos_UE4/Content/Blueprints/Gameplay/PlayerStatsMain.uasset" 245
"../../../Anthrocratos_UE4/Content/Blueprints/Gamemodes/AnthroGameMode.uasset" 246
"../../../Anthrocratos_UE4/Content/Art/UI/BIOMASS.uasset" 247
"../../../Anthrocratos_UE4/Content/Art/UI/FARM.uasset" 248
"../../../Anthrocratos_UE4/Content/Art/UI/LANDFILL.uasset" 249
"../../../Anthrocratos_UE4/Content/Blueprints/UI/HUD_Main.uasset" 250
"../../../Anthrocratos_UE4/Content/Blueprints/Gameplay/MainController.uasset" 251
"../../../Anthrocratos_UE4/Content/Art/Models/Biomes/initialShadingGroup.uasset" 252
"../../../Anthrocratos_UE4/Content/Art/Models/Biomes/Tile_base.uasset" 253
"../../../Anthrocratos_UE4/Content/Blueprints/Tiles/Biomes/HexTileBasic.uasset" 254
"../../../Anthrocratos_UE4/Content/Blueprints/HexTileBasic.uasset" 255
"../../../Anthrocratos_UE4/Content/Levels/Kieran-Test2.umap" 256
"../../../Anthrocratos_UE4/Content/Blueprints/Gameplay/CameraMovement.uasset" 257
"../../../Anthrocratos_UE4/Content/StarterContent/Shapes/Shape_Cylinder.uasset" 258
"../../../Anthrocratos_UE4/Content/Blueprints/Tiles/Buildings/FossilBasedEnergy.uasset" 259
"../../../Anthrocratos_UE4/Content/Art/Models/Buildings/NuclearPowerPlant/nuclear_diffuse2.uasset" 260
"../../../Anthrocratos_UE4/Content/Art/Models/Buildings/NuclearPowerPlant/nuclear_diffuse.uasset" 261
"../../../Anthrocratos_UE4/Content/Art/Models/Buildings/NuclearPowerPlant/nuclear_reactor_final.uasset" 262
"../../../Anthrocratos_UE4/Content/Blueprints/Tiles/Buildings/NuclearPower.uasset" 263
"../../../Anthrocratos_UE4/Content/StarterContent/Architecture/Pillar_50x500.uasset" 264
"../../../Anthrocratos_UE4/Content/Blueprints/Tiles/Buildings/SolarPanels.uasset" 265
"../../../Anthrocratos_UE4/Content/Blueprints/Tiles/Buildings/Windmills.uasset" 266
"../../../Anthrocratos_UE4/Content/Art/Models/Biomes/DesertTileMat.uasset" 267
"../../../Anthrocratos_UE4/Content/Blueprints/Tiles/Buildings/Biomass.uasset" 268
"../../../Anthrocratos_UE4/Content/Blueprints/Tiles/Buildings/BatteryCagedLivestock.uasset" 269
"../../../Anthrocratos_UE4/Content/Blueprints/Tiles/Buildings/Free-RangeLivestock.uasset" 270
"../../../Anthrocratos_UE4/Content/Blueprints/Tiles/Buildings/IntensiveFarming.uasset" 271
"../../../Anthrocratos_UE4/Content/Art/Models/Buildings/OrganicCropFarm/Material__15.uasset" 272
"../../../Anthrocratos_UE4/Content/Art/Models/Buildings/OrganicCropFarm/Material__117.uasset" 273
"../../../Anthrocratos_UE4/Content/Art/Models/Buildings/OrganicCropFarm/Material__2.uasset" 274
"../../../Anthrocratos_UE4/Content/Art/Models/Buildings/OrganicCropFarm/Material__2005.uasset" 275
"../../../Anthrocratos_UE4/Content/Art/Models/Buildings/OrganicCropFarm/Material__2006.uasset" 276
"../../../Anthrocratos_UE4/Content/Art/Models/Buildings/OrganicCropFarm/Material__2007.uasset" 277
"../../../Anthrocratos_UE4/Content/Art/Models/Buildings/OrganicCropFarm/Material__2008.uasset" 278
"../../../Anthrocratos_UE4/Content/Art/Models/Buildings/OrganicCropFarm/Material__2009.uasset" 279
"../../../Anthrocratos_UE4/Content/Art/Models/Buildings/OrganicCropFarm/Material__2010.uasset" 280
"../../../Anthrocratos_UE4/Content/Art/Models/Buildings/OrganicCropFarm/Material__3.uasset" 281
"../../../Anthrocratos_UE4/Content/Art/Models/Buildings/OrganicCropFarm/Material__94.uasset" 282
"../../../Anthrocratos_UE4/Content/Art/Models/Buildings/OrganicCropFarm/organic_crop_farm.uasset" 283
"../../../Anthrocratos_UE4/Content/Blueprints/Tiles/Buildings/OrganicFarm.uasset" 284
"../../../Anthrocratos_UE4/Content/Art/Models/Biomes/ForestTileMat.uasset" 285
"../../../Anthrocratos_UE4/Content/Blueprints/Tiles/Buildings/Farm.uasset" 286
"../../../Anthrocratos_UE4/Content/StarterContent/Shapes/Shape_NarrowCapsule.uasset" 287
"../../../Anthrocratos_UE4/Content/Blueprints/Tiles/Buildings/Incinerator.uasset" 288
"../../../Anthrocratos_UE4/Content/Blueprints/Tiles/Buildings/RecyclingCentre.uasset" 289
"../../../Anthrocratos_UE4/Content/Blueprints/Tiles/Buildings/Landfill.uasset" 290
"../../../Anthrocratos_UE4/Content/Blueprints/Tiles/TileRow.uasset" 291
"../../../Anthrocratos_UE4/Content/Blueprints/Tiles/Biomes/DesertTile.uasset" 292
"../../../Anthrocratos_UE4/Content/Art/Models/Biomes/FieldTileMat.uasset" 293
"../../../Anthrocratos_UE4/Content/Blueprints/Tiles/Biomes/FieldTile.uasset" 294
"../../../Anthrocratos_UE4/Content/Blueprints/Tiles/Biomes/ForestTile.uasset" 295
"../../../Anthrocratos_UE4/Content/Art/Models/Biomes/mountain_diffuse_origami.uasset" 296
"../../../Anthrocratos_UE4/Content/Art/Models/Biomes/Mountain_mat.uasset" 297
"../../../Anthrocratos_UE4/Content/Art/Models/Biomes/mountain.uasset" 298
"../../../Anthrocratos_UE4/Content/Blueprints/Tiles/Biomes/MountainTile.uasset" 299
"../../../Anthrocratos_UE4/Content/Blueprints/Tiles/Buildings/CityCentre.uasset" 300
"../../../Anthrocratos_UE4/Content/Blueprints/Tiles/GameTileSpawner.uasset" 301
"../../../Engine/Content/Functions/Engine_MaterialFunctions02/Utility/MakeFloat4.uasset" 302
"../../../Anthrocratos_UE4/Content/Art/PostProcessing/ItemHighlight.uasset" 303
"../../../Anthrocratos_UE4/Content/Levels/David-Test.umap" 304
"../../../Anthrocratos_UE4/Content/Blueprints/UI/Tooltip.uasset" 305
"../../../Anthrocratos_UE4/Content/Blueprints/UI/HUD_Test.uasset" 306
"../../../Anthrocratos_UE4/Content/Blueprints/Other/WalkTest.uasset" 307
"../../../Anthrocratos_UE4/Content/Blueprints/WalkTest.uasset" 308
"../../../Engine/Content/BasicShapes/BasicShapeMaterial.uasset" 309
"../../../Engine/Content/EngineMaterials/DefaultMaterial.uasset" 310
"../../../Engine/Content/BasicShapes/Cylinder.uasset" 311
"../../../Engine/Content/MapTemplates/SM_Template_Map_Floor.uasset" 312
"../../../Anthrocratos_UE4/Content/Levels/Jordan-Test.umap" 313
"../../../Engine/Content/EngineMaterials/DefaultDiffuse.uasset" 314
"../../../Engine/Content/EngineMaterials/DefaultNormal.uasset" 315
"../../../Engine/Content/Maps/Entry.umap" 316
"../../../Anthrocratos_UE4/Content/Art/Models/Biomes/HillsTileMat.uasset" 317
"../../../Anthrocratos_UE4/Content/Blueprints/Tiles/Biomes/Hills.uasset" 318
"../../../Anthrocratos_UE4/Content/Levels/Kieran-Test.umap" 319
"../../../Anthrocratos_UE4/Content/StarterContent/Maps/Minimal_Default.umap" 320
"../../../Engine/Content/EngineFonts/Roboto.uasset" 321
"../../../Engine/Content/Functions/Engine_MaterialFunctions01/Shading/PowerToRoughness.uasset" 322
"../../../Engine/Content/Functions/Engine_MaterialFunctions01/Shading/ConvertFromDiffSpec.uasset" 323
"../../../Engine/Content/EngineMaterials/DefaultDeferredDecalMaterial.uasset" 324
"../../../Engine/Content/EngineMaterials/DefaultLightFunctionMaterial.uasset" 325
"../../../Engine/Content/Functions/Engine_MaterialFunctions02/Utility/BreakOutFloat2Components.uasset" 326
"../../../Engine/Content/EngineMaterials/DefaultPostProcessMaterial.uasset" 327
"../../../Engine/Content/EngineResources/DefaultTexture.uasset" 328
"../../../Engine/Content/Functions/Engine_MaterialFunctions02/Texturing/ScreenAlignedUVs.uasset" 329
"../../../Engine/Content/EngineResources/WhiteSquareTexture.uasset" 330
"../../../Engine/Content/EngineMaterials/Widget3DPassThrough.uasset" 331
"../../../Engine/Content/EngineMaterials/Widget3DPassThrough_Translucent.uasset" 332
"../../../Engine/Content/EngineMaterials/Widget3DPassThrough_Translucent_OneSided.uasset" 333
"../../../Engine/Content/EngineMaterials/Widget3DPassThrough_Opaque.uasset" 334
"../../../Engine/Content/EngineMaterials/Widget3DPassThrough_Opaque_OneSided.uasset" 335
"../../../Engine/Content/EngineMaterials/Widget3DPassThrough_Masked.uasset" 336
"../../../Engine/Content/EngineMaterials/Widget3DPassThrough_Masked_OneSided.uasset" 337
"../../../Engine/Content/EditorResources/S_Actor.uasset" 338
"../../../Engine/Content/Maps/Templates/Thumbnails/Default.uasset" 339
"../../../Engine/Content/EditorMaterials/ParticleSystems/PSysThumbnail_NoImage.uasset" 340
"../../../Engine/Content/EditorMaterials/ParticleSystems/PSysThumbnail_OOD.uasset" 341
"../../../Engine/Content/EditorLandscapeResources/DataLayer.uasset" 342
"../../../Engine/Content/EngineDamageTypes/DmgTypeBP_Environmental.uasset" 343
"../../../Engine/Content/EngineMeshes/Sphere.uasset" 344
"../../../Engine/Content/EngineMaterials/DefaultTextMaterialOpaque.uasset" 345
"../../../Engine/Content/EditorResources/S_Trigger.uasset" 346
"../../../Engine/Content/EngineResources/GradientTexture0.uasset" 347
"../../../Engine/Content/EngineResources/Black.uasset" 348
"../../../Engine/Content/EditorMaterials/MatineeGroups/MAT_Groups_Float.uasset" 349
"../../../Engine/Content/EditorMaterials/MatineeGroups/MAT_Groups_Director.uasset" 350
"../../../Engine/Content/EditorMaterials/MatineeGroups/MAT_Groups_Event.uasset" 351
"../../../Engine/Content/EditorMaterials/MatineeGroups/MAT_Groups_Anim.uasset" 352
"../../../Engine/Content/EditorMaterials/MatineeGroups/MAT_Groups_Fade.uasset" 353
"../../../Engine/Content/EditorMaterials/MatineeGroups/MAT_Groups_Move.uasset" 354
"../../../Engine/Content/EditorMaterials/MatineeGroups/MAT_Groups_Slomo.uasset" 355
"../../../Engine/Content/EditorMaterials/MatineeGroups/MAT_ColorTrack.uasset" 356
"../../../Engine/Content/EditorMaterials/MAT_Groups_Toggle.uasset" 357
"../../../Engine/Content/EditorMaterials/MatineeGroups/MAT_Groups_AudioMaster.uasset" 358
"../../../Engine/Content/EditorMaterials/MatineeGroups/MAT_Groups_Sound.uasset" 359
"../../../Engine/Content/EditorMaterials/MatineeGroups/MAT_Groups_Vector.uasset" 360
"../../../Engine/Content/EditorMaterials/MAT_Groups_Visibility.uasset" 361
"../../../Engine/Content/EngineResources/DefaultTextureCube.uasset" 362
"../../../Engine/Content/EngineMeshes/Cylinder.uasset" 363
"../../../Engine/Content/EngineTireTypes/DefaultTireType.uasset" 364
"../../../Engine/Content/EngineResources/AICON-Red.uasset" 365
"../../../Engine/Content/EngineResources/AICON-Green.uasset" 366
"../../../Engine/Content/Tutorial/Basics/LevelEditorAttract.uasset" 367
"../../../Engine/Content/Tutorial/BlueprintTutorials/TutorialAssets/Blueprint_64x.uasset" 368
"../../../Engine/Content/Tutorial/BlueprintTutorials/BlueprintEditorTutorial.uasset" 369
"../../../Engine/Content/Tutorial/Basics/TutorialAssets/icon_tab_Levels_40x.uasset" 370
"../../../Engine/Content/Tutorial/Basics/LevelEditorOverview.uasset" 371
"../../../Engine/Content/Tutorial/ContentIntroCurve.uasset" 372
"../../../Engine/Plugins/2D/Paper2D/Content/PlaceholderTextures/DummySpriteTexture.uasset" 373
"../../../Engine/Plugins/2D/Paper2D/Content/DefaultSpriteMaterial.uasset" 374
"../../../Engine/Plugins/2D/Paper2D/Content/MaskedUnlitSpriteMaterial.uasset" 375
"../../../Engine/Plugins/2D/Paper2D/Content/OpaqueUnlitSpriteMaterial.uasset" 376
"../../../Engine/Plugins/2D/Paper2D/Content/DummySpriteTexture.uasset" 377
"../../../Engine/Plugins/2D/Paper2D/Content/DummySprite.uasset" 378
"../../../Engine/Plugins/2D/Paper2D/Content/DefaultPaperTerrainMaterial.uasset" 379
"../../../Engine/Plugins/Runtime/LeapMotionController/Content/LM_CapsuleMesh.uasset" 380
"../../../Engine/Plugins/Runtime/LeapMotionController/Content/LM_TorusMesh.uasset" 381
"../../../Engine/Plugins/Runtime/LeapMotionController/Content/LM_HandColor.uasset" 382
"../../../Engine/Plugins/Runtime/LeapMotionController/Content/LM_SampleDistortion.uasset" 383
"../../../Engine/Plugins/Runtime/LeapMotionController/Content/LM_TestTexture.uasset" 384
"../../../Engine/Plugins/Runtime/LeapMotionController/Content/LM_PassthroughMaterial.uasset" 385
"../../../Engine/Content/BasicShapes/Cube.uasset" 386
"../../../Engine/Content/EngineMaterials/RemoveSurfaceMaterial.uasset" 387
"../../../Engine/Content/EngineDebugMaterials/DebugMeshMaterial.uasset" 388
"../../../Engine/Content/EngineMaterials/InvalidLightmapSettings.uasset" 389
"../../../Engine/Content/EngineMaterials/M_InvalidLightmapSettings.uasset" 390
"../../../Engine/Content/EditorMaterials/GizmoMaterial.uasset" 391
"../../../Engine/Content/EngineMaterials/Good64x64TilingNoiseHighFreq.uasset" 392
"../../../Engine/Content/EngineMaterials/DefaultBokeh.uasset" 393
"../../../Engine/Content/EngineMaterials/PreintegratedSkinBRDF.uasset" 394
"../../../Engine/Content/EngineMaterials/MiniFont.uasset" 395
"../../../Engine/Content/EngineMaterials/WeightMapPlaceholderTexture.uasset" 396
"../../../Engine/Content/EngineMaterials/DefaultWhiteGrid.uasset" 397
"../../../Engine/Content/EngineMaterials/DefaultPhysicalMaterial.uasset" 398
"../../../Engine/Content/EngineFonts/RobotoTiny.uasset" 399
"../../../Engine/Content/EditorResources/AudioIcons/S_AudioComponent_AutoActivate.uasset" 400
"../../../Engine/Content/EditorResources/EmptyActor.uasset" 401
"../../../Engine/Content/MobileResources/HUD/MobileHUDButton2_on.uasset" 402
"../../../Engine/Content/MobileResources/HUD/MobileHUDDirectionPad2.uasset" 403
"../../../Anthrocratos_UE4/Content/StarterContent/Materials/M_ColorGrid_LowSpec.uasset" 404
"../../../Anthrocratos_UE4/Content/Art/PostProcessing/ItemHighlighted.uasset" 405
"../../../Anthrocratos_UE4/Content/Art/Models/Biomes/MountainTile.uasset" 406
"../../../Engine/Content/MobileResources/HUD/MobileHUDButtonFire.uasset" 407
"../../../Anthrocratos_UE4/Content/StarterContent/Shapes/Shape_Wedge_A.uasset" 408
"../../../Anthrocratos_UE4/Content/StarterContent/Shapes/Shape_Tube.uasset" 409
"../../../Anthrocratos_UE4/Content/StarterContent/Shapes/Shape_TriPyramid.uasset" 410
"../../../Anthrocratos_UE4/Content/StarterContent/Shapes/Shape_Trim_90_Out.uasset" 411
"../../../Anthrocratos_UE4/Content/StarterContent/Shapes/Shape_Trim_90_In.uasset" 412
"../../../Anthrocratos_UE4/Content/StarterContent/Shapes/Shape_Trim.uasset" 413
"../../../Anthrocratos_UE4/Content/StarterContent/Shapes/Shape_Torus.uasset" 414
"../../../Anthrocratos_UE4/Content/StarterContent/Shapes/Shape_WideCapsule.uasset" 415
"../../../Anthrocratos_UE4/Content/StarterContent/Shapes/Shape_Wedge_B.uasset" 416
"../../../Engine/Content/EditorMaterials/PhAT_JointLimitMaterial.uasset" 417
"../../../Engine/Content/EditorMaterials/PreviewShadowIndicator.uasset" 418
"../../../Engine/Content/EditorMaterials/PreviewShadowIndicatorMaterial.uasset" 419
"../../../Engine/Content/EditorResources/BSPVertex.uasset" 420
"../../../Engine/Content/EditorResources/AudioIcons/S_AudioComponent.uasset" 421
"../../../Engine/Content/EditorResources/LightIcons/S_LightError.uasset" 422
"../../../Engine/Content/EngineDebugMaterials/HeatmapGradient.uasset" 423
"../../../Engine/Content/EngineDebugMaterials/BoneWeightMaterial.uasset" 424
"../../../Engine/Content/EngineDebugMaterials/GeomMaterial.uasset" 425
"../../../Engine/Content/EngineMaterials/EditorBrushMaterial.uasset" 426
"../../../Engine/Content/MobileResources/T_MobileControls_texture.uasset" 427
"../../../Engine/Content/MobileResources/T_MobileMenu2.uasset" 428
"../../../Engine/Content/MobileResources/HUD/AnalogHat.uasset" 429
"../../../Engine/Content/MobileResources/HUD/VirtualJoystick_Background.uasset" 430
"../../../Engine/Content/MobileResources/HUD/VirtualJoystick_Thumb.uasset" 431
"../../../Engine/Content/MobileResources/HUD/DefaultVirtualJoysticks.uasset" 432
"../../../Engine/Content/MobileResources/HUD/LeftVirtualJoystickOnly.uasset" 433
"../../../Engine/Content/MobileResources/HUD/MobileHUDButton1_off.uasset" 434
"../../../Engine/Content/MobileResources/HUD/MobileHUDButton1_on.uasset" 435
"../../../Engine/Content/MobileResources/HUD/MobileHUDButton2_off.uasset" 436
"../../../Engine/Content/MobileResources/HUD/MobileHUDButton3.uasset" 437
"../../../Engine/Content/MobileResources/HUD/MobileHUDDirectionPad.uasset" 438
"../../../Engine/Content/MobileResources/HUD/MobileHUDDirectionPad3.uasset" 439
"../../../Engine/Content/MobileResources/HUD/MobileHUDDirectionStick.uasset" 440
"../../../Engine/Content/MobileResources/HUD/T_Castle_ThumbstickInner.uasset" 441
"../../../Engine/Content/MobileResources/HUD/T_Castle_ThumbstickOutter.uasset" 442
"../../../Engine/Content/Tutorial/BlueprintTutorials/TutorialAssets/BlueprintInterface_64x.uasset" 443
"../../../Engine/Content/Tutorial/BlueprintTutorials/TutorialAssets/Tutorial_BP_Interface.uasset" 444
"../../../Engine/Content/Tutorial/BlueprintTutorials/BlueprintInterfacesEditorOverview.uasset" 445
"../../../Engine/Content/Tutorial/BlueprintTutorials/TutorialAssets/BlueprintMacroLibrary_64x.uasset" 446
"../../../Engine/Content/Tutorial/BlueprintTutorials/TutorialAssets/Tutorial_BP_MacroLib.uasset" 447
"../../../Engine/Content/Tutorial/BlueprintTutorials/BlueprintMacroLibrariesEditorOverview.uasset" 448
"../../../Engine/Content/Tutorial/BlueprintTutorials/LevelBlueprintEditorOverview.uasset" 449
"../../../Engine/Content/Tutorial/Foliage/TutorialAssets/Foliage.uasset" 450
"../../../Engine/Content/Tutorial/Foliage/Foliage_Settings_Tutorial.uasset" 451
"../../../Engine/Content/Tutorial/Foliage/Foliage_Using_The_Tool_Tutorial.uasset" 452
"../../../Engine/Content/Tutorial/Foliage/Foliage_Intro_Tutorial.uasset" 453
"../../../Engine/Content/Tutorial/Landscape/TutorialAssets/Landscape.uasset" 454
"../../../Engine/Content/Tutorial/Landscape/Landscape_Painting_Mode.uasset" 455
"../../../Engine/Content/Tutorial/Landscape/Landscape_Sculpt_Mode.uasset" 456
"../../../Engine/Content/Tutorial/Landscape/Landscape_Manage_Mode.uasset" 457
"../../../Engine/Content/Tutorial/Paper2D/TutorialAssets/Paper2DFlipbook_TutorialIcon.uasset" 458
"../../../Engine/Content/Tutorial/Paper2D/FlipbookEditorTutorial.uasset" 459
"../../../Engine/Content/Tutorial/Paper2D/TutorialAssets/Paper2DSprite_TutorialIcon.uasset" 460
"../../../Engine/Content/Tutorial/Paper2D/SpriteEditorTutorial.uasset" 461
"../../../Engine/Content/EditorMeshes/EditorCube.uasset" 462
"../../../Engine/Content/Tutorial/SubEditors/TutorialAssets/Tutorial_DM.uasset" 463
"../../../Engine/Content/Tutorial/SubEditors/DestructibleMeshEditorTutorial.uasset" 464
"../../../Engine/Content/Tutorial/SubEditors/TutorialAssets/TutorialMaterial.uasset" 465
"../../../Engine/Content/Tutorial/SubEditors/MaterialEditorTutorial.uasset" 466
"../../../Engine/Content/Tutorial/SubEditors/TutorialAssets/T_SmokeSubUV_8X8.uasset" 467
"../../../Engine/Content/Tutorial/SubEditors/TutorialAssets/T_soft_smoke.uasset" 468
"../../../Engine/Content/Tutorial/SubEditors/TutorialAssets/M_smoke_subUV_blackbody.uasset" 469
"../../../Engine/Content/Tutorial/SubEditors/TutorialAssets/TutorialParticleSystem.uasset" 470
"../../../Engine/Content/Tutorial/SubEditors/ParticleSystemEditorTutorial.uasset" 471
"../../../Engine/Content/Tutorial/SubEditors/TutorialAssets/icon_ShowSkeletalMeshes_40x.uasset" 472
"../../../Engine/Content/Tutorial/SubEditors/TutorialAssets/Character/TutorialTPP_Mat.uasset" 473
"../../../Engine/Content/Tutorial/SubEditors/TutorialAssets/Character/TutorialTPP_PhysicsAsset.uasset" 474
"../../../Engine/Content/Tutorial/SubEditors/TutorialAssets/Character/TutorialTPP.uasset" 475
"../../../Engine/Content/Tutorial/SubEditors/TutorialAssets/Character/TutorialTPP_Skeleton.uasset" 476
"../../../Engine/Content/Tutorial/SubEditors/TutorialAssets/Character/Tutorial_Idle.uasset" 477
"../../../Engine/Content/Tutorial/SubEditors/TutorialAssets/Character/Tutorial_Walk_Fwd.uasset" 478
"../../../Engine/Content/Tutorial/SubEditors/TutorialAssets/Character/NewBlendSpace1D.uasset" 479
"../../../Engine/Content/Tutorial/SubEditors/TutorialAssets/Character/TutorialCharacter.uasset" 480
"../../../Engine/Content/Tutorial/SubEditors/TutorialAssets/Character/TutorialTPP_AnimBlueprint.uasset" 481
"../../../Engine/Content/Tutorial/SubEditors/PersonaAnimBlueprintEditorWalkthrough.uasset" 482
"../../../Engine/Content/Tutorial/SubEditors/PersonaAnimEditorWalkthrough.uasset" 483
"../../../Engine/Content/EngineMeshes/Cube.uasset" 484
"../../../Engine/Content/Tutorial/SubEditors/StaticMeshEditorTutorial.uasset" 485
"../../../Engine/Content/Tutorial/SubEditors/TutorialAssets/icon_Editor_Preferences_General_40x.uasset" 486
"../../../Anthrocratos_UE4/Content/Art/Models/Biomes/BaseMat.uasset" 487
"../../../Anthrocratos_UE4/Content/Art/Models/Biomes/base_tile_fixed.uasset" 488
"../../../Anthrocratos_UE4/Content/Art/Models/Biomes/Material__142.uasset" 489
"../../../Anthrocratos_UE4/Content/Art/Models/Biomes/Material__154.uasset" 490
"../../../Anthrocratos_UE4/Content/Art/Models/Biomes/Material__60.uasset" 491
"../../../Anthrocratos_UE4/Content/Art/Models/Biomes/Material__61.uasset" 492
"../../../Anthrocratos_UE4/Content/Art/Models/Biomes/Material__62.uasset" 493
"../../../Anthrocratos_UE4/Content/Art/Models/Biomes/coast_tile.uasset" 494
"../../../Anthrocratos_UE4/Content/Art/Models/Biomes/mountain_diffuse_map.uasset" 495
"../../../Anthrocratos_UE4/Content/Art/Models/Biomes/mountain_UV.uasset" 496
"../../../Anthrocratos_UE4/Content/Art/Models/Biomes/UV_Map.uasset" 497
"../../../Anthrocratos_UE4/Content/Art/Models/Buildings/industrailFarms/BaseMat.uasset" 498
"../../../Anthrocratos_UE4/Content/Art/Models/Buildings/industrailFarms/large_chimney_1Mat.uasset" 499
"../../../Anthrocratos_UE4/Content/Art/Models/Buildings/industrailFarms/large_chimney_2Mat.uasset" 500
"../../../Anthrocratos_UE4/Content/Art/Models/Buildings/industrailFarms/Main_FactoryMat.uasset" 501
"../../../Anthrocratos_UE4/Content/Art/Models/Buildings/industrailFarms/middle_chimney_003Mat.uasset" 502
"../../../Anthrocratos_UE4/Content/Art/Models/Buildings/industrailFarms/small_chimney_002Mat.uasset" 503
"../../../Anthrocratos_UE4/Content/Art/Models/Buildings/industrailFarms/small_chimney_1Mat.uasset" 504
"../../../Anthrocratos_UE4/Content/Art/Models/Buildings/industrailFarms/van_002Mat.uasset" 505
"../../../Anthrocratos_UE4/Content/Art/Models/Buildings/industrailFarms/van_003Mat.uasset" 506
"../../../Anthrocratos_UE4/Content/Art/Models/Buildings/industrailFarms/van_004Mat.uasset" 507
"../../../Anthrocratos_UE4/Content/Art/Models/Buildings/industrailFarms/van_1Mat.uasset" 508
"../../../Anthrocratos_UE4/Content/Art/Models/Buildings/industrailFarms/wheel_003Mat.uasset" 509
"../../../Anthrocratos_UE4/Content/Art/Models/Buildings/industrailFarms/wheel_004Mat.uasset" 510
"../../../Anthrocratos_UE4/Content/Art/Models/Buildings/industrailFarms/wheel_005Mat.uasset" 511
"../../../Anthrocratos_UE4/Content/Art/Models/Buildings/industrailFarms/wheel_006Mat.uasset" 512
"../../../Anthrocratos_UE4/Content/Art/Models/Buildings/industrailFarms/wheel_007Mat.uasset" 513
"../../../Anthrocratos_UE4/Content/Art/Models/Buildings/industrailFarms/wheel_008Mat.uasset" 514
"../../../Anthrocratos_UE4/Content/Art/Models/Buildings/industrailFarms/wheel_009Mat.uasset" 515
"../../../Anthrocratos_UE4/Content/Art/Models/Buildings/industrailFarms/wheel_010Mat.uasset" 516
"../../../Anthrocratos_UE4/Content/Art/Models/Buildings/industrailFarms/wheel_011Mat.uasset" 517
"../../../Anthrocratos_UE4/Content/Art/Models/Buildings/industrailFarms/wheel_012Mat.uasset" 518
"../../../Anthrocratos_UE4/Content/Art/Models/Buildings/industrailFarms/wheel_013Mat.uasset" 519
"../../../Anthrocratos_UE4/Content/Art/Models/Buildings/industrailFarms/wheel_014Mat.uasset" 520
"../../../Anthrocratos_UE4/Content/Art/Models/Buildings/industrailFarms/wheel_015Mat.uasset" 521
"../../../Anthrocratos_UE4/Content/Art/Models/Buildings/industrailFarms/wheel_016Mat.uasset" 522
"../../../Anthrocratos_UE4/Content/Art/Models/Buildings/industrailFarms/wheel_1Mat.uasset" 523
"../../../Anthrocratos_UE4/Content/Art/Models/Buildings/industrailFarms/wheel_2Mat.uasset" 524
"../../../Anthrocratos_UE4/Content/Art/Models/Buildings/industrailFarms/Industrial_Farm.uasset" 525
"../../../Anthrocratos_UE4/Content/Art/Models/Buildings/Windmills/BaseMat.uasset" 526
"../../../Anthrocratos_UE4/Content/Art/Models/Buildings/Windmills/Cylinder002Mat.uasset" 527
"../../../Anthrocratos_UE4/Content/Art/Models/Buildings/Windmills/Cylinder003Mat.uasset" 528
"../../../Anthrocratos_UE4/Content/Art/Models/Buildings/Windmills/Cylinder004Mat.uasset" 529
"../../../Anthrocratos_UE4/Content/Art/Models/Buildings/Windmills/Cylinder005Mat.uasset" 530
"../../../Anthrocratos_UE4/Content/Art/Models/Buildings/Windmills/Cylinder006Mat.uasset" 531
"../../../Anthrocratos_UE4/Content/Art/Models/Buildings/Windmills/Cylinder007Mat.uasset" 532
"../../../Anthrocratos_UE4/Content/Art/Models/Buildings/Windmills/Cylinder008Mat.uasset" 533
"../../../Anthrocratos_UE4/Content/Art/Models/Buildings/Windmills/plane1Mat.uasset" 534
"../../../Anthrocratos_UE4/Content/Art/Models/Buildings/Windmills/windmill_farm.uasset" 535
"../../../Anthrocratos_UE4/Content/Art/Models/Other/TestTile.uasset" 536
"../../../Anthrocratos_UE4/Content/Art/Models/Other/Material__47.uasset" 537
"../../../Anthrocratos_UE4/Content/Art/Models/Other/test_tree.uasset" 538
"../../../Anthrocratos_UE4/Content/Art/UI/SelectionCircle.uasset" 539
"../../../Anthrocratos_UE4/Content/Art/UI/SC_mat.uasset" 540
"../../../Anthrocratos_UE4/Content/Blueprints/AnthroGameMode.uasset" 541
"../../../Anthrocratos_UE4/Content/Blueprints/CameraMovement.uasset" 542
"../../../Anthrocratos_UE4/Content/Blueprints/GameTileSpawner.uasset" 543
"../../../Anthrocratos_UE4/Content/Blueprints/AI/AI_Blackboard.uasset" 544
"../../../Anthrocratos_UE4/Content/Blueprints/AI/AI_Behaviour.uasset" 545
"../../../Anthrocratos_UE4/Content/Blueprints/AI/AI_Controller.uasset" 546
"../../../Anthrocratos_UE4/Content/Blueprints/AI/BTService_BlueprintBase_New.uasset" 547
"../../../Anthrocratos_UE4/Content/Blueprints/Gamemodes/AnthroCratosGamemode.uasset" 548
"../../../Anthrocratos_UE4/Content/Blueprints/Tiles/Biomes/WaterTile.uasset" 549
"../../../Anthrocratos_UE4/Content/Blueprints/UI/BuildingUI.uasset" 550
"../../../Anthrocratos_UE4/Content/StarterContent/Architecture/Wall_400x300.uasset" 551
"../../../Anthrocratos_UE4/Content/StarterContent/Architecture/Wall_400x400.uasset" 552
"../../../Anthrocratos_UE4/Content/StarterContent/Architecture/Wall_500x500.uasset" 553
"../../../Anthrocratos_UE4/Content/StarterContent/Architecture/Wall_Door_400x400.uasset" 554
"../../../Anthrocratos_UE4/Content/StarterContent/Architecture/Wall_Window_400x400.uasset" 555
"../../../Anthrocratos_UE4/Content/StarterContent/Audio/Light01.uasset" 556
"../../../Anthrocratos_UE4/Content/StarterContent/Audio/Light01_Cue.uasset" 557
"../../../Anthrocratos_UE4/Content/StarterContent/Audio/Light02.uasset" 558
"../../../Anthrocratos_UE4/Content/StarterContent/Audio/Light02_Cue.uasset" 559
"../../../Anthrocratos_UE4/Content/StarterContent/Audio/Explosion01.uasset" 560
"../../../Anthrocratos_UE4/Content/StarterContent/Audio/Explosion02.uasset" 561
"../../../Anthrocratos_UE4/Content/StarterContent/Audio/Explosion_Cue.uasset" 562
"../../../Anthrocratos_UE4/Content/StarterContent/Textures/T_Burst_M.uasset" 563
"../../../Anthrocratos_UE4/Content/StarterContent/Particles/Materials/M_Burst.uasset" 564
"../../../Anthrocratos_UE4/Content/StarterContent/Textures/T_Explosion_SubUV.uasset" 565
"../../../Anthrocratos_UE4/Content/StarterContent/Particles/Materials/M_explosion_subUV.uasset" 566
"../../../Anthrocratos_UE4/Content/StarterContent/Particles/Materials/m_flare_01.uasset" 567
"../../../Anthrocratos_UE4/Content/StarterContent/Particles/Materials/M_radial_ramp.uasset" 568
"../../../Anthrocratos_UE4/Content/StarterContent/Particles/P_Explosion.uasset" 569
"../../../Anthrocratos_UE4/Content/StarterContent/Blueprints/Blueprint_Effect_Explosion.uasset" 570
"../../../Anthrocratos_UE4/Content/StarterContent/Textures/T_Bush_D.uasset" 571
"../../../Anthrocratos_UE4/Content/StarterContent/Textures/T_Bush_N.uasset" 572
"../../../Anthrocratos_UE4/Content/StarterContent/Props/Materials/M_Bush.uasset" 573
"../../../Anthrocratos_UE4/Content/StarterContent/Props/SM_Bush.uasset" 574
"../../../Anthrocratos_UE4/Content/StarterContent/Props/SM_Couch.uasset" 575
"../../../Anthrocratos_UE4/Content/StarterContent/Textures/T_Door_M.uasset" 576
"../../../Anthrocratos_UE4/Content/StarterContent/Textures/T_Door_N.uasset" 577
"../../../Anthrocratos_UE4/Content/StarterContent/Props/Materials/M_Door.uasset" 578
"../../../Anthrocratos_UE4/Content/StarterContent/Props/SM_Door.uasset" 579
"../../../Anthrocratos_UE4/Content/StarterContent/Props/Materials/M_MaterialSphere.uasset" 580
"../../../Anthrocratos_UE4/Content/StarterContent/Props/Materials/M_MaterialSphere_Plain.uasset" 581
"../../../Anthrocratos_UE4/Content/StarterContent/Props/SM_MatPreviewMesh_02.uasset" 582
"../../../Anthrocratos_UE4/Content/StarterContent/Textures/T_RockMesh_M.uasset" 583
"../../../Anthrocratos_UE4/Content/StarterContent/Textures/T_RockMesh_N.uasset" 584
"../../../Anthrocratos_UE4/Content/StarterContent/Props/Materials/M_Rock.uasset" 585
"../../../Anthrocratos_UE4/Content/StarterContent/Props/SM_Rock.uasset" 586
"../../../Anthrocratos_UE4/Content/StarterContent/Textures/T_Shelf_M.uasset" 587
"../../../Anthrocratos_UE4/Content/StarterContent/Textures/T_Shelf_N.uasset" 588
"../../../Anthrocratos_UE4/Content/StarterContent/Props/Materials/M_Shelf.uasset" 589
"../../../Anthrocratos_UE4/Content/StarterContent/Props/SM_Shelf.uasset" 590
"../../../Anthrocratos_UE4/Content/StarterContent/Props/SM_Stairs.uasset" 591
"../../../Anthrocratos_UE4/Content/StarterContent/Shapes/Shape_Pipe.uasset" 592
"../../../Anthrocratos_UE4/Content/StarterContent/Shapes/Shape_Pipe_180.uasset" 593
"../../../Anthrocratos_UE4/Content/StarterContent/Shapes/Shape_Pipe_90.uasset" 594
"../../../Anthrocratos_UE4/Content/StarterContent/Shapes/Shape_Plane.uasset" 595
