[2016.02.17-16.21.11:152][  0]Log file open, 02/17/16 16:21:11
[2016.02.17-16.21.11:152][  0]LogInit:Display: Running engine for game: Anthrocratos_UE4
[2016.02.17-16.21.11:152][  0]LogPlatformFile: Not using cached read wrapper
[2016.02.17-16.21.11:152][  0]LogInit:Display: RandInit(-1033426596) SRandInit(-1033426595).
[2016.02.17-16.21.11:152][  0]LogTaskGraph: Started task graph with 4 named threads and 7 total threads.
[2016.02.17-16.21.11:152][  0]LogStats: Stats thread started at 0.071796
[2016.02.17-16.21.11:152][  0]LogInit: Version: 4.10.2-2818068+++depot+UE4-Releases+4.10
[2016.02.17-16.21.11:152][  0]LogInit: API Version: 2758231
[2016.02.17-16.21.11:152][  0]LogInit: Compiled (64-bit): Jan  6 2016 17:36:42
[2016.02.17-16.21.11:152][  0]LogInit: Compiled with Visual C++: 19.00.23026.00
[2016.02.17-16.21.11:152][  0]LogInit: Build Configuration: Development
[2016.02.17-16.21.11:152][  0]LogInit: Branch Name: ++depot+UE4-Releases+4.10
[2016.02.17-16.21.11:152][  0]LogInit: Command line: 
[2016.02.17-16.21.11:152][  0]LogInit: Base directory: S:/UnrealStuff/Epic Games/4.10/Engine/Binaries/Win64/
[2016.02.17-16.21.11:152][  0]LogInit: Rocket: 1
[2016.02.17-16.21.11:158][  0]LogInit: Using libcurl 7.41.0
[2016.02.17-16.21.11:158][  0]LogInit:  - built for x86_64-pc-win32
[2016.02.17-16.21.11:158][  0]LogInit:  - supports SSL with WinSSL
[2016.02.17-16.21.11:158][  0]LogInit:  - other features:
[2016.02.17-16.21.11:158][  0]LogInit:      CURL_VERSION_SSL
[2016.02.17-16.21.11:158][  0]LogInit:      CURL_VERSION_IPV6
[2016.02.17-16.21.11:158][  0]LogInit:      CURL_VERSION_ASYNCHDNS
[2016.02.17-16.21.11:158][  0]LogInit:      CURL_VERSION_LARGEFILE
[2016.02.17-16.21.11:158][  0]LogInit:      CURL_VERSION_IDN
[2016.02.17-16.21.11:158][  0]LogInit:  CurlRequestOptions (configurable via config and command line):
[2016.02.17-16.21.11:158][  0]LogInit:  - bVerifyPeer = true  - Libcurl will verify peer certificate
[2016.02.17-16.21.11:158][  0]LogInit:  - bUseHttpProxy = false  - Libcurl will NOT use HTTP proxy
[2016.02.17-16.21.11:158][  0]LogInit:  - bDontReuseConnections = false  - Libcurl will reuse connections
[2016.02.17-16.21.11:158][  0]LogInit:  - CertBundlePath = nullptr  - Libcurl will use whatever was configured at build time.
[2016.02.17-16.21.11:162][  0]LogInit: Presizing for 0 objects not considered by GC, pre-allocating 0 bytes.
[2016.02.17-16.21.11:168][  0]LogInit: Object subsystem initialized
[2016.02.17-16.21.11:168][  0]LogInit: Selected Device Profile: [Windows]
[2016.02.17-16.21.11:168][  0]LogInit: Applying CVar settings loaded from the selected device profile: [Windows]
[2016.02.17-16.21.11:176][  0]LogInit: Computer: DAVID
[2016.02.17-16.21.11:176][  0]LogInit: User: Bigfootone
[2016.02.17-16.21.11:176][  0]LogInit: CPU Page size=4096, Cores=4
[2016.02.17-16.21.11:176][  0]LogInit: High frequency timer resolution =3.320314 MHz
[2016.02.17-16.21.11:176][  0]LogMemory: Memory total: Physical=15.9GB (16GB approx)
[2016.02.17-16.21.11:176][  0]LogMemory: Platform Memory Stats for Windows
[2016.02.17-16.21.11:176][  0]LogMemory: Process Physical Memory: 56.20 MB used, 56.20 MB peak
[2016.02.17-16.21.11:176][  0]LogMemory: Process Virtual Memory: 56.82 MB used, 56.82 MB peak
[2016.02.17-16.21.11:176][  0]LogMemory: Physical Memory: 6212.90 MB used, 16328.01 MB total
[2016.02.17-16.21.11:176][  0]LogMemory: Virtual Memory: 383.47 MB used, 134217728.00 MB total
[2016.02.17-16.21.11:208][  0]LogTextLocalizationManager: No specific translations for ('en-GB') exist, so ('en') translations will be used.
[2016.02.17-16.21.11:619][  0]LogD3D11RHI: Found D3D11 adapter 0: AMD Radeon R9 200 Series (Feature Level 11_0)
[2016.02.17-16.21.11:619][  0]LogD3D11RHI: Adapter has 4075MB of dedicated video memory, 0MB of dedicated system memory, and 8164MB of shared system memory, 2 output[s]
[2016.02.17-16.21.11:621][  0]LogD3D11RHI: Found D3D11 adapter 1: Microsoft Basic Render Driver (Feature Level 11_0)
[2016.02.17-16.21.11:621][  0]LogD3D11RHI: Adapter has 0MB of dedicated video memory, 0MB of dedicated system memory, and 8164MB of shared system memory, 0 output[s]
[2016.02.17-16.21.11:621][  0]LogD3D11RHI: Chosen D3D11 Adapter Id = 0
[2016.02.17-16.21.11:627][  0]LogD3D11RHI: !Direct3DDevice
[2016.02.17-16.21.11:627][  0]LogRHI: Texture pool is 1361 MB (70% of 1945 MB)
[2016.02.17-16.21.11:635][  0]LogD3D11RHI: Async texture creation disabled: no driver support
[2016.02.17-16.21.11:648][  0]LogShaderCompilers: Guid format shader working directory is 1 characters bigger than the processId version (../../../../../../Anthrocratos/Anthrocratos_UE4/Intermediate/Shaders/WorkingDirectory/31160/).
[2016.02.17-16.21.11:648][  0]LogShaderCompilers: Cleaned the shader compiler working directory 'C:/Users/BIGFOO~1/AppData/Local/Temp/UnrealShaderWorkingDir/770455754A91725EE6B4F398A2495C93/'.
[2016.02.17-16.21.11:648][  0]LogShaderCompilers:Display: Using Local Shader Compiler.
[2016.02.17-16.21.12:370][  0]LogTemp:Display: Loaded TP AllDesktopTargetPlatform
[2016.02.17-16.21.12:373][  0]LogTemp:Display: Loaded TP WindowsClientTargetPlatform
[2016.02.17-16.21.12:376][  0]LogTemp:Display: Loaded TP WindowsNoEditorTargetPlatform
[2016.02.17-16.21.12:380][  0]LogTemp:Display: Loaded TP WindowsServerTargetPlatform
[2016.02.17-16.21.12:383][  0]LogTemp:Display: Loaded TP WindowsTargetPlatform
[2016.02.17-16.21.12:385][  0]LogTemp:Display: Loaded TP AndroidTargetPlatform
[2016.02.17-16.21.12:387][  0]LogTemp:Display: Loaded TP Android_ASTCTargetPlatform
[2016.02.17-16.21.12:390][  0]LogTemp:Display: Loaded TP Android_ATCTargetPlatform
[2016.02.17-16.21.12:392][  0]LogTemp:Display: Loaded TP Android_DXTTargetPlatform
[2016.02.17-16.21.12:395][  0]LogTemp:Display: Loaded TP Android_ETC1TargetPlatform
[2016.02.17-16.21.12:398][  0]LogTemp:Display: Loaded TP Android_ETC2TargetPlatform
[2016.02.17-16.21.12:403][  0]LogTemp:Display: Loaded TP Android_MultiTargetPlatform
[2016.02.17-16.21.12:403][  0]LogTemp:Display: Loaded TP Android_PVRTCTargetPlatform
[2016.02.17-16.21.12:404][  0]LogTemp:Display: Loaded TP HTML5TargetPlatform
[2016.02.17-16.21.12:421][  0]LogTemp:Display: Loaded TP IOSTargetPlatform
[2016.02.17-16.21.12:424][  0]LogTemp:Display: Loaded TP LinuxNoEditorTargetPlatform
[2016.02.17-16.21.12:426][  0]LogTemp:Display: Loaded TP LinuxServerTargetPlatform
[2016.02.17-16.21.12:429][  0]LogTemp:Display: Loaded TP LinuxTargetPlatform
[2016.02.17-16.21.12:429][  0]LogTargetPlatformManager:Display: Building Assets For Windows
[2016.02.17-16.21.12:487][  0]LogDerivedDataCache:Display: Max Cache Size: 512 MB
[2016.02.17-16.21.12:528][  0]LogDerivedDataCache: Loaded boot cache 0.04s 41MB C:/Users/Bigfootone/AppData/Local/UnrealEngine/4.10/DerivedDataCache/Boot.ddc.
[2016.02.17-16.21.12:528][  0]LogDerivedDataCache:Display: Loaded Boot cache: C:/Users/Bigfootone/AppData/Local/UnrealEngine/4.10/DerivedDataCache/Boot.ddc
[2016.02.17-16.21.12:528][  0]LogDerivedDataCache: FDerivedDataBackendGraph:  Pak pak cache file ../../../../../../Anthrocratos/Anthrocratos_UE4/DerivedDataCache/DDC.ddp not found, will not use a pak cache.
[2016.02.17-16.21.12:528][  0]LogDerivedDataCache: Unable to find inner node Pak for hierarchical cache Hierarchy.
[2016.02.17-16.21.12:528][  0]LogDerivedDataCache: FDerivedDataBackendGraph:  CompressedPak pak cache file ../../../../../../Anthrocratos/Anthrocratos_UE4/DerivedDataCache/Compressed.ddp not found, will not use a pak cache.
[2016.02.17-16.21.12:528][  0]LogDerivedDataCache: Unable to find inner node CompressedPak for hierarchical cache Hierarchy.
[2016.02.17-16.21.12:581][  0]LogDerivedDataCache:Display: Pak cache opened for reading ../../../Engine/DerivedDataCache/Compressed.ddp.
[2016.02.17-16.21.12:593][  0]LogDerivedDataCache: Using Local data cache path C:/Users/Bigfootone/AppData/Local/UnrealEngine/Common/DerivedDataCache: Writable
[2016.02.17-16.21.12:762][  0]LogInit: Selected Device Profile: [Windows]
[2016.02.17-16.21.12:764][  0]LogContentStreaming: Texture pool size is 0.000000MB
[2016.02.17-16.21.12:855][  0]LogMeshUtilities: No automatic mesh reduction module available
[2016.02.17-16.21.12:855][  0]LogMeshUtilities: No automatic mesh merging module available
[2016.02.17-16.21.13:051][  0]LogInit: WinSock: version 1.1 (2.2), MaxSocks=32767, MaxUdp=65467
[2016.02.17-16.21.13:887][  0]UdpMessaging: Initializing bridge on interface 0.0.0.0:0 to multicast group 230.0.0.1:6666.
[2016.02.17-16.21.13:987][  0]LogAssetRegistry: FAssetRegistry took 0.0106 seconds to start up
[2016.02.17-16.21.14:134][  0]SourceControl: Info Source control is disabled
[2016.02.17-16.21.14:135][  0]SourceControl: Info Source control is disabled
[2016.02.17-16.21.14:144][  0]SourceControl: Info Source control is disabled
[2016.02.17-16.21.14:153][  0]SourceControl: Info Source control is disabled
[2016.02.17-16.21.14:362][  0]LogObj: 28637 objects as part of root set at end of initial load.
[2016.02.17-16.21.14:362][  0]LogUObjectAllocator: 6101776 out of 0 bytes used by permanent object pool.
[2016.02.17-16.21.14:410][  0]LogEngine: Initializing Engine...
[2016.02.17-16.21.14:413][  0]LogHMD: Can't find Oculus library dev build: is proper Runtime installed? Version: 0.8.0.0
[2016.02.17-16.21.14:417][  0]LogHMD: SteamVR failed to initialize.  Err: 108
[2016.02.17-16.21.14:521][  0]LogAIModule: Creating AISystem for world NewWorld
[2016.02.17-16.21.14:527][  0]LogInit: XAudio2 using 'Speakers (SteelSeries Siberia Elite)' : 2 channels at 44.1 kHz using 16 bits per sample (channel mask 0x3)
[2016.02.17-16.21.14:537][  0]LogInit: FAudioDevice initialized.
[2016.02.17-16.21.14:558][  0]LogDerivedDataCache: Saved boot cache 0.02s 41MB C:/Users/Bigfootone/AppData/Local/UnrealEngine/4.10/DerivedDataCache/Boot.ddc.
[2016.02.17-16.21.14:561][  0]LogInit: Texture streaming: Enabled
[2016.02.17-16.21.14:564][  0]LogAnalytics: Creating configured Analytics provider AnalyticsET
[2016.02.17-16.21.14:564][  0]LogAnalytics: [UEEditor.Rocket.Release] APIServer = http://et2.epicgames.com/ET2/. AppVersion = 4.10.2-2818068+++depot+UE4-Releases+4.10
[2016.02.17-16.21.14:564][  0]LogAnalytics: [UEEditor.Rocket.Release] SetUserId 6844960942a56c7664b0f6b1131f1fef|c381b92b33784ccaa7b778c4b0f76233|53524d50-4578-4787-a176-59f20f61b4e2
[2016.02.17-16.21.14:564][  0]LogAnalytics: [UEEditor.Rocket.Release] AnalyticsET::StartSession
[2016.02.17-16.21.14:573][  0]LogInit: Transaction tracking system initialized
[2016.02.17-16.21.14:589][  0]BlueprintLog: New page: Editor Load
[2016.02.17-16.21.14:636][  0]LocalizationService: Info Localization service is disabled
[2016.02.17-16.21.14:697][  0]LogConsoleResponse:Display: 
[2016.02.17-16.21.14:792][  0]LogCook:Display: Done creating registry. It took  0.00s.
[2016.02.17-16.21.14:812][  0]LogFileCache: Scanning file cache for directory 'S:/Anthrocratos/Anthrocratos_UE4/Content/' took 0.01s
[2016.02.17-16.21.14:837][  0]SourceControl: Info Source control is disabled
[2016.02.17-16.21.14:837][  0]Cmd: MAP LOAD FILE="../../../../../../Anthrocratos/Anthrocratos_UE4/Content/Levels/Kieran-Test.umap" TEMPLATE=0 SHOWPROGRESS=1 FEATURELEVEL=3
[2016.02.17-16.21.14:838][  0]LightingResults: New page: Lighting Build
[2016.02.17-16.21.14:839][  0]MapCheck: New page: Map Check
[2016.02.17-16.21.14:839][  0]LightingResults: New page: Lighting Build
[2016.02.17-16.21.14:849][  0]LogParticles: Destroying 0 GPU particle simulations for FXSystem 0x000001AD8ED32160
[2016.02.17-16.21.14:935][  0]LogBlueprint:Error: [compiler Kieran-Test] Error Spawn node  SpawnActor NONE  must have a class specified.
[2016.02.17-16.21.14:943][  0]LogBlueprint:Warning: [compiler Kieran-Test] Warning [0004.40] Compile of Kieran-Test failed. 1 Fatal Issue(s) 0 Warning(s) [in 13 ms]
[2016.02.17-16.21.14:943][  0]LogBlueprint:Warning: [compiler Kieran-Test] Warning [0004.40] Compile of Kieran-Test failed. 1 Fatal Issue(s) 1 Warning(s) [in 0 ms]
[2016.02.17-16.21.14:943][  0]LogBlueprint:Warning: [compiler Kieran-Test] Warning [0004.40] Compile of Kieran-Test failed. 1 Fatal Issue(s) 2 Warning(s) [in 0 ms]
[2016.02.17-16.21.14:950][  0]LogBlueprint:Error: [compiler Kieran-Test] Error Spawn node  SpawnActor NONE  must have a class specified.
[2016.02.17-16.21.14:959][  0]LogBlueprint:Warning: [compiler Kieran-Test] Warning [0004.42] Compile of Kieran-Test failed. 1 Fatal Issue(s) 0 Warning(s) [in 13 ms]
[2016.02.17-16.21.14:959][  0]LogBlueprint:Warning: [compiler Kieran-Test] Warning [0004.42] Compile of Kieran-Test failed. 1 Fatal Issue(s) 1 Warning(s) [in 0 ms]
[2016.02.17-16.21.14:959][  0]LogBlueprint:Warning: [compiler Kieran-Test] Warning [0004.42] Compile of Kieran-Test failed. 1 Fatal Issue(s) 2 Warning(s) [in 0 ms]
[2016.02.17-16.21.15:017][  0]LogAIModule: Creating AISystem for world Kieran-Test
[2016.02.17-16.21.15:020][  0]LogEditorServer: Finished looking for orphan Actors (0.000 secs)
[2016.02.17-16.21.15:020][  0]Cmd: MAP CHECKDEP NOCLEARLOG
[2016.02.17-16.21.15:086][  0]MapCheck: Info Map check complete: 0 Error(s), 0 Warning(s), took 66.485ms to complete.
[2016.02.17-16.21.15:086][  0]LogFileHelpers: Loading map 'Kieran-Test' took 0.249
[2016.02.17-16.21.15:193][  0]LogCollectionManager: Loaded 0 collections in 0.001114 seconds
[2016.02.17-16.21.15:235][  0]LogFileCache: Scanning file cache for directory 'S:/Anthrocratos/Anthrocratos_UE4/Saved/Collections/' took 0.01s
[2016.02.17-16.21.15:235][  0]LogFileCache: Scanning file cache for directory 'S:/Anthrocratos/Anthrocratos_UE4/Content/Developers/Bigfootone/Collections/' took 0.01s
[2016.02.17-16.21.15:235][  0]LogFileCache: Scanning file cache for directory 'S:/Anthrocratos/Anthrocratos_UE4/Content/Collections/' took 0.01s
[2016.02.17-16.21.15:235][  0]LogCollectionManager: Rebuilt the GUID cache for 0 collections in 0.000002 seconds
[2016.02.17-16.21.15:242][  0]LogContentBrowser: Native class hierarchy populated in 0.0072 seconds. Added 1894 classes and 340 folders.
[2016.02.17-16.21.15:247][  0]LogContentBrowser: Native class hierarchy updated for 'WidgetCarousel' in 0.0012 seconds. Added 0 classes and 0 folders.
[2016.02.17-16.21.15:298][  0]LogContentBrowser: Native class hierarchy updated for 'AddContentDialog' in 0.0013 seconds. Added 0 classes and 0 folders.
[2016.02.17-16.21.15:302][  0]LogContentBrowser: Native class hierarchy updated for 'SceneOutliner' in 0.0013 seconds. Added 1 classes and 2 folders.
[2016.02.17-16.21.15:341][  0]LogCrashTracker: Crashtracker disabled due to settings.
[2016.02.17-16.21.15:344][  0]LogUObjectGlobals:Warning: Failed to find object 'Class None.'
[2016.02.17-16.21.15:367][  0]LogLoad: Full Startup: 4.83 seconds (BP compile: 0.04 seconds)
[2016.02.17-16.21.15:375][  0]LogWindowsTextInputMethodSystem:Display: IME system now deactivated.
[2016.02.17-16.21.15:378][  0]LogOcInput: Can't find Oculus library dev build: is proper Runtime installed? Version: 0.8.0.0
[2016.02.17-16.21.15:436][  0]LogContentStreaming: Texture pool size now 1000 MB
[2016.02.17-16.21.15:559][  0]LogRenderer: Reallocating scene render targets to support 984x572 (Frame:2).
[2016.02.17-16.21.15:799][  1]LogFileCache: Retrieving MD5 hashes for directory 'S:/Anthrocratos/Anthrocratos_UE4/Content/' took 0.41s
[2016.02.17-16.21.15:859][  2]LogAssetRegistry: Asset discovery search completed in 1.8826 seconds
[2016.02.17-16.21.15:860][  2]LogCollectionManager: Rebuilt the object cache for 0 collections in 0.000001 seconds (found 0 objects)
[2016.02.17-16.21.15:860][  2]LogCollectionManager: Fixed up redirectors for 0 collections in 0.000024 seconds (updated 0 objects)
[2016.02.17-16.21.57:847][545]LogEditorViewport: Clicking Background
[2016.02.17-16.22.00:190][797]LogAIModule: Creating AISystem for world David-Test
[2016.02.17-16.22.00:219][797]Cmd: MAP LOAD FILE="../../../../../../Anthrocratos/Anthrocratos_UE4/Content/Levels/David-Test.umap" TEMPLATE=0 SHOWPROGRESS=1 FEATURELEVEL=3
[2016.02.17-16.22.00:219][797]LightingResults: New page: Lighting Build
[2016.02.17-16.22.00:236][797]LoadErrors: New page: Loading map: David-Test.umap
[2016.02.17-16.22.00:236][797]MapCheck: New page: Map Check
[2016.02.17-16.22.00:236][797]LightingResults: New page: Lighting Build
[2016.02.17-16.22.00:246][797]LogParticles: Destroying 0 GPU particle simulations for FXSystem 0x000001ADFF771260
[2016.02.17-16.22.00:274][797]LogEditorServer: Finished looking for orphan Actors (0.000 secs)
[2016.02.17-16.22.00:292][797]Cmd: MAP CHECKDEP NOCLEARLOG
[2016.02.17-16.22.00:371][797]MapCheck: Info Map check complete: 0 Error(s), 0 Warning(s), took 78.026ms to complete.
[2016.02.17-16.22.00:371][797]LogFileHelpers: Loading map 'David-Test' took 0.152
[2016.02.17-16.22.09:786][897]LogLinker:Warning: Asset '../../../Engine/Content/ArtTools/RenderToTexture/Macros/RenderToTextureMacros.uasset' has been saved with empty engine version. The asset will be loaded but may be incompatible.
[2016.02.17-16.22.10:128][897]LogContentBrowser: Native class hierarchy updated for 'BlueprintGraph' in 0.0015 seconds. Added 107 classes and 0 folders.
[2016.02.17-16.22.22:100][ 34]LogPlayLevel: PlayLevel: No blueprints needed recompiling
[2016.02.17-16.22.22:101][ 34]PIE: New page: PIE session: David-Test (17 Feb 2016 16:22:22)
[2016.02.17-16.22.22:101][ 34]LogPlayLevel: Creating play world package: /Game/Levels/UEDPIE_0_David-Test
[2016.02.17-16.22.22:103][ 34]LogPlayLevel: PIE: StaticDuplicateObject took: (0.002264s)
[2016.02.17-16.22.22:104][ 34]LogAIModule: Creating AISystem for world David-Test
[2016.02.17-16.22.22:104][ 34]LogPlayLevel: PIE: World Init took: (0.000967s)
[2016.02.17-16.22.22:104][ 34]LogPlayLevel: PIE: Created PIE world by copying editor world from /Game/Levels/David-Test.David-Test to /Game/Levels/UEDPIE_0_David-Test.David-Test (0.003433s)
[2016.02.17-16.22.22:131][ 34]LogInit: XAudio2 using 'Speakers (SteelSeries Siberia Elite)' : 2 channels at 44.1 kHz using 16 bits per sample (channel mask 0x3)
[2016.02.17-16.22.22:138][ 34]LogInit: FAudioDevice initialized.
[2016.02.17-16.22.22:190][ 34]LogWorld: Game class is 'Anthrocratos_UE4GameMode'
[2016.02.17-16.22.22:192][ 34]LogWorld: Bringing World /Game/Levels/UEDPIE_0_David-Test.David-Test up for play (max tick rate 0) at 2016.02.17-16.22.22
[2016.02.17-16.22.22:192][ 34]LogActor:Warning: GameSession /Game/Levels/UEDPIE_0_David-Test.David-Test:PersistentLevel.GameSession_0 has natively added scene component(s), but none of them were set as the actor's RootComponent - picking one arbitrarily
[2016.02.17-16.22.22:192][ 34]LogActor:Warning: GameNetworkManager /Game/Levels/UEDPIE_0_David-Test.David-Test:PersistentLevel.GameNetworkManager_0 has natively added scene component(s), but none of them were set as the actor's RootComponent - picking one arbitrarily
[2016.02.17-16.22.22:193][ 34]LogWorld: Bringing up level for play took: 0.001461
[2016.02.17-16.22.22:193][ 34]PIE: Info Play in editor start time for /Game/Levels/UEDPIE_0_David-Test -0.515
[2016.02.17-16.22.25:652][388]LogParticles: Destroying 0 GPU particle simulations for FXSystem 0x000001ADC6419440
[2016.02.17-16.22.43:519][159]BlueprintLog: New page: Compile CameraMovement
[2016.02.17-16.22.43:601][159]BlueprintEditorCompileResults: Info [0093.06] Compile of CameraMovement successful! [in 81 ms]
[2016.02.17-16.22.44:215][204]LogPlayLevel: PlayLevel: No blueprints needed recompiling
[2016.02.17-16.22.44:215][204]PIE: New page: PIE session: David-Test (17 Feb 2016 16:22:44)
[2016.02.17-16.22.44:215][204]LogPlayLevel: Creating play world package: /Game/Levels/UEDPIE_0_David-Test
[2016.02.17-16.22.44:217][204]LogPlayLevel: PIE: StaticDuplicateObject took: (0.001777s)
[2016.02.17-16.22.44:217][204]LogAIModule: Creating AISystem for world David-Test
[2016.02.17-16.22.44:217][204]LogPlayLevel: PIE: World Init took: (0.000689s)
[2016.02.17-16.22.44:217][204]LogPlayLevel: PIE: Created PIE world by copying editor world from /Game/Levels/David-Test.David-Test to /Game/Levels/UEDPIE_0_David-Test.David-Test (0.002650s)
[2016.02.17-16.22.44:243][204]LogInit: XAudio2 using 'Speakers (SteelSeries Siberia Elite)' : 2 channels at 44.1 kHz using 16 bits per sample (channel mask 0x3)
[2016.02.17-16.22.44:250][204]LogInit: FAudioDevice initialized.
[2016.02.17-16.22.44:286][204]LogWorld: Game class is 'Anthrocratos_UE4GameMode'
[2016.02.17-16.22.44:288][204]LogWorld: Bringing World /Game/Levels/UEDPIE_0_David-Test.David-Test up for play (max tick rate 0) at 2016.02.17-16.22.44
[2016.02.17-16.22.44:288][204]LogActor:Warning: GameSession /Game/Levels/UEDPIE_0_David-Test.David-Test:PersistentLevel.GameSession_1 has natively added scene component(s), but none of them were set as the actor's RootComponent - picking one arbitrarily
[2016.02.17-16.22.44:288][204]LogActor:Warning: GameNetworkManager /Game/Levels/UEDPIE_0_David-Test.David-Test:PersistentLevel.GameNetworkManager_1 has natively added scene component(s), but none of them were set as the actor's RootComponent - picking one arbitrarily
[2016.02.17-16.22.44:289][204]LogWorld: Bringing up level for play took: 0.001651
[2016.02.17-16.22.44:289][204]PIE: Info Play in editor start time for /Game/Levels/UEDPIE_0_David-Test -0.419
[2016.02.17-16.22.53:624][906]LogParticles: Destroying 0 GPU particle simulations for FXSystem 0x000001ADC74098A0
[2016.02.17-16.23.01:934][841]LogPlayLevel: PlayLevel: No blueprints needed recompiling
[2016.02.17-16.23.01:934][841]PIE: New page: PIE session: David-Test (17 Feb 2016 16:23:01)
[2016.02.17-16.23.01:934][841]LogPlayLevel: Creating play world package: /Game/Levels/UEDPIE_0_David-Test
[2016.02.17-16.23.01:936][841]LogPlayLevel: PIE: StaticDuplicateObject took: (0.001319s)
[2016.02.17-16.23.01:936][841]LogAIModule: Creating AISystem for world David-Test
[2016.02.17-16.23.01:937][841]LogPlayLevel: PIE: World Init took: (0.000673s)
[2016.02.17-16.23.01:937][841]LogPlayLevel: PIE: Created PIE world by copying editor world from /Game/Levels/David-Test.David-Test to /Game/Levels/UEDPIE_0_David-Test.David-Test (0.002161s)
[2016.02.17-16.23.01:961][841]LogInit: XAudio2 using 'Speakers (SteelSeries Siberia Elite)' : 2 channels at 44.1 kHz using 16 bits per sample (channel mask 0x3)
[2016.02.17-16.23.01:968][841]LogInit: FAudioDevice initialized.
[2016.02.17-16.23.02:006][841]LogWorld: Game class is 'Anthrocratos_UE4GameMode'
[2016.02.17-16.23.02:008][841]LogWorld: Bringing World /Game/Levels/UEDPIE_0_David-Test.David-Test up for play (max tick rate 0) at 2016.02.17-16.23.02
[2016.02.17-16.23.02:008][841]LogActor:Warning: GameSession /Game/Levels/UEDPIE_0_David-Test.David-Test:PersistentLevel.GameSession_2 has natively added scene component(s), but none of them were set as the actor's RootComponent - picking one arbitrarily
[2016.02.17-16.23.02:008][841]LogActor:Warning: GameNetworkManager /Game/Levels/UEDPIE_0_David-Test.David-Test:PersistentLevel.GameNetworkManager_2 has natively added scene component(s), but none of them were set as the actor's RootComponent - picking one arbitrarily
[2016.02.17-16.23.02:008][841]LogWorld: Bringing up level for play took: 0.001557
[2016.02.17-16.23.02:009][841]PIE: Info Play in editor start time for /Game/Levels/UEDPIE_0_David-Test -0.7
[2016.02.17-16.23.07:907][539]LogParticles: Destroying 0 GPU particle simulations for FXSystem 0x000001ADFF066F20
[2016.02.17-16.23.23:916][346]LogPlayLevel: PlayLevel: No blueprints needed recompiling
[2016.02.17-16.23.23:916][346]PIE: New page: SIE session: David-Test (17 Feb 2016 16:23:23)
[2016.02.17-16.23.23:917][346]LogPlayLevel: Creating play world package: /Game/Levels/UEDPIE_0_David-Test
[2016.02.17-16.23.23:918][346]LogPlayLevel: PIE: StaticDuplicateObject took: (0.001585s)
[2016.02.17-16.23.23:919][346]LogAIModule: Creating AISystem for world David-Test
[2016.02.17-16.23.23:919][346]LogPlayLevel: PIE: World Init took: (0.000694s)
[2016.02.17-16.23.23:919][346]LogPlayLevel: PIE: Created PIE world by copying editor world from /Game/Levels/David-Test.David-Test to /Game/Levels/UEDPIE_0_David-Test.David-Test (0.002437s)
[2016.02.17-16.23.23:944][346]LogInit: XAudio2 using 'Speakers (SteelSeries Siberia Elite)' : 2 channels at 44.1 kHz using 16 bits per sample (channel mask 0x3)
[2016.02.17-16.23.23:951][346]LogInit: FAudioDevice initialized.
[2016.02.17-16.23.23:983][346]LogWorld: Game class is 'Anthrocratos_UE4GameMode'
[2016.02.17-16.23.23:985][346]LogWorld: Bringing World /Game/Levels/UEDPIE_0_David-Test.David-Test up for play (max tick rate 0) at 2016.02.17-16.23.23
[2016.02.17-16.23.23:985][346]LogActor:Warning: GameSession /Game/Levels/UEDPIE_0_David-Test.David-Test:PersistentLevel.GameSession_3 has natively added scene component(s), but none of them were set as the actor's RootComponent - picking one arbitrarily
[2016.02.17-16.23.23:986][346]LogActor:Warning: GameNetworkManager /Game/Levels/UEDPIE_0_David-Test.David-Test:PersistentLevel.GameNetworkManager_3 has natively added scene component(s), but none of them were set as the actor's RootComponent - picking one arbitrarily
[2016.02.17-16.23.23:986][346]LogWorld: Bringing up level for play took: 0.001540
[2016.02.17-16.23.23:986][346]LogGameMode: Warning - PATHS NOT DEFINED or NO PLAYERSTART with positive rating
[2016.02.17-16.23.23:987][346]PIE: Info Play in editor start time for /Game/Levels/UEDPIE_0_David-Test -0.722
[2016.02.17-16.23.27:527][692]Cmd: SELECT NONE
[2016.02.17-16.23.27:872][725]Cmd: SELECT NONE
[2016.02.17-16.23.28:092][749]Cmd: SELECT NONE
[2016.02.17-16.23.28:237][761]Cmd: SELECT NONE
[2016.02.17-16.23.28:499][788]Cmd: SELECT NONE
[2016.02.17-16.23.28:674][803]Cmd: SELECT NONE
[2016.02.17-16.23.28:827][819]Cmd: SELECT NONE
[2016.02.17-16.23.28:968][832]Cmd: SELECT NONE
[2016.02.17-16.23.29:144][847]Cmd: SELECT NONE
[2016.02.17-16.23.35:911][259]LogEditorViewport: Clicking on Actor (LMB): BP_Sky_Sphere_C (Sky Sphere)
[2016.02.17-16.23.35:911][259]LogSelection:Warning: PIE object was selected: "BP_Sky_Sphere_C /Game/Levels/UEDPIE_0_David-Test.David-Test:PersistentLevel.SkySphere"
[2016.02.17-16.23.50:248][385]LogEditorViewport: Clicking on Component (context menu): StaticMeshComponent (Sky Sphere mesh)
[2016.02.17-16.23.50:249][385]LogSelection:Warning: PIE object was selected: "StaticMeshComponent /Game/Levels/UEDPIE_0_David-Test.David-Test:PersistentLevel.SkySphere.Sky Sphere mesh"
[2016.02.17-16.23.51:468][494]LogEditorViewport: Clicking on Actor (context menu): BP_Sky_Sphere_C (Sky Sphere)
[2016.02.17-16.23.52:915][649]LogParticles: Destroying 0 GPU particle simulations for FXSystem 0x000001ADC1FB59E0
[2016.02.17-16.28.48:599][427]LogEditorViewport: Clicking on Actor (LMB): BP_Sky_Sphere_C (Sky Sphere)
[2016.02.17-16.29.24:132][630]Cmd: SELECT NONE
[2016.02.17-16.29.27:315][  3]LogParticles: Destroying 0 GPU particle simulations for FXSystem 0x000001AD8624E8E0
[2016.02.17-16.29.31:637][  3]LogWindowsTextInputMethodSystem:Display: IME system now deactivated.
[2016.02.17-16.29.31:822][  4]Cmd: QUIT_EDITOR
[2016.02.17-16.29.32:592][  4]LogExit: Preparing to exit.
[2016.02.17-16.29.33:137][  4]LogExit: Editor shut down
[2016.02.17-16.29.33:138][  4]LogExit: Transaction tracking system shut down
[2016.02.17-16.29.33:139][  4]LogParticles: Destroying 0 GPU particle simulations for FXSystem 0x000001AD81DA3880
[2016.02.17-16.29.33:139][  4]LogParticles: Destroying 0 GPU particle simulations for FXSystem 0x000001ADFF5756C0
[2016.02.17-16.29.33:139][  4]LogParticles: Destroying 0 GPU particle simulations for FXSystem 0x000001ADA188FC40
[2016.02.17-16.29.33:140][  4]LogParticles: Destroying 0 GPU particle simulations for FXSystem 0x000001ADFF7723E0
[2016.02.17-16.29.33:323][  4]LogExit: Object subsystem successfully closed.
[2016.02.17-16.29.33:339][  4]LogD3D11RHI: Shutdown
[2016.02.17-16.29.33:339][  4]LogD3D11RHI: CleanupD3DDevice
[2016.02.17-16.29.33:438][  4]LogD3D11RHI: ~FD3D11DynamicRHI
[2016.02.17-16.29.33:452][  4]LogModuleManager: Shutting down and abandoning module BlueprintGraph (200)
[2016.02.17-16.29.33:452][  4]LogModuleManager: Shutting down and abandoning module CrashTracker (199)
[2016.02.17-16.29.33:452][  4]LogModuleManager: Shutting down and abandoning module SceneOutliner (198)
[2016.02.17-16.29.33:452][  4]LogModuleManager: Shutting down and abandoning module SuperSearch (197)
[2016.02.17-16.29.33:452][  4]LogModuleManager: Shutting down and abandoning module WidgetCarousel (196)
[2016.02.17-16.29.33:452][  4]LogModuleManager: Shutting down and abandoning module AddContentDialog (195)
[2016.02.17-16.29.33:453][  4]LogModuleManager: Shutting down and abandoning module EditorWidgets (194)
[2016.02.17-16.29.33:453][  4]LogModuleManager: Shutting down and abandoning module CollectionManager (193)
[2016.02.17-16.29.33:453][  4]LogModuleManager: Shutting down and abandoning module StatsViewer (192)
[2016.02.17-16.29.33:453][  4]LogModuleManager: Shutting down and abandoning module FoliageEdit (191)
[2016.02.17-16.29.33:453][  4]LogModuleManager: Shutting down and abandoning module LandscapeEditor (190)
[2016.02.17-16.29.33:454][  4]LogModuleManager: Shutting down and abandoning module ActorPickerMode (189)
[2016.02.17-16.29.33:454][  4]LogModuleManager: Shutting down and abandoning module GeometryMode (188)
[2016.02.17-16.29.33:454][  4]LogModuleManager: Shutting down and abandoning module TextureAlignMode (187)
[2016.02.17-16.29.33:454][  4]LogModuleManager: Shutting down and abandoning module BspMode (186)
[2016.02.17-16.29.33:454][  4]LogModuleManager: Shutting down and abandoning module PlacementMode (185)
[2016.02.17-16.29.33:454][  4]LogModuleManager: Shutting down and abandoning module AutomationWorker (184)
[2016.02.17-16.29.33:454][  4]LogModuleManager: Shutting down and abandoning module CharacterAI (183)
[2016.02.17-16.29.33:454][  4]LogModuleManager: Shutting down and abandoning module SmartSnapping (182)
[2016.02.17-16.29.33:454][  4]LogModuleManager: Shutting down and abandoning module ViewportSnapping (181)
[2016.02.17-16.29.33:454][  4]LogModuleManager: Shutting down and abandoning module LogVisualizer (180)
[2016.02.17-16.29.33:454][  4]LogModuleManager: Shutting down and abandoning module GameProjectGeneration (179)
[2016.02.17-16.29.33:454][  4]LogModuleManager: Shutting down and abandoning module IntroTutorials (178)
[2016.02.17-16.29.33:454][  4]LogModuleManager: Shutting down and abandoning module EditorLiveStreaming (177)
[2016.02.17-16.29.33:454][  4]LogModuleManager: Shutting down and abandoning module IOSPlatformEditor (176)
[2016.02.17-16.29.33:454][  4]LogModuleManager: Shutting down and abandoning module HTML5PlatformEditor (175)
[2016.02.17-16.29.33:454][  4]LogModuleManager: Shutting down and abandoning module AndroidDeviceDetection (174)
[2016.02.17-16.29.33:812][  4]LogModuleManager: Shutting down and abandoning module AndroidPlatformEditor (173)
[2016.02.17-16.29.33:813][  4]LogModuleManager: Shutting down and abandoning module IOSRuntimeSettings (172)
[2016.02.17-16.29.33:813][  4]LogModuleManager: Shutting down and abandoning module AndroidRuntimeSettings (171)
[2016.02.17-16.29.33:813][  4]LogModuleManager: Shutting down and abandoning module MergeActors (170)
[2016.02.17-16.29.33:813][  4]LogModuleManager: Shutting down and abandoning module SizeMap (169)
[2016.02.17-16.29.33:813][  4]LogModuleManager: Shutting down and abandoning module TreeMap (168)
[2016.02.17-16.29.33:813][  4]LogModuleManager: Shutting down and abandoning module ReferenceViewer (167)
[2016.02.17-16.29.33:813][  4]LogModuleManager: Shutting down and abandoning module LocalizationService (166)
[2016.02.17-16.29.33:813][  4]LogModuleManager: Shutting down and abandoning module LocalizationDashboard (165)
[2016.02.17-16.29.33:813][  4]LogModuleManager: Shutting down and abandoning module HardwareTargeting (164)
[2016.02.17-16.29.33:813][  4]LogModuleManager: Shutting down and abandoning module DeviceProfileEditor (163)
[2016.02.17-16.29.33:813][  4]LogModuleManager: Shutting down and abandoning module UndoHistory (162)
[2016.02.17-16.29.33:813][  4]LogModuleManager: Shutting down and abandoning module GameplayTagsEditor (161)
[2016.02.17-16.29.33:813][  4]LogModuleManager: Shutting down and abandoning module UserFeedback (160)
[2016.02.17-16.29.33:813][  4]LogModuleManager: Shutting down and abandoning module XmlParser (159)
[2016.02.17-16.29.33:813][  4]LogModuleManager: Shutting down and abandoning module Blutility (158)
[2016.02.17-16.29.33:813][  4]LogModuleManager: Shutting down and abandoning module ProjectTargetPlatformEditor (157)
[2016.02.17-16.29.33:813][  4]LogModuleManager: Shutting down and abandoning module ProjectSettingsViewer (156)
[2016.02.17-16.29.33:813][  4]LogModuleManager: Shutting down and abandoning module InputBindingEditor (155)
[2016.02.17-16.29.33:813][  4]LogModuleManager: Shutting down and abandoning module EditorSettingsViewer (154)
[2016.02.17-16.29.33:813][  4]LogModuleManager: Shutting down and abandoning module SettingsEditor (153)
[2016.02.17-16.29.33:813][  4]LogModuleManager: Shutting down and abandoning module ProjectLauncher (152)
[2016.02.17-16.29.33:813][  4]LogModuleManager: Shutting down and abandoning module SessionFrontend (151)
[2016.02.17-16.29.33:813][  4]LogModuleManager: Shutting down and abandoning module ProfilerClient (150)
[2016.02.17-16.29.33:813][  4]LogModuleManager: Shutting down and abandoning module TargetDeviceServices (149)
[2016.02.17-16.29.33:813][  4]LogModuleManager: Shutting down and abandoning module DeviceManager (148)
[2016.02.17-16.29.33:813][  4]LogModuleManager: Shutting down and abandoning module AutomationController (147)
[2016.02.17-16.29.33:813][  4]LogModuleManager: Shutting down and abandoning module AutomationWindow (146)
[2016.02.17-16.29.33:813][  4]LogModuleManager: Shutting down and abandoning module Layers (145)
[2016.02.17-16.29.33:813][  4]LogModuleManager: Shutting down and abandoning module ComponentVisualizers (144)
[2016.02.17-16.29.33:813][  4]LogModuleManager: Shutting down and abandoning module DetailCustomizations (143)
[2016.02.17-16.29.33:813][  4]LogModuleManager: Shutting down and abandoning module PackagesDialog (142)
[2016.02.17-16.29.33:814][  4]LogModuleManager: Shutting down and abandoning module Persona (141)
[2016.02.17-16.29.33:814][  4]LogModuleManager: Shutting down and abandoning module Kismet (140)
[2016.02.17-16.29.33:814][  4]LogModuleManager: Shutting down and abandoning module GraphEditor (139)
[2016.02.17-16.29.33:814][  4]LogModuleManager: Shutting down and abandoning module ClassViewer (138)
[2016.02.17-16.29.33:814][  4]LogModuleManager: Shutting down and abandoning module Toolbox (137)
[2016.02.17-16.29.33:814][  4]LogModuleManager: Shutting down and abandoning module ModuleUI (136)
[2016.02.17-16.29.33:814][  4]LogModuleManager: Shutting down and abandoning module MovieSceneTools (135)
[2016.02.17-16.29.33:814][  4]LogModuleManager: Shutting down and abandoning module OutputLog (134)
[2016.02.17-16.29.33:814][  4]LogModuleManager: Shutting down and abandoning module GammaUI (133)
[2016.02.17-16.29.33:814][  4]LogModuleManager: Shutting down and abandoning module Documentation (132)
[2016.02.17-16.29.33:814][  4]LogModuleManager: Shutting down and abandoning module GameLiveStreaming (131)
[2016.02.17-16.29.33:814][  4]LogModuleManager: Shutting down and abandoning module StreamingPauseRendering (130)
[2016.02.17-16.29.33:814][  4]LogModuleManager: Shutting down and abandoning module AnalyticsET (129)
[2016.02.17-16.29.33:814][  4]LogModuleManager: Shutting down and abandoning module Analytics (128)
[2016.02.17-16.29.33:814][  4]LogModuleManager: Shutting down and abandoning module AITestSuite (127)
[2016.02.17-16.29.33:814][  4]LogModuleManager: Shutting down and abandoning module GameplayDebugger (126)
[2016.02.17-16.29.33:814][  4]LogModuleManager: Shutting down and abandoning module AIModule (125)
[2016.02.17-16.29.33:814][  4]LogModuleManager: Shutting down and abandoning module ProfilerService (124)
[2016.02.17-16.29.33:826][  4]LogModuleManager: Shutting down and abandoning module TaskGraph (123)
[2016.02.17-16.29.33:826][  4]LogModuleManager: Shutting down and abandoning module SlateRemote (122)
[2016.02.17-16.29.33:826][  4]LogModuleManager: Shutting down and abandoning module SteamVRController (121)
[2016.02.17-16.29.33:826][  4]LogModuleManager: Shutting down and abandoning module SteamVR (120)
[2016.02.17-16.29.33:826][  4]LogModuleManager: Shutting down and abandoning module ProceduralMeshComponent (119)
[2016.02.17-16.29.33:826][  4]LogModuleManager: Shutting down and abandoning module OculusLibrary (118)
[2016.02.17-16.29.33:827][  4]LogModuleManager: Shutting down and abandoning module OculusInput (117)
[2016.02.17-16.29.33:827][  4]LogModuleManager: Shutting down and abandoning module LeapMotionController (116)
[2016.02.17-16.29.33:846][  4]LogModuleManager: Shutting down and abandoning module CustomMeshComponent (115)
[2016.02.17-16.29.33:846][  4]LogModuleManager: Shutting down and abandoning module CableComponent (114)
[2016.02.17-16.29.33:846][  4]LogModuleManager: Shutting down and abandoning module ArchVisCharacter (113)
[2016.02.17-16.29.33:846][  4]LogModuleManager: Shutting down and abandoning module MessagingDebugger (112)
[2016.02.17-16.29.33:846][  4]LogModuleManager: Shutting down and abandoning module MediaPlayerEditor (111)
[2016.02.17-16.29.33:846][  4]LogModuleManager: Shutting down and abandoning module HTML5Networking (110)
[2016.02.17-16.29.33:846][  4]LogModuleManager: Shutting down and abandoning module SpeedTreeImporter (109)
[2016.02.17-16.29.33:846][  4]LogModuleManager: Shutting down and abandoning module PluginBrowser (108)
[2016.02.17-16.29.33:847][  4]LogModuleManager: Shutting down and abandoning module EpicSurvey (107)
[2016.02.17-16.29.33:847][  4]LogModuleManager: Shutting down and abandoning module DesktopPlatform (106)
[2016.02.17-16.29.33:847][  4]LogModuleManager: Shutting down and abandoning module VisualStudioSourceCodeAccess (105)
[2016.02.17-16.29.33:847][  4]LogModuleManager: Shutting down and abandoning module UObjectPlugin (104)
[2016.02.17-16.29.33:847][  4]LogModuleManager: Shutting down and abandoning module SubversionSourceControl (103)
[2016.02.17-16.29.33:847][  4]LogModuleManager: Shutting down and abandoning module PerforceSourceControl (102)
[2016.02.17-16.29.33:847][  4]LogModuleManager: Shutting down and abandoning module SourceControl (101)
[2016.02.17-16.29.33:847][  4]LogModuleManager: Shutting down and abandoning module GitSourceControl (100)
[2016.02.17-16.29.33:847][  4]LogModuleManager: Shutting down and abandoning module LightPropagationVolumeEditor (99)
[2016.02.17-16.29.33:847][  4]LogModuleManager: Shutting down and abandoning module PaperTiledImporter (98)
[2016.02.17-16.29.33:847][  4]LogModuleManager: Shutting down and abandoning module PaperSpriteSheetImporter (97)
[2016.02.17-16.29.33:847][  4]LogModuleManager: Shutting down and abandoning module MeshPaint (96)
[2016.02.17-16.29.33:847][  4]LogModuleManager: Shutting down and abandoning module SlateReflector (95)
[2016.02.17-16.29.33:847][  4]LogModuleManager: Shutting down and abandoning module HotReload (94)
[2016.02.17-16.29.33:847][  4]LogModuleManager: Shutting down and abandoning module MainFrame (93)
[2016.02.17-16.29.33:847][  4]LogModuleManager: Shutting down and abandoning module LevelEditor (92)
[2016.02.17-16.29.33:848][  4]LogModuleManager: Shutting down and abandoning module DirectoryWatcher (91)
[2016.02.17-16.29.33:849][  4]LogModuleManager: Shutting down and abandoning module AssetRegistry (90)
[2016.02.17-16.29.33:916][  4]LogModuleManager: Shutting down and abandoning module ContentBrowser (89)
[2016.02.17-16.29.33:917][  4]LogModuleManager: Shutting down and abandoning module Paper2DEditor (88)
[2016.02.17-16.29.33:917][  4]LogModuleManager: Shutting down and abandoning module Anthrocratos_UE4 (87)
[2016.02.17-16.29.33:917][  4]LogModuleManager: Shutting down and abandoning module UdpMessaging (86)
[2016.02.17-16.29.34:017][  4]LogModuleManager: Shutting down and abandoning module LightPropagationVolumeRuntime (85)
[2016.02.17-16.29.34:017][  4]LogModuleManager: Shutting down and abandoning module Paper2D (84)
[2016.02.17-16.29.34:017][  4]LogModuleManager: Shutting down and abandoning module WindowsMoviePlayer (83)
[2016.02.17-16.29.34:019][  4]LogModuleManager: Shutting down and abandoning module Media (82)
[2016.02.17-16.29.34:019][  4]LogModuleManager: Shutting down and abandoning module WmfMedia (81)
[2016.02.17-16.29.34:019][  4]LogModuleManager: Shutting down and abandoning module OnlineBlueprintSupport (80)
[2016.02.17-16.29.34:019][  4]LogModuleManager: Shutting down and abandoning module GameplayTasksEditor (79)
[2016.02.17-16.29.34:019][  4]LogModuleManager: Shutting down and abandoning module PropertyEditor (78)
[2016.02.17-16.29.34:019][  4]LogModuleManager: Shutting down and abandoning module BehaviorTreeEditor (77)
[2016.02.17-16.29.34:019][  4]LogModuleManager: Shutting down and abandoning module FunctionalTesting (76)
[2016.02.17-16.29.34:019][  4]LogModuleManager: Shutting down and abandoning module CollisionAnalyzer (75)
[2016.02.17-16.29.34:019][  4]LogModuleManager: Shutting down and abandoning module WorkspaceMenuStructure (74)
[2016.02.17-16.29.34:019][  4]LogModuleManager: Shutting down and abandoning module MessageLog (73)
[2016.02.17-16.29.34:019][  4]LogModuleManager: Shutting down and abandoning module Sequencer (72)
[2016.02.17-16.29.34:020][  4]LogModuleManager: Shutting down and abandoning module AssetTools (71)
[2016.02.17-16.29.34:020][  4]LogModuleManager: Shutting down and abandoning module UMGEditor (70)
[2016.02.17-16.29.34:020][  4]LogModuleManager: Shutting down and abandoning module UMG (69)
[2016.02.17-16.29.34:020][  4]LogModuleManager: Shutting down and abandoning module Slate (68)
[2016.02.17-16.29.34:020][  4]LogModuleManager: Shutting down and abandoning module EditorStyle (67)
[2016.02.17-16.29.34:021][  4]LogModuleManager: Shutting down and abandoning module SessionServices (66)
[2016.02.17-16.29.34:021][  4]LogModuleManager: Shutting down and abandoning module SourceCodeAccess (65)
[2016.02.17-16.29.34:021][  4]LogModuleManager: Shutting down and abandoning module HeadMountedDisplay (64)
[2016.02.17-16.29.34:021][  4]LogModuleManager: Shutting down and abandoning module XAudio2 (63)
[2016.02.17-16.29.34:021][  4]LogModuleManager: Shutting down and abandoning module Networking (61)
[2016.02.17-16.29.34:021][  4]LogModuleManager: Shutting down and abandoning module Core (60)
[2016.02.17-16.29.34:021][  4]LogModuleManager: Shutting down and abandoning module KismetCompiler (59)
[2016.02.17-16.29.34:021][  4]LogModuleManager: Shutting down and abandoning module PhysXFormats (58)
[2016.02.17-16.29.34:021][  4]LogModuleManager: Shutting down and abandoning module MeshUtilities (57)
[2016.02.17-16.29.34:021][  4]LogModuleManager: Shutting down and abandoning module DerivedDataCache (56)
[2016.02.17-16.29.34:050][  4]LogDerivedDataCache: Shutdown
[2016.02.17-16.29.34:050][  4]LogModuleManager: Shutting down and abandoning module ShaderFormatOpenGL (55)
[2016.02.17-16.29.34:050][  4]LogModuleManager: Shutting down and abandoning module ShaderFormatD3D (54)
[2016.02.17-16.29.34:050][  4]LogModuleManager: Shutting down and abandoning module MetalShaderFormat (53)
[2016.02.17-16.29.34:050][  4]LogModuleManager: Shutting down and abandoning module TextureFormatUncompressed (52)
[2016.02.17-16.29.34:050][  4]LogModuleManager: Shutting down and abandoning module TextureFormatPVR (51)
[2016.02.17-16.29.34:050][  4]LogModuleManager: Shutting down and abandoning module TextureFormatIntelISPCTexComp (50)
[2016.02.17-16.29.34:050][  4]LogModuleManager: Shutting down and abandoning module TextureFormatDXT (49)
[2016.02.17-16.29.34:050][  4]LogModuleManager: Shutting down and abandoning module ImageWrapper (48)
[2016.02.17-16.29.34:050][  4]LogModuleManager: Shutting down and abandoning module TextureFormatASTC (47)
[2016.02.17-16.29.34:050][  4]LogModuleManager: Shutting down and abandoning module TextureFormatAndroid (46)
[2016.02.17-16.29.34:050][  4]LogModuleManager: Shutting down and abandoning module AudioFormatOpus (45)
[2016.02.17-16.29.34:050][  4]LogModuleManager: Shutting down and abandoning module AudioFormatOgg (44)
[2016.02.17-16.29.34:050][  4]LogModuleManager: Shutting down and abandoning module AudioFormatADPCM (43)
[2016.02.17-16.29.34:050][  4]LogModuleManager: Shutting down and abandoning module LinuxTargetPlatform (42)
[2016.02.17-16.29.34:050][  4]LogModuleManager: Shutting down and abandoning module LinuxServerTargetPlatform (41)
[2016.02.17-16.29.34:050][  4]LogModuleManager: Shutting down and abandoning module LinuxNoEditorTargetPlatform (40)
[2016.02.17-16.29.34:050][  4]LogModuleManager: Shutting down and abandoning module Messaging (39)
[2016.02.17-16.29.34:050][  4]LogModuleManager: Shutting down and abandoning module IOSTargetPlatform (38)
[2016.02.17-16.29.34:050][  4]LogModuleManager: Shutting down and abandoning module HTML5TargetPlatform (37)
[2016.02.17-16.29.34:050][  4]LogModuleManager: Shutting down and abandoning module Android_PVRTCTargetPlatform (36)
[2016.02.17-16.29.34:050][  4]LogModuleManager: Shutting down and abandoning module Android_MultiTargetPlatform (35)
[2016.02.17-16.29.34:050][  4]LogModuleManager: Shutting down and abandoning module Android_ETC2TargetPlatform (34)
[2016.02.17-16.29.34:050][  4]LogModuleManager: Shutting down and abandoning module Android_ETC1TargetPlatform (33)
[2016.02.17-16.29.34:050][  4]LogModuleManager: Shutting down and abandoning module Android_DXTTargetPlatform (32)
[2016.02.17-16.29.34:050][  4]LogModuleManager: Shutting down and abandoning module Android_ATCTargetPlatform (31)
[2016.02.17-16.29.34:050][  4]LogModuleManager: Shutting down and abandoning module Android_ASTCTargetPlatform (30)
[2016.02.17-16.29.34:050][  4]LogModuleManager: Shutting down and abandoning module AndroidTargetPlatform (29)
[2016.02.17-16.29.34:050][  4]LogModuleManager: Shutting down and abandoning module WindowsTargetPlatform (28)
[2016.02.17-16.29.34:050][  4]LogModuleManager: Shutting down and abandoning module WindowsServerTargetPlatform (27)
[2016.02.17-16.29.34:050][  4]LogModuleManager: Shutting down and abandoning module WindowsNoEditorTargetPlatform (26)
[2016.02.17-16.29.34:050][  4]LogModuleManager: Shutting down and abandoning module WindowsClientTargetPlatform (25)
[2016.02.17-16.29.34:050][  4]LogModuleManager: Shutting down and abandoning module AllDesktopTargetPlatform (24)
[2016.02.17-16.29.34:050][  4]LogModuleManager: Shutting down and abandoning module TargetPlatform (23)
[2016.02.17-16.29.34:050][  4]LogModuleManager: Shutting down and abandoning module InputCore (22)
[2016.02.17-16.29.34:050][  4]LogModuleManager: Shutting down and abandoning module Settings (21)
[2016.02.17-16.29.34:050][  4]LogModuleManager: Shutting down and abandoning module OnlineSubsystem (19)
[2016.02.17-16.29.34:050][  4]LogModuleManager: Shutting down and abandoning module HTTP (18)
[2016.02.17-16.29.36:052][  4]LogModuleManager: Shutting down and abandoning module XMPP (17)
[2016.02.17-16.29.36:052][  4]LogModuleManager: Shutting down and abandoning module OculusRift (16)
[2016.02.17-16.29.36:052][  4]LogModuleManager: Shutting down and abandoning module ExampleDeviceProfileSelector (15)
[2016.02.17-16.29.36:052][  4]LogModuleManager: Shutting down and abandoning module TextureCompressor (14)
[2016.02.17-16.29.36:052][  4]LogModuleManager: Shutting down and abandoning module ShaderCore (13)
[2016.02.17-16.29.36:052][  4]LogModuleManager: Shutting down and abandoning module Landscape (12)
[2016.02.17-16.29.36:052][  4]LogModuleManager: Shutting down and abandoning module SlateRHIRenderer (11)
[2016.02.17-16.29.36:053][  4]LogModuleManager: Shutting down and abandoning module OpenGLDrv (10)
[2016.02.17-16.29.36:053][  4]LogModuleManager: Shutting down and abandoning module D3D11RHI (9)
[2016.02.17-16.29.36:053][  4]LogModuleManager: Shutting down and abandoning module AnimGraphRuntime (8)
[2016.02.17-16.29.36:053][  4]LogModuleManager: Shutting down and abandoning module Renderer (7)
[2016.02.17-16.29.36:053][  4]LogModuleManager: Shutting down and abandoning module Engine (6)
[2016.02.17-16.29.36:053][  4]LogModuleManager: Shutting down and abandoning module CoreUObject (5)
[2016.02.17-16.29.36:053][  4]LogModuleManager: Shutting down and abandoning module NetworkFile (4)
[2016.02.17-16.29.36:053][  4]LogModuleManager: Shutting down and abandoning module StreamingFile (3)
[2016.02.17-16.29.36:053][  4]LogModuleManager: Shutting down and abandoning module SandboxFile (2)
[2016.02.17-16.29.36:053][  4]LogModuleManager: Shutting down and abandoning module PakFile (1)
[2016.02.17-16.29.36:054][  4]LogExit: Exiting.
[2016.02.17-16.29.36:056][  4]Log file closed, 02/17/16 16:29:36
