[2016.02.23-09.35.40:214][  0]Log file open, 02/23/16 09:35:40
[2016.02.23-09.35.40:214][  0]LogInit:Display: Running engine for game: Anthrocratos_UE4
[2016.02.23-09.35.40:214][  0]LogPlatformFile: Not using cached read wrapper
[2016.02.23-09.35.40:214][  0]LogInit:Display: RandInit(-1259473147) SRandInit(-1259473145).
[2016.02.23-09.35.40:214][  0]LogTaskGraph: Started task graph with 4 named threads and 7 total threads.
[2016.02.23-09.35.40:214][  0]LogStats: Stats thread started at 0.332426
[2016.02.23-09.35.40:214][  0]LogInit: Version: 4.10.2-2818068+++depot+UE4-Releases+4.10
[2016.02.23-09.35.40:214][  0]LogInit: API Version: 2758231
[2016.02.23-09.35.40:214][  0]LogInit: Compiled (64-bit): Jan  6 2016 17:36:42
[2016.02.23-09.35.40:214][  0]LogInit: Compiled with Visual C++: 19.00.23026.00
[2016.02.23-09.35.40:214][  0]LogInit: Build Configuration: Development
[2016.02.23-09.35.40:214][  0]LogInit: Branch Name: ++depot+UE4-Releases+4.10
[2016.02.23-09.35.40:214][  0]LogInit: Command line:  
[2016.02.23-09.35.40:214][  0]LogInit: Base directory: C:/Program Files (x86)/Epic Games/4.10/Engine/Binaries/Win64/
[2016.02.23-09.35.40:214][  0]LogInit: Rocket: 1
[2016.02.23-09.35.40:589][  0]LogInit: Using libcurl 7.41.0
[2016.02.23-09.35.40:589][  0]LogInit:  - built for x86_64-pc-win32
[2016.02.23-09.35.40:589][  0]LogInit:  - supports SSL with WinSSL
[2016.02.23-09.35.40:589][  0]LogInit:  - other features:
[2016.02.23-09.35.40:589][  0]LogInit:      CURL_VERSION_SSL
[2016.02.23-09.35.40:589][  0]LogInit:      CURL_VERSION_IPV6
[2016.02.23-09.35.40:589][  0]LogInit:      CURL_VERSION_ASYNCHDNS
[2016.02.23-09.35.40:589][  0]LogInit:      CURL_VERSION_LARGEFILE
[2016.02.23-09.35.40:589][  0]LogInit:      CURL_VERSION_IDN
[2016.02.23-09.35.40:589][  0]LogInit:  CurlRequestOptions (configurable via config and command line):
[2016.02.23-09.35.40:589][  0]LogInit:  - bVerifyPeer = true  - Libcurl will verify peer certificate
[2016.02.23-09.35.40:589][  0]LogInit:  - bUseHttpProxy = false  - Libcurl will NOT use HTTP proxy
[2016.02.23-09.35.40:589][  0]LogInit:  - bDontReuseConnections = false  - Libcurl will reuse connections
[2016.02.23-09.35.40:589][  0]LogInit:  - CertBundlePath = nullptr  - Libcurl will use whatever was configured at build time.
[2016.02.23-09.35.41:182][  0]LogInit: Presizing for 0 objects not considered by GC, pre-allocating 0 bytes.
[2016.02.23-09.35.41:198][  0]LogInit: Object subsystem initialized
[2016.02.23-09.35.41:198][  0]LogInit: Selected Device Profile: [Windows]
[2016.02.23-09.35.41:198][  0]LogInit: Applying CVar settings loaded from the selected device profile: [Windows]
[2016.02.23-09.35.41:236][  0]LogInit: Computer: CUBE-11959
[2016.02.23-09.35.41:236][  0]LogInit: User: user
[2016.02.23-09.35.41:236][  0]LogInit: CPU Page size=4096, Cores=4
[2016.02.23-09.35.41:236][  0]LogInit: High frequency timer resolution =2.435778 MHz
[2016.02.23-09.35.41:236][  0]LogMemory: Memory total: Physical=7.9GB (8GB approx)
[2016.02.23-09.35.41:236][  0]LogMemory: Platform Memory Stats for Windows
[2016.02.23-09.35.41:236][  0]LogMemory: Process Physical Memory: 56.28 MB used, 56.28 MB peak
[2016.02.23-09.35.41:236][  0]LogMemory: Process Virtual Memory: 57.87 MB used, 57.87 MB peak
[2016.02.23-09.35.41:236][  0]LogMemory: Physical Memory: 3130.93 MB used, 8076.43 MB total
[2016.02.23-09.35.41:236][  0]LogMemory: Virtual Memory: 379.95 MB used, 134217728.00 MB total
[2016.02.23-09.35.42:417][  0]LogTextLocalizationManager: No specific translations for ('en-GB') exist, so ('en') translations will be used.
[2016.02.23-09.35.43:434][  0]LogD3D11RHI: Found D3D11 adapter 0: NVIDIA GeForce GTX 850M  (Feature Level 11_0)
[2016.02.23-09.35.43:434][  0]LogD3D11RHI: Adapter has 1995MB of dedicated video memory, 0MB of dedicated system memory, and 4038MB of shared system memory, 1 output[s]
[2016.02.23-09.35.43:445][  0]LogD3D11RHI: Found D3D11 adapter 1: Intel(R) HD Graphics 4600 (Feature Level 11_0)
[2016.02.23-09.35.43:445][  0]LogD3D11RHI: Adapter has 112MB of dedicated video memory, 0MB of dedicated system memory, and 4038MB of shared system memory, 0 output[s]
[2016.02.23-09.35.43:447][  0]LogD3D11RHI: Found D3D11 adapter 2: Microsoft Basic Render Driver (Feature Level 11_0)
[2016.02.23-09.35.43:447][  0]LogD3D11RHI: Adapter has 0MB of dedicated video memory, 0MB of dedicated system memory, and 4038MB of shared system memory, 0 output[s]
[2016.02.23-09.35.43:447][  0]LogD3D11RHI: Chosen D3D11 Adapter Id = 0
[2016.02.23-09.35.43:454][  0]LogD3D11RHI: !Direct3DDevice
[2016.02.23-09.35.43:454][  0]LogRHI: Texture pool is 1361 MB (70% of 1945 MB)
[2016.02.23-09.35.43:473][  0]LogD3D11RHI: Async texture creation enabled
[2016.02.23-09.35.43:488][  0]LogShaderCompilers: Guid format shader working directory is -30 characters bigger than the processId version (../../../../../../Users/user/Game Development/Anthrocratos/Anthrocratos_UE4/Intermediate/Shaders/WorkingDirectory/4408/).
[2016.02.23-09.35.43:488][  0]LogShaderCompilers: Cleaned the shader compiler working directory 'C:/Users/user/AppData/Local/Temp/UnrealShaderWorkingDir/8803B3EA436CF3541A3FA3BFEC9D9B31/'.
[2016.02.23-09.35.43:488][  0]LogShaderCompilers:Display: Using Local Shader Compiler.
[2016.02.23-09.35.47:527][  0]LogTemp:Display: Loaded TP AllDesktopTargetPlatform
[2016.02.23-09.35.47:536][  0]LogTemp:Display: Loaded TP WindowsClientTargetPlatform
[2016.02.23-09.35.47:545][  0]LogTemp:Display: Loaded TP WindowsNoEditorTargetPlatform
[2016.02.23-09.35.47:554][  0]LogTemp:Display: Loaded TP WindowsServerTargetPlatform
[2016.02.23-09.35.47:562][  0]LogTemp:Display: Loaded TP WindowsTargetPlatform
[2016.02.23-09.35.47:573][  0]LogTemp:Display: Loaded TP AndroidTargetPlatform
[2016.02.23-09.35.47:583][  0]LogTemp:Display: Loaded TP Android_ASTCTargetPlatform
[2016.02.23-09.35.47:593][  0]LogTemp:Display: Loaded TP Android_ATCTargetPlatform
[2016.02.23-09.35.47:602][  0]LogTemp:Display: Loaded TP Android_DXTTargetPlatform
[2016.02.23-09.35.47:609][  0]LogTemp:Display: Loaded TP Android_ETC1TargetPlatform
[2016.02.23-09.35.47:615][  0]LogTemp:Display: Loaded TP Android_ETC2TargetPlatform
[2016.02.23-09.35.47:650][  0]LogTemp:Display: Loaded TP Android_MultiTargetPlatform
[2016.02.23-09.35.47:650][  0]LogTemp:Display: Loaded TP Android_PVRTCTargetPlatform
[2016.02.23-09.35.47:652][  0]LogTemp:Display: Loaded TP HTML5TargetPlatform
[2016.02.23-09.35.47:863][  0]LogTemp:Display: Loaded TP IOSTargetPlatform
[2016.02.23-09.35.47:873][  0]LogTemp:Display: Loaded TP LinuxNoEditorTargetPlatform
[2016.02.23-09.35.47:882][  0]LogTemp:Display: Loaded TP LinuxServerTargetPlatform
[2016.02.23-09.35.47:928][  0]LogTemp:Display: Loaded TP LinuxTargetPlatform
[2016.02.23-09.35.47:934][  0]LogTargetPlatformManager:Display: Building Assets For Windows
[2016.02.23-09.35.49:196][  0]LogDerivedDataCache:Display: Max Cache Size: 512 MB
[2016.02.23-09.35.49:723][  0]LogDerivedDataCache: Loaded boot cache 0.51s 41MB C:/Users/user/AppData/Local/UnrealEngine/4.10/DerivedDataCache/Boot.ddc.
[2016.02.23-09.35.49:723][  0]LogDerivedDataCache:Display: Loaded Boot cache: C:/Users/user/AppData/Local/UnrealEngine/4.10/DerivedDataCache/Boot.ddc
[2016.02.23-09.35.49:723][  0]LogDerivedDataCache: FDerivedDataBackendGraph:  Pak pak cache file ../../../../../../Users/user/Game Development/Anthrocratos/Anthrocratos_UE4/DerivedDataCache/DDC.ddp not found, will not use a pak cache.
[2016.02.23-09.35.49:724][  0]LogDerivedDataCache: Unable to find inner node Pak for hierarchical cache Hierarchy.
[2016.02.23-09.35.49:724][  0]LogDerivedDataCache: FDerivedDataBackendGraph:  CompressedPak pak cache file ../../../../../../Users/user/Game Development/Anthrocratos/Anthrocratos_UE4/DerivedDataCache/Compressed.ddp not found, will not use a pak cache.
[2016.02.23-09.35.49:724][  0]LogDerivedDataCache: Unable to find inner node CompressedPak for hierarchical cache Hierarchy.
[2016.02.23-09.35.49:931][  0]LogDerivedDataCache:Display: Pak cache opened for reading ../../../Engine/DerivedDataCache/Compressed.ddp.
[2016.02.23-09.35.49:962][  0]LogDerivedDataCache: Using Local data cache path C:/Users/user/AppData/Local/UnrealEngine/Common/DerivedDataCache: Writable
[2016.02.23-09.36.01:649][  0]LogInit: Selected Device Profile: [Windows]
[2016.02.23-09.36.01:780][  0]LogContentStreaming: Texture pool size is 0.000000MB
[2016.02.23-09.36.04:059][  0]LogMeshUtilities: No automatic mesh reduction module available
[2016.02.23-09.36.04:059][  0]LogMeshUtilities: No automatic mesh merging module available
[2016.02.23-09.36.08:469][  0]LogInit: WinSock: version 1.1 (2.2), MaxSocks=32767, MaxUdp=65467
[2016.02.23-09.36.41:844][  0]UdpMessaging: Initializing bridge on interface 0.0.0.0:0 to multicast group 230.0.0.1:6666.
[2016.02.23-09.36.42:909][  0]LogAssetRegistry: FAssetRegistry took 0.0151 seconds to start up
[2016.02.23-09.36.45:925][  0]SourceControl: Info Source control is disabled
[2016.02.23-09.36.46:533][  0]SourceControl: Info Source control is disabled
[2016.02.23-09.36.46:617][  0]SourceControl: Info Source control is disabled
[2016.02.23-09.36.46:668][  0]SourceControl: Info Source control is disabled
[2016.02.23-09.36.48:402][  0]LogObj: 28637 objects as part of root set at end of initial load.
[2016.02.23-09.36.48:402][  0]LogUObjectAllocator: 6101776 out of 0 bytes used by permanent object pool.
[2016.02.23-09.36.49:169][  0]LogEngine: Initializing Engine...
[2016.02.23-09.36.49:274][  0]LogHMD: Can't find Oculus library dev build: is proper Runtime installed? Version: 0.8.0.0
[2016.02.23-09.36.49:360][  0]LogHMD: SteamVR failed to initialize.  Err: 110
[2016.02.23-09.36.50:573][  0]LogAIModule: Creating AISystem for world NewWorld
[2016.02.23-09.36.50:799][  0]LogInit: XAudio2 using 'Speakers (VIA HD Audio(Win 10))' : 2 channels at 48 kHz using 32 bits per sample (channel mask 0x3)
[2016.02.23-09.36.51:270][  0]LogInit: FAudioDevice initialized.
[2016.02.23-09.36.51:324][  0]LogDerivedDataCache: Saved boot cache 0.05s 41MB C:/Users/user/AppData/Local/UnrealEngine/4.10/DerivedDataCache/Boot.ddc.
[2016.02.23-09.36.51:334][  0]LogInit: Texture streaming: Enabled
[2016.02.23-09.36.51:570][  0]LogAnalytics: Creating configured Analytics provider AnalyticsET
[2016.02.23-09.36.51:571][  0]LogAnalytics: [UEEditor.Rocket.Release] APIServer = http://et2.epicgames.com/ET2/. AppVersion = 4.10.2-2818068+++depot+UE4-Releases+4.10
[2016.02.23-09.36.51:571][  0]LogAnalytics: [UEEditor.Rocket.Release] SetUserId 2066524940ef926c0d39eaab01bb3fef|ab08d7ce0f414bdba0971ea2fb4514a5|983d4c96-a536-4e9e-82d9-7415bf2a8174
[2016.02.23-09.36.51:591][  0]LogAnalytics: [UEEditor.Rocket.Release] AnalyticsET::StartSession
[2016.02.23-09.36.51:899][  0]LogInit: Transaction tracking system initialized
[2016.02.23-09.36.52:390][  0]BlueprintLog: New page: Editor Load
[2016.02.23-09.36.54:357][  0]LocalizationService: Info Localization service is disabled
[2016.02.23-09.36.55:055][  0]LogConsoleResponse:Display: 
[2016.02.23-09.36.57:796][  0]LogFileCache: Scanning file cache for directory 'C:/Users/user/Game Development/Anthrocratos/Anthrocratos_UE4/Content/' took 0.04s
[2016.02.23-09.36.57:796][  0]LogCook:Display: Done creating registry. It took  0.00s.
[2016.02.23-09.36.58:958][  0]SourceControl: Info Source control is disabled
[2016.02.23-09.36.59:022][  0]Cmd: MAP LOAD FILE="../../../../../../Users/user/Game Development/Anthrocratos/Anthrocratos_UE4/Content/Levels/Kieran-Test.umap" TEMPLATE=0 SHOWPROGRESS=1 FEATURELEVEL=3
[2016.02.23-09.36.59:190][  0]LightingResults: New page: Lighting Build
[2016.02.23-09.36.59:405][  0]MapCheck: New page: Map Check
[2016.02.23-09.36.59:405][  0]LightingResults: New page: Lighting Build
[2016.02.23-09.36.59:765][  0]LogParticles: Destroying 0 GPU particle simulations for FXSystem 0x0000007871217B00
[2016.02.23-09.37.00:839][  0]LogLinker:Warning: CreateExport: Failed to load Parent for Function /Game/Blueprints/CityCentre.CityCentre_C:UserConstructionScript; removing parent information, but keeping function
[2016.02.23-09.37.01:018][  0]LogLinker:Warning: CreateExport: Failed to load Parent for Function /Game/Blueprints/DesertTile.DesertTile_C:UserConstructionScript; removing parent information, but keeping function
[2016.02.23-09.37.01:059][  0]LogLinker:Warning: CreateExport: Failed to load Parent for Function /Game/Blueprints/FieldTile.FieldTile_C:UserConstructionScript; removing parent information, but keeping function
[2016.02.23-09.37.01:186][  0]LogLinker:Warning: CreateExport: Failed to load Parent for Function /Game/Blueprints/ForestTile.ForestTile_C:UserConstructionScript; removing parent information, but keeping function
[2016.02.23-09.37.01:330][  0]LogLinker:Warning: CreateExport: Failed to load Parent for Function /Game/Blueprints/MountainTile.MountainTile_C:UserConstructionScript; removing parent information, but keeping function
[2016.02.23-09.37.02:735][  0]LogAIModule: Creating AISystem for world Kieran-Test
[2016.02.23-09.37.02:925][  0]LogEditorServer: Finished looking for orphan Actors (0.000 secs)
[2016.02.23-09.37.02:974][  0]Cmd: MAP CHECKDEP NOCLEARLOG
[2016.02.23-09.37.03:084][  0]MapCheck: Info Map check complete: 0 Error(s), 0 Warning(s), took 109.957ms to complete.
[2016.02.23-09.37.03:084][  0]LogFileHelpers: Loading map 'Kieran-Test' took 4.083
[2016.02.23-09.37.04:156][  0]LogCollectionManager: Loaded 0 collections in 0.008041 seconds
[2016.02.23-09.37.04:308][  0]LogFileCache: Scanning file cache for directory 'C:/Users/user/Game Development/Anthrocratos/Anthrocratos_UE4/Saved/Collections/' took 0.01s
[2016.02.23-09.37.04:308][  0]LogFileCache: Scanning file cache for directory 'C:/Users/user/Game Development/Anthrocratos/Anthrocratos_UE4/Content/Developers/user/Collections/' took 0.01s
[2016.02.23-09.37.04:308][  0]LogFileCache: Scanning file cache for directory 'C:/Users/user/Game Development/Anthrocratos/Anthrocratos_UE4/Content/Collections/' took 0.01s
[2016.02.23-09.37.04:308][  0]LogCollectionManager: Rebuilt the GUID cache for 0 collections in 0.000005 seconds
[2016.02.23-09.37.04:387][  0]LogContentBrowser: Native class hierarchy populated in 0.0781 seconds. Added 1894 classes and 340 folders.
[2016.02.23-09.37.04:464][  0]LogContentBrowser: Native class hierarchy updated for 'WidgetCarousel' in 0.0034 seconds. Added 0 classes and 0 folders.
[2016.02.23-09.37.06:143][  0]LogContentBrowser: Native class hierarchy updated for 'AddContentDialog' in 0.0020 seconds. Added 0 classes and 0 folders.
[2016.02.23-09.37.06:643][  0]LogContentBrowser: Native class hierarchy updated for 'SceneOutliner' in 0.0019 seconds. Added 1 classes and 2 folders.
[2016.02.23-09.37.08:610][  0]LogCrashTracker: Crashtracker disabled due to settings.
[2016.02.23-09.37.08:846][  0]LogUObjectGlobals:Warning: Failed to find object 'Class None.'
[2016.02.23-09.37.08:921][  0]LogLoad: Full Startup: 95.20 seconds (BP compile: 0.75 seconds)
[2016.02.23-09.37.08:972][  0]LogOcInput: Can't find Oculus library dev build: is proper Runtime installed? Version: 0.8.0.0
[2016.02.23-09.37.10:123][  0]LogContentStreaming: Texture pool size now 1000 MB
[2016.02.23-09.37.11:543][  0]LogRenderer: Reallocating scene render targets to support 908x580 (Frame:2).
[2016.02.23-09.37.12:767][  1]LogFileCache: Retrieving MD5 hashes for directory 'C:/Users/user/Game Development/Anthrocratos/Anthrocratos_UE4/Content/' took 3.73s
[2016.02.23-09.37.13:869][  9]LogAssetRegistry: Asset discovery search completed in 30.9740 seconds
[2016.02.23-09.37.13:971][  9]LogCollectionManager: Rebuilt the object cache for 0 collections in 0.000001 seconds (found 0 objects)
[2016.02.23-09.37.13:971][  9]LogCollectionManager: Fixed up redirectors for 0 collections in 0.074623 seconds (updated 0 objects)
[2016.02.23-09.37.23:757][502]LogLinker:Warning: Asset '../../../Engine/Content/ArtTools/RenderToTexture/Macros/RenderToTextureMacros.uasset' has been saved with empty engine version. The asset will be loaded but may be incompatible.
[2016.02.23-09.37.25:025][502]LogContentBrowser: Native class hierarchy updated for 'BlueprintGraph' in 0.0029 seconds. Added 107 classes and 0 folders.
[2016.02.23-09.37.41:860][889]LogRenderer: Reallocating scene render targets to support 908x620 (Frame:826).
[2016.02.23-09.47.09:584][424]LogParticles: Destroying 0 GPU particle simulations for FXSystem 0x000000787D352F20
[2016.02.23-09.47.09:589][424]LogParticles: Destroying 0 GPU particle simulations for FXSystem 0x000000781D1A6B60
[2016.02.23-09.47.09:603][424]LogFileHelpers: Editor autosave (incl. sublevels) for '/Game/Levels/Kieran-Test' took 0.077
[2016.02.23-09.47.09:609][424]OBJ SavePackage: Generating thumbnails for [1] asset(s) in package [/Game/Blueprints/TestBuilding] ([1] browsable assets)...
[2016.02.23-09.47.09:640][424]OBJ SavePackage:     Rendered thumbnail for [Blueprint /Game/Blueprints/TestBuilding.TestBuilding]
[2016.02.23-09.47.09:640][424]OBJ SavePackage: Finished generating thumbnails for package [/Game/Blueprints/TestBuilding]
[2016.02.23-09.47.09:740][424]LogSavePackage: Save=37.431572ms
[2016.02.23-09.47.09:740][424]LogSavePackage: Moving '../../../../../../Users/user/Game Development/Anthrocratos/Anthrocratos_UE4/Saved/TestBuilding_Auto1591F33984E747879BD9169869A049244.tmp' to '../../../../../../Users/user/Game Development/Anthrocratos/Anthrocratos_UE4/Saved/Autosaves/Game/Blueprints/TestBuilding_Auto1.uasset'
[2016.02.23-09.47.09:742][424]LogSavePackage: Total save time: 99.221274ms
[2016.02.23-09.47.09:742][424]LogSavePackage:Display: Finished SavePackage ../../../../../../Users/user/Game Development/Anthrocratos/Anthrocratos_UE4/Saved/Autosaves/Game/Blueprints/TestBuilding_Auto1.uasset
[2016.02.23-09.47.09:742][424]LogFileHelpers: Auto-saving content packages took 0.138
[2016.02.23-09.52.06:314][524]LogActorComponent: UnregisterComponent: (/Engine/Transient.EditorFloorComp) Not registered. Aborting.
[2016.02.23-09.57.32:212][775]LogBlueprintUserMessages: Early PlayInEditor Detection: Level '/Game/Levels/Kieran-Test.Kieran-Test:PersistentLevel' has LevelScriptBlueprint '/Game/Levels/Kieran-Test.Kieran-Test:PersistentLevel.Kieran-Test' with GeneratedClass '/Game/Levels/Kieran-Test.Kieran-Test_C' with ClassGeneratedBy '/Game/Levels/Kieran-Test.Kieran-Test:PersistentLevel.Kieran-Test'
[2016.02.23-09.57.32:213][775]BlueprintLog: New page: Pre-Play auto-recompile
[2016.02.23-09.57.32:214][775]LogPlayLevel: [PlayLevel] Compiling TestBuilding before play...
[2016.02.23-09.57.32:282][775]LogParticles: Destroying 0 GPU particle simulations for FXSystem 0x000000783D624FE0
[2016.02.23-09.57.32:284][775]LogParticles: Destroying 0 GPU particle simulations for FXSystem 0x000000780E836160
[2016.02.23-09.57.32:286][775]LogParticles: Destroying 0 GPU particle simulations for FXSystem 0x000000781D0C44A0
[2016.02.23-09.57.32:429][775]LogPlayLevel: PlayLevel: Blueprint regeneration took 216 ms (3 blueprints)
[2016.02.23-09.57.32:430][775]LogPlayLevel: [PlayLevel] Compiling CityCentre before play...
[2016.02.23-09.57.32:503][775]LogPlayLevel: PlayLevel: Blueprint regeneration took 290 ms (3 blueprints)
[2016.02.23-09.57.32:506][775]LogPlayLevel: [PlayLevel] Compiling GameTileSpawner before play...
[2016.02.23-09.57.32:692][775]LogPlayLevel: PlayLevel: Blueprint regeneration took 479 ms (3 blueprints)
[2016.02.23-09.57.32:765][775]PIE: New page: PIE session: Kieran-Test (23 Feb 2016 09:57:32)
[2016.02.23-09.57.32:765][775]LogPlayLevel: Creating play world package: /Game/Levels/UEDPIE_0_Kieran-Test
[2016.02.23-09.57.32:772][775]LogPlayLevel: PIE: StaticDuplicateObject took: (0.006547s)
[2016.02.23-09.57.32:773][775]LogAIModule: Creating AISystem for world Kieran-Test
[2016.02.23-09.57.32:774][775]LogPlayLevel: PIE: World Init took: (0.001892s)
[2016.02.23-09.57.32:774][775]LogPlayLevel: PIE: Created PIE world by copying editor world from /Game/Levels/Kieran-Test.Kieran-Test to /Game/Levels/UEDPIE_0_Kieran-Test.Kieran-Test (0.009115s)
[2016.02.23-09.57.32:834][775]LogInit: XAudio2 using 'Speakers (VIA HD Audio(Win 10))' : 2 channels at 48 kHz using 32 bits per sample (channel mask 0x3)
[2016.02.23-09.57.32:853][775]LogInit: FAudioDevice initialized.
[2016.02.23-09.57.33:026][775]LogWorld: Game class is 'Anthrocratos_UE4GameMode'
[2016.02.23-09.57.33:059][775]LogWorld: Bringing World /Game/Levels/UEDPIE_0_Kieran-Test.Kieran-Test up for play (max tick rate 0) at 2016.02.23-09.57.33
[2016.02.23-09.57.33:059][775]LogActor:Warning: GameSession /Game/Levels/UEDPIE_0_Kieran-Test.Kieran-Test:PersistentLevel.GameSession_0 has natively added scene component(s), but none of them were set as the actor's RootComponent - picking one arbitrarily
[2016.02.23-09.57.33:060][775]LogActor:Warning: GameNetworkManager /Game/Levels/UEDPIE_0_Kieran-Test.Kieran-Test:PersistentLevel.GameNetworkManager_0 has natively added scene component(s), but none of them were set as the actor's RootComponent - picking one arbitrarily
[2016.02.23-09.57.33:060][775]LogWorld: Bringing up level for play took: 0.004030
[2016.02.23-09.57.33:075][775]LogBlueprintUserMessages: [GameTileSpawner_C_1] TilesGenerated
[2016.02.23-09.57.33:079][775]LogBlueprintUserMessages: [GameTileSpawner_C_1] out of bounds
[2016.02.23-09.57.33:082][775]LogBlueprintUserMessages: [GameTileSpawner_C_1] spawned biome
[2016.02.23-09.57.33:084][775]LogBlueprintUserMessages: [GameTileSpawner_C_1] out of bounds
[2016.02.23-09.57.33:085][775]LogBlueprintUserMessages: [GameTileSpawner_C_1] out of bounds
[2016.02.23-09.57.33:085][775]LogBlueprintUserMessages: [GameTileSpawner_C_1] out of bounds
[2016.02.23-09.57.33:085][775]LogBlueprintUserMessages: [GameTileSpawner_C_1] out of bounds
[2016.02.23-09.57.33:086][775]LogBlueprintUserMessages: [GameTileSpawner_C_1] out of bounds
[2016.02.23-09.57.33:086][775]LogBlueprintUserMessages: [GameTileSpawner_C_1] out of bounds
[2016.02.23-09.57.33:087][775]LogBlueprintUserMessages: [GameTileSpawner_C_1] out of bounds
[2016.02.23-09.57.33:087][775]LogBlueprintUserMessages: [GameTileSpawner_C_1] spawned biome
[2016.02.23-09.57.33:089][775]LogBlueprintUserMessages: [GameTileSpawner_C_1] out of bounds
[2016.02.23-09.57.33:091][775]LogBlueprintUserMessages: [GameTileSpawner_C_1] out of bounds
[2016.02.23-09.57.33:093][775]LogBlueprintUserMessages: [GameTileSpawner_C_1] spawned biome
[2016.02.23-09.57.33:118][775]PIE: Info Play in editor start time for /Game/Levels/UEDPIE_0_Kieran-Test 1.425
[2016.02.23-09.57.33:118][775]LogBlueprintUserMessages: Late PlayInEditor Detection: Level '/Game/Levels/Kieran-Test.Kieran-Test:PersistentLevel' has LevelScriptBlueprint '/Game/Levels/Kieran-Test.Kieran-Test:PersistentLevel.Kieran-Test' with GeneratedClass '/Game/Levels/Kieran-Test.Kieran-Test_C' with ClassGeneratedBy '/Game/Levels/Kieran-Test.Kieran-Test:PersistentLevel.Kieran-Test'
[2016.02.23-09.59.42:059][450]LogBlueprintUserMessages: Early EndPlayMap Detection: Level '/Game/Levels/Kieran-Test.Kieran-Test:PersistentLevel' has LevelScriptBlueprint '/Game/Levels/Kieran-Test.Kieran-Test:PersistentLevel.Kieran-Test' with GeneratedClass '/Game/Levels/Kieran-Test.Kieran-Test_C' with ClassGeneratedBy '/Game/Levels/Kieran-Test.Kieran-Test:PersistentLevel.Kieran-Test'
[2016.02.23-09.59.42:181][450]LogBlueprintUserMessages: Late EndPlayMap Detection: Level '/Game/Levels/Kieran-Test.Kieran-Test:PersistentLevel' has LevelScriptBlueprint '/Game/Levels/Kieran-Test.Kieran-Test:PersistentLevel.Kieran-Test' with GeneratedClass '/Game/Levels/Kieran-Test.Kieran-Test_C' with ClassGeneratedBy '/Game/Levels/Kieran-Test.Kieran-Test:PersistentLevel.Kieran-Test'
[2016.02.23-09.59.42:294][451]LogParticles: Destroying 0 GPU particle simulations for FXSystem 0x00000078618DCF40
[2016.02.23-10.00.04:981][413]LogRenderer: Reallocating scene render targets to support 1144x712 (Frame:64037).
[2016.02.23-10.00.41:892][ 22]LogParticles: Destroying 0 GPU particle simulations for FXSystem 0x000000785E620FE0
[2016.02.23-10.00.42:048][ 22]LogSavePackage: Save=96.101944ms
[2016.02.23-10.00.42:049][ 22]LogSavePackage: Moving '../../../../../../Users/user/Game Development/Anthrocratos/Anthrocratos_UE4/Saved/Kieran-Test_Auto296FC60D94936F951DEFB5EBDDCE423EA.tmp' to '../../../../../../Users/user/Game Development/Anthrocratos/Anthrocratos_UE4/Saved/Autosaves/Game/Levels/Kieran-Test_Auto2.umap'
[2016.02.23-10.00.42:054][ 22]LogSavePackage: Total save time: 148.734409ms
[2016.02.23-10.00.42:054][ 22]LogSavePackage:Display: Finished SavePackage ../../../../../../Users/user/Game Development/Anthrocratos/Anthrocratos_UE4/Saved/Autosaves/Game/Levels/Kieran-Test_Auto2.umap
[2016.02.23-10.00.42:076][ 22]LogFileHelpers: Editor autosave (incl. sublevels) for '/Game/Levels/Kieran-Test' took 0.230
[2016.02.23-10.00.42:076][ 22]LogFileHelpers: Editor autosave (incl. sublevels) for all levels took 0.230
[2016.02.23-10.00.42:088][ 22]OBJ SavePackage: Generating thumbnails for [0] asset(s) in package [/Game/Blueprints/TestBuilding] ([1] browsable assets)...
[2016.02.23-10.00.42:088][ 22]OBJ SavePackage: Finished generating thumbnails for package [/Game/Blueprints/TestBuilding]
[2016.02.23-10.00.42:211][ 22]LogSavePackage: Save=33.073620ms
[2016.02.23-10.00.42:211][ 22]LogSavePackage: Moving '../../../../../../Users/user/Game Development/Anthrocratos/Anthrocratos_UE4/Saved/TestBuilding_Auto2230E055647D5451101E5F5806629A5DB.tmp' to '../../../../../../Users/user/Game Development/Anthrocratos/Anthrocratos_UE4/Saved/Autosaves/Game/Blueprints/TestBuilding_Auto2.uasset'
[2016.02.23-10.00.42:230][ 22]LogSavePackage: Total save time: 137.222689ms
[2016.02.23-10.00.42:230][ 22]LogSavePackage:Display: Finished SavePackage ../../../../../../Users/user/Game Development/Anthrocratos/Anthrocratos_UE4/Saved/Autosaves/Game/Blueprints/TestBuilding_Auto2.uasset
[2016.02.23-10.00.42:230][ 22]LogFileHelpers: Auto-saving content packages took 0.151
[2016.02.23-10.02.27:554][860]LogActorComponent: UnregisterComponent: (/Engine/Transient.EditorFloorComp) Not registered. Aborting.
[2016.02.23-10.02.29:066][948]LogBlueprintUserMessages: Early PlayInEditor Detection: Level '/Game/Levels/Kieran-Test.Kieran-Test:PersistentLevel' has LevelScriptBlueprint '/Game/Levels/Kieran-Test.Kieran-Test:PersistentLevel.Kieran-Test' with GeneratedClass '/Game/Levels/Kieran-Test.Kieran-Test_C' with ClassGeneratedBy '/Game/Levels/Kieran-Test.Kieran-Test:PersistentLevel.Kieran-Test'
[2016.02.23-10.02.29:066][948]LogPlayLevel: PlayLevel: No blueprints needed recompiling
[2016.02.23-10.02.29:067][948]PIE: New page: PIE session: Kieran-Test (23 Feb 2016 10:02:29)
[2016.02.23-10.02.29:067][948]LogPlayLevel: Creating play world package: /Game/Levels/UEDPIE_0_Kieran-Test
[2016.02.23-10.02.29:071][948]LogPlayLevel: PIE: StaticDuplicateObject took: (0.004307s)
[2016.02.23-10.02.29:072][948]LogAIModule: Creating AISystem for world Kieran-Test
[2016.02.23-10.02.29:073][948]LogPlayLevel: PIE: World Init took: (0.001430s)
[2016.02.23-10.02.29:073][948]LogPlayLevel: PIE: Created PIE world by copying editor world from /Game/Levels/Kieran-Test.Kieran-Test to /Game/Levels/UEDPIE_0_Kieran-Test.Kieran-Test (0.006207s)
[2016.02.23-10.02.29:112][948]LogParticles: Destroying 0 GPU particle simulations for FXSystem 0x000000781D046FC0
[2016.02.23-10.02.29:114][948]LogParticles: Destroying 0 GPU particle simulations for FXSystem 0x000000781F3422A0
[2016.02.23-10.02.29:121][948]LogInit: XAudio2 using 'Speakers (VIA HD Audio(Win 10))' : 2 channels at 48 kHz using 32 bits per sample (channel mask 0x3)
[2016.02.23-10.02.29:137][948]LogInit: FAudioDevice initialized.
[2016.02.23-10.02.29:181][948]LogWorld: Game class is 'Anthrocratos_UE4GameMode'
[2016.02.23-10.02.29:184][948]LogWorld: Bringing World /Game/Levels/UEDPIE_0_Kieran-Test.Kieran-Test up for play (max tick rate 0) at 2016.02.23-10.02.29
[2016.02.23-10.02.29:184][948]LogActor:Warning: GameSession /Game/Levels/UEDPIE_0_Kieran-Test.Kieran-Test:PersistentLevel.GameSession_1 has natively added scene component(s), but none of them were set as the actor's RootComponent - picking one arbitrarily
[2016.02.23-10.02.29:185][948]LogActor:Warning: GameNetworkManager /Game/Levels/UEDPIE_0_Kieran-Test.Kieran-Test:PersistentLevel.GameNetworkManager_1 has natively added scene component(s), but none of them were set as the actor's RootComponent - picking one arbitrarily
[2016.02.23-10.02.29:185][948]LogWorld: Bringing up level for play took: 0.002436
[2016.02.23-10.02.29:189][948]LogBlueprintUserMessages: [GameTileSpawner_C_1] TilesGenerated
[2016.02.23-10.02.29:211][948]LogBlueprintUserMessages: [GameTileSpawner_C_1] out of bounds
[2016.02.23-10.02.29:211][948]LogBlueprintUserMessages: [GameTileSpawner_C_1] out of bounds
[2016.02.23-10.02.29:214][948]LogBlueprintUserMessages: [GameTileSpawner_C_1] out of bounds
[2016.02.23-10.02.29:214][948]LogBlueprintUserMessages: [GameTileSpawner_C_1] spawned biome
[2016.02.23-10.02.29:216][948]LogBlueprintUserMessages: [GameTileSpawner_C_1] out of bounds
[2016.02.23-10.02.29:217][948]LogBlueprintUserMessages: [GameTileSpawner_C_1] spawned biome
[2016.02.23-10.02.29:221][948]LogBlueprintUserMessages: [GameTileSpawner_C_1] spawned biome
[2016.02.23-10.02.29:235][948]PIE: Info Play in editor start time for /Game/Levels/UEDPIE_0_Kieran-Test -0.458
[2016.02.23-10.02.29:235][948]LogBlueprintUserMessages: Late PlayInEditor Detection: Level '/Game/Levels/Kieran-Test.Kieran-Test:PersistentLevel' has LevelScriptBlueprint '/Game/Levels/Kieran-Test.Kieran-Test:PersistentLevel.Kieran-Test' with GeneratedClass '/Game/Levels/Kieran-Test.Kieran-Test_C' with ClassGeneratedBy '/Game/Levels/Kieran-Test.Kieran-Test:PersistentLevel.Kieran-Test'
[2016.02.23-10.02.47:100][910]LogBlueprintUserMessages: Early EndPlayMap Detection: Level '/Game/Levels/Kieran-Test.Kieran-Test:PersistentLevel' has LevelScriptBlueprint '/Game/Levels/Kieran-Test.Kieran-Test:PersistentLevel.Kieran-Test' with GeneratedClass '/Game/Levels/Kieran-Test.Kieran-Test_C' with ClassGeneratedBy '/Game/Levels/Kieran-Test.Kieran-Test:PersistentLevel.Kieran-Test'
[2016.02.23-10.02.47:147][910]LogBlueprintUserMessages: Late EndPlayMap Detection: Level '/Game/Levels/Kieran-Test.Kieran-Test:PersistentLevel' has LevelScriptBlueprint '/Game/Levels/Kieran-Test.Kieran-Test:PersistentLevel.Kieran-Test' with GeneratedClass '/Game/Levels/Kieran-Test.Kieran-Test_C' with ClassGeneratedBy '/Game/Levels/Kieran-Test.Kieran-Test:PersistentLevel.Kieran-Test'
[2016.02.23-10.02.47:201][910]LogParticles: Destroying 0 GPU particle simulations for FXSystem 0x0000007832339B20
[2016.02.23-10.04.17:454][845]Cmd: QUIT_EDITOR
[2016.02.23-10.04.17:846][845]LogWindowsTextInputMethodSystem:Display: IME system now deactivated.
[2016.02.23-10.04.18:021][845]LogExit: Preparing to exit.
[2016.02.23-10.04.19:171][845]LogExit: Editor shut down
[2016.02.23-10.04.19:172][845]LogExit: Transaction tracking system shut down
[2016.02.23-10.04.19:206][845]LogParticles: Destroying 0 GPU particle simulations for FXSystem 0x00000078655AC400
[2016.02.23-10.04.19:206][845]LogParticles: Destroying 0 GPU particle simulations for FXSystem 0x000000787D351300
[2016.02.23-10.04.19:209][845]LogParticles: Destroying 0 GPU particle simulations for FXSystem 0x000000787D1A2020
[2016.02.23-10.04.19:209][845]LogParticles: Destroying 0 GPU particle simulations for FXSystem 0x000000786CA8D760
[2016.02.23-10.04.19:214][845]LogParticles: Destroying 0 GPU particle simulations for FXSystem 0x0000007844C3AFC0
[2016.02.23-10.04.19:838][845]LogExit: Object subsystem successfully closed.
[2016.02.23-10.04.19:992][845]LogD3D11RHI: Shutdown
[2016.02.23-10.04.19:992][845]LogD3D11RHI: CleanupD3DDevice
[2016.02.23-10.04.20:266][845]LogD3D11RHI: ~FD3D11DynamicRHI
[2016.02.23-10.04.20:477][845]LogModuleManager: Shutting down and abandoning module CookingStats (201)
[2016.02.23-10.04.20:477][845]LogModuleManager: Shutting down and abandoning module BlueprintGraph (200)
[2016.02.23-10.04.20:477][845]LogModuleManager: Shutting down and abandoning module CrashTracker (199)
[2016.02.23-10.04.20:477][845]LogModuleManager: Shutting down and abandoning module SceneOutliner (198)
[2016.02.23-10.04.20:477][845]LogModuleManager: Shutting down and abandoning module SuperSearch (197)
[2016.02.23-10.04.20:477][845]LogModuleManager: Shutting down and abandoning module WidgetCarousel (196)
[2016.02.23-10.04.20:477][845]LogModuleManager: Shutting down and abandoning module AddContentDialog (195)
[2016.02.23-10.04.20:486][845]LogModuleManager: Shutting down and abandoning module EditorWidgets (194)
[2016.02.23-10.04.20:486][845]LogModuleManager: Shutting down and abandoning module CollectionManager (193)
[2016.02.23-10.04.20:487][845]LogModuleManager: Shutting down and abandoning module StatsViewer (192)
[2016.02.23-10.04.20:487][845]LogModuleManager: Shutting down and abandoning module FoliageEdit (191)
[2016.02.23-10.04.20:487][845]LogModuleManager: Shutting down and abandoning module LandscapeEditor (190)
[2016.02.23-10.04.20:498][845]LogModuleManager: Shutting down and abandoning module ActorPickerMode (189)
[2016.02.23-10.04.20:498][845]LogModuleManager: Shutting down and abandoning module GeometryMode (188)
[2016.02.23-10.04.20:498][845]LogModuleManager: Shutting down and abandoning module TextureAlignMode (187)
[2016.02.23-10.04.20:498][845]LogModuleManager: Shutting down and abandoning module BspMode (186)
[2016.02.23-10.04.20:498][845]LogModuleManager: Shutting down and abandoning module PlacementMode (185)
[2016.02.23-10.04.20:498][845]LogModuleManager: Shutting down and abandoning module AutomationWorker (184)
[2016.02.23-10.04.20:498][845]LogModuleManager: Shutting down and abandoning module CharacterAI (183)
[2016.02.23-10.04.20:498][845]LogModuleManager: Shutting down and abandoning module SmartSnapping (182)
[2016.02.23-10.04.20:498][845]LogModuleManager: Shutting down and abandoning module ViewportSnapping (181)
[2016.02.23-10.04.20:498][845]LogModuleManager: Shutting down and abandoning module LogVisualizer (180)
[2016.02.23-10.04.20:499][845]LogModuleManager: Shutting down and abandoning module GameProjectGeneration (179)
[2016.02.23-10.04.20:511][845]LogModuleManager: Shutting down and abandoning module IntroTutorials (178)
[2016.02.23-10.04.20:511][845]LogModuleManager: Shutting down and abandoning module EditorLiveStreaming (177)
[2016.02.23-10.04.20:511][845]LogModuleManager: Shutting down and abandoning module IOSPlatformEditor (176)
[2016.02.23-10.04.20:512][845]LogModuleManager: Shutting down and abandoning module HTML5PlatformEditor (175)
[2016.02.23-10.04.20:512][845]LogModuleManager: Shutting down and abandoning module AndroidDeviceDetection (174)
[2016.02.23-10.04.20:605][845]LogModuleManager: Shutting down and abandoning module AndroidPlatformEditor (173)
[2016.02.23-10.04.20:605][845]LogModuleManager: Shutting down and abandoning module IOSRuntimeSettings (172)
[2016.02.23-10.04.20:605][845]LogModuleManager: Shutting down and abandoning module AndroidRuntimeSettings (171)
[2016.02.23-10.04.20:605][845]LogModuleManager: Shutting down and abandoning module MergeActors (170)
[2016.02.23-10.04.20:605][845]LogModuleManager: Shutting down and abandoning module SizeMap (169)
[2016.02.23-10.04.20:605][845]LogModuleManager: Shutting down and abandoning module TreeMap (168)
[2016.02.23-10.04.20:605][845]LogModuleManager: Shutting down and abandoning module ReferenceViewer (167)
[2016.02.23-10.04.20:605][845]LogModuleManager: Shutting down and abandoning module LocalizationService (166)
[2016.02.23-10.04.20:605][845]LogModuleManager: Shutting down and abandoning module LocalizationDashboard (165)
[2016.02.23-10.04.20:617][845]LogModuleManager: Shutting down and abandoning module HardwareTargeting (164)
[2016.02.23-10.04.20:617][845]LogModuleManager: Shutting down and abandoning module DeviceProfileEditor (163)
[2016.02.23-10.04.20:618][845]LogModuleManager: Shutting down and abandoning module UndoHistory (162)
[2016.02.23-10.04.20:618][845]LogModuleManager: Shutting down and abandoning module GameplayTagsEditor (161)
[2016.02.23-10.04.20:618][845]LogModuleManager: Shutting down and abandoning module UserFeedback (160)
[2016.02.23-10.04.20:618][845]LogModuleManager: Shutting down and abandoning module XmlParser (159)
[2016.02.23-10.04.20:618][845]LogModuleManager: Shutting down and abandoning module Blutility (158)
[2016.02.23-10.04.20:618][845]LogModuleManager: Shutting down and abandoning module ProjectTargetPlatformEditor (157)
[2016.02.23-10.04.20:618][845]LogModuleManager: Shutting down and abandoning module ProjectSettingsViewer (156)
[2016.02.23-10.04.20:619][845]LogModuleManager: Shutting down and abandoning module InputBindingEditor (155)
[2016.02.23-10.04.20:619][845]LogModuleManager: Shutting down and abandoning module EditorSettingsViewer (154)
[2016.02.23-10.04.20:619][845]LogModuleManager: Shutting down and abandoning module SettingsEditor (153)
[2016.02.23-10.04.20:619][845]LogModuleManager: Shutting down and abandoning module ProjectLauncher (152)
[2016.02.23-10.04.20:629][845]LogModuleManager: Shutting down and abandoning module SessionFrontend (151)
[2016.02.23-10.04.20:629][845]LogModuleManager: Shutting down and abandoning module ProfilerClient (150)
[2016.02.23-10.04.20:637][845]LogModuleManager: Shutting down and abandoning module TargetDeviceServices (149)
[2016.02.23-10.04.20:637][845]LogModuleManager: Shutting down and abandoning module DeviceManager (148)
[2016.02.23-10.04.20:638][845]LogModuleManager: Shutting down and abandoning module AutomationController (147)
[2016.02.23-10.04.20:638][845]LogModuleManager: Shutting down and abandoning module AutomationWindow (146)
[2016.02.23-10.04.20:645][845]LogModuleManager: Shutting down and abandoning module Layers (145)
[2016.02.23-10.04.20:660][845]LogModuleManager: Shutting down and abandoning module ComponentVisualizers (144)
[2016.02.23-10.04.20:660][845]LogModuleManager: Shutting down and abandoning module DetailCustomizations (143)
[2016.02.23-10.04.20:660][845]LogModuleManager: Shutting down and abandoning module PackagesDialog (142)
[2016.02.23-10.04.20:660][845]LogModuleManager: Shutting down and abandoning module Persona (141)
[2016.02.23-10.04.20:679][845]LogModuleManager: Shutting down and abandoning module Kismet (140)
[2016.02.23-10.04.20:679][845]LogModuleManager: Shutting down and abandoning module GraphEditor (139)
[2016.02.23-10.04.20:680][845]LogModuleManager: Shutting down and abandoning module ClassViewer (138)
[2016.02.23-10.04.20:680][845]LogModuleManager: Shutting down and abandoning module Toolbox (137)
[2016.02.23-10.04.20:680][845]LogModuleManager: Shutting down and abandoning module ModuleUI (136)
[2016.02.23-10.04.20:688][845]LogModuleManager: Shutting down and abandoning module MovieSceneTools (135)
[2016.02.23-10.04.20:688][845]LogModuleManager: Shutting down and abandoning module OutputLog (134)
[2016.02.23-10.04.20:688][845]LogModuleManager: Shutting down and abandoning module GammaUI (133)
[2016.02.23-10.04.20:695][845]LogModuleManager: Shutting down and abandoning module Documentation (132)
[2016.02.23-10.04.20:696][845]LogModuleManager: Shutting down and abandoning module GameLiveStreaming (131)
[2016.02.23-10.04.20:696][845]LogModuleManager: Shutting down and abandoning module StreamingPauseRendering (130)
[2016.02.23-10.04.20:696][845]LogModuleManager: Shutting down and abandoning module AnalyticsET (129)
[2016.02.23-10.04.20:696][845]LogModuleManager: Shutting down and abandoning module Analytics (128)
[2016.02.23-10.04.20:696][845]LogModuleManager: Shutting down and abandoning module AITestSuite (127)
[2016.02.23-10.04.20:696][845]LogModuleManager: Shutting down and abandoning module GameplayDebugger (126)
[2016.02.23-10.04.20:696][845]LogModuleManager: Shutting down and abandoning module AIModule (125)
[2016.02.23-10.04.20:696][845]LogModuleManager: Shutting down and abandoning module ProfilerService (124)
[2016.02.23-10.04.20:906][845]LogModuleManager: Shutting down and abandoning module TaskGraph (123)
[2016.02.23-10.04.20:913][845]LogModuleManager: Shutting down and abandoning module SlateRemote (122)
[2016.02.23-10.04.20:913][845]LogModuleManager: Shutting down and abandoning module SteamVRController (121)
[2016.02.23-10.04.20:913][845]LogModuleManager: Shutting down and abandoning module SteamVR (120)
[2016.02.23-10.04.20:913][845]LogModuleManager: Shutting down and abandoning module ProceduralMeshComponent (119)
[2016.02.23-10.04.20:913][845]LogModuleManager: Shutting down and abandoning module OculusLibrary (118)
[2016.02.23-10.04.20:913][845]LogModuleManager: Shutting down and abandoning module OculusInput (117)
[2016.02.23-10.04.20:913][845]LogModuleManager: Shutting down and abandoning module LeapMotionController (116)
[2016.02.23-10.04.20:962][845]LogModuleManager: Shutting down and abandoning module CustomMeshComponent (115)
[2016.02.23-10.04.20:962][845]LogModuleManager: Shutting down and abandoning module CableComponent (114)
[2016.02.23-10.04.20:962][845]LogModuleManager: Shutting down and abandoning module ArchVisCharacter (113)
[2016.02.23-10.04.20:962][845]LogModuleManager: Shutting down and abandoning module MessagingDebugger (112)
[2016.02.23-10.04.20:970][845]LogModuleManager: Shutting down and abandoning module MediaPlayerEditor (111)
[2016.02.23-10.04.20:975][845]LogModuleManager: Shutting down and abandoning module HTML5Networking (110)
[2016.02.23-10.04.20:975][845]LogModuleManager: Shutting down and abandoning module SpeedTreeImporter (109)
[2016.02.23-10.04.20:975][845]LogModuleManager: Shutting down and abandoning module PluginBrowser (108)
[2016.02.23-10.04.20:982][845]LogModuleManager: Shutting down and abandoning module EpicSurvey (107)
[2016.02.23-10.04.20:982][845]LogModuleManager: Shutting down and abandoning module DesktopPlatform (106)
[2016.02.23-10.04.20:988][845]LogModuleManager: Shutting down and abandoning module VisualStudioSourceCodeAccess (105)
[2016.02.23-10.04.20:988][845]LogModuleManager: Shutting down and abandoning module UObjectPlugin (104)
[2016.02.23-10.04.20:988][845]LogModuleManager: Shutting down and abandoning module SubversionSourceControl (103)
[2016.02.23-10.04.20:988][845]LogModuleManager: Shutting down and abandoning module PerforceSourceControl (102)
[2016.02.23-10.04.20:988][845]LogModuleManager: Shutting down and abandoning module SourceControl (101)
[2016.02.23-10.04.20:997][845]LogModuleManager: Shutting down and abandoning module GitSourceControl (100)
[2016.02.23-10.04.20:997][845]LogModuleManager: Shutting down and abandoning module LightPropagationVolumeEditor (99)
[2016.02.23-10.04.20:997][845]LogModuleManager: Shutting down and abandoning module PaperTiledImporter (98)
[2016.02.23-10.04.20:997][845]LogModuleManager: Shutting down and abandoning module PaperSpriteSheetImporter (97)
[2016.02.23-10.04.20:997][845]LogModuleManager: Shutting down and abandoning module MeshPaint (96)
[2016.02.23-10.04.20:997][845]LogModuleManager: Shutting down and abandoning module SlateReflector (95)
[2016.02.23-10.04.21:002][845]LogModuleManager: Shutting down and abandoning module HotReload (94)
[2016.02.23-10.04.21:003][845]LogModuleManager: Shutting down and abandoning module MainFrame (93)
[2016.02.23-10.04.21:003][845]LogModuleManager: Shutting down and abandoning module LevelEditor (92)
[2016.02.23-10.04.21:015][845]LogModuleManager: Shutting down and abandoning module DirectoryWatcher (91)
[2016.02.23-10.04.21:022][845]LogModuleManager: Shutting down and abandoning module AssetRegistry (90)
[2016.02.23-10.04.21:217][845]LogModuleManager: Shutting down and abandoning module ContentBrowser (89)
[2016.02.23-10.04.21:219][845]LogModuleManager: Shutting down and abandoning module Paper2DEditor (88)
[2016.02.23-10.04.21:240][845]LogModuleManager: Shutting down and abandoning module Anthrocratos_UE4 (87)
[2016.02.23-10.04.21:240][845]LogModuleManager: Shutting down and abandoning module UdpMessaging (86)
[2016.02.23-10.04.21:341][845]LogModuleManager: Shutting down and abandoning module LightPropagationVolumeRuntime (85)
[2016.02.23-10.04.21:341][845]LogModuleManager: Shutting down and abandoning module Paper2D (84)
[2016.02.23-10.04.21:341][845]LogModuleManager: Shutting down and abandoning module WindowsMoviePlayer (83)
[2016.02.23-10.04.21:350][845]LogModuleManager: Shutting down and abandoning module Media (82)
[2016.02.23-10.04.21:350][845]LogModuleManager: Shutting down and abandoning module WmfMedia (81)
[2016.02.23-10.04.21:351][845]LogModuleManager: Shutting down and abandoning module OnlineBlueprintSupport (80)
[2016.02.23-10.04.21:351][845]LogModuleManager: Shutting down and abandoning module GameplayTasksEditor (79)
[2016.02.23-10.04.21:351][845]LogModuleManager: Shutting down and abandoning module PropertyEditor (78)
[2016.02.23-10.04.21:351][845]LogModuleManager: Shutting down and abandoning module BehaviorTreeEditor (77)
[2016.02.23-10.04.21:365][845]LogModuleManager: Shutting down and abandoning module FunctionalTesting (76)
[2016.02.23-10.04.21:365][845]LogModuleManager: Shutting down and abandoning module CollisionAnalyzer (75)
[2016.02.23-10.04.21:365][845]LogModuleManager: Shutting down and abandoning module WorkspaceMenuStructure (74)
[2016.02.23-10.04.21:365][845]LogModuleManager: Shutting down and abandoning module MessageLog (73)
[2016.02.23-10.04.21:365][845]LogModuleManager: Shutting down and abandoning module Sequencer (72)
[2016.02.23-10.04.21:366][845]LogModuleManager: Shutting down and abandoning module AssetTools (71)
[2016.02.23-10.04.21:386][845]LogModuleManager: Shutting down and abandoning module UMGEditor (70)
[2016.02.23-10.04.21:405][845]LogModuleManager: Shutting down and abandoning module UMG (69)
[2016.02.23-10.04.21:420][845]LogModuleManager: Shutting down and abandoning module Slate (68)
[2016.02.23-10.04.21:420][845]LogModuleManager: Shutting down and abandoning module EditorStyle (67)
[2016.02.23-10.04.21:427][845]LogModuleManager: Shutting down and abandoning module SessionServices (66)
[2016.02.23-10.04.21:427][845]LogModuleManager: Shutting down and abandoning module SourceCodeAccess (65)
[2016.02.23-10.04.21:427][845]LogModuleManager: Shutting down and abandoning module HeadMountedDisplay (64)
[2016.02.23-10.04.21:427][845]LogModuleManager: Shutting down and abandoning module XAudio2 (63)
[2016.02.23-10.04.21:427][845]LogModuleManager: Shutting down and abandoning module Networking (61)
[2016.02.23-10.04.21:427][845]LogModuleManager: Shutting down and abandoning module Core (60)
[2016.02.23-10.04.21:427][845]LogModuleManager: Shutting down and abandoning module KismetCompiler (59)
[2016.02.23-10.04.21:427][845]LogModuleManager: Shutting down and abandoning module PhysXFormats (58)
[2016.02.23-10.04.21:427][845]LogModuleManager: Shutting down and abandoning module MeshUtilities (57)
[2016.02.23-10.04.21:439][845]LogModuleManager: Shutting down and abandoning module DerivedDataCache (56)
[2016.02.23-10.04.21:513][845]LogDerivedDataCache: Shutdown
[2016.02.23-10.04.21:513][845]LogModuleManager: Shutting down and abandoning module ShaderFormatOpenGL (55)
[2016.02.23-10.04.21:524][845]LogModuleManager: Shutting down and abandoning module ShaderFormatD3D (54)
[2016.02.23-10.04.21:524][845]LogModuleManager: Shutting down and abandoning module MetalShaderFormat (53)
[2016.02.23-10.04.21:545][845]LogModuleManager: Shutting down and abandoning module TextureFormatUncompressed (52)
[2016.02.23-10.04.21:545][845]LogModuleManager: Shutting down and abandoning module TextureFormatPVR (51)
[2016.02.23-10.04.21:545][845]LogModuleManager: Shutting down and abandoning module TextureFormatIntelISPCTexComp (50)
[2016.02.23-10.04.21:545][845]LogModuleManager: Shutting down and abandoning module TextureFormatDXT (49)
[2016.02.23-10.04.21:545][845]LogModuleManager: Shutting down and abandoning module ImageWrapper (48)
[2016.02.23-10.04.21:545][845]LogModuleManager: Shutting down and abandoning module TextureFormatASTC (47)
[2016.02.23-10.04.21:545][845]LogModuleManager: Shutting down and abandoning module TextureFormatAndroid (46)
[2016.02.23-10.04.21:545][845]LogModuleManager: Shutting down and abandoning module AudioFormatOpus (45)
[2016.02.23-10.04.21:545][845]LogModuleManager: Shutting down and abandoning module AudioFormatOgg (44)
[2016.02.23-10.04.21:545][845]LogModuleManager: Shutting down and abandoning module AudioFormatADPCM (43)
[2016.02.23-10.04.21:545][845]LogModuleManager: Shutting down and abandoning module LinuxTargetPlatform (42)
[2016.02.23-10.04.21:546][845]LogModuleManager: Shutting down and abandoning module LinuxServerTargetPlatform (41)
[2016.02.23-10.04.21:546][845]LogModuleManager: Shutting down and abandoning module LinuxNoEditorTargetPlatform (40)
[2016.02.23-10.04.21:546][845]LogModuleManager: Shutting down and abandoning module Messaging (39)
[2016.02.23-10.04.21:546][845]LogModuleManager: Shutting down and abandoning module IOSTargetPlatform (38)
[2016.02.23-10.04.21:546][845]LogModuleManager: Shutting down and abandoning module HTML5TargetPlatform (37)
[2016.02.23-10.04.21:546][845]LogModuleManager: Shutting down and abandoning module Android_PVRTCTargetPlatform (36)
[2016.02.23-10.04.21:546][845]LogModuleManager: Shutting down and abandoning module Android_MultiTargetPlatform (35)
[2016.02.23-10.04.21:546][845]LogModuleManager: Shutting down and abandoning module Android_ETC2TargetPlatform (34)
[2016.02.23-10.04.21:546][845]LogModuleManager: Shutting down and abandoning module Android_ETC1TargetPlatform (33)
[2016.02.23-10.04.21:546][845]LogModuleManager: Shutting down and abandoning module Android_DXTTargetPlatform (32)
[2016.02.23-10.04.21:546][845]LogModuleManager: Shutting down and abandoning module Android_ATCTargetPlatform (31)
[2016.02.23-10.04.21:546][845]LogModuleManager: Shutting down and abandoning module Android_ASTCTargetPlatform (30)
[2016.02.23-10.04.21:546][845]LogModuleManager: Shutting down and abandoning module AndroidTargetPlatform (29)
[2016.02.23-10.04.21:546][845]LogModuleManager: Shutting down and abandoning module WindowsTargetPlatform (28)
[2016.02.23-10.04.21:547][845]LogModuleManager: Shutting down and abandoning module WindowsServerTargetPlatform (27)
[2016.02.23-10.04.21:547][845]LogModuleManager: Shutting down and abandoning module WindowsNoEditorTargetPlatform (26)
[2016.02.23-10.04.21:547][845]LogModuleManager: Shutting down and abandoning module WindowsClientTargetPlatform (25)
[2016.02.23-10.04.21:547][845]LogModuleManager: Shutting down and abandoning module AllDesktopTargetPlatform (24)
[2016.02.23-10.04.21:547][845]LogModuleManager: Shutting down and abandoning module TargetPlatform (23)
[2016.02.23-10.04.21:548][845]LogModuleManager: Shutting down and abandoning module InputCore (22)
[2016.02.23-10.04.21:548][845]LogModuleManager: Shutting down and abandoning module Settings (21)
[2016.02.23-10.04.21:548][845]LogModuleManager: Shutting down and abandoning module OnlineSubsystem (19)
[2016.02.23-10.04.21:548][845]LogModuleManager: Shutting down and abandoning module HTTP (18)
[2016.02.23-10.04.24:553][845]LogModuleManager: Shutting down and abandoning module XMPP (17)
[2016.02.23-10.04.24:567][845]LogModuleManager: Shutting down and abandoning module OculusRift (16)
[2016.02.23-10.04.24:580][845]LogModuleManager: Shutting down and abandoning module ExampleDeviceProfileSelector (15)
[2016.02.23-10.04.24:580][845]LogModuleManager: Shutting down and abandoning module TextureCompressor (14)
[2016.02.23-10.04.24:580][845]LogModuleManager: Shutting down and abandoning module ShaderCore (13)
[2016.02.23-10.04.24:580][845]LogModuleManager: Shutting down and abandoning module Landscape (12)
[2016.02.23-10.04.24:580][845]LogModuleManager: Shutting down and abandoning module SlateRHIRenderer (11)
[2016.02.23-10.04.24:607][845]LogModuleManager: Shutting down and abandoning module OpenGLDrv (10)
[2016.02.23-10.04.24:612][845]LogModuleManager: Shutting down and abandoning module D3D11RHI (9)
[2016.02.23-10.04.24:612][845]LogModuleManager: Shutting down and abandoning module AnimGraphRuntime (8)
[2016.02.23-10.04.24:612][845]LogModuleManager: Shutting down and abandoning module Renderer (7)
[2016.02.23-10.04.24:612][845]LogModuleManager: Shutting down and abandoning module Engine (6)
[2016.02.23-10.04.24:612][845]LogModuleManager: Shutting down and abandoning module CoreUObject (5)
[2016.02.23-10.04.24:612][845]LogModuleManager: Shutting down and abandoning module NetworkFile (4)
[2016.02.23-10.04.24:623][845]LogModuleManager: Shutting down and abandoning module StreamingFile (3)
[2016.02.23-10.04.24:623][845]LogModuleManager: Shutting down and abandoning module SandboxFile (2)
[2016.02.23-10.04.24:635][845]LogModuleManager: Shutting down and abandoning module PakFile (1)
[2016.02.23-10.04.24:647][845]LogExit: Exiting.
[2016.02.23-10.04.24:664][845]Log file closed, 02/23/16 10:04:24
