[2016.03.15-14.27.08:843][  0]Log file open, 03/15/16 14:27:08
[2016.03.15-14.27.08:843][  0]LogInit:Display: Running engine for game: Anthrocratos_UE4
[2016.03.15-14.27.08:843][  0]LogPlatformFile: Not using cached read wrapper
[2016.03.15-14.27.08:843][  0]LogInit:Display: RandInit(297379631) SRandInit(297379633).
[2016.03.15-14.27.08:843][  0]LogTaskGraph: Started task graph with 4 named threads and 5 total threads.
[2016.03.15-14.27.08:843][  0]LogStats: Stats thread started at 0.139856
[2016.03.15-14.27.08:843][  0]LogInit: Version: 4.10.2-2818068+++depot+UE4-Releases+4.10
[2016.03.15-14.27.08:843][  0]LogInit: API Version: 2758231
[2016.03.15-14.27.08:843][  0]LogInit: Compiled (64-bit): Jan  6 2016 17:36:42
[2016.03.15-14.27.08:843][  0]LogInit: Compiled with Visual C++: 19.00.23026.00
[2016.03.15-14.27.08:843][  0]LogInit: Build Configuration: Development
[2016.03.15-14.27.08:843][  0]LogInit: Branch Name: ++depot+UE4-Releases+4.10
[2016.03.15-14.27.08:843][  0]LogInit: Command line:  
[2016.03.15-14.27.08:843][  0]LogInit: Base directory: C:/Program Files (x86)/Epic Games/4.10/Engine/Binaries/Win64/
[2016.03.15-14.27.08:843][  0]LogInit: Rocket: 1
[2016.03.15-14.27.08:953][  0]LogInit: Using libcurl 7.41.0
[2016.03.15-14.27.08:953][  0]LogInit:  - built for x86_64-pc-win32
[2016.03.15-14.27.08:953][  0]LogInit:  - supports SSL with WinSSL
[2016.03.15-14.27.08:953][  0]LogInit:  - other features:
[2016.03.15-14.27.08:953][  0]LogInit:      CURL_VERSION_SSL
[2016.03.15-14.27.08:953][  0]LogInit:      CURL_VERSION_IPV6
[2016.03.15-14.27.08:953][  0]LogInit:      CURL_VERSION_ASYNCHDNS
[2016.03.15-14.27.08:953][  0]LogInit:      CURL_VERSION_LARGEFILE
[2016.03.15-14.27.08:953][  0]LogInit:      CURL_VERSION_IDN
[2016.03.15-14.27.08:953][  0]LogInit:  CurlRequestOptions (configurable via config and command line):
[2016.03.15-14.27.08:953][  0]LogInit:  - bVerifyPeer = true  - Libcurl will verify peer certificate
[2016.03.15-14.27.08:953][  0]LogInit:  - bUseHttpProxy = false  - Libcurl will NOT use HTTP proxy
[2016.03.15-14.27.08:953][  0]LogInit:  - bDontReuseConnections = false  - Libcurl will reuse connections
[2016.03.15-14.27.08:953][  0]LogInit:  - CertBundlePath = nullptr  - Libcurl will use whatever was configured at build time.
[2016.03.15-14.27.09:140][  0]LogInit: Presizing for 0 objects not considered by GC, pre-allocating 0 bytes.
[2016.03.15-14.27.09:156][  0]LogInit: Object subsystem initialized
[2016.03.15-14.27.09:156][  0]LogInit: Selected Device Profile: [Windows]
[2016.03.15-14.27.09:156][  0]LogInit: Applying CVar settings loaded from the selected device profile: [Windows]
[2016.03.15-14.27.09:173][  0]LogInit: Computer: LAPTOP-TCEGHJTQ
[2016.03.15-14.27.09:173][  0]LogInit: User: David
[2016.03.15-14.27.09:173][  0]LogInit: CPU Page size=4096, Cores=2
[2016.03.15-14.27.09:173][  0]LogInit: High frequency timer resolution =2.338336 MHz
[2016.03.15-14.27.09:173][  0]LogMemory: Memory total: Physical=15.9GB (16GB approx)
[2016.03.15-14.27.09:173][  0]LogMemory: Platform Memory Stats for Windows
[2016.03.15-14.27.09:173][  0]LogMemory: Process Physical Memory: 56.15 MB used, 56.15 MB peak
[2016.03.15-14.27.09:173][  0]LogMemory: Process Virtual Memory: 55.55 MB used, 55.55 MB peak
[2016.03.15-14.27.09:173][  0]LogMemory: Physical Memory: 2241.46 MB used, 16297.84 MB total
[2016.03.15-14.27.09:173][  0]LogMemory: Virtual Memory: 376.86 MB used, 134217728.00 MB total
[2016.03.15-14.27.09:591][  0]LogTextLocalizationManager: No specific translations for ('en-GB') exist, so ('en') translations will be used.
[2016.03.15-14.27.10:129][  0]LogD3D11RHI: Found D3D11 adapter 0: Intel(R) HD Graphics 5500 (Feature Level 11_0)
[2016.03.15-14.27.10:129][  0]LogD3D11RHI: Adapter has 128MB of dedicated video memory, 0MB of dedicated system memory, and 8148MB of shared system memory, 1 output[s]
[2016.03.15-14.27.10:661][  0]LogD3D11RHI: Found D3D11 adapter 1: AMD Radeon(TM) R9 M375 (Feature Level 11_0)
[2016.03.15-14.27.10:661][  0]LogD3D11RHI: Adapter has 4074MB of dedicated video memory, 0MB of dedicated system memory, and 8148MB of shared system memory, 0 output[s]
[2016.03.15-14.27.10:663][  0]LogD3D11RHI: Found D3D11 adapter 2: Microsoft Basic Render Driver (Feature Level 11_0)
[2016.03.15-14.27.10:663][  0]LogD3D11RHI: Adapter has 0MB of dedicated video memory, 0MB of dedicated system memory, and 8148MB of shared system memory, 0 output[s]
[2016.03.15-14.27.10:663][  0]LogD3D11RHI: Chosen D3D11 Adapter Id = 0
[2016.03.15-14.27.10:668][  0]LogD3D11RHI: !Direct3DDevice
[2016.03.15-14.27.10:668][  0]LogRHI: Texture pool is 1361 MB (70% of 1945 MB)
[2016.03.15-14.27.10:672][  0]LogD3D11RHI: Async texture creation enabled
[2016.03.15-14.27.10:677][  0]LogShaderCompilers: Guid format shader working directory is -14 characters bigger than the processId version (../../../../../../Anthracratos/Anthrocratos/Anthrocratos_UE4/Intermediate/Shaders/WorkingDirectory/2552/).
[2016.03.15-14.27.10:677][  0]LogShaderCompilers: Cleaned the shader compiler working directory 'C:/Users/David/AppData/Local/Temp/UnrealShaderWorkingDir/A73015304BA59D457598A0B13FCDB418/'.
[2016.03.15-14.27.10:677][  0]LogShaderCompilers:Display: Using Local Shader Compiler.
[2016.03.15-14.27.12:651][  0]LogTemp:Display: Loaded TP AllDesktopTargetPlatform
[2016.03.15-14.27.12:770][  0]LogTemp:Display: Loaded TP WindowsClientTargetPlatform
[2016.03.15-14.27.12:941][  0]LogTemp:Display: Loaded TP WindowsNoEditorTargetPlatform
[2016.03.15-14.27.13:911][  0]LogTemp:Display: Loaded TP WindowsServerTargetPlatform
[2016.03.15-14.27.13:976][  0]LogTemp:Display: Loaded TP WindowsTargetPlatform
[2016.03.15-14.27.14:090][  0]LogTemp:Display: Loaded TP AndroidTargetPlatform
[2016.03.15-14.27.14:152][  0]LogTemp:Display: Loaded TP Android_ASTCTargetPlatform
[2016.03.15-14.27.14:268][  0]LogTemp:Display: Loaded TP Android_ATCTargetPlatform
[2016.03.15-14.27.14:406][  0]LogTemp:Display: Loaded TP Android_DXTTargetPlatform
[2016.03.15-14.27.14:570][  0]LogTemp:Display: Loaded TP Android_ETC1TargetPlatform
[2016.03.15-14.27.14:693][  0]LogTemp:Display: Loaded TP Android_ETC2TargetPlatform
[2016.03.15-14.27.14:872][  0]LogTemp:Display: Loaded TP Android_MultiTargetPlatform
[2016.03.15-14.27.14:872][  0]LogTemp:Display: Loaded TP Android_PVRTCTargetPlatform
[2016.03.15-14.27.14:940][  0]LogTemp:Display: Loaded TP HTML5TargetPlatform
[2016.03.15-14.27.15:080][  0]LogTemp:Display: Loaded TP IOSTargetPlatform
[2016.03.15-14.27.15:188][  0]LogTemp:Display: Loaded TP LinuxNoEditorTargetPlatform
[2016.03.15-14.27.15:228][  0]LogTemp:Display: Loaded TP LinuxServerTargetPlatform
[2016.03.15-14.27.15:286][  0]LogTemp:Display: Loaded TP LinuxTargetPlatform
[2016.03.15-14.27.15:286][  0]LogTargetPlatformManager:Display: Building Assets For Windows
[2016.03.15-14.27.21:381][  0]LogDerivedDataCache:Display: Max Cache Size: 512 MB
[2016.03.15-14.27.31:260][  0]LogDerivedDataCache: Loaded boot cache 9.88s 41MB C:/Users/David/AppData/Local/UnrealEngine/4.10/DerivedDataCache/Boot.ddc.
[2016.03.15-14.27.31:261][  0]LogDerivedDataCache:Display: Loaded Boot cache: C:/Users/David/AppData/Local/UnrealEngine/4.10/DerivedDataCache/Boot.ddc
[2016.03.15-14.27.31:261][  0]LogDerivedDataCache: FDerivedDataBackendGraph:  Pak pak cache file ../../../../../../Anthracratos/Anthrocratos/Anthrocratos_UE4/DerivedDataCache/DDC.ddp not found, will not use a pak cache.
[2016.03.15-14.27.31:261][  0]LogDerivedDataCache: Unable to find inner node Pak for hierarchical cache Hierarchy.
[2016.03.15-14.27.31:261][  0]LogDerivedDataCache: FDerivedDataBackendGraph:  CompressedPak pak cache file ../../../../../../Anthracratos/Anthrocratos/Anthrocratos_UE4/DerivedDataCache/Compressed.ddp not found, will not use a pak cache.
[2016.03.15-14.27.31:261][  0]LogDerivedDataCache: Unable to find inner node CompressedPak for hierarchical cache Hierarchy.
[2016.03.15-14.27.31:939][  0]LogDerivedDataCache:Display: Pak cache opened for reading ../../../Engine/DerivedDataCache/Compressed.ddp.
[2016.03.15-14.27.31:952][  0]LogDerivedDataCache: Using Local data cache path C:/Users/David/AppData/Local/UnrealEngine/Common/DerivedDataCache: Writable
[2016.03.15-14.27.44:369][  0]LogInit: Selected Device Profile: [Windows]
[2016.03.15-14.27.44:376][  0]LogContentStreaming: Texture pool size is 0.000000MB
[2016.03.15-14.27.44:837][  0]LogMeshUtilities: No automatic mesh reduction module available
[2016.03.15-14.27.44:837][  0]LogMeshUtilities: No automatic mesh merging module available
[2016.03.15-14.27.46:017][  0]LogInit: WinSock: version 1.1 (2.2), MaxSocks=32767, MaxUdp=65467
[2016.03.15-14.28.00:991][  0]UdpMessaging: Initializing bridge on interface 0.0.0.0:0 to multicast group 230.0.0.1:6666.
[2016.03.15-14.28.01:705][  0]LogAssetRegistry: FAssetRegistry took 0.0114 seconds to start up
[2016.03.15-14.28.05:254][  0]SourceControl: Info Source control is disabled
[2016.03.15-14.28.05:257][  0]SourceControl: Info Source control is disabled
[2016.03.15-14.28.05:427][  0]SourceControl: Info Source control is disabled
[2016.03.15-14.28.05:553][  0]SourceControl: Info Source control is disabled
[2016.03.15-14.28.06:967][  0]LogObj: 28645 objects as part of root set at end of initial load.
[2016.03.15-14.28.06:967][  0]LogUObjectAllocator: 6105088 out of 0 bytes used by permanent object pool.
[2016.03.15-14.28.07:239][  0]LogEngine: Initializing Engine...
[2016.03.15-14.28.07:244][  0]LogHMD: Can't find Oculus library dev build: is proper Runtime installed? Version: 0.8.0.0
[2016.03.15-14.28.07:284][  0]LogHMD: SteamVR failed to initialize.  Err: 110
[2016.03.15-14.28.07:525][  0]LogAIModule: Creating AISystem for world NewWorld
[2016.03.15-14.28.07:536][  0]LogInit: XAudio2 using 'Speakers (Realtek High Definition Audio)' : 2 channels at 48 kHz using 32 bits per sample (channel mask 0x3)
[2016.03.15-14.28.07:729][  0]LogInit: FAudioDevice initialized.
[2016.03.15-14.28.07:755][  0]LogDerivedDataCache: Saved boot cache 0.03s 41MB C:/Users/David/AppData/Local/UnrealEngine/4.10/DerivedDataCache/Boot.ddc.
[2016.03.15-14.28.07:760][  0]LogInit: Texture streaming: Enabled
[2016.03.15-14.28.07:820][  0]LogAnalytics: Creating configured Analytics provider AnalyticsET
[2016.03.15-14.28.07:820][  0]LogAnalytics: [UEEditor.Rocket.Release] APIServer = http://et2.epicgames.com/ET2/. AppVersion = 4.10.2-2818068+++depot+UE4-Releases+4.10
[2016.03.15-14.28.07:820][  0]LogAnalytics: [UEEditor.Rocket.Release] SetUserId 51bad3324626f8b32aeb23b5d6210868|c381b92b33784ccaa7b778c4b0f76233|7a75b928-ee2d-4f84-b046-c4f65b0113e6
[2016.03.15-14.28.07:820][  0]LogAnalytics: [UEEditor.Rocket.Release] AnalyticsET::StartSession
[2016.03.15-14.28.08:433][  0]LogInit: Transaction tracking system initialized
[2016.03.15-14.28.09:610][  0]BlueprintLog: New page: Editor Load
[2016.03.15-14.28.11:908][  0]LocalizationService: Info Localization service is disabled
[2016.03.15-14.28.13:732][  0]LogConsoleResponse:Display: 
[2016.03.15-14.28.15:185][  0]LogCook:Display: Done creating registry. It took  0.00s.
[2016.03.15-14.28.15:255][  0]LogFileCache: Scanning file cache for directory 'C:/Anthracratos/Anthrocratos/Anthrocratos_UE4/Content/' took 0.02s
[2016.03.15-14.28.16:628][  0]SourceControl: Info Source control is disabled
[2016.03.15-14.28.16:628][  0]Cmd: MAP LOAD FILE="../../../../../../Anthracratos/Anthrocratos/Anthrocratos_UE4/Content/Levels/Kieran-Test.umap" TEMPLATE=0 SHOWPROGRESS=1 FEATURELEVEL=3
[2016.03.15-14.28.16:695][  0]LightingResults: New page: Lighting Build
[2016.03.15-14.28.16:707][  0]MapCheck: New page: Map Check
[2016.03.15-14.28.16:707][  0]LightingResults: New page: Lighting Build
[2016.03.15-14.28.16:762][  0]LogParticles: Destroying 0 GPU particle simulations for FXSystem 0x0000007BA737F240
[2016.03.15-14.28.17:748][  0]LogBlueprint:Warning: USimpleConstructionScript::FixupRootNodeParentReferences() - Couldn't find inherited parent component 'TileMesh' for 'BuildingMesh' in BlueprintGeneratedClass 'REINST_Building_C_20' (it may have been removed)
[2016.03.15-14.28.17:748][  0]LogBlueprint:Warning: USimpleConstructionScript::FixupRootNodeParentReferences() - Couldn't find inherited parent component 'TileMesh' for 'Sphere' in BlueprintGeneratedClass 'REINST_Building_C_20' (it may have been removed)
[2016.03.15-14.28.18:260][  0]LogLinker:Warning: CreateExport: Failed to load Parent for Function /Game/Blueprints/Tiles/Buildings/BatteryCagedLivestock.BatteryCagedLivestock_C:UserConstructionScript; removing parent information, but keeping function
[2016.03.15-14.28.18:287][  0]LogLinker:Warning: CreateExport: Failed to load Parent for Function /Game/Blueprints/Tiles/Buildings/FossilBasedEnergy.FossilBasedEnergy_C:UserConstructionScript; removing parent information, but keeping function
[2016.03.15-14.28.18:395][  0]LogLinker:Warning: CreateExport: Failed to load Parent for Function /Game/Blueprints/Tiles/Buildings/Free-RangeLivestock.Free-RangeLivestock_C:UserConstructionScript; removing parent information, but keeping function
[2016.03.15-14.28.18:421][  0]LogLinker:Warning: CreateExport: Failed to load Parent for Function /Game/Blueprints/Tiles/Buildings/Incinerator.Incinerator_C:UserConstructionScript; removing parent information, but keeping function
[2016.03.15-14.28.18:450][  0]LogLinker:Warning: CreateExport: Failed to load Parent for Function /Game/Blueprints/Tiles/Buildings/IntensiveFarming.IntensiveFarming_C:UserConstructionScript; removing parent information, but keeping function
[2016.03.15-14.28.18:562][  0]LogLinker:Warning: CreateExport: Failed to load Parent for Function /Game/Blueprints/Tiles/Buildings/NuclearPower.NuclearPower_C:UserConstructionScript; removing parent information, but keeping function
[2016.03.15-14.28.18:779][  0]LogLinker:Warning: CreateExport: Failed to load Parent for Function /Game/Blueprints/Tiles/Buildings/OrganicFarm.OrganicFarm_C:UserConstructionScript; removing parent information, but keeping function
[2016.03.15-14.28.18:807][  0]LogLinker:Warning: CreateExport: Failed to load Parent for Function /Game/Blueprints/Tiles/Buildings/RecyclingCentre.RecyclingCentre_C:UserConstructionScript; removing parent information, but keeping function
[2016.03.15-14.28.18:848][  0]LogLinker:Warning: CreateExport: Failed to load Parent for Function /Game/Blueprints/Tiles/Buildings/SolarPanels.SolarPanels_C:UserConstructionScript; removing parent information, but keeping function
[2016.03.15-14.28.18:865][  0]LogLinker:Warning: CreateExport: Failed to load Parent for Function /Game/Blueprints/Tiles/Buildings/Windmills.Windmills_C:UserConstructionScript; removing parent information, but keeping function
[2016.03.15-14.28.18:975][  0]LogLinker:Warning: CreateExport: Failed to load Parent for Function /Game/Blueprints/Tiles/Biomes/DesertTile.DesertTile_C:UserConstructionScript; removing parent information, but keeping function
[2016.03.15-14.28.19:031][  0]LogLinker:Warning: CreateExport: Failed to load Parent for Function /Game/Blueprints/Tiles/Biomes/FieldTile.FieldTile_C:UserConstructionScript; removing parent information, but keeping function
[2016.03.15-14.28.19:064][  0]LogLinker:Warning: CreateExport: Failed to load Parent for Function /Game/Blueprints/Tiles/Biomes/ForestTile.ForestTile_C:UserConstructionScript; removing parent information, but keeping function
[2016.03.15-14.28.19:139][  0]LogLinker:Warning: CreateExport: Failed to load Parent for Function /Game/Blueprints/Tiles/Buildings/CityCentre.CityCentre_C:UserConstructionScript; removing parent information, but keeping function
[2016.03.15-14.28.19:296][  0]LogBlueprint:Error: Broken Node: K2Node_CallArrayFunction /Game/Blueprints/Tiles/GameTileSpawner.GameTileSpawner:SetTileIsFilled.K2Node_CallArrayFunction_44 keeps removed/invalid pin: EdGraphPin /Game/Blueprints/Tiles/GameTileSpawner.GameTileSpawner:SetTileIsFilled.K2Node_CallArrayFunction_44.EdGraphPin_44770. Try refresh all nodes.
[2016.03.15-14.28.19:357][  0]LogBlueprint:Error: Broken Node: K2Node_CallArrayFunction /Game/Blueprints/Tiles/GameTileSpawner.GameTileSpawner:SetTileIsFilled.K2Node_CallArrayFunction_44 keeps removed/invalid pin: EdGraphPin /Game/Blueprints/Tiles/GameTileSpawner.GameTileSpawner:SetTileIsFilled.K2Node_CallArrayFunction_44.EdGraphPin_44770. Try refresh all nodes.
[2016.03.15-14.28.20:697][  0]LogAIModule: Creating AISystem for world Kieran-Test
[2016.03.15-14.28.20:721][  0]LogEditorServer: Finished looking for orphan Actors (0.000 secs)
[2016.03.15-14.28.20:721][  0]Cmd: MAP CHECKDEP NOCLEARLOG
[2016.03.15-14.28.20:828][  0]MapCheck: Info Map check complete: 0 Error(s), 0 Warning(s), took 106.302ms to complete.
[2016.03.15-14.28.20:828][  0]LogFileHelpers: Loading map 'Kieran-Test' took 4.200
[2016.03.15-14.28.21:060][  0]LogCollectionManager: Loaded 0 collections in 0.003903 seconds
[2016.03.15-14.28.21:105][  0]LogFileCache: Scanning file cache for directory 'C:/Anthracratos/Anthrocratos/Anthrocratos_UE4/Saved/Collections/' took 0.01s
[2016.03.15-14.28.21:105][  0]LogFileCache: Scanning file cache for directory 'C:/Anthracratos/Anthrocratos/Anthrocratos_UE4/Content/Developers/David/Collections/' took 0.01s
[2016.03.15-14.28.21:105][  0]LogFileCache: Scanning file cache for directory 'C:/Anthracratos/Anthrocratos/Anthrocratos_UE4/Content/Collections/' took 0.01s
[2016.03.15-14.28.21:105][  0]LogCollectionManager: Rebuilt the GUID cache for 0 collections in 0.000004 seconds
[2016.03.15-14.28.21:116][  0]LogContentBrowser: Native class hierarchy populated in 0.0106 seconds. Added 1896 classes and 340 folders.
[2016.03.15-14.28.21:129][  0]LogContentBrowser: Native class hierarchy updated for 'WidgetCarousel' in 0.0019 seconds. Added 0 classes and 0 folders.
[2016.03.15-14.28.21:924][  0]LogContentBrowser: Native class hierarchy updated for 'AddContentDialog' in 0.0055 seconds. Added 0 classes and 0 folders.
[2016.03.15-14.28.22:049][  0]LogContentBrowser: Native class hierarchy updated for 'SceneOutliner' in 0.0041 seconds. Added 1 classes and 2 folders.
[2016.03.15-14.28.22:251][  0]LogCrashTracker: Crashtracker disabled due to settings.
[2016.03.15-14.28.22:280][  0]LogUObjectGlobals:Warning: Failed to find object 'Class None.'
[2016.03.15-14.28.22:303][  0]LogLoad: Full Startup: 75.44 seconds (BP compile: 0.64 seconds)
[2016.03.15-14.28.22:651][  0]LogOcInput: Can't find Oculus library dev build: is proper Runtime installed? Version: 0.8.0.0
[2016.03.15-14.28.22:764][  0]LogContentStreaming: Texture pool size now 400 MB
[2016.03.15-14.28.23:016][  0]LogRenderer: Reallocating scene render targets to support 1208x572 (Frame:2).
[2016.03.15-14.28.23:319][  1]LogFileCache: Retrieving MD5 hashes for directory 'C:/Anthracratos/Anthrocratos/Anthrocratos_UE4/Content/' took 0.66s
[2016.03.15-14.28.25:738][ 11]LogAssetRegistry: Asset discovery search completed in 24.0447 seconds
[2016.03.15-14.28.25:738][ 11]LogCollectionManager: Rebuilt the object cache for 0 collections in 0.000001 seconds (found 0 objects)
[2016.03.15-14.28.25:738][ 11]LogCollectionManager: Fixed up redirectors for 0 collections in 0.000045 seconds (updated 0 objects)
[2016.03.15-14.28.30:573][145]LogBlueprintUserMessages: Early PlayInEditor Detection: Level '/Game/Levels/Kieran-Test.Kieran-Test:PersistentLevel' has LevelScriptBlueprint '/Game/Levels/Kieran-Test.Kieran-Test:PersistentLevel.Kieran-Test' with GeneratedClass '/Game/Levels/Kieran-Test.Kieran-Test_C' with ClassGeneratedBy '/Game/Levels/Kieran-Test.Kieran-Test:PersistentLevel.Kieran-Test'
[2016.03.15-14.28.30:574][145]LogPlayLevel: PlayLevel: No blueprints needed recompiling
[2016.03.15-14.28.30:575][145]PIE: New page: PIE session: Kieran-Test (15 Mar 2016 14:28:30)
[2016.03.15-14.28.30:575][145]LogPlayLevel: Creating play world package: /Game/Levels/UEDPIE_0_Kieran-Test
[2016.03.15-14.28.30:580][145]LogPlayLevel: PIE: StaticDuplicateObject took: (0.004757s)
[2016.03.15-14.28.30:581][145]LogAIModule: Creating AISystem for world Kieran-Test
[2016.03.15-14.28.30:581][145]LogPlayLevel: PIE: World Init took: (0.000922s)
[2016.03.15-14.28.30:581][145]LogPlayLevel: PIE: Created PIE world by copying editor world from /Game/Levels/Kieran-Test.Kieran-Test to /Game/Levels/UEDPIE_0_Kieran-Test.Kieran-Test (0.006009s)
[2016.03.15-14.28.30:667][145]LogInit: XAudio2 using 'Speakers (Realtek High Definition Audio)' : 2 channels at 48 kHz using 32 bits per sample (channel mask 0x3)
[2016.03.15-14.28.30:678][145]LogInit: FAudioDevice initialized.
[2016.03.15-14.28.30:732][145]LogWorld: Game class is 'AnthroGameMode_C'
[2016.03.15-14.28.30:735][145]LogWorld: Bringing World /Game/Levels/UEDPIE_0_Kieran-Test.Kieran-Test up for play (max tick rate 60) at 2016.03.15-14.28.30
[2016.03.15-14.28.30:735][145]LogActor:Warning: GameSession /Game/Levels/UEDPIE_0_Kieran-Test.Kieran-Test:PersistentLevel.GameSession_0 has natively added scene component(s), but none of them were set as the actor's RootComponent - picking one arbitrarily
[2016.03.15-14.28.30:735][145]LogActor:Warning: GameNetworkManager /Game/Levels/UEDPIE_0_Kieran-Test.Kieran-Test:PersistentLevel.GameNetworkManager_0 has natively added scene component(s), but none of them were set as the actor's RootComponent - picking one arbitrarily
[2016.03.15-14.28.30:736][145]LogWorld: Bringing up level for play took: 0.002247
[2016.03.15-14.28.30:743][145]LogBlueprintUserMessages: [GameTileSpawner_C_0] TilesGenerated
[2016.03.15-14.28.30:743][145]LogBlueprintUserMessages: [CityCentre_C_0] Building data doesn't exist
[2016.03.15-14.28.30:747][145]LogBlueprintUserMessages: [GameTileSpawner_C_0] Out Of Bounds Tile position
[2016.03.15-14.28.30:749][145]LogBlueprintUserMessages: [GameTileSpawner_C_0] Out Of Bounds Tile position
[2016.03.15-14.28.30:756][145]LogBlueprintUserMessages: [GameTileSpawner_C_0] spawned biome
[2016.03.15-14.28.30:757][145]LogBlueprintUserMessages: [GameTileSpawner_C_0] Out Of Bounds Tile position
[2016.03.15-14.28.30:757][145]LogBlueprintUserMessages: [GameTileSpawner_C_0] Out Of Bounds Tile position
[2016.03.15-14.28.30:765][145]LogBlueprintUserMessages: [GameTileSpawner_C_0] spawned biome
[2016.03.15-14.28.30:766][145]LogBlueprintUserMessages: [GameTileSpawner_C_0] Out Of Bounds Tile position
[2016.03.15-14.28.30:767][145]LogBlueprintUserMessages: [GameTileSpawner_C_0] Out Of Bounds Tile position
[2016.03.15-14.28.30:768][145]LogBlueprintUserMessages: [GameTileSpawner_C_0] Out Of Bounds Tile position
[2016.03.15-14.28.30:769][145]LogBlueprintUserMessages: [GameTileSpawner_C_0] Out Of Bounds Tile position
[2016.03.15-14.28.30:772][145]LogBlueprintUserMessages: [GameTileSpawner_C_0] spawned biome
[2016.03.15-14.28.30:801][145]PIE: Info Play in editor start time for /Game/Levels/UEDPIE_0_Kieran-Test 0.173
[2016.03.15-14.28.30:801][145]LogBlueprintUserMessages: Late PlayInEditor Detection: Level '/Game/Levels/Kieran-Test.Kieran-Test:PersistentLevel' has LevelScriptBlueprint '/Game/Levels/Kieran-Test.Kieran-Test:PersistentLevel.Kieran-Test' with GeneratedClass '/Game/Levels/Kieran-Test.Kieran-Test_C' with ClassGeneratedBy '/Game/Levels/Kieran-Test.Kieran-Test:PersistentLevel.Kieran-Test'
[2016.03.15-14.28.35:203][345]LogBlueprintUserMessages: [HUD_Main_C_0] pls select tile
[2016.03.15-14.28.35:724][371]LogBlueprintUserMessages: [HUD_Main_C_0] pls select tile
[2016.03.15-14.28.36:251][397]LogBlueprintUserMessages: [HUD_Main_C_0] pls select tile
[2016.03.15-14.28.38:202][495]LogBlueprintUserMessages: [AnthroGameMode_C_0] 1 action left
[2016.03.15-14.28.38:202][495]LogBlueprintUserMessages: [PlayerStatsMain_C_3] BuildingTracked
[2016.03.15-14.28.41:157][644]LogBlueprintUserMessages: Early EndPlayMap Detection: Level '/Game/Levels/Kieran-Test.Kieran-Test:PersistentLevel' has LevelScriptBlueprint '/Game/Levels/Kieran-Test.Kieran-Test:PersistentLevel.Kieran-Test' with GeneratedClass '/Game/Levels/Kieran-Test.Kieran-Test_C' with ClassGeneratedBy '/Game/Levels/Kieran-Test.Kieran-Test:PersistentLevel.Kieran-Test'
[2016.03.15-14.28.41:238][644]LogBlueprintUserMessages: Late EndPlayMap Detection: Level '/Game/Levels/Kieran-Test.Kieran-Test:PersistentLevel' has LevelScriptBlueprint '/Game/Levels/Kieran-Test.Kieran-Test:PersistentLevel.Kieran-Test' with GeneratedClass '/Game/Levels/Kieran-Test.Kieran-Test_C' with ClassGeneratedBy '/Game/Levels/Kieran-Test.Kieran-Test:PersistentLevel.Kieran-Test'
[2016.03.15-14.28.41:312][644]LogParticles: Destroying 0 GPU particle simulations for FXSystem 0x0000007BB847E160
[2016.03.15-14.28.43:496][724]LogBlueprintUserMessages: Early PlayInEditor Detection: Level '/Game/Levels/Kieran-Test.Kieran-Test:PersistentLevel' has LevelScriptBlueprint '/Game/Levels/Kieran-Test.Kieran-Test:PersistentLevel.Kieran-Test' with GeneratedClass '/Game/Levels/Kieran-Test.Kieran-Test_C' with ClassGeneratedBy '/Game/Levels/Kieran-Test.Kieran-Test:PersistentLevel.Kieran-Test'
[2016.03.15-14.28.43:496][724]LogPlayLevel: PlayLevel: No blueprints needed recompiling
[2016.03.15-14.28.43:496][724]PIE: New page: PIE session: Kieran-Test (15 Mar 2016 14:28:43)
[2016.03.15-14.28.43:496][724]LogPlayLevel: Creating play world package: /Game/Levels/UEDPIE_0_Kieran-Test
[2016.03.15-14.28.43:504][724]LogPlayLevel: PIE: StaticDuplicateObject took: (0.007043s)
[2016.03.15-14.28.43:505][724]LogAIModule: Creating AISystem for world Kieran-Test
[2016.03.15-14.28.43:505][724]LogPlayLevel: PIE: World Init took: (0.001357s)
[2016.03.15-14.28.43:505][724]LogPlayLevel: PIE: Created PIE world by copying editor world from /Game/Levels/Kieran-Test.Kieran-Test to /Game/Levels/UEDPIE_0_Kieran-Test.Kieran-Test (0.008845s)
[2016.03.15-14.28.43:549][724]LogInit: XAudio2 using 'Speakers (Realtek High Definition Audio)' : 2 channels at 48 kHz using 32 bits per sample (channel mask 0x3)
[2016.03.15-14.28.43:562][724]LogInit: FAudioDevice initialized.
[2016.03.15-14.28.43:600][724]LogWorld: Game class is 'AnthroGameMode_C'
[2016.03.15-14.28.43:602][724]LogWorld: Bringing World /Game/Levels/UEDPIE_0_Kieran-Test.Kieran-Test up for play (max tick rate 60) at 2016.03.15-14.28.43
[2016.03.15-14.28.43:603][724]LogActor:Warning: GameSession /Game/Levels/UEDPIE_0_Kieran-Test.Kieran-Test:PersistentLevel.GameSession_1 has natively added scene component(s), but none of them were set as the actor's RootComponent - picking one arbitrarily
[2016.03.15-14.28.43:603][724]LogActor:Warning: GameNetworkManager /Game/Levels/UEDPIE_0_Kieran-Test.Kieran-Test:PersistentLevel.GameNetworkManager_1 has natively added scene component(s), but none of them were set as the actor's RootComponent - picking one arbitrarily
[2016.03.15-14.28.43:603][724]LogWorld: Bringing up level for play took: 0.002470
[2016.03.15-14.28.43:606][724]LogBlueprintUserMessages: [GameTileSpawner_C_0] TilesGenerated
[2016.03.15-14.28.43:607][724]LogBlueprintUserMessages: [CityCentre_C_1] Building data doesn't exist
[2016.03.15-14.28.43:615][724]LogBlueprintUserMessages: [GameTileSpawner_C_0] Out Of Bounds Tile position
[2016.03.15-14.28.43:615][724]LogBlueprintUserMessages: [GameTileSpawner_C_0] Out Of Bounds Tile position
[2016.03.15-14.28.43:616][724]LogBlueprintUserMessages: [GameTileSpawner_C_0] spawned biome
[2016.03.15-14.28.43:630][724]LogBlueprintUserMessages: [GameTileSpawner_C_0] spawned biome
[2016.03.15-14.28.43:634][724]LogBlueprintUserMessages: [GameTileSpawner_C_0] spawned biome
[2016.03.15-14.28.43:653][724]PIE: Info Play in editor start time for /Game/Levels/UEDPIE_0_Kieran-Test 1.025
[2016.03.15-14.28.43:653][724]LogBlueprintUserMessages: Late PlayInEditor Detection: Level '/Game/Levels/Kieran-Test.Kieran-Test:PersistentLevel' has LevelScriptBlueprint '/Game/Levels/Kieran-Test.Kieran-Test:PersistentLevel.Kieran-Test' with GeneratedClass '/Game/Levels/Kieran-Test.Kieran-Test_C' with ClassGeneratedBy '/Game/Levels/Kieran-Test.Kieran-Test:PersistentLevel.Kieran-Test'
[2016.03.15-14.28.46:622][888]LogBlueprintUserMessages: [AnthroGameMode_C_1] 1 action left
[2016.03.15-14.28.46:622][888]LogBlueprintUserMessages: [PlayerStatsMain_C_3] BuildingTracked
[2016.03.15-14.28.51:546][162]LogScript:Warning: Cannot access 'ForestTile_C_30'. It is pending kill. Property: 'HexTileRef'
	HUD_Main_C /Engine/Transient.UnrealEdEngine_0:GameInstance_1.HUD_Main_C_1
	Function /Game/Blueprints/UI/HUD_Main.HUD_Main_C:ExecuteUbergraph_HUD_Main:0330
[2016.03.15-14.28.51:549][162]LogBlueprintUserMessages: [HUD_Main_C_1] Not Enough Money/AP
[2016.03.15-14.28.54:282][317]LogScript:Wa