[2016.03.15-11.44.14:864][  0]Log file open, 03/15/16 11:44:14
[2016.03.15-11.44.14:864][  0]LogInit:Display: Running engine for game: Anthrocratos_UE4
[2016.03.15-11.44.14:864][  0]LogPlatformFile: Not using cached read wrapper
[2016.03.15-11.44.14:864][  0]LogInit:Display: RandInit(-1843463199) SRandInit(-1843463197).
[2016.03.15-11.44.14:864][  0]LogTaskGraph: Started task graph with 4 named threads and 7 total threads.
[2016.03.15-11.44.14:864][  0]LogStats: Stats thread started at 0.420718
[2016.03.15-11.44.14:864][  0]LogInit: Version: 4.10.2-2818068+++depot+UE4-Releases+4.10
[2016.03.15-11.44.14:864][  0]LogInit: API Version: 2758231
[2016.03.15-11.44.14:864][  0]LogInit: Compiled (64-bit): Jan  6 2016 17:36:42
[2016.03.15-11.44.14:864][  0]LogInit: Compiled with Visual C++: 19.00.23026.00
[2016.03.15-11.44.14:864][  0]LogInit: Build Configuration: Development
[2016.03.15-11.44.14:864][  0]LogInit: Branch Name: ++depot+UE4-Releases+4.10
[2016.03.15-11.44.14:864][  0]LogInit: Command line:  
[2016.03.15-11.44.14:864][  0]LogInit: Base directory: C:/Program Files (x86)/Epic Games/4.10/Engine/Binaries/Win64/
[2016.03.15-11.44.14:864][  0]LogInit: Rocket: 1
[2016.03.15-11.44.14:918][  0]LogInit: Using libcurl 7.41.0
[2016.03.15-11.44.14:918][  0]LogInit:  - built for x86_64-pc-win32
[2016.03.15-11.44.14:918][  0]LogInit:  - supports SSL with WinSSL
[2016.03.15-11.44.14:918][  0]LogInit:  - other features:
[2016.03.15-11.44.14:918][  0]LogInit:      CURL_VERSION_SSL
[2016.03.15-11.44.14:918][  0]LogInit:      CURL_VERSION_IPV6
[2016.03.15-11.44.14:918][  0]LogInit:      CURL_VERSION_ASYNCHDNS
[2016.03.15-11.44.14:918][  0]LogInit:      CURL_VERSION_LARGEFILE
[2016.03.15-11.44.14:918][  0]LogInit:      CURL_VERSION_IDN
[2016.03.15-11.44.14:918][  0]LogInit:  CurlRequestOptions (configurable via config and command line):
[2016.03.15-11.44.14:918][  0]LogInit:  - bVerifyPeer = true  - Libcurl will verify peer certificate
[2016.03.15-11.44.14:918][  0]LogInit:  - bUseHttpProxy = false  - Libcurl will NOT use HTTP proxy
[2016.03.15-11.44.14:918][  0]LogInit:  - bDontReuseConnections = false  - Libcurl will reuse connections
[2016.03.15-11.44.14:918][  0]LogInit:  - CertBundlePath = nullptr  - Libcurl will use whatever was configured at build time.
[2016.03.15-11.44.14:931][  0]LogInit: Presizing for 0 objects not considered by GC, pre-allocating 0 bytes.
[2016.03.15-11.44.14:941][  0]LogInit: Object subsystem initialized
[2016.03.15-11.44.14:942][  0]LogInit: Selected Device Profile: [Windows]
[2016.03.15-11.44.14:942][  0]LogInit: Applying CVar settings loaded from the selected device profile: [Windows]
[2016.03.15-11.44.14:965][  0]LogInit: Computer: DESKTOP-J7DHD16
[2016.03.15-11.44.14:965][  0]LogInit: User: Jordan
[2016.03.15-11.44.14:965][  0]LogInit: CPU Page size=4096, Cores=4
[2016.03.15-11.44.14:965][  0]LogInit: High frequency timer resolution =2.338448 MHz
[2016.03.15-11.44.14:965][  0]LogMemory: Memory total: Physical=8.0GB (8GB approx)
[2016.03.15-11.44.14:965][  0]LogMemory: Platform Memory Stats for Windows
[2016.03.15-11.44.14:965][  0]LogMemory: Process Physical Memory: 56.56 MB used, 56.56 MB peak
[2016.03.15-11.44.14:965][  0]LogMemory: Process Virtual Memory: 56.86 MB used, 56.86 MB peak
[2016.03.15-11.44.14:965][  0]LogMemory: Physical Memory: 3074.94 MB used, 8162.36 MB total
[2016.03.15-11.44.14:965][  0]LogMemory: Virtual Memory: 378.84 MB used, 134217728.00 MB total
[2016.03.15-11.44.15:081][  0]LogTextLocalizationManager: No specific translations for ('en-GB') exist, so ('en') translations will be used.
[2016.03.15-11.44.15:683][  0]LogD3D11RHI: Found D3D11 adapter 0: NVIDIA GeForce GT 650M  (Feature Level 11_0)
[2016.03.15-11.44.15:683][  0]LogD3D11RHI: Adapter has 1990MB of dedicated video memory, 0MB of dedicated system memory, and 4081MB of shared system memory, 1 output[s]
[2016.03.15-11.44.15:684][  0]LogD3D11RHI: Found D3D11 adapter 1: Microsoft Basic Render Driver (Feature Level 11_0)
[2016.03.15-11.44.15:684][  0]LogD3D11RHI: Adapter has 0MB of dedicated video memory, 0MB of dedicated system memory, and 4081MB of shared system memory, 0 output[s]
[2016.03.15-11.44.15:685][  0]LogD3D11RHI: Chosen D3D11 Adapter Id = 0
[2016.03.15-11.44.15:690][  0]LogD3D11RHI: !Direct3DDevice
[2016.03.15-11.44.15:690][  0]LogRHI: Texture pool is 1361 MB (70% of 1945 MB)
[2016.03.15-11.44.15:706][  0]LogD3D11RHI: Async texture creation enabled
[2016.03.15-11.44.15:724][  0]LogShaderCompilers: Guid format shader working directory is -23 characters bigger than the processId version (../../../../../../Users/Jordan/Documents/Anthrocratos/Anthrocratos_UE4/Intermediate/Shaders/WorkingDirectory/9100/).
[2016.03.15-11.44.15:724][  0]LogShaderCompilers: Cleaned the shader compiler working directory 'C:/Users/Jordan/AppData/Local/Temp/UnrealShaderWorkingDir/AEC2177D40636673D4AFBC8D0F63B90B/'.
[2016.03.15-11.44.15:724][  0]LogShaderCompilers:Display: Using Local Shader Compiler.
[2016.03.15-11.44.19:996][  0]LogTemp:Display: Loaded TP AllDesktopTargetPlatform
[2016.03.15-11.44.20:032][  0]LogTemp:Display: Loaded TP WindowsClientTargetPlatform
[2016.03.15-11.44.20:057][  0]LogTemp:Display: Loaded TP WindowsNoEditorTargetPlatform
[2016.03.15-11.44.20:098][  0]LogTemp:Display: Loaded TP WindowsServerTargetPlatform
[2016.03.15-11.44.20:121][  0]LogTemp:Display: Loaded TP WindowsTargetPlatform
[2016.03.15-11.44.20:161][  0]LogTemp:Display: Loaded TP AndroidTargetPlatform
[2016.03.15-11.44.20:187][  0]LogTemp:Display: Loaded TP Android_ASTCTargetPlatform
[2016.03.15-11.44.20:211][  0]LogTemp:Display: Loaded TP Android_ATCTargetPlatform
[2016.03.15-11.44.20:240][  0]LogTemp:Display: Loaded TP Android_DXTTargetPlatform
[2016.03.15-11.44.20:270][  0]LogTemp:Display: Loaded TP Android_ETC1TargetPlatform
[2016.03.15-11.44.20:296][  0]LogTemp:Display: Loaded TP Android_ETC2TargetPlatform
[2016.03.15-11.44.20:332][  0]LogTemp:Display: Loaded TP Android_MultiTargetPlatform
[2016.03.15-11.44.20:332][  0]LogTemp:Display: Loaded TP Android_PVRTCTargetPlatform
[2016.03.15-11.44.20:344][  0]LogTemp:Display: Loaded TP HTML5TargetPlatform
[2016.03.15-11.44.20:461][  0]LogTemp:Display: Loaded TP IOSTargetPlatform
[2016.03.15-11.44.20:486][  0]LogTemp:Display: Loaded TP LinuxNoEditorTargetPlatform
[2016.03.15-11.44.20:497][  0]LogTemp:Display: Loaded TP LinuxServerTargetPlatform
[2016.03.15-11.44.20:529][  0]LogTemp:Display: Loaded TP LinuxTargetPlatform
[2016.03.15-11.44.20:530][  0]LogTargetPlatformManager:Display: Building Assets For Windows
[2016.03.15-11.44.21:229][  0]LogDerivedDataCache:Display: Max Cache Size: 512 MB
[2016.03.15-11.44.21:892][  0]LogDerivedDataCache: Loaded boot cache 0.64s 41MB C:/Users/Jordan/AppData/Local/UnrealEngine/4.10/DerivedDataCache/Boot.ddc.
[2016.03.15-11.44.21:892][  0]LogDerivedDataCache:Display: Loaded Boot cache: C:/Users/Jordan/AppData/Local/UnrealEngine/4.10/DerivedDataCache/Boot.ddc
[2016.03.15-11.44.21:892][  0]LogDerivedDataCache: FDerivedDataBackendGraph:  Pak pak cache file ../../../../../../Users/Jordan/Documents/Anthrocratos/Anthrocratos_UE4/DerivedDataCache/DDC.ddp not found, will not use a pak cache.
[2016.03.15-11.44.21:892][  0]LogDerivedDataCache: Unable to find inner node Pak for hierarchical cache Hierarchy.
[2016.03.15-11.44.21:892][  0]LogDerivedDataCache: FDerivedDataBackendGraph:  CompressedPak pak cache file ../../../../../../Users/Jordan/Documents/Anthrocratos/Anthrocratos_UE4/DerivedDataCache/Compressed.ddp not found, will not use a pak cache.
[2016.03.15-11.44.21:892][  0]LogDerivedDataCache: Unable to find inner node CompressedPak for hierarchical cache Hierarchy.
[2016.03.15-11.44.22:039][  0]LogDerivedDataCache:Display: Pak cache opened for reading ../../../Engine/DerivedDataCache/Compressed.ddp.
[2016.03.15-11.44.22:080][  0]LogDerivedDataCache: Using Local data cache path C:/Users/Jordan/AppData/Local/UnrealEngine/Common/DerivedDataCache: Writable
[2016.03.15-11.44.28:845][  0]LogInit: Selected Device Profile: [Windows]
[2016.03.15-11.44.28:860][  0]LogContentStreaming: Texture pool size is 0.000000MB
[2016.03.15-11.44.29:308][  0]LogMeshUtilities: No automatic mesh reduction module available
[2016.03.15-11.44.29:308][  0]LogMeshUtilities: No automatic mesh merging module available
[2016.03.15-11.44.31:905][  0]LogInit: WinSock: version 1.1 (2.2), MaxSocks=32767, MaxUdp=65467
[2016.03.15-11.45.01:060][  0]UdpMessaging: Initializing bridge on interface 0.0.0.0:0 to multicast group 230.0.0.1:6666.
[2016.03.15-11.45.01:727][  0]LogAssetRegistry: FAssetRegistry took 0.0112 seconds to start up
[2016.03.15-11.45.03:448][  0]SourceControl: Info Source control is disabled
[2016.03.15-11.45.03:495][  0]SourceControl: Info Source control is disabled
[2016.03.15-11.45.03:558][  0]SourceControl: Info Source control is disabled
[2016.03.15-11.45.03:625][  0]SourceControl: Info Source control is disabled
[2016.03.15-11.45.05:542][  0]LogObj: 28645 objects as part of root set at end of initial load.
[2016.03.15-11.45.05:542][  0]LogUObjectAllocator: 6105088 out of 0 bytes used by permanent object pool.
[2016.03.15-11.45.05:966][  0]LogEngine: Initializing Engine...
[2016.03.15-11.45.05:992][  0]LogHMD: Can't find Oculus library dev build: is proper Runtime installed? Version: 0.8.0.0
[2016.03.15-11.45.06:156][  0]LogHMD: SteamVR failed to initialize.  Err: 110
[2016.03.15-11.45.07:153][  0]LogAIModule: Creating AISystem for world NewWorld
[2016.03.15-11.45.07:185][  0]LogInit: XAudio2 using 'Speakers (Realtek High Definition Audio)' : 2 channels at 48 kHz using 32 bits per sample (channel mask 0x3)
[2016.03.15-11.45.07:210][  0]LogInit: FAudioDevice initialized.
[2016.03.15-11.45.07:430][  0]LogDerivedDataCache: Saved boot cache 0.22s 41MB C:/Users/Jordan/AppData/Local/UnrealEngine/4.10/DerivedDataCache/Boot.ddc.
[2016.03.15-11.45.07:435][  0]LogInit: Texture streaming: Enabled
[2016.03.15-11.45.07:731][  0]LogAnalytics: Creating configured Analytics provider AnalyticsET
[2016.03.15-11.45.07:731][  0]LogAnalytics: [UEEditor.Rocket.Release] APIServer = http://et2.epicgames.com/ET2/. AppVersion = 4.10.2-2818068+++depot+UE4-Releases+4.10
[2016.03.15-11.45.07:731][  0]LogAnalytics: [UEEditor.Rocket.Release] SetUserId e6ecb5fd4e414325f8a88386f2bef956|f543c5249e454624aa0c7175b8875023|7643464e-f4ad-4970-a62c-e2f08c69b9e3
[2016.03.15-11.45.07:731][  0]LogAnalytics: [UEEditor.Rocket.Release] AnalyticsET::StartSession
[2016.03.15-11.45.07:816][  0]LogInit: Transaction tracking system initialized
[2016.03.15-11.45.08:009][  0]BlueprintLog: New page: Editor Load
[2016.03.15-11.45.09:859][  0]LocalizationService: Info Localization service is disabled
[2016.03.15-11.45.11:310][  0]LogConsoleResponse:Display: 
[2016.03.15-11.45.15:038][  0]LogCook:Display: Done creating registry. It took  0.00s.
[2016.03.15-11.45.15:849][  0]LogFileCache: Scanning file cache for directory 'C:/Users/Jordan/Documents/Anthrocratos/Anthrocratos_UE4/Content/' took 0.35s
[2016.03.15-11.45.15:946][  0]SourceControl: Info Source control is disabled
[2016.03.15-11.45.15:946][  0]Cmd: MAP LOAD FILE="../../../../../../Users/Jordan/Documents/Anthrocratos/Anthrocratos_UE4/Content/Levels/Kieran-Test.umap" TEMPLATE=0 SHOWPROGRESS=1 FEATURELEVEL=3
[2016.03.15-11.45.15:991][  0]LightingResults: New page: Lighting Build
[2016.03.15-11.45.15:995][  0]MapCheck: New page: Map Check
[2016.03.15-11.45.15:995][  0]LightingResults: New page: Lighting Build
[2016.03.15-11.45.16:009][  0]LogParticles: Destroying 0 GPU particle simulations for FXSystem 0x000000E2D9D07240
[2016.03.15-11.45.17:497][  0]LogBlueprint:Warning: USimpleConstructionScript::FixupRootNodeParentReferences() - Couldn't find inherited parent component 'TileMesh' for 'BuildingMesh' in BlueprintGeneratedClass 'REINST_Building_C_21' (it may have been removed)
[2016.03.15-11.45.18:222][  0]LogLinker:Warning: CreateExport: Failed to load Parent for Function /Game/Blueprints/Tiles/Buildings/BatteryCagedLivestock.BatteryCagedLivestock_C:UserConstructionScript; removing parent information, but keeping function
[2016.03.15-11.45.18:256][  0]LogLinker:Warning: CreateExport: Failed to load Parent for Function /Game/Blueprints/Tiles/Buildings/FossilBasedEnergy.FossilBasedEnergy_C:UserConstructionScript; removing parent information, but keeping function
[2016.03.15-11.45.18:282][  0]LogLinker:Warning: CreateExport: Failed to load Parent for Function /Game/Blueprints/Tiles/Buildings/Free-RangeLivestock.Free-RangeLivestock_C:UserConstructionScript; removing parent information, but keeping function
[2016.03.15-11.45.18:308][  0]LogLinker:Warning: CreateExport: Failed to load Parent for Function /Game/Blueprints/Tiles/Buildings/Incinerator.Incinerator_C:UserConstructionScript; removing parent information, but keeping function
[2016.03.15-11.45.18:352][  0]LogLinker:Warning: CreateExport: Failed to load Parent for Function /Game/Blueprints/Tiles/Buildings/IntensiveFarming.IntensiveFarming_C:UserConstructionScript; removing parent information, but keeping function
[2016.03.15-11.45.18:388][  0]LogLinker:Warning: CreateExport: Failed to load Parent for Function /Game/Blueprints/Tiles/Buildings/NuclearPower.NuclearPower_C:UserConstructionScript; removing parent information, but keeping function
[2016.03.15-11.45.18:408][  0]LogLinker:Warning: CreateExport: Failed to load Parent for Function /Game/Blueprints/Tiles/Buildings/OrganicFarm.OrganicFarm_C:UserConstructionScript; removing parent information, but keeping function
[2016.03.15-11.45.18:450][  0]LogLinker:Warning: CreateExport: Failed to load Parent for Function /Game/Blueprints/Tiles/Buildings/RecyclingCentre.RecyclingCentre_C:UserConstructionScript; removing parent information, but keeping function
[2016.03.15-11.45.18:466][  0]LogLinker:Warning: CreateExport: Failed to load Parent for Function /Game/Blueprints/Tiles/Buildings/SolarPanels.SolarPanels_C:UserConstructionScript; removing parent information, but keeping function
[2016.03.15-11.45.18:491][  0]LogLinker:Warning: CreateExport: Failed to load Parent for Function /Game/Blueprints/Tiles/Buildings/Windmills.Windmills_C:UserConstructionScript; removing parent information, but keeping function
[2016.03.15-11.45.18:761][  0]LogLinker:Warning: CreateExport: Failed to load Parent for Function /Game/Blueprints/Tiles/Biomes/DesertTile.DesertTile_C:UserConstructionScript; removing parent information, but keeping function
[2016.03.15-11.45.18:775][  0]LogLinker:Warning: CreateExport: Failed to load Parent for Function /Game/Blueprints/Tiles/Biomes/FieldTile.FieldTile_C:UserConstructionScript; removing parent information, but keeping function
[2016.03.15-11.45.18:909][  0]LogLinker:Warning: CreateExport: Failed to load Parent for Function /Game/Blueprints/Tiles/Biomes/ForestTile.ForestTile_C:UserConstructionScript; removing parent information, but keeping function
[2016.03.15-11.45.19:031][  0]LogLinker:Warning: CreateExport: Failed to load Parent for Function /Game/Blueprints/Tiles/Biomes/MountainTile.MountainTile_C:UserConstructionScript; removing parent information, but keeping function
[2016.03.15-11.45.19:052][  0]LogLinker:Warning: CreateExport: Failed to load Parent for Function /Game/Blueprints/Tiles/Buildings/CityCentre.CityCentre_C:UserConstructionScript; removing parent information, but keeping function
[2016.03.15-11.45.19:255][  0]LogBlueprint:Error: Broken Node: K2Node_CallArrayFunction /Game/Blueprints/Tiles/GameTileSpawner.GameTileSpawner:SetTileIsFilled.K2Node_CallArrayFunction_44 keeps removed/invalid pin: EdGraphPin /Game/Blueprints/Tiles/GameTileSpawner.GameTileSpawner:SetTileIsFilled.K2Node_CallArrayFunction_44.EdGraphPin_44770. Try refresh all nodes.
[2016.03.15-11.45.19:324][  0]LogBlueprint:Error: Broken Node: K2Node_CallArrayFunction /Game/Blueprints/Tiles/GameTileSpawner.GameTileSpawner:SetTileIsFilled.K2Node_CallArrayFunction_44 keeps removed/invalid pin: EdGraphPin /Game/Blueprints/Tiles/GameTileSpawner.GameTileSpawner:SetTileIsFilled.K2Node_CallArrayFunction_44.EdGraphPin_44770. Try refresh all nodes.
[2016.03.15-11.45.20:537][  0]LogAIModule: Creating AISystem for world Kieran-Test
[2016.03.15-11.45.20:581][  0]LogEditorServer: Finished looking for orphan Actors (0.000 secs)
[2016.03.15-11.45.20:582][  0]Cmd: MAP CHECKDEP NOCLEARLOG
[2016.03.15-11.45.20:648][  0]MapCheck: Info Map check complete: 0 Error(s), 0 Warning(s), took 66.121ms to complete.
[2016.03.15-11.45.20:648][  0]LogFileHelpers: Loading map 'Kieran-Test' took 4.702
[2016.03.15-11.45.21:056][  0]LogCollectionManager: Loaded 0 collections in 0.003164 seconds
[2016.03.15-11.45.21:097][  0]LogFileCache: Scanning file cache for directory 'C:/Users/Jordan/Documents/Anthrocratos/Anthrocratos_UE4/Saved/Collections/' took 0.01s
[2016.03.15-11.45.21:097][  0]LogFileCache: Scanning file cache for directory 'C:/Users/Jordan/Documents/Anthrocratos/Anthrocratos_UE4/Content/Developers/Jordan/Collections/' took 0.01s
[2016.03.15-11.45.21:097][  0]LogFileCache: Scanning file cache for directory 'C:/Users/Jordan/Documents/Anthrocratos/Anthrocratos_UE4/Content/Collections/' took 0.01s
[2016.03.15-11.45.21:097][  0]LogCollectionManager: Rebuilt the GUID cache for 0 collections in 0.000002 seconds
[2016.03.15-11.45.21:109][  0]LogContentBrowser: Native class hierarchy populated in 0.0117 seconds. Added 1896 classes and 340 folders.
[2016.03.15-11.45.21:119][  0]LogContentBrowser: Native class hierarchy updated for 'WidgetCarousel' in 0.0015 seconds. Added 0 classes and 0 folders.
[2016.03.15-11.45.22:864][  0]LogContentBrowser: Native class hierarchy updated for 'AddContentDialog' in 0.0017 seconds. Added 0 classes and 0 folders.
[2016.03.15-11.45.22:885][  0]LogContentBrowser: Native class hierarchy updated for 'SceneOutliner' in 0.0016 seconds. Added 1 classes and 2 folders.
[2016.03.15-11.45.23:112][  0]LogCrashTracker: Crashtracker disabled due to settings.
[2016.03.15-11.45.23:117][  0]LogUObjectGlobals:Warning: Failed to find object 'Class None.'
[2016.03.15-11.45.23:140][  0]LogLoad: Full Startup: 70.14 seconds (BP compile: 0.71 seconds)
[2016.03.15-11.45.23:157][  0]LogWindowsTextInputMethodSystem:Display: IME system now deactivated.
[2016.03.15-11.45.23:161][  0]LogOcInput: Can't find Oculus library dev build: is proper Runtime installed? Version: 0.8.0.0
[2016.03.15-11.45.23:565][  0]LogContentStreaming: Texture pool size now 400 MB
[2016.03.15-11.45.23:978][  0]LogRenderer: Reallocating scene render targets to support 1208x572 (Frame:2).
[2016.03.15-11.45.24:001][  1]LogFileCache: Retrieving MD5 hashes for directory 'C:/Users/Jordan/Documents/Anthrocratos/Anthrocratos_UE4/Content/' took 0.83s
[2016.03.15-11.45.24:526][  9]LogAssetRegistry: Asset discovery search completed in 22.8100 seconds
[2016.03.15-11.45.24:526][  9]LogCollectionManager: Rebuilt the object cache for 0 collections in 0.000001 seconds (found 0 objects)
[2016.03.15-11.45.24:526][  9]LogCollectionManager: Fixed up redirectors for 0 collections in 0.000025 seconds (updated 0 objects)
[2016.03.15-11.45.35:206][618]LogBlueprint:Warning: [compiler BTTask_BlueprintBase_New] Warning 'Item' is already a 'Hex Tile Basic', you don't need  Cast To HexTileBasic .
[2016.03.15-11.45.35:208][618]LogBlueprint:Warning: [compiler BTTask_BlueprintBase_New] Warning [0082.21] Compile of BTTask_BlueprintBase_New successful, but with 1 Warning(s) [in 5 ms]
[2016.03.15-11.45.35:208][618]LogBlueprint:Warning: [compiler BTTask_BlueprintBase_New] Warning [0082.21] Compile of BTTask_BlueprintBase_New successful, but with 2 Warning(s) [in 0 ms]
[2016.03.15-11.45.35:208][618]LogBlueprint:Warning: [compiler BTTask_BlueprintBase_New] Warning [0082.21] Compile of BTTask_BlueprintBase_New successful, but with 3 Warning(s) [in 0 ms]
[2016.03.15-11.45.35:214][618]LogBlueprint:Warning: [compiler BTTask_BlueprintBase_New] Warning 'Item' is already a 'Hex Tile Basic', you don't need  Cast To HexTileBasic .
[2016.03.15-11.45.35:216][618]LogBlueprint:Warning: [compiler BTTask_BlueprintBase_New] Warning [0082.22] Compile of BTTask_BlueprintBase_New successful, but with 1 Warning(s) [in 5 ms]
[2016.03.15-11.45.35:216][618]LogBlueprint:Warning: [compiler BTTask_BlueprintBase_New] Warning [0082.22] Compile of BTTask_BlueprintBase_New successful, but with 2 Warning(s) [in 0 ms]
[2016.03.15-11.45.35:217][618]LogBlueprint:Warning: [compiler BTTask_BlueprintBase_New] Warning [0082.22] Compile of BTTask_BlueprintBase_New successful, but with 3 Warning(s) [in 0 ms]
[2016.03.15-11.45.35:393][618]LogLinker:Warning: Asset '../../../Engine/Content/ArtTools/RenderToTexture/Macros/RenderToTextureMacros.uasset' has been saved with empty engine version. The asset will be loaded but may be incompatible.
[2016.03.15-11.45.36:167][618]LogContentBrowser: Native class hierarchy updated for 'BlueprintGraph' in 0.0022 seconds. Added 107 classes and 0 folders.
[2016.03.15-11.46.04:374][173]LogBlueprintUserMessages: Early PlayInEditor Detection: Level '/Game/Levels/Kieran-Test.Kieran-Test:PersistentLevel' has LevelScriptBlueprint '/Game/Levels/Kieran-Test.Kieran-Test:PersistentLevel.Kieran-Test' with GeneratedClass '/Game/Levels/Kieran-Test.Kieran-Test_C' with ClassGeneratedBy '/Game/Levels/Kieran-Test.Kieran-Test:PersistentLevel.Kieran-Test'
[2016.03.15-11.46.04:376][173]LogPlayLevel: PlayLevel: No blueprints needed recompiling
[2016.03.15-11.46.04:377][173]PIE: New page: PIE session: Kieran-Test (15 Mar 2016 11:46:04)
[2016.03.15-11.46.04:377][173]LogPlayLevel: Creating play world package: /Game/Levels/UEDPIE_0_Kieran-Test
[2016.03.15-11.46.04:416][173]LogPlayLevel: PIE: StaticDuplicateObject took: (0.039001s)
[2016.03.15-11.46.04:417][173]LogAIModule: Creating AISystem for world Kieran-Test
[2016.03.15-11.46.04:417][173]LogPlayLevel: PIE: World Init took: (0.001167s)
[2016.03.15-11.46.04:418][173]LogPlayLevel: PIE: Created PIE world by copying editor world from /Game/Levels/Kieran-Test.Kieran-Test to /Game/Levels/UEDPIE_0_Kieran-Test.Kieran-Test (0.040523s)
[2016.03.15-11.46.04:509][173]LogInit: XAudio2 using 'Speakers (Realtek High Definition Audio)' : 2 channels at 48 kHz using 32 bits per sample (channel mask 0x3)
[2016.03.15-11.46.04:518][173]LogInit: FAudioDevice initialized.
[2016.03.15-11.46.04:628][173]LogWorld: Game class is 'AnthroGameMode_C'
[2016.03.15-11.46.04:632][173]LogWorld: Bringing World /Game/Levels/UEDPIE_0_Kieran-Test.Kieran-Test up for play (max tick rate 60) at 2016.03.15-11.46.04
[2016.03.15-11.46.04:632][173]LogActor:Warning: GameSession /Game/Levels/UEDPIE_0_Kieran-Test.Kieran-Test:PersistentLevel.GameSession_0 has natively added scene component(s), but none of them were set as the actor's RootComponent - picking one arbitrarily
[2016.03.15-11.46.04:632][173]LogActor:Warning: GameNetworkManager /Game/Levels/UEDPIE_0_Kieran-Test.Kieran-Test:PersistentLevel.GameNetworkManager_0 has natively added scene component(s), but none of them were set as the actor's RootComponent - picking one arbitrarily
[2016.03.15-11.46.04:632][173]LogWorld: Bringing up level for play took: 0.002325
[2016.03.15-11.46.04:639][173]LogBlueprintUserMessages: [GameTileSpawner_C_1] TilesGenerated
[2016.03.15-11.46.04:667][173]PIE: Info Play in editor start time for /Game/Levels/UEDPIE_0_Kieran-Test 1.208
[2016.03.15-11.46.04:667][173]LogBlueprintUserMessages: Late PlayInEditor Detection: Level '/Game/Levels/Kieran-Test.Kieran-Test:PersistentLevel' has LevelScriptBlueprint '/Game/Levels/Kieran-Test.Kieran-Test:PersistentLevel.Kieran-Test' with GeneratedClass '/Game/Levels/Kieran-Test.Kieran-Test_C' with ClassGeneratedBy '/Game/Levels/Kieran-Test.Kieran-Test:PersistentLevel.Kieran-Test'
[2016.03.15-11.46.04:716][173]LogScript:Warning: Accessed None 'HexTileRef'
	BuildingUI_C /Engine/Transient.UnrealEdEngine_0:GameInstance_0.BuildingUI_C_0
	Function /Game/Blueprints/UI/BuildingUI.BuildingUI_C:ExecuteUbergraph_BuildingUI:00AA
[2016.03.15-11.46.04:753][174]LogScript:Warning: Accessed None 'HexTileRef'
	BuildingUI_C /Engine/Transient.UnrealEdEngine_0:GameInstance_0.BuildingUI_C_0
	Function /Game/Blueprints/UI/BuildingUI.BuildingUI_C:ExecuteUbergraph_BuildingUI:00AA
[2016.03.15-11.46.04:779][175]LogScript:Warning: Accessed None 'HexTileRef'
	BuildingUI_C /Engine/Transient.UnrealEdEngine_0:GameInstance_0.BuildingUI_C_0
	Function /Game/Blueprints/UI/BuildingUI.BuildingUI_C:ExecuteUbergraph_BuildingUI:00AA
[2016.03.15-11.46.04:789][176]LogScript:Warning: Accessed None 'HexTileRef'
	BuildingUI_C /Engine/Transient.UnrealEdEngine_0:GameInstance_0.BuildingUI_C_0
	Function /Game/Blueprints/UI/BuildingUI.BuildingUI_C:ExecuteUbergraph_BuildingUI:00AA
[2016.03.15-11.46.04:806][177]LogScript:Warning: Accessed None 'HexTileRef'
	BuildingUI_C /Engine/Transient.UnrealEdEngine_0:GameInstance_0.BuildingUI_C_0
	Function /Game/Blueprints/UI/BuildingUI.BuildingUI_C:ExecuteUbergraph_BuildingUI:00AA
[2016.03.15-11.46.04:823][178]LogScript:Warning: Accessed None 'HexTileRef'
	BuildingUI_C /Engine/Transient.UnrealEdEngine_0:GameInstance_0.BuildingUI_C_0
	Function /Game/Blueprints/UI/BuildingUI.BuildingUI_C:ExecuteUbergraph_BuildingUI:00AA
[2016.03.15-11.46.04:839][179]LogScript:Warning: Accessed None 'HexTileRef'
	BuildingUI_C /Engine/Transient.UnrealEdEngine_0:GameInstance_0.BuildingUI_C_0
	Function /Game/Blueprints/UI/BuildingUI.BuildingUI_C:ExecuteUbergraph_BuildingUI:00AA
[2016.03.15-11.46.04:856][180]LogScript:Warning: Accessed None 'HexTileRef'
	BuildingUI_C /Engine/Transient.UnrealEdEngine_0:GameInstance_0.BuildingUI_C_0
	Function /Game/Blueprints/UI/BuildingUI.BuildingUI_C:ExecuteUbergraph_BuildingUI:00AA
[2016.03.15-11.46.04:873][181]LogScript:Warning: Accessed None 'HexTileRef'
	BuildingUI_C /Engine/Transient.UnrealEdEngine_0:GameInstance_0.BuildingUI_C_0
	Function /Game/Blueprints/UI/BuildingUI.BuildingUI_C:ExecuteUbergraph_BuildingUI:00AA
[2016.03.15-11.46.04:889][182]LogScript:Warning: Accessed None 'HexTileRef'
	BuildingUI_C /Engine/Transient.UnrealEdEngine_0:GameInstance_0.BuildingUI_C_0
	Function /Game/Blueprints/UI/BuildingUI.BuildingUI_C:ExecuteUbergraph_BuildingUI:00AA
[2016.03.15-11.46.04:906][183]LogScript:Warning: Accessed None 'HexTileRef'
	BuildingUI_C /Engine/Transient.UnrealEdEngine_0:GameInstance_0.BuildingUI_C_0
	Function /Game/Blueprints/UI/BuildingUI.BuildingUI_C:ExecuteUbergraph_BuildingUI:00AA
[2016.03.15-11.46.04:922][184]LogScript:Warning: Accessed None 'HexTileRef'
	BuildingUI_C /Engine/Transient.UnrealEdEngine_0:GameInstance_0.BuildingUI_C_0
	Function /Game/Blueprints/UI/BuildingUI.BuildingUI_C:ExecuteUbergraph_BuildingUI:00AA
[2016.03.15-11.46.04:939][185]LogScript:Warning: Accessed None 'HexTileRef'
	BuildingUI_C /Engine/Transient.UnrealEdEngine_0:GameInstance_0.BuildingUI_C_0
	Function /Game/Blueprints/UI/BuildingUI.BuildingUI_C:ExecuteUbergraph_BuildingUI:00AA
[2016.03.15-11.46.04:956][186]LogScript:Warning: Accessed None 'HexTileRef'
	BuildingUI_C /Engine/Transient.UnrealEdEngine_0:GameInstance_0.BuildingUI_C_0
	Function /Game/Blueprints/UI/BuildingUI.BuildingUI_C:ExecuteUbergraph_BuildingUI:00AA
[2016.03.15-11.46.04:972][187]LogScript:Warning: Accessed None 'HexTileRef'
	BuildingUI_C /Engine/Transient.UnrealEdEngine_0:GameInstance_0.BuildingUI_C_0
	Function /Game/Blueprints/UI/BuildingUI.BuildingUI_C:ExecuteUbergraph_BuildingUI:00AA
[2016.03.15-11.46.04:989][188]LogScript:Warning: Accessed None 'HexTileRef'
	BuildingUI_C /Engine/Transient.UnrealEdEngine_0:GameInstance_0.BuildingUI_C_0
	Function /Game/Blueprints/UI/BuildingUI.BuildingUI_C:ExecuteUbergraph_BuildingUI:00AA
[2016.03.15-11.46.05:006][189]LogScript:Warning: Accessed None 'HexTileRef'
	BuildingUI_C /Engine/Transient.UnrealEdEngine_0:GameInstance_0.BuildingUI_C_0
	Function /Game/Blueprints/UI/BuildingUI.BuildingUI_C:ExecuteUbergraph_BuildingUI:00AA
[2016.03.15-11.46.06:661][285]LogScript:Warning: Accessed None 'CallFunc_SlotAsCanvasSlot_ReturnValue'
	Tooltip_C /Engine/Transient.UnrealEdEngine_0:GameInstance_0.Tooltip_C_0
	Function /Game/Blueprints/UI/Tooltip.Tooltip_C:ExecuteUbergraph_Tooltip:00C1
[2016.03.15-11.46.06:661][285]LogScript:Warning: Accessed None 'CallFunc_SlotAsCanvasSlot_ReturnValue'
	Tooltip_C /Engine/Transient.UnrealEdEngine_0:GameInstance_0.Tooltip_C_0
	Function /Game/Blueprints/UI/Tooltip.Tooltip_C:ExecuteUbergraph_Tooltip:0163
[2016.03.15-11.46.07:017][305]LogScript:Warning: Accessed None 'CallFunc_SlotAsCanvasSlot_ReturnValue'
	Tooltip_C /Engine/Transient.UnrealEdEngine_0:GameInstance_0.Tooltip_C_1
	Function /Game/Blueprints/UI/Tooltip.Tooltip_C:ExecuteUbergraph_Tooltip:00C1
[2016.03.15-11.46.07:036][305]LogScript:Warning: Accessed None 'CallFunc_SlotAsCanvasSlot_ReturnValue'
	Tooltip_C /Engine/Transient.UnrealEdEngine_0:GameInstance_0.Tooltip_C_1
	Function /Game/Blueprints/UI/Tooltip.Tooltip_C:ExecuteUbergraph_Tooltip:0163
[2016.03.15-11.46.09:230][437]LogBlueprintUserMessages: [AnthroGameMode_C_0] 1 action left
[2016.03.15-11.46.09:230][437]LogBlueprintUserMessages: [PlayerStatsMain_C_3] BuildingTracked
[2016.03.15-11.46.11:731][587]LogBlueprintUserMessages: [BuildingUI_C_0] NotEnoughMoney/AP!
[2016.03.15-11.46.14:849][774]LogBlueprintUserMessages: [AnthroGameMode_C_0] 0 action left
[2016.03.15-11.46.14:849][774]LogBlueprintUserMessages: [PlayerStatsMain_C_3] BuildingTracked
[2016.03.15-11.46.16:681][884]LogBlueprintUserMessages: [PlayerStatsMain_C_3] Added Happiness
[2016.03.15-11.46.17:032][905]LogBlueprintUserMessages: [PlayerStatsMain_C_3] Added Happiness
[2016.03.15-11.46.18:084][968]LogBlueprintUserMessages: Early EndPlayMap Detection: Level '/Game/Levels/Kieran-Test.Kieran-Test:PersistentLevel' has LevelScriptBlueprint '/Game/Levels/Kieran-Test.Kieran-Test:PersistentLevel.Kieran-Test' with GeneratedClass '/Game/Levels/Kieran-Test.Kieran-Test_C' with ClassGeneratedBy '/Game/Levels/Kieran-Test.Kieran-Test:PersistentLevel.Kieran-Test'
[2016.03.15-11.46.18:176][968]LogBlueprintUserMessages: Late EndPlayMap Detection: Level '/Game/Levels/Kieran-Test.Kieran-Test:PersistentLevel' has LevelScriptBlueprint '/Game/Levels/Kieran-Test.Kieran-Test:PersistentLevel.Kieran-Test' with GeneratedClass '/Game/Levels/Kieran-Test.Kieran-Test_C' with ClassGeneratedBy '/Game/Levels/Kieran-Test.Kieran-Test:PersistentLevel.Kieran-Test'
[2016.03.15-11.46.18:243][968]LogParticles: Destroying 0 GPU particle simulations for FXSystem 0x000000E28DC76020
[2016.03.15-11.46.45:632][535]LogBlueprintUserMessages: Early PlayInEditor Detection: Level '/Game/Levels/Kieran-Test.Kieran-Test:PersistentLevel' has LevelScriptBlueprint '/Game/Levels/Kieran-Test.Kieran-Test:PersistentLevel.Kieran-Test' with GeneratedClass '/Game/Levels/Kieran-Test.Kieran-Test_C' with ClassGeneratedBy '/Game/Levels/Kieran-Test.Kieran-Test:PersistentLevel.Kieran-Test'
[2016.03.15-11.46.45:635][535]LogPlayLevel: PlayLevel: No blueprints needed recompiling
[2016.03.15-11.46.45:635][535]PIE: New page: PIE session: Kieran-Test (15 Mar 2016 11:46:45)
[2016.03.15-11.46.45:635][535]LogPlayLevel: Creating play world package: /Game/Levels/UEDPIE_0_Kieran-Test
[2016.03.15-11.46.45:640][535]LogPlayLevel: PIE: StaticDuplicateObject took: (0.004278s)
[2016.03.15-11.46.45:641][535]LogAIModule: Creating AISystem for world Kieran-Test
[2016.03.15-11.46.45:641][535]LogPlayLevel: PIE: World Init took: (0.001535s)
[2016.03.15-11.46.45:641][535]LogPlayLevel: PIE: Created PIE world by copying editor world from /Game/Levels/Kieran-Test.Kieran-Test to /Game/Levels/UEDPIE_0_Kieran-Test.Kieran-Test (0.006125s)
[2016.03.15-11.46.45:680][535]LogInit: XAudio2 using 'Speakers (Realtek High Definition Audio)' : 2 channels at 48 kHz using 32 bits per sample (channel mask 0x3)
[2016.03.15-11.46.45:688][535]LogInit: FAudioDevice initialized.
[2016.03.15-11.46.45:723][535]LogWorld: Game class is 'AnthroGameMode_C'
[2016.03.15-11.46.45:727][535]LogWorld: Bringing World /Game/Levels/UEDPIE_0_Kieran-Test.Kieran-Test up for play (max tick rate 60) at 2016.03.15-11.46.45
[2016.03.15-11.46.45:727][535]LogActor:Warning: GameSession /Game/Levels/UEDPIE_0_Kieran-Test.Kieran-Test:PersistentLevel.GameSession_1 has natively added scene component(s), but none of them were set as the actor's RootComponent - picking one arbitrarily
[2016.03.15-11.46.45:727][535]LogActor:Warning: GameNetworkManager /Game/Levels/UEDPIE_0_Kieran-Test.Kieran-Test:PersistentLevel.GameNetworkManager_1 has natively added scene component(s), but none of them were set as the actor's RootComponent - picking one arbitrarily
[2016.03.15-11.46.45:727][535]LogWorld: Bringing up level for play took: 0.002669
[2016.03.15-11.46.45:735][535]LogBlueprintUserMessages: [GameTileSpawner_C_1] TilesGenerated
[2016.03.15-11.46.45:761][535]PIE: Info Play in editor start time for /Game/Levels/UEDPIE_0_Kieran-Test 0.301
[2016.03.15-11.46.45:761][535]LogBlueprintUserMessages: Late PlayInEditor Detection: Level '/Game/Levels/Kieran-Test.Kieran-Test:PersistentLevel' has LevelScriptBlueprint '/Game/Levels/Kieran-Test.Kieran-Test:PersistentLevel.Kieran-Test' with GeneratedClass '/Game/Levels/Kieran-Test.Kieran-Test_C' with ClassGeneratedBy '/Game/Levels/Kieran-Test.Kieran-Test:PersistentLevel.Kieran-Test'
[2016.03.15-11.46.45:772][535]LogScript:Warning: Accessed None 'HexTileRef'
	BuildingUI_C /Engine/Transient.UnrealEdEngine_0:GameInstance_1.BuildingUI_C_1
	Function /Game/Blueprints/UI/BuildingUI.BuildingUI_C:ExecuteUbergraph_BuildingUI:00AA
[2016.03.15-11.46.45:790][536]LogScript:Warning: Accessed None 'HexTileRef'
	BuildingUI_C /Engine/Transient.UnrealEdEngine_0:GameInstance_1.BuildingUI_C_1
	Function /Game/Blueprints/UI/BuildingUI.BuildingUI_C:ExecuteUbergraph_BuildingUI:00AA
[2016.03.15-11.46.45:806][537]LogScript:Warning: Accessed None 'HexTileRef'
	BuildingUI_C /Engine/Transient.UnrealEdEngine_0:GameInstance_1.BuildingUI_C_1
	Function /Game/Blueprints/UI/BuildingUI.BuildingUI_C:ExecuteUbergraph_BuildingUI:00AA
[2016.03.15-11.46.45:823][538]LogScript:Warning: Accessed None 'HexTileRef'
	BuildingUI_C /Engine/Transient.UnrealEdEngine_0:GameInstance_1.BuildingUI_C_1
	Function /Game/Blueprints/UI/BuildingUI.BuildingUI_C:ExecuteUbergraph_BuildingUI:00AA
[2016.03.15-11.46.45:840][539]LogScript:Warning: Accessed None 'HexTileRef'
	BuildingUI_C /Engine/Transient.UnrealEdEngine_0:GameInstance_1.BuildingUI_C_1
	Function /Game/Blueprints/UI/BuildingUI.BuildingUI_C:ExecuteUbergraph_BuildingUI:00AA
[2016.03.15-11.46.45:857][540]LogScript:Warning: Accessed None 'HexTileRef'
	BuildingUI_C /Engine/Transient.UnrealEdEngine_0:GameInstance_1.BuildingUI_C_1
	Function /Game/Blueprints/UI/BuildingUI.BuildingUI_C:ExecuteUbergraph_BuildingUI:00AA
[2016.03.15-11.46.45:873][541]LogScript:Warning: Accessed None 'HexTileRef'
	BuildingUI_C /Engine/Transient.UnrealEdEngine_0:GameInstance_1.BuildingUI_C_1
	Function /Game/Blueprints/UI/BuildingUI.BuildingUI_C:ExecuteUbergraph_BuildingUI:00AA
[2016.03.15-11.46.45:890][542]LogScript:Warning: Accessed None 'HexTileRef'
	BuildingUI_C /Engine/Transient.UnrealEdEngine_0:GameInstance_1.BuildingUI_C_1
	Function /Game/Blueprints/UI/BuildingUI.BuildingUI_C:ExecuteUbergraph_BuildingUI:00AA
[2016.03.15-11.46.45:907][543]LogScript:Warning: Accessed None 'HexTileRef'
	BuildingUI_C /Engine/Transient.UnrealEdEngine_0:GameInstance_1.BuildingUI_C_1
	Function /Game/Blueprints/UI/BuildingUI.BuildingUI_C:ExecuteUbergraph_BuildingUI:00AA
[2016.03.15-11.46.45:923][544]LogScript:Warning: Accessed None 'HexTileRef'
	BuildingUI_C /Engine/Transient.UnrealEdEngine_0:GameInstance_1.BuildingUI_C_1
	Function /Game/Blueprints/UI/BuildingUI.BuildingUI_C:ExecuteUbergraph_BuildingUI:00AA
[2016.03.15-11.46.45:940][545]LogScript:Warning: Accessed None 'HexTileRef'
	BuildingUI_C /Engine/Transient.UnrealEdEngine_0:GameInstance_1.BuildingUI_C_1
	Function /Game/Blueprints/UI/BuildingUI.BuildingUI_C:ExecuteUbergraph_BuildingUI:00AA
[2016.03.15-11.46.45:957][546]LogScript:Warning: Accessed None 'HexTileRef'
	BuildingUI_C /Engine/Transient.UnrealEdEngine_0:GameInstance_1.BuildingUI_C_1
	Function /Game/Blueprints/UI/BuildingUI.BuildingUI_C:ExecuteUbergraph_BuildingUI:00AA
[2016.03.15-11.46.45:973][547]LogScript:Warning: Accessed None 'HexTileRef'
	BuildingUI_C /Engine/Transient.UnrealEdEngine_0:GameInstance_1.BuildingUI_C_1
	Function /Game/Blueprints/UI/BuildingUI.BuildingUI_C:ExecuteUbergraph_BuildingUI:00AA
[2016.03.15-11.46.45:990][548]LogScript:Warning: Accessed None 'HexTileRef'
	BuildingUI_C /Engine/Transient.UnrealEdEngine_0:GameInstance_1.BuildingUI_C_1
	Function /Game/Blueprints/UI/BuildingUI.BuildingUI_C:ExecuteUbergraph_BuildingUI:00AA
[2016.03.15-11.46.46:006][549]LogScript:Warning: Accessed None 'HexTileRef'
	BuildingUI_C /Engine/Transient.UnrealEdEngine_0:GameInstance_1.BuildingUI_C_1
	Function /Game/Blueprints/UI/BuildingUI.BuildingUI_C:ExecuteUbergraph_BuildingUI:00AA
[2016.03.15-11.46.46:023][550]LogScript:Warning: Accessed None 'HexTileRef'
	BuildingUI_C /Engine/Transient.UnrealEdEngine_0:GameInstance_1.BuildingUI_C_1
	Function /Game/Blueprints/UI/BuildingUI.BuildingUI_C:ExecuteUbergraph_BuildingUI:00AA
[2016.03.15-11.46.46:040][551]LogScript:Warning: Accessed None 'HexTileRef'
	BuildingUI_C /Engine/Transient.UnrealEdEngine_0:GameInstance_1.BuildingUI_C_1
	Function /Game/Blueprints/UI/BuildingUI.BuildingUI_C:ExecuteUbergraph_BuildingUI:00AA
[2016.03.15-11.46.49:792][776]LogBlueprintUserMessages: [AnthroGameMode_C_1] 1 action left
[2016.03.15-11.46.49:792][776]LogBlueprintUserMessages: [PlayerStatsMain_C_3] BuildingTracked
[2016.03.15-11.46.51:841][899]LogBlueprintUserMessages: [AnthroGameMode_C_1] next player
[2016.03.15-11.47.03:978][621]LogBlueprintUserMessages: Early EndPlayMap Detection: Level '/Game/Levels/Kieran-Test.Kieran-Test:PersistentLevel' has LevelScriptBlueprint '/Game/Levels/Kieran-Test.Kieran-Test:PersistentLevel.Kieran-Test' with GeneratedClass '/Game/Levels/Kieran-Test.Kieran-Test_C' with ClassGeneratedBy '/Game/Levels/Kieran-Test.Kieran-Test:PersistentLevel.Kieran-Test'
[2016.03.15-11.47.04:024][621]LogBlueprintUserMessages: Late EndPlayMap Detection: Level '/Game/Levels/Kieran-Test.Kieran-Test:PersistentLevel' has LevelScriptBlueprint '/Game/Levels/Kieran-Test.Kieran-Test:PersistentLevel.Kieran-Test' with GeneratedClass '/Game/Levels/Kieran-Test.Kieran-Test_C' with ClassGeneratedBy '/Game/Levels/Kieran-Test.Kieran-Test:PersistentLevel.Kieran-Test'
[2016.03.15-11.47.04:058][621]LogParticles: Destroying 0 GPU particle simulations for FXSystem 0x000000E2E17562A0
[2016.03.15-11.47.53:229][991]BlueprintLog: New page: Compile AI_Controller
[2016.03.15-11.47.53:338][991]BlueprintEditorCompileResults: Info [0220.34] Compile of AI_Controller successful! [in 108 ms]
[2016.03.15-11.47.57:193][114]LogBlueprintUserMessages: Early PlayInEditor Detection: Level '/Game/Levels/Kieran-Test.Kieran-Test:PersistentLevel' has LevelScriptBlueprint '/Game/Levels/Kieran-Test.Kieran-Test:PersistentLevel.Kieran-Test' with GeneratedClass '/Game/Levels/Kieran-Test.Kieran-Test_C' with ClassGeneratedBy '/Game/Levels/Kieran-Test.Kieran-Test:PersistentLevel.Kieran-Test'
[2016.03.15-11.47.57:196][114]LogPlayLevel: PlayLevel: No blueprints needed recompiling
[2016.03.15-11.47.57:196][114]PIE: New page: PIE session: Kieran-Test (15 Mar 2016 11:47:57)
[2016.03.15-11.47.57:196][114]LogPlayLevel: Creating play world package: /Game/Levels/UEDPIE_0_Kieran-Test
[2016.03.15-11.47.57:200][114]LogPlayLevel: PIE: StaticDuplicateObject took: (0.003904s)
[2016.03.15-11.47.57:201][114]LogAIModule: Creating AISystem for world Kieran-Test
[2016.03.15-11.47.57:201][114]LogPlayLevel: PIE: World Init took: (0.001137s)
[2016.03.15-11.47.57:202][114]LogPlayLevel: PIE: Created PIE world by copying editor world from /Game/Levels/Kieran-Test.Kieran-Test to /Game/Levels/UEDPIE_0_Kieran-Test.Kieran-Test (0.005347s)
[2016.03.15-11.47.57:240][114]LogInit: XAudio2 using 'Speakers (Realtek High Definition Audio)' : 2 channels at 48 kHz using 32 bits per sample (channel mask 0x3)
[2016.03.15-11.47.57:248][114]LogInit: FAudioDevice initialized.
[2016.03.15-11.47.57:289][114]LogWorld: Game class is 'AnthroGameMode_C'
[2016.03.15-11.47.57:292][114]LogWorld: Bringing World /Game/Levels/UEDPIE_0_Kieran-Test.Kieran-Test up for play (max tick rate 60) at 2016.03.15-11.47.57
[2016.03.15-11.47.57:292][114]LogActor:Warning: GameSession /Game/Levels/UEDPIE_0_Kieran-Test.Kieran-Test:PersistentLevel.GameSession_2 has natively added scene component(s), but none of them were set as the actor's RootComponent - picking one arbitrarily
[2016.03.15-11.47.57:292][114]LogActor:Warning: GameNetworkManager /Game/Levels/UEDPIE_0_Kieran-Test.Kieran-Test:PersistentLevel.GameNetworkManager_2 has natively added scene component(s), but none of them were set as the actor's RootComponent - picking one arbitrarily
[2016.03.15-11.47.57:292][114]LogWorld: Bringing up level for play took: 0.002647
[2016.03.15-11.47.57:293][114]LogBlueprintUserMessages: [AI_Controller_C_1] your mum
[2016.03.15-11.47.57:299][114]LogBlueprintUserMessages: [GameTileSpawner_C_1] TilesGenerated
[2016.03.15-11.47.57:325][114]PIE: Info Play in editor start time for /Game/Levels/UEDPIE_0_Kieran-Test -0.134
[2016.03.15-11.47.57:326][114]LogBlueprintUserMessages: Late PlayInEditor Detection: Level '/Game/Levels/Kieran-Test.Kieran-Test:PersistentLevel' has LevelScriptBlueprint '/Game/Levels/Kieran-Test.Kieran-Test:PersistentLevel.Kieran-Test' with GeneratedClass '/Game/Levels/Kieran-Test.Kieran-Test_C' with ClassGeneratedBy '/Game/Levels/Kieran-Test.Kieran-Test:PersistentLevel.Kieran-Test'
[2016.03.15-11.47.57:336][114]LogScript:Warning: Accessed None 'HexTileRef'
	BuildingUI_C /Engine/Transient.UnrealEdEngine_0:GameInstance_2.BuildingUI_C_2
	Function /Game/Blueprints/UI/BuildingUI.BuildingUI_C:ExecuteUbergraph_BuildingUI:00AA
[2016.03.15-11.47.57:352][115]LogScript:Warning: Accessed None 'HexTileRef'
	BuildingUI_C /Engine/Transient.UnrealEdEngine_0:GameInstance_2.BuildingUI_C_2
	Function /Game/Blueprints/UI/BuildingUI.BuildingUI_C:ExecuteUbergraph_BuildingUI:00AA
[2016.03.15-11.47.57:370][116]LogScript:Warning: Accessed None 'HexTileRef'
	BuildingUI_C /Engine/Transient.UnrealEdEngine_0:GameInstance_2.BuildingUI_C_2
	Function /Game/Blueprints/UI/BuildingUI.BuildingUI_C:ExecuteUbergraph_BuildingUI:00AA
[2016.03.15-11.47.57:386][117]LogScript:Warning: Accessed None 'HexTileRef'
	BuildingUI_C /Engine/Transient.UnrealEdEngine_0:GameInstance_2.BuildingUI_C_2
	Function /Game/Blueprints/UI/BuildingUI.BuildingUI_C:ExecuteUbergraph_BuildingUI:00AA
[2016.03.15-11.47.57:401][118]LogScript:Warning: Accessed None 'HexTileRef'
	BuildingUI_C /Engine/Transient.UnrealEdEngine_0:GameInstance_2.BuildingUI_C_2
	Function /Game/Blueprints/UI/BuildingUI.BuildingUI_C:ExecuteUbergraph_BuildingUI:00AA
[2016.03.15-11.47.57:417][119]LogScript:Warning: Accessed None 'HexTileRef'
	BuildingUI_C /Engine/Transient.UnrealEdEngine_0:GameInstance_2.BuildingUI_C_2
	Function /Game/Blueprints/UI/BuildingUI.BuildingUI_C:ExecuteUbergraph_BuildingUI:00AA
[2016.03.15-11.47.57:434][120]LogScript:Warning: Accessed None 'HexTileRef'
	BuildingUI_C /Engine/Transient.UnrealEdEngine_0:GameInstance_2.BuildingUI_C_2
	Function /Game/Blueprints/UI/BuildingUI.BuildingUI_C:ExecuteUbergraph_BuildingUI:00AA
[2016.03.15-11.47.57:453][121]LogScript:Warning: Accessed None 'HexTileRef'
	BuildingUI_C /Engine/Transient.UnrealEdEngine_0:GameInstance_2.BuildingUI_C_2
	Function /Game/Blueprints/UI/BuildingUI.BuildingUI_C:ExecuteUbergraph_BuildingUI:00AA
[2016.03.15-11.47.57:468][122]LogScript:Warning: Accessed None 'HexTileRef'
	BuildingUI_C /Engine/Transient.UnrealEdEngine_0:GameInstance_2.BuildingUI_C_2
	Function /Game/Blueprints/UI/BuildingUI.BuildingUI_C:ExecuteUbergraph_BuildingUI:00AA
[2016.03.15-11.47.57:487][123]LogScript:Warning: Accessed None 'HexTileRef'
	BuildingUI_C /Engine/Transient.UnrealEdEngine_0:GameInstance_2.BuildingUI_C_2
	Function /Game/Blueprints/UI/BuildingUI.BuildingUI_C:ExecuteUbergraph_BuildingUI:00AA
[2016.03.15-11.47.57:504][124]LogScript:Warning: Accessed None 'HexTileRef'
	BuildingUI_C /Engine/Transient.UnrealEdEngine_0:GameInstance_2.BuildingUI_C_2
	Function /Game/Blueprints/UI/BuildingUI.BuildingUI_C:ExecuteUbergraph_BuildingUI:00AA
[2016.03.15-11.47.57:522][125]LogScript:Warning: Accessed None 'HexTileRef'
	BuildingUI_C /Engine/Transient.UnrealEdEngine_0:GameInstance_2.BuildingUI_C_2
	Function /Game/Blueprints/UI/BuildingUI.BuildingUI_C:ExecuteUbergraph_BuildingUI:00AA
[2016.03.15-11.47.57:537][126]LogScript:Warning: Accessed None 'HexTileRef'
	BuildingUI_C /Engine/Transient.UnrealEdEngine_0:GameInstance_2.BuildingUI_C_2
	Function /Game/Blueprints/UI/BuildingUI.BuildingUI_C:ExecuteUbergraph_BuildingUI:00AA
[2016.03.15-11.47.57:554][127]LogScript:Warning: Accessed None 'HexTileRef'
	BuildingUI_C /Engine/Transient.UnrealEdEngine_0:GameInstance_2.BuildingUI_C_2
	Function /Game/Blueprints/UI/BuildingUI.BuildingUI_C:ExecuteUbergraph_BuildingUI:00AA
[2016.03.15-11.47.57:570][128]LogScript:Warning: Accessed None 'HexTileRef'
	BuildingUI_C /Engine/Transient.UnrealEdEngine_0:GameInstance_2.BuildingUI_C_2
	Function /Game/Blueprints/UI/BuildingUI.BuildingUI_C:ExecuteUbergraph_BuildingUI:00AA
[2016.03.15-11.47.57:587][129]LogScript:Warning: Accessed None 'HexTileRef'
	BuildingUI_C /Engine/Transient.UnrealEdEngine_0:GameInstance_2.BuildingUI_C_2
	Function /Game/Blueprints/UI/BuildingUI.BuildingUI_C:ExecuteUbergraph_BuildingUI:00AA
[2016.03.15-11.47.57:603][130]LogScript:Warning: Accessed None 'HexTileRef'
	BuildingUI_C /Engine/Transient.UnrealEdEngine_0:GameInstance_2.BuildingUI_C_2
	Function /Game/Blueprints/UI/BuildingUI.BuildingUI_C:ExecuteUbergraph_BuildingUI:00AA
[2016.03.15-11.48.03:321][469]LogBlueprintUserMessages: [AnthroGameMode_C_2] 1 action left
[2016.03.15-11.48.03:321][469]LogBlueprintUserMessages: [PlayerStatsMain_C_3] BuildingTracked
[2016.03.15-11.48.06:353][651]LogBlueprintUserMessages: [AnthroGameMode_C_2] next player
[2016.03.15-11.48.10:823][919]LogBlueprintUserMessages: [BuildingUI_C_2] NotEnoughMoney/AP!
[2016.03.15-11.48.13:506][ 80]LogBlueprintUserMessages: [PlayerStatsMain_C_3] Added Happiness
[2016.03.15-11.48.13:506][ 80]LogBlueprintUserMessages: [AnthroGameMode_C_2] End Round
[2016.03.15-11.48.24:991][769]LogBlueprintUserMessages: [AnthroGameMode_C_2] next player
[2016.03.15-11.48.29:825][ 59]LogBlueprintUserMessages: [PlayerStatsMain_C_3] Added Happiness
[2016.03.15-11.48.29:825][ 59]LogBlueprintUserMessages: [AnthroGameMode_C_2] End Round
[2016.03.15-11.48.33:693][291]LogScript:Warning: Accessed None 'CallFunc_SlotAsCanvasSlot_ReturnValue'
	Tooltip_C /Engine/Transient.UnrealEdEngine_0:GameInstance_2.Tooltip_C_2
	Function /Game/Blueprints/UI/Tooltip.Tooltip_C:ExecuteUbergraph_Tooltip:00C1
[2016.03.15-11.48.33:693][291]LogScript:Warning: Accessed None 'CallFunc_SlotAsCanvasSlot_ReturnValue'
	Tooltip_C /Engine/Transient.UnrealEdEngine_0:GameInstance_2.Tooltip_C_2
	Function /Game/Blueprints/UI/Tooltip.Tooltip_C:ExecuteUbergraph_Tooltip:0163
[2016.03.15-11.48.43:276][861]LogBlueprintUserMessages: Early EndPlayMap Detection: Level '/Game/Levels/Kieran-Test.Kieran-Test:PersistentLevel' has LevelScriptBlueprint '/Game/Levels/Kieran-Test.Kieran-Test:PersistentLevel.Kieran-Test' with GeneratedClass '/Game/Levels/Kieran-Test.Kieran-Test_C' with ClassGeneratedBy '/Game/Levels/Kieran-Test.Kieran-Test:PersistentLevel.Kieran-Test'
[2016.03.15-11.48.43:326][861]LogBlueprintUserMessages: Late EndPlayMap Detection: Level '/Game/Levels/Kieran-Test.Kieran-Test:PersistentLevel' has LevelScriptBlueprint '/Game/Levels/Kieran-Test.Kieran-Test:PersistentLevel.Kieran-Test' with GeneratedClass '/Game/Levels/Kieran-Test.Kieran-Test_C' with ClassGeneratedBy '/Game/Levels/Kieran-Test.Kieran-Test:PersistentLevel.Kieran-Test'
[2016.03.15-11.48.43:360][861]LogParticles: Destroying 0 GPU particle simulations for FXSystem 0x000000E2C70356C0
[2016.03.15-11.55.06:639][474]BlueprintLog: New page: Compile BTTask_BlueprintBase_New
[2016.03.15-11.55.06:655][474]LogBlueprint:Warning: [compiler BTTask_BlueprintBase_New] Warning 'Item' is already a 'Hex Tile Basic', you don't need  Cast To HexTileBasic .
[2016.03.15-11.55.06:782][474]LogBlueprint:Warning: [compiler BTTask_BlueprintBase_New] Warning [0653.79] Compile of BTTask_BlueprintBase_New successful, but with 1 Warning(s) [in 142 ms]
[2016.03.15-11.55.06:782][474]BlueprintEditorCompileResults:Warning: Warning 'Item' is already a 'Hex Tile Basic', you don't need  Cast To HexTileBasic .
[2016.03.15-11.55.06:782][474]BlueprintEditorCompileResults:Warning: Warning [0653.79] Compile of BTTask_BlueprintBase_New successful, but with 1 Warning(s) [in 142 ms]
[2016.03.15-11.55.11:459][624]LogBlueprintUserMessages: Early PlayInEditor Detection: Level '/Game/Levels/Kieran-Test.Kieran-Test:PersistentLevel' has LevelScriptBlueprint '/Game/Levels/Kieran-Test.Kieran-Test:PersistentLevel.Kieran-Test' with GeneratedClass '/Game/Levels/Kieran-Test.Kieran-Test_C' with ClassGeneratedBy '/Game/Levels/Kieran-Test.Kieran-Test:PersistentLevel.Kieran-Test'
[2016.03.15-11.55.11:463][624]LogPlayLevel: PlayLevel: No blueprints needed recompiling
[2016.03.15-11.55.11:463][624]PIE: New page: PIE session: Kieran-Test (15 Mar 2016 11:55:11)
[2016.03.15-11.55.11:463][624]LogPlayLevel: Creating play world package: /Game/Levels/UEDPIE_0_Kieran-Test
[2016.03.15-11.55.11:467][624]LogPlayLevel: PIE: StaticDuplicateObject took: (0.004444s)
[2016.03.15-11.55.11:468][624]LogAIModule: Creating AISystem for world Kieran-Test
[2016.03.15-11.55.11:469][624]LogPlayLevel: PIE: World Init took: (0.001321s)
[2016.03.15-11.55.11:469][624]LogPlayLevel: PIE: Created PIE world by copying editor world from /Game/Levels/Kieran-Test.Kieran-Test to /Game/Levels/UEDPIE_0_Kieran-Test.Kieran-Test (0.006071s)
[2016.03.15-11.55.11:503][624]LogInit: XAudio2 using 'Speakers (Realtek High Definition Audio)' : 2 channels at 48 kHz using 32 bits per sample (channel mask 0x3)
[2016.03.15-11.55.11:512][624]LogInit: FAudioDevice initialized.
[2016.03.15-11.55.11:549][624]LogWorld: Game class is 'AnthroGameMode_C'
[2016.03.15-11.55.11:553][624]LogWorld: Bringing World /Game/Levels/UEDPIE_0_Kieran-Test.Kieran-Test up for play (max tick rate 60) at 2016.03.15-11.55.11
[2016.03.15-11.55.11:553][624]LogActor:Warning: GameSession /Game/Levels/UEDPIE_0_Kieran-Test.Kieran-Test:PersistentLevel.GameSession_3 has natively added scene component(s), but none of them were set as the actor's RootComponent - picking one arbitrarily
[2016.03.15-11.55.11:553][624]LogActor:Warning: GameNetworkManager /Game/Levels/UEDPIE_0_Kieran-Test.Kieran-Test:PersistentLevel.GameNetworkManager_3 has natively added scene component(s), but none of them were set as the actor's RootComponent - picking one arbitrarily
[2016.03.15-11.55.11:553][624]LogWorld: Bringing up level for play took: 0.002777
[2016.03.15-11.55.11:554][624]LogBlueprintUserMessages: [AI_Controller_C_1] your mum
[2016.03.15-11.55.11:560][624]LogBlueprintUserMessages: [GameTileSpawner_C_1] TilesGenerated
[2016.03.15-11.55.11:586][624]PIE: Info Play in editor start time for /Game/Levels/UEDPIE_0_Kieran-Test 0.127
[2016.03.15-11.55.11:586][624]LogBlueprintUserMessages: Late PlayInEditor Detection: Level '/Game/Levels/Kieran-Test.Kieran-Test:PersistentLevel' has LevelScriptBlueprint '/Game/Levels/Kieran-Test.Kieran-Test:PersistentLevel.Kieran-Test' with GeneratedClass '/Game/Levels/Kieran-Test.Kieran-Test_C' with ClassGeneratedBy '/Game/Levels/Kieran-Test.Kieran-Test:PersistentLevel.Kieran-Test'
[2016.03.15-11.55.11:587][624]LogBlueprintUserMessages: [BTTask_BlueprintBase_New_C_1] nae monay
[2016.03.15-11.55.11:598][624]LogScript:Warning: Accessed None 'HexTileRef'
	BuildingUI_C /Engine/Transient.UnrealEdEngine_0:GameInstance_3.BuildingUI_C_3
	Function /Game/Blueprints/UI/BuildingUI.BuildingUI_C:ExecuteUbergraph_BuildingUI:00AA
[2016.03.15-11.55.11:613][625]LogScript:Warning: Accessed None 'HexTileRef'
	BuildingUI_C /Engine/Transient.UnrealEdEngine_0:GameInstance_3.BuildingUI_C_3
	Function /Game/Blueprints/UI/BuildingUI.BuildingUI_C:ExecuteUbergraph_BuildingUI:00AA
[2016.03.15-11.55.11:631][626]LogScript:Warning: Accessed None 'HexTileRef'
	BuildingUI_C /Engine/Transient.UnrealEdEngine_0:GameInstance_3.BuildingUI_C_3
	Function /Game/Blueprints/UI/BuildingUI.BuildingUI_C:ExecuteUbergraph_BuildingUI:00AA
[2016.03.15-11.55.11:647][627]LogScript:Warning: Accessed None 'HexTileRef'
	BuildingUI_C /Engine/Transient.UnrealEdEngine_0:GameInstance_3.BuildingUI_C_3
	Function /Game/Blueprints/UI/BuildingUI.BuildingUI_C:ExecuteUbergraph_BuildingUI:00AA
[2016.03.15-11.55.11:665][628]LogScript:Warning: Accessed None 'HexTileRef'
	BuildingUI_C /Engine/Transient.UnrealEdEngine_0:GameInstance_3.BuildingUI_C_3
	Function /Game/Blueprints/UI/BuildingUI.BuildingUI_C:ExecuteUbergraph_BuildingUI:00AA
[2016.03.15-11.55.11:680][629]LogScript:Warning: Accessed None 'HexTileRef'
	BuildingUI_C /Engine/Transient.UnrealEdEngine_0:GameInstance_3.BuildingUI_C_3
	Function /Game/Blueprints/UI/BuildingUI.BuildingUI_C:ExecuteUbergraph_BuildingUI:00AA
[2016.03.15-11.55.11:697][630]LogScript:Warning: Accessed None 'HexTileRef'
	BuildingUI_C /Engine/Transient.UnrealEdEngine_0:GameInstance_3.BuildingUI_C_3
	Function /Game/Blueprints/UI/BuildingUI.BuildingUI_C:ExecuteUbergraph_BuildingUI:00AA
[2016.03.15-11.55.11:713][631]LogScript:Warning: Accessed None 'HexTileRef'
	BuildingUI_C /Engine/Transient.UnrealEdEngine_0:GameInstance_3.BuildingUI_C_3
	Function /Game/Blueprints/UI/BuildingUI.BuildingUI_C:ExecuteUbergraph_BuildingUI:00AA
[2016.03.15-11.55.11:730][632]LogScript:Warning: Accessed None 'HexTileRef'
	BuildingUI_C /Engine/Transient.UnrealEdEngine_0:GameInstance_3.BuildingUI_C_3
	Function /Game/Blueprints/UI/BuildingUI.BuildingUI_C:ExecuteUbergraph_BuildingUI:00AA
[2016.03.15-11.55.11:747][633]LogScript:Warning: Accessed None 'HexTileRef'
	BuildingUI_C /Engine/Transient.UnrealEdEngine_0:GameInstance_3.BuildingUI_C_3
	Function /Game/Blueprints/UI/BuildingUI.BuildingUI_C:ExecuteUbergraph_BuildingUI:00AA
[2016.03.15-11.55.11:764][634]LogScript:Warning: Accessed None 'HexTileRef'
	BuildingUI_C /Engine/Transient.UnrealEdEngine_0:GameInstance_3.BuildingUI_C_3
	Function /Game/Blueprints/UI/BuildingUI.BuildingUI_C:ExecuteUbergraph_BuildingUI:00AA
[2016.03.15-11.55.11:780][635]LogScript:Warning: Accessed None 'HexTileRef'
	BuildingUI_C /Engine/Transient.UnrealEdEngine_0:GameInstance_3.BuildingUI_C_3
	Function /Game/Blueprints/UI/BuildingUI.BuildingUI_C:ExecuteUbergraph_BuildingUI:00AA
[2016.03.15-11.55.11:797][636]LogScript:Warning: Accessed None 'HexTileRef'
	BuildingUI_C /Engine/Transient.UnrealEdEngine_0:GameInstance_3.BuildingUI_C_3
	Function /Game/Blueprints/UI/BuildingUI.BuildingUI_C:ExecuteUbergraph_BuildingUI:00AA
[2016.03.15-11.55.11:814][637]LogScript:Warning: Accessed None 'HexTileRef'
	BuildingUI_C /Engine/Transient.UnrealEdEngine_0:GameInstance_3.BuildingUI_C_3
	Function /Game/Blueprints/UI/BuildingUI.BuildingUI_C:ExecuteUbergraph_BuildingUI:00AA
[2016.03.15-11.55.11:831][638]LogScript:Warning: Accessed None 'HexTileRef'
	BuildingUI_C /Engine/Transient.UnrealEdEngine_0:GameInstance_3.BuildingUI_C_3
	Function /Game/Blueprints/UI/BuildingUI.BuildingUI_C:ExecuteUbergraph_BuildingUI:00AA
[2016.03.15-11.55.11:847][639]LogScript:Warning: Accessed None 'HexTileRef'
	BuildingUI_C /Engine/Transient.UnrealEdEngine_0:GameInstance_3.BuildingUI_C_3
	Function /Game/Blueprints/UI/BuildingUI.BuildingUI_C:ExecuteUbergraph_BuildingUI:00AA
[2016.03.15-11.55.11:863][640]LogScript:Warning: Accessed None 'HexTileRef'
	BuildingUI_C /Engine/Transient.UnrealEdEngine_0:GameInstance_3.BuildingUI_C_3
	Function /Game/Blueprints/UI/BuildingUI.BuildingUI_C:ExecuteUbergraph_BuildingUI:00AA
[2016.03.15-11.55.12:057][652]LogScript:Warning: Accessed None 'CallFunc_SlotAsCanvasSlot_ReturnValue'
	Tooltip_C /Engine/Transient.UnrealEdEngine_0:GameInstance_3.Tooltip_C_3
	Function /Game/Blueprints/UI/Tooltip.Tooltip_C:ExecuteUbergraph_Tooltip:00C1
[2016.03.15-11.55.12:057][652]LogScript:Warning: Accessed None 'CallFunc_SlotAsCanvasSlot_ReturnValue'
	Tooltip_C /Engine/Transient.UnrealEdEngine_0:GameInstance_3.Tooltip_C_3
	Function /Game/Blueprints/UI/Tooltip.Tooltip_C:ExecuteUbergraph_Tooltip:0163
[2016.03.15-11.55.14:973][827]LogBlueprintUserMessages: [AnthroGameMode_C_3] 1 action left
[2016.03.15-11.55.14:974][827]LogBlueprintUserMessages: [PlayerStatsMain_C_3] BuildingTracked
[2016.03.15-11.55.17:456][976]LogBlueprintUserMessages: [AnthroGameMode_C_3] next player
[2016.03.15-11.55.22:460][276]LogScript:Warning: Accessed None 'CallFunc_SlotAsCanvasSlot_ReturnValue'
	Tooltip_C /Engine/Transient.UnrealEdEngine_0:GameInstance_3.Tooltip_C_4
	Function /Game/Blueprints/UI/Tooltip.Tooltip_C:ExecuteUbergraph_Tooltip:00C1
[2016.03.15-11.55.22:460][276]LogScript:Warning: Accessed None 'CallFunc_SlotAsCanvasSlot_ReturnValue'
	Tooltip_C /Engine/Transient.UnrealEdEngine_0:GameInstance_3.Tooltip_C_4
	Function /Game/Blueprints/UI/Tooltip.Tooltip_C:ExecuteUbergraph_Tooltip:0163
[2016.03.15-11.55.24:893][422]LogBlueprintUserMessages: [PlayerStatsMain_C_3] Added Happiness
[2016.03.15-11.55.24:893][422]LogBlueprintUserMessages: [AnthroGameMode_C_3] End Round
[2016.03.15-11.55.26:360][510]LogScript:Warning: Accessed None 'CallFunc_SlotAsCanvasSlot_ReturnValue'
	Tooltip_C /Engine/Transient.UnrealEdEngine_0:GameInstance_3.Tooltip_C_5
	Function /Game/Blueprints/UI/Tooltip.Tooltip_C:ExecuteUbergraph_Tooltip:00C1
[2016.03.15-11.55.26:360][510]LogScript:Warning: Accessed None 'CallFunc_SlotAsCanvasSlot_ReturnValue'
	Tooltip_C /Engine/Transient.UnrealEdEngine_0:GameInstance_3.Tooltip_C_5
	Function /Game/Blueprints/UI/Tooltip.Tooltip_C:ExecuteUbergraph_Tooltip:0163
[2016.03.15-11.55.33:860][960]LogBlueprintUserMessages: [AnthroGameMode_C_3] next player
[2016.03.15-11.55.35:217][ 41]LogBlueprintUserMessages: Early EndPlayMap Detection: Level '/Game/Levels/Kieran-Test.Kieran-Test:PersistentLevel' has LevelScriptBlueprint '/Game/Levels/Kieran-Test.Kieran-Test:PersistentLevel.Kieran-Test' with GeneratedClass '/Game/Levels/Kieran-Test.Kieran-Test_C' with ClassGeneratedBy '/Game/Levels/Kieran-Test.Kieran-Test:PersistentLevel.Kieran-Test'
[2016.03.15-11.55.35:268][ 41]LogBlueprintUserMessages: Late EndPlayMap Detection: Level '/Game/Levels/Kieran-Test.Kieran-Test:PersistentLevel' has LevelScriptBlueprint '/Game/Levels/Kieran-Test.Kieran-Test:PersistentLevel.Kieran-Test' with GeneratedClass '/Game/Levels/Kieran-Test.Kieran-Test_C' with ClassGeneratedBy '/Game/Levels/Kieran-Test.Kieran-Test:PersistentLevel.Kieran-Test'
[2016.03.15-11.55.35:300][ 41]LogParticles: Destroying 0 GPU particle simulations for FXSystem 0x000000E2DE7677E0
[2016.03.15-11.57.05:897][883]LogSavePackage: Save=139.710617ms
[2016.03.15-11.57.05:897][883]LogSavePackage: Moving '../../../../../../Users/Jordan/Documents/Anthrocratos/Anthrocratos_UE4/Saved/Kieran-Test_Auto1B81E64124EB64B4D80009C8F1C5A325E.tmp' to '../../../../../../Users/Jordan/Documents/Anthrocratos/Anthrocratos_UE4/Saved/Autosaves/Game/Levels/Kieran-Test_Auto1.umap'
[2016.03.15-11.57.05:918][883]LogSavePackage: Total save time: 350.304134ms
[2016.03.15-11.57.05:918][883]LogSavePackage:Display: Finished SavePackage ../../../../../../Users/Jordan/Documents/Anthrocratos/Anthrocratos_UE4/Saved/Autosaves/Game/Levels/Kieran-Test_Auto1.umap
[2016.03.15-11.57.05:939][883]LogFileHelpers: Editor autosave (incl. sublevels) for '/Game/Levels/Kieran-Test' took 0.513
[2016.03.15-11.57.05:939][883]LogFileHelpers: Editor autosave (incl. sublevels) for all levels took 0.513
[2016.03.15-11.57.05:948][883]OBJ SavePackage: Generating thumbnails for [0] asset(s) in package [/Game/Blueprints/AI/AI_Controller] ([1] browsable assets)...
[2016.03.15-11.57.05:948][883]OBJ SavePackage: Finished generating thumbnails for package [/Game/Blueprints/AI/AI_Controller]
[2016.03.15-11.57.06:060][883]LogSavePackage: Save=21.520256ms
[2016.03.15-11.57.06:060][883]LogSavePackage: Moving '../../../../../../Users/Jordan/Documents/Anthrocratos/Anthrocratos_UE4/Saved/AI_Controller_Auto155D56B11472197D66076BFB673AB2773.tmp' to '../../../../../../Users/Jordan/Documents/Anthrocratos/Anthrocratos_UE4/Saved/Autosaves/Game/Blueprints/AI/AI_Controller_Auto1.uasset'
[2016.03.15-11.57.06:086][883]LogSavePackage: Total save time: 136.078291ms
[2016.03.15-11.57.06:086][883]LogSavePackage:Display: Finished SavePackage ../../../../../../Users/Jordan/Documents/Anthrocratos/Anthrocratos_UE4/Saved/Autosaves/Game/Blueprints/AI/AI_Controller_Auto1.uasset
[2016.03.15-11.57.06:091][883]OBJ SavePackage: Generating thumbnails for [0] asset(s) in package [/Game/Blueprints/AI/BTTask_BlueprintBase_New] ([1] browsable assets)...
[2016.03.15-11.57.06:091][883]OBJ SavePackage: Finished generating thumbnails for package [/Game/Blueprints/AI/BTTask_BlueprintBase_New]
[2016.03.15-11.57.06:240][883]LogSavePackage: Save=56.424603ms
[2016.03.15-11.57.06:240][883]LogSavePackage: Moving '../../../../../../Users/Jordan/Documents/Anthrocratos/Anthrocratos_UE4/Saved/BTTask_BlueprintBase_New_Auto19CCDDFE74C284EF4D740639FFC8D05C2.tmp' to '../../../../../../Users/Jordan/Documents/Anthrocratos/Anthrocratos_UE4/Saved/Autosaves/Game/Blueprints/AI/BTTask_BlueprintBase_New_Auto1.uasset'
[2016.03.15-11.57.06:242][883]LogSavePackage: Total save time: 149.022769ms
[2016.03.15-11.57.06:242][883]LogSavePackage:Display: Finished SavePackage ../../../../../../Users/Jordan/Documents/Anthrocratos/Anthrocratos_UE4/Saved/Autosaves/Game/Blueprints/AI/BTTask_BlueprintBase_New_Auto1.uasset
[2016.03.15-11.57.06:242][883]LogFileHelpers: Auto-saving content packages took 0.299
[2016.03.15-11.57.39:518][872]BlueprintLog: New page: Compile BTTask_BlueprintBase_New
[2016.03.15-11.57.39:535][872]LogBlueprint:Warning: [compiler BTTask_BlueprintBase_New] Warning 'Item' is already a 'Hex Tile Basic', you don't need  Cast To HexTileBasic .
[2016.03.15-11.57.39:623][872]LogBlueprint:Warning: [compiler BTTask_BlueprintBase_New] Warning [0806.63] Compile of BTTask_BlueprintBase_New successful, but with 1 Warning(s) [in 105 ms]
[2016.03.15-11.57.39:624][872]BlueprintEditorCompileResults:Warning: Warning 'Item' is already a 'Hex Tile Basic', you don't need  Cast To HexTileBasic .
[2016.03.15-11.57.39:624][872]BlueprintEditorCompileResults:Warning: Warning [0806.63] Compile of BTTask_BlueprintBase_New successful, but with 1 Warning(s) [in 105 ms]
[2016.03.15-11.57.43:086][ 41]LogBlueprintUserMessages: Early PlayInEditor Detection: Level '/Game/Levels/Kieran-Test.Kieran-Test:PersistentLevel' has LevelScriptBlueprint '/Game/Levels/Kieran-Test.Kieran-Test:PersistentLevel.Kieran-Test' with GeneratedClass '/Game/Levels/Kieran-Test.Kieran-Test_C' with ClassGeneratedBy '/Game/Levels/Kieran-Test.Kieran-Test:PersistentLevel.Kieran-Test'
[2016.03.15-11.57.43:089][ 41]LogPlayLevel: PlayLevel: No blueprints needed recompiling
[2016.03.15-11.57.43:090][ 41]PIE: New page: PIE session: Kieran-Test (15 Mar 2016 11:57:43)
[2016.03.15-11.57.43:090][ 41]LogPlayLevel: Creating play world package: /Game/Levels/UEDPIE_0_Kieran-Test
[2016.03.15-11.57.43:094][ 41]LogPlayLevel: PIE: StaticDuplicateObject took: (0.004187s)
[2016.03.15-11.57.43:095][ 41]LogAIModule: Creating AISystem for world Kieran-Test
[2016.03.15-11.57.43:095][ 41]LogPlayLevel: PIE: World Init took: (0.001249s)
[2016.03.15-11.57.43:095][ 41]LogPlayLevel: PIE: Created PIE world by copying editor world from /Game/Levels/Kieran-Test.Kieran-Test to /Game/Levels/UEDPIE_0_Kieran-Test.Kieran-Test (0.005723s)
[2016.03.15-11.57.43:138][ 41]LogInit: XAudio2 using 'Speakers (Realtek High Definition Audio)' : 2 channels at 48 kHz using 32 bits per sample (channel mask 0x3)
[2016.03.15-11.57.43:148][ 41]LogInit: FAudioDevice initialized.
[2016.03.15-11.57.43:183][ 41]LogWorld: Game class is 'AnthroGameMode_C'
[2016.03.15-11.57.43:187][ 41]LogWorld: Bringing World /Game/Levels/UEDPIE_0_Kieran-Test.Kieran-Test up for play (max tick rate 60) at 2016.03.15-11.57.43
[2016.03.15-11.57.43:187][ 41]LogActor:Warning: GameSession /Game/Levels/UEDPIE_0_Kieran-Test.Kieran-Test:PersistentLevel.GameSession_4 has natively added scene component(s), but none of them were set as the actor's RootComponent - picking one arbitrarily
[2016.03.15-11.57.43:187][ 41]LogActor:Warning: GameNetworkManager /Game/Levels/UEDPIE_0_Kieran-Test.Kieran-Test:PersistentLevel.GameNetworkManager_4 has natively added scene component(s), but none of them were set as the actor's RootComponent - picking one arbitrarily
[2016.03.15-11.57.43:187][ 41]LogWorld: Bringing up level for play took: 0.002721
[2016.03.15-11.57.43:188][ 41]LogBlueprintUserMessages: [AI_Controller_C_1] your mum
[2016.03.15-11.57.43:194][ 41]LogBlueprintUserMessages: [GameTileSpawner_C_1] TilesGenerated
[2016.03.15-11.57.43:220][ 41]PIE: Info Play in editor start time for /Game/Levels/UEDPIE_0_Kieran-Test -0.239
[2016.03.15-11.57.43:221][ 41]LogBlueprintUserMessages: Late PlayInEditor Detection: Level '/Game/Levels/Kieran-Test.Kieran-Test:PersistentLevel' has LevelScriptBlueprint '/Game/Levels/Kieran-Test.Kieran-Test:PersistentLevel.Kieran-Test' with GeneratedClass '/Game/Levels/Kieran-Test.Kieran-Test_C' with ClassGeneratedBy '/Game/Levels/Kieran-Test.Kieran-Test:PersistentLevel.Kieran-Test'
[2016.03.15-11.57.43:222][ 41]LogBlueprintUserMessages: [BTTask_BlueprintBase_New_C_1] nae monay
[2016.03.15-11.57.43:231][ 41]LogScript:Warning: Accessed None 'HexTileRef'
	BuildingUI_C /Engine/Transient.UnrealEdEngine_0:GameInstance_4.BuildingUI_C_4
	Function /Game/Blueprints/UI/BuildingUI.BuildingUI_C:ExecuteUbergraph_BuildingUI:00AA
[2016.03.15-11.57.43:247][ 42]LogScript:Warning: Accessed None 'HexTileRef'
	BuildingUI_C /Engine/Transient.UnrealEdEngine_0:GameInstance_4.BuildingUI_C_4
	Function /Game/Blueprints/UI/BuildingUI.BuildingUI_C:ExecuteUbergraph_BuildingUI:00AA
[2016.03.15-11.57.43:263][ 43]LogScript:Warning: Accessed None 'HexTileRef'
	BuildingUI_C /Engine/Transient.UnrealEdEngine_0:GameInstance_4.BuildingUI_C_4
	Function /Game/Blueprints/UI/BuildingUI.BuildingUI_C:ExecuteUbergraph_BuildingUI:00AA
[2016.03.15-11.57.43:280][ 44]LogScript:Warning: Accessed None 'HexTileRef'
	BuildingUI_C /Engine/Transient.UnrealEdEngine_0:GameInstance_4.BuildingUI_C_4
	Function /Game/Blueprints/UI/BuildingUI.BuildingUI_C:ExecuteUbergraph_BuildingUI:00AA
[2016.03.15-11.57.43:297][ 45]LogScript:Warning: Accessed None 'HexTileRef'
	BuildingUI_C /Engine/Transient.UnrealEdEngine_0:GameInstance_4.BuildingUI_C_4
	Function /Game/Blueprints/UI/BuildingUI.BuildingUI_C:ExecuteUbergraph_BuildingUI:00AA
[2016.03.15-11.57.43:313][ 46]LogScript:Warning: Accessed None 'HexTileRef'
	BuildingUI_C /Engine/Transient.UnrealEdEngine_0:GameInstance_4.BuildingUI_C_4
	Function /Game/Blueprints/UI/BuildingUI.BuildingUI_C:ExecuteUbergraph_BuildingUI:00AA
[2016.03.15-11.57.43:330][ 47]LogScript:Warning: Accessed None 'HexTileRef'
	BuildingUI_C /Engine/Transient.UnrealEdEngine_0:GameInstance_4.BuildingUI_C_4
	Function /Game/Blueprints/UI/BuildingUI.BuildingUI_C:ExecuteUbergraph_BuildingUI:00AA
[2016.03.15-11.57.43:347][ 48]LogScript:Warning: Accessed None 'HexTileRef'
	BuildingUI_C /Engine/Transient.UnrealEdEngine_0:GameInstance_4.BuildingUI_C_4
	Function /Game/Blueprints/UI/BuildingUI.BuildingUI_C:ExecuteUbergraph_BuildingUI:00AA
[2016.03.15-11.57.43:363][ 49]LogScript:Warning: Accessed None 'HexTileRef'
	BuildingUI_C /Engine/Transient.UnrealEdEngine_0:GameInstance_4.BuildingUI_C_4
	Function /Game/Blueprints/UI/BuildingUI.BuildingUI_C:ExecuteUbergraph_BuildingUI:00AA
[2016.03.15-11.57.43:380][ 50]LogScript:Warning: Accessed None 'HexTileRef'
	BuildingUI_C /Engine/Transient.UnrealEdEngine_0:GameInstance_4.BuildingUI_C_4
	Function /Game/Blueprints/UI/BuildingUI.BuildingUI_C:ExecuteUbergraph_BuildingUI:00AA
[2016.03.15-11.57.43:396][ 51]LogScript:Warning: Accessed None 'HexTileRef'
	BuildingUI_C /Engine/Transient.UnrealEdEngine_0:GameInstance_4.BuildingUI_C_4
	Function /Game/Blueprints/UI/BuildingUI.BuildingUI_C:ExecuteUbergraph_BuildingUI:00AA
[2016.03.15-11.57.43:413][ 52]LogScript:Warning: Accessed None 'HexTileRef'
	BuildingUI_C /Engine/Transient.UnrealEdEngine_0:GameInstance_4.BuildingUI_C_4
	Function /Game/Blueprints/UI/BuildingUI.BuildingUI_C:ExecuteUbergraph_BuildingUI:00AA
[2016.03.15-11.57.43:430][ 53]LogScript:Warning: Accessed None 'HexTileRef'
	BuildingUI_C /Engine/Transient.UnrealEdEngine_0:GameInstance_4.BuildingUI_C_4
	Function /Game/Blueprints/UI/BuildingUI.BuildingUI_C:ExecuteUbergraph_BuildingUI:00AA
[2016.03.15-11.57.43:446][ 54]LogScript:Warning: Accessed None 'HexTileRef'
	BuildingUI_C /Engine/Transient.UnrealEdEngine_0:GameInstance_4.BuildingUI_C_4
	Function /Game/Blueprints/UI/BuildingUI.BuildingUI_C:ExecuteUbergraph_BuildingUI:00AA
[2016.03.15-11.57.43:463][ 55]LogScript:Warning: Accessed None 'HexTileRef'
	BuildingUI_C /Engine/Transient.UnrealEdEngine_0:GameInstance_4.BuildingUI_C_4
	Function /Game/Blueprints/UI/BuildingUI.BuildingUI_C:ExecuteUbergraph_BuildingUI:00AA
[2016.03.15-11.57.43:480][ 56]LogScript:Warning: Accessed None 'HexTileRef'
	BuildingUI_C /Engine/Transient.UnrealEdEngine_0:GameInstance_4.BuildingUI_C_4
	Function /Game/Blueprints/UI/BuildingUI.BuildingUI_C:ExecuteUbergraph_BuildingUI:00AA
[2016.03.15-11.57.43:496][ 57]LogScript:Warning: Accessed None 'HexTileRef'
	BuildingUI_C /Engine/Transient.UnrealEdEngine_0:GameInstance_4.BuildingUI_C_4
	Function /Game/Blueprints/UI/BuildingUI.BuildingUI_C:ExecuteUbergraph_BuildingUI:00AA
[2016.03.15-11.57.51:108][514]LogBlueprintUserMessages: [AnthroGameMode_C_4] 1 action left
[2016.03.15-11.57.51:108][514]LogBlueprintUserMessages: [PlayerStatsMain_C_3] BuildingTracked
[2016.03.15-11.57.55:132][749]LogBlueprintUserMessages: [AnthroGameMode_C_4] next player
[2016.03.15-11.57.56:287][797]LogBlueprintUserMessages: [PlayerStatsMain_C_3] Added Happiness
[2016.03.15-11.57.56:287][797]LogBlueprintUserMessages: [AnthroGameMode_C_4] End Round
[2016.03.15-11.57.57:892][864]LogBlueprintUserMessages: [AnthroGameMode_C_4] next player
[2016.03.15-11.57.58:421][886]LogBlueprintUserMessages: [PlayerStatsMain_C_3] Added Happiness
[2016.03.15-11.57.58:421][886]LogBlueprintUserMessages: [AnthroGameMode_C_4] End Round
[2016.03.15-11.57.59:020][911]LogBlueprintUserMessages: [AnthroGameMode_C_4] next player
[2016.03.15-11.57.59:215][919]LogBlueprintUserMessages: [PlayerStatsMain_C_3] Added Happiness
[2016.03.15-11.57.59:215][919]LogBlueprintUserMessages: [AnthroGameMode_C_4] End Round
[2016.03.15-11.57.59:429][928]LogBlueprintUserMessages: [AnthroGameMode_C_4] next player
[2016.03.15-11.57.59:623][936]LogBlueprintUserMessages: [PlayerStatsMain_C_3] Added Happiness
[2016.03.15-11.57.59:623][936]LogBlueprintUserMessages: [AnthroGameMode_C_4] End Round
[2016.03.15-11.57.59:818][944]LogBlueprintUserMessages: [AnthroGameMode_C_4] next player
[2016.03.15-11.58.00:085][952]LogBlueprintUserMessages: [PlayerStatsMain_C_3] Added Happiness
[2016.03.15-11.58.00:086][952]LogBlueprintUserMessages: [AnthroGameMode_C_4] End Round
[2016.03.15-11.58.00:186][958]LogBlueprintUserMessages: [AnthroGameMode_C_4] next player
[2016.03.15-11.58.00:375][966]LogBlueprintUserMessages: [PlayerStatsMain_C_3] Added Happiness
[2016.03.15-11.58.00:375][966]LogBlueprintUserMessages: [AnthroGameMode_C_4] End Round
[2016.03.15-11.58.00:569][974]LogBlueprintUserMessages: [AnthroGameMode_C_4] next player
[2016.03.15-11.58.00:764][982]LogBlueprintUserMessages: [PlayerStatsMain_C_3] Added Happiness
[2016.03.15-11.58.00:764][982]LogBlueprintUserMessages: [AnthroGameMode_C_4] End Round
[2016.03.15-11.58.01:004][992]LogBlueprintUserMessages: [AnthroGameMode_C_4] next player
[2016.03.15-11.58.01:222][  1]LogBlueprintUserMessages: [PlayerStatsMain_C_3] Added Happiness
[2016.03.15-11.58.01:222][  1]LogBlueprintUserMessages: [AnthroGameMode_C_4] End Round
[2016.03.15-11.58.01:434][ 10]LogBlueprintUserMessages: [AnthroGameMode_C_4] next player
[2016.03.15-11.58.01:654][ 19]LogBlueprintUserMessages: [PlayerStatsMain_C_3] Added Happiness
[2016.03.15-11.58.01:654][ 19]LogBlueprintUserMessages: [AnthroGameMode_C_4] End Round
[2016.03.15-11.58.01:867][ 28]LogBlueprintUserMessages: [AnthroGameMode_C_4] next player
[2016.03.15-11.58.02:973][ 88]LogBlueprintUserMessages: Early EndPlayMap Detection: Level '/Game/Levels/Kieran-Test.Kieran-Test:PersistentLevel' has LevelScriptBlueprint '/Game/Levels/Kieran-Test.Kieran-Test:PersistentLevel.Kieran-Test' with GeneratedClass '/Game/Levels/Kieran-Test.Kieran-Test_C' with ClassGeneratedBy '/Game/Levels/Kieran-Test.Kieran-Test:PersistentLevel.Kieran-Test'
[2016.03.15-11.58.03:018][ 88]LogBlueprintUserMessages: Late EndPlayMap Detection: Level '/Game/Levels/Kieran-Test.Kieran-Test:PersistentLevel' has LevelScriptBlueprint '/Game/Levels/Kieran-Test.Kieran-Test:PersistentLevel.Kieran-Test' with GeneratedClass '/Game/Levels/Kieran-Test.Kieran-Test_C' with ClassGeneratedBy '/Game/Levels/Kieran-Test.Kieran-Test:PersistentLevel.Kieran-Test'
[2016.03.15-11.58.03:087][ 89]LogParticles: Destroying 0 GPU particle simulations for FXSystem 0x000000E2DEB3E340
[2016.03.15-11.58.04:247][153]LogBlueprintUserMessages: Early PlayInEditor Detection: Level '/Game/Levels/Kieran-Test.Kieran-Test:PersistentLevel' has LevelScriptBlueprint '/Game/Levels/Kieran-Test.Kieran-Test:PersistentLevel.Kieran-Test' with GeneratedClass '/Game/Levels/Kieran-Test.Kieran-Test_C' with ClassGeneratedBy '/Game/Levels/Kieran-Test.Kieran-Test:PersistentLevel.Kieran-Test'
[2016.03.15-11.58.04:250][153]LogPlayLevel: PlayLevel: No blueprints needed recompiling
[2016.03.15-11.58.04:250][153]PIE: New page: PIE session: Kieran-Test (15 Mar 2016 11:58:04)
[2016.03.15-11.58.04:251][153]LogPlayLevel: Creating play world package: /Game/Levels/UEDPIE_0_Kieran-Test
[2016.03.15-11.58.04:254][153]LogPlayLevel: PIE: StaticDuplicateObject took: (0.003813s)
[2016.03.15-11.58.04:255][153]LogAIModule: Creating AISystem for world Kieran-Test
[2016.03.15-11.58.04:256][153]LogPlayLevel: PIE: World Init took: (0.001593s)
[2016.03.15-11.58.04:256][153]LogPlayLevel: PIE: Created PIE world by copying editor world from /Game/Levels/Kieran-Test.Kieran-Test to /Game/Levels/UEDPIE_0_Kieran-Test.Kieran-Test (0.005669s)
[2016.03.15-11.58.04:291][153]LogInit: XAudio2 using 'Speakers (Realtek High Definition Audio)' : 2 channels at 48 kHz using 32 bits per sample (channel mask 0x3)
[2016.03.15-11.58.04:299][153]LogInit: FAudioDevice initialized.
[2016.03.15-11.58.04:339][153]LogWorld: Game class is 'AnthroGameMode_C'
[2016.03.15-11.58.04:342][153]LogWorld: Bringing World /Game/Levels/UEDPIE_0_Kieran-Test.Kieran-Test up for play (max tick rate 60) at 2016.03.15-11.58.04
[2016.03.15-11.58.04:342][153]LogActor:Warning: GameSession /Game/Levels/UEDPIE_0_Kieran-Test.Kieran-Test:PersistentLevel.GameSession_5 has natively added scene component(s), but none of them were set as the actor's RootComponent - picking one arbitrarily
[2016.03.15-11.58.04:342][153]LogActor:Warning: GameNetworkManager /Game/Levels/UEDPIE_0_Kieran-Test.Kieran-Test:PersistentLevel.GameNetworkManager_5 has natively added scene component(s), but none of them were set as the actor's RootComponent - picking one arbitrarily
[2016.03.15-11.58.04:343][153]LogWorld: Bringing up level for play took: 0.002598
[2016.03.15-11.58.04:344][153]LogBlueprintUserMessages: [AI_Controller_C_1] your mum
[2016.03.15-11.58.04:350][153]LogBlueprintUserMessages: [GameTileSpawner_C_1] TilesGenerated
[2016.03.15-11.58.04:376][153]PIE: Info Play in editor start time for /Game/Levels/UEDPIE_0_Kieran-Test 0.917
[2016.03.15-11.58.04:377][153]LogBlueprintUserMessages: Late PlayInEditor Detection: Level '/Game/Levels/Kieran-Test.Kieran-Test:PersistentLevel' has LevelScriptBlueprint '/Game/Levels/Kieran-Test.Kieran-Test:PersistentLevel.Kieran-Test' with GeneratedClass '/Game/Levels/Kieran-Test.Kieran-Test_C' with ClassGeneratedBy '/Game/Levels/Kieran-Test.Kieran-Test:PersistentLevel.Kieran-Test'
[2016.03.15-11.58.04:378][153]LogBlueprintUserMessages: [BTTask_BlueprintBase_New_C_3] nae monay
[2016.03.15-11.58.04:386][153]LogScript:Warning: Accessed None 'HexTileRef'
	BuildingUI_C /Engine/Transient.UnrealEdEngine_0:GameInstance_5.BuildingUI_C_5
	Function /Game/Blueprints/UI/BuildingUI.BuildingUI_C:ExecuteUbergraph_BuildingUI:00AA
[2016.03.15-11.58.04:406][154]LogScript:Warning: Accessed None 'HexTileRef'
	BuildingUI_C /Engine/Transient.UnrealEdEngine_0:GameInstance_5.BuildingUI_C_5
	Function /Game/Blueprints/UI/BuildingUI.BuildingUI_C:ExecuteUbergraph_BuildingUI:00AA
[2016.03.15-11.58.04:423][155]LogScript:Warning: Accessed None 'HexTileRef'
	BuildingUI_C /Engine/Transient.UnrealEdEngine_0:GameInstance_5.BuildingUI_C_5
	Function /Game/Blueprints/UI/BuildingUI.BuildingUI_C:ExecuteUbergraph_BuildingUI:00AA
[2016.03.15-11.58.04:439][156]LogScript:Warning: Accessed None 'HexTileRef'
	BuildingUI_C /Engine/Transient.UnrealEdEngine_0:GameInstance_5.BuildingUI_C_5
	Function /Game/Blueprints/UI/BuildingUI.BuildingUI_C:ExecuteUbergraph_BuildingUI:00AA
[2016.03.15-11.58.04:457][157]LogScript:Warning: Accessed None 'HexTileRef'
	BuildingUI_C /Engine/Transient.UnrealEdEngine_0:GameInstance_5.BuildingUI_C_5
	Function /Game/Blueprints/UI/BuildingUI.BuildingUI_C:ExecuteUbergraph_BuildingUI:00AA
[2016.03.15-11.58.04:473][158]LogScript:Warning: Accessed None 'HexTileRef'
	BuildingUI_C /Engine/Transient.UnrealEdEngine_0:GameInstance_5.BuildingUI_C_5
	Function /Game/Blueprints/UI/BuildingUI.BuildingUI_C:ExecuteUbergraph_BuildingUI:00AA
[2016.03.15-11.58.04:490][159]LogScript:Warning: Accessed None 'HexTileRef'
	BuildingUI_C /Engine/Transient.UnrealEdEngine_0:GameInstance_5.BuildingUI_C_5
	Function /Game/Blueprints/UI/BuildingUI.BuildingUI_C:ExecuteUbergraph_BuildingUI:00AA
[2016.03.15-11.58.04:507][160]LogScript:Warning: Accessed None 'HexTileRef'
	BuildingUI_C /Engine/Transient.UnrealEdEngine_0:GameInstance_5.BuildingUI_C_5
	Function /Game/Blueprints/UI/BuildingUI.BuildingUI_C:ExecuteUbergraph_BuildingUI:00AA
[2016.03.15-11.58.04:523][161]LogScript:Warning: Accessed None 'HexTileRef'
	BuildingUI_C /Engine/Transient.UnrealEdEngine_0:GameInstance_5.BuildingUI_C_5
	Function /Game/Blueprints/UI/BuildingUI.BuildingUI_C:ExecuteUbergraph_BuildingUI:00AA
[2016.03.15-11.58.04:540][162]LogScript:Warning: Accessed None 'HexTileRef'
	BuildingUI_C /Engine/Transient.UnrealEdEngine_0:GameInstance_5.BuildingUI_C_5
	Function /Game/Blueprints/UI/BuildingUI.BuildingUI_C:ExecuteUbergraph_BuildingUI:00AA
[2016.03.15-11.58.04:557][163]LogScript:Warning: Accessed None 'HexTileRef'
	BuildingUI_C /Engine/Transient.UnrealEdEngine_0:GameInstance_5.BuildingUI_C_5
	Function /Game/Blueprints/UI/BuildingUI.BuildingUI_C:ExecuteUbergraph_BuildingUI:00AA
[2016.03.15-11.58.04:573][164]LogScript:Warning: Accessed None 'HexTileRef'
	BuildingUI_C /Engine/Transient.UnrealEdEngine_0:GameInstance_5.BuildingUI_C_5
	Function /Game/Blueprints/UI/BuildingUI.BuildingUI_C:ExecuteUbergraph_BuildingUI:00AA
[2016.03.15-11.58.04:590][165]LogScript:Warning: Accessed None 'HexTileRef'
	BuildingUI_C /Engine/Transient.UnrealEdEngine_0:GameInstance_5.BuildingUI_C_5
	Function /Game/Blueprints/UI/BuildingUI.BuildingUI_C:ExecuteUbergraph_BuildingUI:00AA
[2016.03.15-11.58.04:606][166]LogScript:Warning: Accessed None 'HexTileRef'
	BuildingUI_C /Engine/Transient.UnrealEdEngine_0:GameInstance_5.BuildingUI_C_5
	Function /Game/Blueprints/UI/BuildingUI.BuildingUI_C:ExecuteUbergraph_BuildingUI:00AA
[2016.03.15-11.58.04:623][167]LogScript:Warning: Accessed None 'HexTileRef'
	BuildingUI_C /Engine/Transient.UnrealEdEngine_0:GameInstance_5.BuildingUI_C_5
	Function /Game/Blueprints/UI/BuildingUI.BuildingUI_C:ExecuteUbergraph_BuildingUI:00AA
[2016.03.15-11.58.04:640][168]LogScript:Warning: Accessed None 'HexTileRef'
	BuildingUI_C /Engine/Transient.UnrealEdEngine_0:GameInstance_5.BuildingUI_C_5
	Function /Game/Blueprints/UI/BuildingUI.BuildingUI_C:ExecuteUbergraph_BuildingUI:00AA
[2016.03.15-11.58.04:657][169]LogScript:Warning: Accessed None 'HexTileRef'
	BuildingUI_C /Engine/Transient.UnrealEdEngine_0:GameInstance_5.BuildingUI_C_5
	Function /Game/Blueprints/UI/BuildingUI.BuildingUI_C:ExecuteUbergraph_BuildingUI:00AA
[2016.03.15-11.58.05:951][247]LogBlueprintUserMessages: Early EndPlayMap Detection: Level '/Game/Levels/Kieran-Test.Kieran-Test:PersistentLevel' has LevelScriptBlueprint '/Game/Levels/Kieran-Test.Kieran-Test:PersistentLevel.Kieran-Test' with GeneratedClass '/Game/Levels/Kieran-Test.Kieran-Test_C' with ClassGeneratedBy '/Game/Levels/Kieran-Test.Kieran-Test:PersistentLevel.Kieran-Test'
[2016.03.15-11.58.06:013][247]LogBlueprintUserMessages: Late EndPlayMap Detection: Level '/Game/Levels/Kieran-Test.Kieran-Test:PersistentLevel' has LevelScriptBlueprint '/Game/Levels/Kieran-Test.Kieran-Test:PersistentLevel.Kieran-Test' with GeneratedClass '/Game/Levels/Kieran-Test.Kieran-Test_C' with ClassGeneratedBy '/Game/Levels/Kieran-Test.Kieran-Test:PersistentLevel.Kieran-Test'
[2016.03.15-11.58.06:076][248]LogParticles: Destroying 0 GPU particle simulations for FXSystem 0x000000E2DE79A520
[2016.03.15-12.04.27:565][649]LogBehaviorTree:Warning: Blackboard asset (AI_Blackboard) has (AI_Blackboard) in parent chain! Clearing value to avoid cycle.
[2016.03.15-12.07.28:667][411]LogFileHelpers: Editor autosave (incl. sublevels) for '/Game/Levels/Kieran-Test' took 0.040
[2016.03.15-12.07.28:673][411]OBJ SavePackage: Generating thumbnails for [0] asset(s) in package [/Game/Blueprints/AI/AI_Behaviour] ([1] browsable assets)...
[2016.03.15-12.07.28:673][411]OBJ SavePackage: Finished generating thumbnails for package [/Game/Blueprints/AI/AI_Behaviour]
[2016.03.15-12.07.28:771][411]LogSavePackage: Save=8.545411ms
[2016.03.15-12.07.28:771][411]LogSavePackage: Moving '../../../../../../Users/Jordan/Documents/Anthrocratos/Anthrocratos_UE4/Saved/AI_Behaviour_Auto2A9F9F7D54FDBFF5DA6EF77BE054E0A18.tmp' to '../../../../../../Users/Jordan/Documents/Anthrocratos/Anthrocratos_UE4/Saved/Autosaves/Game/Blueprints/AI/AI_Behaviour_Auto2.uasset'
[2016.03.15-12.07.28:838][411]LogSavePackage: Total save time: 162.623245ms
[2016.03.15-12.07.28:838][411]LogSavePackage:Display: Finished SavePackage ../../../../../../Users/Jordan/Documents/Anthrocratos/Anthrocratos_UE4/Saved/Autosaves/Game/Blueprints/AI/AI_Behaviour_Auto2.uasset
[2016.03.15-12.07.28:843][411]OBJ SavePackage: Generating thumbnails for [0] asset(s) in package [/Game/Blueprints/AI/AI_Blackboard] ([1] browsable assets)...
[2016.03.15-12.07.28:843][411]OBJ SavePackage: Finished generating thumbnails for package [/Game/Blueprints/AI/AI_Blackboard]
[2016.03.15-12.07.28:967][411]LogSavePackage: Save=38.186867ms
[2016.03.15-12.07.28:967][411]LogSavePackage: Moving '../../../../../../Users/Jordan/Documents/Anthrocratos/Anthrocratos_UE4/Saved/AI_Blackboard_Auto22227CCAC43811D16CEC7349E21D77DA6.tmp' to '../../../../../../Users/Jordan/Documents/Anthrocratos/Anthrocratos_UE4/Saved/Autosaves/Game/Blueprints/AI/AI_Blackboard_Auto2.uasset'
[2016.03.15-12.07.28:969][411]LogSavePackage: Total save time: 124.387629ms
[2016.03.15-12.07.28:969][411]LogSavePackage:Display: Finished SavePackage ../../../../../../Users/Jordan/Documents/Anthrocratos/Anthrocratos_UE4/Saved/Autosaves/Game/Blueprints/AI/AI_Blackboard_Auto2.uasset
[2016.03.15-12.07.28:975][411]OBJ SavePackage: Generating thumbnails for [0] asset(s) in package [/Game/Blueprints/AI/BTTask_BlueprintBase_New] ([1] browsable assets)...
[2016.03.15-12.07.28:975][411]OBJ SavePackage: Finished generating thumbnails for package [/Game/Blueprints/AI/BTTask_BlueprintBase_New]
[2016.03.15-12.07.29:152][411]LogSavePackage: Save=70.403961ms
[2016.03.15-12.07.29:152][411]LogSavePackage: Moving '../../../../../../Users/Jordan/Documents/Anthrocratos/Anthrocratos_UE4/Saved/BTTask_BlueprintBase_New_Auto23E4AAF0043CBD3D16D0F138137F372D7.tmp' to '../../../../../../Users/Jordan/Documents/Anthrocratos/Anthrocratos_UE4/Saved/Autosaves/Game/Blueprints/AI/BTTask_BlueprintBase_New_Auto2.uasset'
[2016.03.15-12.07.29:173][411]LogSavePackage: Total save time: 196.691994ms
[2016.03.15-12.07.29:173][411]LogSavePackage:Display: Finished SavePackage ../../../../../../Users/Jordan/Documents/Anthrocratos/Anthrocratos_UE4/Saved/Autosaves/Game/Blueprints/AI/BTTask_BlueprintBase_New_Auto2.uasset
[2016.03.15-12.07.29:178][411]OBJ SavePackage: Generating thumbnails for [0] asset(s) in package [/Game/Blueprints/AI/Resource_Set] ([1] browsable assets)...
[2016.03.15-12.07.29:178][411]OBJ SavePackage: Finished generating thumbnails for package [/Game/Blueprints/AI/Resource_Set]
[2016.03.15-12.07.29:306][411]LogSavePackage: Save=36.793205ms
[2016.03.15-12.07.29:306][411]LogSavePackage: Moving '../../../../../../Users/Jordan/Documents/Anthrocratos/Anthrocratos_UE4/Saved/Resource_Set_Auto25D549AC840D22197136D8C8E5338FE6A.tmp' to '../../../../../../Users/Jordan/Documents/Anthrocratos/Anthrocratos_UE4/Saved/Autosaves/Game/Blueprints/AI/Resource_Set_Auto2.uasset'
[2016.03.15-12.07.29:307][411]LogSavePackage: Total save time: 127.438799ms
[2016.03.15-12.07.29:307][411]LogSavePackage:Display: Finished SavePackage ../../../../../../Users/Jordan/Documents/Anthrocratos/Anthrocratos_UE4/Saved/Autosaves/Game/Blueprints/AI/Resource_Set_Auto2.uasset
[2016.03.15-12.07.29:307][411]LogFileHelpers: Auto-saving content packages took 0.639
[2016.03.15-12.23.35:502][597]BlueprintLog: New page: Compile Resource_Set
[2016.03.15-12.23.35:675][597]BlueprintEditorCompileResults: Info [2362.68] Compile of Resource_Set successful! [in 172 ms]
[2016.03.15-12.25.01:355][372]BlueprintLog: New page: Compile Resource_Set
[2016.03.15-12.25.01:458][372]BlueprintEditorCompileResults: Info [2448.46] Compile of Resource_Set successful! [in 102 ms]
[2016.03.15-12.25.58:927][223]LogFileHelpers: Editor autosave (incl. sublevels) for '/Game/Levels/Kieran-Test' took 0.039
[2016.03.15-12.25.58:933][223]OBJ SavePackage: Generating thumbnails for [0] asset(s) in package [/Game/Blueprints/AI/BTTask_BlueprintBase_New] ([1] browsable assets)...
[2016.03.15-12.25.58:933][223]OBJ SavePackage: Finished generating thumbnails for package [/Game/Blueprints/AI/BTTask_BlueprintBase_New]
[2016.03.15-12.25.59:084][223]LogSavePackage: Save=54.945843ms
[2016.03.15-12.25.59:084][223]LogSavePackage: Moving '../../../../../../Users/Jordan/Documents/Anthrocratos/Anthrocratos_UE4/Saved/BTTask_BlueprintBase_New_Auto3170BEC2F4DF94D64F272BE9C86494782.tmp' to '../../../../../../Users/Jordan/Documents/Anthrocratos/Anthrocratos_UE4/Saved/Autosaves/Game/Blueprints/AI/BTTask_BlueprintBase_New_Auto3.uasset'
[2016.03.15-12.25.59:086][223]LogSavePackage: Total save time: 148.830336ms
[2016.03.15-12.25.59:086][223]LogSavePackage:Display: Finished SavePackage ../../../../../../Users/Jordan/Documents/Anthrocratos/Anthrocratos_UE4/Saved/Autosaves/Game/Blueprints/AI/BTTask_BlueprintBase_New_Auto3.uasset
[2016.03.15-12.25.59:092][223]OBJ SavePackage: Generating thumbnails for [0] asset(s) in package [/Game/Blueprints/AI/Resource_Set] ([1] browsable assets)...
[2016.03.15-12.25.59:092][223]OBJ SavePackage: Finished generating thumbnails for package [/Game/Blueprints/AI/Resource_Set]
[2016.03.15-12.25.59:221][223]LogSavePackage: Save=39.225163ms
[2016.03.15-12.25.59:221][223]LogSavePackage: Moving '../../../../../../Users/Jordan/Documents/Anthrocratos/Anthrocratos_UE4/Saved/Resource_Set_Auto34A2A9006414299C6E96A1796F16B3335.tmp' to '../../../../../../Users/Jordan/Documents/Anthrocratos/Anthrocratos_UE4/Saved/Autosaves/Game/Blueprints/AI/Resource_Set_Auto3.uasset'
[2016.03.15-12.25.59:223][223]LogSavePackage: Total save time: 129.520092ms
[2016.03.15-12.25.59:223][223]LogSavePackage:Display: Finished SavePackage ../../../../../../Users/Jordan/Documents/Anthrocratos/Anthrocratos_UE4/Saved/Autosaves/Game/Blueprints/AI/Resource_Set_Auto3.uasset
[2016.03.15-12.25.59:223][223]LogFileHelpers: Auto-saving content packages took 0.295
[2016.03.15-12.41.05:737][412]LogFileHelpers: Editor autosave (incl. sublevels) for '/Game/Levels/Kieran-Test' took 0.043
[2016.03.15-12.41.05:743][412]OBJ SavePackage: Generating thumbnails for [0] asset(s) in package [/Game/Blueprints/AI/BTTask_BlueprintBase_New] ([1] browsable assets)...
[2016.03.15-12.41.05:743][412]OBJ SavePackage: Finished generating thumbnails for package [/Game/Blueprints/AI/BTTask_BlueprintBase_New]
[2016.03.15-12.41.05:919][412]LogSavePackage: Save=81.933830ms
[2016.03.15-12.41.05:919][412]LogSavePackage: Moving '../../../../../../Users/Jordan/Documents/Anthrocratos/Anthrocratos_UE4/Saved/BTTask_BlueprintBase_New_Auto49082BCFC4E9596495725398A95BF3218.tmp' to '../../../../../../Users/Jordan/Documents/Anthrocratos/Anthrocratos_UE4/Saved/Autosaves/Game/Blueprints/AI/BTTask_BlueprintBase_New_Auto4.uasset'
[2016.03.15-12.41.05:922][412]LogSavePackage: Total save time: 177.069150ms
[2016.03.15-12.41.05:922][412]LogSavePackage:Display: Finished SavePackage ../../../../../../Users/Jordan/Documents/Anthrocratos/Anthrocratos_UE4/Saved/Autosaves/Game/Blueprints/AI/BTTask_BlueprintBase_New_Auto4.uasset
[2016.03.15-12.41.05:922][412]LogFileHelpers: Auto-saving content packages took 0.185
[2016.03.15-12.47.56:782][717]BlueprintLog: New page: Compile BTTask_BlueprintBase_New
[2016.03.15-12.47.56:799][717]LogBlueprint:Warning: [compiler BTTask_BlueprintBase_New] Warning 'Item' is already a 'Hex Tile Basic', you don't need  Cast To HexTileBasic .
[2016.03.15-12.47.56:895][717]LogBlueprint:Warning: [compiler BTTask_BlueprintBase_New] Warning [3823.90] Compile of BTTask_BlueprintBase_New successful, but with 1 Warning(s) [in 112 ms]
[2016.03.15-12.47.56:895][717]BlueprintEditorCompileResults:Warning: Warning 'Item' is already a 'Hex Tile Basic', you don't need  Cast To HexTileBasic .
[2016.03.15-12.47.56:895][717]BlueprintEditorCompileResults:Warning: Warning [3823.90] Compile of BTTask_BlueprintBase_New successful, but with 1 Warning(s) [in 112 ms]
[2016.03.15-12.48.14:294][954]LogSavePackage: Save=104.500076ms
[2016.03.15-12.48.14:294][954]LogSavePackage: Moving '../../../../../../Users/Jordan/Documents/Anthrocratos/Anthrocratos_UE4/Saved/Kieran-TestA87C1B1840F8EB6E7E358ABEC77CC47D.tmp' to '../../../../../../Users/Jordan/Documents/Anthrocratos/Anthrocratos_UE4/Content/Levels/Kieran-Test.umap'
[2016.03.15-12.48.14:302][954]LogSavePackage: Total save time: 200.753234ms
[2016.03.15-12.48.14:302][954]LogSavePackage:Display: Finished SavePackage ../../../../../../Users/Jordan/Documents/Anthrocratos/Anthrocratos_UE4/Content/Levels/Kieran-Test.umap
[2016.03.15-12.48.14:391][954]LogFileHelpers: Saving map 'Kieran-Test' took 0.405
[2016.03.15-12.48.14:400][954]Cmd: OBJ SAVEPACKAGE PACKAGE="/Game/Blueprints/AI/AI_Controller" FILE="../../../../../../Users/Jordan/Documents/Anthrocratos/Anthrocratos_UE4/Content/Blueprints/AI/AI_Controller.uasset" SILENT=true
[2016.03.15-12.48.14:513][954]LogSavePackage: Save=22.453354ms
[2016.03.15-12.48.14:513][954]LogSavePackage: Moving '../../../../../../Users/Jordan/Documents/Anthrocratos/Anthrocratos_UE4/Saved/AI_Controller3AE472054B926BDA245F03855B75F498.tmp' to '../../../../../../Users/Jordan/Documents/Anthrocratos/Anthrocratos_UE4/Content/Blueprints/AI/AI_Controller.uasset'
[2016.03.15-12.48.14:522][954]LogSavePackage: Total save time: 120.282341ms
[2016.03.15-12.48.14:522][954]LogSavePackage:Display: Finished SavePackage ../../../../../../Users/Jordan/Documents/Anthrocratos/Anthrocratos_UE4/Content/Blueprints/AI/AI_Controller.uasset
[2016.03.15-12.48.14:534][954]Cmd: OBJ SAVEPACKAGE PACKAGE="/Game/Blueprints/AI/AI_Behaviour" FILE="../../../../../../Users/Jordan/Documents/Anthrocratos/Anthrocratos_UE4/Content/Blueprints/AI/AI_Behaviour.uasset" SILENT=true
[2016.03.15-12.48.14:630][954]LogSavePackage: Save=8.167810ms
[2016.03.15-12.48.14:630][954]LogSavePackage: Moving '../../../../../../Users/Jordan/Documents/Anthrocratos/Anthrocratos_UE4/Saved/AI_BehaviourA8AA2FD147181706CA1D39882BBCC311.tmp' to '../../../../../../Users/Jordan/Documents/Anthrocratos/Anthrocratos_UE4/Content/Blueprints/AI/AI_Behaviour.uasset'
[2016.03.15-12.48.14:638][954]LogSavePackage: Total save time: 102.018517ms
[2016.03.15-12.48.14:638][954]LogSavePackage:Display: Finished SavePackage ../../../../../../Users/Jordan/Documents/Anthrocratos/Anthrocratos_UE4/Content/Blueprints/AI/AI_Behaviour.uasset
[2016.03.15-12.48.14:645][954]Cmd: OBJ SAVEPACKAGE PACKAGE="/Game/Blueprints/AI/AI_Blackboard" FILE="../../../../../../Users/Jordan/Documents/Anthrocratos/Anthrocratos_UE4/Content/Blueprints/AI/AI_Blackboard.uasset" SILENT=true
[2016.03.15-12.48.14:744][954]LogSavePackage: Save=5.661447ms
[2016.03.15-12.48.14:744][954]LogSavePackage: Moving '../../../../../../Users/Jordan/Documents/Anthrocratos/Anthrocratos_UE4/Saved/AI_Blackboard3DF9BAB547E7BA363F006C8C5891D4AF.tmp' to '../../../../../../Users/Jordan/Documents/Anthrocratos/Anthrocratos_UE4/Content/Blueprints/AI/AI_Blackboard.uasset'
[2016.03.15-12.48.14:750][954]LogSavePackage: Total save time: 103.002079ms
[2016.03.15-12.48.14:750][954]LogSavePackage:Display: Finished SavePackage ../../../../../../Users/Jordan/Documents/Anthrocratos/Anthrocratos_UE4/Content/Blueprints/AI/AI_Blackboard.uasset
[2016.03.15-12.48.14:906][954]LogSavePackage: Save=56.514404ms
[2016.03.15-12.48.14:906][954]LogSavePackage: Moving '../../../../../../Users/Jordan/Documents/Anthrocratos/Anthrocratos_UE4/Saved/BTTask_BlueprintBase_NewE86A7D9F4B79B3CC1C738BA322FF7B91.tmp' to '../../../../../../Users/Jordan/Documents/Anthrocratos/Anthrocratos_UE4/Content/Blueprints/AI/BTTask_BlueprintBase_New.uasset'
[2016.03.15-12.48.14:912][954]LogSavePackage: Total save tim