[2016.02.11-23.12.08:550][  0]Log file open, 02/11/16 23:12:08
[2016.02.11-23.12.08:551][  0]LogInit:Display: Running engine for game: Anthrocratos_UE4
[2016.02.11-23.12.08:551][  0]LogPlatformFile: Not using cached read wrapper
[2016.02.11-23.12.08:551][  0]LogInit:Display: RandInit(-296370804) SRandInit(-296370803).
[2016.02.11-23.12.08:551][  0]LogTaskGraph: Started task graph with 4 named threads and 7 total threads.
[2016.02.11-23.12.08:551][  0]LogStats: Stats thread started at 0.079339
[2016.02.11-23.12.08:551][  0]LogInit: Version: 4.10.2-2818068+++depot+UE4-Releases+4.10
[2016.02.11-23.12.08:551][  0]LogInit: API Version: 2758231
[2016.02.11-23.12.08:551][  0]LogInit: Compiled (64-bit): Jan  6 2016 17:36:42
[2016.02.11-23.12.08:551][  0]LogInit: Compiled with Visual C++: 19.00.23026.00
[2016.02.11-23.12.08:551][  0]LogInit: Build Configuration: Development
[2016.02.11-23.12.08:551][  0]LogInit: Branch Name: ++depot+UE4-Releases+4.10
[2016.02.11-23.12.08:551][  0]LogInit: Command line:  
[2016.02.11-23.12.08:551][  0]LogInit: Base directory: C:/Program Files (x86)/Epic Games/4.10/Engine/Binaries/Win64/
[2016.02.11-23.12.08:551][  0]LogInit: Rocket: 1
[2016.02.11-23.12.08:694][  0]LogInit: Using libcurl 7.41.0
[2016.02.11-23.12.08:695][  0]LogInit:  - built for x86_64-pc-win32
[2016.02.11-23.12.08:695][  0]LogInit:  - supports SSL with WinSSL
[2016.02.11-23.12.08:695][  0]LogInit:  - other features:
[2016.02.11-23.12.08:695][  0]LogInit:      CURL_VERSION_SSL
[2016.02.11-23.12.08:695][  0]LogInit:      CURL_VERSION_IPV6
[2016.02.11-23.12.08:695][  0]LogInit:      CURL_VERSION_ASYNCHDNS
[2016.02.11-23.12.08:695][  0]LogInit:      CURL_VERSION_LARGEFILE
[2016.02.11-23.12.08:695][  0]LogInit:      CURL_VERSION_IDN
[2016.02.11-23.12.08:695][  0]LogInit:  CurlRequestOptions (configurable via config and command line):
[2016.02.11-23.12.08:695][  0]LogInit:  - bVerifyPeer = true  - Libcurl will verify peer certificate
[2016.02.11-23.12.08:695][  0]LogInit:  - bUseHttpProxy = false  - Libcurl will NOT use HTTP proxy
[2016.02.11-23.12.08:695][  0]LogInit:  - bDontReuseConnections = false  - Libcurl will reuse connections
[2016.02.11-23.12.08:695][  0]LogInit:  - CertBundlePath = nullptr  - Libcurl will use whatever was configured at build time.
[2016.02.11-23.12.08:701][  0]LogInit: Presizing for 0 objects not considered by GC, pre-allocating 0 bytes.
[2016.02.11-23.12.08:709][  0]LogInit: Object subsystem initialized
[2016.02.11-23.12.08:710][  0]LogInit: Selected Device Profile: [Windows]
[2016.02.11-23.12.08:710][  0]LogInit: Applying CVar settings loaded from the selected device profile: [Windows]
[2016.02.11-23.12.08:746][  0]LogInit: Computer: CUBE-11959
[2016.02.11-23.12.08:746][  0]LogInit: User: user
[2016.02.11-23.12.08:746][  0]LogInit: CPU Page size=4096, Cores=4
[2016.02.11-23.12.08:747][  0]LogInit: High frequency timer resolution =2.435780 MHz
[2016.02.11-23.12.08:747][  0]LogMemory: Memory total: Physical=7.9GB (8GB approx)
[2016.02.11-23.12.08:747][  0]LogMemory: Platform Memory Stats for Windows
[2016.02.11-23.12.08:747][  0]LogMemory: Process Physical Memory: 56.23 MB used, 56.23 MB peak
[2016.02.11-23.12.08:747][  0]LogMemory: Process Virtual Memory: 58.79 MB used, 58.79 MB peak
[2016.02.11-23.12.08:747][  0]LogMemory: Physical Memory: 4112.77 MB used, 8076.43 MB total
[2016.02.11-23.12.08:747][  0]LogMemory: Virtual Memory: 380.79 MB used, 134217728.00 MB total
[2016.02.11-23.12.08:781][  0]LogTextLocalizationManager: No specific translations for ('en-GB') exist, so ('en') translations will be used.
[2016.02.11-23.12.09:243][  0]LogD3D11RHI: Found D3D11 adapter 0: NVIDIA GeForce GTX 850M  (Feature Level 11_0)
[2016.02.11-23.12.09:243][  0]LogD3D11RHI: Adapter has 1995MB of dedicated video memory, 0MB of dedicated system memory, and 4038MB of shared system memory, 1 output[s]
[2016.02.11-23.12.09:249][  0]LogD3D11RHI: Found D3D11 adapter 1: Intel(R) HD Graphics 4600 (Feature Level 11_0)
[2016.02.11-23.12.09:249][  0]LogD3D11RHI: Adapter has 112MB of dedicated video memory, 0MB of dedicated system memory, and 4038MB of shared system memory, 0 output[s]
[2016.02.11-23.12.09:250][  0]LogD3D11RHI: Found D3D11 adapter 2: Microsoft Basic Render Driver (Feature Level 11_0)
[2016.02.11-23.12.09:250][  0]LogD3D11RHI: Adapter has 0MB of dedicated video memory, 0MB of dedicated system memory, and 4038MB of shared system memory, 0 output[s]
[2016.02.11-23.12.09:250][  0]LogD3D11RHI: Chosen D3D11 Adapter Id = 0
[2016.02.11-23.12.09:257][  0]LogD3D11RHI: !Direct3DDevice
[2016.02.11-23.12.09:257][  0]LogRHI: Texture pool is 1361 MB (70% of 1945 MB)
[2016.02.11-23.12.09:269][  0]LogD3D11RHI: Async texture creation enabled
[2016.02.11-23.12.09:284][  0]LogShaderCompilers: Guid format shader working directory is -30 characters bigger than the processId version (../../../../../../Users/user/Game Development/Anthrocratos/Anthrocratos_UE4/Intermediate/Shaders/WorkingDirectory/5016/).
[2016.02.11-23.12.09:284][  0]LogShaderCompilers: Cleaned the shader compiler working directory 'C:/Users/user/AppData/Local/Temp/UnrealShaderWorkingDir/8454E62542F5447E0AEB6BBA023A25F2/'.
[2016.02.11-23.12.09:284][  0]LogShaderCompilers:Display: Using Local Shader Compiler.
[2016.02.11-23.12.10:120][  0]LogTemp:Display: Loaded TP AllDesktopTargetPlatform
[2016.02.11-23.12.10:126][  0]LogTemp:Display: Loaded TP WindowsClientTargetPlatform
[2016.02.11-23.12.10:130][  0]LogTemp:Display: Loaded TP WindowsNoEditorTargetPlatform
[2016.02.11-23.12.10:134][  0]LogTemp:Display: Loaded TP WindowsServerTargetPlatform
[2016.02.11-23.12.10:140][  0]LogTemp:Display: Loaded TP WindowsTargetPlatform
[2016.02.11-23.12.10:143][  0]LogTemp:Display: Loaded TP AndroidTargetPlatform
[2016.02.11-23.12.10:146][  0]LogTemp:Display: Loaded TP Android_ASTCTargetPlatform
[2016.02.11-23.12.10:148][  0]LogTemp:Display: Loaded TP Android_ATCTargetPlatform
[2016.02.11-23.12.10:150][  0]LogTemp:Display: Loaded TP Android_DXTTargetPlatform
[2016.02.11-23.12.10:153][  0]LogTemp:Display: Loaded TP Android_ETC1TargetPlatform
[2016.02.11-23.12.10:157][  0]LogTemp:Display: Loaded TP Android_ETC2TargetPlatform
[2016.02.11-23.12.10:163][  0]LogTemp:Display: Loaded TP Android_MultiTargetPlatform
[2016.02.11-23.12.10:163][  0]LogTemp:Display: Loaded TP Android_PVRTCTargetPlatform
[2016.02.11-23.12.10:164][  0]LogTemp:Display: Loaded TP HTML5TargetPlatform
[2016.02.11-23.12.10:180][  0]LogTemp:Display: Loaded TP IOSTargetPlatform
[2016.02.11-23.12.10:183][  0]LogTemp:Display: Loaded TP LinuxNoEditorTargetPlatform
[2016.02.11-23.12.10:186][  0]LogTemp:Display: Loaded TP LinuxServerTargetPlatform
[2016.02.11-23.12.10:191][  0]LogTemp:Display: Loaded TP LinuxTargetPlatform
[2016.02.11-23.12.10:191][  0]LogTargetPlatformManager:Display: Building Assets For Windows
[2016.02.11-23.12.10:268][  0]LogDerivedDataCache:Display: Max Cache Size: 512 MB
[2016.02.11-23.12.10:329][  0]LogDerivedDataCache: Loaded boot cache 0.06s 41MB C:/Users/user/AppData/Local/UnrealEngine/4.10/DerivedDataCache/Boot.ddc.
[2016.02.11-23.12.10:329][  0]LogDerivedDataCache:Display: Loaded Boot cache: C:/Users/user/AppData/Local/UnrealEngine/4.10/DerivedDataCache/Boot.ddc
[2016.02.11-23.12.10:329][  0]LogDerivedDataCache: FDerivedDataBackendGraph:  Pak pak cache file ../../../../../../Users/user/Game Development/Anthrocratos/Anthrocratos_UE4/DerivedDataCache/DDC.ddp not found, will not use a pak cache.
[2016.02.11-23.12.10:329][  0]LogDerivedDataCache: Unable to find inner node Pak for hierarchical cache Hierarchy.
[2016.02.11-23.12.10:329][  0]LogDerivedDataCache: FDerivedDataBackendGraph:  CompressedPak pak cache file ../../../../../../Users/user/Game Development/Anthrocratos/Anthrocratos_UE4/DerivedDataCache/Compressed.ddp not found, will not use a pak cache.
[2016.02.11-23.12.10:329][  0]LogDerivedDataCache: Unable to find inner node CompressedPak for hierarchical cache Hierarchy.
[2016.02.11-23.12.10:386][  0]LogDerivedDataCache:Display: Pak cache opened for reading ../../../Engine/DerivedDataCache/Compressed.ddp.
[2016.02.11-23.12.10:398][  0]LogDerivedDataCache: Using Local data cache path C:/Users/user/AppData/Local/UnrealEngine/Common/DerivedDataCache: Writable
[2016.02.11-23.12.10:574][  0]LogInit: Selected Device Profile: [Windows]
[2016.02.11-23.12.10:576][  0]LogContentStreaming: Texture pool size is 0.000000MB
[2016.02.11-23.12.10:697][  0]LogMeshUtilities: No automatic mesh reduction module available
[2016.02.11-23.12.10:697][  0]LogMeshUtilities: No automatic mesh merging module available
[2016.02.11-23.12.10:969][  0]LogInit: WinSock: version 1.1 (2.2), MaxSocks=32767, MaxUdp=65467
[2016.02.11-23.12.11:666][  0]UdpMessaging: Initializing bridge on interface 0.0.0.0:0 to multicast group 230.0.0.1:6666.
[2016.02.11-23.12.11:809][  0]LogAssetRegistry: FAssetRegistry took 0.0112 seconds to start up
[2016.02.11-23.12.12:083][  0]SourceControl: Info Source control is disabled
[2016.02.11-23.12.12:211][  0]SourceControl: Info Source control is disabled
[2016.02.11-23.12.12:220][  0]SourceControl: Info Source control is disabled
[2016.02.11-23.12.12:230][  0]SourceControl: Info Source control is disabled
[2016.02.11-23.12.12:461][  0]LogObj: 28637 objects as part of root set at end of initial load.
[2016.02.11-23.12.12:461][  0]LogUObjectAllocator: 6101776 out of 0 bytes used by permanent object pool.
[2016.02.11-23.12.12:514][  0]LogEngine: Initializing Engine...
[2016.02.11-23.12.12:516][  0]LogHMD: Can't find Oculus library dev build: is proper Runtime installed? Version: 0.8.0.0
[2016.02.11-23.12.12:516][  0]LogHMD: SteamVR failed to initialize.  Err: 110
[2016.02.11-23.12.12:635][  0]LogAIModule: Creating AISystem for world NewWorld
[2016.02.11-23.12.12:641][  0]LogInit: XAudio2 using 'Speakers (VIA HD Audio(Win 10))' : 2 channels at 48 kHz using 32 bits per sample (channel mask 0x3)
[2016.02.11-23.12.12:651][  0]LogInit: FAudioDevice initialized.
[2016.02.11-23.12.12:770][  0]LogDerivedDataCache: Saved boot cache 0.12s 41MB C:/Users/user/AppData/Local/UnrealEngine/4.10/DerivedDataCache/Boot.ddc.
[2016.02.11-23.12.12:783][  0]LogInit: Texture streaming: Enabled
[2016.02.11-23.12.12:796][  0]LogAnalytics: Creating configured Analytics provider AnalyticsET
[2016.02.11-23.12.12:796][  0]LogAnalytics: [UEEditor.Rocket.Release] APIServer = http://et2.epicgames.com/ET2/. AppVersion = 4.10.2-2818068+++depot+UE4-Releases+4.10
[2016.02.11-23.12.12:797][  0]LogAnalytics: [UEEditor.Rocket.Release] SetUserId 2066524940ef926c0d39eaab01bb3fef|ab08d7ce0f414bdba0971ea2fb4514a5|983d4c96-a536-4e9e-82d9-7415bf2a8174
[2016.02.11-23.12.12:797][  0]LogAnalytics: [UEEditor.Rocket.Release] AnalyticsET::StartSession
[2016.02.11-23.12.12:863][  0]LogInit: Transaction tracking system initialized
[2016.02.11-23.12.12:892][  0]BlueprintLog: New page: Editor Load
[2016.02.11-23.12.12:970][  0]LocalizationService: Info Localization service is disabled
[2016.02.11-23.12.13:046][  0]LogConsoleResponse:Display: 
[2016.02.11-23.12.13:568][  0]LogCook:Display: Done creating registry. It took  0.00s.
[2016.02.11-23.12.13:622][  0]SourceControl: Info Source control is disabled
[2016.02.11-23.12.13:622][  0]Cmd: MAP LOAD FILE="../../../../../../Users/user/Game Development/Anthrocratos/Anthrocratos_UE4/Content/Levels/Kieran-Test.umap" TEMPLATE=0 SHOWPROGRESS=1 FEATURELEVEL=3
[2016.02.11-23.12.13:622][  0]LightingResults: New page: Lighting Build
[2016.02.11-23.12.13:625][  0]MapCheck: New page: Map Check
[2016.02.11-23.12.13:625][  0]LightingResults: New page: Lighting Build
[2016.02.11-23.12.13:634][  0]LogParticles: Destroying 0 GPU particle simulations for FXSystem 0x0000008B959C7B00
[2016.02.11-23.12.14:964][  0]LogFileCache: Scanning file cache for directory 'C:/Users/user/Game Development/Anthrocratos/Anthrocratos_UE4/Content/' took 1.05s
[2016.02.11-23.12.15:018][  0]LogAIModule: Creating AISystem for world Kieran-Test
[2016.02.11-23.12.15:021][  0]LogEditorServer: Finished looking for orphan Actors (0.000 secs)
[2016.02.11-23.12.15:080][  0]Cmd: MAP CHECKDEP NOCLEARLOG
[2016.02.11-23.12.15:115][  0]MapCheck: Info Map check complete: 0 Error(s), 0 Warning(s), took 34.631ms to complete.
[2016.02.11-23.12.15:115][  0]LogFileHelpers: Loading map 'Kieran-Test' took 1.494
[2016.02.11-23.12.16:195][  0]LogCollectionManager: Loaded 0 collections in 0.017819 seconds
[2016.02.11-23.12.16:324][  0]LogFileCache: Scanning file cache for directory 'C:/Users/user/Game Development/Anthrocratos/Anthrocratos_UE4/Saved/Collections/' took 0.01s
[2016.02.11-23.12.16:324][  0]LogFileCache: Scanning file cache for directory 'C:/Users/user/Game Development/Anthrocratos/Anthrocratos_UE4/Content/Developers/user/Collections/' took 0.01s
[2016.02.11-23.12.16:324][  0]LogFileCache: Scanning file cache for directory 'C:/Users/user/Game Development/Anthrocratos/Anthrocratos_UE4/Content/Collections/' took 0.01s
[2016.02.11-23.12.16:324][  0]LogCollectionManager: Rebuilt the GUID cache for 0 collections in 0.000114 seconds
[2016.02.11-23.12.16:341][  0]LogContentBrowser: Native class hierarchy populated in 0.0160 seconds. Added 1894 classes and 340 folders.
[2016.02.11-23.12.16:414][  0]LogContentBrowser: Native class hierarchy updated for 'WidgetCarousel' in 0.0009 seconds. Added 0 classes and 0 folders.
[2016.02.11-23.12.18:872][  0]LogContentBrowser: Native class hierarchy updated for 'AddContentDialog' in 0.0030 seconds. Added 0 classes and 0 folders.
[2016.02.11-23.12.19:258][  0]LogContentBrowser: Native class hierarchy updated for 'SceneOutliner' in 0.0020 seconds. Added 1 classes and 2 folders.
[2016.02.11-23.12.20:832][  0]LogCrashTracker: Crashtracker disabled due to settings.
[2016.02.11-23.12.20:862][  0]LogUObjectGlobals:Warning: Failed to find object 'Class None.'
[2016.02.11-23.12.20:916][  0]LogLoad: Full Startup: 13.62 seconds (BP compile: 0.21 seconds)
[2016.02.11-23.12.20:929][  0]LogOcInput: Can't find Oculus library dev build: is proper Runtime installed? Version: 0.8.0.0
[2016.02.11-23.12.21:532][  0]LogContentStreaming: Texture pool size now 1000 MB
[2016.02.11-23.12.21:954][  0]LogRenderer: Reallocating scene render targets to support 900x880 (Frame:2).
[2016.02.11-23.12.22:148][  1]LogFileCache: Retrieving MD5 hashes for directory 'C:/Users/user/Game Development/Anthrocratos/Anthrocratos_UE4/Content/' took 1.20s
[2016.02.11-23.12.22:616][  4]LogAssetRegistry: Asset discovery search completed in 10.8178 seconds
[2016.02.11-23.12.22:616][  4]LogCollectionManager: Rebuilt the object cache for 0 collections in 0.000000 seconds (found 0 objects)
[2016.02.11-23.12.22:616][  4]LogCollectionManager: Fixed up redirectors for 0 collections in 0.000024 seconds (updated 0 objects)
[2016.02.11-23.12.43:187][153]LogSavePackage: Save=38.880360ms
[2016.02.11-23.12.43:187][153]LogSavePackage: Moving '../../../../../../Users/user/Game Development/Anthrocratos/Anthrocratos_UE4/Saved/UEDPCKieran-Test2091147546F480A2F77B4DB8835B2C1B.tmp' to '../../../../../../Users/user/Game Development/Anthrocratos/Anthrocratos_UE4/Saved/Autosaves/Game/Levels/UEDPCKieran-Test.umap'
[2016.02.11-23.12.43:188][153]LogSavePackage: Total save time: 60.633965ms
[2016.02.11-23.12.43:188][153]LogSavePackage:Display: Finished SavePackage ../../../../../../Users/user/Game Development/Anthrocratos/Anthrocratos_UE4/Saved/Autosaves/Game/Levels/UEDPCKieran-Test.umap
[2016.02.11-23.17.09:351][228]LogSavePackage: Save=2085.576660ms
[2016.02.11-23.17.09:380][228]LogSavePackage: Moving '../../../../../../Users/user/Game Development/Anthrocratos/Anthrocratos_UE4/Saved/Kieran-Test737B00BA4C1EA7F995FFE5B0D36B06F8.tmp' to '../../../../../../Users/user/Game Development/Anthrocratos/Anthrocratos_UE4/Content/Levels/Kieran-Test.umap'
[2016.02.11-23.17.09:518][228]LogSavePackage: Total save time: 2521.469921ms
[2016.02.11-23.17.09:518][228]LogSavePackage:Display: Finished SavePackage ../../../../../../Users/user/Game Development/Anthrocratos/Anthrocratos_UE4/Content/Levels/Kieran-Test.umap
[2016.02.11-23.17.09:624][228]LogFileHelpers: Saving map 'Kieran-Test' took 5.249
[2016.02.11-23.17.15:173][647]LogWindowsTextInputMethodSystem:Display: IME system now deactivated.
[2016.02.11-23.17.17:187][648]Cmd: QUIT_EDITOR
[2016.02.11-23.17.17:917][648]LogExit: Preparing to exit.
[2016.02.11-23.17.19:133][648]LogExit: Editor shut down
[2016.02.11-23.17.19:134][648]LogExit: Transaction tracking system shut down
[2016.02.11-23.17.19:139][648]LogParticles: Destroying 0 GPU particle simulations for FXSystem 0x0000008BFF791620
[2016.02.11-23.17.19:139][648]LogParticles: Destroying 0 GPU particle simulations for FXSystem 0x0000008BA0A709A0
[2016.02.11-23.17.19:486][648]LogParticles: Destroying 0 GPU particle simulations for FXSystem 0x0000008BA326F100
[2016.02.11-23.17.19:486][648]LogExit: Object subsystem successfully closed.
[2016.02.11-23.17.19:513][648]LogD3D11RHI: Shutdown
[2016.02.11-23.17.19:513][648]LogD3D11RHI: CleanupD3DDevice
[2016.02.11-23.17.19:593][648]LogD3D11RHI: ~FD3D11DynamicRHI
[2016.02.11-23.17.21:268][648]LogModuleManager: Shutting down and abandoning module CookingStats (200)
[2016.02.11-23.17.21:268][648]LogModuleManager: Shutting down and abandoning module CrashTracker (199)
[2016.02.11-23.17.21:274][648]LogModuleManager: Shutting down and abandoning module SceneOutliner (198)
[2016.02.11-23.17.21:274][648]LogModuleManager: Shutting down and abandoning module SuperSearch (197)
[2016.02.11-23.17.21:276][648]LogModuleManager: Shutting down and abandoning module WidgetCarousel (196)
[2016.02.11-23.17.21:280][648]LogModuleManager: Shutting down and abandoning module AddContentDialog (195)
[2016.02.11-23.17.21:322][648]LogModuleManager: Shutting down and abandoning module EditorWidgets (194)
[2016.02.11-23.17.21:322][648]LogModuleManager: Shutting down and abandoning module CollectionManager (193)
[2016.02.11-23.17.21:343][648]LogModuleManager: Shutting down and abandoning module StatsViewer (192)
[2016.02.11-23.17.21:354][648]LogModuleManager: Shutting down and abandoning module FoliageEdit (191)
[2016.02.11-23.17.21:364][648]LogModuleManager: Shutting down and abandoning module LandscapeEditor (190)
[2016.02.11-23.17.21:431][648]LogModuleManager: Shutting down and abandoning module ActorPickerMode (189)
[2016.02.11-23.17.21:431][648]LogModuleManager: Shutting down and abandoning module GeometryMode (188)
[2016.02.11-23.17.21:431][648]LogModuleManager: Shutting down and abandoning module TextureAlignMode (187)
[2016.02.11-23.17.21:431][648]LogModuleManager: Shutting down and abandoning module BspMode (186)
[2016.02.11-23.17.21:431][648]LogModuleManager: Shutting down and abandoning module PlacementMode (185)
[2016.02.11-23.17.21:466][648]LogModuleManager: Shutting down and abandoning module AutomationWorker (184)
[2016.02.11-23.17.21:475][648]LogModuleManager: Shutting down and abandoning module CharacterAI (183)
[2016.02.11-23.17.21:476][648]LogModuleManager: Shutting down and abandoning module SmartSnapping (182)
[2016.02.11-23.17.21:481][648]LogModuleManager: Shutting down and abandoning module ViewportSnapping (181)
[2016.02.11-23.17.21:482][648]LogModuleManager: Shutting down and abandoning module LogVisualizer (180)
[2016.02.11-23.17.21:530][648]LogModuleManager: Shutting down and abandoning module GameProjectGeneration (179)
[2016.02.11-23.17.21:549][648]LogModuleManager: Shutting down and abandoning module IntroTutorials (178)
[2016.02.11-23.17.21:596][648]LogModuleManager: Shutting down and abandoning module EditorLiveStreaming (177)
[2016.02.11-23.17.21:639][648]LogModuleManager: Shutting down and abandoning module IOSPlatformEditor (176)
[2016.02.11-23.17.21:672][648]LogModuleManager: Shutting down and abandoning module HTML5PlatformEditor (175)
[2016.02.11-23.17.21:672][648]LogModuleManager: Shutting down and abandoning module AndroidDeviceDetection (174)
[2016.02.11-23.17.22:187][648]LogModuleManager: Shutting down and abandoning module AndroidPlatformEditor (173)
[2016.02.11-23.17.22:197][648]LogModuleManager: Shutting down and abandoning module IOSRuntimeSettings (172)
[2016.02.11-23.17.22:197][648]LogModuleManager: Shutting down and abandoning module AndroidRuntimeSettings (171)
[2016.02.11-23.17.22:197][648]LogModuleManager: Shutting down and abandoning module MergeActors (170)
[2016.02.11-23.17.22:210][648]LogModuleManager: Shutting down and abandoning module SizeMap (169)
[2016.02.11-23.17.22:219][648]LogModuleManager: Shutting down and abandoning module TreeMap (168)
[2016.02.11-23.17.22:228][648]LogModuleManager: Shutting down and abandoning module ReferenceViewer (167)
[2016.02.11-23.17.22:228][648]LogModuleManager: Shutting down and abandoning module LocalizationService (166)
[2016.02.11-23.17.22:238][648]LogModuleManager: Shutting down and abandoning module LocalizationDashboard (165)
[2016.02.11-23.17.22:267][648]LogModuleManager: Shutting down and abandoning module HardwareTargeting (164)
[2016.02.11-23.17.22:272][648]LogModuleManager: Shutting down and abandoning module DeviceProfileEditor (163)
[2016.02.11-23.17.22:287][648]LogModuleManager: Shutting down and abandoning module UndoHistory (162)
[2016.02.11-23.17.22:296][648]LogModuleManager: Shutting down and abandoning module GameplayTagsEditor (161)
[2016.02.11-23.17.22:302][648]LogModuleManager: Shutting down and abandoning module UserFeedback (160)
[2016.02.11-23.17.22:302][648]LogModuleManager: Shutting down and abandoning module XmlParser (159)
[2016.02.11-23.17.22:302][648]LogModuleManager: Shutting down and abandoning module Blutility (158)
[2016.02.11-23.17.22:302][648]LogModuleManager: Shutting down and abandoning module ProjectTargetPlatformEditor (157)
[2016.02.11-23.17.22:312][648]LogModuleManager: Shutting down and abandoning module ProjectSettingsViewer (156)
[2016.02.11-23.17.22:312][648]LogModuleManager: Shutting down and abandoning module InputBindingEditor (155)
[2016.02.11-23.17.22:325][648]LogModuleManager: Shutting down and abandoning module EditorSettingsViewer (154)
[2016.02.11-23.17.22:333][648]LogModuleManager: Shutting down and abandoning module SettingsEditor (153)
[2016.02.11-23.17.22:345][648]LogModuleManager: Shutting down and abandoning module ProjectLauncher (152)
[2016.02.11-23.17.22:355][648]LogModuleManager: Shutting down and abandoning module SessionFrontend (151)
[2016.02.11-23.17.22:371][648]LogModuleManager: Shutting down and abandoning module ProfilerClient (150)
[2016.02.11-23.17.22:380][648]LogModuleManager: Shutting down and abandoning module TargetDeviceServices (149)
[2016.02.11-23.17.22:380][648]LogModuleManager: Shutting down and abandoning module DeviceManager (148)
[2016.02.11-23.17.22:388][648]LogModuleManager: Shutting down and abandoning module AutomationController (147)
[2016.02.11-23.17.22:396][648]LogModuleManager: Shutting down and abandoning module AutomationWindow (146)
[2016.02.11-23.17.22:404][648]LogModuleManager: Shutting down and abandoning module Layers (145)
[2016.02.11-23.17.22:422][648]LogModuleManager: Shutting down and abandoning module ComponentVisualizers (144)
[2016.02.11-23.17.22:422][648]LogModuleManager: Shutting down and abandoning module DetailCustomizations (143)
[2016.02.11-23.17.22:422][648]LogModuleManager: Shutting down and abandoning module PackagesDialog (142)
[2016.02.11-23.17.22:422][648]LogModuleManager: Shutting down and abandoning module Persona (141)
[2016.02.11-23.17.22:448][648]LogModuleManager: Shutting down and abandoning module Kismet (140)
[2016.02.11-23.17.22:466][648]LogModuleManager: Shutting down and abandoning module GraphEditor (139)
[2016.02.11-23.17.22:502][648]LogModuleManager: Shutting down and abandoning module ClassViewer (138)
[2016.02.11-23.17.22:519][648]LogModuleManager: Shutting down and abandoning module Toolbox (137)
[2016.02.11-23.17.22:529][648]LogModuleManager: Shutting down and abandoning module ModuleUI (136)
[2016.02.11-23.17.22:539][648]LogModuleManager: Shutting down and abandoning module MovieSceneTools (135)
[2016.02.11-23.17.22:551][648]LogModuleManager: Shutting down and abandoning module OutputLog (134)
[2016.02.11-23.17.22:551][648]LogModuleManager: Shutting down and abandoning module GammaUI (133)
[2016.02.11-23.17.22:563][648]LogModuleManager: Shutting down and abandoning module Documentation (132)
[2016.02.11-23.17.22:563][648]LogModuleManager: Shutting down and abandoning module GameLiveStreaming (131)
[2016.02.11-23.17.22:565][648]LogModuleManager: Shutting down and abandoning module StreamingPauseRendering (130)
[2016.02.11-23.17.22:569][648]LogModuleManager: Shutting down and abandoning module AnalyticsET (129)
[2016.02.11-23.17.22:569][648]LogModuleManager: Shutting down and abandoning module Analytics (128)
[2016.02.11-23.17.22:569][648]LogModuleManager: Shutting down and abandoning module AITestSuite (127)
[2016.02.11-23.17.22:579][648]LogModuleManager: Shutting down and abandoning module GameplayDebugger (126)
[2016.02.11-23.17.22:579][648]LogModuleManager: Shutting down and abandoning module AIModule (125)
[2016.02.11-23.17.22:579][648]LogModuleManager: Shutting down and abandoning module ProfilerService (124)
[2016.02.11-23.17.22:817][648]LogModuleManager: Shutting down and abandoning module TaskGraph (123)
[2016.02.11-23.17.22:825][648]LogModuleManager: Shutting down and abandoning module SlateRemote (122)
[2016.02.11-23.17.22:825][648]LogModuleManager: Shutting down and abandoning module SteamVRController (121)
[2016.02.11-23.17.22:825][648]LogModuleManager: Shutting down and abandoning module SteamVR (120)
[2016.02.11-23.17.22:836][648]LogModuleManager: Shutting down and abandoning module ProceduralMeshComponent (119)
[2016.02.11-23.17.22:840][648]LogModuleManager: Shutting down and abandoning module OculusLibrary (118)
[2016.02.11-23.17.22:840][648]LogModuleManager: Shutting down and abandoning module OculusInput (117)
[2016.02.11-23.17.22:840][648]LogModuleManager: Shutting down and abandoning module LeapMotionController (116)
[2016.02.11-23.17.22:894][648]LogModuleManager: Shutting down and abandoning module CustomMeshComponent (115)
[2016.02.11-23.17.22:894][648]LogModuleManager: Shutting down and abandoning module CableComponent (114)
[2016.02.11-23.17.22:905][648]LogModuleManager: Shutting down and abandoning module ArchVisCharacter (113)
[2016.02.11-23.17.22:905][648]LogModuleManager: Shutting down and abandoning module MessagingDebugger (112)
[2016.02.11-23.17.22:923][648]LogModuleManager: Shutting down and abandoning module MediaPlayerEditor (111)
[2016.02.11-23.17.22:928][648]LogModuleManager: Shutting down and abandoning module HTML5Networking (110)
[2016.02.11-23.17.22:928][648]LogModuleManager: Shutting down and abandoning module SpeedTreeImporter (109)
[2016.02.11-23.17.22:928][648]LogModuleManager: Shutting down and abandoning module PluginBrowser (108)
[2016.02.11-23.17.22:935][648]LogModuleManager: Shutting down and abandoning module EpicSurvey (107)
[2016.02.11-23.17.22:955][648]LogModuleManager: Shutting down and abandoning module DesktopPlatform (106)
[2016.02.11-23.17.22:966][648]LogModuleManager: Shutting down and abandoning module VisualStudioSourceCodeAccess (105)
[2016.02.11-23.17.22:977][648]LogModuleManager: Shutting down and abandoning module UObjectPlugin (104)
[2016.02.11-23.17.22:977][648]LogModuleManager: Shutting down and abandoning module SubversionSourceControl (103)
[2016.02.11-23.17.22:985][648]LogModuleManager: Shutting down and abandoning module PerforceSourceControl (102)
[2016.02.11-23.17.22:997][648]LogModuleManager: Shutting down and abandoning module SourceControl (101)
[2016.02.11-23.17.23:008][648]LogModuleManager: Shutting down and abandoning module GitSourceControl (100)
[2016.02.11-23.17.23:016][648]LogModuleManager: Shutting down and abandoning module LightPropagationVolumeEditor (99)
[2016.02.11-23.17.23:016][648]LogModuleManager: Shutting down and abandoning module PaperTiledImporter (98)
[2016.02.11-23.17.23:029][648]LogModuleManager: Shutting down and abandoning module PaperSpriteSheetImporter (97)
[2016.02.11-23.17.23:029][648]LogModuleManager: Shutting down and abandoning module MeshPaint (96)
[2016.02.11-23.17.23:029][648]LogModuleManager: Shutting down and abandoning module SlateReflector (95)
[2016.02.11-23.17.23:039][648]LogModuleManager: Shutting down and abandoning module HotReload (94)
[2016.02.11-23.17.23:046][648]LogModuleManager: Shutting down and abandoning module MainFrame (93)
[2016.02.11-23.17.23:055][648]LogModuleManager: Shutting down and abandoning module LevelEditor (92)
[2016.02.11-23.17.23:075][648]LogModuleManager: Shutting down and abandoning module DirectoryWatcher (91)
[2016.02.11-23.17.23:094][648]LogModuleManager: Shutting down and abandoning module AssetRegistry (90)
[2016.02.11-23.17.23:296][648]LogModuleManager: Shutting down and abandoning module ContentBrowser (89)
[2016.02.11-23.17.23:315][648]LogModuleManager: Shutting down and abandoning module Paper2DEditor (88)
[2016.02.11-23.17.23:333][648]LogModuleManager: Shutting down and abandoning module Anthrocratos_UE4 (87)
[2016.02.11-23.17.23:333][648]LogModuleManager: Shutting down and abandoning module UdpMessaging (86)
[2016.02.11-23.17.23:442][648]LogModuleManager: Shutting down and abandoning module LightPropagationVolumeRuntime (85)
[2016.02.11-23.17.23:442][648]LogModuleManager: Shutting down and abandoning module Paper2D (84)
[2016.02.11-23.17.23:459][648]LogModuleManager: Shutting down and abandoning module WindowsMoviePlayer (83)
[2016.02.11-23.17.23:468][648]LogModuleManager: Shutting down and abandoning module Media (82)
[2016.02.11-23.17.23:468][648]LogModuleManager: Shutting down and abandoning module WmfMedia (81)
[2016.02.11-23.17.23:477][648]LogModuleManager: Shutting down and abandoning module OnlineBlueprintSupport (80)
[2016.02.11-23.17.23:477][648]LogModuleManager: Shutting down and abandoning module GameplayTasksEditor (79)
[2016.02.11-23.17.23:477][648]LogModuleManager: Shutting down and abandoning module PropertyEditor (78)
[2016.02.11-23.17.23:493][648]LogModuleManager: Shutting down and abandoning module BehaviorTreeEditor (77)
[2016.02.11-23.17.23:493][648]LogModuleManager: Shutting down and abandoning module FunctionalTesting (76)
[2016.02.11-23.17.23:493][648]LogModuleManager: Shutting down and abandoning module CollisionAnalyzer (75)
[2016.02.11-23.17.23:512][648]LogModuleManager: Shutting down and abandoning module WorkspaceMenuStructure (74)
[2016.02.11-23.17.23:538][648]LogModuleManager: Shutting down and abandoning module MessageLog (73)
[2016.02.11-23.17.23:538][648]LogModuleManager: Shutting down and abandoning module Sequencer (72)
[2016.02.11-23.17.23:552][648]LogModuleManager: Shutting down and abandoning module AssetTools (71)
[2016.02.11-23.17.23:552][648]LogModuleManager: Shutting down and abandoning module UMGEditor (70)
[2016.02.11-23.17.23:552][648]LogModuleManager: Shutting down and abandoning module UMG (69)
[2016.02.11-23.17.23:572][648]LogModuleManager: Shutting down and abandoning module Slate (68)
[2016.02.11-23.17.23:572][648]LogModuleManager: Shutting down and abandoning module EditorStyle (67)
[2016.02.11-23.17.23:641][648]LogModuleManager: Shutting down and abandoning module SessionServices (66)
[2016.02.11-23.17.23:641][648]LogModuleManager: Shutting down and abandoning module SourceCodeAccess (65)
[2016.02.11-23.17.23:657][648]LogModuleManager: Shutting down and abandoning module HeadMountedDisplay (64)
[2016.02.11-23.17.23:657][648]LogModuleManager: Shutting down and abandoning module XAudio2 (63)
[2016.02.11-23.17.23:657][648]LogModuleManager: Shutting down and abandoning module Networking (61)
[2016.02.11-23.17.23:657][648]LogModuleManager: Shutting down and abandoning module Core (60)
[2016.02.11-23.17.23:658][648]LogModuleManager: Shutting down and abandoning module KismetCompiler (59)
[2016.02.11-23.17.23:658][648]LogModuleManager: Shutting down and abandoning module PhysXFormats (58)
[2016.02.11-23.17.23:740][648]LogModuleManager: Shutting down and abandoning module MeshUtilities (57)
[2016.02.11-23.17.23:758][648]LogModuleManager: Shutting down and abandoning module DerivedDataCache (56)
[2016.02.11-23.17.23:824][648]LogDerivedDataCache: Shutdown
[2016.02.11-23.17.23:824][648]LogModuleManager: Shutting down and abandoning module ShaderFormatOpenGL (55)
[2016.02.11-23.17.23:824][648]LogModuleManager: Shutting down and abandoning module ShaderFormatD3D (54)
[2016.02.11-23.17.23:824][648]LogModuleManager: Shutting down and abandoning module MetalShaderFormat (53)
[2016.02.11-23.17.23:847][648]LogModuleManager: Shutting down and abandoning module TextureFormatUncompressed (52)
[2016.02.11-23.17.23:847][648]LogModuleManager: Shutting down and abandoning module TextureFormatPVR (51)
[2016.02.11-23.17.23:847][648]LogModuleManager: Shutting down and abandoning module TextureFormatIntelISPCTexComp (50)
[2016.02.11-23.17.23:854][648]LogModuleManager: Shutting down and abandoning module TextureFormatDXT (49)
[2016.02.11-23.17.23:854][648]LogModuleManager: Shutting down and abandoning module ImageWrapper (48)
[2016.02.11-23.17.23:854][648]LogModuleManager: Shutting down and abandoning module TextureFormatASTC (47)
[2016.02.11-23.17.23:854][648]LogModuleManager: Shutting down and abandoning module TextureFormatAndroid (46)
[2016.02.11-23.17.23:854][648]LogModuleManager: Shutting down and abandoning module AudioFormatOpus (45)
[2016.02.11-23.17.23:854][648]LogModuleManager: Shutting down and abandoning module AudioFormatOgg (44)
[2016.02.11-23.17.23:854][648]LogModuleManager: Shutting down and abandoning module AudioFormatADPCM (43)
[2016.02.11-23.17.23:854][648]LogModuleManager: Shutting down and abandoning module LinuxTargetPlatform (42)
[2016.02.11-23.17.23:860][648]LogModuleManager: Shutting down and abandoning module LinuxServerTargetPlatform (41)
[2016.02.11-23.17.23:864][648]LogModuleManager: Shutting down and abandoning module LinuxNoEditorTargetPlatform (40)
[2016.02.11-23.17.23:872][648]LogModuleManager: Shutting down and abandoning module Messaging (39)
[2016.02.11-23.17.23:872][648]LogModuleManager: Shutting down and abandoning module IOSTargetPlatform (38)
[2016.02.11-23.17.23:872][648]LogModuleManager: Shutting down and abandoning module HTML5TargetPlatform (37)
[2016.02.11-23.17.23:872][648]LogModuleManager: Shutting down and abandoning module Android_PVRTCTargetPlatform (36)
[2016.02.11-23.17.23:872][648]LogModuleManager: Shutting down and abandoning module Android_MultiTargetPlatform (35)
[2016.02.11-23.17.23:872][648]LogModuleManager: Shutting down and abandoning module Android_ETC2TargetPlatform (34)
[2016.02.11-23.17.23:872][648]LogModuleManager: Shutting down and abandoning module Android_ETC1TargetPlatform (33)
[2016.02.11-23.17.23:872][648]LogModuleManager: Shutting down and abandoning module Android_DXTTargetPlatform (32)
[2016.02.11-23.17.23:872][648]LogModuleManager: Shutting down and abandoning module Android_ATCTargetPlatform (31)
[2016.02.11-23.17.23:872][648]LogModuleManager: Shutting down and abandoning module Android_ASTCTargetPlatform (30)
[2016.02.11-23.17.23:872][648]LogModuleManager: Shutting down and abandoning module AndroidTargetPlatform (29)
[2016.02.11-23.17.23:872][648]LogModuleManager: Shutting down and abandoning module WindowsTargetPlatform (28)
[2016.02.11-23.17.23:872][648]LogModuleManager: Shutting down and abandoning module WindowsServerTargetPlatform (27)
[2016.02.11-23.17.23:882][648]LogModuleManager: Shutting down and abandoning module WindowsNoEditorTargetPlatform (26)
[2016.02.11-23.17.23:885][648]LogModuleManager: Shutting down and abandoning module WindowsClientTargetPlatform (25)
[2016.02.11-23.17.23:895][648]LogModuleManager: Shutting down and abandoning module AllDesktopTargetPlatform (24)
[2016.02.11-23.17.23:895][648]LogModuleManager: Shutting down and abandoning module TargetPlatform (23)
[2016.02.11-23.17.23:906][648]LogModuleManager: Shutting down and abandoning module InputCore (22)
[2016.02.11-23.17.23:915][648]LogModuleManager: Shutting down and abandoning module Settings (21)
[2016.02.11-23.17.23:916][648]LogModuleManager: Shutting down and abandoning module OnlineSubsystem (19)
[2016.02.11-23.17.23:916][648]LogModuleManager: Shutting down and abandoning module HTTP (18)
[2016.02.11-23.17.25:932][648]LogModuleManager: Shutting down and abandoning module XMPP (17)
[2016.02.11-23.17.25:945][648]LogModuleManager: Shutting down and abandoning module OculusRift (16)
[2016.02.11-23.17.25:955][648]LogModuleManager: Shutting down and abandoning module ExampleDeviceProfileSelector (15)
[2016.02.11-23.17.25:955][648]LogModuleManager: Shutting down and abandoning module TextureCompressor (14)
[2016.02.11-23.17.25:974][648]LogModuleManager: Shutting down and abandoning module ShaderCore (13)
[2016.02.11-23.17.25:979][648]LogModuleManager: Shutting down and abandoning module Landscape (12)
[2016.02.11-23.17.25:979][648]LogModuleManager: Shutting down and abandoning module SlateRHIRenderer (11)
[2016.02.11-23.17.26:015][648]LogModuleManager: Shutting down and abandoning module OpenGLDrv (10)
[2016.02.11-23.17.26:021][648]LogModuleManager: Shutting down and abandoning module D3D11RHI (9)
[2016.02.11-23.17.26:021][648]LogModuleManager: Shutting down and abandoning module AnimGraphRuntime (8)
[2016.02.11-23.17.26:027][648]LogModuleManager: Shutting down and abandoning module Renderer (7)
[2016.02.11-23.17.26:027][648]LogModuleManager: Shutting down and abandoning module Engine (6)
[2016.02.11-23.17.26:027][648]LogModuleManager: Shutting down and abandoning module CoreUObject (5)
[2016.02.11-23.17.26:027][648]LogModuleManager: Shutting down and abandoning module NetworkFile (4)
[2016.02.11-23.17.26:033][648]LogModuleManager: Shutting down and abandoning module StreamingFile (3)
[2016.02.11-23.17.26:037][648]LogModuleManager: Shutting down and abandoning module SandboxFile (2)
[2016.02.11-23.17.26:045][648]LogModuleManager: Shutting down and abandoning module PakFile (1)
[2016.02.11-23.17.26:066][648]LogExit: Exiting.
[2016.02.11-23.17.26:070][648]Log file closed, 02/11/16 23:17:26
