[2016.02.15-01.20.35:790][  0]Log file open, 02/15/16 01:20:35
[2016.02.15-01.20.35:790][  0]LogInit:Display: Running engine for game: Anthrocratos_UE4
[2016.02.15-01.20.35:790][  0]LogPlatformFile: Not using cached read wrapper
[2016.02.15-01.20.35:790][  0]LogInit:Display: RandInit(779395941) SRandInit(779395942).
[2016.02.15-01.20.35:790][  0]LogTaskGraph: Started task graph with 4 named threads and 7 total threads.
[2016.02.15-01.20.35:790][  0]LogStats: Stats thread started at 0.068315
[2016.02.15-01.20.35:790][  0]LogInit: Version: 4.10.2-2818068+++depot+UE4-Releases+4.10
[2016.02.15-01.20.35:791][  0]LogInit: API Version: 2758231
[2016.02.15-01.20.35:791][  0]LogInit: Compiled (64-bit): Jan  6 2016 17:36:42
[2016.02.15-01.20.35:791][  0]LogInit: Compiled with Visual C++: 19.00.23026.00
[2016.02.15-01.20.35:791][  0]LogInit: Build Configuration: Development
[2016.02.15-01.20.35:791][  0]LogInit: Branch Name: ++depot+UE4-Releases+4.10
[2016.02.15-01.20.35:791][  0]LogInit: Command line:  /Temp/Autosaves/Game/Levels/UEDPCKieran-Test -game -PIEVIACONSOLE -ResX=1280 -ResY=720  -Multiprocess 
[2016.02.15-01.20.35:791][  0]LogInit: Base directory: C:/Program Files (x86)/Epic Games/4.10/Engine/Binaries/Win64/
[2016.02.15-01.20.35:791][  0]LogInit: Rocket: 1
[2016.02.15-01.20.35:796][  0]LogInit: Using libcurl 7.41.0
[2016.02.15-01.20.35:796][  0]LogInit:  - built for x86_64-pc-win32
[2016.02.15-01.20.35:796][  0]LogInit:  - supports SSL with WinSSL
[2016.02.15-01.20.35:796][  0]LogInit:  - other features:
[2016.02.15-01.20.35:796][  0]LogInit:      CURL_VERSION_SSL
[2016.02.15-01.20.35:796][  0]LogInit:      CURL_VERSION_IPV6
[2016.02.15-01.20.35:796][  0]LogInit:      CURL_VERSION_ASYNCHDNS
[2016.02.15-01.20.35:796][  0]LogInit:      CURL_VERSION_LARGEFILE
[2016.02.15-01.20.35:796][  0]LogInit:      CURL_VERSION_IDN
[2016.02.15-01.20.35:796][  0]LogInit:  CurlRequestOptions (configurable via config and command line):
[2016.02.15-01.20.35:796][  0]LogInit:  - bVerifyPeer = true  - Libcurl will verify peer certificate
[2016.02.15-01.20.35:796][  0]LogInit:  - bUseHttpProxy = false  - Libcurl will NOT use HTTP proxy
[2016.02.15-01.20.35:796][  0]LogInit:  - bDontReuseConnections = false  - Libcurl will reuse connections
[2016.02.15-01.20.35:796][  0]LogInit:  - CertBundlePath = nullptr  - Libcurl will use whatever was configured at build time.
[2016.02.15-01.20.35:800][  0]LogInit: Presizing for 0 objects not considered by GC, pre-allocating 0 bytes.
[2016.02.15-01.20.35:805][  0]LogInit: Object subsystem initialized
[2016.02.15-01.20.35:806][  0]LogInit: Selected Device Profile: [Windows]
[2016.02.15-01.20.35:806][  0]LogInit: Applying CVar settings loaded from the selected device profile: [Windows]
[2016.02.15-01.20.35:808][  0]LogInit: Computer: DESKTOP-V9NOFHJ
[2016.02.15-01.20.35:808][  0]LogInit: User: kags1
[2016.02.15-01.20.35:808][  0]LogInit: CPU Page size=4096, Cores=4
[2016.02.15-01.20.35:808][  0]LogInit: High frequency timer resolution =3.421880 MHz
[2016.02.15-01.20.35:808][  0]LogMemory: Memory total: Physical=15.9GB (16GB approx)
[2016.02.15-01.20.35:808][  0]LogMemory: Platform Memory Stats for Windows
[2016.02.15-01.20.35:808][  0]LogMemory: Process Physical Memory: 55.76 MB used, 55.76 MB peak
[2016.02.15-01.20.35:808][  0]LogMemory: Process Virtual Memory: 58.79 MB used, 58.79 MB peak
[2016.02.15-01.20.35:808][  0]LogMemory: Physical Memory: 5078.33 MB used, 16311.54 MB total
[2016.02.15-01.20.35:808][  0]LogMemory: Virtual Memory: 385.40 MB used, 134217728.00 MB total
[2016.02.15-01.20.35:837][  0]LogTextLocalizationManager: No specific translations for ('en-GB') exist, so ('en') translations will be used.
[2016.02.15-01.20.36:161][  0]LogD3D11RHI: Found D3D11 adapter 0: NVIDIA GeForce GTX 970 (Feature Level 11_0)
[2016.02.15-01.20.36:161][  0]LogD3D11RHI: Adapter has 4007MB of dedicated video memory, 0MB of dedicated system memory, and 8155MB of shared system memory, 1 output[s]
[2016.02.15-01.20.36:162][  0]LogD3D11RHI: Found D3D11 adapter 1: Microsoft Basic Render Driver (Feature Level 11_0)
[2016.02.15-01.20.36:163][  0]LogD3D11RHI: Adapter has 0MB of dedicated video memory, 0MB of dedicated system memory, and 8155MB of shared system memory, 0 output[s]
[2016.02.15-01.20.36:163][  0]LogD3D11RHI: Chosen D3D11 Adapter Id = 0
[2016.02.15-01.20.36:166][  0]LogD3D11RHI: !Direct3DDevice
[2016.02.15-01.20.36:166][  0]LogRHI: Texture pool is 1361 MB (70% of 1945 MB)
[2016.02.15-01.20.36:176][  0]LogD3D11RHI: Async texture creation enabled
[2016.02.15-01.20.36:191][  0]LogShaderCompilers: Guid format shader working directory is -17 characters bigger than the processId version (D:/Games Development/IP3 project/Anthrocratos/Anthrocratos_UE4/Intermediate/Shaders/WorkingDirectory/13640/).
[2016.02.15-01.20.36:191][  0]LogShaderCompilers: Cleaned the shader compiler working directory 'C:/Users/kags1/AppData/Local/Temp/UnrealShaderWorkingDir/CBC70CC94E1F24C538DFAE89CDFCBCB8/'.
[2016.02.15-01.20.36:191][  0]LogShaderCompilers:Display: Using Local Shader Compiler.
[2016.02.15-01.20.36:764][  0]LogTemp:Display: Loaded TP AllDesktopTargetPlatform
[2016.02.15-01.20.36:767][  0]LogTemp:Display: Loaded TP WindowsClientTargetPlatform
[2016.02.15-01.20.36:770][  0]LogTemp:Display: Loaded TP WindowsNoEditorTargetPlatform
[2016.02.15-01.20.36:774][  0]LogTemp:Display: Loaded TP WindowsServerTargetPlatform
[2016.02.15-01.20.36:776][  0]LogTemp:Display: Loaded TP WindowsTargetPlatform
[2016.02.15-01.20.36:778][  0]LogTemp:Display: Loaded TP AndroidTargetPlatform
[2016.02.15-01.20.36:781][  0]LogTemp:Display: Loaded TP Android_ASTCTargetPlatform
[2016.02.15-01.20.36:783][  0]LogTemp:Display: Loaded TP Android_ATCTargetPlatform
[2016.02.15-01.20.36:785][  0]LogTemp:Display: Loaded TP Android_DXTTargetPlatform
[2016.02.15-01.20.36:787][  0]LogTemp:Display: Loaded TP Android_ETC1TargetPlatform
[2016.02.15-01.20.36:789][  0]LogTemp:Display: Loaded TP Android_ETC2TargetPlatform
[2016.02.15-01.20.36:793][  0]LogTemp:Display: Loaded TP Android_MultiTargetPlatform
[2016.02.15-01.20.36:793][  0]LogTemp:Display: Loaded TP Android_PVRTCTargetPlatform
[2016.02.15-01.20.36:794][  0]LogTemp:Display: Loaded TP HTML5TargetPlatform
[2016.02.15-01.20.36:809][  0]LogTemp:Display: Loaded TP IOSTargetPlatform
[2016.02.15-01.20.36:811][  0]LogTemp:Display: Loaded TP LinuxNoEditorTargetPlatform
[2016.02.15-01.20.36:813][  0]LogTemp:Display: Loaded TP LinuxServerTargetPlatform
[2016.02.15-01.20.36:815][  0]LogTemp:Display: Loaded TP LinuxTargetPlatform
[2016.02.15-01.20.36:815][  0]LogTargetPlatformManager:Display: Building Assets For Windows
[2016.02.15-01.20.36:863][  0]LogDerivedDataCache:Display: Max Cache Size: 512 MB
[2016.02.15-01.20.36:898][  0]LogDerivedDataCache: Loaded boot cache 0.03s 41MB C:/Users/kags1/AppData/Local/UnrealEngine/4.10/DerivedDataCache/Boot.ddc.
[2016.02.15-01.20.36:898][  0]LogDerivedDataCache:Display: Loaded Boot cache: C:/Users/kags1/AppData/Local/UnrealEngine/4.10/DerivedDataCache/Boot.ddc
[2016.02.15-01.20.36:898][  0]LogDerivedDataCache: FDerivedDataBackendGraph:  Pak pak cache file D:/Games Development/IP3 project/Anthrocratos/Anthrocratos_UE4/DerivedDataCache/DDC.ddp not found, will not use a pak cache.
[2016.02.15-01.20.36:898][  0]LogDerivedDataCache: Unable to find inner node Pak for hierarchical cache Hierarchy.
[2016.02.15-01.20.36:898][  0]LogDerivedDataCache: FDerivedDataBackendGraph:  CompressedPak pak cache file D:/Games Development/IP3 project/Anthrocratos/Anthrocratos_UE4/DerivedDataCache/Compressed.ddp not found, will not use a pak cache.
[2016.02.15-01.20.36:898][  0]LogDerivedDataCache: Unable to find inner node CompressedPak for hierarchical cache Hierarchy.
[2016.02.15-01.20.36:943][  0]LogDerivedDataCache:Display: Pak cache opened for reading ../../../Engine/DerivedDataCache/Compressed.ddp.
[2016.02.15-01.20.36:955][  0]LogDerivedDataCache: Using Local data cache path C:/Users/kags1/AppData/Local/UnrealEngine/Common/DerivedDataCache: Writable
[2016.02.15-01.20.37:078][  0]LogInit: Selected Device Profile: [Windows]
[2016.02.15-01.20.37:080][  0]LogContentStreaming: Texture pool size is 1000.000000MB
[2016.02.15-01.20.37:154][  0]LogMeshUtilities: No automatic mesh reduction module available
[2016.02.15-01.20.37:154][  0]LogMeshUtilities: No automatic mesh merging module available
[2016.02.15-01.20.37:294][  0]LogInit: WinSock: version 1.1 (2.2), MaxSocks=32767, MaxUdp=65467
[2016.02.15-01.20.37:457][  0]LogWindowsMoviePlayer: Unable to load movie: D:/Games Development/IP3 project/Anthrocratos/Anthrocratos_UE4/Content/Movies/Default_Startup.mp4
[2016.02.15-01.20.37:531][  0]SourceControl: Info Source control is disabled
[2016.02.15-01.20.37:531][  0]SourceControl: Info Source control is disabled
[2016.02.15-01.20.37:538][  0]SourceControl: Info Source control is disabled
[2016.02.15-01.20.37:636][  0]LogObj: 27939 objects as part of root set at end of initial load.
[2016.02.15-01.20.37:636][  0]LogUObjectAllocator: 5832104 out of 0 bytes used by permanent object pool.
[2016.02.15-01.20.37:677][  0]LogEngine: Initializing Engine...
[2016.02.15-01.20.37:680][  0]LogHMD: Can't find Oculus library dev build: is proper Runtime installed? Version: 0.8.0.0
[2016.02.15-01.20.37:680][  0]LogHMD: SteamVR failed to initialize.  Err: 110
[2016.02.15-01.20.37:767][  0]LogInit: XAudio2 using 'Speakers (Realtek High Definition Audio)' : 2 channels at 48 kHz using 32 bits per sample (channel mask 0x3)
[2016.02.15-01.20.37:776][  0]LogInit: FAudioDevice initialized.
[2016.02.15-01.20.37:778][  0]LogInit: Texture streaming: Enabled
[2016.02.15-01.20.37:838][  0]LogNet: Browse: /Temp/Autosaves/Game/Levels/UEDPCKieran-Test?Name=Player
[2016.02.15-01.20.37:838][  0]LogLoad: LoadMap: /Temp/Autosaves/Game/Levels/UEDPCKieran-Test?Name=Player
[2016.02.15-01.20.37:848][  0]LogParticles: Destroying 0 GPU particle simulations for FXSystem 0x00000266BCA8AF20
[2016.02.15-01.20.37:858][  0]LogMemory: Platform Memory Stats for Windows
[2016.02.15-01.20.37:858][  0]LogMemory: Process Physical Memory: 404.92 MB used, 404.92 MB peak
[2016.02.15-01.20.37:858][  0]LogMemory: Process Virtual Memory: 457.30 MB used, 457.30 MB peak
[2016.02.15-01.20.37:858][  0]LogMemory: Physical Memory: 5366.34 MB used, 16311.54 MB total
[2016.02.15-01.20.37:858][  0]LogMemory: Virtual Memory: 1003.96 MB used, 134217728.00 MB total
[2016.02.15-01.20.37:858][  0]LogMemory: 
[2016.02.15-01.20.37:858][  0]Allocator Stats for TBB: (not implemented)
[2016.02.15-01.20.37:971][  0]LogAIModule: Creating AISystem for world Kieran-Test
[2016.02.15-01.20.37:972][  0]LogWorld: Game class is 'Anthrocratos_UE4GameMode'
[2016.02.15-01.20.37:974][  0]LogWorld: Bringing World /Temp/Autosaves/Game/Levels/UEDPCKieran-Test.Kieran-Test up for play (max tick rate 0) at 2016.02.15-01.20.37
[2016.02.15-01.20.37:974][  0]LogWorld: Bringing up level for play took: 0.000693
[2016.02.15-01.20.38:818][  0]LogBlueprintUserMessages: [GameTileSpawner_C_2] TilesGenerated
[2016.02.15-01.20.38:822][  0]LogInit:Display: Game Engine Initialized.
[2016.02.15-01.20.39:036][  0]LogLoad: Full Startup: 3.66 seconds (BP compile: 0.02 seconds)
[2016.02.15-01.20.39:056][  0]LogOcInput: Can't find Oculus library dev build: is proper Runtime installed? Version: 0.8.0.0
[2016.02.15-01.20.39:167][  2]LogRenderer: Reallocating scene render targets to support 1280x720 (Frame:2).
[2016.02.15-01.21.01:436][  2]LogWindowsTextInputMethodSystem:Display: IME system now deactivated.
[2016.02.15-01.21.01:440][  2]LogEngine: All Windows Closed
[2016.02.15-01.21.01:440][  2]LogWindows: FPlatformMisc::RequestExit(0)
[2016.02.15-01.21.01:771][  3]LogExit: Preparing to exit.
[2016.02.15-01.21.01:900][  3]LogExit: Game engine shut down
[2016.02.15-01.21.01:902][  3]LogParticles: Destroying 0 GPU particle simulations for FXSystem 0x00000266B02E14E0
[2016.02.15-01.21.02:010][  3]LogExit: Object subsystem successfully closed.
[2016.02.15-01.21.02:026][  3]LogD3D11RHI: Shutdown
[2016.02.15-01.21.02:026][  3]LogD3D11RHI: CleanupD3DDevice
[2016.02.15-01.21.02:106][  3]LogD3D11RHI: ~FD3D11DynamicRHI
[2016.02.15-01.21.02:112][  3]LogModuleManager: Shutting down and abandoning module AndroidDeviceDetection (118)
[2016.02.15-01.21.03:098][  3]LogModuleManager: Shutting down and abandoning module AutomationController (117)
[2016.02.15-01.21.03:098][  3]LogModuleManager: Shutting down and abandoning module AutomationWorker (116)
[2016.02.15-01.21.03:098][  3]LogModuleManager: Shutting down and abandoning module CharacterAI (115)
[2016.02.15-01.21.03:098][  3]LogModuleManager: Shutting down and abandoning module AITestSuite (114)
[2016.02.15-01.21.03:098][  3]LogModuleManager: Shutting down and abandoning module GameplayDebugger (113)
[2016.02.15-01.21.03:098][  3]LogModuleManager: Shutting down and abandoning module AIModule (112)
[2016.02.15-01.21.03:098][  3]LogModuleManager: Shutting down and abandoning module MovieSceneCapture (111)
[2016.02.15-01.21.03:098][  3]LogModuleManager: Shutting down and abandoning module GameLiveStreaming (110)
[2016.02.15-01.21.03:098][  3]LogModuleManager: Shutting down and abandoning module StreamingPauseRendering (109)
[2016.02.15-01.21.03:098][  3]LogModuleManager: Shutting down and abandoning module ProfilerService (108)
[2016.02.15-01.21.03:183][  3]LogModuleManager: Shutting down and abandoning module TaskGraph (107)
[2016.02.15-01.21.03:183][  3]LogModuleManager: Shutting down and abandoning module SlateRemote (106)
[2016.02.15-01.21.03:183][  3]LogModuleManager: Shutting down and abandoning module SteamVRController (105)
[2016.02.15-01.21.03:183][  3]LogModuleManager: Shutting down and abandoning module SteamVR (104)
[2016.02.15-01.21.03:183][  3]LogModuleManager: Shutting down and abandoning module ProceduralMeshComponent (103)
[2016.02.15-01.21.03:183][  3]LogModuleManager: Shutting down and abandoning module OculusLibrary (102)
[2016.02.15-01.21.03:184][  3]LogModuleManager: Shutting down and abandoning module OculusInput (101)
[2016.02.15-01.21.03:184][  3]LogModuleManager: Shutting down and abandoning module LeapMotionController (100)
[2016.02.15-01.21.03:199][  3]LogModuleManager: Shutting down and abandoning module CustomMeshComponent (99)
[2016.02.15-01.21.03:199][  3]LogModuleManager: Shutting down and abandoning module CableComponent (98)
[2016.02.15-01.21.03:199][  3]LogModuleManager: Shutting down and abandoning module ArchVisCharacter (97)
[2016.02.15-01.21.03:199][  3]LogModuleManager: Shutting down and abandoning module HTML5Networking (96)
[2016.02.15-01.21.03:199][  3]LogModuleManager: Shutting down and abandoning module DesktopPlatform (95)
[2016.02.15-01.21.03:199][  3]LogModuleManager: Shutting down and abandoning module DirectoryWatcher (94)
[2016.02.15-01.21.03:199][  3]LogModuleManager: Shutting down and abandoning module HotReload (93)
[2016.02.15-01.21.03:199][  3]LogModuleManager: Shutting down and abandoning module VisualStudioSourceCodeAccess (92)
[2016.02.15-01.21.03:199][  3]LogModuleManager: Shutting down and abandoning module UObjectPlugin (91)
[2016.02.15-01.21.03:199][  3]LogModuleManager: Shutting down and abandoning module SubversionSourceControl (90)
[2016.02.15-01.21.03:199][  3]LogModuleManager: Shutting down and abandoning module SourceControl (89)
[2016.02.15-01.21.03:199][  3]LogModuleManager: Shutting down and abandoning module PerforceSourceControl (88)
[2016.02.15-01.21.03:199][  3]LogModuleManager: Shutting down and abandoning module Anthrocratos_UE4 (87)
[2016.02.15-01.21.03:199][  3]LogModuleManager: Shutting down and abandoning module UdpMessaging (86)
[2016.02.15-01.21.03:199][  3]LogModuleManager: Shutting down and abandoning module LightPropagationVolumeRuntime (85)
[2016.02.15-01.21.03:199][  3]LogModuleManager: Shutting down and abandoning module Paper2D (84)
[2016.02.15-01.21.03:199][  3]LogModuleManager: Shutting down and abandoning module WindowsMoviePlayer (83)
[2016.02.15-01.21.03:201][  3]LogModuleManager: Shutting down and abandoning module Media (82)
[2016.02.15-01.21.03:201][  3]LogModuleManager: Shutting down and abandoning module WmfMedia (81)
[2016.02.15-01.21.03:201][  3]LogModuleManager: Shutting down and abandoning module OnlineBlueprintSupport (80)
[2016.02.15-01.21.03:201][  3]LogModuleManager: Shutting down and abandoning module GameplayTasksEditor (79)
[2016.02.15-01.21.03:201][  3]LogModuleManager: Shutting down and abandoning module PropertyEditor (78)
[2016.02.15-01.21.03:201][  3]LogModuleManager: Shutting down and abandoning module BehaviorTreeEditor (77)
[2016.02.15-01.21.03:201][  3]LogModuleManager: Shutting down and abandoning module FunctionalTesting (76)
[2016.02.15-01.21.03:201][  3]LogModuleManager: Shutting down and abandoning module CollisionAnalyzer (75)
[2016.02.15-01.21.03:201][  3]LogModuleManager: Shutting down and abandoning module WorkspaceMenuStructure (74)
[2016.02.15-01.21.03:201][  3]LogModuleManager: Shutting down and abandoning module MessageLog (73)
[2016.02.15-01.21.03:201][  3]LogModuleManager: Shutting down and abandoning module Sequencer (72)
[2016.02.15-01.21.03:201][  3]LogModuleManager: Shutting down and abandoning module AssetTools (71)
[2016.02.15-01.21.03:201][  3]LogModuleManager: Shutting down and abandoning module UMGEditor (70)
[2016.02.15-01.21.03:201][  3]LogModuleManager: Shutting down and abandoning module UMG (69)
[2016.02.15-01.21.03:201][  3]LogModuleManager: Shutting down and abandoning module Slate (68)
[2016.02.15-01.21.03:201][  3]LogModuleManager: Shutting down and abandoning module EditorStyle (67)
[2016.02.15-01.21.03:203][  3]LogModuleManager: Shutting down and abandoning module SessionServices (66)
[2016.02.15-01.21.03:203][  3]LogModuleManager: Shutting down and abandoning module SourceCodeAccess (65)
[2016.02.15-01.21.03:203][  3]LogModuleManager: Shutting down and abandoning module HeadMountedDisplay (64)
[2016.02.15-01.21.03:203][  3]LogModuleManager: Shutting down and abandoning module XAudio2 (63)
[2016.02.15-01.21.03:203][  3]LogModuleManager: Shutting down and abandoning module Networking (61)
[2016.02.15-01.21.03:203][  3]LogModuleManager: Shutting down and abandoning module Core (60)
[2016.02.15-01.21.03:203][  3]LogModuleManager: Shutting down and abandoning module KismetCompiler (59)
[2016.02.15-01.21.03:203][  3]LogModuleManager: Shutting down and abandoning module PhysXFormats (58)
[2016.02.15-01.21.03:203][  3]LogModuleManager: Shutting down and abandoning module MeshUtilities (57)
[2016.02.15-01.21.03:203][  3]LogModuleManager: Shutting down and abandoning module DerivedDataCache (56)
[2016.02.15-01.21.03:461][  3]LogDerivedDataCache: Shutdown
[2016.02.15-01.21.03:461][  3]LogModuleManager: Shutting down and abandoning module ShaderFormatOpenGL (55)
[2016.02.15-01.21.03:461][  3]LogModuleManager: Shutting down and abandoning module ShaderFormatD3D (54)
[2016.02.15-01.21.03:461][  3]LogModuleManager: Shutting down and abandoning module MetalShaderFormat (53)
[2016.02.15-01.21.03:461][  3]LogModuleManager: Shutting down and abandoning module TextureFormatUncompressed (52)
[2016.02.15-01.21.03:461][  3]LogModuleManager: Shutting down and abandoning module TextureFormatPVR (51)
[2016.02.15-01.21.03:461][  3]LogModuleManager: Shutting down and abandoning module TextureFormatIntelISPCTexComp (50)
[2016.02.15-01.21.03:461][  3]LogModuleManager: Shutting down and abandoning module TextureFormatDXT (49)
[2016.02.15-01.21.03:461][  3]LogModuleManager: Shutting down and abandoning module ImageWrapper (48)
[2016.02.15-01.21.03:461][  3]LogModuleManager: Shutting down and abandoning module TextureFormatASTC (47)
[2016.02.15-01.21.03:461][  3]LogModuleManager: Shutting down and abandoning module TextureFormatAndroid (46)
[2016.02.15-01.21.03:461][  3]LogModuleManager: Shutting down and abandoning module AudioFormatOpus (45)
[2016.02.15-01.21.03:461][  3]LogModuleManager: Shutting down and abandoning module AudioFormatOgg (44)
[2016.02.15-01.21.03:461][  3]LogModuleManager: Shutting down and abandoning module AudioFormatADPCM (43)
[2016.02.15-01.21.03:461][  3]LogModuleManager: Shutting down and abandoning module LinuxTargetPlatform (42)
[2016.02.15-01.21.03:461][  3]LogModuleManager: Shutting down and abandoning module LinuxServerTargetPlatform (41)
[2016.02.15-01.21.03:461][  3]LogModuleManager: Shutting down and abandoning module LinuxNoEditorTargetPlatform (40)
[2016.02.15-01.21.03:461][  3]LogModuleManager: Shutting down and abandoning module Messaging (39)
[2016.02.15-01.21.03:461][  3]LogModuleManager: Shutting down and abandoning module IOSTargetPlatform (38)
[2016.02.15-01.21.03:461][  3]LogModuleManager: Shutting down and abandoning module HTML5TargetPlatform (37)
[2016.02.15-01.21.03:461][  3]LogModuleManager: Shutting down and abandoning module Android_PVRTCTargetPlatform (36)
[2016.02.15-01.21.03:461][  3]LogModuleManager: Shutting down and abandoning module Android_MultiTargetPlatform (35)
[2016.02.15-01.21.03:461][  3]LogModuleManager: Shutting down and abandoning module Android_ETC2TargetPlatform (34)
[2016.02.15-01.21.03:461][  3]LogModuleManager: Shutting down and abandoning module Android_ETC1TargetPlatform (33)
[2016.02.15-01.21.03:461][  3]LogModuleManager: Shutting down and abandoning module Android_DXTTargetPlatform (32)
[2016.02.15-01.21.03:461][  3]LogModuleManager: Shutting down and abandoning module Android_ATCTargetPlatform (31)
[2016.02.15-01.21.03:461][  3]LogModuleManager: Shutting down and abandoning module Android_ASTCTargetPlatform (30)
[2016.02.15-01.21.03:461][  3]LogModuleManager: Shutting down and abandoning module AndroidTargetPlatform (29)
[2016.02.15-01.21.03:461][  3]LogModuleManager: Shutting down and abandoning module WindowsTargetPlatform (28)
[2016.02.15-01.21.03:461][  3]LogModuleManager: Shutting down and abandoning module WindowsServerTargetPlatform (27)
[2016.02.15-01.21.03:461][  3]LogModuleManager: Shutting down and abandoning module WindowsNoEditorTargetPlatform (26)
[2016.02.15-01.21.03:461][  3]LogModuleManager: Shutting down and abandoning module WindowsClientTargetPlatform (25)
[2016.02.15-01.21.03:461][  3]LogModuleManager: Shutting down and abandoning module AllDesktopTargetPlatform (24)
[2016.02.15-01.21.03:461][  3]LogModuleManager: Shutting down and abandoning module TargetPlatform (23)
[2016.02.15-01.21.03:461][  3]LogModuleManager: Shutting down and abandoning module InputCore (22)
[2016.02.15-01.21.03:461][  3]LogModuleManager: Shutting down and abandoning module Settings (21)
[2016.02.15-01.21.03:461][  3]LogModuleManager: Shutting down and abandoning module OnlineSubsystem (19)
[2016.02.15-01.21.03:461][  3]LogModuleManager: Shutting down and abandoning module HTTP (18)
[2016.02.15-01.21.03:461][  3]LogModuleManager: Shutting down and abandoning module XMPP (17)
[2016.02.15-01.21.03:461][  3]LogModuleManager: Shutting down and abandoning module OculusRift (16)
[2016.02.15-01.21.03:461][  3]LogModuleManager: Shutting down and abandoning module ExampleDeviceProfileSelector (15)
[2016.02.15-01.21.03:461][  3]LogModuleManager: Shutting down and abandoning module TextureCompressor (14)
[2016.02.15-01.21.03:461][  3]LogModuleManager: Shutting down and abandoning module ShaderCore (13)
[2016.02.15-01.21.03:461][  3]LogModuleManager: Shutting down and abandoning module Landscape (12)
[2016.02.15-01.21.03:461][  3]LogModuleManager: Shutting down and abandoning module SlateRHIRenderer (11)
[2016.02.15-01.21.03:461][  3]LogModuleManager: Shutting down and abandoning module OpenGLDrv (10)
[2016.02.15-01.21.03:461][  3]LogModuleManager: Shutting down and abandoning module D3D11RHI (9)
[2016.02.15-01.21.03:461][  3]LogModuleManager: Shutting down and abandoning module AnimGraphRuntime (8)
[2016.02.15-01.21.03:461][  3]LogModuleManager: Shutting down and abandoning module Renderer (7)
[2016.02.15-01.21.03:461][  3]LogModuleManager: Shutting down and abandoning module Engine (6)
[2016.02.15-01.21.03:461][  3]LogModuleManager: Shutting down and abandoning module CoreUObject (5)
[2016.02.15-01.21.03:461][  3]LogModuleManager: Shutting down and abandoning module NetworkFile (4)
[2016.02.15-01.21.03:461][  3]LogModuleManager: Shutting down and abandoning module StreamingFile (3)
[2016.02.15-01.21.03:461][  3]LogModuleManager: Shutting down and abandoning module SandboxFile (2)
[2016.02.15-01.21.03:461][  3]LogModuleManager: Shutting down and abandoning module PakFile (1)
[2016.02.15-01.21.03:462][  3]LogExit: Exiting.
[2016.02.15-01.21.03:463][  3]Log file closed, 02/15/16 01:21:03
