[2016.02.07-20.55.08:859][  0]Log file open, 02/07/16 20:55:08
[2016.02.07-20.55.08:859][  0]LogInit:Display: Running engine for game: Anthrocratos_UE4
[2016.02.07-20.55.08:859][  0]LogPlatformFile: Not using cached read wrapper
[2016.02.07-20.55.08:859][  0]LogInit:Display: RandInit(1766067545) SRandInit(1766067547).
[2016.02.07-20.55.08:859][  0]LogTaskGraph: Started task graph with 4 named threads and 7 total threads.
[2016.02.07-20.55.08:859][  0]LogStats: Stats thread started at 0.088595
[2016.02.07-20.55.08:859][  0]LogInit: Version: 4.10.2-2818068+++depot+UE4-Releases+4.10
[2016.02.07-20.55.08:859][  0]LogInit: API Version: 2758231
[2016.02.07-20.55.08:859][  0]LogInit: Compiled (64-bit): Jan  6 2016 17:36:42
[2016.02.07-20.55.08:859][  0]LogInit: Compiled with Visual C++: 19.00.23026.00
[2016.02.07-20.55.08:859][  0]LogInit: Build Configuration: Development
[2016.02.07-20.55.08:859][  0]LogInit: Branch Name: ++depot+UE4-Releases+4.10
[2016.02.07-20.55.08:859][  0]LogInit: Command line:  
[2016.02.07-20.55.08:859][  0]LogInit: Base directory: C:/Program Files/Epic Games/4.10/Engine/Binaries/Win64/
[2016.02.07-20.55.08:859][  0]LogInit: Rocket: 1
[2016.02.07-20.55.08:869][  0]LogInit: Using libcurl 7.41.0
[2016.02.07-20.55.08:869][  0]LogInit:  - built for x86_64-pc-win32
[2016.02.07-20.55.08:869][  0]LogInit:  - supports SSL with WinSSL
[2016.02.07-20.55.08:869][  0]LogInit:  - other features:
[2016.02.07-20.55.08:869][  0]LogInit:      CURL_VERSION_SSL
[2016.02.07-20.55.08:869][  0]LogInit:      CURL_VERSION_IPV6
[2016.02.07-20.55.08:869][  0]LogInit:      CURL_VERSION_ASYNCHDNS
[2016.02.07-20.55.08:869][  0]LogInit:      CURL_VERSION_LARGEFILE
[2016.02.07-20.55.08:869][  0]LogInit:      CURL_VERSION_IDN
[2016.02.07-20.55.08:869][  0]LogInit:  CurlRequestOptions (configurable via config and command line):
[2016.02.07-20.55.08:869][  0]LogInit:  - bVerifyPeer = true  - Libcurl will verify peer certificate
[2016.02.07-20.55.08:869][  0]LogInit:  - bUseHttpProxy = false  - Libcurl will NOT use HTTP proxy
[2016.02.07-20.55.08:869][  0]LogInit:  - bDontReuseConnections = false  - Libcurl will reuse connections
[2016.02.07-20.55.08:869][  0]LogInit:  - CertBundlePath = nullptr  - Libcurl will use whatever was configured at build time.
[2016.02.07-20.55.08:880][  0]LogInit: Presizing for 0 objects not considered by GC, pre-allocating 0 bytes.
[2016.02.07-20.55.08:889][  0]LogInit: Object subsystem initialized
[2016.02.07-20.55.08:890][  0]LogInit: Selected Device Profile: [Windows]
[2016.02.07-20.55.08:890][  0]LogInit: Applying CVar settings loaded from the selected device profile: [Windows]
[2016.02.07-20.55.08:902][  0]LogInit: Computer: KIERAN_DESKTOP
[2016.02.07-20.55.08:902][  0]LogInit: User: Kieran
[2016.02.07-20.55.08:902][  0]LogInit: CPU Page size=4096, Cores=4
[2016.02.07-20.55.08:902][  0]LogInit: High frequency timer resolution =2.610082 MHz
[2016.02.07-20.55.08:902][  0]LogMemory: Memory total: Physical=6.0GB (6GB approx)
[2016.02.07-20.55.08:902][  0]LogMemory: Platform Memory Stats for Windows
[2016.02.07-20.55.08:902][  0]LogMemory: Process Physical Memory: 56.07 MB used, 56.07 MB peak
[2016.02.07-20.55.08:902][  0]LogMemory: Process Virtual Memory: 56.84 MB used, 56.84 MB peak
[2016.02.07-20.55.08:902][  0]LogMemory: Physical Memory: 3760.18 MB used, 6135.11 MB total
[2016.02.07-20.55.08:902][  0]LogMemory: Virtual Memory: 382.75 MB used, 134217728.00 MB total
[2016.02.07-20.55.08:947][  0]LogTextLocalizationManager: No specific translations for ('en-GB') exist, so ('en') translations will be used.
[2016.02.07-20.55.09:538][  0]LogD3D11RHI: Found D3D11 adapter 0: NVIDIA GeForce GTX 970 (Feature Level 11_0)
[2016.02.07-20.55.09:538][  0]LogD3D11RHI: Adapter has 4007MB of dedicated video memory, 0MB of dedicated system memory, and 3067MB of shared system memory, 1 output[s]
[2016.02.07-20.55.09:540][  0]LogD3D11RHI: Found D3D11 adapter 1: Microsoft Basic Render Driver (Feature Level 11_0)
[2016.02.07-20.55.09:540][  0]LogD3D11RHI: Adapter has 0MB of dedicated video memory, 0MB of dedicated system memory, and 3067MB of shared system memory, 0 output[s]
[2016.02.07-20.55.09:540][  0]LogD3D11RHI: Chosen D3D11 Adapter Id = 0
[2016.02.07-20.55.09:545][  0]LogD3D11RHI: !Direct3DDevice
[2016.02.07-20.55.09:545][  0]LogRHI: Texture pool is 1361 MB (70% of 1945 MB)
[2016.02.07-20.55.09:560][  0]LogD3D11RHI: Async texture creation enabled
[2016.02.07-20.55.09:577][  0]LogShaderCompilers: Guid format shader working directory is -15 characters bigger than the processId version (D:/Games Development/IP3 project/Anthrocratos/Anthrocratos_UE4/Intermediate/Shaders/WorkingDirectory/2652/).
[2016.02.07-20.55.09:578][  0]LogShaderCompilers: Cleaned the shader compiler working directory 'C:/Users/Kieran/AppData/Local/Temp/UnrealShaderWorkingDir/997625E94ED35D6EAD1D87B42D1F5C1A/'.
[2016.02.07-20.55.09:578][  0]LogShaderCompilers:Display: Using Local Shader Compiler.
[2016.02.07-20.55.10:665][  0]LogTemp:Display: Loaded TP AllDesktopTargetPlatform
[2016.02.07-20.55.10:673][  0]LogTemp:Display: Loaded TP WindowsClientTargetPlatform
[2016.02.07-20.55.10:682][  0]LogTemp:Display: Loaded TP WindowsNoEditorTargetPlatform
[2016.02.07-20.55.10:688][  0]LogTemp:Display: Loaded TP WindowsServerTargetPlatform
[2016.02.07-20.55.10:694][  0]LogTemp:Display: Loaded TP WindowsTargetPlatform
[2016.02.07-20.55.10:698][  0]LogTemp:Display: Loaded TP AndroidTargetPlatform
[2016.02.07-20.55.10:701][  0]LogTemp:Display: Loaded TP Android_ASTCTargetPlatform
[2016.02.07-20.55.10:705][  0]LogTemp:Display: Loaded TP Android_ATCTargetPlatform
[2016.02.07-20.55.10:709][  0]LogTemp:Display: Loaded TP Android_DXTTargetPlatform
[2016.02.07-20.55.10:713][  0]LogTemp:Display: Loaded TP Android_ETC1TargetPlatform
[2016.02.07-20.55.10:717][  0]LogTemp:Display: Loaded TP Android_ETC2TargetPlatform
[2016.02.07-20.55.10:725][  0]LogTemp:Display: Loaded TP Android_MultiTargetPlatform
[2016.02.07-20.55.10:725][  0]LogTemp:Display: Loaded TP Android_PVRTCTargetPlatform
[2016.02.07-20.55.10:725][  0]LogTemp:Display: Loaded TP HTML5TargetPlatform
[2016.02.07-20.55.10:745][  0]LogTemp:Display: Loaded TP IOSTargetPlatform
[2016.02.07-20.55.10:748][  0]LogTemp:Display: Loaded TP LinuxNoEditorTargetPlatform
[2016.02.07-20.55.10:752][  0]LogTemp:Display: Loaded TP LinuxServerTargetPlatform
[2016.02.07-20.55.10:756][  0]LogTemp:Display: Loaded TP LinuxTargetPlatform
[2016.02.07-20.55.10:756][  0]LogTargetPlatformManager:Display: Building Assets For Windows
[2016.02.07-20.55.10:868][  0]LogDerivedDataCache:Display: Max Cache Size: 512 MB
[2016.02.07-20.55.10:927][  0]LogDerivedDataCache: Loaded boot cache 0.06s 41MB C:/Users/Kieran/AppData/Local/UnrealEngine/4.10/DerivedDataCache/Boot.ddc.
[2016.02.07-20.55.10:928][  0]LogDerivedDataCache:Display: Loaded Boot cache: C:/Users/Kieran/AppData/Local/UnrealEngine/4.10/DerivedDataCache/Boot.ddc
[2016.02.07-20.55.10:928][  0]LogDerivedDataCache: FDerivedDataBackendGraph:  Pak pak cache file D:/Games Development/IP3 project/Anthrocratos/Anthrocratos_UE4/DerivedDataCache/DDC.ddp not found, will not use a pak cache.
[2016.02.07-20.55.10:928][  0]LogDerivedDataCache: Unable to find inner node Pak for hierarchical cache Hierarchy.
[2016.02.07-20.55.10:928][  0]LogDerivedDataCache: FDerivedDataBackendGraph:  CompressedPak pak cache file D:/Games Development/IP3 project/Anthrocratos/Anthrocratos_UE4/DerivedDataCache/Compressed.ddp not found, will not use a pak cache.
[2016.02.07-20.55.10:928][  0]LogDerivedDataCache: Unable to find inner node CompressedPak for hierarchical cache Hierarchy.
[2016.02.07-20.55.11:015][  0]LogDerivedDataCache:Display: Pak cache opened for reading ../../../Engine/DerivedDataCache/Compressed.ddp.
[2016.02.07-20.55.11:027][  0]LogDerivedDataCache: Using Local data cache path C:/Users/Kieran/AppData/Local/UnrealEngine/Common/DerivedDataCache: Writable
[2016.02.07-20.55.11:300][  0]LogInit: Selected Device Profile: [Windows]
[2016.02.07-20.55.11:304][  0]LogContentStreaming: Texture pool size is 0.000000MB
[2016.02.07-20.55.11:451][  0]LogMeshUtilities: No automatic mesh reduction module available
[2016.02.07-20.55.11:451][  0]LogMeshUtilities: No automatic mesh merging module available
[2016.02.07-20.55.11:752][  0]LogInit: WinSock: version 1.1 (2.2), MaxSocks=32767, MaxUdp=65467
[2016.02.07-20.55.12:767][  0]UdpMessaging: Initializing bridge on interface 0.0.0.0:0 to multicast group 230.0.0.1:6666.
[2016.02.07-20.55.12:889][  0]LogAssetRegistry: FAssetRegistry took 0.0110 seconds to start up
[2016.02.07-20.55.13:102][  0]SourceControl: Info Source control is disabled
[2016.02.07-20.55.13:148][  0]SourceControl: Info Source control is disabled
[2016.02.07-20.55.13:163][  0]SourceControl: Info Source control is disabled
[2016.02.07-20.55.13:180][  0]SourceControl: Info Source control is disabled
[2016.02.07-20.55.13:504][  0]LogObj: 28637 objects as part of root set at end of initial load.
[2016.02.07-20.55.13:505][  0]LogUObjectAllocator: 6101776 out of 0 bytes used by permanent object pool.
[2016.02.07-20.55.13:579][  0]LogEngine: Initializing Engine...
[2016.02.07-20.55.13:583][  0]LogHMD: Can't find Oculus library dev build: is proper Runtime installed? Version: 0.8.0.0
[2016.02.07-20.55.13:608][  0]LogHMD: SteamVR failed to initialize.  Err: 108
[2016.02.07-20.55.13:789][  0]LogAIModule: Creating AISystem for world NewWorld
[2016.02.07-20.55.13:813][  0]LogInit: XAudio2 using 'Headphones (High Definition Audio Device)' : 2 channels at 44.1 kHz using 16 bits per sample (channel mask 0x3)
[2016.02.07-20.55.13:829][  0]LogInit: FAudioDevice initialized.
[2016.02.07-20.55.13:856][  0]LogDerivedDataCache: Saved boot cache 0.03s 41MB C:/Users/Kieran/AppData/Local/UnrealEngine/4.10/DerivedDataCache/Boot.ddc.
[2016.02.07-20.55.13:865][  0]LogInit: Texture streaming: Enabled
[2016.02.07-20.55.13:873][  0]LogAnalytics: Creating configured Analytics provider AnalyticsET
[2016.02.07-20.55.13:873][  0]LogAnalytics: [UEEditor.Rocket.Release] APIServer = http://et2.epicgames.com/ET2/. AppVersion = 4.10.2-2818068+++depot+UE4-Releases+4.10
[2016.02.07-20.55.13:873][  0]LogAnalytics: [UEEditor.Rocket.Release] SetUserId 407aa12047368f528466cabc8caacbf1|ab08d7ce0f414bdba0971ea2fb4514a5|193b7df4-757a-4d96-a184-afc84281c9dd
[2016.02.07-20.55.13:873][  0]LogAnalytics: [UEEditor.Rocket.Release] AnalyticsET::StartSession
[2016.02.07-20.55.13:885][  0]LogInit: Transaction tracking system initialized
[2016.02.07-20.55.13:923][  0]BlueprintLog: New page: Editor Load
[2016.02.07-20.55.14:030][  0]LocalizationService: Info Localization service is disabled
[2016.02.07-20.55.14:131][  0]LogConsoleResponse:Display: 
[2016.02.07-20.55.14:275][  0]LogCook:Display: Done creating registry. It took  0.00s.
[2016.02.07-20.55.14:360][  0]LogFileCache: Scanning file cache for directory 'D:/Games Development/IP3 project/Anthrocratos/Anthrocratos_UE4/Content/' took 0.01s
[2016.02.07-20.55.14:360][  0]SourceControl: Info Source control is disabled
[2016.02.07-20.55.14:360][  0]Cmd: MAP LOAD FILE="D:/Games Development/IP3 project/Anthrocratos/Anthrocratos_UE4/Content/Levels/Kieran-Test.umap" TEMPLATE=0 SHOWPROGRESS=1 FEATURELEVEL=3
[2016.02.07-20.55.14:361][  0]LightingResults: New page: Lighting Build
[2016.02.07-20.55.14:365][  0]MapCheck: New page: Map Check
[2016.02.07-20.55.14:365][  0]LightingResults: New page: Lighting Build
[2016.02.07-20.55.14:378][  0]LogParticles: Destroying 0 GPU particle simulations for FXSystem 0x000001D3555F7B00
[2016.02.07-20.55.15:039][  0]LogAIModule: Creating AISystem for world Kieran-Test
[2016.02.07-20.55.15:063][  0]LogEditorServer: Finished looking for orphan Actors (0.000 secs)
[2016.02.07-20.55.15:064][  0]Cmd: MAP CHECKDEP NOCLEARLOG
[2016.02.07-20.55.15:130][  0]MapCheck: Info Map check complete: 0 Error(s), 0 Warning(s), took 65.811ms to complete.
[2016.02.07-20.55.15:130][  0]LogFileHelpers: Loading map 'Kieran-Test' took 0.770
[2016.02.07-20.55.15:211][  0]LogCollectionManager: Loaded 0 collections in 0.002734 seconds
[2016.02.07-20.55.15:255][  0]LogFileCache: Scanning file cache for directory 'D:/Games Development/IP3 project/Anthrocratos/Anthrocratos_UE4/Saved/Collections/' took 0.01s
[2016.02.07-20.55.15:255][  0]LogFileCache: Scanning file cache for directory 'D:/Games Development/IP3 project/Anthrocratos/Anthrocratos_UE4/Content/Developers/Kieran/Collections/' took 0.01s
[2016.02.07-20.55.15:255][  0]LogFileCache: Scanning file cache for directory 'D:/Games Development/IP3 project/Anthrocratos/Anthrocratos_UE4/Content/Collections/' took 0.01s
[2016.02.07-20.55.15:255][  0]LogCollectionManager: Rebuilt the GUID cache for 0 collections in 0.000003 seconds
[2016.02.07-20.55.15:268][  0]LogContentBrowser: Native class hierarchy populated in 0.0137 seconds. Added 1894 classes and 340 folders.
[2016.02.07-20.55.15:278][  0]LogContentBrowser: Native class hierarchy updated for 'WidgetCarousel' in 0.0015 seconds. Added 0 classes and 0 folders.
[2016.02.07-20.55.15:338][  0]LogContentBrowser: Native class hierarchy updated for 'AddContentDialog' in 0.0019 seconds. Added 0 classes and 0 folders.
[2016.02.07-20.55.15:389][  0]LogContentBrowser: Native class hierarchy updated for 'SceneOutliner' in 0.0014 seconds. Added 1 classes and 2 folders.
[2016.02.07-20.55.15:418][  0]LogCrashTracker: Crashtracker disabled due to settings.
[2016.02.07-20.55.15:427][  0]LogUObjectGlobals:Warning: Failed to find object 'Class None.'
[2016.02.07-20.55.15:449][  0]LogLoad: Full Startup: 7.59 seconds (BP compile: 0.12 seconds)
[2016.02.07-20.55.15:460][  0]LogWindowsTextInputMethodSystem:Display: IME system now deactivated.
[2016.02.07-20.55.15:460][  0]LogWindowsTextInputMethodSystem:Display: IME system now deactivated.
[2016.02.07-20.55.15:465][  0]LogOcInput: Can't find Oculus library dev build: is proper Runtime installed? Version: 0.8.0.0
[2016.02.07-20.55.15:531][  0]LogContentStreaming: Texture pool size now 1000 MB
[2016.02.07-20.55.15:744][  0]LogRenderer: Reallocating scene render targets to support 1616x920 (Frame:2).
[2016.02.07-20.55.15:830][  1]LogFileCache: Retrieving MD5 hashes for directory 'D:/Games Development/IP3 project/Anthrocratos/Anthrocratos_UE4/Content/' took 0.35s
[2016.02.07-20.55.22:842][814]LogAssetRegistry: Asset discovery search completed in 9.9643 seconds
[2016.02.07-20.55.22:842][814]LogCollectionManager: Rebuilt the object cache for 0 collections in 0.000001 seconds (found 0 objects)
[2016.02.07-20.55.22:842][814]LogCollectionManager: Fixed up redirectors for 0 collections in 0.000027 seconds (updated 0 objects)
[2016.02.07-20.55.22:877][815]AssetReimport: New page: Outstanding source content changes 20:55:22
[2016.02.07-20.55.25:317][ 58]LogLinker:Warning: Asset '../../../Engine/Content/ArtTools/RenderToTexture/Macros/RenderToTextureMacros.uasset' has been saved with empty engine version. The asset will be loaded but may be incompatible.
[2016.02.07-20.55.26:013][ 58]LogContentBrowser: Native class hierarchy updated for 'BlueprintGraph' in 0.0027 seconds. Added 107 classes and 0 folders.
[2016.02.07-20.55.26:627][ 58]AssetReimport:Warning: Warning Can't create a new asset at /Game/Art/Models/test_tree - one already exists.
[2016.02.07-20.58.40:578][376]BlueprintLog: New page: Compile Kieran-Test
[2016.02.07-20.58.40:725][376]BlueprintEditorCompileResults: Info [0212.87] Compile of Kieran-Test successful! [in 146 ms]
[2016.02.07-21.00.06:132][ 92]LogEditorTransaction: Undo Create Pin Link
[2016.02.07-21.04.40:015][190]BlueprintLog: New page: Compile Kieran-Test
[2016.02.07-21.04.40:054][190]LogBlueprint:Error: [compiler Kieran-Test] Error Default value '' for  Class Array  is invalid: 'Array inputs (like 'Class Array') must have an input wired into them (try connecting a MakeArray node).'
[2016.02.07-21.04.40:206][190]LogBlueprint:Warning: [compiler Kieran-Test] Warning [0572.35] Compile of Kieran-Test failed. 1 Fatal Issue(s) 0 Warning(s) [in 190 ms]
[2016.02.07-21.04.40:206][190]BlueprintEditorCompileResults:Error: Error Default value '' for  Class Array  is invalid: 'Array inputs (like 'Class Array') must have an input wired into them (try connecting a MakeArray node).'
[2016.02.07-21.04.40:206][190]BlueprintEditorCompileResults:Warning: Warning [0572.35] Compile of Kieran-Test failed. 1 Fatal Issue(s) 0 Warning(s) [in 190 ms]
[2016.02.07-21.05.04:673][980]BlueprintLog: New page: Compile Kieran-Test
[2016.02.07-21.05.04:795][980]BlueprintEditorCompileResults: Info [0596.94] Compile of Kieran-Test successful! [in 121 ms]
[2016.02.07-21.05.11:323][556]LogBlueprintUserMessages: Early PlayInEditor Detection: Level '/Game/Levels/Kieran-Test.Kieran-Test:PersistentLevel' has LevelScriptBlueprint '/Game/Levels/Kieran-Test.Kieran-Test:PersistentLevel.Kieran-Test' with GeneratedClass '/Game/Levels/Kieran-Test.Kieran-Test_C' with ClassGeneratedBy '/Game/Levels/Kieran-Test.Kieran-Test:PersistentLevel.Kieran-Test'
[2016.02.07-21.05.11:323][556]LogPlayLevel: PlayLevel: No blueprints needed recompiling
[2016.02.07-21.05.11:325][556]PIE: New page: SIE session: Kieran-Test (7 Feb 2016 21:05:11)
[2016.02.07-21.05.11:326][556]LogPlayLevel: Creating play world package: /Game/Levels/UEDPIE_0_Kieran-Test
[2016.02.07-21.05.11:350][556]LogPlayLevel: PIE: StaticDuplicateObject took: (0.023718s)
[2016.02.07-21.05.11:351][556]LogAIModule: Creating AISystem for world Kieran-Test
[2016.02.07-21.05.11:351][556]LogPlayLevel: PIE: World Init took: (0.001294s)
[2016.02.07-21.05.11:351][556]LogPlayLevel: PIE: Created PIE world by copying editor world from /Game/Levels/Kieran-Test.Kieran-Test to /Game/Levels/UEDPIE_0_Kieran-Test.Kieran-Test (0.025753s)
[2016.02.07-21.05.11:378][556]LogParticles: Destroying 0 GPU particle simulations for FXSystem 0x000001D300646D40
[2016.02.07-21.05.11:404][556]LogInit: XAudio2 using 'Headphones (High Definition Audio Device)' : 2 channels at 44.1 kHz using 16 bits per sample (channel mask 0x3)
[2016.02.07-21.05.11:416][556]LogInit: FAudioDevice initialized.
[2016.02.07-21.05.11:483][556]LogWorld: Game class is 'Anthrocratos_UE4GameMode'
[2016.02.07-21.05.11:495][556]LogWorld: Bringing World /Game/Levels/UEDPIE_0_Kieran-Test.Kieran-Test up for play (max tick rate 0) at 2016.02.07-21.05.11
[2016.02.07-21.05.11:495][556]LogActor:Warning: GameSession /Game/Levels/UEDPIE_0_Kieran-Test.Kieran-Test:PersistentLevel.GameSession_0 has natively added scene component(s), but none of them were set as the actor's RootComponent - picking one arbitrarily
[2016.02.07-21.05.11:495][556]LogActor:Warning: GameNetworkManager /Game/Levels/UEDPIE_0_Kieran-Test.Kieran-Test:PersistentLevel.GameNetworkManager_0 has natively added scene component(s), but none of them were set as the actor's RootComponent - picking one arbitrarily
[2016.02.07-21.05.11:496][556]LogWorld: Bringing up level for play took: 0.002986
[2016.02.07-21.05.11:502][556]LogGameMode: Warning - PATHS NOT DEFINED or NO PLAYERSTART with positive rating
[2016.02.07-21.05.11:521][556]LogBlueprintUserMessages: [Kieran-Test_C_2] TilesSpawned
[2016.02.07-21.05.11:522][556]PIE: Info Play in editor start time for /Game/Levels/UEDPIE_0_Kieran-Test -0.673
[2016.02.07-21.05.11:530][556]LogBlueprintUserMessages: Late PlayInEditor Detection: Level '/Game/Levels/Kieran-Test.Kieran-Test:PersistentLevel' has LevelScriptBlueprint '/Game/Levels/Kieran-Test.Kieran-Test:PersistentLevel.Kieran-Test' with GeneratedClass '/Game/Levels/Kieran-Test.Kieran-Test_C' with ClassGeneratedBy '/Game/Levels/Kieran-Test.Kieran-Test:PersistentLevel.Kieran-Test'
[2016.02.07-21.05.29:890][434]LogEditorViewport: Clicking on Actor (LMB): HexTileBasic_C (HexTileBasic2)
[2016.02.07-21.05.29:890][434]LogSelection:Warning: PIE object was selected: "HexTileBasic_C /Game/Levels/UEDPIE_0_Kieran-Test.Kieran-Test:PersistentLevel.HexTileBasic_C_2"
[2016.02.07-21.05.56:362][633]LogEditorViewport: Clicking on Actor (LMB): HexTileBasic_C (HexTileBasic1)
[2016.02.07-21.05.56:362][633]LogSelection:Warning: PIE object was selected: "HexTileBasic_C /Game/Levels/UEDPIE_0_Kieran-Test.Kieran-Test:PersistentLevel.HexTileBasic_C_1"
[2016.02.07-21.05.57:227][688]LogEditorViewport: Clicking on Actor (LMB): HexTileBasic_C (HexTileBasic)
[2016.02.07-21.05.57:227][688]LogSelection:Warning: PIE object was selected: "HexTileBasic_C /Game/Levels/UEDPIE_0_Kieran-Test.Kieran-Test:PersistentLevel.HexTileBasic_C_0"
[2016.02.07-21.06.06:310][104]Cmd: DELETE
[2016.02.07-21.06.06:310][104]Cmd: ACTOR DELETE
[2016.02.07-21.06.06:315][104]LogEditorActor: Deleted Actor: HexTileBasic_C
[2016.02.07-21.06.06:345][104]LogEditorActor: Deleted 1 Actors (0.031 secs)
[2016.02.07-21.06.06:766][140]LogEditorViewport: Clicking on Actor (LMB): HexTileBasic_C (HexTileBasic1)
[2016.02.07-21.06.06:766][140]LogSelection:Warning: PIE object was selected: "HexTileBasic_C /Game/Levels/UEDPIE_0_Kieran-Test.Kieran-Test:PersistentLevel.HexTileBasic_C_1"
[2016.02.07-21.06.06:902][144]Cmd: DELETE
[2016.02.07-21.06.06:902][144]Cmd: ACTOR DELETE
[2016.02.07-21.06.06:903][144]LogEditorActor: Deleted Actor: HexTileBasic_C
[2016.02.07-21.06.06:931][144]LogEditorActor: Deleted 1 Actors (0.029 secs)
[2016.02.07-21.06.07:324][165]LogEditorViewport: Clicking on Actor (LMB): HexTileBasic_C (HexTileBasic2)
[2016.02.07-21.06.07:324][165]LogSelection:Warning: PIE object was selected: "HexTileBasic_C /Game/Levels/UEDPIE_0_Kieran-Test.Kieran-Test:PersistentLevel.HexTileBasic_C_2"
[2016.02.07-21.06.07:420][170]Cmd: DELETE
[2016.02.07-21.06.07:420][170]Cmd: ACTOR DELETE
[2016.02.07-21.06.07:420][170]LogEditorActor: Deleted Actor: HexTileBasic_C
[2016.02.07-21.06.07:449][170]LogEditorActor: Deleted 1 Actors (0.029 secs)
[2016.02.07-21.06.07:781][187]LogEditorViewport: Clicking on Actor (LMB): HexTileBasic_C (HexTileBasic3)
[2016.02.07-21.06.07:782][187]LogSelection:Warning: PIE object was selected: "HexTileBasic_C /Game/Levels/UEDPIE_0_Kieran-Test.Kieran-Test:PersistentLevel.HexTileBasic_C_3"
[2016.02.07-21.06.07:879][192]Cmd: DELETE
[2016.02.07-21.06.07:879][192]Cmd: ACTOR DELETE
[2016.02.07-21.06.07:880][192]LogEditorActor: Deleted Actor: HexTileBasic_C
[2016.02.07-21.06.07:910][192]LogEditorActor: Deleted 1 Actors (0.031 secs)
[2016.02.07-21.06.08:212][211]LogEditorViewport: Clicking on Actor (LMB): HexTileBasic_C (HexTileBasic4)
[2016.02.07-21.06.08:212][211]LogSelection:Warning: PIE object was selected: "HexTileBasic_C /Game/Levels/UEDPIE_0_Kieran-Test.Kieran-Test:PersistentLevel.HexTileBasic_C_4"
[2016.02.07-21.06.08:306][214]Cmd: DELETE
[2016.02.07-21.06.08:306][214]Cmd: ACTOR DELETE
[2016.02.07-21.06.08:307][214]LogEditorActor: Deleted Actor: HexTileBasic_C
[2016.02.07-21.06.08:336][214]LogEditorActor: Deleted 1 Actors (0.029 secs)
[2016.02.07-21.06.08:601][231]LogEditorViewport: Clicking on Actor (LMB): HexTileBasic_C (HexTileBasic5)
[2016.02.07-21.06.08:601][231]LogSelection:Warning: PIE object was selected: "HexTileBasic_C /Game/Levels/UEDPIE_0_Kieran-Test.Kieran-Test:PersistentLevel.HexTileBasic_C_5"
[2016.02.07-21.06.08:721][237]Cmd: DELETE
[2016.02.07-21.06.08:721][237]Cmd: ACTOR DELETE
[2016.02.07-21.06.08:721][237]LogEditorActor: Deleted Actor: HexTileBasic_C
[2016.02.07-21.06.08:749][237]LogEditorActor: Deleted 1 Actors (0.028 secs)
[2016.02.07-21.06.09:018][257]LogEditorViewport: Clicking on Actor (LMB): HexTileBasic_C (HexTileBasic6)
[2016.02.07-21.06.09:018][257]LogSelection:Warning: PIE object was selected: "HexTileBasic_C /Game/Levels/UEDPIE_0_Kieran-Test.Kieran-Test:PersistentLevel.HexTileBasic_C_6"
[2016.02.07-21.06.09:150][267]Cmd: DELETE
[2016.02.07-21.06.09:150][267]Cmd: ACTOR DELETE
[2016.02.07-21.06.09:151][267]LogEditorActor: Deleted Actor: HexTileBasic_C
[2016.02.07-21.06.09:181][267]LogEditorActor: Deleted 1 Actors (0.030 secs)
[2016.02.07-21.06.11:665][468]LogBlueprintUserMessages: Early EndPlayMap Detection: Level '/Game/Levels/Kieran-Test.Kieran-Test:PersistentLevel' has LevelScriptBlueprint '/Game/Levels/Kieran-Test.Kieran-Test:PersistentLevel.Kieran-Test' with GeneratedClass '/Game/Levels/Kieran-Test.Kieran-Test_C' with ClassGeneratedBy '/Game/Levels/Kieran-Test.Kieran-Test:PersistentLevel.Kieran-Test'
[2016.02.07-21.06.11:710][468]LogBlueprintUserMessages: Late EndPlayMap Detection: Level '/Game/Levels/Kieran-Test.Kieran-Test:PersistentLevel' has LevelScriptBlueprint '/Game/Levels/Kieran-Test.Kieran-Test:PersistentLevel.Kieran-Test' with GeneratedClass '/Game/Levels/Kieran-Test.Kieran-Test_C' with ClassGeneratedBy '/Game/Levels/Kieran-Test.Kieran-Test:PersistentLevel.Kieran-Test'
[2016.02.07-21.06.11:739][468]LogParticles: Destroying 0 GPU particle simulations for FXSystem 0x000001D310EB8E00
[2016.02.07-21.06.51:191][748]LogEditorViewport: Clicking on Actor (LMB): HexTileBasic_C (HexTileBasic4)
[2016.02.07-21.06.59:748][682]LogEditorViewport: Clicking on Actor (LMB): HexTileBasic_C (HexTileBasic3)
[2016.02.07-21.07.12:314][ 36]LogEditorViewport: Clicking on Actor (LMB): HexTileBasic_C (HexTileBasic2)
[2016.02.07-21.07.13:853][201]LogEditorViewport: Clicking on Actor (LMB): HexTileBasic_C (HexTileBasic3)
[2016.02.07-21.07.14:554][273]LogEditorViewport: Clicking on Actor (LMB): HexTileBasic_C (HexTileBasic4)
[2016.02.07-21.07.15:116][327]LogEditorViewport: Clicking on Actor (LMB): HexTileBasic_C (HexTileBasic2)
[2016.02.07-21.07.27:197][661]LogEditorViewport: Clicking on Actor (LMB): AtmosphericFog (Atmospheric Fog)
[2016.02.07-21.07.29:899][935]LogEditorViewport: Clicking Background
[2016.02.07-21.07.30:693][ 27]LogEditorViewport: Clicking on Actor (LMB): HexTileBasic_C (HexTileBasic6)
[2016.02.07-21.07.38:025][856]LogEditorViewport: Clicking on Actor (LMB): HexTileBasic_C (HexTileBasic3)
[2016.02.07-21.07.43:775][512]LogEditorViewport: Clicking Background
[2016.02.07-21.07.44:348][578]LogEditorViewport: Clicking on Actor (LMB): HexTileBasic_C (HexTileBasic5)
[2016.02.07-21.08.04:447][854]LogEditorViewport: Clicking on Actor (LMB): HexTileBasic_C (HexTileBasic5)
[2016.02.07-21.08.14:863][ 35]LogEditorViewport: Clicking on Actor (LMB): HexTileBasic_C (HexTileBasic2)
[2016.02.07-21.08.17:916][376]LogEditorViewport: Clicking on Actor (LMB): HexTileBasic_C (HexTileBasic5)
[2016.02.07-21.08.18:900][483]LogEditorViewport: Clicking on Actor (LMB): HexTileBasic_C (HexTileBasic3)
[2016.02.07-21.08.24:981][168]LogEditorViewport: Clicking on Actor (LMB): HexTileBasic_C (HexTileBasic2)
[2016.02.07-21.08.27:975][500]LogEditorViewport: Clicking on Actor (LMB): HexTileBasic_C (HexTileBasic)
[2016.02.07-21.08.28:850][595]LogEditorViewport: Clicking on Actor (LMB): HexTileBasic_C (HexTileBasic5)
[2016.02.07-21.08.34:357][212]Cmd: DELETE
[2016.02.07-21.08.34:357][212]Cmd: ACTOR DELETE
[2016.02.07-21.08.34:358][212]LogEditorActor: Deleted Actor: AtmosphericFog
[2016.02.07-21.08.34:360][212]LogEditorActor: Deleted Actor: BP_Sky_Sphere_C
[2016.02.07-21.08.34:361][212]LogEditorActor: Deleted Actor: HexTileBasic_C
[2016.02.07-21.08.34:363][212]LogEditorActor: Deleted Actor: HexTileBasic_C
[2016.02.07-21.08.34:365][212]LogEditorActor: Deleted Actor: HexTileBasic_C
[2016.02.07-21.08.34:366][212]LogEditorActor: Deleted Actor: HexTileBasic_C
[2016.02.07-21.08.34:368][212]LogEditorActor: Deleted Actor: HexTileBasic_C
[2016.02.07-21.08.34:369][212]LogEditorActor: Deleted Actor: HexTileBasic_C
[2016.02.07-21.08.34:407][212]LogEditorActor: Deleted 8 Actors (0.050 secs)
[2016.02.07-21.08.38:580][709]Cmd: TRANSACTION UNDO
[2016.02.07-21.08.38:580][709]LogEditorTransaction: Undo Delete Actors
[2016.02.07-21.08.41:141][979]Cmd: DELETE
[2016.02.07-21.08.41:141][979]Cmd: ACTOR DELETE
[2016.02.07-21.08.41:142][979]LogEditorActor: Deleted Actor: AtmosphericFog
[2016.02.07-21.08.41:144][979]LogEditorActor: Deleted Actor: BP_Sky_Sphere_C
[2016.02.07-21.08.41:146][979]LogEditorActor: Deleted Actor: HexTileBasic_C
[2016.02.07-21.08.41:147][979]LogEditorActor: Deleted Actor: HexTileBasic_C
[2016.02.07-21.08.41:148][979]LogEditorActor: Deleted Actor: HexTileBasic_C
[2016.02.07-21.08.41:150][979]LogEditorActor: Deleted Actor: HexTileBasic_C
[2016.02.07-21.08.41:151][979]LogEditorActor: Deleted Actor: HexTileBasic_C
[2016.02.07-21.08.41:153][979]LogEditorActor: Deleted Actor: HexTileBasic_C
[2016.02.07-21.08.41:185][979]LogEditorActor: Deleted 8 Actors (0.044 secs)
[2016.02.07-21.08.41:944][ 69]Cmd: TRANSACTION UNDO
[2016.02.07-21.08.41:944][ 69]LogEditorTransaction: Undo Delete Actors
[2016.02.07-21.08.42:788][143]LogEditorViewport: Clicking on Actor (LMB): HexTileBasic_C (HexTileBasic4)
[2016.02.07-21.08.46:078][517]LogEditorViewport: Clicking Background
[2016.02.07-21.08.50:192][994]Cmd: DELETE
[2016.02.07-21.08.50:192][994]Cmd: ACTOR DELETE
[2016.02.07-21.08.50:192][994]LogEditorActor: Deleted Actor: BP_Sky_Sphere_C
[2016.02.07-21.08.50:195][994]LogEditorActor: Deleted Actor: HexTileBasic_C
[2016.02.07-21.08.50:196][994]LogEditorActor: Deleted Actor: HexTileBasic_C
[2016.02.07-21.08.50:198][994]LogEditorActor: Deleted Actor: HexTileBasic_C
[2016.02.07-21.08.50:199][994]LogEditorActor: Deleted Actor: HexTileBasic_C
[2016.02.07-21.08.50:201][994]LogEditorActor: Deleted Actor: HexTileBasic_C
[2016.02.07-21.08.50:203][994]LogEditorActor: Deleted Actor: HexTileBasic_C
[2016.02.07-21.08.50:234][994]LogEditorActor: Deleted 7 Actors (0.042 secs)
[2016.02.07-21.09.05:875][857]LogBlueprintUserMessages: Early PlayInEditor Detection: Level '/Game/Levels/Kieran-Test.Kieran-Test:PersistentLevel' has LevelScriptBlueprint '/Game/Levels/Kieran-Test.Kieran-Test:PersistentLevel.Kieran-Test' with GeneratedClass '/Game/Levels/Kieran-Test.Kieran-Test_C' with ClassGeneratedBy '/Game/Levels/Kieran-Test.Kieran-Test:PersistentLevel.Kieran-Test'
[2016.02.07-21.09.05:875][857]LogPlayLevel: PlayLevel: No blueprints needed recompiling
[2016.02.07-21.09.05:876][857]PIE: New page: SIE session: Kieran-Test (7 Feb 2016 21:09:05)
[2016.02.07-21.09.05:876][857]LogPlayLevel: Creating play world package: /Game/Levels/UEDPIE_0_Kieran-Test
[2016.02.07-21.09.05:898][857]LogPlayLevel: PIE: StaticDuplicateObject took: (0.022813s)
[2016.02.07-21.09.05:900][857]LogAIModule: Creating AISystem for world Kieran-Test
[2016.02.07-21.09.05:900][857]LogPlayLevel: PIE: World Init took: (0.001396s)
[2016.02.07-21.09.05:900][857]LogPlayLevel: PIE: Created PIE world by copying editor world from /Game/Levels/Kieran-Test.Kieran-Test to /Game/Levels/UEDPIE_0_Kieran-Test.Kieran-Test (0.024508s)
[2016.02.07-21.09.05:949][857]LogInit: XAudio2 using 'Headphones (High Definition Audio Device)' : 2 channels at 44.1 kHz using 16 bits per sample (channel mask 0x3)
[2016.02.07-21.09.05:959][857]LogInit: FAudioDevice initialized.
[2016.02.07-21.09.05:998][857]LogWorld: Game class is 'Anthrocratos_UE4GameMode'
[2016.02.07-21.09.06:001][857]LogWorld: Bringing World /Game/Levels/UEDPIE_0_Kieran-Test.Kieran-Test up for play (max tick rate 0) at 2016.02.07-21.09.06
[2016.02.07-21.09.06:001][857]LogActor:Warning: GameSession /Game/Levels/UEDPIE_0_Kieran-Test.Kieran-Test:PersistentLevel.GameSession_1 has natively added scene component(s), but none of them were set as the actor's RootComponent - picking one arbitrarily
[2016.02.07-21.09.06:001][857]LogActor:Warning: GameNetworkManager /Game/Levels/UEDPIE_0_Kieran-Test.Kieran-Test:PersistentLevel.GameNetworkManager_1 has natively added scene component(s), but none of them were set as the actor's RootComponent - picking one arbitrarily
[2016.02.07-21.09.06:002][857]LogWorld: Bringing up level for play took: 0.002021
[2016.02.07-21.09.06:002][857]LogGameMode: Warning - PATHS NOT DEFINED or NO PLAYERSTART with positive rating
[2016.02.07-21.09.06:005][857]LogBlueprintUserMessages: [Kieran-Test_C_2] TilesSpawned
[2016.02.07-21.09.06:005][857]PIE: Info Play in editor start time for /Game/Levels/UEDPIE_0_Kieran-Test -0.19
[2016.02.07-21.09.06:007][857]LogBlueprintUserMessages: Late PlayInEditor Detection: Level '/Game/Levels/Kieran-Test.Kieran-Test:PersistentLevel' has LevelScriptBlueprint '/Game/Levels/Kieran-Test.Kieran-Test:PersistentLevel.Kieran-Test' with GeneratedClass '/Game/Levels/Kieran-Test.Kieran-Test_C' with ClassGeneratedBy '/Game/Levels/Kieran-Test.Kieran-Test:PersistentLevel.Kieran-Test'
[2016.02.07-21.09.09:134][ 52]LogBlueprintUserMessages: Early EndPlayMap Detection: Level '/Game/Levels/Kieran-Test.Kieran-Test:PersistentLevel' has LevelScriptBlueprint '/Game/Levels/Kieran-Test.Kieran-Test:PersistentLevel.Kieran-Test' with GeneratedClass '/Game/Levels/Kieran-Test.Kieran-Test_C' with ClassGeneratedBy '/Game/Levels/Kieran-Test.Kieran-Test:PersistentLevel.Kieran-Test'
[2016.02.07-21.09.09:169][ 52]LogBlueprintUserMessages: Late EndPlayMap Detection: Level '/Game/Levels/Kieran-Test.Kieran-Test:PersistentLevel' has LevelScriptBlueprint '/Game/Levels/Kieran-Test.Kieran-Test:PersistentLevel.Kieran-Test' with GeneratedClass '/Game/Levels/Kieran-Test.Kieran-Test_C' with ClassGeneratedBy '/Game/Levels/Kieran-Test.Kieran-Test:PersistentLevel.Kieran-Test'
[2016.02.07-21.09.09:217][ 53]LogParticles: Destroying 0 GPU particle simulations for FXSystem 0x000001D30E4F7A60
[2016.02.07-21.09.34:834][231]LogSavePackage: Save=228.198959ms
[2016.02.07-21.09.34:834][231]LogSavePackage: Moving 'D:/Games Development/IP3 project/Anthrocratos/Anthrocratos_UE4/Saved/Kieran-Test_Auto157B08CD94ECF95556DBB93BD51CD4BE5.tmp' to 'D:/Games Development/IP3 project/Anthrocratos/Anthrocratos_UE4/Saved/Autosaves/Game/Levels/Kieran-Test_Auto1.umap'
[2016.02.07-21.09.34:835][231]LogSavePackage: Total save time: 242.542952ms
[2016.02.07-21.09.34:835][231]LogSavePackage:Display: Finished SavePackage D:/Games Development/IP3 project/Anthrocratos/Anthrocratos_UE4/Saved/Autosaves/Game/Levels/Kieran-Test_Auto1.umap
[2016.02.07-21.09.34:839][231]LogFileHelpers: Editor autosave (incl. sublevels) for '/Game/Levels/Kieran-Test' took 0.285
[2016.02.07-21.09.34:839][231]LogFileHelpers: Editor autosave (incl. sublevels) for all levels took 0.285
[2016.02.07-21.10.11:867][343]LogEditorViewport: Clicking Background
[2016.02.07-21.10.32:278][333]Cmd: OBJ SAVEPACKAGE PACKAGE="/Game/Levels/Kieran-Test" FILE="D:/Games Development/IP3 project/Anthrocratos/Anthrocratos_UE4/Content/Levels/Kieran-Test.umap" SILENT=true AUTOSAVING=false KEEPDIRTY=false
[2016.02.07-21.10.32:534][333]LogSavePackage: Save=220.722946ms
[2016.02.07-21.10.32:534][333]LogSavePackage: Moving 'D:/Games Development/IP3 project/Anthrocratos/Anthrocratos_UE4/Saved/Kieran-Test49DA60BD4FD9BF1E5ADD5683A3A3C0BA.tmp' to 'D:/Games Development/IP3 project/Anthrocratos/Anthrocratos_UE4/Content/Levels/Kieran-Test.umap'
[2016.02.07-21.10.32:537][333]LogSavePackage: Total save time: 226.851493ms
[2016.02.07-21.10.32:537][333]LogSavePackage:Display: Finished SavePackage D:/Games Development/IP3 project/Anthrocratos/Anthrocratos_UE4/Content/Levels/Kieran-Test.umap
[2016.02.07-21.10.32:568][333]LogFileHelpers: Saving map 'Kieran-Test' took 0.368
[2016.02.07-21.10.32:575][333]Cmd: MAP LOAD FILE="../../../Engine/Content/Maps/Templates/Template_Default.umap" TEMPLATE=1 SHOWPROGRESS=1 FEATURELEVEL=3
[2016.02.07-21.10.32:600][333]LightingResults: New page: Lighting Build
[2016.02.07-21.10.32:625][333]LoadErrors: New page: Loading map: Template_Default.umap
[2016.02.07-21.10.32:626][333]MapCheck: New page: Map Check
[2016.02.07-21.10.32:626][333]LightingResults: New page: Lighting Build
[2016.02.07-21.10.32:655][333]LogParticles: Destroying 0 GPU particle simulations for FXSystem 0x000001D34568E5C0
[2016.02.07-21.10.32:717][333]LogAIModule: Creating AISystem for world Untitled_1
[2016.02.07-21.10.32:723][333]LogEditorServer: Finished looking for orphan Actors (0.000 secs)
[2016.02.07-21.10.32:736][333]Cmd: MAP CHECKDEP NOCLEARLOG
[2016.02.07-21.10.32:807][333]MapCheck: Info Map check complete: 0 Error(s), 0 Warning(s), took 70.661ms to complete.
[2016.02.07-21.10.32:807][333]LogFileHelpers: Loading map 'Template_Default' took 0.234
[2016.02.07-21.10.33:958][467]LogEditorViewport: Clicking on Actor (LMB): StaticMeshActor (Floor)
[2016.02.07-21.10.35:096][583]Cmd: DELETE
[2016.02.07-21.10.35:096][583]Cmd: ACTOR DELETE
[2016.02.07-21.10.35:097][583]LogEditorActor: Deleted Actor: StaticMeshActor
[2016.02.07-21.10.35:128][583]LogEditorActor: Deleted 1 Actors (0.031 secs)
[2016.02.07-21.10.36:361][730]LogEditorViewport: Clicking on Actor (LMB): PlayerStart (Player Start)
[2016.02.07-21.14.02:088][341]LogRenderer: Reallocating scene render targets to support 1912x920 (Frame:49997).
[2016.02.07-21.17.49:907][488]LogNavigationPoint: PostEditMove Clear paths rebuilt
[2016.02.07-21.18.46:870][  1]LogEditorTransaction: Undo Translate Socket
[2016.02.07-21.18.47:550][ 36]LogEditorTransaction: Undo Translate Socket
[2016.02.07-21.18.57:098][628]Cmd: MODE GRID=0
[2016.02.07-21.18.58:317][702]Cmd: MODE GRID=1
[2016.02.07-21.19.02:890][990]LogEditorTransaction: Undo Translate Socket
[2016.02.07-21.19.05:093][108]LogEditorTransaction: Undo Translate Socket
[2016.02.07-21.21.52:487][629]LogParticles: Destroying 0 GPU particle simulations for FXSystem 0x000001D30E65F1A0
[2016.02.07-21.21.52:495][629]Cmd: OBJ SAVEPACKAGE PACKAGE="/Temp/Untitled_1" FILE="D:/Games Development/IP3 project/Anthrocratos/Anthrocratos_UE4/Saved/Autosaves/Temp/Untitled_1_Auto2.umap" SILENT=true AUTOSAVING=true KEEPDIRTY=false
[2016.02.07-21.21.52:527][629]LogSavePackage: Save=32.308949ms
[2016.02.07-21.21.52:527][629]LogSavePackage: Moving 'D:/Games Development/IP3 project/Anthrocratos/Anthrocratos_UE4/Saved/Untitled_1_Auto29F88598B44F8CCE5C3B866A3875CB529.tmp' to 'D:/Games Development/IP3 project/Anthrocratos/Anthrocratos_UE4/Saved/Autosaves/Temp/Untitled_1_Auto2.umap'
[2016.02.07-21.21.52:528][629]LogSavePackage: Total save time: 33.457953ms
[2016.02.07-21.21.52:528][629]LogSavePackage:Display: Finished SavePackage D:/Games Development/IP3 project/Anthrocratos/Anthrocratos_UE4/Saved/Autosaves/Temp/Untitled_1_Auto2.umap
[2016.02.07-21.21.52:530][629]LogFileHelpers: Editor autosave (incl. sublevels) for '/Temp/Untitled_1' took 0.074
[2016.02.07-21.21.52:530][629]LogFileHelpers: Editor autosave (incl. sublevels) for all levels took 0.074
[2016.02.07-21.21.52:536][629]OBJ SavePackage: Generating thumbnails for [1] asset(s) in package [/Game/Art/Models/test_tree] ([1] browsable assets)...
[2016.02.07-21.21.52:572][629]OBJ SavePackage:     Rendered thumbnail for [StaticMesh /Game/Art/Models/test_tree.test_tree]
[2016.02.07-21.21.52:572][629]OBJ SavePackage: Finished generating thumbnails for package [/Game/Art/Models/test_tree]
[2016.02.07-21.21.52:598][629]LogSavePackage: Save=17.642740ms
[2016.02.07-21.21.52:598][629]LogSavePackage: Moving 'D:/Games Development/IP3 project/Anthrocratos/Anthrocratos_UE4/Saved/test_tree_Auto29BA9F3F1488A431858EA32BE3C16E3D0.tmp' to 'D:/Games Development/IP3 project/Anthrocratos/Anthrocratos_UE4/Saved/Autosaves/Game/Art/Models/test_tree_Auto2.uasset'
[2016.02.07-21.21.52:599][629]LogSavePackage: Total save time: 25.206871ms
[2016.02.07-21.21.52:599][629]LogSavePackage:Display: Finished SavePackage D:/Games Development/IP3 project/Anthrocratos/Anthrocratos_UE4/Saved/Autosaves/Game/Art/Models/test_tree_Auto2.uasset
[2016.02.07-21.21.52:599][629]LogFileHelpers: Auto-saving content packages took 0.067
[2016.02.07-21.24.44:700][555]Cmd: OBJ SAVEPACKAGE PACKAGE="/Game/Art/Models/test_tree" FILE="D:/Games Development/IP3 project/Anthrocratos/Anthrocratos_UE4/Content/Art/Models/test_tree.uasset" SILENT=true
[2016.02.07-21.24.44:719][555]LogSavePackage: Save=15.888773ms
[2016.02.07-21.24.44:719][555]LogSavePackage: Moving 'D:/Games Development/IP3 project/Anthrocratos/Anthrocratos_UE4/Saved/test_treeA75FE7E042AF69A339486098047A01C7.tmp' to 'D:/Games Development/IP3 project/Anthrocratos/Anthrocratos_UE4/Content/Art/Models/test_tree.uasset'
[2016.02.07-21.24.44:723][555]LogSavePackage: Total save time: 22.253707ms
[2016.02.07-21.24.44:723][555]LogSavePackage:Display: Finished SavePackage D:/Games Development/IP3 project/Anthrocratos/Anthrocratos_UE4/Content/Art/Models/test_tree.uasset
[2016.02.07-21.25.06:978][824]LogEditorViewport: Clicking on Actor (LMB): BP_Sky_Sphere_C (Sky Sphere)
[2016.02.07-21.31.53:406][162]LogParticles: Destroying 0 GPU particle simulations for FXSystem 0x000001D30EBD0A40
[2016.02.07-21.31.53:411][162]LogParticles: Destroying 0 GPU particle simulations for FXSystem 0x000001D33CFA4680
[2016.02.07-21.31.53:425][162]Cmd: OBJ SAVEPACKAGE PACKAGE="/Temp/Untitled_1" FILE="D:/Games Development/IP3 project/Anthrocratos/Anthrocratos_UE4/Saved/Autosaves/Temp/Untitled_1_Auto3.umap" SILENT=true AUTOSAVING=true KEEPDIRTY=false
[2016.02.07-21.31.53:462][162]LogSavePackage: Save=36.050591ms
[2016.02.07-21.31.53:462][162]LogSavePackage: Moving 'D:/Games Development/IP3 project/Anthrocratos/Anthrocratos_UE4/Saved/Untitled_1_Auto33AFC19E54F02E81F834709A06DB38A87.tmp' to 'D:/Games Development/IP3 project/Anthrocratos/Anthrocratos_UE4/Saved/Autosaves/Temp/Untitled_1_Auto3.umap'
[2016.02.07-21.31.53:463][162]LogSavePackage: Total save time: 37.683491ms
[2016.02.07-21.31.53:463][162]LogSavePackage:Display: Finished SavePackage D:/Games Development/IP3 project/Anthrocratos/Anthrocratos_UE4/Saved/Autosaves/Temp/Untitled_1_Auto3.umap
[2016.02.07-21.31.53:465][162]LogFileHelpers: Editor autosave (incl. sublevels) for '/Temp/Untitled_1' took 0.170
[2016.02.07-21.31.53:465][162]LogFileHelpers: Editor autosave (incl. sublevels) for all levels took 0.170
[2016.02.07-21.33.05:861][380]AssetReimport: New page: Outstanding source content changes 21:33:05
[2016.02.07-21.33.05:865][380]LogFactory: FactoryCreateBinary: StaticMesh with FbxFactory (0 0 D:/Games Development/IP3 project/Anthrocratos/Anthrocratos_UE4/Content/Art/Models/TestTile.FBX)
[2016.02.07-21.33.05:935][380]LogFbx: ItemName: GlobalSettings, ItemCount : 1
[2016.02.07-21.33.05:935][380]LogFbx: ItemName: AnimationStack, ItemCount : 1
[2016.02.07-21.33.05:935][380]LogFbx: ItemName: AnimationLayer, ItemCount : 1
[2016.02.07-21.33.05:935][380]LogFbx: ItemName: Model, ItemCount : 1
[2016.02.07-21.33.05:935][380]LogFbx: ItemName: Geometry, ItemCount : 1
[2016.02.07-21.33.06:032][380]LogFbx: Loading FBX Scene from D:/Games Development/IP3 project/Anthrocratos/Anthrocratos_UE4/Content/Art/Models/TestTile.FBX
[2016.02.07-21.33.06:144][380]LogFbx: FBX Scene Loaded Succesfully
[2016.02.07-21.34.24:502][380]LogFbx: Loading FBX Scene from D:/Games Development/IP3 project/Anthrocratos/Anthrocratos_UE4/Content/Art/Models/TestTile.FBX
[2016.02.07-21.34.24:602][380]LogFbx: FBX Scene Loaded Succesfully
[2016.02.07-21.34.24:645][380]LogStaticMesh: Building static mesh TestTile...
[2016.02.07-21.34.24:672][380]LogStaticMesh: Built static mesh [0.026920.2s] /Game/Art/Models/TestTile.TestTile
[2016.02.07-21.34.24:782][381]Cmd: OBJ SAVEPACKAGE PACKAGE="/Game/Art/Models/TestTile" FILE="D:/Games Development/IP3 project/Anthrocratos/Anthrocratos_UE4/Content/Art/Models/TestTile.uasset" SILENT=true
[2016.02.07-21.34.24:801][381]LogSavePackage: Save=17.271105ms
[2016.02.07-21.34.24:801][381]LogSavePackage: Moving 'D:/Games Development/IP3 project/Anthrocratos/Anthrocratos_UE4/Saved/TestTile40DD0DC7498FCE08141577A1EF0EFA23.tmp' to 'D:/Games Development/IP3 project/Anthrocratos/Anthrocratos_UE4/Content/Art/Models/TestTile.uasset'
[2016.02.07-21.34.24:803][381]LogSavePackage: Total save time: 19.316636ms
[2016.02.07-21.34.24:803][381]LogSavePackage:Display: Finished SavePackage D:/Games Development/IP3 project/Anthrocratos/Anthrocratos_UE4/Content/Art/Models/TestTile.uasset
[2016.02.07-21.34.27:812][645]AssetReimport: Info Importing new asset /Game/Art/Models/TestTile.
[2016.02.07-21.34.27:820][646]AssetReimport: New page: Outstanding source content changes 21:34:27
[2016.02.07-21.34.27:823][646]LogEditorFactories: Performing atomic reimport of [D:/Games Development/IP3 project/Anthrocratos/Anthrocratos_UE4/Content/Art/Models/TestTile.FBX]
[2016.02.07-21.34.27:919][646]LogFbx: Loading FBX Scene from D:/Games Development/IP3 project/Anthrocratos/Anthrocratos_UE4/Content/Art/Models/TestTile.FBX
[2016.02.07-21.34.28:019][646]LogFbx: FBX Scene Loaded Succesfully
[2016.02.07-21.34.28:058][646]LogStaticMesh: Building static mesh TestTile...
[2016.02.07-21.34.28:079][646]LogStaticMesh: Built static mesh [0.021473.2s] /Game/Art/Models/TestTile.TestTile
[2016.02.07-21.34.28:085][646]LogEditorFactories: -- imported successfully
[2016.02.07-21.34.28:145][647]Cmd: OBJ SAVEPACKAGE PACKAGE="/Game/Art/Models/TestTile" FILE="D:/Games Development/IP3 project/Anthrocratos/Anthrocratos_UE4/Content/Art/Models/TestTile.uasset" SILENT=true
[2016.02.07-21.34.28:170][647]LogSavePackage: Save=16.386076ms
[2016.02.07-21.34.28:170][647]LogSavePackage: Moving 'D:/Games Development/IP3 project/Anthrocratos/Anthrocratos_UE4/Saved/TestTileFE15E0C148C86D95D91E70946BE32FC7.tmp' to 'D:/Games Development/IP3 project/Anthrocratos/Anthrocratos_UE4/Content/Art/Models/TestTile.uasset'
[2016.02.07-21.34.28:172][647]LogSavePackage: Total save time: 25.600344ms
[2016.02.07-21.34.28:172][647]LogSavePackage:Display: Finished SavePackage D:/Games Development/IP3 project/Anthrocratos/Anthrocratos_UE4/Content/Art/Models/TestTile.uasset
[2016.02.07-21.34.31:182][933]AssetReimport: Info Reimported asset TestTile from D:/Games Development/IP3 project/Anthrocratos/Anthrocratos_UE4/Content/Art/Models/TestTile.FBX.
[2016.02.07-21.35.35:119][371]LogEditorTransaction: Undo Rotate Collision
[2016.02.07-21.35.35:527][393]LogEditorTransaction: Undo Edit Customized Collision
[2016.02.07-21.35.35:797][407]LogEditorTransaction: Undo Edit Auto Generate Collision
[2016.02.07-21.35.36:007][419]LogEditorTransaction: Undo Edit Auto Generate Collision
[2016.02.07-21.35.36:168][428]LogEditorTransaction: Undo Move Actors
[2016.02.07-21.35.36:350][438]LogEditorTransaction: Undo Clicking on Actors
[2016.02.07-21.35.36:535][452]LogEditorTransaction: Undo Clicking on Actors
[2016.02.07-21.35.36:735][462]LogEditorTransaction: Undo Clicking on Actors
[2016.02.07-21.35.36:910][471]LogEditorTransaction: Undo Clicking on Actors
[2016.02.07-21.35.37:102][483]LogEditorTransaction: Undo Clicking on Actors
[2016.02.07-21.35.37:285][494]LogEditorTransaction: Undo Clicking on Actors
[2016.02.07-21.35.37:479][506]LogEditorTransaction: Undo Delete Socket
[2016.02.07-21.35.37:676][517]LogEditorTransaction: Undo Delete Socket
[2016.02.07-21.35.42:350][958]LogEditorFactories: Performing atomic reimport of [D:/Games Development/IP3 project/Anthrocratos/Anthrocratos_UE4/Content/Art/Models/TestTile.FBX]
[2016.02.07-21.35.42:440][958]LogFbx: Loading FBX Scene from D:/Games Development/IP3 project/Anthrocratos/Anthrocratos_UE4/Content/Art/Models/TestTile.FBX
[2016.02.07-21.35.42:539][958]LogFbx: FBX Scene Loaded Succesfully
[2016.02.07-21.35.42:570][958]LogFbx:Warning: Warning Warning: No smoothing group information was found in this FBX scene.  Please make sure to enable the 'Export Smoothing Groups' option in the FBX Exporter plug-in before exporting the file.  Even for tools that don't support smoothing groups, the FBX Exporter will generate appropriate smoothing data at export-time so that correct vertex normals can be inferred while importing.
[2016.02.07-21.35.42:578][958]LogStaticMesh: Building static mesh TestTile...
[2016.02.07-21.35.42:598][958]LogStaticMesh: Built static mesh [0.020133.2s] /Game/Art/Models/TestTile.TestTile
[2016.02.07-21.35.42:603][958]LogEditorFactories: -- imported successfully
[2016.02.07-21.36.30:316][578]Cmd: OBJ SAVEPACKAGE PACKAGE="/Game/Art/Models/TestTile" FILE="D:/Games Development/IP3 project/Anthrocratos/Anthrocratos_UE4/Content/Art/Models/TestTile.uasset" SILENT=true
[2016.02.07-21.36.30:337][578]LogSavePackage: Save=16.080721ms
[2016.02.07-21.36.30:337][578]LogSavePackage: Moving 'D:/Games Development/IP3 project/Anthrocratos/Anthrocratos_UE4/Saved/TestTile1F7F0A084D9978684D5E31BD35BBB0F9.tmp' to 'D:/Games Development/IP3 project/Anthrocratos/Anthrocratos_UE4/Content/Art/Models/TestTile.uasset'
[2016.02.07-21.36.30:339][578]LogSavePackage: Total save time: 20.605102ms
[2016.02.07-21.36.30:339][578]LogSavePackage:Display: Finished SavePackage D:/Games Development/IP3 project/Anthrocratos/Anthrocratos_UE4/Content/Art/Models/TestTile.uasset
[2016.02.07-21.38.05:292][143]LogParticles: Destroying 0 GPU particle simulations for FXSystem 0x000001D30F956CA0
[2016.02.07-21.38.05:293][143]LogParticles: Destroying 0 GPU particle simulations for FXSystem 0x000001D30EBF7B00
[2016.02.07-21.38.05:294][143]LogParticles: Destroying 0 GPU particle simulations for FXSystem 0x000001D31683E660
[2016.02.07-21.38.06:923][143]Cmd: OBJ SAVEPACKAGE PACKAGE="/Game/Art/Models/test_tree" FILE="D:/Games Development/IP3 project/Anthrocratos/Anthrocratos_UE4/Content/Art/Models/test_tree.uasset" SILENT=true
[2016.02.07-21.38.06:948][143]LogSavePackage: Save=16.283779ms
[2016.02.07-21.38.06:949][143]LogSavePackage: Moving 'D:/Games Development/IP3 project/Anthrocratos/Anthrocratos_UE4/Saved/test_tree9FA9ECB8457752143EEA6EA0202AAE5C.tmp' to 'D:/Games Development/IP3 project/Anthrocratos/Anthrocratos_UE4/Content/Art/Models/test_tree.uasset'
[2016.02.07-21.38.06:950][143]LogSavePackage: Total save time: 25.961637ms
[2016.02.07-21.38.06:950][143]LogSavePackage:Display: Finished SavePackage D:/Games Development/IP3 project/Anthrocratos/Anthrocratos_UE4/Content/Art/Models/test_tree.uasset
[2016.02.07-21.38.26:925][143]Cmd: OBJ SAVEPACKAGE PACKAGE="/Game/Levels/Kieran-Test2" FILE="D:/Games Development/IP3 project/Anthrocratos/Anthrocratos_UE4/Content/Levels/Kieran-Test2.umap" SILENT=true AUTOSAVING=false KEEPDIRTY=false
[2016.02.07-21.38.26:989][143]LogSavePackage: Save=29.541601ms
[2016.02.07-21.38.26:990][143]LogSavePackage: Moving 'D:/Games Development/IP3 project/Anthrocratos/Anthrocratos_UE4/Saved/Kieran-Test2D85492B14C3170D9BE9002B4CB3AF826.tmp' to 'D:/Games Development/IP3 project/Anthrocratos/Anthrocratos_UE4/Content/Levels/Kieran-Test2.umap'
[2016.02.07-21.38.26:991][143]LogSavePackage: Total save time: 31.671800ms
[2016.02.07-21.38.26:991][143]LogSavePackage:Display: Finished SavePackage D:/Games Development/IP3 project/Anthrocratos/Anthrocratos_UE4/Content/Levels/Kieran-Test2.umap
[2016.02.07-21.38.27:032][143]LogFileHelpers: Saving map 'Kieran-Test2' took 0.621
[2016.02.07-21.38.27:408][144]Cmd: QUIT_EDITOR
[2016.02.07-21.38.28:216][144]LogWindowsTextInputMethodSystem:Display: IME system now deactivated.
[2016.02.07-21.38.28:218][144]LogWindowsTextInputMethodSystem:Display: IME system now deactivated.
[2016.02.07-21.38.28:306][144]LogExit: Preparing to exit.
[2016.02.07-21.38.29:448][144]LogExit: Editor shut down
[2016.02.07-21.38.29:449][144]LogExit: Transaction tracking system shut down
[2016.02.07-21.38.29:451][144]LogParticles: Destroying 0 GPU particle simulations for FXSystem 0x000001D361A7EB60
[2016.02.07-21.38.29:452][144]LogParticles: Destroying 0 GPU particle simulations for FXSystem 0x000001D36195F100
[2016.02.07-21.38.29:452][144]LogParticles: Destroying 0 GPU particle simulations for FXSystem 0x000001D3617C2520
[2016.02.07-21.38.29:456][144]LogParticles: Destroying 0 GPU particle simulations for FXSystem 0x000001D316B8F100
[2016.02.07-21.38.29:467][144]LogParticles: Destroying 0 GPU particle simulations for FXSystem 0x000001D3619E85E0
[2016.02.07-21.38.29:857][144]LogExit: Object subsystem successfully closed.
[2016.02.07-21.38.29:896][144]LogD3D11RHI: Shutdown
[2016.02.07-21.38.29:896][144]LogD3D11RHI: CleanupD3DDevice
[2016.02.07-21.38.30:000][144]LogD3D11RHI: ~FD3D11DynamicRHI
[2016.02.07-21.38.30:029][144]LogModuleManager: Shutting down and abandoning module StaticMeshEditor (203)
[2016.02.07-21.38.30:029][144]LogModuleManager: Shutting down and abandoning module NewLevelDialog (202)
[2016.02.07-21.38.30:029][144]LogModuleManager: Shutting down and abandoning module CookingStats (201)
[2016.02.07-21.38.30:029][144]LogModuleManager: Shutting down and abandoning module BlueprintGraph (200)
[2016.02.07-21.38.30:029][144]LogModuleManager: Shutting down and abandoning module CrashTracker (199)
[2016.02.07-21.38.30:029][144]LogModuleManager: Shutting down and abandoning module SceneOutliner (198)
[2016.02.07-21.38.30:029][144]LogModuleManager: Shutting down and abandoning module SuperSearch (197)
[2016.02.07-21.38.30:029][144]LogModuleManager: Shutting down and abandoning module WidgetCarousel (196)
[2016.02.07-21.38.30:030][144]LogModuleManager: Shutting down and abandoning module AddContentDialog (195)
[2016.02.07-21.38.30:039][144]LogModuleManager: Shutting down and abandoning module EditorWidgets (194)
[2016.02.07-21.38.30:039][144]LogModuleManager: Shutting down and abandoning module CollectionManager (193)
[2016.02.07-21.38.30:039][144]LogModuleManager: Shutting down and abandoning module StatsViewer (192)
[2016.02.07-21.38.30:040][144]LogModuleManager: Shutting down and abandoning module FoliageEdit (191)
[2016.02.07-21.38.30:040][144]LogModuleManager: Shutting down and abandoning module LandscapeEditor (190)
[2016.02.07-21.38.30:040][144]LogModuleManager: Shutting down and abandoning module ActorPickerMode (189)
[2016.02.07-21.38.30:040][144]LogModuleManager: Shutting down and abandoning module GeometryMode (188)
[2016.02.07-21.38.30:040][144]LogModuleManager: Shutting down and abandoning module TextureAlignMode (187)
[2016.02.07-21.38.30:040][144]LogModuleManager: Shutting down and abandoning module BspMode (186)
[2016.02.07-21.38.30:040][144]LogModuleManager: Shutting down and abandoning module PlacementMode (185)
[2016.02.07-21.38.30:040][144]LogModuleManager: Shutting down and abandoning module AutomationWorker (184)
[2016.02.07-21.38.30:040][144]LogModuleManager: Shutting down and abandoning module CharacterAI (183)
[2016.02.07-21.38.30:040][144]LogModuleManager: Shutting down and abandoning module SmartSnapping (182)
[2016.02.07-21.38.30:040][144]LogModuleManager: Shutting down and abandoning module ViewportSnapping (181)
[2016.02.07-21.38.30:040][144]LogModuleManager: Shutting down and abandoning module LogVisualizer (180)
[2016.02.07-21.38.30:041][144]LogModuleManager: Shutting down and abandoning module GameProjectGeneration (179)
[2016.02.07-21.38.30:042][144]LogModuleManager: Shutting down and abandoning module IntroTutorials (178)
[2016.02.07-21.38.30:042][144]LogModuleManager: Shutting down and abandoning module EditorLiveStreaming (177)
[2016.02.07-21.38.30:042][144]LogModuleManager: Shutting down and abandoning module IOSPlatformEditor (176)
[2016.02.07-21.38.30:042][144]LogModuleManager: Shutting down and abandoning module HTML5PlatformEditor (175)
[2016.02.07-21.38.30:042][144]LogModuleManager: Shutting down and abandoning module AndroidDeviceDetection (174)
[2016.02.07-21.38.30:654][144]LogModuleManager: Shutting down and abandoning module AndroidPlatformEditor (173)
[2016.02.07-21.38.30:654][144]LogModuleManager: Shutting down and abandoning module IOSRuntimeSettings (172)
[2016.02.07-21.38.30:654][144]LogModuleManager: Shutting down and abandoning module AndroidRuntimeSettings (171)
[2016.02.07-21.38.30:654][144]LogModuleManager: Shutting down and abandoning module MergeActors (170)
[2016.02.07-21.38.30:654][144]LogModuleManager: Shutting down and abandoning module SizeMap (169)
[2016.02.07-21.38.30:654][144]LogModuleManager: Shutting down and abandoning module TreeMap (168)
[2016.02.07-21.38.30:654][144]LogModuleManager: Shutting down and abandoning module ReferenceViewer (167)
[2016.02.07-21.38.30:654][144]LogModuleManager: Shutting down and abandoning module LocalizationService (166)
[2016.02.07-21.38.30:654][144]LogModuleManager: Shutting down and abandoning module LocalizationDashboard (165)
[2016.02.07-21.38.30:654][144]LogModuleManager: Shutting down and abandoning module HardwareTargeting (164)
[2016.02.07-21.38.30:655][144]LogModuleManager: Shutting down and abandoning module DeviceProfileEditor (163)
[2016.02.07-21.38.30:655][144]LogModuleManager: Shutting down and abandoning module UndoHistory (162)
[2016.02.07-21.38.30:655][144]LogModuleManager: Shutting down and abandoning module GameplayTagsEditor (161)
[2016.02.07-21.38.30:655][144]LogModuleManager: Shutting down and abandoning module UserFeedback (160)
[2016.02.07-21.38.30:655][144]LogModuleManager: Shutting down and abandoning module XmlParser (159)
[2016.02.07-21.38.30:655][144]LogModuleManager: Shutting down and abandoning module Blutility (158)
[2016.02.07-21.38.30:655][144]LogModuleManager: Shutting down and abandoning module ProjectTargetPlatformEditor (157)
[2016.02.07-21.38.30:655][144]LogModuleManager: Shutting down and abandoning module ProjectSettingsViewer (156)
[2016.02.07-21.38.30:655][144]LogModuleManager: Shutting down and abandoning module InputBindingEditor (155)
[2016.02.07-21.38.30:656][144]LogModuleManager: Shutting down and abandoning module EditorSettingsViewer (154)
[2016.02.07-21.38.30:656][144]LogModuleManager: Shutting down and abandoning module SettingsEditor (153)
[2016.02.07-21.38.30:656][144]LogModuleManager: Shutting down and abandoning module ProjectLauncher (152)
[2016.02.07-21.38.30:656][144]LogModuleManager: Shutting down and abandoning module SessionFrontend (151)
[2016.02.07-21.38.30:656][144]LogModuleManager: Shutting down and abandoning module ProfilerClient (150)
[2016.02.07-21.38.30:656][144]LogModuleManager: Shutting down and abandoning module TargetDeviceServices (149)
[2016.02.07-21.38.30:656][144]LogModuleManager: Shutting down and abandoning module DeviceManager (148)
[2016.02.07-21.38.30:656][144]LogModuleManager: Shutting down and abandoning module AutomationController (147)
[2016.02.07-21.38.30:656][144]LogModuleManager: Shutting down and abandoning module AutomationWindow (146)
[2016.02.07-21.38.30:656][144]LogModuleManager: Shutting down and abandoning module Layers (145)
[2016.02.07-21.38.30:656][144]LogModuleManager: Shutting down and abandoning module ComponentVisualizers (144)
[2016.02.07-21.38.30:656][144]LogModuleManager: Shutting down and abandoning module DetailCustomizations (143)
[2016.02.07-21.38.30:657][144]LogModuleManager: Shutting down and abandoning module PackagesDialog (142)
[2016.02.07-21.38.30:657][144]LogModuleManager: Shutting down and abandoning module Persona (141)
[2016.02.07-21.38.30:657][144]LogModuleManager: Shutting down and abandoning module Kismet (140)
[2016.02.07-21.38.30:657][144]LogModuleManager: Shutting down and abandoning module GraphEditor (139)
[2016.02.07-21.38.30:658][144]LogModuleManager: Shutting down and abandoning module ClassViewer (138)
[2016.02.07-21.38.30:658][144]LogModuleManager: Shutting down and abandoning module Toolbox (137)
[2016.02.07-21.38.30:658][144]LogModuleManager: Shutting down and abandoning module ModuleUI (136)
[2016.02.07-21.38.30:658][144]LogModuleManager: Shutting down and abandoning module MovieSceneTools (135)
[2016.02.07-21.38.30:658][144]LogModuleManager: Shutting down and abandoning module OutputLog (134)
[2016.02.07-21.38.30:658][144]LogModuleManager: Shutting down and abandoning module GammaUI (133)
[2016.02.07-21.38.30:658][144]LogModuleManager: Shutting down and abandoning module Documentation (132)
[2016.02.07-21.38.30:660][144]LogModuleManager: Shutting down and abandoning module GameLiveStreaming (131)
[2016.02.07-21.38.30:660][144]LogModuleManager: Shutting down and abandoning module StreamingPauseRendering (130)
[2016.02.07-21.38.30:660][144]LogModuleManager: Shutting down and abandoning module AnalyticsET (129)
[2016.02.07-21.38.30:660][144]LogModuleManager: Shutting down and abandoning module Analytics (128)
[2016.02.07-21.38.30:661][144]LogModuleManager: Shutting down and abandoning module AITestSuite (127)
[2016.02.07-21.38.30:661][144]LogModuleManager: Shutting down and abandoning module GameplayDebugger (126)
[2016.02.07-21.38.30:661][144]LogModuleManager: Shutting down and abandoning module AIModule (125)
[2016.02.07-21.38.30:661][144]LogModuleManager: Shutting down and abandoning module ProfilerService (124)
[2016.02.07-21.38.30:816][144]LogModuleManager: Shutting down and abandoning module TaskGraph (123)
[2016.02.07-21.38.30:816][144]LogModuleManager: Shutting down and abandoning module SlateRemote (122)
[2016.02.07-21.38.30:816][144]LogModuleManager: Shutting down and abandoning module SteamVRController (121)
[2016.02.07-21.38.30:816][144]LogModuleManager: Shutting down and abandoning module SteamVR (120)
[2016.02.07-21.38.30:816][144]LogModuleManager: Shutting down and abandoning module ProceduralMeshComponent (119)
[2016.02.07-21.38.30:816][144]LogModuleManager: Shutting down and abandoning module OculusLibrary (118)
[2016.02.07-21.38.30:816][144]LogModuleManager: Shutting down and abandoning module OculusInput (117)
[2016.02.07-21.38.30:816][144]LogModuleManager: Shutting down and abandoning module LeapMotionController (116)
[2016.02.07-21.38.30:837][144]LogModuleManager: Shutting down and abandoning module CustomMeshComponent (115)
[2016.02.07-21.38.30:837][144]LogModuleManager: Shutting down and abandoning module CableComponent (114)
[2016.02.07-21.38.30:837][144]LogModuleManager: Shutting down and abandoning module ArchVisCharacter (113)
[2016.02.07-21.38.30:837][144]LogModuleManager: Shutting down and abandoning module MessagingDebugger (112)
[2016.02.07-21.38.30:838][144]LogModuleManager: Shutting down and abandoning module MediaPlayerEditor (111)
[2016.02.07-21.38.30:838][144]LogModuleManager: Shutting down and abandoning module HTML5Networking (110)
[2016.02.07-21.38.30:838][144]LogModuleManager: Shutting down and abandoning module SpeedTreeImporter (109)
[2016.02.07-21.38.30:838][144]LogModuleManager: Shutting down and abandoning module PluginBrowser (108)
[2016.02.07-21.38.30:838][144]LogModuleManager: Shutting down and abandoning module EpicSurvey (107)
[2016.02.07-21.38.30:838][144]LogModuleManager: Shutting down and abandoning module DesktopPlatform (106)
[2016.02.07-21.38.30:839][144]LogModuleManager: Shutting down and abandoning module VisualStudioSourceCodeAccess (105)
[2016.02.07-21.38.30:839][144]LogModuleManager: Shutting down and abandoning module UObjectPlugin (104)
[2016.02.07-21.38.30:839][144]LogModuleManager: Shutting down and abandoning module SubversionSourceControl (103)
[2016.02.07-21.38.30:839][144]LogModuleManager: Shutting down and abandoning module PerforceSourceControl (102)
[2016.02.07-21.38.30:839][144]LogModuleManager: Shutting down and abandoning module SourceControl (101)
[2016.02.07-21.38.30:840][144]LogModuleManager: Shutting down and abandoning module GitSourceControl (100)
[2016.02.07-21.38.30:840][144]LogModuleManager: Shutting down and abandoning module LightPropagationVolumeEditor (99)
[2016.02.07-21.38.30:840][144]LogModuleManager: Shutting down and abandoning module PaperTiledImporter (98)
[2016.02.07-21.38.30:840][144]LogModuleManager: Shutting down and abandoning module PaperSpriteSheetImporter (97)
[2016.02.07-21.38.30:840][144]LogModuleManager: Shutting down and abandoning module MeshPaint (96)
[2016.02.07-21.38.30:840][144]LogModuleManager: Shutting down and abandoning module SlateReflector (95)
[2016.02.07-21.38.30:840][144]LogModuleManager: Shutting down and abandoning module HotReload (94)
[2016.02.07-21.38.30:840][144]LogModuleManager: Shutting down and abandoning module MainFrame (93)
[2016.02.07-21.38.30:840][144]LogModuleManager: Shutting down and abandoning module LevelEditor (92)
[2016.02.07-21.38.30:842][144]LogModuleManager: Shutting down and abandoning module DirectoryWatcher (91)
[2016.02.07-21.38.30:849][144]LogModuleManager: Shutting down and abandoning module AssetRegistry (90)
[2016.02.07-21.38.31:049][144]LogModuleManager: Shutting down and abandoning module ContentBrowser (89)
[2016.02.07-21.38.31:050][144]LogModuleManager: Shutting down and abandoning module Paper2DEditor (88)
[2016.02.07-21.38.31:051][144]LogModuleManager: Shutting down and abandoning module Anthrocratos_UE4 (87)
[2016.02.07-21.38.31:051][144]LogModuleManager: Shutting down and abandoning module UdpMessaging (86)
[2016.02.07-21.38.31:151][144]LogModuleManager: Shutting down and abandoning module LightPropagationVolumeRuntime (85)
[2016.02.07-21.38.31:151][144]LogModuleManager: Shutting down and abandoning module Paper2D (84)
[2016.02.07-21.38.31:151][144]LogModuleManager: Shutting down and abandoning module WindowsMoviePlayer (83)
[2016.02.07-21.38.31:156][144]LogModuleManager: Shutting down and abandoning module Media (82)
[2016.02.07-21.38.31:156][144]LogModuleManager: Shutting down and abandoning module WmfMedia (81)
[2016.02.07-21.38.31:156][144]LogModuleManager: Shutting down and abandoning module OnlineBlueprintSupport (80)
[2016.02.07-21.38.31:156][144]LogModuleManager: Shutting down and abandoning module GameplayTasksEditor (79)
[2016.02.07-21.38.31:156][144]LogModuleManager: Shutting down and abandoning module PropertyEditor (78)
[2016.02.07-21.38.31:156][144]LogModuleManager: Shutting down and abandoning module BehaviorTreeEditor (77)
[2016.02.07-21.38.31:156][144]LogModuleManager: Shutting down and abandoning module FunctionalTesting (76)
[2016.02.07-21.38.31:156][144]LogModuleManager: Shutting down and abandoning module CollisionAnalyzer (75)
[2016.02.07-21.38.31:156][144]LogModuleManager: Shutting down and abandoning module WorkspaceMenuStructure (74)
[2016.02.07-21.38.31:156][144]LogModuleManager: Shutting down and abandoning module MessageLog (73)
[2016.02.07-21.38.31:156][144]LogModuleManager: Shutting down and abandoning module Sequencer (72)
[2016.02.07-21.38.31:157][144]LogModuleManager: Shutting down and abandoning module AssetTools (71)
[2016.02.07-21.38.31:157][144]LogModuleManager: Shutting down and abandoning module UMGEditor (70)
[2016.02.07-21.38.31:157][144]LogModuleManager: Shutting down and abandoning module UMG (69)
[2016.02.07-21.38.31:158][144]LogModuleManager: Shutting down and abandoning module Slate (68)
[2016.02.07-21.38.31:158][144]LogModuleManager: Shutting down and abandoning module EditorStyle (67)
[2016.02.07-21.38.31:162][144]LogModuleManager: Shutting down and abandoning module SessionServices (66)
[2016.02.07-21.38.31:162][144]LogModuleManager: Shutting down and abandoning module SourceCodeAccess (65)
[2016.02.07-21.38.31:162][144]LogModuleManager: Shutting down and abandoning module HeadMountedDisplay (64)
[2016.02.07-21.38.31:162][144]LogModuleManager: Shutting down and abandoning module XAudio2 (63)
[2016.02.07-21.38.31:162][144]LogModuleManager: Shutting down and abandoning module Networking (61)
[2016.02.07-21.38.31:162][144]LogModuleManager: Shutting down and abandoning module Core (60)
[2016.02.07-21.38.31:162][144]LogModuleManager: Shutting down and abandoning module KismetCompiler (59)
[2016.02.07-21.38.31:162][144]LogModuleManager: Shutting down and abandoning module PhysXFormats (58)
[2016.02.07-21.38.31:162][144]LogModuleManager: Shutting down and abandoning module MeshUtilities (57)
[2016.02.07-21.38.31:162][144]LogModuleManager: Shutting down and abandoning module DerivedDataCache (56)
[2016.02.07-21.38.31:218][144]LogDerivedDataCache: Shutdown
[2016.02.07-21.38.31:218][144]LogModuleManager: Shutting down and abandoning module ShaderFormatOpenGL (55)
[2016.02.07-21.38.31:219][144]LogModuleManager: Shutting down and abandoning module ShaderFormatD3D (54)
[2016.02.07-21.38.31:219][144]LogModuleManager: Shutting down and abandoning module MetalShaderFormat (53)
[2016.02.07-21.38.31:219][144]LogModuleManager: Shutting down and abandoning module TextureFormatUncompressed (52)
[2016.02.07-21.38.31:219][144]LogModuleManager: Shutting down and abandoning module TextureFormatPVR (51)
[2016.02.07-21.38.31:219][144]LogModuleManager: Shutting down and abandoning module TextureFormatIntelISPCTexComp (50)
[2016.02.07-21.38.31:219][144]LogModuleManager: Shutting down and abandoning module TextureFormatDXT (49)
[2016.02.07-21.38.31:219][144]LogModuleManager: Shutting down and abandoning module ImageWrapper (48)
[2016.02.07-21.38.31:219][144]LogModuleManager: Shutting down and abandoning module TextureFormatASTC (47)
[2016.02.07-21.38.31:219][144]LogModuleManager: Shutting down and abandoning module TextureFormatAndroid (46)
[2016.02.07-21.38.31:219][144]LogModuleManager: Shutting down and abandoning module AudioFormatOpus (45)
[2016.02.07-21.38.31:219][144]LogModuleManager: Shutting down and abandoning module AudioFormatOgg (44)
[2016.02.07-21.38.31:219][144]LogModuleManager: Shutting down and abandoning module AudioFormatADPCM (43)
[2016.02.07-21.38.31:219][144]LogModuleManager: Shutting down and abandoning module LinuxTargetPlatform (42)
[2016.02.07-21.38.31:219][144]LogModuleManager: Shutting down and abandoning module LinuxServerTargetPlatform (41)
[2016.02.07-21.38.31:219][144]LogModuleManager: Shutting down and abandoning module LinuxNoEditorTargetPlatform (40)
[2016.02.07-21.38.31:219][144]LogModuleManager: Shutting down and abandoning module Messaging (39)
[2016.02.07-21.38.31:219][144]LogModuleManager: Shutting down and abandoning module IOSTargetPlatform (38)
[2016.02.07-21.38.31:219][144]LogModuleManager: Shutting down and abandoning module HTML5TargetPlatform (37)
[2016.02.07-21.38.31:219][144]LogModuleManager: Shutting down and abandoning module Android_PVRTCTargetPlatform (36)
[2016.02.07-21.38.31:219][144]LogModuleManager: Shutting down and abandoning module Android_MultiTargetPlatform (35)
[2016.02.07-21.38.31:219][144]LogModuleManager: Shutting down and abandoning module Android_ETC2TargetPlatform (34)
[2016.02.07-21.38.31:219][144]LogModuleManager: Shutting down and abandoning module Android_ETC1TargetPlatform (33)
[2016.02.07-21.38.31:219][144]LogModuleManager: Shutting down and abandoning module Android_DXTTargetPlatform (32)
[2016.02.07-21.38.31:219][144]LogModuleManager: Shutting down and abandoning module Android_ATCTargetPlatform (31)
[2016.02.07-21.38.31:219][144]LogModuleManager: Shutting down and abandoning module Android_ASTCTargetPlatform (30)
[2016.02.07-21.38.31:219][144]LogModuleManager: Shutting down and abandoning module AndroidTargetPlatform (29)
[2016.02.07-21.38.31:219][144]LogModuleManager: Shutting down and abandoning module WindowsTargetPlatform (28)
[2016.02.07-21.38.31:220][144]LogModuleManager: Shutting down and abandoning module WindowsServerTargetPlatform (27)
[2016.02.07-21.38.31:220][144]LogModuleManager: Shutting down and abandoning module WindowsNoEditorTargetPlatform (26)
[2016.02.07-21.38.31:220][144]LogModuleManager: Shutting down and abandoning module WindowsClientTargetPlatform (25)
[2016.02.07-21.38.31:220][144]LogModuleManager: Shutting down and abandoning module AllDesktopTargetPlatform (24)
[2016.02.07-21.38.31:220][144]LogModuleManager: Shutting down and abandoning module TargetPlatform (23)
[2016.02.07-21.38.31:220][144]LogModuleManager: Shutting down and abandoning module InputCore (22)
[2016.02.07-21.38.31:220][144]LogModuleManager: Shutting down and abandoning module Settings (21)
[2016.02.07-21.38.31:220][144]LogModuleManager: Shutting down and abandoning module OnlineSubsystem (19)
[2016.02.07-21.38.31:220][144]LogModuleManager: Shutting down and abandoning module HTTP (18)
[2016.02.07-21.38.33:223][144]LogModuleManager: Shutting down and abandoning module XMPP (17)
[2016.02.07-21.38.33:224][144]LogModuleManager: Shutting down and abandoning module OculusRift (16)
[2016.02.07-21.38.33:225][144]LogModuleManager: Shutting down and abandoning module ExampleDeviceProfileSelector (15)
[2016.02.07-21.38.33:225][144]LogModuleManager: Shutting down and abandoning module TextureCompressor (14)
[2016.02.07-21.38.33:226][144]LogModuleManager: Shutting down and abandoning module ShaderCore (13)
[2016.02.07-21.38.33:226][144]LogModuleManager: Shutting down and abandoning module Landscape (12)
[2016.02.07-21.38.33:226][144]LogModuleManager: Shutting down and abandoning module SlateRHIRenderer (11)
[2016.02.07-21.38.33:243][144]LogModuleManager: Shutting down and abandoning module OpenGLDrv (10)
[2016.02.07-21.38.33:244][144]LogModuleManager: Shutting down and abandoning module D3D11RHI (9)
[2016.02.07-21.38.33:244][144]LogModuleManager: Shutting down and abandoning module AnimGraphRuntime (8)
[2016.02.07-21.38.33:244][144]LogModuleManager: Shutting down and abandoning module Renderer (7)
[2016.02.07-21.38.33:244][144]LogModuleManager: Shutting down and abandoning module Engine (6)
[2016.02.07-21.38.33:244][144]LogModuleManager: Shutting down and abandoning module CoreUObject (5)
[2016.02.07-21.38.33:244][144]LogModuleManager: Shutting down and abandoning module NetworkFile (4)
[2016.02.07-21.38.33:245][144]LogModuleManager: Shutting down and abandoning module StreamingFile (3)
[2016.02.07-21.38.33:245][144]LogModuleManager: Shutting down and abandoning module SandboxFile (2)
[2016.02.07-21.38.33:246][144]LogModuleManager: Shutting down and abandoning module PakFile (1)
[2016.02.07-21.38.33:247][144]LogExit: Exiting.
[2016.02.07-21.38.33:269][144]Log file closed, 02/07/16 21:38:33
