[2016.03.01-10.52.20:981][  0]Log file open, 03/01/16 10:52:20
[2016.03.01-10.52.20:981][  0]LogInit:Display: Running engine for game: Anthrocratos_UE4
[2016.03.01-10.52.20:981][  0]LogPlatformFile: Not using cached read wrapper
[2016.03.01-10.52.20:981][  0]LogInit:Display: RandInit(1674233145) SRandInit(1674233146).
[2016.03.01-10.52.20:981][  0]LogTaskGraph: Started task graph with 4 named threads and 5 total threads.
[2016.03.01-10.52.20:981][  0]LogStats: Stats thread started at 0.063124
[2016.03.01-10.52.20:981][  0]LogInit: Version: 4.10.2-2818068+++depot+UE4-Releases+4.10
[2016.03.01-10.52.20:981][  0]LogInit: API Version: 2758231
[2016.03.01-10.52.20:981][  0]LogInit: Compiled (64-bit): Jan  6 2016 17:36:42
[2016.03.01-10.52.20:981][  0]LogInit: Compiled with Visual C++: 19.00.23026.00
[2016.03.01-10.52.20:981][  0]LogInit: Build Configuration: Development
[2016.03.01-10.52.20:981][  0]LogInit: Branch Name: ++depot+UE4-Releases+4.10
[2016.03.01-10.52.20:981][  0]LogInit: Command line:  
[2016.03.01-10.52.20:981][  0]LogInit: Base directory: C:/Program Files (x86)/Epic Games/4.10/Engine/Binaries/Win64/
[2016.03.01-10.52.20:981][  0]LogInit: Rocket: 1
[2016.03.01-10.52.20:996][  0]LogInit: Using libcurl 7.41.0
[2016.03.01-10.52.20:996][  0]LogInit:  - built for x86_64-pc-win32
[2016.03.01-10.52.20:996][  0]LogInit:  - supports SSL with WinSSL
[2016.03.01-10.52.20:996][  0]LogInit:  - other features:
[2016.03.01-10.52.20:996][  0]LogInit:      CURL_VERSION_SSL
[2016.03.01-10.52.20:996][  0]LogInit:      CURL_VERSION_IPV6
[2016.03.01-10.52.20:996][  0]LogInit:      CURL_VERSION_ASYNCHDNS
[2016.03.01-10.52.20:996][  0]LogInit:      CURL_VERSION_LARGEFILE
[2016.03.01-10.52.20:996][  0]LogInit:      CURL_VERSION_IDN
[2016.03.01-10.52.20:996][  0]LogInit:  CurlRequestOptions (configurable via config and command line):
[2016.03.01-10.52.20:996][  0]LogInit:  - bVerifyPeer = true  - Libcurl will verify peer certificate
[2016.03.01-10.52.20:996][  0]LogInit:  - bUseHttpProxy = false  - Libcurl will NOT use HTTP proxy
[2016.03.01-10.52.20:996][  0]LogInit:  - bDontReuseConnections = false  - Libcurl will reuse connections
[2016.03.01-10.52.20:996][  0]LogInit:  - CertBundlePath = nullptr  - Libcurl will use whatever was configured at build time.
[2016.03.01-10.52.21:006][  0]LogInit: Presizing for 0 objects not considered by GC, pre-allocating 0 bytes.
[2016.03.01-10.52.21:011][  0]LogInit: Object subsystem initialized
[2016.03.01-10.52.21:012][  0]LogInit: Selected Device Profile: [Windows]
[2016.03.01-10.52.21:012][  0]LogInit: Applying CVar settings loaded from the selected device profile: [Windows]
[2016.03.01-10.52.21:021][  0]LogInit: Computer: LAPTOP-TCEGHJTQ
[2016.03.01-10.52.21:021][  0]LogInit: User: David
[2016.03.01-10.52.21:021][  0]LogInit: CPU Page size=4096, Cores=2
[2016.03.01-10.52.21:021][  0]LogInit: High frequency timer resolution =2.338338 MHz
[2016.03.01-10.52.21:021][  0]LogMemory: Memory total: Physical=15.9GB (16GB approx)
[2016.03.01-10.52.21:021][  0]LogMemory: Platform Memory Stats for Windows
[2016.03.01-10.52.21:021][  0]LogMemory: Process Physical Memory: 56.04 MB used, 56.04 MB peak
[2016.03.01-10.52.21:021][  0]LogMemory: Process Virtual Memory: 57.64 MB used, 57.64 MB peak
[2016.03.01-10.52.21:021][  0]LogMemory: Physical Memory: 3983.16 MB used, 16297.84 MB total
[2016.03.01-10.52.21:021][  0]LogMemory: Virtual Memory: 378.80 MB used, 134217728.00 MB total
[2016.03.01-10.52.21:069][  0]LogTextLocalizationManager: No specific translations for ('en-GB') exist, so ('en') translations will be used.
[2016.03.01-10.52.21:423][  0]LogD3D11RHI: Found D3D11 adapter 0: Intel(R) HD Graphics 5500 (Feature Level 11_0)
[2016.03.01-10.52.21:423][  0]LogD3D11RHI: Adapter has 128MB of dedicated video memory, 0MB of dedicated system memory, and 8148MB of shared system memory, 1 output[s]
[2016.03.01-10.52.21:967][  0]LogD3D11RHI: Found D3D11 adapter 1: AMD Radeon(TM) R9 M375 (Feature Level 11_0)
[2016.03.01-10.52.21:967][  0]LogD3D11RHI: Adapter has 4074MB of dedicated video memory, 0MB of dedicated system memory, and 8148MB of shared system memory, 0 output[s]
[2016.03.01-10.52.21:969][  0]LogD3D11RHI: Found D3D11 adapter 2: Microsoft Basic Render Driver (Feature Level 11_0)
[2016.03.01-10.52.21:969][  0]LogD3D11RHI: Adapter has 0MB of dedicated video memory, 0MB of dedicated system memory, and 8148MB of shared system memory, 0 output[s]
[2016.03.01-10.52.21:969][  0]LogD3D11RHI: Chosen D3D11 Adapter Id = 0
[2016.03.01-10.52.21:974][  0]LogD3D11RHI: !Direct3DDevice
[2016.03.01-10.52.21:974][  0]LogRHI: Texture pool is 1361 MB (70% of 1945 MB)
[2016.03.01-10.52.21:979][  0]LogD3D11RHI: Async texture creation enabled
[2016.03.01-10.52.21:983][  0]LogShaderCompilers: Guid format shader working directory is -14 characters bigger than the processId version (../../../../../../Anthracratos/Anthrocratos/Anthrocratos_UE4/Intermediate/Shaders/WorkingDirectory/7368/).
[2016.03.01-10.52.21:984][  0]LogShaderCompilers: Cleaned the shader compiler working directory 'C:/Users/David/AppData/Local/Temp/UnrealShaderWorkingDir/9A0F8EB947B444C1CC247087EF6AC49C/'.
[2016.03.01-10.52.21:984][  0]LogShaderCompilers:Display: Using Local Shader Compiler.
[2016.03.01-10.52.23:090][  0]LogTemp:Display: Loaded TP AllDesktopTargetPlatform
[2016.03.01-10.52.23:096][  0]LogTemp:Display: Loaded TP WindowsClientTargetPlatform
[2016.03.01-10.52.23:103][  0]LogTemp:Display: Loaded TP WindowsNoEditorTargetPlatform
[2016.03.01-10.52.23:109][  0]LogTemp:Display: Loaded TP WindowsServerTargetPlatform
[2016.03.01-10.52.23:116][  0]LogTemp:Display: Loaded TP WindowsTargetPlatform
[2016.03.01-10.52.23:121][  0]LogTemp:Display: Loaded TP AndroidTargetPlatform
[2016.03.01-10.52.23:125][  0]LogTemp:Display: Loaded TP Android_ASTCTargetPlatform
[2016.03.01-10.52.23:129][  0]LogTemp:Display: Loaded TP Android_ATCTargetPlatform
[2016.03.01-10.52.23:133][  0]LogTemp:Display: Loaded TP Android_DXTTargetPlatform
[2016.03.01-10.52.23:138][  0]LogTemp:Display: Loaded TP Android_ETC1TargetPlatform
[2016.03.01-10.52.23:142][  0]LogTemp:Display: Loaded TP Android_ETC2TargetPlatform
[2016.03.01-10.52.23:152][  0]LogTemp:Display: Loaded TP Android_MultiTargetPlatform
[2016.03.01-10.52.23:152][  0]LogTemp:Display: Loaded TP Android_PVRTCTargetPlatform
[2016.03.01-10.52.23:153][  0]LogTemp:Display: Loaded TP HTML5TargetPlatform
[2016.03.01-10.52.23:173][  0]LogTemp:Display: Loaded TP IOSTargetPlatform
[2016.03.01-10.52.23:177][  0]LogTemp:Display: Loaded TP LinuxNoEditorTargetPlatform
[2016.03.01-10.52.23:181][  0]LogTemp:Display: Loaded TP LinuxServerTargetPlatform
[2016.03.01-10.52.23:186][  0]LogTemp:Display: Loaded TP LinuxTargetPlatform
[2016.03.01-10.52.23:186][  0]LogTargetPlatformManager:Display: Building Assets For Windows
[2016.03.01-10.52.23:322][  0]LogDerivedDataCache:Display: Max Cache Size: 512 MB
[2016.03.01-10.52.23:372][  0]LogDerivedDataCache: Loaded boot cache 0.05s 41MB C:/Users/David/AppData/Local/UnrealEngine/4.10/DerivedDataCache/Boot.ddc.
[2016.03.01-10.52.23:372][  0]LogDerivedDataCache:Display: Loaded Boot cache: C:/Users/David/AppData/Local/UnrealEngine/4.10/DerivedDataCache/Boot.ddc
[2016.03.01-10.52.23:373][  0]LogDerivedDataCache: FDerivedDataBackendGraph:  Pak pak cache file ../../../../../../Anthracratos/Anthrocratos/Anthrocratos_UE4/DerivedDataCache/DDC.ddp not found, will not use a pak cache.
[2016.03.01-10.52.23:373][  0]LogDerivedDataCache: Unable to find inner node Pak for hierarchical cache Hierarchy.
[2016.03.01-10.52.23:373][  0]LogDerivedDataCache: FDerivedDataBackendGraph:  CompressedPak pak cache file ../../../../../../Anthracratos/Anthrocratos/Anthrocratos_UE4/DerivedDataCache/Compressed.ddp not found, will not use a pak cache.
[2016.03.01-10.52.23:373][  0]LogDerivedDataCache: Unable to find inner node CompressedPak for hierarchical cache Hierarchy.
[2016.03.01-10.52.23:428][  0]LogDerivedDataCache:Display: Pak cache opened for reading ../../../Engine/DerivedDataCache/Compressed.ddp.
[2016.03.01-10.52.23:441][  0]LogDerivedDataCache: Using Local data cache path C:/Users/David/AppData/Local/UnrealEngine/Common/DerivedDataCache: Writable
[2016.03.01-10.52.23:693][  0]LogInit: Selected Device Profile: [Windows]
[2016.03.01-10.52.23:696][  0]LogContentStreaming: Texture pool size is 0.000000MB
[2016.03.01-10.52.23:823][  0]LogMeshUtilities: No automatic mesh reduction module available
[2016.03.01-10.52.23:823][  0]LogMeshUtilities: No automatic mesh merging module available
[2016.03.01-10.52.24:089][  0]LogInit: WinSock: version 1.1 (2.2), MaxSocks=32767, MaxUdp=65467
[2016.03.01-10.52.25:470][  0]UdpMessaging: Initializing bridge on interface 0.0.0.0:0 to multicast group 230.0.0.1:6666.
[2016.03.01-10.52.25:662][  0]LogAssetRegistry: FAssetRegistry took 0.0108 seconds to start up
[2016.03.01-10.52.25:914][  0]SourceControl: Info Source control is disabled
[2016.03.01-10.52.25:916][  0]SourceControl: Info Source control is disabled
[2016.03.01-10.52.25:940][  0]SourceControl: Info Source control is disabled
[2016.03.01-10.52.25:966][  0]SourceControl: Info Source control is disabled
[2016.03.01-10.52.26:452][  0]LogObj: 28645 objects as part of root set at end of initial load.
[2016.03.01-10.52.26:452][  0]LogUObjectAllocator: 6105088 out of 0 bytes used by permanent object pool.
[2016.03.01-10.52.26:513][  0]LogEngine: Initializing Engine...
[2016.03.01-10.52.26:519][  0]LogHMD: Can't find Oculus library dev build: is proper Runtime installed? Version: 0.8.0.0
[2016.03.01-10.52.26:520][  0]LogHMD: SteamVR failed to initialize.  Err: 110
[2016.03.01-10.52.26:655][  0]LogAIModule: Creating AISystem for world NewWorld
[2016.03.01-10.52.26:662][  0]LogInit: XAudio2 using 'Speakers (Realtek High Definition Audio)' : 2 channels at 48 kHz using 32 bits per sample (channel mask 0x3)
[2016.03.01-10.52.26:698][  0]LogInit: FAudioDevice initialized.
[2016.03.01-10.52.26:720][  0]LogDerivedDataCache: Saved boot cache 0.02s 41MB C:/Users/David/AppData/Local/UnrealEngine/4.10/DerivedDataCache/Boot.ddc.
[2016.03.01-10.52.26:723][  0]LogInit: Texture streaming: Enabled
[2016.03.01-10.52.26:731][  0]LogAnalytics: Creating configured Analytics provider AnalyticsET
[2016.03.01-10.52.26:731][  0]LogAnalytics: [UEEditor.Rocket.Release] APIServer = http://et2.epicgames.com/ET2/. AppVersion = 4.10.2-2818068+++depot+UE4-Releases+4.10
[2016.03.01-10.52.26:731][  0]LogAnalytics: [UEEditor.Rocket.Release] SetUserId 51bad3324626f8b32aeb23b5d6210868|c381b92b33784ccaa7b778c4b0f76233|7a75b928-ee2d-4f84-b046-c4f65b0113e6
[2016.03.01-10.52.26:731][  0]LogAnalytics: [UEEditor.Rocket.Release] AnalyticsET::StartSession
[2016.03.01-10.52.26:743][  0]LogInit: Transaction tracking system initialized
[2016.03.01-10.52.26:781][  0]BlueprintLog: New page: Editor Load
[2016.03.01-10.52.26:894][  0]LocalizationService: Info Localization service is disabled
[2016.03.01-10.52.27:144][  0]LogConsoleResponse:Display: 
[2016.03.01-10.52.27:303][  0]LogCook:Display: Done creating registry. It took  0.00s.
[2016.03.01-10.52.27:407][  0]LogFileCache: Scanning file cache for directory 'C:/Anthracratos/Anthrocratos/Anthrocratos_UE4/Content/' took 0.02s
[2016.03.01-10.52.27:407][  0]SourceControl: Info Source control is disabled
[2016.03.01-10.52.27:407][  0]Cmd: MAP LOAD FILE="../../../../../../Anthracratos/Anthrocratos/Anthrocratos_UE4/Content/Levels/Kieran-Test.umap" TEMPLATE=0 SHOWPROGRESS=1 FEATURELEVEL=3
[2016.03.01-10.52.27:408][  0]LightingResults: New page: Lighting Build
[2016.03.01-10.52.27:412][  0]MapCheck: New page: Map Check
[2016.03.01-10.52.27:412][  0]LightingResults: New page: Lighting Build
[2016.03.01-10.52.27:433][  0]LogParticles: Destroying 0 GPU particle simulations for FXSystem 0x000000B3D5377240
[2016.03.01-10.52.27:613][  0]LogLinker:Warning: CreateExport: Failed to load Parent for Function /Game/Blueprints/Tiles/Biomes/ForestTile.ForestTile_C:UserConstructionScript; removing parent information, but keeping function
[2016.03.01-10.52.27:625][  0]LogLinker:Warning: CreateExport: Failed to load Parent for Function /Game/Blueprints/Tiles/Biomes/MountainTile.MountainTile_C:UserConstructionScript; removing parent information, but keeping function
[2016.03.01-10.52.27:641][  0]LogBlueprint:Warning: USimpleConstructionScript::FixupRootNodeParentReferences() - Couldn't find inherited parent component 'TileMesh' for 'BuildingMesh' in BlueprintGeneratedClass 'REINST_Building_C_29' (it may have been removed)
[2016.03.01-10.52.27:660][  0]LogLinker:Warning: CreateExport: Failed to load Parent for Function /Game/Blueprints/Tiles/Buildings/FossilBasedEnergy.FossilBasedEnergy_C:UserConstructionScript; removing parent information, but keeping function
[2016.03.01-10.52.27:665][  0]LogLinker:Warning: CreateExport: Failed to load Parent for Function /Game/Blueprints/Tiles/Buildings/Free-RangeLivestock.Free-RangeLivestock_C:UserConstructionScript; removing parent information, but keeping function
[2016.03.01-10.52.27:670][  0]LogLinker:Warning: CreateExport: Failed to load Parent for Function /Game/Blueprints/Tiles/Buildings/Incinerator.Incinerator_C:UserConstructionScript; removing parent information, but keeping function
[2016.03.01-10.52.27:676][  0]LogLinker:Warning: CreateExport: Failed to load Parent for Function /Game/Blueprints/Tiles/Buildings/IntensiveFarming.IntensiveFarming_C:UserConstructionScript; removing parent information, but keeping function
[2016.03.01-10.52.27:681][  0]LogLinker:Warning: CreateExport: Failed to load Parent for Function /Game/Blueprints/Tiles/Buildings/NuclearPower.NuclearPower_C:UserConstructionScript; removing parent information, but keeping function
[2016.03.01-10.52.27:686][  0]LogLinker:Warning: CreateExport: Failed to load Parent for Function /Game/Blueprints/Tiles/Buildings/OrganicFarm.OrganicFarm_C:UserConstructionScript; removing parent information, but keeping function
[2016.03.01-10.52.27:692][  0]LogLinker:Warning: CreateExport: Failed to load Parent for Function /Game/Blueprints/Tiles/Buildings/RecyclingCentre.RecyclingCentre_C:UserConstructionScript; removing parent information, but keeping function
[2016.03.01-10.52.27:697][  0]LogLinker:Warning: CreateExport: Failed to load Parent for Function /Game/Blueprints/Tiles/Buildings/SolarPanels.SolarPanels_C:UserConstructionScript; removing parent information, but keeping function
[2016.03.01-10.52.27:703][  0]LogLinker:Warning: CreateExport: Failed to load Parent for Function /Game/Blueprints/Tiles/Buildings/Windmills.Windmills_C:UserConstructionScript; removing parent information, but keeping function
[2016.03.01-10.52.27:718][  0]LogBlueprint:Error: [compiler BuildingUI] Error The type of  A  is undetermined.  Connect something to  Equal (Enum)  to imply a specific type.
[2016.03.01-10.52.27:718][  0]LogBlueprint:Error: [compiler BuildingUI] Error The type of  B  is undetermined.  Connect something to  Equal (Enum)  to imply a specific type.
[2016.03.01-10.52.27:718][  0]LogBlueprint:Error: [compiler BuildingUI] Error The current value of the ' A ' pin is invalid: Unsupported type Wildcard on pin A
[2016.03.01-10.52.27:718][  0]LogBlueprint:Error: [compiler BuildingUI] Error The current value of the ' B ' pin is invalid: Unsupported type Wildcard on pin B
[2016.03.01-10.52.27:724][  0]LogBlueprint:Warning: [compiler BuildingUI] Warning [0007.99] Compile of BuildingUI failed. 4 Fatal Issue(s) 0 Warning(s) [in 12 ms]
[2016.03.01-10.52.27:725][  0]LogBlueprint:Warning: [compiler BuildingUI] Warning [0007.99] Compile of BuildingUI failed. 4 Fatal Issue(s) 1 Warning(s) [in 0 ms]
[2016.03.01-10.52.27:725][  0]LogBlueprint:Warning: [compiler BuildingUI] Warning [0007.99] Compile of BuildingUI failed. 4 Fatal Issue(s) 2 Warning(s) [in 0 ms]
[2016.03.01-10.52.27:806][  0]LogBlueprint:Error: [compiler BuildingUI] Error The type of  A  is undetermined.  Connect something to  Equal (Enum)  to imply a specific type.
[2016.03.01-10.52.27:807][  0]LogBlueprint:Error: [compiler BuildingUI] Error The type of  B  is undetermined.  Connect something to  Equal (Enum)  to imply a specific type.
[2016.03.01-10.52.27:807][  0]LogBlueprint:Error: [compiler BuildingUI] Error The current value of the ' A ' pin is invalid: Unsupported type Wildcard on pin A
[2016.03.01-10.52.27:807][  0]LogBlueprint:Error: [compiler BuildingUI] Error The current value of the ' B ' pin is invalid: Unsupported type Wildcard on pin B
[2016.03.01-10.52.27:813][  0]LogBlueprint:Warning: [compiler BuildingUI] Warning [0008.08] Compile of BuildingUI failed. 4 Fatal Issue(s) 0 Warning(s) [in 11 ms]
[2016.03.01-10.52.27:813][  0]LogBlueprint:Warning: [compiler BuildingUI] Warning [0008.08] Compile of BuildingUI failed. 4 Fatal Issue(s) 1 Warning(s) [in 0 ms]
[2016.03.01-10.52.27:813][  0]LogBlueprint:Warning: [compiler BuildingUI] Warning [0008.08] Compile of BuildingUI failed. 4 Fatal Issue(s) 2 Warning(s) [in 0 ms]
[2016.03.01-10.52.27:958][  0]LogLinker:Warning: CreateExport: Failed to load Parent for Function /Game/Blueprints/Tiles/Biomes/FieldTile.FieldTile_C:UserConstructionScript; removing parent information, but keeping function
[2016.03.01-10.52.27:963][  0]LogLinker:Warning: CreateExport: Failed to load Parent for Function /Game/Blueprints/Tiles/Buildings/CityCentre.CityCentre_C:UserConstructionScript; removing parent information, but keeping function
[2016.03.01-10.52.28:340][  0]LogAIModule: Creating AISystem for world Kieran-Test
[2016.03.01-10.52.28:346][  0]LogEditorServer: Finished looking for orphan Actors (0.000 secs)
[2016.03.01-10.52.28:347][  0]Cmd: MAP CHECKDEP NOCLEARLOG
[2016.03.01-10.52.28:509][  0]MapCheck: Info Map check complete: 0 Error(s), 0 Warning(s), took 161.826ms to complete.
[2016.03.01-10.52.28:509][  0]LogFileHelpers: Loading map 'Kieran-Test' took 1.101
[2016.03.01-10.52.28:694][  0]LogCollectionManager: Loaded 0 collections in 0.003593 seconds
[2016.03.01-10.52.28:737][  0]LogFileCache: Scanning file cache for directory 'C:/Anthracratos/Anthrocratos/Anthrocratos_UE4/Saved/Collections/' took 0.01s
[2016.03.01-10.52.28:737][  0]LogFileCache: Scanning file cache for directory 'C:/Anthracratos/Anthrocratos/Anthrocratos_UE4/Content/Developers/David/Collections/' took 0.01s
[2016.03.01-10.52.28:737][  0]LogFileCache: Scanning file cache for directory 'C:/Anthracratos/Anthrocratos/Anthrocratos_UE4/Content/Collections/' took 0.01s
[2016.03.01-10.52.28:737][  0]LogCollectionManager: Rebuilt the GUID cache for 0 collections in 0.000001 seconds
[2016.03.01-10.52.28:754][  0]LogContentBrowser: Native class hierarchy populated in 0.0169 seconds. Added 1896 classes and 340 folders.
[2016.03.01-10.52.28:774][  0]LogContentBrowser: Native class hierarchy updated for 'WidgetCarousel' in 0.0026 seconds. Added 0 classes and 0 folders.
[2016.03.01-10.52.28:881][  0]LogContentBrowser: Native class hierarchy updated for 'AddContentDialog' in 0.0027 seconds. Added 0 classes and 0 folders.
[2016.03.01-10.52.28:888][  0]LogContentBrowser: Native class hierarchy updated for 'SceneOutliner' in 0.0026 seconds. Added 1 classes and 2 folders.
[2016.03.01-10.52.28:942][  0]LogCrashTracker: Crashtracker disabled due to settings.
[2016.03.01-10.52.28:947][  0]LogUObjectGlobals:Warning: Failed to find object 'Class None.'
[2016.03.01-10.52.28:970][  0]LogLoad: Full Startup: 9.24 seconds (BP compile: 0.27 seconds)
[2016.03.01-10.52.28:985][  0]LogOcInput: Can't find Oculus library dev build: is proper Runtime installed? Version: 0.8.0.0
[2016.03.01-10.52.29:072][  0]LogContentStreaming: Texture pool size now 400 MB
[2016.03.01-10.52.29:215][  0]LogRenderer: Reallocating scene render targets to support 1208x572 (Frame:2).
[2016.03.01-10.52.29:392][  1]LogFileCache: Retrieving MD5 hashes for directory 'C:/Anthracratos/Anthrocratos/Anthrocratos_UE4/Content/' took 0.39s
[2016.03.01-10.52.29:735][  9]LogAssetRegistry: Asset discovery search completed in 4.0838 seconds
[2016.03.01-10.52.29:735][  9]LogCollectionManager: Rebuilt the object cache for 0 collections in 0.000000 seconds (found 0 objects)
[2016.03.01-10.52.29:735][  9]LogCollectionManager: Fixed up redirectors for 0 collections in 0.000023 seconds (updated 0 objects)
[2016.03.01-10.52.49:234][603]LogLinker:Warning: Asset '../../../Engine/Content/ArtTools/RenderToTexture/Macros/RenderToTextureMacros.uasset' has been saved with empty engine version. The asset will be loaded but may be incompatible.
[2016.03.01-10.52.49:753][603]LogContentBrowser: Native class hierarchy updated for 'BlueprintGraph' in 0.0029 seconds. Added 107 classes and 0 folders.
[2016.03.01-10.53.12:456][175]LogActor:Warning: GameNetworkManager /Engine/Transient.World_5:PersistentLevel.GameNetworkManager_0 has natively added scene component(s), but none of them were set as the actor's RootComponent - picking one arbitrarily
[2016.03.01-10.56.15:897][538]BlueprintLog: New page: Compile AnthroGameMode
[2016.03.01-10.56.16:264][538]BlueprintEditorCompileResults: Info [0236.53] Compile of AnthroGameMode successful! [in 367 ms]
[2016.03.01-10.56.16:784][552]Cmd: OBJ SAVEPACKAGE PACKAGE="/Game/Blueprints/Gamemodes/AnthroGameMode" FILE="../../../../../../Anthracratos/Anthrocratos/Anthrocratos_UE4/Content/Blueprints/Gamemodes/AnthroGameMode.uasset" SILENT=true
[2016.03.01-10.56.16:921][552]LogSavePackage: Save=33.195374ms
[2016.03.01-10.56.16:921][552]LogSavePackage: Moving '../../../../../../Anthracratos/Anthrocratos/Anthrocratos_UE4/Saved/AnthroGameMode45D2C3294A477A2A0F2E5B9FBB590010.tmp' to '../../../../../../Anthracratos/Anthrocratos/Anthrocratos_UE4/Content/Blueprints/Gamemodes/AnthroGameMode.uasset'
[2016.03.01-10.56.16:926][552]LogSavePackage: Total save time: 139.444340ms
[2016.03.01-10.56.16:926][552]LogSavePackage:Display: Finished SavePackage ../../../../../../Anthracratos/Anthrocratos/Anthrocratos_UE4/Content/Blueprints/Gamemodes/AnthroGameMode.uasset
[2016.03.01-10.56.46:712][579]BlueprintLog: New page: Compile BuildingUI
[2016.03.01-10.56.46:846][579]BlueprintEditorCompileResults: Info [0267.11] Compile of BuildingUI successful! [in 133 ms]
[2016.03.01-10.56.47:427][594]Cmd: OBJ SAVEPACKAGE PACKAGE="/Game/Blueprints/UI/BuildingUI" FILE="../../../../../../Anthracratos/Anthrocratos/Anthrocratos_UE4/Content/Blueprints/UI/BuildingUI.uasset" SILENT=true
[2016.03.01-10.56.47:574][594]LogSavePackage: Save=48.233402ms
[2016.03.01-10.56.47:574][594]LogSavePackage: Moving '../../../../../../Anthracratos/Anthrocratos/Anthrocratos_UE4/Saved/BuildingUI11E839074ED44D3D816D4B9BF2C03C11.tmp' to '../../../../../../Anthracratos/Anthrocratos/Anthrocratos_UE4/Content/Blueprints/UI/BuildingUI.uasset'
[2016.03.01-10.56.47:580][594]LogSavePackage: Total save time: 149.328284ms
[2016.03.01-10.56.47:580][594]LogSavePackage:Display: Finished SavePackage ../../../../../../Anthracratos/Anthrocratos/Anthrocratos_UE4/Content/Blueprints/UI/BuildingUI.uasset
[2016.03.01-10.56.49:075][633]Cmd: TRANSACTION UNDO
[2016.03.01-10.56.49:076][633]LogEditorTransaction: Undo Delete current selection
[2016.03.01-10.56.50:779][697]BlueprintLog: New page: Compile BuildingUI
[2016.03.01-10.56.50:936][697]BlueprintEditorCompileResults: Info [0271.20] Compile of BuildingUI successful! [in 157 ms]
[2016.03.01-10.56.51:481][711]Cmd: OBJ SAVEPACKAGE PACKAGE="/Game/Blueprints/UI/BuildingUI" FILE="../../../../../../Anthracratos/Anthrocratos/Anthrocratos_UE4/Content/Blueprints/UI/BuildingUI.uasset" SILENT=true
[2016.03.01-10.56.51:626][711]LogSavePackage: Save=51.838100ms
[2016.03.01-10.56.51:626][711]LogSavePackage: Moving '../../../../../../Anthracratos/Anthrocratos/Anthrocratos_UE4/Saved/BuildingUIAF7C7F8643984AF7D0E005B9E70A32B0.tmp' to '../../../../../../Anthracratos/Anthrocratos/Anthrocratos_UE4/Content/Blueprints/UI/BuildingUI.uasset'
[2016.03.01-10.56.51:631][711]LogSavePackage: Total save time: 147.693790ms
[2016.03.01-10.56.51:631][711]LogSavePackage:Display: Finished SavePackage ../../../../../../Anthracratos/Anthrocratos/Anthrocratos_UE4/Content/Blueprints/UI/BuildingUI.uasset
[2016.03.01-10.57.08:678][238]LogParticles: Destroying 0 GPU particle simulations for FXSystem 0x000000B3E2BAF9C0
[2016.03.01-10.57.16:519][470]LogAIModule: Creating AISystem for world David-Test
[2016.03.01-10.57.25:559][470]Cmd: OBJ SAVEPACKAGE PACKAGE="/Game/Blueprints/UI/HUD_Test" FILE="../../../../../../Anthracratos/Anthrocratos/Anthrocratos_UE4/Content/Blueprints/UI/HUD_Test.uasset" SILENT=true
[2016.03.01-10.57.25:691][470]LogSavePackage: Save=31.138783ms
[2016.03.01-10.57.25:691][470]LogSavePackage: Moving '../../../../../../Anthracratos/Anthrocratos/Anthrocratos_UE4/Saved/HUD_TestDEF412A144B86A6D0881FB9F508AFC8D.tmp' to '../../../../../../Anthracratos/Anthrocratos/Anthrocratos_UE4/Content/Blueprints/UI/HUD_Test.uasset'
[2016.03.01-10.57.25:696][470]LogSavePackage: Total save time: 133.853190ms
[2016.03.01-10.57.25:696][470]LogSavePackage:Display: Finished SavePackage ../../../../../../Anthracratos/Anthrocratos/Anthrocratos_UE4/Content/Blueprints/UI/HUD_Test.uasset
[2016.03.01-10.57.25:698][470]Cmd: MAP LOAD FILE="../../../../../../Anthracratos/Anthrocratos/Anthrocratos_UE4/Content/Levels/David-Test.umap" TEMPLATE=0 SHOWPROGRESS=1 FEATURELEVEL=3
[2016.03.01-10.57.25:698][470]LightingResults: New page: Lighting Build
[2016.03.01-10.57.25:731][470]LoadErrors: New page: Loading map: David-Test.umap
[2016.03.01-10.57.25:732][470]MapCheck: New page: Map Check
[2016.03.01-10.57.25:732][470]LightingResults: New page: Lighting Build
[2016.03.01-10.57.25:769][470]LogParticles: Destroying 0 GPU particle simulations for FXSystem 0x000000B3DB7B7600
[2016.03.01-10.57.25:770][470]LogParticles: Destroying 0 GPU particle simulations for FXSystem 0x000000B3E2BAF1A0
[2016.03.01-10.57.25:772][470]LogParticles: Destroying 0 GPU particle simulations for FXSystem 0x000000B38F854C20
[2016.03.01-10.57.25:833][470]LogEditorServer: Finished looking for orphan Actors (0.000 secs)
[2016.03.01-10.57.25:860][470]Cmd: MAP CHECKDEP NOCLEARLOG
[2016.03.01-10.57.26:038][470]MapCheck: Info Map check complete: 0 Error(s), 0 Warning(s), took 177.323ms to complete.
[2016.03.01-10.57.26:042][470]LogFileHelpers: Loading map 'David-Test' took 0.347
[2016.03.01-11.02.14:503][154]Cmd: QUIT_EDITOR
[2016.03.01-11.02.14:586][154]LogWindowsTextInputMethodSystem:Display: IME system now deactivated.
[2016.03.01-11.02.14:752][154]LogExit: Preparing to exit.
[2016.03.01-11.02.15:863][154]LogExit: Editor shut down
[2016.03.01-11.02.15:863][154]LogExit: Transaction tracking system shut down
[2016.03.01-11.02.15:866][154]LogParticles: Destroying 0 GPU particle simulations for FXSystem 0x000000B3E28A7E20
[2016.03.01-11.02.15:866][154]LogParticles: Destroying 0 GPU particle simulations for FXSystem 0x000000B3E2AC9620
[2016.03.01-11.02.15:866][154]LogParticles: Destroying 0 GPU particle simulations for FXSystem 0x000000B3E28A7EC0
[2016.03.01-11.02.15:866][154]LogParticles: Destroying 0 GPU particle simulations for FXSystem 0x000000B3E25A6340
[2016.03.01-11.02.16:092][154]LogExit: Object subsystem successfully closed.
[2016.03.01-11.02.16:107][154]LogD3D11RHI: Shutdown
[2016.03.01-11.02.16:107][154]LogD3D11RHI: CleanupD3DDevice
[2016.03.01-11.02.16:179][154]LogD3D11RHI: ~FD3D11DynamicRHI
[2016.03.01-11.02.16:359][154]LogModuleManager: Shutting down and abandoning module CookingStats (202)
[2016.03.01-11.02.16:359][154]LogModuleManager: Shutting down and abandoning module SequencerWidgets (201)
[2016.03.01-11.02.16:359][154]LogModuleManager: Shutting down and abandoning module BlueprintGraph (200)
[2016.03.01-11.02.16:359][154]LogModuleManager: Shutting down and abandoning module CrashTracker (199)
[2016.03.01-11.02.16:359][154]LogModuleManager: Shutting down and abandoning module SceneOutliner (198)
[2016.03.01-11.02.16:359][154]LogModuleManager: Shutting down and abandoning module SuperSearch (197)
[2016.03.01-11.02.16:359][154]LogModuleManager: Shutting down and abandoning module WidgetCarousel (196)
[2016.03.01-11.02.16:359][154]LogModuleManager: Shutting down and abandoning module AddContentDialog (195)
[2016.03.01-11.02.16:360][154]LogModuleManager: Shutting down and abandoning module EditorWidgets (194)
[2016.03.01-11.02.16:360][154]LogModuleManager: Shutting down and abandoning module CollectionManager (193)
[2016.03.01-11.02.16:361][154]LogModuleManager: Shutting down and abandoning module StatsViewer (192)
[2016.03.01-11.02.16:361][154]LogModuleManager: Shutting down and abandoning module FoliageEdit (191)
[2016.03.01-11.02.16:361][154]LogModuleManager: Shutting down and abandoning module LandscapeEditor (190)
[2016.03.01-11.02.16:361][154]LogModuleManager: Shutting down and abandoning module ActorPickerMode (189)
[2016.03.01-11.02.16:361][154]LogModuleManager: Shutting down and abandoning module GeometryMode (188)
[2016.03.01-11.02.16:361][154]LogModuleManager: Shutting down and abandoning module TextureAlignMode (187)
[2016.03.01-11.02.16:361][154]LogModuleManager: Shutting down and abandoning module BspMode (186)
[2016.03.01-11.02.16:361][154]LogModuleManager: Shutting down and abandoning module PlacementMode (185)
[2016.03.01-11.02.16:361][154]LogModuleManager: Shutting down and abandoning module AutomationWorker (184)
[2016.03.01-11.02.16:361][154]LogModuleManager: Shutting down and abandoning module CharacterAI (183)
[2016.03.01-11.02.16:361][154]LogModuleManager: Shutting down and abandoning module SmartSnapping (182)
[2016.03.01-11.02.16:361][154]LogModuleManager: Shutting down and abandoning module ViewportSnapping (181)
[2016.03.01-11.02.16:361][154]LogModuleManager: Shutting down and abandoning module LogVisualizer (180)
[2016.03.01-11.02.16:361][154]LogModuleManager: Shutting down and abandoning module GameProjectGeneration (179)
[2016.03.01-11.02.16:362][154]LogModuleManager: Shutting down and abandoning module IntroTutorials (178)
[2016.03.01-11.02.16:362][154]LogModuleManager: Shutting down and abandoning module EditorLiveStreaming (177)
[2016.03.01-11.02.16:362][154]LogModuleManager: Shutting down and abandoning module IOSPlatformEditor (176)
[2016.03.01-11.02.16:362][154]LogModuleManager: Shutting down and abandoning module HTML5PlatformEditor (175)
[2016.03.01-11.02.16:362][154]LogModuleManager: Shutting down and abandoning module AndroidDeviceDetection (174)
[2016.03.01-11.02.17:193][154]LogModuleManager: Shutting down and abandoning module AndroidPlatformEditor (173)
[2016.03.01-11.02.17:193][154]LogModuleManager: Shutting down and abandoning module IOSRuntimeSettings (172)
[2016.03.01-11.02.17:193][154]LogModuleManager: Shutting down and abandoning module AndroidRuntimeSettings (171)
[2016.03.01-11.02.17:193][154]LogModuleManager: Shutting down and abandoning module MergeActors (170)
[2016.03.01-11.02.17:193][154]LogModuleManager: Shutting down and abandoning module SizeMap (169)
[2016.03.01-11.02.17:193][154]LogModuleManager: Shutting down and abandoning module TreeMap (168)
[2016.03.01-11.02.17:193][154]LogModuleManager: Shutting down and abandoning module ReferenceViewer (167)
[2016.03.01-11.02.17:193][154]LogModuleManager: Shutting down and abandoning module LocalizationService (166)
[2016.03.01-11.02.17:193][154]LogModuleManager: Shutting down and abandoning module LocalizationDashboard (165)
[2016.03.01-11.02.17:193][154]LogModuleManager: Shutting down and abandoning module HardwareTargeting (164)
[2016.03.01-11.02.17:193][154]LogModuleManager: Shutting down and abandoning module DeviceProfileEditor (163)
[2016.03.01-11.02.17:193][154]LogModuleManager: Shutting down and abandoning module UndoHistory (162)
[2016.03.01-11.02.17:193][154]LogModuleManager: Shutting down and abandoning module GameplayTagsEditor (161)
[2016.03.01-11.02.17:193][154]LogModuleManager: Shutting down and abandoning module UserFeedback (160)
[2016.03.01-11.02.17:193][154]LogModuleManager: Shutting down and abandoning module XmlParser (159)
[2016.03.01-11.02.17:193][154]LogModuleManager: Shutting down and abandoning module Blutility (158)
[2016.03.01-11.02.17:193][154]LogModuleManager: Shutting down and abandoning module ProjectTargetPlatformEditor (157)
[2016.03.01-11.02.17:193][154]LogModuleManager: Shutting down and abandoning module ProjectSettingsViewer (156)
[2016.03.01-11.02.17:193][154]LogModuleManager: Shutting down and abandoning module InputBindingEditor (155)
[2016.03.01-11.02.17:194][154]LogModuleManager: Shutting down and abandoning module EditorSettingsViewer (154)
[2016.03.01-11.02.17:194][154]LogModuleManager: Shutting down and abandoning module SettingsEditor (153)
[2016.03.01-11.02.17:194][154]LogModuleManager: Shutting down and abandoning module ProjectLauncher (152)
[2016.03.01-11.02.17:194][154]LogModuleManager: Shutting down and abandoning module SessionFrontend (151)
[2016.03.01-11.02.17:194][154]LogModuleManager: Shutting down and abandoning module ProfilerClient (150)
[2016.03.01-11.02.17:194][154]LogModuleManager: Shutting down and abandoning module TargetDeviceServices (149)
[2016.03.01-11.02.17:194][154]LogModuleManager: Shutting down and abandoning module DeviceManager (148)
[2016.03.01-11.02.17:194][154]LogModuleManager: Shutting down and abandoning module AutomationController (147)
[2016.03.01-11.02.17:194][154]LogModuleManager: Shutting down and abandoning module AutomationWindow (146)
[2016.03.01-11.02.17:194][154]LogModuleManager: Shutting down and abandoning module Layers (145)
[2016.03.01-11.02.17:194][154]LogModuleManager: Shutting down and abandoning module ComponentVisualizers (144)
[2016.03.01-11.02.17:194][154]LogModuleManager: Shutting down and abandoning module DetailCustomizations (143)
[2016.03.01-11.02.17:194][154]LogModuleManager: Shutting down and abandoning module PackagesDialog (142)
[2016.03.01-11.02.17:194][154]LogModuleManager: Shutting down and abandoning module Persona (141)
[2016.03.01-11.02.17:194][154]LogModuleManager: Shutting down and abandoning module Kismet (140)
[2016.03.01-11.02.17:194][154]LogModuleManager: Shutting down and abandoning module GraphEditor (139)
[2016.03.01-11.02.17:194][154]LogModuleManager: Shutting down and abandoning module ClassViewer (138)
[2016.03.01-11.02.17:195][154]LogModuleManager: Shutting down and abandoning module Toolbox (137)
[2016.03.01-11.02.17:195][154]LogModuleManager: Shutting down and abandoning module ModuleUI (136)
[2016.03.01-11.02.17:195][154]LogModuleManager: Shutting down and abandoning module MovieSceneTools (135)
[2016.03.01-11.02.17:195][154]LogModuleManager: Shutting down and abandoning module OutputLog (134)
[2016.03.01-11.02.17:195][154]LogModuleManager: Shutting down and abandoning module GammaUI (133)
[2016.03.01-11.02.17:195][154]LogModuleManager: Shutting down and abandoning module Documentation (132)
[2016.03.01-11.02.17:195][154]LogModuleManager: Shutting down and abandoning module GameLiveStreaming (131)
[2016.03.01-11.02.17:195][154]LogModuleManager: Shutting down and abandoning module StreamingPauseRendering (130)
[2016.03.01-11.02.17:195][154]LogModuleManager: Shutting down and abandoning module AnalyticsET (129)
[2016.03.01-11.02.17:195][154]LogModuleManager: Shutting down and abandoning module Analytics (128)
[2016.03.01-11.02.17:195][154]LogModuleManager: Shutting down and abandoning module AITestSuite (127)
[2016.03.01-11.02.17:195][154]LogModuleManager: Shutting down and abandoning module GameplayDebugger (126)
[2016.03.01-11.02.17:195][154]LogModuleManager: Shutting down and abandoning module AIModule (125)
[2016.03.01-11.02.17:195][154]LogModuleManager: Shutting down and abandoning module ProfilerService (124)
[2016.03.01-11.02.17:324][154]LogModuleManager: Shutting down and abandoning module TaskGraph (123)
[2016.03.01-11.02.17:324][154]LogModuleManager: Shutting down and abandoning module SlateRemote (122)
[2016.03.01-11.02.17:324][154]LogModuleManager: Shutting down and abandoning module SteamVRController (121)
[2016.03.01-11.02.17:324][154]LogModuleManager: Shutting down and abandoning module SteamVR (120)
[2016.03.01-11.02.17:324][154]LogModuleManager: Shutting down and abandoning module ProceduralMeshComponent (119)
[2016.03.01-11.02.17:324][154]LogModuleManager: Shutting down and abandoning module OculusLibrary (118)
[2016.03.01-11.02.17:324][154]LogModuleManager: Shutting down and abandoning module OculusInput (117)
[2016.03.01-11.02.17:324][154]LogModuleManager: Shutting down and abandoning module LeapMotionController (116)
[2016.03.01-11.02.17:350][154]LogModuleManager: Shutting down and abandoning module CustomMeshComponent (115)
[2016.03.01-11.02.17:350][154]LogModuleManager: Shutting down and abandoning module CableComponent (114)
[2016.03.01-11.02.17:350][154]LogModuleManager: Shutting down and abandoning module ArchVisCharacter (113)
[2016.03.01-11.02.17:350][154]LogModuleManager: Shutting down and abandoning module MessagingDebugger (112)
[2016.03.01-11.02.17:350][154]LogModuleManager: Shutting down and abandoning module MediaPlayerEditor (111)
[2016.03.01-11.02.17:350][154]LogModuleManager: Shutting down and abandoning module HTML5Networking (110)
[2016.03.01-11.02.17:350][154]LogModuleManager: Shutting down and abandoning module SpeedTreeImporter (109)
[2016.03.01-11.02.17:350][154]LogModuleManager: Shutting down and abandoning module PluginBrowser (108)
[2016.03.01-11.02.17:350][154]LogModuleManager: Shutting down and abandoning module EpicSurvey (107)
[2016.03.01-11.02.17:351][154]LogModuleManager: Shutting down and abandoning module DesktopPlatform (106)
[2016.03.01-11.02.17:351][154]LogModuleManager: Shutting down and abandoning module VisualStudioSourceCodeAccess (105)
[2016.03.01-11.02.17:351][154]LogModuleManager: Shutting down and abandoning module UObjectPlugin (104)
[2016.03.01-11.02.17:351][154]LogModuleManager: Shutting down and abandoning module SubversionSourceControl (103)
[2016.03.01-11.02.17:351][154]LogModuleManager: Shutting down and abandoning module PerforceSourceControl (102)
[2016.03.01-11.02.17:351][154]LogModuleManager: Shutting down and abandoning module SourceControl (101)
[2016.03.01-11.02.17:351][154]LogModuleManager: Shutting down and abandoning module GitSourceControl (100)
[2016.03.01-11.02.17:351][154]LogModuleManager: Shutting down and abandoning module LightPropagationVolumeEditor (99)
[2016.03.01-11.02.17:351][154]LogModuleManager: Shutting down and abandoning module PaperTiledImporter (98)
[2016.03.01-11.02.17:351][154]LogModuleManager: Shutting down and abandoning module PaperSpriteSheetImporter (97)
[2016.03.01-11.02.17:351][154]LogModuleManager: Shutting down and abandoning module MeshPaint (96)
[2016.03.01-11.02.17:351][154]LogModuleManager: Shutting down and abandoning module SlateReflector (95)
[2016.03.01-11.02.17:351][154]LogModuleManager: Shutting down and abandoning module HotReload (94)
[2016.03.01-11.02.17:351][154]LogModuleManager: Shutting down and abandoning module MainFrame (93)
[2016.03.01-11.02.17:351][154]LogModuleManager: Shutting down and abandoning module LevelEditor (92)
[2016.03.01-11.02.17:353][154]LogModuleManager: Shutting down and abandoning module DirectoryWatcher (91)
[2016.03.01-11.02.17:354][154]LogModuleManager: Shutting down and abandoning module AssetRegistry (90)
[2016.03.01-11.02.17:471][154]LogModuleManager: Shutting down and abandoning module ContentBrowser (89)
[2016.03.01-11.02.17:472][154]LogModuleManager: Shutting down and abandoning module Paper2DEditor (88)
[2016.03.01-11.02.17:472][154]LogModuleManager: Shutting down and abandoning module Anthrocratos_UE4 (87)
[2016.03.01-11.02.17:472][154]LogModuleManager: Shutting down and abandoning module UdpMessaging (86)
[2016.03.01-11.02.17:573][154]LogModuleManager: Shutting down and abandoning module LightPropagationVolumeRuntime (85)
[2016.03.01-11.02.17:573][154]LogModuleManager: Shutting down and abandoning module Paper2D (84)
[2016.03.01-11.02.17:573][154]LogModuleManager: Shutting down and abandoning module WindowsMoviePlayer (83)
[2016.03.01-11.02.17:575][154]LogModuleManager: Shutting down and abandoning module Media (82)
[2016.03.01-11.02.17:575][154]LogModuleManager: Shutting down and abandoning module WmfMedia (81)
[2016.03.01-11.02.17:575][154]LogModuleManager: Shutting down and abandoning module OnlineBlueprintSupport (80)
[2016.03.01-11.02.17:575][154]LogModuleManager: Shutting down and abandoning module GameplayTasksEditor (79)
[2016.03.01-11.02.17:575][154]LogModuleManager: Shutting down and abandoning module PropertyEditor (78)
[2016.03.01-11.02.17:575][154]LogModuleManager: Shutting down and abandoning module BehaviorTreeEditor (77)
[2016.03.01-11.02.17:575][154]LogModuleManager: Shutting down and abandoning module FunctionalTesting (76)
[2016.03.01-11.02.17:575][154]LogModuleManager: Shutting down and abandoning module CollisionAnalyzer (75)
[2016.03.01-11.02.17:575][154]LogModuleManager: Shutting down and abandoning module WorkspaceMenuStructure (74)
[2016.03.01-11.02.17:575][154]LogModuleManager: Shutting down and abandoning module MessageLog (73)
[2016.03.01-11.02.17:575][154]LogModuleManager: Shutting down and abandoning module Sequencer (72)
[2016.03.01-11.02.17:576][154]LogModuleManager: Shutting down and abandoning module AssetTools (71)
[2016.03.01-11.02.17:576][154]LogModuleManager: Shutting down and abandoning module UMGEditor (70)
[2016.03.01-11.02.17:576][154]LogModuleManager: Shutting down and abandoning module UMG (69)
[2016.03.01-11.02.17:576][154]LogModuleManager: Shutting down and abandoning module Slate (68)
[2016.03.01-11.02.17:576][154]LogModuleManager: Shutting down and abandoning module EditorStyle (67)
[2016.03.01-11.02.17:581][154]LogModuleManager: Shutting down and abandoning module SessionServices (66)
[2016.03.01-11.02.17:581][154]LogModuleManager: Shutting down and abandoning module SourceCodeAccess (65)
[2016.03.01-11.02.17:581][154]LogModuleManager: Shutting down and abandoning module HeadMountedDisplay (64)
[2016.03.01-11.02.17:581][154]LogModuleManager: Shutting down and abandoning module XAudio2 (63)
[2016.03.01-11.02.17:581][154]LogModuleManager: Shutting down and abandoning module Networking (61)
[2016.03.01-11.02.17:581][154]LogModuleManager: Shutting down and abandoning module Core (60)
[2016.03.01-11.02.17:581][154]LogModuleManager: Shutting down and abandoning module KismetCompiler (59)
[2016.03.01-11.02.17:581][154]LogModuleManager: Shutting down and abandoning module PhysXFormats (58)
[2016.03.01-11.02.17:581][154]LogModuleManager: Shutting down and abandoning module MeshUtilities (57)
[2016.03.01-11.02.17:581][154]LogModuleManager: Shutting down and abandoning module DerivedDataCache (56)
[2016.03.01-11.02.17:680][154]LogDerivedDataCache: Shutdown
[2016.03.01-11.02.17:680][154]LogModuleManager: Shutting down and abandoning module ShaderFormatOpenGL (55)
[2016.03.01-11.02.17:680][154]LogModuleManager: Shutting down and abandoning module ShaderFormatD3D (54)
[2016.03.01-11.02.17:680][154]LogModuleManager: Shutting down and abandoning module MetalShaderFormat (53)
[2016.03.01-11.02.17:680][154]LogModuleManager: Shutting down and abandoning module TextureFormatUncompressed (52)
[2016.03.01-11.02.17:680][154]LogModuleManager: Shutting down and abandoning module TextureFormatPVR (51)
[2016.03.01-11.02.17:680][154]LogModuleManager: Shutting down and abandoning module TextureFormatIntelISPCTexComp (50)
[2016.03.01-11.02.17:680][154]LogModuleManager: Shutting down and abandoning module TextureFormatDXT (49)
[2016.03.01-11.02.17:680][154]LogModuleManager: Shutting down and abandoning module ImageWrapper (48)
[2016.03.01-11.02.17:680][154]LogModuleManager: Shutting down and abandoning module TextureFormatASTC (47)
[2016.03.01-11.02.17:680][154]LogModuleManager: Shutting down and abandoning module TextureFormatAndroid (46)
[2016.03.01-11.02.17:680][154]LogModuleManager: Shutting down and abandoning module AudioFormatOpus (45)
[2016.03.01-11.02.17:680][154]LogModuleManager: Shutting down and abandoning module AudioFormatOgg (44)
[2016.03.01-11.02.17:680][154]LogModuleManager: Shutting down and abandoning module AudioFormatADPCM (43)
[2016.03.01-11.02.17:680][154]LogModuleManager: Shutting down and abandoning module LinuxTargetPlatform (42)
[2016.03.01-11.02.17:680][154]LogModuleManager: Shutting down and abandoning module LinuxServerTargetPlatform (41)
[2016.03.01-11.02.17:680][154]LogModuleManager: Shutting down and abandoning module LinuxNoEditorTargetPlatform (40)
[2016.03.01-11.02.17:680][154]LogModuleManager: Shutting down and abandoning module Messaging (39)
[2016.03.01-11.02.17:680][154]LogModuleManager: Shutting down and abandoning module IOSTargetPlatform (38)
[2016.03.01-11.02.17:680][154]LogModuleManager: Shutting down and abandoning mod