[2016.03.11-18.26.42:479][  0]Log file open, 03/11/16 18:26:42
[2016.03.11-18.26.42:479][  0]LogInit:Display: Running engine for game: Anthrocratos_UE4
[2016.03.11-18.26.42:479][  0]LogPlatformFile: Not using cached read wrapper
[2016.03.11-18.26.42:479][  0]LogInit:Display: RandInit(1910169837) SRandInit(1910169839).
[2016.03.11-18.26.42:479][  0]LogTaskGraph: Started task graph with 4 named threads and 7 total threads.
[2016.03.11-18.26.42:479][  0]LogStats: Stats thread started at 1.489491
[2016.03.11-18.26.42:479][  0]LogInit: Version: 4.10.2-2818068+++depot+UE4-Releases+4.10
[2016.03.11-18.26.42:479][  0]LogInit: API Version: 2758231
[2016.03.11-18.26.42:479][  0]LogInit: Compiled (64-bit): Jan  6 2016 17:36:42
[2016.03.11-18.26.42:479][  0]LogInit: Compiled with Visual C++: 19.00.23026.00
[2016.03.11-18.26.42:479][  0]LogInit: Build Configuration: Development
[2016.03.11-18.26.42:479][  0]LogInit: Branch Name: ++depot+UE4-Releases+4.10
[2016.03.11-18.26.42:479][  0]LogInit: Command line:  
[2016.03.11-18.26.42:479][  0]LogInit: Base directory: C:/Program Files (x86)/Epic Games/4.10/Engine/Binaries/Win64/
[2016.03.11-18.26.42:479][  0]LogInit: Rocket: 1
[2016.03.11-18.26.42:744][  0]LogInit: Using libcurl 7.41.0
[2016.03.11-18.26.42:744][  0]LogInit:  - built for x86_64-pc-win32
[2016.03.11-18.26.42:744][  0]LogInit:  - supports SSL with WinSSL
[2016.03.11-18.26.42:744][  0]LogInit:  - other features:
[2016.03.11-18.26.42:744][  0]LogInit:      CURL_VERSION_SSL
[2016.03.11-18.26.42:744][  0]LogInit:      CURL_VERSION_IPV6
[2016.03.11-18.26.42:744][  0]LogInit:      CURL_VERSION_ASYNCHDNS
[2016.03.11-18.26.42:744][  0]LogInit:      CURL_VERSION_LARGEFILE
[2016.03.11-18.26.42:744][  0]LogInit:      CURL_VERSION_IDN
[2016.03.11-18.26.42:744][  0]LogInit:  CurlRequestOptions (configurable via config and command line):
[2016.03.11-18.26.42:744][  0]LogInit:  - bVerifyPeer = true  - Libcurl will verify peer certificate
[2016.03.11-18.26.42:744][  0]LogInit:  - bUseHttpProxy = false  - Libcurl will NOT use HTTP proxy
[2016.03.11-18.26.42:744][  0]LogInit:  - bDontReuseConnections = false  - Libcurl will reuse connections
[2016.03.11-18.26.42:744][  0]LogInit:  - CertBundlePath = nullptr  - Libcurl will use whatever was configured at build time.
[2016.03.11-18.26.42:752][  0]LogInit: Presizing for 0 objects not considered by GC, pre-allocating 0 bytes.
[2016.03.11-18.26.42:760][  0]LogInit: Object subsystem initialized
[2016.03.11-18.26.42:761][  0]LogInit: Selected Device Profile: [Windows]
[2016.03.11-18.26.42:761][  0]LogInit: Applying CVar settings loaded from the selected device profile: [Windows]
[2016.03.11-18.26.42:781][  0]LogInit: Computer: JORDANCOYLE-PC
[2016.03.11-18.26.42:781][  0]LogInit: User: JordanCoyle
[2016.03.11-18.26.42:781][  0]LogInit: CPU Page size=4096, Cores=4
[2016.03.11-18.26.42:781][  0]LogInit: High frequency timer resolution =3.233200 MHz
[2016.03.11-18.26.42:781][  0]LogMemory: Memory total: Physical=7.9GB (8GB approx)
[2016.03.11-18.26.42:781][  0]LogMemory: Platform Memory Stats for Windows
[2016.03.11-18.26.42:781][  0]LogMemory: Process Physical Memory: 56.73 MB used, 56.73 MB peak
[2016.03.11-18.26.42:781][  0]LogMemory: Process Virtual Memory: 56.89 MB used, 56.89 MB peak
[2016.03.11-18.26.42:781][  0]LogMemory: Physical Memory: 4797.19 MB used, 8096.33 MB total
[2016.03.11-18.26.42:781][  0]LogMemory: Virtual Memory: 378.87 MB used, 134217728.00 MB total
[2016.03.11-18.26.43:251][  0]LogTextLocalizationManager: No specific translations for ('en-GB') exist, so ('en') translations will be used.
[2016.03.11-18.26.44:774][  0]LogD3D11RHI: Found D3D11 adapter 0: NVIDIA GeForce GTX 970 (Feature Level 11_0)
[2016.03.11-18.26.44:774][  0]LogD3D11RHI: Adapter has 4008MB of dedicated video memory, 0MB of dedicated system memory, and 4048MB of shared system memory, 1 output[s]
[2016.03.11-18.26.45:106][  0]LogD3D11RHI: Found D3D11 adapter 1: Intel(R) HD Graphics 3000 (Feature Level 10_0)
[2016.03.11-18.26.45:106][  0]LogD3D11RHI: Adapter has 32MB of dedicated video memory, 0MB of dedicated system memory, and 1632MB of shared system memory, 0 output[s]
[2016.03.11-18.26.45:156][  0]LogD3D11RHI: Found D3D11 adapter 2: Microsoft Basic Render Driver (Feature Level 11_0)
[2016.03.11-18.26.45:156][  0]LogD3D11RHI: Adapter has 0MB of dedicated video memory, 0MB of dedicated system memory, and 4048MB of shared system memory, 0 output[s]
[2016.03.11-18.26.45:156][  0]LogD3D11RHI: Chosen D3D11 Adapter Id = 0
[2016.03.11-18.26.45:181][  0]LogD3D11RHI: !Direct3DDevice
[2016.03.11-18.26.45:182][  0]LogRHI: Texture pool is 1361 MB (70% of 1945 MB)
[2016.03.11-18.26.45:192][  0]LogD3D11RHI: Async texture creation enabled
[2016.03.11-18.26.45:589][  0]LogShaderCompilers: Guid format shader working directory is -28 characters bigger than the processId version (../../../../../../Users/Jordan Coyle/Documents/Anthrocratos/Anthrocratos_UE4/Intermediate/Shaders/WorkingDirectory/21040/).
[2016.03.11-18.26.45:589][  0]LogShaderCompilers: Cleaned the shader compiler working directory 'C:/Users/JORDAN~1/AppData/Local/Temp/UnrealShaderWorkingDir/C1C9DDB54AB40FDF8865AFB59ACFC28A/'.
[2016.03.11-18.26.45:605][  0]LogShaderCompilers:Display: Using Local Shader Compiler.
[2016.03.11-18.26.53:258][  0]LogTemp:Display: Loaded TP AllDesktopTargetPlatform
[2016.03.11-18.26.53:288][  0]LogTemp:Display: Loaded TP WindowsClientTargetPlatform
[2016.03.11-18.26.53:306][  0]LogTemp:Display: Loaded TP WindowsNoEditorTargetPlatform
[2016.03.11-18.26.53:327][  0]LogTemp:Display: Loaded TP WindowsServerTargetPlatform
[2016.03.11-18.26.53:349][  0]LogTemp:Display: Loaded TP WindowsTargetPlatform
[2016.03.11-18.26.53:375][  0]LogTemp:Display: Loaded TP AndroidTargetPlatform
[2016.03.11-18.26.53:400][  0]LogTemp:Display: Loaded TP Android_ASTCTargetPlatform
[2016.03.11-18.26.53:416][  0]LogTemp:Display: Loaded TP Android_ATCTargetPlatform
[2016.03.11-18.26.53:437][  0]LogTemp:Display: Loaded TP Android_DXTTargetPlatform
[2016.03.11-18.26.53:455][  0]LogTemp:Display: Loaded TP Android_ETC1TargetPlatform
[2016.03.11-18.26.53:475][  0]LogTemp:Display: Loaded TP Android_ETC2TargetPlatform
[2016.03.11-18.26.53:511][  0]LogTemp:Display: Loaded TP Android_MultiTargetPlatform
[2016.03.11-18.26.53:511][  0]LogTemp:Display: Loaded TP Android_PVRTCTargetPlatform
[2016.03.11-18.26.53:527][  0]LogTemp:Display: Loaded TP HTML5TargetPlatform
[2016.03.11-18.26.53:674][  0]LogTemp:Display: Loaded TP IOSTargetPlatform
[2016.03.11-18.26.53:699][  0]LogTemp:Display: Loaded TP LinuxNoEditorTargetPlatform
[2016.03.11-18.26.53:707][  0]LogTemp:Display: Loaded TP LinuxServerTargetPlatform
[2016.03.11-18.26.53:731][  0]LogTemp:Display: Loaded TP LinuxTargetPlatform
[2016.03.11-18.26.53:731][  0]LogTargetPlatformManager:Display: Building Assets For Windows
[2016.03.11-18.26.54:334][  0]LogDerivedDataCache:Display: Max Cache Size: 512 MB
[2016.03.11-18.26.55:088][  0]LogDerivedDataCache: Loaded boot cache 0.74s 41MB C:/Users/Jordan Coyle/AppData/Local/UnrealEngine/4.10/DerivedDataCache/Boot.ddc.
[2016.03.11-18.26.55:089][  0]LogDerivedDataCache:Display: Loaded Boot cache: C:/Users/Jordan Coyle/AppData/Local/UnrealEngine/4.10/DerivedDataCache/Boot.ddc
[2016.03.11-18.26.55:089][  0]LogDerivedDataCache: FDerivedDataBackendGraph:  Pak pak cache file ../../../../../../Users/Jordan Coyle/Documents/Anthrocratos/Anthrocratos_UE4/DerivedDataCache/DDC.ddp not found, will not use a pak cache.
[2016.03.11-18.26.55:089][  0]LogDerivedDataCache: Unable to find inner node Pak for hierarchical cache Hierarchy.
[2016.03.11-18.26.55:089][  0]LogDerivedDataCache: FDerivedDataBackendGraph:  CompressedPak pak cache file ../../../../../../Users/Jordan Coyle/Documents/Anthrocratos/Anthrocratos_UE4/DerivedDataCache/Compressed.ddp not found, will not use a pak cache.
[2016.03.11-18.26.55:089][  0]LogDerivedDataCache: Unable to find inner node CompressedPak for hierarchical cache Hierarchy.
[2016.03.11-18.26.55:282][  0]LogDerivedDataCache:Display: Pak cache opened for reading ../../../Engine/DerivedDataCache/Compressed.ddp.
[2016.03.11-18.26.55:319][  0]LogDerivedDataCache: Using Local data cache path C:/Users/Jordan Coyle/AppData/Local/UnrealEngine/Common/DerivedDataCache: Writable
[2016.03.11-18.27.04:472][  0]LogInit: Selected Device Profile: [Windows]
[2016.03.11-18.27.04:658][  0]LogContentStreaming: Texture pool size is 0.000000MB
[2016.03.11-18.27.07:805][  0]LogMeshUtilities: No automatic mesh reduction module available
[2016.03.11-18.27.07:805][  0]LogMeshUtilities: No automatic mesh merging module available
[2016.03.11-18.27.14:817][  0]LogInit: WinSock: version 1.1 (2.2), MaxSocks=32767, MaxUdp=65467
[2016.03.11-18.27.33:583][  0]UdpMessaging: Initializing bridge on interface 0.0.0.0:0 to multicast group 230.0.0.1:6666.
[2016.03.11-18.27.34:510][  0]LogAssetRegistry: FAssetRegistry took 0.0155 seconds to start up
[2016.03.11-18.27.40:788][  0]SourceControl: Info Source control is disabled
[2016.03.11-18.27.41:047][  0]SourceControl: Info Source control is disabled
[2016.03.11-18.27.41:185][  0]SourceControl: Info Source control is disabled
[2016.03.11-18.27.41:278][  0]SourceControl: Info Source control is disabled
[2016.03.11-18.27.44:534][  0]LogObj: 28645 objects as part of root set at end of initial load.
[2016.03.11-18.27.44:534][  0]LogUObjectAllocator: 6105096 out of 0 bytes used by permanent object pool.
[2016.03.11-18.27.46:419][  0]LogEngine: Initializing Engine...
[2016.03.11-18.27.46:684][  0]LogHMD: Can't find Oculus library dev build: is proper Runtime installed? Version: 0.8.0.0
[2016.03.11-18.27.47:856][  0]LogHMD: SteamVR failed to initialize.  Err: 108
[2016.03.11-18.27.49:291][  0]LogAIModule: Creating AISystem for world NewWorld
[2016.03.11-18.27.49:547][  0]LogInit: XAudio2 using 'Speakers (Razer Surround Audio Controller)' : 8 channels at 48 kHz using 16 bits per sample (channel mask 0x63f)
[2016.03.11-18.27.49:556][  0]LogInit: FAudioDevice initialized.
[2016.03.11-18.27.49:582][  0]LogDerivedDataCache: Saved boot cache 0.03s 41MB C:/Users/Jordan Coyle/AppData/Local/UnrealEngine/4.10/DerivedDataCache/Boot.ddc.
[2016.03.11-18.27.49:590][  0]LogInit: Texture streaming: Enabled
[2016.03.11-18.27.50:063][  0]LogAnalytics: Creating configured Analytics provider AnalyticsET
[2016.03.11-18.27.50:070][  0]LogAnalytics: [UEEditor.Rocket.Release] APIServer = http://et2.epicgames.com/ET2/. AppVersion = 4.10.2-2818068+++depot+UE4-Releases+4.10
[2016.03.11-18.27.50:070][  0]LogAnalytics: [UEEditor.Rocket.Release] SetUserId 904e41cd438aba9bb04f26ae3d7cdd1e|f543c5249e454624aa0c7175b8875023|ce6cde7c-d7ff-441f-8f40-d6f700bed5ca
[2016.03.11-18.27.50:101][  0]LogAnalytics: [UEEditor.Rocket.Release] AnalyticsET::StartSession
[2016.03.11-18.27.50:356][  0]LogInit: Transaction tracking system initialized
[2016.03.11-18.27.51:546][  0]BlueprintLog: New page: Editor Load
[2016.03.11-18.27.54:903][  0]LocalizationService: Info Localization service is disabled
[2016.03.11-18.27.56:453][  0]LogConsoleResponse:Display: 
[2016.03.11-18.28.00:730][  0]LogFileCache: Scanning file cache for directory 'C:/Users/Jordan Coyle/Documents/Anthrocratos/Anthrocratos_UE4/Content/' took 0.05s
[2016.03.11-18.28.00:730][  0]LogCook:Display: Done creating registry. It took  0.00s.
[2016.03.11-18.28.02:743][  0]SourceControl: Info Source control is disabled
[2016.03.11-18.28.02:830][  0]Cmd: MAP LOAD FILE="../../../../../../Users/Jordan Coyle/Documents/Anthrocratos/Anthrocratos_UE4/Content/Levels/Kieran-Test.umap" TEMPLATE=0 SHOWPROGRESS=1 FEATURELEVEL=3
[2016.03.11-18.28.02:970][  0]LightingResults: New page: Lighting Build
[2016.03.11-18.28.03:425][  0]MapCheck: New page: Map Check
[2016.03.11-18.28.03:425][  0]LightingResults: New page: Lighting Build
[2016.03.11-18.28.04:166][  0]LogParticles: Destroying 0 GPU particle simulations for FXSystem 0x000000F793D7F240
[2016.03.11-18.28.06:508][  0]LogBlueprint:Warning: USimpleConstructionScript::FixupRootNodeParentReferences() - Couldn't find inherited parent component 'TileMesh' for 'BuildingMesh' in BlueprintGeneratedClass 'REINST_Building_C_34' (it may have been removed)
[2016.03.11-18.28.07:004][  0]LogLinker:Warning: CreateExport: Failed to load Parent for Function /Game/Blueprints/Tiles/Buildings/BatteryCagedLivestock.BatteryCagedLivestock_C:UserConstructionScript; removing parent information, but keeping function
[2016.03.11-18.28.07:036][  0]LogLinker:Warning: CreateExport: Failed to load Parent for Function /Game/Blueprints/Tiles/Buildings/FossilBasedEnergy.FossilBasedEnergy_C:UserConstructionScript; removing parent information, but keeping function
[2016.03.11-18.28.07:059][  0]LogLinker:Warning: CreateExport: Failed to load Parent for Function /Game/Blueprints/Tiles/Buildings/Free-RangeLivestock.Free-RangeLivestock_C:UserConstructionScript; removing parent information, but keeping function
[2016.03.11-18.28.07:114][  0]LogLinker:Warning: CreateExport: Failed to load Parent for Function /Game/Blueprints/Tiles/Buildings/Incinerator.Incinerator_C:UserConstructionScript; removing parent information, but keeping function
[2016.03.11-18.28.07:171][  0]LogLinker:Warning: CreateExport: Failed to load Parent for Function /Game/Blueprints/Tiles/Buildings/IntensiveFarming.IntensiveFarming_C:UserConstructionScript; removing parent information, but keeping function
[2016.03.11-18.28.07:219][  0]LogLinker:Warning: CreateExport: Failed to load Parent for Function /Game/Blueprints/Tiles/Buildings/NuclearPower.NuclearPower_C:UserConstructionScript; removing parent information, but keeping function
[2016.03.11-18.28.07:256][  0]LogLinker:Warning: CreateExport: Failed to load Parent for Function /Game/Blueprints/Tiles/Buildings/OrganicFarm.OrganicFarm_C:UserConstructionScript; removing parent information, but keeping function
[2016.03.11-18.28.07:283][  0]LogLinker:Warning: CreateExport: Failed to load Parent for Function /Game/Blueprints/Tiles/Buildings/RecyclingCentre.RecyclingCentre_C:UserConstructionScript; removing parent information, but keeping function
[2016.03.11-18.28.07:303][  0]LogLinker:Warning: CreateExport: Failed to load Parent for Function /Game/Blueprints/Tiles/Buildings/SolarPanels.SolarPanels_C:UserConstructionScript; removing parent information, but keeping function
[2016.03.11-18.28.07:337][  0]LogLinker:Warning: CreateExport: Failed to load Parent for Function /Game/Blueprints/Tiles/Buildings/Windmills.Windmills_C:UserConstructionScript; removing parent information, but keeping function
[2016.03.11-18.28.07:647][  0]LogLinker:Warning: CreateExport: Failed to load Parent for Function /Game/Blueprints/Tiles/Biomes/DesertTile.DesertTile_C:UserConstructionScript; removing parent information, but keeping function
[2016.03.11-18.28.07:687][  0]LogLinker:Warning: CreateExport: Failed to load Parent for Function /Game/Blueprints/Tiles/Biomes/FieldTile.FieldTile_C:UserConstructionScript; removing parent information, but keeping function
[2016.03.11-18.28.07:781][  0]LogLinker:Warning: CreateExport: Failed to load Parent for Function /Game/Blueprints/Tiles/Biomes/ForestTile.ForestTile_C:UserConstructionScript; removing parent information, but keeping function
[2016.03.11-18.28.07:880][  0]LogLinker:Warning: CreateExport: Failed to load Parent for Function /Game/Blueprints/Tiles/Biomes/MountainTile.MountainTile_C:UserConstructionScript; removing parent information, but keeping function
[2016.03.11-18.28.07:907][  0]LogLinker:Warning: CreateExport: Failed to load Parent for Function /Game/Blueprints/Tiles/Buildings/CityCentre.CityCentre_C:UserConstructionScript; removing parent information, but keeping function
[2016.03.11-18.28.08:037][  0]LogBlueprint:Error: Broken Node: K2Node_CallArrayFunction /Game/Blueprints/Tiles/GameTileSpawner.GameTileSpawner:SetTileIsFilled.K2Node_CallArrayFunction_44 keeps removed/invalid pin: EdGraphPin /Game/Blueprints/Tiles/GameTileSpawner.GameTileSpawner:SetTileIsFilled.K2Node_CallArrayFunction_44.EdGraphPin_44770. Try refresh all nodes.
[2016.03.11-18.28.08:086][  0]LogBlueprint:Error: Broken Node: K2Node_CallArrayFunction /Game/Blueprints/Tiles/GameTileSpawner.GameTileSpawner:SetTileIsFilled.K2Node_CallArrayFunction_44 keeps removed/invalid pin: EdGraphPin /Game/Blueprints/Tiles/GameTileSpawner.GameTileSpawner:SetTileIsFilled.K2Node_CallArrayFunction_44.EdGraphPin_44770. Try refresh all nodes.
[2016.03.11-18.28.09:664][  0]LogAIModule: Creating AISystem for world Kieran-Test
[2016.03.11-18.28.10:627][  0]LogEditorServer: Finished looking for orphan Actors (0.000 secs)
[2016.03.11-18.28.10:686][  0]Cmd: MAP CHECKDEP NOCLEARLOG
[2016.03.11-18.28.10:846][  0]MapCheck: Info Map check complete: 0 Error(s), 0 Warning(s), took 159.854ms to complete.
[2016.03.11-18.28.10:846][  0]LogFileHelpers: Loading map 'Kieran-Test' took 8.039
[2016.03.11-18.28.12:886][  0]LogCollectionManager: Loaded 0 collections in 0.002441 seconds
[2016.03.11-18.28.13:311][  0]LogFileCache: Scanning file cache for directory 'C:/Users/Jordan Coyle/Documents/Anthrocratos/Anthrocratos_UE4/Saved/Collections/' took 0.01s
[2016.03.11-18.28.13:311][  0]LogFileCache: Scanning file cache for directory 'C:/Users/Jordan Coyle/Documents/Anthrocratos/Anthrocratos_UE4/Content/Developers/JordanCoyle/Collections/' took 0.01s
[2016.03.11-18.28.13:311][  0]LogFileCache: Scanning file cache for directory 'C:/Users/Jordan Coyle/Documents/Anthrocratos/Anthrocratos_UE4/Content/Collections/' took 0.01s
[2016.03.11-18.28.13:311][  0]LogCollectionManager: Rebuilt the GUID cache for 0 collections in 0.000002 seconds
[2016.03.11-18.28.13:379][  0]LogContentBrowser: Native class hierarchy populated in 0.0670 seconds. Added 1896 classes and 340 folders.
[2016.03.11-18.28.13:521][  0]LogContentBrowser: Native class hierarchy updated for 'WidgetCarousel' in 0.0011 seconds. Added 0 classes and 0 folders.
[2016.03.11-18.28.15:265][  0]LogContentBrowser: Native class hierarchy updated for 'AddContentDialog' in 0.0012 seconds. Added 0 classes and 0 folders.
[2016.03.11-18.28.15:490][  0]LogContentBrowser: Native class hierarchy updated for 'SceneOutliner' in 0.0013 seconds. Added 1 classes and 2 folders.
[2016.03.11-18.28.17:131][  0]LogCrashTracker: Crashtracker disabled due to settings.
[2016.03.11-18.28.17:335][  0]LogUObjectGlobals:Warning: Failed to find object 'Class None.'
[2016.03.11-18.28.17:433][  0]LogLoad: Full Startup: 99.09 seconds (BP compile: 1.92 seconds)
[2016.03.11-18.28.17:831][  0]LogOcInput: Can't find Oculus library dev build: is proper Runtime installed? Version: 0.8.0.0
[2016.03.11-18.28.18:583][  0]LogContentStreaming: Texture pool size now 1000 MB
[2016.03.11-18.28.19:276][  0]LogRenderer: Reallocating scene render targets to support 1208x572 (Frame:2).
[2016.03.11-18.28.20:270][  1]LogFileCache: Retrieving MD5 hashes for directory 'C:/Users/Jordan Coyle/Documents/Anthrocratos/Anthrocratos_UE4/Content/' took 2.36s
[2016.03.11-18.28.23:740][ 11]LogAssetRegistry: Asset discovery search completed in 49.2435 seconds
[2016.03.11-18.28.23:752][ 11]LogCollectionManager: Rebuilt the object cache for 0 collections in 0.000001 seconds (found 0 objects)
[2016.03.11-18.28.23:752][ 11]LogCollectionManager: Fixed up redirectors for 0 collections in 0.000083 seconds (updated 0 objects)
[2016.03.11-18.34.30:383][502]LogBlueprintUserMessages: Early PlayInEditor Detection: Level '/Game/Levels/Kieran-Test.Kieran-Test:PersistentLevel' has LevelScriptBlueprint '/Game/Levels/Kieran-Test.Kieran-Test:PersistentLevel.Kieran-Test' with GeneratedClass '/Game/Levels/Kieran-Test.Kieran-Test_C' with ClassGeneratedBy '/Game/Levels/Kieran-Test.Kieran-Test:PersistentLevel.Kieran-Test'
[2016.03.11-18.34.30:383][502]LogPlayLevel: PlayLevel: No blueprints needed recompiling
[2016.03.11-18.34.30:426][502]PIE: New page: PIE session: Kieran-Test (11 Mar 2016 18:34:30)
[2016.03.11-18.34.30:426][502]LogPlayLevel: Creating play world package: /Game/Levels/UEDPIE_0_Kieran-Test
[2016.03.11-18.34.30:443][502]LogPlayLevel: PIE: StaticDuplicateObject took: (0.017086s)
[2016.03.11-18.34.30:444][502]LogAIModule: Creating AISystem for world Kieran-Test
[2016.03.11-18.34.30:444][502]LogPlayLevel: PIE: World Init took: (0.000919s)
[2016.03.11-18.34.30:444][502]LogPlayLevel: PIE: Created PIE world by copying editor world from /Game/Levels/Kieran-Test.Kieran-Test to /Game/Levels/UEDPIE_0_Kieran-Test.Kieran-Test (0.018318s)
[2016.03.11-18.34.30:654][502]LogInit: XAudio2 using 'Speakers (Razer Surround Audio Controller)' : 8 channels at 48 kHz using 16 bits per sample (channel mask 0x63f)
[2016.03.11-18.34.30:658][502]LogInit: FAudioDevice initialized.
[2016.03.11-18.34.30:971][502]LogWorld: Game class is 'AnthroGameMode_C'
[2016.03.11-18.34.31:030][502]LogWorld: Bringing World /Game/Levels/UEDPIE_0_Kieran-Test.Kieran-Test up for play (max tick rate 0) at 2016.03.11-18.34.31
[2016.03.11-18.34.31:031][502]LogActor:Warning: GameSession /Game/Levels/UEDPIE_0_Kieran-Test.Kieran-Test:PersistentLevel.GameSession_0 has natively added scene component(s), but none of them were set as the actor's RootComponent - picking one arbitrarily
[2016.03.11-18.34.31:042][502]LogActor:Warning: GameNetworkManager /Game/Levels/UEDPIE_0_Kieran-Test.Kieran-Test:PersistentLevel.GameNetworkManager_0 has natively added scene component(s), but none of them were set as the actor's RootComponent - picking one arbitrarily
[2016.03.11-18.34.31:052][502]LogWorld: Bringing up level for play took: 0.022450
[2016.03.11-18.34.31:315][502]LogBlueprintUserMessages: [GameTileSpawner_C_1] TilesGenerated
[2016.03.11-18.34.31:376][502]PIE: Info Play in editor start time for /Game/Levels/UEDPIE_0_Kieran-Test 0.334
[2016.03.11-18.34.31:376][502]LogBlueprintUserMessages: Late PlayInEditor Detection: Level '/Game/Levels/Kieran-Test.Kieran-Test:PersistentLevel' has LevelScriptBlueprint '/Game/Levels/Kieran-Test.Kieran-Test:PersistentLevel.Kieran-Test' with GeneratedClass '/Game/Levels/Kieran-Test.Kieran-Test_C' with ClassGeneratedBy '/Game/Levels/Kieran-Test.Kieran-Test:PersistentLevel.Kieran-Test'
[2016.03.11-18.34.31:623][502]LogScript:Warning: Accessed None 'HexTileRef'
	BuildingUI_C /Engine/Transient.UnrealEdEngine_0:GameInstance_0.BuildingUI_C_0
	Function /Game/Blueprints/UI/BuildingUI.BuildingUI_C:ExecuteUbergraph_BuildingUI:00AA
[2016.03.11-18.34.31:660][503]LogScript:Warning: Accessed None 'HexTileRef'
	BuildingUI_C /Engine/Transient.UnrealEdEngine_0:GameInstance_0.BuildingUI_C_0
	Function /Game/Blueprints/UI/BuildingUI.BuildingUI_C:ExecuteUbergraph_BuildingUI:00AA
[2016.03.11-18.34.31:668][504]LogScript:Warning: Accessed None 'HexTileRef'
	BuildingUI_C /Engine/Transient.UnrealEdEngine_0:GameInstance_0.BuildingUI_C_0
	Function /Game/Blueprints/UI/BuildingUI.BuildingUI_C:ExecuteUbergraph_BuildingUI:00AA
[2016.03.11-18.34.31:676][505]LogScript:Warning: Accessed None 'HexTileRef'
	BuildingUI_C /Engine/Transient.UnrealEdEngine_0:GameInstance_0.BuildingUI_C_0
	Function /Game/Blueprints/UI/BuildingUI.BuildingUI_C:ExecuteUbergraph_BuildingUI:00AA
[2016.03.11-18.34.31:688][506]LogScript:Warning: Accessed None 'HexTileRef'
	BuildingUI_C /Engine/Transient.UnrealEdEngine_0:GameInstance_0.BuildingUI_C_0
	Function /Game/Blueprints/UI/BuildingUI.BuildingUI_C:ExecuteUbergraph_BuildingUI:00AA
[2016.03.11-18.34.31:696][507]LogScript:Warning: Accessed None 'HexTileRef'
	BuildingUI_C /Engine/Transient.UnrealEdEngine_0:GameInstance_0.BuildingUI_C_0
	Function /Game/Blueprints/UI/BuildingUI.BuildingUI_C:ExecuteUbergraph_BuildingUI:00AA
[2016.03.11-18.34.31:704][508]LogScript:Warning: Accessed None 'HexTileRef'
	BuildingUI_C /Engine/Transient.UnrealEdEngine_0:GameInstance_0.BuildingUI_C_0
	Function /Game/Blueprints/UI/BuildingUI.BuildingUI_C:ExecuteUbergraph_BuildingUI:00AA
[2016.03.11-18.34.31:715][509]LogScript:Warning: Accessed None 'HexTileRef'
	BuildingUI_C /Engine/Transient.UnrealEdEngine_0:GameInstance_0.BuildingUI_C_0
	Function /Game/Blueprints/UI/BuildingUI.BuildingUI_C:ExecuteUbergraph_BuildingUI:00AA
[2016.03.11-18.34.31:723][510]LogScript:Warning: Accessed None 'HexTileRef'
	BuildingUI_C /Engine/Transient.UnrealEdEngine_0:GameInstance_0.BuildingUI_C_0
	Function /Game/Blueprints/UI/BuildingUI.BuildingUI_C:ExecuteUbergraph_BuildingUI:00AA
[2016.03.11-18.34.31:731][511]LogScript:Warning: Accessed None 'HexTileRef'
	BuildingUI_C /Engine/Transient.UnrealEdEngine_0:GameInstance_0.BuildingUI_C_0
	Function /Game/Blueprints/UI/BuildingUI.BuildingUI_C:ExecuteUbergraph_BuildingUI:00AA
[2016.03.11-18.34.31:741][512]LogScript:Warning: Accessed None 'HexTileRef'
	BuildingUI_C /Engine/Transient.UnrealEdEngine_0:GameInstance_0.BuildingUI_C_0
	Function /Game/Blueprints/UI/BuildingUI.BuildingUI_C:ExecuteUbergraph_BuildingUI:00AA
[2016.03.11-18.34.31:749][513]LogScript:Warning: Accessed None 'HexTileRef'
	BuildingUI_C /Engine/Transient.UnrealEdEngine_0:GameInstance_0.BuildingUI_C_0
	Function /Game/Blueprints/UI/BuildingUI.BuildingUI_C:ExecuteUbergraph_BuildingUI:00AA
[2016.03.11-18.34.31:757][514]LogScript:Warning: Accessed None 'HexTileRef'
	BuildingUI_C /Engine/Transient.UnrealEdEngine_0:GameInstance_0.BuildingUI_C_0
	Function /Game/Blueprints/UI/BuildingUI.BuildingUI_C:ExecuteUbergraph_BuildingUI:00AA
[2016.03.11-18.34.31:765][515]LogScript:Warning: Accessed None 'HexTileRef'
	BuildingUI_C /Engine/Transient.UnrealEdEngine_0:GameInstance_0.BuildingUI_C_0
	Function /Game/Blueprints/UI/BuildingUI.BuildingUI_C:ExecuteUbergraph_BuildingUI:00AA
[2016.03.11-18.34.31:774][516]LogScript:Warning: Accessed None 'HexTileRef'
	BuildingUI_C /Engine/Transient.UnrealEdEngine_0:GameInstance_0.BuildingUI_C_0
	Function /Game/Blueprints/UI/BuildingUI.BuildingUI_C:ExecuteUbergraph_BuildingUI:00AA
[2016.03.11-18.34.31:782][517]LogScript:Warning: Accessed None 'HexTileRef'
	BuildingUI_C /Engine/Transient.UnrealEdEngine_0:GameInstance_0.BuildingUI_C_0
	Function /Game/Blueprints/UI/BuildingUI.BuildingUI_C:ExecuteUbergraph_BuildingUI:00AA
[2016.03.11-18.34.31:791][518]LogScript:Warning: Accessed None 'HexTileRef'
	BuildingUI_C /Engine/Transient.UnrealEdEngine_0:GameInstance_0.BuildingUI_C_0
	Function /Game/Blueprints/UI/BuildingUI.BuildingUI_C:ExecuteUbergraph_BuildingUI:00AA
[2016.03.11-18.34.34:327][818]LogBlueprintUserMessages: [AnthroGameMode_C_0] 1 action left
[2016.03.11-18.34.34:327][818]LogBlueprintUserMessages: [PlayerStatsMain_C_3] BuildingTracked
[2016.03.11-18.34.36:288][ 49]LogBlueprintUserMessages: [AnthroGameMode_C_0] 0 action left
[2016.03.11-18.34.36:288][ 49]LogBlueprintUserMessages: [PlayerStatsMain_C_3] BuildingTracked
[2016.03.11-18.34.37:126][148]LogScript:Warning: Accessed None 'CallFunc_SlotAsCanvasSlot_ReturnValue'
	Tooltip_C /Engine/Transient.UnrealEdEngine_0:GameInstance_0.Tooltip_C_0
	Function /Game/Blueprints/UI/Tooltip.Tooltip_C:ExecuteUbergraph_Tooltip:00C1
[2016.03.11-18.34.37:126][148]LogScript:Warning: Accessed None 'CallFunc_SlotAsCanvasSlot_ReturnValue'
	Tooltip_C /Engine/Transient.UnrealEdEngine_0:GameInstance_0.Tooltip_C_0
	Function /Game/Blueprints/UI/Tooltip.Tooltip_C:ExecuteUbergraph_Tooltip:0163
[2016.03.11-18.34.39:200][395]LogBlueprintUserMessages: [AnthroGameMode_C_0] next player
[2016.03.11-18.34.39:848][472]LogBlueprintUserMessages: [PlayerStatsMain_C_3] Added Happiness
[2016.03.11-18.34.39:848][472]LogBlueprintUserMessages: [PlayerStatsMain_C_3] Added Happiness
[2016.03.11-18.34.39:848][472]LogBlueprintUserMessages: [AnthroGameMode_C_0] End Round
[2016.03.11-18.34.40:123][505]LogBlueprintUserMessages: [AnthroGameMode_C_0] next player
[2016.03.11-18.34.40:598][562]LogBlueprintUserMessages: [PlayerStatsMain_C_3] Added Happiness
[2016.03.11-18.34.40:598][562]LogBlueprintUserMessages: [PlayerStatsMain_C_3] Added Happiness
[2016.03.11-18.34.40:598][562]LogBlueprintUserMessages: [AnthroGameMode_C_0] End Round
[2016.03.11-18.34.40:798][586]LogBlueprintUserMessages: [AnthroGameMode_C_0] next player
[2016.03.11-18.34.40:990][609]LogBlueprintUserMessages: [PlayerStatsMain_C_3] Added Happiness
[2016.03.11-18.34.40:990][609]LogBlueprintUserMessages: [PlayerStatsMain_C_3] Added Happiness
[2016.03.11-18.34.40:990][609]LogBlueprintUserMessages: [AnthroGameMode_C_0] End Round
[2016.03.11-18.34.41:199][634]LogBlueprintUserMessages: [AnthroGameMode_C_0] next player
[2016.03.11-18.34.41:382][656]LogBlueprintUserMessages: [PlayerStatsMain_C_3] Added Happiness
[2016.03.11-18.34.41:382][656]LogBlueprintUserMessages: [PlayerStatsMain_C_3] Added Happiness
[2016.03.11-18.34.41:382][656]LogBlueprintUserMessages: [AnthroGameMode_C_0] End Round
[2016.03.11-18.34.41:574][679]LogBlueprintUserMessages: [AnthroGameMode_C_0] next player
[2016.03.11-18.34.41:745][699]LogBlueprintUserMessages: [PlayerStatsMain_C_3] Added Happiness
[2016.03.11-18.34.41:745][699]LogBlueprintUserMessages: [PlayerStatsMain_C_3] Added Happiness
[2016.03.11-18.34.41:745][699]LogBlueprintUserMessages: [AnthroGameMode_C_0] End Round
[2016.03.11-18.34.41:928][720]LogBlueprintUserMessages: [AnthroGameMode_C_0] next player
[2016.03.11-18.34.42:128][744]LogBlueprintUserMessages: [PlayerStatsMain_C_3] Added Happiness
[2016.03.11-18.34.42:129][744]LogBlueprintUserMessages: [PlayerStatsMain_C_3] Added Happiness
[2016.03.11-18.34.42:129][744]LogBlueprintUserMessages: [AnthroGameMode_C_0] End Round
[2016.03.11-18.34.42:320][767]LogBlueprintUserMessages: [AnthroGameMode_C_0] next player
[2016.03.11-18.34.42:537][793]LogBlueprintUserMessages: [PlayerStatsMain_C_3] Added Happiness
[2016.03.11-18.34.42:537][793]LogBlueprintUserMessages: [PlayerStatsMain_C_3] Added Happiness
[2016.03.11-18.34.42:537][793]LogBlueprintUserMessages: [AnthroGameMode_C_0] End Round
[2016.03.11-18.34.42:711][813]LogBlueprintUserMessages: [AnthroGameMode_C_0] next player
[2016.03.11-18.34.43:078][857]LogBlueprintUserMessages: [PlayerStatsMain_C_3] Added Happiness
[2016.03.11-18.34.43:078][857]LogBlueprintUserMessages: [PlayerStatsMain_C_3] Added Happiness
[2016.03.11-18.34.43:078][857]LogBlueprintUserMessages: [AnthroGameMode_C_0] End Round
[2016.03.11-18.34.43:269][880]LogBlueprintUserMessages: [AnthroGameMode_C_0] next player
[2016.03.11-18.34.43:461][903]LogBlueprintUserMessages: [PlayerStatsMain_C_3] Added Happiness
[2016.03.11-18.34.43:461][903]LogBlueprintUserMessages: [PlayerStatsMain_C_3] Added Happiness
[2016.03.11-18.34.43:461][903]LogBlueprintUserMessages: [AnthroGameMode_C_0] End Round
[2016.03.11-18.34.43:661][927]LogBlueprintUserMessages: [AnthroGameMode_C_0] next player
[2016.03.11-18.34.43:853][950]LogBlueprintUserMessages: [PlayerStatsMain_C_3] Added Happiness
[2016.03.11-18.34.43:853][950]LogBlueprintUserMessages: [PlayerStatsMain_C_3] Added Happiness
[2016.03.11-18.34.43:853][950]LogBlueprintUserMessages: [AnthroGameMode_C_0] End Round
[2016.03.11-18.34.44:053][974]LogBlueprintUserMessages: [AnthroGameMode_C_0] next player
[2016.03.11-18.34.44:244][997]LogBlueprintUserMessages: [PlayerStatsMain_C_3] Added Happiness
[2016.03.11-18.34.44:244][997]LogBlueprintUserMessages: [PlayerStatsMain_C_3] Added Happiness
[2016.03.11-18.34.44:244][997]LogBlueprintUserMessages: [AnthroGameMode_C_0] End Round
[2016.03.11-18.34.44:444][ 21]LogBlueprintUserMessages: [AnthroGameMode_C_0] next player
[2016.03.11-18.34.44:653][ 46]LogBlueprintUserMessages: [PlayerStatsMain_C_3] Added Happiness
[2016.03.11-18.34.44:653][ 46]LogBlueprintUserMessages: [PlayerStatsMain_C_3] Added Happiness
[2016.03.11-18.34.44:653][ 46]LogBlueprintUserMessages: [AnthroGameMode_C_0] End Round
[2016.03.11-18.34.44:845][ 69]LogBlueprintUserMessages: [AnthroGameMode_C_0] next player
[2016.03.11-18.34.45:053][ 94]LogBlueprintUserMessages: [PlayerStatsMain_C_3] Added Happiness
[2016.03.11-18.34.45:053][ 94]LogBlueprintUserMessages: [PlayerStatsMain_C_3] Added Happiness
[2016.03.11-18.34.45:053][ 94]LogBlueprintUserMessages: [AnthroGameMode_C_0] End Round
[2016.03.11-18.34.45:053][ 94]LogBlueprintUserMessages: [PlayerStatsMain_C_3] Player 1 Wins!
[2016.03.11-18.34.45:261][119]LogBlueprintUserMessages: [AnthroGameMode_C_0] next player
[2016.03.11-18.34.45:636][164]LogBlueprintUserMessages: [PlayerStatsMain_C_3] Added Happiness
[2016.03.11-18.34.45:636][164]LogBlueprintUserMessages: [PlayerStatsMain_C_3] Added Happiness
[2016.03.11-18.34.45:636][164]LogBlueprintUserMessages: [AnthroGameMode_C_0] End Round
[2016.03.11-18.34.45:636][164]LogBlueprintUserMessages: [PlayerStatsMain_C_3] Player 1 Wins!
[2016.03.11-18.34.45:822][185]LogBlueprintUserMessages: [AnthroGameMode_C_0] next player
[2016.03.11-18.34.46:022][209]LogBlueprintUserMessages: [PlayerStatsMain_C_3] Added Happiness
[2016.03.11-18.34.46:022][209]LogBlueprintUserMessages: [PlayerStatsMain_C_3] Added Happiness
[2016.03.11-18.34.46:022][209]LogBlueprintUserMessages: [AnthroGameMode_C_0] End Round
[2016.03.11-18.34.46:022][209]LogBlueprintUserMessages: [PlayerStatsMain_C_3] Player 1 Wins!
[2016.03.11-18.34.46:240][235]LogBlueprintUserMessages: [AnthroGameMode_C_0] next player
[2016.03.11-18.34.46:448][260]LogBlueprintUserMessages: [PlayerStatsMain_C_3] Added Happiness
[2016.03.11-18.34.46:448][260]LogBlueprintUserMessages: [PlayerStatsMain_C_3] Added Happiness
[2016.03.11-18.34.46:448][260]LogBlueprintUserMessages: [AnthroGameMode_C_0] End Round
[2016.03.11-18.34.46:448][260]LogBlueprintUserMessages: [PlayerStatsMain_C_3] Player 1 Wins!
[2016.03.11-18.34.46:656][284]LogBlueprintUserMessages: [AnthroGameMode_C_0] next player
[2016.03.11-18.34.47:012][327]LogBlueprintUserMessages: [PlayerStatsMain_C_3] Added Happiness
[2016.03.11-18.34.47:012][327]LogBlueprintUserMessages: [PlayerStatsMain_C_3] Added Happiness
[2016.03.11-18.34.47:013][327]LogBlueprintUserMessages: [AnthroGameMode_C_0] End Round
[2016.03.11-18.34.47:013][327]LogBlueprintUserMessages: [PlayerStatsMain_C_3] Player 1 Wins!
[2016.03.11-18.34.47:187][348]LogBlueprintUserMessages: [AnthroGameMode_C_0] next player
[2016.03.11-18.34.48:760][534]LogBlueprintUserMessages: Early EndPlayMap Detection: Level '/Game/Levels/Kieran-Test.Kieran-Test:PersistentLevel' has LevelScriptBlueprint '/Game/Levels/Kieran-Test.Kieran-Test:PersistentLevel.Kieran-Test' with GeneratedClass '/Game/Levels/Kieran-Test.Kieran-Test_C' with ClassGeneratedBy '/Game/Levels/Kieran-Test.Kieran-Test:PersistentLevel.Kieran-Test'
[2016.03.11-18.34.48:904][534]LogBlueprintUserMessages: Late EndPlayMap Detection: Level '/Game/Levels/Kieran-Test.Kieran-Test:PersistentLevel' has LevelScriptBlueprint '/Game/Levels/Kieran-Test.Kieran-Test:PersistentLevel.Kieran-Test' with GeneratedClass '/Game/Levels/Kieran-Test.Kieran-Test_C' with ClassGeneratedBy '/Game/Levels/Kieran-Test.Kieran-Test:PersistentLevel.Kieran-Test'
[2016.03.11-18.34.48:956][534]LogParticles: Destroying 0 GPU particle simulations for FXSystem 0x000000F7A628E160
[2016.03.11-18.35.13:154][ 46]LogLinker:Warning: Asset '../../../Engine/Content/ArtTools/RenderToTexture/Macros/RenderToTextureMacros.uasset' has been saved with empty engine version. The asset will be loaded but may be incompatible.
[2016.03.11-18.35.14:223][ 46]LogContentBrowser: Native class hierarchy updated for 'BlueprintGraph' in 0.0016 seconds. Added 107 classes and 0 folders.
[2016.03.11-18.35.36:854][429]LogBlueprintUserMessages: Early PlayInEditor Detection: Level '/Game/Levels/Kieran-Test.Kieran-Test:PersistentLevel' has LevelScriptBlueprint '/Game/Levels/Kieran-Test.Kieran-Test:PersistentLevel.Kieran-Test' with GeneratedClass '/Game/Levels/Kieran-Test.Kieran-Test_C' with ClassGeneratedBy '/Game/Levels/Kieran-Test.Kieran-Test:PersistentLevel.Kieran-Test'
[2016.03.11-18.35.36:854][429]LogPlayLevel: PlayLevel: No blueprints needed recompiling
[2016.03.11-18.35.36:854][429]PIE: New page: PIE session: Kieran-Test (11 Mar 2016 18:35:36)
[2016.03.11-18.35.36:854][429]LogPlayLevel: Creating play world package: /Game/Levels/UEDPIE_0_Kieran-Test
[2016.03.11-18.35.36:857][429]LogPlayLevel: PIE: StaticDuplicateObject took: (0.002871s)
[2016.03.11-18.35.36:858][429]LogAIModule: Creating AISystem for world Kieran-Test
[2016.03.11-18.35.36:858][429]LogPlayLevel: PIE: World Init took: (0.001045s)
[2016.03.11-18.35.36:858][429]LogPlayLevel: PIE: Created PIE world by copying editor world from /Game/Levels/Kieran-Test.Kieran-Test to /Game/Levels/UEDPIE_0_Kieran-Test.Kieran-Test (0.004156s)
[2016.03.11-18.35.36:889][429]LogInit: XAudio2 using 'Speakers (Razer Surround Audio Controller)' : 8 channels at 48 kHz using 16 bits per sample (channel mask 0x63f)
[2016.03.11-18.35.36:892][429]LogInit: FAudioDevice initialized.
[2016.03.11-18.35.36:926][429]LogWorld: Game class is 'AnthroGameMode_C'
[2016.03.11-18.35.36:928][429]LogWorld: Bringing World /Game/Levels/UEDPIE_0_Kieran-Test.Kieran-Test up for play (max tick rate 0) at 2016.03.11-18.35.36
[2016.03.11-18.35.36:929][429]LogActor:Warning: GameSession /Game/Levels/UEDPIE_0_Kieran-Test.Kieran-Test:PersistentLevel.GameSession_1 has natively added scene component(s), but none of them were set as the actor's RootComponent - picking one arbitrarily
[2016.03.11-18.35.36:929][429]LogActor:Warning: GameNetworkManager /Game/Levels/UEDPIE_0_Kieran-Test.Kieran-Test:PersistentLevel.GameNetworkManager_1 has natively added scene component(s), but none of them were set as the actor's RootComponent - picking one arbitrarily
[2016.03.11-18.35.36:929][429]LogWorld: Bringing up level for play took: 0.001888
[2016.03.11-18.35.36:933][429]LogBlueprintUserMessages: [GameTileSpawner_C_1] TilesGenerated
[2016.03.11-18.35.36:951][429]PIE: Info Play in editor start time for /Game/Levels/UEDPIE_0_Kieran-Test -0.092
[2016.03.11-18.35.36:951][429]LogBlueprintUserMessages: Late PlayInEditor Detection: Level '/Game/Levels/Kieran-Test.Kieran-Test:PersistentLevel' has LevelScriptBlueprint '/Game/Levels/Kieran-Test.Kieran-Test:PersistentLevel.Kieran-Test' with GeneratedClass '/Game/Levels/Kieran-Test.Kieran-Test_C' with ClassGeneratedBy '/Game/Levels/Kieran-Test.Kieran-Test:PersistentLevel.Kieran-Test'
[2016.03.11-18.35.36:960][429]LogScript:Warning: Accessed None 'HexTileRef'
	BuildingUI_C /Engine/Transient.UnrealEdEngine_0:GameInstance_1.BuildingUI_C_1
	Function /Game/Blueprints/UI/BuildingUI.BuildingUI_C:ExecuteUbergraph_BuildingUI:00AA
[2016.03.11-18.35.36:974][430]LogScript:Warning: Accessed None 'HexTileRef'
	BuildingUI_C /Engine/Transient.UnrealEdEngine_0:GameInstance_1.BuildingUI_C_1
	Function /Game/Blueprints/UI/BuildingUI.BuildingUI_C:ExecuteUbergraph_BuildingUI:00AA
[2016.03.11-18.35.36:982][431]LogScript:Warning: Accessed None 'HexTileRef'
	BuildingUI_C /Engine/Transient.UnrealEdEngine_0:GameInstance_1.BuildingUI_C_1
	Function /Game/Blueprints/UI/BuildingUI.BuildingUI_C:ExecuteUbergraph_BuildingUI:00AA
[2016.03.11-18.35.36:993][432]LogScript:Warning: Accessed None 'HexTileRef'
	BuildingUI_C /Engine/Transient.UnrealEdEngine_0:GameInstance_1.BuildingUI_C_1
	Function /Game/Blueprints/UI/BuildingUI.BuildingUI_C:ExecuteUbergraph_BuildingUI:00AA
[2016.03.11-18.35.37:000][433]LogScript:Warning: Accessed None 'HexTileRef'
	BuildingUI_C /Engine/Transient.UnrealEdEngine_0:GameInstance_1.BuildingUI_C_1
	Function /Game/Blueprints/UI/BuildingUI.BuildingUI_C:ExecuteUbergraph_BuildingUI:00AA
[2016.03.11-18.35.37:009][434]LogScript:Warning: Accessed None 'HexTileRef'
	BuildingUI_C /Engine/Transient.UnrealEdEngine_0:GameInstance_1.BuildingUI_C_1
	Function /Game/Blueprints/UI/BuildingUI.BuildingUI_C:ExecuteUbergraph_BuildingUI:00AA
[2016.03.11-18.35.37:019][435]LogScript:Warning: Accessed None 'HexTileRef'
	BuildingUI_C /Engine/Transient.UnrealEdEngine_0:GameInstance_1.BuildingUI_C_1
	Function /Game/Blueprints/UI/BuildingUI.BuildingUI_C:ExecuteUbergraph_BuildingUI:00AA
[2016.03.11-18.35.37:028][436]LogScript:Warning: Accessed None 'HexTileRef'
	BuildingUI_C /Engine/Transient.UnrealEdEngine_0:GameInstance_1.BuildingUI_C_1
	Function /Game/Blueprints/UI/BuildingUI.BuildingUI_C:ExecuteUbergraph_BuildingUI:00AA
[2016.03.11-18.35.37:036][437]LogScript:Warning: Accessed None 'HexTileRef'
	BuildingUI_C /Engine/Transient.UnrealEdEngine_0:GameInstance_1.BuildingUI_C_1
	Function /Game/Blueprints/UI/BuildingUI.BuildingUI_C:ExecuteUbergraph_BuildingUI:00AA
[2016.03.11-18.35.37:046][438]LogScript:Warning: Accessed None 'HexTileRef'
	BuildingUI_C /Engine/Transient.UnrealEdEngine_0:GameInstance_1.BuildingUI_C_1
	Function /Game/Blueprints/UI/BuildingUI.BuildingUI_C:ExecuteUbergraph_BuildingUI:00AA
[2016.03.11-18.35.37:056][439]LogScript:Warning: Accessed None 'HexTileRef'
	BuildingUI_C /Engine/Transient.UnrealEdEngine_0:GameInstance_1.BuildingUI_C_1
	Function /Game/Blueprints/UI/BuildingUI.BuildingUI_C:ExecuteUbergraph_BuildingUI:00AA
[2016.03.11-18.35.37:065][440]LogScript:Warning: Accessed None 'HexTileRef'
	BuildingUI_C /Engine/Transient.UnrealEdEngine_0:GameInstance_1.BuildingUI_C_1
	Function /Game/Blueprints/UI/BuildingUI.BuildingUI_C:ExecuteUbergraph_BuildingUI:00AA
[2016.03.11-18.35.37:073][441]LogScript:Warning: Accessed None 'HexTileRef'
	BuildingUI_C /Engine/Transient.UnrealEdEngine_0:GameInstance_1.BuildingUI_C_1
	Function /Game/Blueprints/UI/BuildingUI.BuildingUI_C:ExecuteUbergraph_BuildingUI:00AA
[2016.03.11-18.35.37:081][442]LogScript:Warning: Accessed None 'HexTileRef'
	BuildingUI_C /Engine/Transient.UnrealEdEngine_0:GameInstance_1.BuildingUI_C_1
	Function /Game/Blueprints/UI/BuildingUI.BuildingUI_C:ExecuteUbergraph_BuildingUI:00AA
[2016.03.11-18.35.37:090][443]LogScript:Warning: Accessed None 'HexTileRef'
	BuildingUI_C /Engine/Transient.UnrealEdEngine_0:GameInstance_1.BuildingUI_C_1
	Function /Game/Blueprints/UI/BuildingUI.BuildingUI_C:ExecuteUbergraph_BuildingUI:00AA
[2016.03.11-18.35.37:098][444]LogScript:Warning: Accessed None 'HexTileRef'
	BuildingUI_C /Engine/Transient.UnrealEdEngine_0:GameInstance_1.BuildingUI_C_1
	Function /Game/Blueprints/UI/BuildingUI.BuildingUI_C:ExecuteUbergraph_BuildingUI:00AA
[2016.03.11-18.35.37:106][445]LogScript:Warning: Accessed None 'HexTileRef'
	BuildingUI_C /Engine/Transient.UnrealEdEngine_0:GameInstance_1.BuildingUI_C_1
	Function /Game/Blueprints/UI/BuildingUI.BuildingUI_C:ExecuteUbergraph_BuildingUI:00AA
[2016.03.11-18.35.37:128][448]LogScript:Warning: Accessed None 'CallFunc_SlotAsCanvasSlot_ReturnValue'
	Tooltip_C /Engine/Transient.UnrealEdEngine_0:GameInstance_1.Tooltip_C_1
	Function /Game/Blueprints/UI/Tooltip.Tooltip_C:ExecuteUbergraph_Tooltip:00C1
[2016.03.11-18.35.37:128][448]LogScript:Warning: Accessed None 'CallFunc_SlotAsCanvasSlot_ReturnValue'
	Tooltip_C /Engine/Transient.UnrealEdEngine_0:GameInstance_1.Tooltip_C_1
	Function /Game/Blueprints/UI/Tooltip.Tooltip_C:ExecuteUbergraph_Tooltip:0163
[2016.03.11-18.35.39:234][698]LogBlueprintUserMessages: [AnthroGameMode_C_1] 1 action left
[2016.03.11-18.35.39:234][698]LogBlueprintUserMessages: [PlayerStatsMain_C_3] BuildingTracked
[2016.03.11-18.35.44:463][324]LogBlueprintUserMessages: [BuildingUI_C_1] NotEnoughMoney/AP!
[2016.03.11-18.35.45:978][505]LogScript:Warning: Accessed None 'CallFunc_SlotAsCanvasSlot_ReturnValue'
	Tooltip_C /Engine/Transient.UnrealEdEngine_0:GameInstance_1.Tooltip_C_2
	Function /Game/Blueprints/UI/Tooltip.Tooltip_C:ExecuteUbergraph_Tooltip:00C1
[2016.03.11-18.35.45:978][505]LogScript:Warning: Accessed None 'CallFunc_SlotAsCanvasSlot_ReturnValue'
	Tooltip_C /Engine/Transient.UnrealEdEngine_0:GameInstance_1.Tooltip_C_2
	Function /Game/Blueprints/UI/Tooltip.Tooltip_C:ExecuteUbergraph_Tooltip:0163
[2016.03.11-18.35.48:340][787]LogBlueprintUserMessages: [AnthroGameMode_C_1] 0 action left
[2016.03.11-18.35.48:341][787]LogBlueprintUserMessages: [PlayerStatsMain_C_3] BuildingTracked
[2016.03.11-18.35.52:694][307]LogBlueprintUserMessages: Early EndPlayMap Detection: Level '/Game/Levels/Kieran-Test.Kieran-Test:PersistentLevel' has LevelScriptBlueprint '/Game/Levels/Kieran-Test.Kieran-Test:PersistentLevel.Kieran-Test' with GeneratedClass '/Game/Levels/Kieran-Test.Kieran-Test_C' with ClassGeneratedBy '/Game/Levels/Kieran-Test.Kieran-Test:PersistentLevel.Kieran-Test'
[2016.03.11-18.35.52:728][307]LogBlueprintUserMessages: Late EndPlayMap Detection: Level '/Game/Levels/Kieran-Test.Kieran-Test:PersistentLevel' has LevelScriptBlueprint '/Game/Levels/Kieran-Test.Kieran-Test:PersistentLevel.Kieran-Test' with GeneratedClass '/Game/Levels/Kieran-Test.Kieran-Test_C' with ClassGeneratedBy '/Game/Levels/Kieran-Test.Kieran-Test:PersistentLevel.Kieran-Test'
[2016.03.11-18.35.52:753][307]LogParticles: Destroying 0 GPU particle simulations for FXSystem 0x000000F7CEFDB740
[2016.03.11-18.38.05:954][776]LogDialogs:Warning: Supressed: Variable NewVar_0 is in use! Do you really want to delete it?
[2016.03.11-18.38.22:331][493]LogUObjectHash:Warning: Ambiguous search, could be K2Node_VariableGet /Game/Blueprints/Tiles/GameTileSpawner.GameTileSpawner:SetSpawnTransformations.K2Node_VariableGet_252 or K2Node_VariableGet /Game/Blueprints/AI/Resource_Check.Resource_Check:EventGraph.K2Node_VariableGet_252
[2016.03.11-18.38.22:331][493]LogProperty:Warning: ObjectProperty /Script/Engine.EdGraphPin:LinkedTo.LinkedTo: unresolved reference to 'EdGraphPin'K2Node_VariableGet_252.EdGraphPin_39383''
[2016.03.11-18.39.28:985][996]BlueprintLog: New page: Compile Resource_Check
[2016.03.11-18.39.29:359][996]BlueprintEditorCompileResults: Info [0771.00] Compile of Resource_Check successful! [in 358 ms]
[2016.03.11-18.41.18:143][875]LogFileHelpers: Editor autosave (incl. sublevels) for '/Game/Levels/Kieran-Test' took 0.025
[2016.03.11-18.41.18:222][875]OBJ SavePackage: Generating thumbnails for [0] asset(s) in package [/Game/Blueprints/AI/Resource_Check] ([1] browsable assets)...
[2016.03.11-18.41.18:222][875]OBJ SavePackage: Finished generating thumbnails for package [/Game/Blueprints/AI/Resource_Check]
[2016.03.11-18.41.19:350][875]LogSavePackage: Save=434.730927ms
[2016.03.11-18.41.19:350][875]LogSavePackage: Moving '../../../../../../Users/Jordan Coyle/Documents/Anthrocratos/Anthrocratos_UE4/Saved/Resource_Check_Auto1A8FD9FE648CC145F9A18578E6B7EB057.tmp' to '../../../../../../Users/Jordan Coyle/Documents/Anthrocratos/Anthrocratos_UE4/Saved/Autosaves/Game/Blueprints/AI/Resource_Check_Auto1.uasset'
[2016.03.11-18.41.19:351][875]LogSavePackage: Total save time: 1048.738714ms
[2016.03.11-18.41.19:351][875]LogSavePackage:Display: Finished SavePackage ../../../../../../Users/Jordan Coyle/Documents/Anthrocratos/Anthrocratos_UE4/Saved/Autosaves/Game/Blueprints/AI/Resource_Check_Auto1.uasset
[2016.03.11-18.41.19:355][875]OBJ SavePackage: Generating thumbnails for [0] asset(s) in package [/Game/Blueprints/AI/AI_Behaviour] ([1] browsable assets)...
[2016.03.11-18.41.19:355][875]OBJ SavePackage: Finished generating thumbnails for package [/Game/Blueprints/AI/AI_Behaviour]
[2016.03.11-18.41.19:418][875]LogSavePackage: Save=4.622355ms
[2016.03.11-18.41.19:418][875]LogSavePackage: Moving '../../../../../../Users/Jordan Coyle/Documents/Anthrocratos/Anthrocratos_UE4/Saved/AI_Behaviour_Auto1CAC352AB44E16E89181B1C8075B75D37.tmp' to '../../../../../../Users/Jordan Coyle/Documents/Anthrocratos/Anthrocratos_UE4/Saved/Autosaves/Game/Blueprints/AI/AI_Behaviour_Auto1.uasset'
[2016.03.11-18.41.19:419][875]LogSavePackage: Total save time: 62.088642ms
[2016.03.11-18.41.19:419][875]LogSavePackage:Display: Finished SavePackage ../../../../../../Users/Jordan Coyle/Documents/Anthrocratos/Anthrocratos_UE4/Saved/Autosaves/Game/Blueprints/AI/AI_Behaviour_Auto1.uasset
[2016.03.11-18.41.19:419][875]LogFileHelpers: Auto-saving content packages took 1.269
[2016.03.11-18.47.53:959][495]BlueprintLog: New page: Compile Resource_Check
[2016.03.11-18.47.54:054][495]BlueprintEditorCompileResults: Info [1275.71] Compile of Resource_Check successful! [in 94 ms]
[2016.03.11-18.48.43:762][ 41]LogPackageName: SearchForPackageOnDisk took   0.000s, but failed to resolve /Game/Blueprints/AI/BTTask_BlueprintBase_New.
[2016.03.11-18.51.45:090][983]LogFileHelpers: Editor autosave (incl. sublevels) for '/Game/Levels/Kieran-Test' took 0.029
[2016.03.11-18.51.45:097][983]OBJ SavePackage: Generating thumbnails for [0] asset(s) in package [/Game/Blueprints/AI/Resource_Check] ([1] browsable assets)...
[2016.03.11-18.51.45:097][983]OBJ SavePackage: Finished generating thumbnails for package [/Game/Blueprints/AI/Resource_Check]
[2016.03.11-18.51.45:203][983]LogSavePackage: Save=27.121737ms
[2016.03.11-18.51.45:203][983]LogSavePackage: Moving '../../../../../../Users/Jordan Coyle/Documents/Anthrocratos/Anthrocratos_UE4/Saved/Resource_Check_Auto2E2C82CCC48B999E7C99350A6CF061FA6.tmp' to '../../../../../../Users/Jordan Coyle/Documents/Anthrocratos/Anthrocratos_UE4/Saved/Autosaves/Game/Blueprints/AI/Resource_Check_Auto2.uasset'
[2016.03.11-18.51.45:205][983]LogSavePackage: Total save time: 106.174070ms
[2016.03.11-18.51.45:205][983]LogSavePackage:Display: Finished SavePackage ../../../../../../Users/Jordan Coyle/Documents/Anthrocratos/Anthrocratos_UE4/Saved/Autosaves/Game/Blueprints/AI/Resource_Check_Auto2.uasset
[2016.03.11-18.51.45:210][983]OBJ SavePackage: Generating thumbnails for [0] asset(s) in package [/Game/Blueprints/AI/BTTask_BlueprintBase_New] ([1] browsable assets)...
[2016.03.11-18.51.45:210][983]OBJ SavePackage: Finished generating thumbnails for package [/Game/Blueprints/AI/BTTask_BlueprintBase_New]
[2016.03.11-18.51.45:224][983]LogSavePackage: Save=12.463813ms
[2016.03.11-18.51.45:224][983]LogSavePackage: Moving '../../../../../../Users/Jordan Coyle/Documents/Anthrocratos/Anthrocratos_UE4/Saved/BTTask_BlueprintBase_New_Auto2989C079B4F4DB6EEC4347C9B1A99B94F.tmp' to '../../../../../../Users/Jordan Coyle/Documents/Anthrocratos/Anthrocratos_UE4/Saved/Autosaves/Game/Blueprints/AI/BTTask_BlueprintBase_New_Auto2.uasset'
[2016.03.11-18.51.45:224][983]LogSavePackage: Total save time: 13.452929ms
[2016.03.11-18.51.45:224][983]LogSavePackage:Display: Finished SavePackage ../../../../../../Users/Jordan Coyle/Documents/Anthrocratos/Anthrocratos_UE4/Saved/Autosaves/Game/Blueprints/AI/BTTask_BlueprintBase_New_Auto2.uasset
[2016.03.11-18.51.45:224][983]LogFileHelpers: Auto-saving content packages took 0.133
[2016.03.11-19.01.45:367][732]LogFileHelpers: Editor autosave (incl. sublevels) for '/Game/Levels/Kieran-Test' took 0.158
[2016.03.11-19.01.45:375][732]OBJ SavePackage: Generating thumbnails for [0] asset(s) in package [/Game/Blueprints/AI/Resource_Check] ([1] browsable assets)...
[2016.03.11-19.01.45:375][732]OBJ SavePackage: Finished generating thumbnails for package [/Game/Blueprints/AI/Resource_Check]
[2016.03.11-19.01.45:477][732]LogSavePackage: Save=42.848881ms
[2016.03.11-19.01.45:477][732]LogSavePackage: Moving '../../../../../../Users/Jordan Coyle/Documents/Anthrocratos/Anthrocratos_UE4/Saved/Resource_Check_Auto353D23D074AA5FCA25DA6FDB2B4CEF048.tmp' to '../../../../../../Users/Jordan Coyle/Documents/Anthrocratos/Anthrocratos_UE4/Saved/Autosaves/Game/Blueprints/AI/Resource_Check_Auto3.uasset'
[2016.03.11-19.01.45:497][732]LogSavePackage: Total save time: 120.121554ms
[2016.03.11-19.01.45:497][732]LogSavePackage:Display: Finished SavePackage ../../../../../../Users/Jordan Coyle/Documents/Anthrocratos/Anthrocratos_UE4/Saved/Autosaves/Game/Blueprints/AI/Resource_Check_Auto3.uasset
[2016.03.11-19.01.45:502][732]OBJ SavePackage: Generating thumbnails for [0] asset(s) in package [/Game/Blueprints/AI/BTTask_BlueprintBase_New] ([1] browsable assets)...
[2016.03.11-19.01.45:502][732]OBJ SavePackage: Finished generating thumbnails for package [/Game/Blueprints/AI/BTTask_BlueprintBase_New]
[2016.03.11-19.01.45:518][732]LogSavePackage: Save=15.069591ms
[2016.03.11-19.01.45:518][732]LogSavePackage: Moving '../../../../../../Users/Jordan Coyle/Documents/Anthrocratos/Anthrocratos_UE4/Saved/BTTask_BlueprintBase_New_Auto3638A2DE3438B0C42F48511847AEDEE9D.tmp' to '../../../../../../Users/Jordan Coyle/Documents/Anthrocratos/Anthrocratos_UE4/Saved/Autosaves/Game/Blueprints/AI/BTTask_BlueprintBase_New_Auto3.uasset'
[2016.03.11-19.01.45:519][732]LogSavePackage: Total save time: 16.610481ms
[2016.03.11-19.01.45:520][732]LogSavePackage:Display: Finished SavePackage ../../../../../../Users/Jordan Coyle/Documents/Anthrocratos/Anthrocratos_UE4/Saved/Autosaves/Game/Blueprints/AI/BTTask_BlueprintBase_New_Auto3.uasset
[2016.03.11-19.01.45:520][732]LogFileHelpers: Auto-saving content packages took 0.152
[2016.03.12-01.09.36:602][ 83]LogParticles: Destroying 0 GPU particle simulations for FXSystem 0x000000F786FB5300
[2016.03.12-01.09.37:000][ 83]LogParticles: Destroying 0 GPU particle simulations for FXSystem 0x000000F7DAB52A20
[2016.03.12-01.09.37:756][ 83]LogSavePackage: Save=97.906715ms
[2016.03.12-01.09.37:756][ 83]LogSavePackage: Moving '../../../../../../Users/Jordan Coyle/Documents/Anthrocratos/Anthrocratos_UE4/Saved/Resource_Check41913FEC4CA30961C32E66B8AC8A25D2.tmp' to '../../../../../../Users/Jordan Coyle/Documents/Anthrocratos/Anthrocratos_UE4/Content/Blueprints/AI/Resource_Check.uasset'
[2016.03.12-01.09.37:766][ 83]LogSavePackage: Tot