[2016.02.11-23.05.19:106][  0]Log file open, 02/11/16 23:05:19
[2016.02.11-23.05.19:106][  0]LogInit:Display: Running engine for game: Anthrocratos_UE4
[2016.02.11-23.05.19:106][  0]LogPlatformFile: Not using cached read wrapper
[2016.02.11-23.05.19:106][  0]LogInit:Display: RandInit(-1293132275) SRandInit(-1293132274).
[2016.02.11-23.05.19:106][  0]LogTaskGraph: Started task graph with 4 named threads and 7 total threads.
[2016.02.11-23.05.19:106][  0]LogStats: Stats thread started at 0.094647
[2016.02.11-23.05.19:106][  0]LogInit: Version: 4.10.2-2818068+++depot+UE4-Releases+4.10
[2016.02.11-23.05.19:106][  0]LogInit: API Version: 2758231
[2016.02.11-23.05.19:106][  0]LogInit: Compiled (64-bit): Jan  6 2016 17:36:42
[2016.02.11-23.05.19:106][  0]LogInit: Compiled with Visual C++: 19.00.23026.00
[2016.02.11-23.05.19:106][  0]LogInit: Build Configuration: Development
[2016.02.11-23.05.19:106][  0]LogInit: Branch Name: ++depot+UE4-Releases+4.10
[2016.02.11-23.05.19:106][  0]LogInit: Command line:  /Temp/Autosaves/Game/Levels/UEDPCKieran-Test -game -PIEVIACONSOLE -ResX=1280 -ResY=720  -Multiprocess 
[2016.02.11-23.05.19:106][  0]LogInit: Base directory: C:/Program Files (x86)/Epic Games/4.10/Engine/Binaries/Win64/
[2016.02.11-23.05.19:106][  0]LogInit: Rocket: 1
[2016.02.11-23.05.19:161][  0]LogInit: Using libcurl 7.41.0
[2016.02.11-23.05.19:161][  0]LogInit:  - built for x86_64-pc-win32
[2016.02.11-23.05.19:161][  0]LogInit:  - supports SSL with WinSSL
[2016.02.11-23.05.19:161][  0]LogInit:  - other features:
[2016.02.11-23.05.19:161][  0]LogInit:      CURL_VERSION_SSL
[2016.02.11-23.05.19:161][  0]LogInit:      CURL_VERSION_IPV6
[2016.02.11-23.05.19:161][  0]LogInit:      CURL_VERSION_ASYNCHDNS
[2016.02.11-23.05.19:161][  0]LogInit:      CURL_VERSION_LARGEFILE
[2016.02.11-23.05.19:161][  0]LogInit:      CURL_VERSION_IDN
[2016.02.11-23.05.19:161][  0]LogInit:  CurlRequestOptions (configurable via config and command line):
[2016.02.11-23.05.19:161][  0]LogInit:  - bVerifyPeer = true  - Libcurl will verify peer certificate
[2016.02.11-23.05.19:161][  0]LogInit:  - bUseHttpProxy = false  - Libcurl will NOT use HTTP proxy
[2016.02.11-23.05.19:161][  0]LogInit:  - bDontReuseConnections = false  - Libcurl will reuse connections
[2016.02.11-23.05.19:161][  0]LogInit:  - CertBundlePath = nullptr  - Libcurl will use whatever was configured at build time.
[2016.02.11-23.05.19:207][  0]LogInit: Presizing for 0 objects not considered by GC, pre-allocating 0 bytes.
[2016.02.11-23.05.19:214][  0]LogInit: Object subsystem initialized
[2016.02.11-23.05.19:215][  0]LogInit: Selected Device Profile: [Windows]
[2016.02.11-23.05.19:215][  0]LogInit: Applying CVar settings loaded from the selected device profile: [Windows]
[2016.02.11-23.05.19:252][  0]LogInit: Computer: CUBE-11959
[2016.02.11-23.05.19:252][  0]LogInit: User: user
[2016.02.11-23.05.19:252][  0]LogInit: CPU Page size=4096, Cores=4
[2016.02.11-23.05.19:252][  0]LogInit: High frequency timer resolution =2.435780 MHz
[2016.02.11-23.05.19:252][  0]LogMemory: Memory total: Physical=7.9GB (8GB approx)
[2016.02.11-23.05.19:252][  0]LogMemory: Platform Memory Stats for Windows
[2016.02.11-23.05.19:252][  0]LogMemory: Process Physical Memory: 56.07 MB used, 56.07 MB peak
[2016.02.11-23.05.19:252][  0]LogMemory: Process Virtual Memory: 56.88 MB used, 56.88 MB peak
[2016.02.11-23.05.19:252][  0]LogMemory: Physical Memory: 5397.74 MB used, 8076.43 MB total
[2016.02.11-23.05.19:252][  0]LogMemory: Virtual Memory: 379.86 MB used, 134217728.00 MB total
[2016.02.11-23.05.19:554][  0]LogTextLocalizationManager: No specific translations for ('en-GB') exist, so ('en') translations will be used.
[2016.02.11-23.05.20:471][  0]LogD3D11RHI: Found D3D11 adapter 0: NVIDIA GeForce GTX 850M  (Feature Level 11_0)
[2016.02.11-23.05.20:471][  0]LogD3D11RHI: Adapter has 1995MB of dedicated video memory, 0MB of dedicated system memory, and 4038MB of shared system memory, 1 output[s]
[2016.02.11-23.05.20:477][  0]LogD3D11RHI: Found D3D11 adapter 1: Intel(R) HD Graphics 4600 (Feature Level 11_0)
[2016.02.11-23.05.20:477][  0]LogD3D11RHI: Adapter has 112MB of dedicated video memory, 0MB of dedicated system memory, and 4038MB of shared system memory, 0 output[s]
[2016.02.11-23.05.20:478][  0]LogD3D11RHI: Found D3D11 adapter 2: Microsoft Basic Render Driver (Feature Level 11_0)
[2016.02.11-23.05.20:478][  0]LogD3D11RHI: Adapter has 0MB of dedicated video memory, 0MB of dedicated system memory, and 4038MB of shared system memory, 0 output[s]
[2016.02.11-23.05.20:478][  0]LogD3D11RHI: Chosen D3D11 Adapter Id = 0
[2016.02.11-23.05.20:483][  0]LogD3D11RHI: !Direct3DDevice
[2016.02.11-23.05.20:483][  0]LogRHI: Texture pool is 1361 MB (70% of 1945 MB)
[2016.02.11-23.05.20:494][  0]LogD3D11RHI: Async texture creation enabled
[2016.02.11-23.05.20:509][  0]LogShaderCompilers: Guid format shader working directory is -31 characters bigger than the processId version (../../../../../../Users/user/Game Development/Anthrocratos/Anthrocratos_UE4/Intermediate/Shaders/WorkingDirectory/10200/).
[2016.02.11-23.05.20:509][  0]LogShaderCompilers: Cleaned the shader compiler working directory 'C:/Users/user/AppData/Local/Temp/UnrealShaderWorkingDir/BF2FB9F74FDDB4368AE7EFBAFEE5AFA5/'.
[2016.02.11-23.05.20:509][  0]LogShaderCompilers:Display: Using Local Shader Compiler.
[2016.02.11-23.05.22:950][  0]LogTemp:Display: Loaded TP AllDesktopTargetPlatform
[2016.02.11-23.05.22:958][  0]LogTemp:Display: Loaded TP WindowsClientTargetPlatform
[2016.02.11-23.05.22:967][  0]LogTemp:Display: Loaded TP WindowsNoEditorTargetPlatform
[2016.02.11-23.05.22:974][  0]LogTemp:Display: Loaded TP WindowsServerTargetPlatform
[2016.02.11-23.05.22:978][  0]LogTemp:Display: Loaded TP WindowsTargetPlatform
[2016.02.11-23.05.22:983][  0]LogTemp:Display: Loaded TP AndroidTargetPlatform
[2016.02.11-23.05.22:986][  0]LogTemp:Display: Loaded TP Android_ASTCTargetPlatform
[2016.02.11-23.05.22:989][  0]LogTemp:Display: Loaded TP Android_ATCTargetPlatform
[2016.02.11-23.05.22:992][  0]LogTemp:Display: Loaded TP Android_DXTTargetPlatform
[2016.02.11-23.05.22:995][  0]LogTemp:Display: Loaded TP Android_ETC1TargetPlatform
[2016.02.11-23.05.22:998][  0]LogTemp:Display: Loaded TP Android_ETC2TargetPlatform
[2016.02.11-23.05.23:004][  0]LogTemp:Display: Loaded TP Android_MultiTargetPlatform
[2016.02.11-23.05.23:004][  0]LogTemp:Display: Loaded TP Android_PVRTCTargetPlatform
[2016.02.11-23.05.23:005][  0]LogTemp:Display: Loaded TP HTML5TargetPlatform
[2016.02.11-23.05.23:040][  0]LogTemp:Display: Loaded TP IOSTargetPlatform
[2016.02.11-23.05.23:043][  0]LogTemp:Display: Loaded TP LinuxNoEditorTargetPlatform
[2016.02.11-23.05.23:046][  0]LogTemp:Display: Loaded TP LinuxServerTargetPlatform
[2016.02.11-23.05.23:065][  0]LogTemp:Display: Loaded TP LinuxTargetPlatform
[2016.02.11-23.05.23:065][  0]LogTargetPlatformManager:Display: Building Assets For Windows
[2016.02.11-23.05.23:381][  0]LogDerivedDataCache:Display: Max Cache Size: 512 MB
[2016.02.11-23.05.23:449][  0]LogDerivedDataCache: Loaded boot cache 0.07s 41MB C:/Users/user/AppData/Local/UnrealEngine/4.10/DerivedDataCache/Boot.ddc.
[2016.02.11-23.05.23:449][  0]LogDerivedDataCache:Display: Loaded Boot cache: C:/Users/user/AppData/Local/UnrealEngine/4.10/DerivedDataCache/Boot.ddc
[2016.02.11-23.05.23:449][  0]LogDerivedDataCache: FDerivedDataBackendGraph:  Pak pak cache file ../../../../../../Users/user/Game Development/Anthrocratos/Anthrocratos_UE4/DerivedDataCache/DDC.ddp not found, will not use a pak cache.
[2016.02.11-23.05.23:449][  0]LogDerivedDataCache: Unable to find inner node Pak for hierarchical cache Hierarchy.
[2016.02.11-23.05.23:449][  0]LogDerivedDataCache: FDerivedDataBackendGraph:  CompressedPak pak cache file ../../../../../../Users/user/Game Development/Anthrocratos/Anthrocratos_UE4/DerivedDataCache/Compressed.ddp not found, will not use a pak cache.
[2016.02.11-23.05.23:449][  0]LogDerivedDataCache: Unable to find inner node CompressedPak for hierarchical cache Hierarchy.
[2016.02.11-23.05.23:540][  0]LogDerivedDataCache:Display: Pak cache opened for reading ../../../Engine/DerivedDataCache/Compressed.ddp.
[2016.02.11-23.05.23:552][  0]LogDerivedDataCache: Using Local data cache path C:/Users/user/AppData/Local/UnrealEngine/Common/DerivedDataCache: Writable
[2016.02.11-23.05.23:699][  0]LogInit: Selected Device Profile: [Windows]
[2016.02.11-23.05.23:701][  0]LogContentStreaming: Texture pool size is 1000.000000MB
[2016.02.11-23.05.23:796][  0]LogMeshUtilities: No automatic mesh reduction module available
[2016.02.11-23.05.23:796][  0]LogMeshUtilities: No automatic mesh merging module available
[2016.02.11-23.05.23:985][  0]LogInit: WinSock: version 1.1 (2.2), MaxSocks=32767, MaxUdp=65467
[2016.02.11-23.05.25:610][  0]LogWindowsMoviePlayer: Unable to load movie: ../../../../../../Users/user/Game Development/Anthrocratos/Anthrocratos_UE4/Content/Movies/Default_Startup.mp4
[2016.02.11-23.05.25:998][  0]SourceControl: Info Source control is disabled
[2016.02.11-23.05.25:999][  0]SourceControl: Info Source control is disabled
[2016.02.11-23.05.26:044][  0]SourceControl: Info Source control is disabled
[2016.02.11-23.05.26:427][  0]LogObj: 27939 objects as part of root set at end of initial load.
[2016.02.11-23.05.26:427][  0]LogUObjectAllocator: 5832104 out of 0 bytes used by permanent object pool.
[2016.02.11-23.05.26:585][  0]LogEngine: Initializing Engine...
[2016.02.11-23.05.26:587][  0]LogHMD: Can't find Oculus library dev build: is proper Runtime installed? Version: 0.8.0.0
[2016.02.11-23.05.26:634][  0]LogHMD: SteamVR failed to initialize.  Err: 110
[2016.02.11-23.05.26:841][  0]LogInit: XAudio2 using 'Speakers (VIA HD Audio(Win 10))' : 2 channels at 48 kHz using 32 bits per sample (channel mask 0x3)
[2016.02.11-23.05.26:853][  0]LogInit: FAudioDevice initialized.
[2016.02.11-23.05.26:857][  0]LogInit: Texture streaming: Enabled
[2016.02.11-23.05.27:086][  0]LogNet: Browse: /Temp/Autosaves/Game/Levels/UEDPCKieran-Test?Name=Player
[2016.02.11-23.05.27:086][  0]LogLoad: LoadMap: /Temp/Autosaves/Game/Levels/UEDPCKieran-Test?Name=Player
[2016.02.11-23.05.27:100][  0]LogParticles: Destroying 0 GPU particle simulations for FXSystem 0x0000009DC70C6F20
[2016.02.11-23.05.27:121][  0]LogMemory: Platform Memory Stats for Windows
[2016.02.11-23.05.27:121][  0]LogMemory: Process Physical Memory: 396.01 MB used, 396.01 MB peak
[2016.02.11-23.05.27:121][  0]LogMemory: Process Virtual Memory: 449.39 MB used, 449.39 MB peak
[2016.02.11-23.05.27:121][  0]LogMemory: Physical Memory: 5659.88 MB used, 8076.43 MB total
[2016.02.11-23.05.27:121][  0]LogMemory: Virtual Memory: 998.11 MB used, 134217728.00 MB total
[2016.02.11-23.05.27:121][  0]LogMemory: 
[2016.02.11-23.05.27:121][  0]Allocator Stats for TBB: (not implemented)
[2016.02.11-23.05.27:394][  0]LogAIModule: Creating AISystem for world Kieran-Test
[2016.02.11-23.05.27:407][  0]LogWorld: Game class is 'AnthroCratosGamemode_C'
[2016.02.11-23.05.27:409][  0]LogWorld: Bringing World /Temp/Autosaves/Game/Levels/UEDPCKieran-Test.Kieran-Test up for play (max tick rate 0) at 2016.02.11-23.05.27
[2016.02.11-23.05.27:410][  0]LogWorld: Bringing up level for play took: 0.000712
[2016.02.11-23.05.28:491][  0]LogBlueprintUserMessages: [AnthroCratosGamemode_C_0] TilesGenerated
[2016.02.11-23.05.28:498][  0]LogInit:Display: Game Engine Initialized.
[2016.02.11-23.05.28:886][  0]LogLoad: Full Startup: 10.82 seconds (BP compile: 0.03 seconds)
[2016.02.11-23.05.28:921][  0]LogOcInput: Can't find Oculus library dev build: is proper Runtime installed? Version: 0.8.0.0
[2016.02.11-23.05.29:108][  2]LogRenderer: Reallocating scene render targets to support 1280x720 (Frame:2).
[2016.02.11-23.06.32:640][214]LogWindowsTextInputMethodSystem:Display: IME system now deactivated.
[2016.02.11-23.06.32:650][215]LogEngine: All Windows Closed
[2016.02.11-23.06.32:650][215]LogWindows: FPlatformMisc::RequestExit(0)
[2016.02.11-23.06.33:773][216]LogExit: Preparing to exit.
[2016.02.11-23.06.34:556][216]LogExit: Game engine shut down
[2016.02.11-23.06.34:606][216]LogParticles: Destroying 0 GPU particle sim