[2016.02.12-02.29.53:895][  0]Log file open, 02/12/16 02:29:53
[2016.02.12-02.29.53:895][  0]LogInit:Display: Running engine for game: Anthrocratos_UE4
[2016.02.12-02.29.53:895][  0]LogPlatformFile: Not using cached read wrapper
[2016.02.12-02.29.53:895][  0]LogInit:Display: RandInit(-210748754) SRandInit(-210748753).
[2016.02.12-02.29.53:895][  0]LogTaskGraph: Started task graph with 4 named threads and 7 total threads.
[2016.02.12-02.29.53:895][  0]LogStats: Stats thread started at 0.076270
[2016.02.12-02.29.53:895][  0]LogInit: Version: 4.10.2-2818068+++depot+UE4-Releases+4.10
[2016.02.12-02.29.53:895][  0]LogInit: API Version: 2758231
[2016.02.12-02.29.53:895][  0]LogInit: Compiled (64-bit): Jan  6 2016 17:36:42
[2016.02.12-02.29.53:895][  0]LogInit: Compiled with Visual C++: 19.00.23026.00
[2016.02.12-02.29.53:895][  0]LogInit: Build Configuration: Development
[2016.02.12-02.29.53:895][  0]LogInit: Branch Name: ++depot+UE4-Releases+4.10
[2016.02.12-02.29.53:895][  0]LogInit: Command line: 
[2016.02.12-02.29.53:895][  0]LogInit: Base directory: C:/Program Files (x86)/Epic Games/4.10/Engine/Binaries/Win64/
[2016.02.12-02.29.53:895][  0]LogInit: Rocket: 1
[2016.02.12-02.29.53:986][  0]LogInit: Using libcurl 7.41.0
[2016.02.12-02.29.53:986][  0]LogInit:  - built for x86_64-pc-win32
[2016.02.12-02.29.53:986][  0]LogInit:  - supports SSL with WinSSL
[2016.02.12-02.29.53:986][  0]LogInit:  - other features:
[2016.02.12-02.29.53:986][  0]LogInit:      CURL_VERSION_SSL
[2016.02.12-02.29.53:986][  0]LogInit:      CURL_VERSION_IPV6
[2016.02.12-02.29.53:986][  0]LogInit:      CURL_VERSION_ASYNCHDNS
[2016.02.12-02.29.53:986][  0]LogInit:      CURL_VERSION_LARGEFILE
[2016.02.12-02.29.53:986][  0]LogInit:      CURL_VERSION_IDN
[2016.02.12-02.29.53:986][  0]LogInit:  CurlRequestOptions (configurable via config and command line):
[2016.02.12-02.29.53:986][  0]LogInit:  - bVerifyPeer = true  - Libcurl will verify peer certificate
[2016.02.12-02.29.53:986][  0]LogInit:  - bUseHttpProxy = false  - Libcurl will NOT use HTTP proxy
[2016.02.12-02.29.53:986][  0]LogInit:  - bDontReuseConnections = false  - Libcurl will reuse connections
[2016.02.12-02.29.53:986][  0]LogInit:  - CertBundlePath = nullptr  - Libcurl will use whatever was configured at build time.
[2016.02.12-02.29.53:992][  0]LogInit: Presizing for 0 objects not considered by GC, pre-allocating 0 bytes.
[2016.02.12-02.29.53:999][  0]LogInit: Object subsystem initialized
[2016.02.12-02.29.54:000][  0]LogInit: Selected Device Profile: [Windows]
[2016.02.12-02.29.54:000][  0]LogInit: Applying CVar settings loaded from the selected device profile: [Windows]
[2016.02.12-02.29.54:065][  0]LogInit: Computer: JORDANCOYLE-PC
[2016.02.12-02.29.54:065][  0]LogInit: User: JordanCoyle
[2016.02.12-02.29.54:065][  0]LogInit: CPU Page size=4096, Cores=4
[2016.02.12-02.29.54:065][  0]LogInit: High frequency timer resolution =3.233205 MHz
[2016.02.12-02.29.54:065][  0]LogMemory: Memory total: Physical=7.9GB (8GB approx)
[2016.02.12-02.29.54:065][  0]LogMemory: Platform Memory Stats for Windows
[2016.02.12-02.29.54:065][  0]LogMemory: Process Physical Memory: 56.57 MB used, 56.57 MB peak
[2016.02.12-02.29.54:065][  0]LogMemory: Process Virtual Memory: 58.93 MB used, 58.93 MB peak
[2016.02.12-02.29.54:065][  0]LogMemory: Physical Memory: 4127.19 MB used, 8096.33 MB total
[2016.02.12-02.29.54:065][  0]LogMemory: Virtual Memory: 381.80 MB used, 134217728.00 MB total
[2016.02.12-02.29.54:099][  0]LogTextLocalizationManager: No specific translations for ('en-GB') exist, so ('en') translations will be used.
[2016.02.12-02.29.54:522][  0]LogD3D11RHI: Found D3D11 adapter 0: NVIDIA GeForce GTX 970 (Feature Level 11_0)
[2016.02.12-02.29.54:522][  0]LogD3D11RHI: Adapter has 4008MB of dedicated video memory, 0MB of dedicated system memory, and 4048MB of shared system memory, 1 output[s]
[2016.02.12-02.29.54:524][  0]LogD3D11RHI: Found D3D11 adapter 1: Intel(R) HD Graphics 3000 (Feature Level 10_0)
[2016.02.12-02.29.54:524][  0]LogD3D11RHI: Adapter has 32MB of dedicated video memory, 0MB of dedicated system memory, and 1632MB of shared system memory, 0 output[s]
[2016.02.12-02.29.54:525][  0]LogD3D11RHI: Found D3D11 adapter 2: Microsoft Basic Render Driver (Feature Level 11_0)
[2016.02.12-02.29.54:525][  0]LogD3D11RHI: Adapter has 0MB of dedicated video memory, 0MB of dedicated system memory, and 4048MB of shared system memory, 0 output[s]
[2016.02.12-02.29.54:525][  0]LogD3D11RHI: Chosen D3D11 Adapter Id = 0
[2016.02.12-02.29.54:533][  0]LogD3D11RHI: !Direct3DDevice
[2016.02.12-02.29.54:534][  0]LogRHI: Texture pool is 1361 MB (70% of 1945 MB)
[2016.02.12-02.29.54:545][  0]LogD3D11RHI: Async texture creation enabled
[2016.02.12-02.29.54:560][  0]LogShaderCompilers: Guid format shader working directory is -28 characters bigger than the processId version (../../../../../../Users/Jordan Coyle/Documents/Anthrocratos/Anthrocratos_UE4/Intermediate/Shaders/WorkingDirectory/55980/).
[2016.02.12-02.29.54:560][  0]LogShaderCompilers: Cleaned the shader compiler working directory 'C:/Users/JORDAN~1/AppData/Local/Temp/UnrealShaderWorkingDir/17A9CD254C831D482006C2862304787A/'.
[2016.02.12-02.29.54:560][  0]LogShaderCompilers:Display: Using Local Shader Compiler.
[2016.02.12-02.29.55:408][  0]LogTemp:Display: Loaded TP AllDesktopTargetPlatform
[2016.02.12-02.29.55:413][  0]LogTemp:Display: Loaded TP WindowsClientTargetPlatform
[2016.02.12-02.29.55:417][  0]LogTemp:Display: Loaded TP WindowsNoEditorTargetPlatform
[2016.02.12-02.29.55:421][  0]LogTemp:Display: Loaded TP WindowsServerTargetPlatform
[2016.02.12-02.29.55:426][  0]LogTemp:Display: Loaded TP WindowsTargetPlatform
[2016.02.12-02.29.55:429][  0]LogTemp:Display: Loaded TP AndroidTargetPlatform
[2016.02.12-02.29.55:431][  0]LogTemp:Display: Loaded TP Android_ASTCTargetPlatform
[2016.02.12-02.29.55:435][  0]LogTemp:Display: Loaded TP Android_ATCTargetPlatform
[2016.02.12-02.29.55:438][  0]LogTemp:Display: Loaded TP Android_DXTTargetPlatform
[2016.02.12-02.29.55:440][  0]LogTemp:Display: Loaded TP Android_ETC1TargetPlatform
[2016.02.12-02.29.55:443][  0]LogTemp:Display: Loaded TP Android_ETC2TargetPlatform
[2016.02.12-02.29.55:449][  0]LogTemp:Display: Loaded TP Android_MultiTargetPlatform
[2016.02.12-02.29.55:449][  0]LogTemp:Display: Loaded TP Android_PVRTCTargetPlatform
[2016.02.12-02.29.55:449][  0]LogTemp:Display: Loaded TP HTML5TargetPlatform
[2016.02.12-02.29.55:466][  0]LogTemp:Display: Loaded TP IOSTargetPlatform
[2016.02.12-02.29.55:468][  0]LogTemp:Display: Loaded TP LinuxNoEditorTargetPlatform
[2016.02.12-02.29.55:472][  0]LogTemp:Display: Loaded TP LinuxServerTargetPlatform
[2016.02.12-02.29.55:475][  0]LogTemp:Display: Loaded TP LinuxTargetPlatform
[2016.02.12-02.29.55:475][  0]LogTargetPlatformManager:Display: Building Assets For Windows
[2016.02.12-02.29.55:555][  0]LogDerivedDataCache:Display: Max Cache Size: 512 MB
[2016.02.12-02.29.55:604][  0]LogDerivedDataCache: Loaded boot cache 0.05s 41MB C:/Users/Jordan Coyle/AppData/Local/UnrealEngine/4.10/DerivedDataCache/Boot.ddc.
[2016.02.12-02.29.55:604][  0]LogDerivedDataCache:Display: Loaded Boot cache: C:/Users/Jordan Coyle/AppData/Local/UnrealEngine/4.10/DerivedDataCache/Boot.ddc
[2016.02.12-02.29.55:604][  0]LogDerivedDataCache: FDerivedDataBackendGraph:  Pak pak cache file ../../../../../../Users/Jordan Coyle/Documents/Anthrocratos/Anthrocratos_UE4/DerivedDataCache/DDC.ddp not found, will not use a pak cache.
[2016.02.12-02.29.55:604][  0]LogDerivedDataCache: Unable to find inner node Pak for hierarchical cache Hierarchy.
[2016.02.12-02.29.55:604][  0]LogDerivedDataCache: FDerivedDataBackendGraph:  CompressedPak pak cache file ../../../../../../Users/Jordan Coyle/Documents/Anthrocratos/Anthrocratos_UE4/DerivedDataCache/Compressed.ddp not found, will not use a pak cache.
[2016.02.12-02.29.55:604][  0]LogDerivedDataCache: Unable to find inner node CompressedPak for hierarchical cache Hierarchy.
[2016.02.12-02.29.55:660][  0]LogDerivedDataCache:Display: Pak cache opened for reading ../../../Engine/DerivedDataCache/Compressed.ddp.
[2016.02.12-02.29.55:672][  0]LogDerivedDataCache: Using Local data cache path C:/Users/Jordan Coyle/AppData/Local/UnrealEngine/Common/DerivedDataCache: Writable
[2016.02.12-02.29.55:862][  0]LogInit: Selected Device Profile: [Windows]
[2016.02.12-02.29.55:865][  0]LogContentStreaming: Texture pool size is 0.000000MB
[2016.02.12-02.29.55:971][  0]LogMeshUtilities: No automatic mesh reduction module available
[2016.02.12-02.29.55:971][  0]LogMeshUtilities: No automatic mesh merging module available
[2016.02.12-02.29.56:233][  0]LogInit: WinSock: version 1.1 (2.2), MaxSocks=32767, MaxUdp=65467
[2016.02.12-02.29.56:982][  0]UdpMessaging: Initializing bridge on interface 0.0.0.0:0 to multicast group 230.0.0.1:6666.
[2016.02.12-02.29.57:087][  0]LogAssetRegistry: FAssetRegistry took 0.0105 seconds to start up
[2016.02.12-02.29.57:251][  0]SourceControl: Info Source control is disabled
[2016.02.12-02.29.57:258][  0]SourceControl: Info Source control is disabled
[2016.02.12-02.29.57:274][  0]SourceControl: Info Source control is disabled
[2016.02.12-02.29.57:284][  0]SourceControl: Info Source control is disabled
[2016.02.12-02.29.57:524][  0]LogObj: 28637 objects as part of root set at end of initial load.
[2016.02.12-02.29.57:524][  0]LogUObjectAllocator: 6101776 out of 0 bytes used by permanent object pool.
[2016.02.12-02.29.57:577][  0]LogEngine: Initializing Engine...
[2016.02.12-02.29.57:580][  0]LogHMD: Can't find Oculus library dev build: is proper Runtime installed? Version: 0.8.0.0
[2016.02.12-02.29.57:587][  0]LogHMD: SteamVR failed to initialize.  Err: 108
[2016.02.12-02.29.57:704][  0]LogAIModule: Creating AISystem for world NewWorld
[2016.02.12-02.29.57:712][  0]LogInit: XAudio2 using 'Speakers (Razer Surround Audio Controller)' : 8 channels at 48 kHz using 16 bits per sample (channel mask 0x63f)
[2016.02.12-02.29.57:718][  0]LogInit: FAudioDevice initialized.
[2016.02.12-02.29.57:757][  0]LogDerivedDataCache: Saved boot cache 0.04s 41MB C:/Users/Jordan Coyle/AppData/Local/UnrealEngine/4.10/DerivedDataCache/Boot.ddc.
[2016.02.12-02.29.57:790][  0]LogInit: Texture streaming: Enabled
[2016.02.12-02.29.57:796][  0]LogAnalytics: Creating configured Analytics provider AnalyticsET
[2016.02.12-02.29.57:796][  0]LogAnalytics: [UEEditor.Rocket.Release] APIServer = http://et2.epicgames.com/ET2/. AppVersion = 4.10.2-2818068+++depot+UE4-Releases+4.10
[2016.02.12-02.29.57:796][  0]LogAnalytics: [UEEditor.Rocket.Release] SetUserId 904e41cd438aba9bb04f26ae3d7cdd1e|f543c5249e454624aa0c7175b8875023|ce6cde7c-d7ff-441f-8f40-d6f700bed5ca
[2016.02.12-02.29.57:796][  0]LogAnalytics: [UEEditor.Rocket.Release] AnalyticsET::StartSession
[2016.02.12-02.29.57:809][  0]LogInit: Transaction tracking system initialized
[2016.02.12-02.29.57:845][  0]BlueprintLog: New page: Editor Load
[2016.02.12-02.29.58:084][  0]LocalizationService: Info Localization service is disabled
[2016.02.12-02.29.58:191][  0]LogConsoleResponse:Display: 
[2016.02.12-02.29.58:415][  0]LogFileCache: Scanning file cache for directory 'C:/Users/Jordan Coyle/Documents/Anthrocratos/Anthrocratos_UE4/Content/' took 0.05s
[2016.02.12-02.29.58:415][  0]LogCook:Display: Done creating registry. It took  0.00s.
[2016.02.12-02.29.58:468][  0]SourceControl: Info Source control is disabled
[2016.02.12-02.29.58:468][  0]Cmd: MAP LOAD FILE="../../../../../../Users/Jordan Coyle/Documents/Anthrocratos/Anthrocratos_UE4/Content/Levels/Kieran-Test.umap" TEMPLATE=0 SHOWPROGRESS=1 FEATURELEVEL=3
[2016.02.12-02.29.58:570][  0]LightingResults: New page: Lighting Build
[2016.02.12-02.29.58:573][  0]MapCheck: New page: Map Check
[2016.02.12-02.29.58:573][  0]LightingResults: New page: Lighting Build
[2016.02.12-02.29.58:583][  0]LogParticles: Destroying 0 GPU particle simulations for FXSystem 0x00000010C135FB00
[2016.02.12-02.29.59:957][  0]LogAIModule: Creating AISystem for world Kieran-Test
[2016.02.12-02.29.59:959][  0]LogEditorServer: Finished looking for orphan Actors (0.000 secs)
[2016.02.12-02.29.59:960][  0]Cmd: MAP CHECKDEP NOCLEARLOG
[2016.02.12-02