[2016.03.01-10.21.36:106][  0]Log file open, 03/01/16 10:21:36
[2016.03.01-10.21.36:106][  0]LogInit:Display: Running engine for game: Anthrocratos_UE4
[2016.03.01-10.21.36:106][  0]LogPlatformFile: Not using cached read wrapper
[2016.03.01-10.21.36:106][  0]LogInit:Display: RandInit(1102766586) SRandInit(1102766587).
[2016.03.01-10.21.36:106][  0]LogTaskGraph: Started task graph with 4 named threads and 7 total threads.
[2016.03.01-10.21.36:106][  0]LogStats: Stats thread started at 0.084799
[2016.03.01-10.21.36:106][  0]LogInit: Version: 4.10.2-2818068+++depot+UE4-Releases+4.10
[2016.03.01-10.21.36:106][  0]LogInit: API Version: 2758231
[2016.03.01-10.21.36:106][  0]LogInit: Compiled (64-bit): Jan  6 2016 17:36:42
[2016.03.01-10.21.36:107][  0]LogInit: Compiled with Visual C++: 19.00.23026.00
[2016.03.01-10.21.36:107][  0]LogInit: Build Configuration: Development
[2016.03.01-10.21.36:107][  0]LogInit: Branch Name: ++depot+UE4-Releases+4.10
[2016.03.01-10.21.36:107][  0]LogInit: Command line:  
[2016.03.01-10.21.36:107][  0]LogInit: Base directory: C:/Program Files (x86)/Epic Games/4.10/Engine/Binaries/Win64/
[2016.03.01-10.21.36:107][  0]LogInit: Rocket: 1
[2016.03.01-10.21.36:118][  0]LogInit: Using libcurl 7.41.0
[2016.03.01-10.21.36:118][  0]LogInit:  - built for x86_64-pc-win32
[2016.03.01-10.21.36:118][  0]LogInit:  - supports SSL with WinSSL
[2016.03.01-10.21.36:118][  0]LogInit:  - other features:
[2016.03.01-10.21.36:118][  0]LogInit:      CURL_VERSION_SSL
[2016.03.01-10.21.36:118][  0]LogInit:      CURL_VERSION_IPV6
[2016.03.01-10.21.36:118][  0]LogInit:      CURL_VERSION_ASYNCHDNS
[2016.03.01-10.21.36:118][  0]LogInit:      CURL_VERSION_LARGEFILE
[2016.03.01-10.21.36:118][  0]LogInit:      CURL_VERSION_IDN
[2016.03.01-10.21.36:118][  0]LogInit:  CurlRequestOptions (configurable via config and command line):
[2016.03.01-10.21.36:118][  0]LogInit:  - bVerifyPeer = true  - Libcurl will verify peer certificate
[2016.03.01-10.21.36:118][  0]LogInit:  - bUseHttpProxy = false  - Libcurl will NOT use HTTP proxy
[2016.03.01-10.21.36:118][  0]LogInit:  - bDontReuseConnections = false  - Libcurl will reuse connections
[2016.03.01-10.21.36:118][  0]LogInit:  - CertBundlePath = nullptr  - Libcurl will use whatever was configured at build time.
[2016.03.01-10.21.36:128][  0]LogInit: Presizing for 0 objects not considered by GC, pre-allocating 0 bytes.
[2016.03.01-10.21.36:137][  0]LogInit: Object subsystem initialized
[2016.03.01-10.21.36:138][  0]LogInit: Selected Device Profile: [Windows]
[2016.03.01-10.21.36:138][  0]LogInit: Applying CVar settings loaded from the selected device profile: [Windows]
[2016.03.01-10.21.36:150][  0]LogInit: Computer: DESKTOP-J7DHD16
[2016.03.01-10.21.36:150][  0]LogInit: User: Jordan
[2016.03.01-10.21.36:150][  0]LogInit: CPU Page size=4096, Cores=4
[2016.03.01-10.21.36:150][  0]LogInit: High frequency timer resolution =2.338448 MHz
[2016.03.01-10.21.36:151][  0]LogMemory: Memory total: Physical=8.0GB (8GB approx)
[2016.03.01-10.21.36:151][  0]LogMemory: Platform Memory Stats for Windows
[2016.03.01-10.21.36:151][  0]LogMemory: Process Physical Memory: 56.33 MB used, 56.33 MB peak
[2016.03.01-10.21.36:151][  0]LogMemory: Process Virtual Memory: 56.88 MB used, 56.88 MB peak
[2016.03.01-10.21.36:151][  0]LogMemory: Physical Memory: 2744.11 MB used, 8162.36 MB total
[2016.03.01-10.21.36:151][  0]LogMemory: Virtual Memory: 378.84 MB used, 134217728.00 MB total
[2016.03.01-10.21.36:186][  0]LogTextLocalizationManager: No specific translations for ('en-GB') exist, so ('en') translations will be used.
[2016.03.01-10.21.36:725][  0]LogD3D11RHI: Found D3D11 adapter 0: NVIDIA GeForce GT 650M  (Feature Level 11_0)
[2016.03.01-10.21.36:725][  0]LogD3D11RHI: Adapter has 1990MB of dedicated video memory, 0MB of dedicated system memory, and 4081MB of shared system memory, 1 output[s]
[2016.03.01-10.21.36:728][  0]LogD3D11RHI: Found D3D11 adapter 1: Microsoft Basic Render Driver (Feature Level 11_0)
[2016.03.01-10.21.36:728][  0]LogD3D11RHI: Adapter has 0MB of dedicated video memory, 0MB of dedicated system memory, and 4081MB of shared system memory, 0 output[s]
[2016.03.01-10.21.36:729][  0]LogD3D11RHI: Chosen D3D11 Adapter Id = 0
[2016.03.01-10.21.36:733][  0]LogD3D11RHI: !Direct3DDevice
[2016.03.01-10.21.36:733][  0]LogRHI: Texture pool is 1361 MB (70% of 1945 MB)
[2016.03.01-10.21.36:748][  0]LogD3D11RHI: Async texture creation enabled
[2016.03.01-10.21.36:767][  0]LogShaderCompilers: Guid format shader working directory is -23 characters bigger than the processId version (../../../../../../Users/Jordan/Documents/Anthrocratos/Anthrocratos_UE4/Intermediate/Shaders/WorkingDirectory/7432/).
[2016.03.01-10.21.36:768][  0]LogShaderCompilers: Cleaned the shader compiler working directory 'C:/Users/Jordan/AppData/Local/Temp/UnrealShaderWorkingDir/C68727A14F1EDF8614F2818403C58343/'.
[2016.03.01-10.21.36:768][  0]LogShaderCompilers:Display: Using Local Shader Compiler.
[2016.03.01-10.21.37:778][  0]LogTemp:Display: Loaded TP AllDesktopTargetPlatform
[2016.03.01-10.21.37:785][  0]LogTemp:Display: Loaded TP WindowsClientTargetPlatform
[2016.03.01-10.21.37:791][  0]LogTemp:Display: Loaded TP WindowsNoEditorTargetPlatform
[2016.03.01-10.21.37:798][  0]LogTemp:Display: Loaded TP WindowsServerTargetPlatform
[2016.03.01-10.21.37:804][  0]LogTemp:Display: Loaded TP WindowsTargetPlatform
[2016.03.01-10.21.37:810][  0]LogTemp:Display: Loaded TP AndroidTargetPlatform
[2016.03.01-10.21.37:814][  0]LogTemp:Display: Loaded TP Android_ASTCTargetPlatform
[2016.03.01-10.21.37:818][  0]LogTemp:Display: Loaded TP Android_ATCTargetPlatform
[2016.03.01-10.21.37:822][  0]LogTemp:Display: Loaded TP Android_DXTTargetPlatform
[2016.03.01-10.21.37:826][  0]LogTemp:Display: Loaded TP Android_ETC1TargetPlatform
[2016.03.01-10.21.37:830][  0]LogTemp:Display: Loaded TP Android_ETC2TargetPlatform
[2016.03.01-10.21.37:839][  0]LogTemp:Display: Loaded TP Android_MultiTargetPlatform
[2016.03.01-10.21.37:839][  0]LogTemp:Display: Loaded TP Android_PVRTCTargetPlatform
[2016.03.01-10.21.37:840][  0]LogTemp:Display: Loaded TP HTML5TargetPlatform
[2016.03.01-10.21.37:861][  0]LogTemp:Display: Loaded TP IOSTargetPlatform
[2016.03.01-10.21.37:864][  0]LogTemp:Display: Loaded TP LinuxNoEditorTargetPlatform
[2016.03.01-10.21.37:868][  0]LogTemp:Display: Loaded TP LinuxServerTargetPlatform
[2016.03.01-10.21.37:937][  0]LogTemp:Display: Loaded TP LinuxTargetPlatform
[2016.03.01-10.21.37:937][  0]LogTargetPlatformManager:Display: Building Assets For Windows
[2016.03.01-10.21.38:060][  0]LogDerivedDataCache:Display: Max Cache Size: 512 MB
[2016.03.01-10.21.38:110][  0]LogDerivedDataCache: Loaded boot cache 0.05s 41MB C:/Users/Jordan/AppData/Local/UnrealEngine/4.10/DerivedDataCache/Boot.ddc.
[2016.03.01-10.21.38:110][  0]LogDerivedDataCache:Display: Loaded Boot cache: C:/Users/Jordan/AppData/Local/UnrealEngine/4.10/DerivedDataCache/Boot.ddc
[2016.03.01-10.21.38:110][  0]LogDerivedDataCache: FDerivedDataBackendGraph:  Pak pak cache file ../../../../../../Users/Jordan/Documents/Anthrocratos/Anthrocratos_UE4/DerivedDataCache/DDC.ddp not found, will not use a pak cache.
[2016.03.01-10.21.38:110][  0]LogDerivedDataCache: Unable to find inner node Pak for hierarchical cache Hierarchy.
[2016.03.01-10.21.38:110][  0]LogDerivedDataCache: FDerivedDataBackendGraph:  CompressedPak pak cache file ../../../../../../Users/Jordan/Documents/Anthrocratos/Anthrocratos_UE4/DerivedDataCache/Compressed.ddp not found, will not use a pak cache.
[2016.03.01-10.21.38:110][  0]LogDerivedDataCache: Unable to find inner node CompressedPak for hierarchical cache Hierarchy.
[2016.03.01-10.21.38:188][  0]LogDerivedDataCache:Display: Pak cache opened for reading ../../../Engine/DerivedDataCache/Compressed.ddp.
[2016.03.01-10.21.38:200][  0]LogDerivedDataCache: Using Local data cache path C:/Users/Jordan/AppData/Local/UnrealEngine/Common/DerivedDataCache: Writable
[2016.03.01-10.21.38:447][  0]LogInit: Selected Device Profile: [Windows]
[2016.03.01-10.21.38:451][  0]LogContentStreaming: Texture pool size is 0.000000MB
[2016.03.01-10.21.38:593][  0]LogMeshUtilities: No automatic mesh reduction module available
[2016.03.01-10.21.38:594][  0]LogMeshUtilities: No automatic mesh merging module available
[2016.03.01-10.21.39:030][  0]LogInit: WinSock: version 1.1 (2.2), MaxSocks=32767, MaxUdp=65467
[2016.03.01-10.22.00:714][  0]UdpMessaging: Initializing bridge on interface 0.0.0.0:0 to multicast group 230.0.0.1:6666.
[2016.03.01-10.22.01:192][  0]LogAssetRegistry: FAssetRegistry took 0.0115 seconds to start up
[2016.03.01-10.22.01:401][  0]SourceControl: Info Source control is disabled
[2016.03.01-10.22.01:402][  0]SourceControl: Info Source control is disabled
[2016.03.01-10.22.01:416][  0]SourceControl: Info Source control is disabled
[2016.03.01-10.22.01:430][  0]SourceControl: Info Source control is disabled
[2016.03.01-10.22.02:280][  0]LogObj: 28645 objects as part of root set at end of initial load.
[2016.03.01-10.22.02:280][  0]LogUObjectAllocator: 6105096 out of 0 bytes used by permanent object pool.
[2016.03.01-10.22.02:400][  0]LogEngine: Initializing Engine...
[2016.03.01-10.22.02:403][  0]LogHMD: Can't find Oculus library dev build: is proper Runtime installed? Version: 0.8.0.0
[2016.03.01-10.22.02:404][  0]LogHMD: SteamVR failed to initialize.  Err: 110
[2016.03.01-10.22.02:559][  0]LogAIModule: Creating AISystem for world NewWorld
[2016.03.01-10.22.02:564][  0]LogInit: XAudio2 using 'Speakers (Realtek High Definition Audio)' : 2 channels at 48 kHz using 32 bits per sample (channel mask 0x3)
[2016.03.01-10.22.02:620][  0]LogInit: FAudioDevice initialized.
[2016.03.01-10.22.02:642][  0]LogDerivedDataCache: Saved boot cache 0.02s 41MB C:/Users/Jordan/AppData/Local/UnrealEngine/4.10/DerivedDataCache/Boot.ddc.
[2016.03.01-10.22.02:647][  0]LogInit: Texture streaming: Enabled
[2016.03.01-10.22.02:655][  0]LogAnalytics: Creating configured Analytics provider AnalyticsET
[2016.03.01-10.22.02:655][  0]LogAnalytics: [UEEditor.Rocket.Release] APIServer = http://et2.epicgames.com/ET2/. AppVersion = 4.10.2-2818068+++depot+UE4-Releases+4.10
[2016.03.01-10.22.02:655][  0]LogAnalytics: [UEEditor.Rocket.Release] SetUserId e6ecb5fd4e414325f8a88386f2bef956|f543c5249e454624aa0c7175b8875023|7643464e-f4ad-4970-a62c-e2f08c69b9e3
[2016.03.01-10.22.02:655][  0]LogAnalytics: [UEEditor.Rocket.Release] AnalyticsET::StartSession
[2016.03.01-10.22.02:665][  0]LogInit: Transaction tracking system initialized
[2016.03.01-10.22.02:702][  0]BlueprintLog: New page: Editor Load
[2016.03.01-10.22.02:845][  0]LocalizationService: Info Localization service is disabled
[2016.03.01-10.22.03:276][  0]LogConsoleResponse:Display: 
[2016.03.01-10.22.03:414][  0]LogCook:Display: Done creating registry. It took  0.00s.
[2016.03.01-10.22.03:846][  0]LogFileCache: Scanning file cache for directory 'C:/Users/Jordan/Documents/Anthrocratos/Anthrocratos_UE4/Content/' took 0.02s
[2016.03.01-10.22.03:853][  0]SourceControl: Info Source control is disabled
[2016.03.01-10.22.03:854][  0]Cmd: MAP LOAD FILE="../../../../../../Users/Jordan/Documents/Anthrocratos/Anthrocratos_UE4/Content/Levels/Kieran-Test.umap" TEMPLATE=0 SHOWPROGRESS=1 FEATURELEVEL=3
[2016.03.01-10.22.03:854][  0]LightingResults: New page: Lighting Build
[2016.03.01-10.22.03:858][  0]MapCheck: New page: Map Check
[2016.03.01-10.22.03:858][  0]LightingResults: New page: Lighting Build
[2016.03.01-10.22.03:874][  0]LogParticles: Destroying 0 GPU particle simulations for FXSystem 0x000000B700EB3240
[2016.03.01-10.22.04:307][  0]LogLinker:Warning: CreateExport: Failed to load Parent for Function /Game/Blueprints/Tiles/Biomes/FieldTile.FieldTile_C:UserConstructionScript; removing parent information, but keeping function
[2016.03.01-10.22.04:457][  0]LogLinker:Warning: CreateExport: Failed to load Parent for Function /Game/Blueprints/Tiles/Buildings/CityCentre.CityCentre_C:UserConstructionScript; removing parent information, but keeping function
[2016.03.01-10.22.05:059][  0]LogAIModule: Creating AISystem for world Kieran-Test
[2016.03.01-10.22.05:066][  0]LogEditorServer: Finished looking for orphan Actors (0.000 secs)
[2016.03.01-10.22.05:067][  0]Cmd: MAP CHECKDEP NOCLEARLOG
[2016.03.01-10.22.05:127][  0]MapCheck: Info Map check complete: 0 Error(s), 0 Warning(s), took 59.539ms to complete.
[2016.03.01-10.22.05:127][  0]LogFileHelpers: Loading map 'Kieran-Test' took 1.273
[2016.03.01-10.22.05:404][  0]LogCollectionManager: Loaded 0 collections in 0.003054 seconds
[2016.03.01-10.22.05:444][  0]LogFileCache: Scanning file cache for directory 'C:/Users/Jordan/Documents/Anthrocratos/Anthrocratos_UE4/Saved/Collections/' took 0.01s
[2016.03.01-10.22.05:444][  0]LogFileCache: Scanning file cache for directory 'C:/Users/Jordan/Documents/Anthrocratos/Anthrocratos_UE4/Content/Developers/Jordan/Collections/' took 0.01s
[2016.03.01-10.22.05:444][  0]LogFileCache: Scanning file cache for directory 'C:/Users/Jordan/Documents/Anthrocratos/Anthrocratos_UE4/Content/Collections/' took 0.01s
[2016.03.01-10.22.05:444][  0]LogCollectionManager: Rebuilt the GUID cache for 0 collections in 0.000003 seconds
[2016.03.01-10.22.05:456][  0]LogContentBrowser: Native class hierarchy populated in 0.0111 seconds. Added 1896 classes and 340 folders.
[2016.03.01-10.22.05:465][  0]LogContentBrowser: Native class hierarchy updated for 'WidgetCarousel' in 0.0015 seconds. Added 0 classes and 0 folders.
[2016.03.01-10.22.05:653][  0]LogContentBrowser: Native class hierarchy updated for 'AddContentDialog' in 0.0015 seconds. Added 0 classes and 0 folders.
[2016.03.01-10.22.05:659][  0]LogContentBrowser: Native class hierarchy updated for 'SceneOutliner' in 0.0015 seconds. Added 1 classes and 2 folders.
[2016.03.01-10.22.05:685][  0]LogCrashTracker: Crashtracker disabled due to settings.
[2016.03.01-10.22.05:690][  0]LogUObjectGlobals:Warning: Failed to find object 'Class None.'
[2016.03.01-10.22.05:713][  0]LogLoad: Full Startup: 30.62 seconds (BP compile: 0.45 seconds)
[2016.03.01-10.22.05:721][  0]LogWindowsTextInputMethodSystem:Display: IME system now deactivated.
[2016.03.01-10.22.05:724][  0]LogOcInput: Can't find Oculus library dev build: is proper Runtime installed? Version: 0.8.0.0
[2016.03.01-10.22.05:798][  0]LogContentStreaming: Texture pool size now 400 MB
[2016.03.01-10.22.05:989][  0]LogRenderer: Reallocating scene render targets to support 1208x572 (Frame:2).
[2016.03.01-10.22.06:046][  1]LogFileCache: Retrieving MD5 hashes for directory 'C:/Users/Jordan/Documents/Anthrocratos/Anthrocratos_UE4/Content/' took 0.31s
[2016.03.01-10.22.15:065][846]LogAssetRegistry: Asset discovery search completed in 13.8841 seconds
[2016.03.01-10.22.15:065][846]LogCollectionManager: Rebuilt the object cache for 0 collections in 0.000001 seconds (found 0 objects)
[2016.03.01-10.22.15:065][846]LogCollectionManager: Fixed up redirectors for 0 collections in 0.000030 seconds (updated 0 objects)
[2016.03.01-10.22.31:919][536]LogBlueprintUserMessages: Early PlayInEditor Detection: Level '/Game/Levels/Kieran-Test.Kieran-Test:PersistentLevel' has LevelScriptBlueprint '/Game/Levels/Kieran-Test.Kieran-Test:PersistentLevel.Kieran-Test' with GeneratedClass '/Game/Levels/Kieran-Test.Kieran-Test_C' with ClassGeneratedBy '/Game/Levels/Kieran-Test.Kieran-Test:PersistentLevel.Kieran-Test'
[2016.03.01-10.22.31:919][536]LogPlayLevel: PlayLevel: No blueprints needed recompiling
[2016.03.01-10.22.31:920][536]PIE: New page: PIE session: Kieran-Test (1 Mar 2016 10:22:31)
[2016.03.01-10.22.31:920][536]LogPlayLevel: Creating play world package: /Game/Levels/UEDPIE_0_Kieran-Test
[2016.03.01-10.22.31:924][536]LogPlayLevel: PIE: StaticDuplicateObject took: (0.004167s)
[2016.03.01-10.22.31:925][536]LogAIModule: Creating AISystem for world Kieran-Test
[2016.03.01-10.22.31:925][536]LogPlayLevel: PIE: World Init took: (0.001413s)
[2016.03.01-10.22.31:926][536]LogPlayLevel: PIE: Created PIE world by copying editor world from /Game/Levels/Kieran-Test.Kieran-Test to /Game/Levels/UEDPIE_0_Kieran-Test.Kieran-Test (0.005861s)
[2016.03.01-10.22.31:974][536]LogInit: XAudio2 using 'Speakers (Realtek High Definition Audio)' : 2 channels at 48 kHz using 32 bits per sample (channel mask 0x3)
[2016.03.01-10.22.31:981][536]LogInit: FAudioDevice initialized.
[2016.03.01-10.22.32:036][536]LogWorld: Game class is 'AnthroGameMode_C'
[2016.03.01-10.22.32:040][536]LogWorld: Bringing World /Game/Levels/UEDPIE_0_Kieran-Test.Kieran-Test up for play (max tick rate 0) at 2016.03.01-10.22.32
[2016.03.01-10.22.32:040][536]LogActor:Warning: GameSession /Game/Levels/UEDPIE_0_Kieran-Test.Kieran-Test:PersistentLevel.GameSession_0 has natively added scene component(s), but none of them were set as the actor's RootComponent - picking one arbitrarily
[2016.03.01-10.22.32:040][536]LogActor:Warning: GameNetworkManager /Game/Levels/UEDPIE_0_Kieran-Test.Kieran-Test:PersistentLevel.GameNetworkManager_0 has natively added scene component(s), but none of them were set as the actor's RootComponent - picking one arbitrarily
[2016.03.01-10.22.32:040][536]LogWorld: Bringing up level for play took: 0.002393
[2016.03.01-10.22.32:044][536]LogBlueprintUserMessages: [GameTileSpawner_C_0] TilesGenerated
[2016.03.01-10.22.32:045][536]LogBlueprintUserMessages: [CityCentre_C_0] Building data doesn't exist
[2016.03.01-10.22.32:045][536]LogBlueprintUserMessages: [GameTileSpawner_C_0] out of bounds
[2016.03.01-10.22.32:045][536]LogBlueprintUserMessages: [GameTileSpawner_C_0] out of bounds
[2016.03.01-10.22.32:045][536]LogBlueprintUserMessages: [GameTileSpawner_C_0] out of bounds
[2016.03.01-10.22.32:047][536]LogBlueprintUserMessages: [GameTileSpawner_C_0] out of bounds
[2016.03.01-10.22.32:048][536]LogBlueprintUserMessages: [GameTileSpawner_C_0] out of bounds
[2016.03.01-10.22.32:055][536]LogBlueprintUserMessages: [GameTileSpawner_C_0] out of bounds
[2016.03.01-10.22.32:055][536]LogBlueprintUserMessages: [GameTileSpawner_C_0] spawned biome
[2016.03.01-10.22.32:055][536]LogBlueprintUserMessages: [GameTileSpawner_C_0] out of bounds
[2016.03.01-10.22.32:056][536]LogBlueprintUserMessages: [GameTileSpawner_C_0] out of bounds
[2016.03.01-10.22.32:056][536]LogBlueprintUserMessages: [GameTileSpawner_C_0] out of bounds
[2016.03.01-10.22.32:056][536]LogBlueprintUserMessages: [GameTileSpawner_C_0] out of bounds
[2016.03.01-10.22.32:057][536]LogBlueprintUserMessages: [GameTileSpawner_C_0] out of bounds
[2016.03.01-10.22.32:058][536]LogBlueprintUserMessages: [GameTileSpawner_C_0] out of bounds
[2016.03.01-10.22.32:058][536]LogBlueprintUserMessages: [GameTileSpawner_C_0] out of bounds
[2016.03.01-10.22.32:058][536]LogBlueprintUserMessages: [GameTileSpawner_C_0] out of bounds
[2016.03.01-10.22.32:058][536]LogBlueprintUserMessages: [GameTileSpawner_C_0] out of bounds
[2016.03.01-10.22.32:058][536]LogBlueprintUserMessages: [GameTileSpawner_C_0] spawned biome
[2016.03.01-10.22.32:059][536]LogBlueprintUserMessages: [GameTileSpawner_C_0] out of bounds
[2016.03.01-10.22.32:059][536]LogBlueprintUserMessages: [GameTileSpawner_C_0] out of bounds
[2016.03.01-10.22.32:059][536]LogBlueprintUserMessages: [GameTileSpawner_C_0] out of bounds
[2016.03.01-10.22.32:060][536]LogBlueprintUserMessages: [GameTileSpawner_C_0] spawned biome
[2016.03.01-10.22.32:073][536]PIE: Info Play in editor start time for /Game/Levels/UEDPIE_0_Kieran-Test 0.384
[2016.03.01-10.22.32:073][536]LogBlueprintUserMessages: Late PlayInEditor Detection: Level '/Game/Levels/Kieran-Test.Kieran-Test:PersistentLevel' has LevelScriptBlueprint '/Game/Levels/Kieran-Test.Kieran-Test:PersistentLevel.Kieran-Test' with GeneratedClass '/Game/Levels/Kieran-Test.Kieran-Test_C' with ClassGeneratedBy '/Game/Levels/Kieran-Test.Kieran-Test:PersistentLevel.Kieran-Test'
[2016.03.01-10.22.32:093][536]LogScript:Warning: Accessed None 'Character_Ref'
	HUD_Test_C /Engine/Transient.UnrealEdEngine_0:GameInstance_0.HUD_Test_C_0
	Function /Game/Blueprints/UI/HUD_Test.HUD_Test_C:GetText_0:003D
[2016.03.01-10.22.32:096][536]LogScript:Warning: Accessed None 'HexTileRef'
	BuildingUI_C /Engine/Transient.UnrealEdEngine_0:GameInstance_0.BuildingUI_C_0
	Function /Game/Blueprints/UI/BuildingUI.BuildingUI_C:ExecuteUbergraph_BuildingUI:0386
[2016.03.01-10.22.32:108][537]LogScript:Warning: Accessed None 'Character_Ref'
	HUD_Test_C /Engine/Transient.UnrealEdEngine_0:GameInstance_0.HUD_Test_C_0
	Function /Game/Blueprints/UI/HUD_Test.HUD_Test_C:GetText_0:003D
[2016.03.01-10.22.32:113][537]LogScript:Warning: Accessed None 'HexTileRef'
	BuildingUI_C /Engine/Transient.UnrealEdEngine_0:GameInstance_0.BuildingUI_C_0
	Function /Game/Blueprints/UI/BuildingUI.BuildingUI_C:ExecuteUbergraph_BuildingUI:0386
[2016.03.01-10.22.32:121][538]LogScript:Warning: Accessed None 'Character_Ref'
	HUD_Test_C /Engine/Transient.UnrealEdEngine_0:GameInstance_0.HUD_Test_C_0
	Function /Game/Blueprints/UI/HUD_Test.HUD_Test_C:GetText_0:003D
[2016.03.01-10.22.32:124][538]LogScript:Warning: Accessed None 'HexTileRef'
	BuildingUI_C /Engine/Transient.UnrealEdEngine_0:GameInstance_0.BuildingUI_C_0
	Function /Game/Blueprints/UI/BuildingUI.BuildingUI_C:ExecuteUbergraph_BuildingUI:0386
[2016.03.01-10.22.32:133][539]LogScript:Warning: Accessed None 'Character_Ref'
	HUD_Test_C /Engine/Transient.UnrealEdEngine_0:GameInstance_0.HUD_Test_C_0
	Function /Game/Blueprints/UI/HUD_Test.HUD_Test_C:GetText_0:003D
[2016.03.01-10.22.32:136][539]LogScript:Warning: Accessed None 'HexTileRef'
	BuildingUI_C /Engine/Transient.UnrealEdEngine_0:GameInstance_0.BuildingUI_C_0
	Function /Game/Blueprints/UI/BuildingUI.BuildingUI_C:ExecuteUbergraph_BuildingUI:0386
[2016.03.01-10.22.32:144][540]LogScript:Warning: Accessed None 'Character_Ref'
	HUD_Test_C /Engine/Transient.UnrealEdEngine_0:GameInstance_0.HUD_Test_C_0
	Function /Game/Blueprints/UI/HUD_Test.HUD_Test_C:GetText_0:003D
[2016.03.01-10.22.32:146][540]LogScript:Warning: Accessed None 'HexTileRef'
	BuildingUI_C /Engine/Transient.UnrealEdEngine_0:GameInstance_0.BuildingUI_C_0
	Function /Game/Blueprints/UI/BuildingUI.BuildingUI_C:ExecuteUbergraph_BuildingUI:0386
[2016.03.01-10.22.32:154][541]LogScript:Warning: Accessed None 'Character_Ref'
	HUD_Test_C /Engine/Transient.UnrealEdEngine_0:GameInstance_0.HUD_Test_C_0
	Function /Game/Blueprints/UI/HUD_Test.HUD_Test_C:GetText_0:003D
[2016.03.01-10.22.32:157][541]LogScript:Warning: Accessed None 'HexTileRef'
	BuildingUI_C /Engine/Transient.UnrealEdEngine_0:GameInstance_0.BuildingUI_C_0
	Function /Game/Blueprints/UI/BuildingUI.BuildingUI_C:ExecuteUbergraph_BuildingUI:0386
[2016.03.01-10.22.32:162][542]LogScript:Warning: Accessed None 'Character_Ref'
	HUD_Test_C /Engine/Transient.UnrealEdEngine_0:GameInstance_0.HUD_Test_C_0
	Function /Game/Blueprints/UI/HUD_Test.HUD_Test_C:GetText_0:003D
[2016.03.01-10.22.32:164][542]LogScript:Warning: Accessed None 'HexTileRef'
	BuildingUI_C /Engine/Transient.UnrealEdEngine_0:GameInstance_0.BuildingUI_C_0
	Function /Game/Blueprints/UI/BuildingUI.BuildingUI_C:ExecuteUbergraph_BuildingUI:0386
[2016.03.01-10.22.32:170][543]LogScript:Warning: Accessed None 'Character_Ref'
	HUD_Test_C /Engine/Transient.UnrealEdEngine_0:GameInstance_0.HUD_Test_C_0
	Function /Game/Blueprints/UI/HUD_Test.HUD_Test_C:GetText_0:003D
[2016.03.01-10.22.32:172][543]LogScript:Warning: Accessed None 'HexTileRef'
	BuildingUI_C /Engine/Transient.UnrealEdEngine_0:GameInstance_0.BuildingUI_C_0
	Function /Game/Blueprints/UI/BuildingUI.BuildingUI_C:ExecuteUbergraph_BuildingUI:0386
[2016.03.01-10.22.32:179][544]LogScript:Warning: Accessed None 'Character_Ref'
	HUD_Test_C /Engine/Transient.UnrealEdEngine_0:GameInstance_0.HUD_Test_C_0
	Function /Game/Blueprints/UI/HUD_Test.HUD_Test_C:GetText_0:003D
[2016.03.01-10.22.32:181][544]LogScript:Warning: Accessed None 'HexTileRef'
	BuildingUI_C /Engine/Transient.UnrealEdEngine_0:GameInstance_0.BuildingUI_C_0
	Function /Game/Blueprints/UI/BuildingUI.BuildingUI_C:ExecuteUbergraph_BuildingUI:0386
[2016.03.01-10.22.32:187][545]LogScript:Warning: Accessed None 'Character_Ref'
	HUD_Test_C /Engine/Transient.UnrealEdEngine_0:GameInstance_0.HUD_Test_C_0
	Function /Game/Blueprints/UI/HUD_Test.HUD_Test_C:GetText_0:003D
[2016.03.01-10.22.32:189][545]LogScript:Warning: Accessed None 'HexTileRef'
	BuildingUI_C /Engine/Transient.UnrealEdEngine_0:GameInstance_0.BuildingUI_C_0
	Function /Game/Blueprints/UI/BuildingUI.BuildingUI_C:ExecuteUbergraph_BuildingUI:0386
[2016.03.01-10.22.32:196][546]LogScript:Warning: Accessed None 'Character_Ref'
	HUD_Test_C /Engine/Transient.UnrealEdEngine_0:GameInstance_0.HUD_Test_C_0
	Function /Game/Blueprints/UI/HUD_Test.HUD_Test_C:GetText_0:003D
[2016.03.01-10.22.32:198][546]LogScript:Warning: Accessed None 'HexTileRef'
	BuildingUI_C /Engine/Transient.UnrealEdEngine_0:GameInstance_0.BuildingUI_C_0
	Function /Game/Blueprints/UI/BuildingUI.BuildingUI_C:ExecuteUbergraph_BuildingUI:0386
[2016.03.01-10.22.32:205][547]LogScript:Warning: Accessed None 'Character_Ref'
	HUD_Test_C /Engine/Transient.UnrealEdEngine_0:GameInstance_0.HUD_Test_C_0
	Function /Game/Blueprints/UI/HUD_Test.HUD_Test_C:GetText_0:003D
[2016.03.01-10.22.32:207][547]LogScript:Warning: Accessed None 'HexTileRef'
	BuildingUI_C /Engine/Transient.UnrealEdEngine_0:GameInstance_0.BuildingUI_C_0
	Function /Game/Blueprints/UI/BuildingUI.BuildingUI_C:ExecuteUbergraph_BuildingUI:0386
[2016.03.01-10.22.32:213][548]LogScript:Warning: Accessed None 'Character_Ref'
	HUD_Test_C /Engine/Transient.UnrealEdEngine_0:GameInstance_0.HUD_Test_C_0
	Function /Game/Blueprints/UI/HUD_Test.HUD_Test_C:GetText_0:003D
[2016.03.01-10.22.32:215][548]LogScript:Warning: Accessed None 'HexTileRef'
	BuildingUI_C /Engine/Transient.UnrealEdEngine_0:GameInstance_0.BuildingUI_C_0
	Function /Game/Blueprints/UI/BuildingUI.BuildingUI_C:ExecuteUbergraph_BuildingUI:0386
[2016.03.01-10.22.32:221][549]LogScript:Warning: Accessed None 'Character_Ref'
	HUD_Test_C /Engine/Transient.UnrealEdEngine_0:GameInstance_0.HUD_Test_C_0
	Function /Game/Blueprints/UI/HUD_Test.HUD_Test_C:GetText_0:003D
[2016.03.01-10.22.32:223][549]LogScript:Warning: Accessed None 'HexTileRef'
	BuildingUI_C /Engine/Transient.UnrealEdEngine_0:GameInstance_0.BuildingUI_C_0
	Function /Game/Blueprints/UI/BuildingUI.BuildingUI_C:ExecuteUbergraph_BuildingUI:0386
[2016.03.01-10.22.32:229][550]LogScript:Warning: Accessed None 'Character_Ref'
	HUD_Test_C /Engine/Transient.UnrealEdEngine_0:GameInstance_0.HUD_Test_C_0
	Function /Game/Blueprints/UI/HUD_Test.HUD_Test_C:GetText_0:003D
[2016.03.01-10.22.32:231][550]LogScript:Warning: Accessed None 'HexTileRef'
	BuildingUI_C /Engine/Transient.UnrealEdEngine_0:GameInstance_0.BuildingUI_C_0
	Function /Game/Blueprints/UI/BuildingUI.BuildingUI_C:ExecuteUbergraph_BuildingUI:0386
[2016.03.01-10.22.32:237][551]LogScript:Warning: Accessed None 'Character_Ref'
	HUD_Test_C /Engine/Transient.UnrealEdEngine_0:GameInstance_0.HUD_Test_C_0
	Function /Game/Blueprints/UI/HUD_Test.HUD_Test_C:GetText_0:003D
[2016.03.01-10.22.32:239][551]LogScript:Warning: Accessed None 'HexTileRef'
	BuildingUI_C /Engine/Transient.UnrealEdEngine_0:GameInstance_0.BuildingUI_C_0
	Function /Game/Blueprints/UI/BuildingUI.BuildingUI_C:ExecuteUbergraph_BuildingUI:0386
[2016.03.01-10.22.32:246][552]LogScript:Warning: Accessed None 'Character_Ref'
	HUD_Test_C /Engine/Transient.UnrealEdEngine_0:GameInstance_0.HUD_Test_C_0
	Function /Game/Blueprints/UI/HUD_Test.HUD_Test_C:GetText_0:003D
[2016.03.01-10.22.32:248][552]LogScript:Warning: Accessed None 'HexTileRef'
	BuildingUI_C /Engine/Transient.UnrealEdEngine_0:GameInstance_0.BuildingUI_C_0
	Function /Game/Blueprints/UI/BuildingUI.BuildingUI_C:ExecuteUbergraph_BuildingUI:0386
[2016.03.01-10.22.53:429][ 84]LogBlueprintUserMessages: Early EndPlayMap Detection: Level '/Game/Levels/Kieran-Test.Kieran-Test:PersistentLevel' has LevelScriptBlueprint '/Game/Levels/Kieran-Test.Kieran-Test:PersistentLevel.Kieran-Test' with GeneratedClass '/Game/Levels/Kieran-Test.Kieran-Test_C' with ClassGeneratedBy '/Game/Levels/Kieran-Test.Kieran-Test:PersistentLevel.Kieran-Test'
[2016.03.01-10.22.53:464][ 84]LogBlueprintUserMessages: Late EndPlayMap Detection: Level '/Game/Levels/Kieran-Test.Kieran-Test:PersistentLevel' has LevelScriptBlueprint '/Game/Levels/Kieran-Test.Kieran-Test:PersistentLevel.Kieran-Test' with GeneratedClass '/Game/Levels/Kieran-Test.Kieran-Test_C' with ClassGeneratedBy '/Game/Levels/Kieran-Test.Kieran-Test:PersistentLevel.Kieran-Test'
[2016.03.01-10.22.53:483][ 84]LogParticles: Destroying 0 GPU particle simulations for FXSystem 0x000000B70C42ED40
[2016.03.01-10.22.56:319][329]LogVSAccessor:Warning: Couldn't access Visual Studio
[2016.03.01-10.22.56:322][329]Recompiling Anthrocratos_UE4...
[2016.03.01-10.22.56:322][329]Launching UnrealBuildTool... [C:/Program Files (x86)/Epic Games/4.10/Engine/Binaries/DotNET/UnrealBuildTool.exe Anthrocratos_UE4 -ModuleWithSuffix Anthrocratos_UE4 7084 Win64 Development -editorrecompile -canskiplink "C:/Users/Jordan/Documents/Anthrocratos/Anthrocratos_UE4/Anthrocratos_UE4.uproject" -rocket  -rocket -2015]
[2016.03.01-10.22.56:324][329]Warning: Starting HotReload took  0.0s.
[2016.03.01-10.24.18:221][374]CompilerResultsLog: New page: Compilation - 1 Mar 2016 10:24:18
[2016.03.01-10.24.18:221][374]CompilerResultsLog: Info Creating makefile for hot reloading Anthrocratos_UE4 (changes to target files)
[2016.03.01-10.24.18:222][374]CompilerResultsLog: Info Compiling game modules for hot reload
[2016.03.01-10.24.18:222][374]CompilerResultsLog: Info Parsing headers for Anthrocratos_UE4Editor
[2016.03.01-10.24.18:222][374]CompilerResultsLog: Info   Running UnrealHeaderTool "C:/Users/Jordan/Documents/Anthrocratos/Anthrocratos_UE4/Anthrocratos_UE4.uproject" "C:\Users\Jordan\Documents\Anthrocratos\Anthrocratos_UE4\Intermediate\Build\Win64\Anthrocratos_UE4Editor\Development\UnrealHeaderTool.manifest" -LogCmds="loginit warning, logexit warning, logdatabase error" -rocket -installed
[2016.03.01-10.24.18:222][374]CompilerResultsLog: Info Reflection code generated for Anthrocratos_UE4Editor in 9.2028435 seconds
[2016.03.01-10.24.18:222][374]CompilerResultsLog: Info Performing 9 actions (4 in parallel)
[2016.03.01-10.24.18:222][374]CompilerResultsLog: Info [3/9] Resource ModuleVersionResource.rc.inl
[2016.03.01-10.24.18:222][374]CompilerResultsLog: Info [2/9] Resource PCLaunch.rc
[2016.03.01-10.24.18:222][374]CompilerResultsLog: Info PCH.Anthrocratos_UE4.h.cpp
[2016.03.01-10.24.18:222][374]CompilerResultsLog: Info Anthrocratos_UE4GameMode.cpp
[2016.03.01-10.24.18:222][374]CompilerResultsLog: Info GameTileSpawner.cpp
[2016.03.01-10.24.18:222][374]CompilerResultsLog: Info PlayerStats.cpp
[2016.03.01-10.24.18:222][374]CompilerResultsLog: Info Anthrocratos_UE4.generated.cpp
[2016.03.01-10.24.18:222][374]CompilerResultsLog: Info Anthrocratos_UE4.cpp
[2016.03.01-10.24.18:222][374]CompilerResultsLog: Info [9/9] Link UE4Editor-Anthrocratos_UE4-7084.dll
[2016.03.01-10.24.18:222][374]CompilerResultsLog: Info    Creating library C:\Users\Jordan\Documents\Anthrocratos\Anthrocratos_UE4\Intermediate/Build/Win64\UE4Editor\Development\UE4Editor-Anthrocratos_UE4-7084.lib and object C:\Users\Jordan\Documents\Anthrocratos\Anthrocratos_UE4\Intermediate/Build/Win64\UE4Editor\Development\UE4Editor-Anthrocratos_UE4-7084.exp
[2016.03.01-10.24.18:222][374]CompilerResultsLog: Info -------- End Detailed Actions Stats -----------------------------------------------------------
[2016.03.01-10.24.18:222][374]CompilerResultsLog: Info Total build time: 81.84 seconds
[2016.03.01-10.24.18:222][374]LogMainFrame: MainFrame: Module compiling took 81.903 seconds
[2016.03.01-10.24.18:488][374]LogClass: EPlayerNo HotReload.
[2016.03.01-10.24.18:493][374]LogContentBrowser: Native class hierarchy updated for 'Anthrocratos_UE4' in 0.0032 seconds. Added 3 classes and 2 folders.
[2016.03.01-10.24.18:496][374]Warning: HotReload successful (0 functions remapped  0 scriptstructs remapped)
[2016.03.01-10.24.18:579][374]LogContentBrowser: Native class hierarchy populated in 0.0113 seconds. Added 1897 classes and 342 folders.
[2016.03.01-10.25.05:051][681]LogLinker:Warning: Asset '../../../Engine/Content/ArtTools/RenderToTexture/Macros/RenderToTextureMacros.uasset' has been saved with empty engine version. The asset will be loaded but may be incompatible.
[2016.03.01-10.25.06:043][681]LogContentBrowser: Native class hierarchy updated for 'BlueprintGraph' in 0.0020 seconds. Added 107 classes and 0 folders.
[2016.03.01-10.32.44:135][  4]BlueprintLog: New page: Compile HUD_Test
[2016.03.01-10.32.44:180][  4]LogBlueprint:Error: [compiler HUD_Test] Error This blueprint (self) is not a PlayerStatsMain_C, therefore ' Target ' must have a connection.
[2016.03.01-10.32.44:437][  4]LogBlueprint:Warning: [compiler HUD_Test] Warning [0669.34] Compile of HUD_Test failed. 1 Fatal Issue(s) 0 Warning(s) [in 302 ms]
[2016.03.01-10.32.44:437][  4]BlueprintEditorCompileResults:Error: Error This blueprint (self) is not a PlayerStatsMain_C, therefore ' Target ' must have a connection.
[2016.03.01-10.32.44:437][  4]BlueprintEditorCompileResults:Warning: Warning [0669.34] Compile of HUD_Test failed. 1 Fatal Issue(s) 0 Warning(s) [in 302 ms]
[2016.03.01-10.33.07:864][796]LogEditorTransaction: Undo Delete current selection
[2016.03.01-10.36.01:207][744]LogActor:Warning: GameNetworkManager /Engine/Transient.World_6:PersistentLevel.GameNetworkManager_1 has natively added scene component(s), but none of them were set as the actor's RootComponent - picking one arbitrarily
[2016.03.01-10.36.38:396][831]BlueprintLog: New page: Compile AnthroGameMode
[2016.03.01-10.36.38:427][831]LogBlueprint:Error: [compiler HUD_Test] Error This blueprint (self) is not a PlayerStatsMain_C, therefore ' Target ' must have a connection.
[2016.03.01-10.36.38:691][831]BlueprintEditorCompileResults: Info [0903.60] Compile of AnthroGameMode successful! [in 294 ms]
[2016.03.01-10.37.33:451][262]BlueprintLog: New page: Compile AnthroGameMode
[2016.03.01-10.37.33:570][262]BlueprintEditorCompileResults: Info [0958.48] Compile of AnthroGameMode successful! [in 119 ms]
[2016.03.01-10.37.43:591][516]BlueprintLog: New page: Compile HUD_Test
[2016.03.01-10.37.43:720][516]BlueprintEditorCompileResults: Info [0968.63] Compile of HUD_Test successful! [in 128 ms]
[2016.03.01-10.38.08:631][262]LogFileHelpers: Editor autosave (incl. sublevels) for '/Game/Levels/Kieran-Test' took 0.034
[2016.03.01-10.38.08:708][262]OBJ SavePackage: Generating thumbnails for [0] asset(s) in package [/Game/Blueprints/Gamemodes/AnthroGameMode] ([1] browsable assets)...
[2016.03.01-10.38.08:708][262]OBJ SavePackage: Finished generating thumbnails for package [/Game/Blueprints/Gamemodes/AnthroGameMode]
[2016.03.01-10.38.08:985][262]LogSavePackage: Save=150.371521ms
[2016.03.01-10.38.08:985][262]LogSavePackage: Moving '../../../../../../Users/Jordan/Documents/Anthrocratos/Anthrocratos_UE4/Saved/AnthroGameMode_Auto199E00EF14EE0EFA6CB5D9DAFF12ECEF6.tmp' to '../../../../../../Users/Jordan/Documents/Anthrocratos/Anthrocratos_UE4/Saved/Autosaves/Game/Blueprints/Gamemodes/AnthroGameMode_Auto1.uasset'
[2016.03.01-10.38.08:987][262]LogSavePackage: Total save time: 251.861066ms
[2016.03.01-10.38.08:987][262]LogSavePackage:Display: Finished SavePackage ../../../../../../Users/Jordan/Documents/Anthrocratos/Anthrocratos_UE4/Saved/Autosaves/Game/Blueprints/Gamemodes/AnthroGameMode_Auto1.uasset
[2016.03.01-10.38.08:993][262]OBJ SavePackage: Generating thumbnails for [0] asset(s) in package [/Game/Blueprints/UI/HUD_Test] ([1] browsable assets)...
[2016.03.01-10.38.08:993][262]OBJ SavePackage: Finished generating thumbnails for package [/Game/Blueprints/UI/HUD_Test]
[2016.03.01-10.38.09:114][262]LogSavePackage: Save=65.425018ms
[2016.03.01-10.38.09:114][262]LogSavePackage: Moving '../../../../../../Users/Jordan/Documents/Anthrocratos/Anthrocratos_UE4/Saved/HUD_Test_Auto1C956A57A4EC4BD1DB747C4844343617D.tmp' to '../../../../../../Users/Jordan/Documents/Anthrocratos/Anthrocratos_UE4/Saved/Autosaves/Game/Blueprints/UI/HUD_Test_Auto1.uasset'
[2016.03.01-10.38.09:117][262]LogSavePackage: Total save time: 122.444034ms
[2016.03.01-10.38.09:117][262]LogSavePackage:Display: Finished SavePackage ../../../../../../Users/Jordan/Documents/Anthrocratos/Anthrocratos_UE4/Saved/Autosaves/Game/Blueprints/UI/HUD_Test_Auto1.uasset
[2016.03.01-10.38.09:117][262]LogFileHelpers: Auto-saving content packages took 0.462
[2016.03.01-10.40.35:598][145]BlueprintLog: New page: Compile HUD_Test
[2016.03.01-10.40.35:761][145]BlueprintEditorCompileResults: Info [1140.67] Compile of HUD_Test successful! [in 162 ms]
[2016.03.01-10.43.00:954][656]LogSavePackage: Save=118.347298ms
[2016.03.01-10.43.00:954][656]LogSavePackage: Moving '../../../../../../Users/Jordan/Documents/Anthrocratos/Anthrocratos_UE4/Saved/Kieran-Test6B20594A4B3E8E58DF7F8D95F395F0DC.tmp' to '../../../../../../Users/Jordan/Documents/Anthrocratos/Anthrocratos_UE4/Content/Levels/Kieran-Test.umap'
[2016.03.01-10.43.00:956][656]LogSavePackage: Total save time: 176.130496ms
[2016.03.01-10.43.00:956][656]LogSavePackage:Display: Finished SavePackage ../../../../../../Users/Jordan/Documents/Anthrocratos/Anthrocratos_UE4/Content/Levels/Kieran-Test.umap
[2016.03.01-10.43.05:825][875]LogSavePackage: Save=50.939770ms
[2016.03.01-10.43.05:825][875]LogSavePackage: Moving '../../../../../../Users/Jordan/Documents/Anthrocratos/Anthrocratos_UE4/Saved/AnthroGameMode43C2DC234CB96B2BF120798EACB7F39E.tmp' to '../../../../../../Users/Jordan/Documents/Anthrocratos/Anthrocratos_UE4/Content/Blueprints/Gamemodes/AnthroGameMode.uasset'
[2016.03.01-10.43.05:830][875]LogSavePackage: Total save time: 105.584987ms
[2016.03.01-10.43.05:830][875]LogSavePackage:Display: Finished SavePackage ../../../../../../Users/Jordan/Documents/Anthrocratos/Anthrocratos_UE4/Content/Blueprints/Gamemodes/AnthroGameMode.uasset
[2016.03.01-10.43.05:838][875]Cmd: OBJ SAVEPACKAGE PACKAGE="/Game/Blueprints/UI/HUD_Test" FILE="../../../../../../Users/Jordan/Documents/Anthrocratos/Anthrocratos_UE4/Content/Blueprints/UI/HUD_Test.uasset" SILENT=true
[2016.03.01-10.43.05:930][875]LogSavePackage: Save=41.710571ms
[2016.03.01-10.43.05:930][875]LogSavePackage: Moving '../../../../../../Users/Jordan/Documents/Anthrocratos/Anthrocratos_UE4/Saved/HUD_Test5F052BAF4A74F94816F4928DFF22B00C.tmp' to '../../../../../../Users/Jordan/Documents/Anthrocratos/Anthrocratos_UE4/Content/Blueprints/UI/HUD_Test.uasset'
[2016.03.01-10.43.05:933][875]LogSavePackage: Total save time: 94.023045ms
[2016.03.01-10.43.05:933][875]LogSavePackage:Display: Finished SavePackage ../../../../../../Users/Jordan/Documents/Anthrocratos/Anthrocratos_UE4/Content/Blueprints/UI/HUD_Test.uasset
[2016.03.01-10.45.23:627][458]LogActorComponent: UnregisterComponent: (/Engine/Transient.EditorFloorComp) Not registered. Aborting.
[2016.03.01-10.45.23:680][458]LogWindowsTextInputMethodSystem:Display: IME system now deactivated.
[2016.03.01-10.45.23:912][459]Cmd: QUIT_EDITOR
[2016.03.01-10.45.25:022][459]LogExit: Preparing to exit.
[2016.03.01-10.45.26:178][459]LogExit: Editor shut down
[2016.03.01-10.45.26:179][459]LogExit: Transaction tracking system shut down
[2016.03.01-10.45.26:184][459]LogParticles: Destroying 0 GPU particle simulations for FXSystem 0x000000B74D1BAA20
[2016.03.01-10.45.26:184][459]LogParticles: Destroying 0 GPU particle simulations for FXSystem 0x000000B705C55760
[2016.03.01-10.45.26:184][459]LogParticles: Destroying 0 GPU particle simulations for FXSystem 0x000000B70C2DD9E0
[2016.03.01-10.45.26:184][459]LogParticles: Destroying 0 GPU particle simulations for FXSystem 0x000000B70C1CE520
[2016.03.01-10.45.26:185][459]LogParticles: Destroying 0 GPU particle simulations for FXSystem 0x000000B715D49D00
[2016.03.01-10.45.26:185][459]LogParticles: Destroying 0 GPU particle simulations for FXSystem 0x000000B70C089120
[2016.03.01-10.45.26:185][459]LogParticles: Destroying 0 GPU particle simulations for FXSystem 0x000000B70C089B20
[2016.03.01-10.45.26:188][459]LogParticles: Destroying 0 GPU particle simulations for FXSystem 0x000000B734EAC4A0
[2016.03.01-10.45.26:411][459]LogExit: Object subsystem successfully closed.
[2016.03.01-10.45.26:429][459]LogD3D11RHI: Shutdown
[2016.03.01-10.45.26:429][459]LogD3D11RHI: CleanupD3DDevice
[2016.03.01-10.45.26:482][459]LogD3D11RHI: ~FD3D11DynamicRHI
[2016.03.01-10.45.26:502][459]LogModuleManager: Shutting down and abandoning module CookingStats (202)
[2016.03.01-10.45.26:502][459]LogModuleManager: Shutting down and abandoning module SequencerWidgets (201)
[2016.03.01-10.45.26:502][459]LogModuleManager: Shutting down and abandoning module BlueprintGraph (200)
[2016.03.01-10.45.26:502][459]LogModuleManager: Shutting down and abandoning module CrashTracker (199)
[2016.03.01-10.45.26:502][459]LogModuleManager: Shutting down and abandoning module SceneOutliner (198)
[2016.03.01-10.45.26:502][459]LogModuleManager: Shutting down and abandoning module SuperSearch (197)
[2016.03.01-10.45.26:502][459]LogModuleManager: Shutting down and abandoning module WidgetCarousel (196)
[2016.03.01-10.45.26:502][459]LogModuleManager: Shutting down and abandoning module AddContentDialog (195)
[2016.03.01-10.45.26:503][459]LogModuleManager: Shutting down and abandoning module EditorWidgets (194)
[2016.03.01-10.45.26:503][459]LogModuleManager: Shutting down and abandoning module CollectionManager (193)
[2016.03.01-10.45.26:503][459]LogModuleManager: Shutting down and abandoning module StatsViewer (192)
[2016.03.01-10.45.26:503][459]LogModuleManager: Shutting down and abandoning module FoliageEdit (191)
[2016.03.01-10.45.26:503][459]LogModuleManager: Shutting down and abandoning module LandscapeEditor (190)
[2016.03.01-10.45.26:504][459]LogModuleManager: Shutting down and abandoning module ActorPickerMode (189)
[2016.03.01-10.45.26:504][459]LogModuleManager: Shutting down and abandoning module GeometryMode (188)
[2016.03.01-10.45.26:504][459]LogModuleManager: Shutting down and abandoning module TextureAlignMode (187)
[2016.03.01-10.45.26:504][459]LogModuleManager: Shutting down and abandoning module BspMode (186)
[2016.03.01-10.45.26:504][459]LogModuleManager: Shutting down and abandoning module PlacementMode (185)
[2016.03.01-10.45.26:504][459]LogModuleManager: Shutting down and abandoning module AutomationWorker (184)
[2016.03.01-10.45.26:504][459]LogModuleManager: Shutting down and abandoning module CharacterAI (183)
[2016.03.01-10.45.26:504][459]LogModuleManager: Shutting down and abandoning module SmartSnapping (182)
[2016.03.01-10.45.26:504][459]LogModuleManager: Shutting down and abandoning module ViewportSnapping (181)
[2016.03.01-10.45.26:504][459]LogModuleManager: Shutting down and abandoning module LogVisualizer (180)
[2016.03.01-10.45.26:504][459]LogModuleManager: Shutting down and abandoning module GameProjectGeneration (179)
[2016.03.01-10.45.26:504][459]LogModuleManager: Shutting down and abandoning module IntroTutorials (178)
[2016.03.01-10.45.26:504][459]LogModuleManager: Shutting down and abandoning module EditorLiveStreaming (177)
[2016.03.01-10.45.26:504][459]LogModuleManager: Shutting down and abandoning module IOSPlatformEditor (176)
[2016.03.01-10.45.26:504][459]LogModuleManager: Shutting down and abandoning module HTML5PlatformEditor (175)
[2016.03.01-10.45.26:504][459]LogModuleManager: Shutting down and abandoning module AndroidDeviceDetection (174)
[2016.03.01-10.45.27:347][459]LogModuleManager: Shutting down and abandoning module AndroidPlatformEditor (173)
[2016.03.01-10.45.27:347][459]LogModuleManager: Shutting down and abandoning module IOSRuntimeSettings (172)
[2016.03.01-10.45.27:347][459]LogModuleManager: Shutting down and abandoning module AndroidRuntimeSettings (171)
[2016.03.01-10.45.27:347][459]LogModuleManager: Shutting down and abandoning module MergeActors (170)
[2016.03.01-10.45.27:347][459]LogModuleManager: Shutting down and abandoning module SizeMap (169)
[2016.03.01-10.45.27:347][459]LogModuleManager: Shutting down and abandoning module TreeMap (168)
[2016.03.01-10.45.27:347][459]LogModuleManager: Shutting down and abandoning module ReferenceViewer (167)
[2016.03.01-10.45.27:347][459]LogModuleManager: Shutting down and abandoning module LocalizationService (166)
[2016.03.01-10.45.27:347][459]LogModuleManager: Shutting down and abandoning module LocalizationDashboard (165)
[2016.03.01-10.45.27:347][459]LogModuleManager: Shutting down and abandoning module HardwareTargeting (164)
[2016.03.01-10.45.27:347][459]LogModuleManager: Shutting down and abandoning module DeviceProfileEditor (163)
[2016.03.01-10.45.27:347][459]LogModuleManager: Shutting down and abandoning module UndoHistory (162)
[2016.03.01-10.45.27:347][459]LogModuleManager: Shutting down and abandoning module GameplayTagsEditor (161)
[2016.03.01-10.45.27:348][459]LogModuleManager: Shutting down and abandoning module UserFeedback (160)
[2016.03.01-10.45.27:348][459]LogModuleManager: Shutting down and abandoning module XmlParser (159)
[2016.03.01-10.45.27:348][459]LogModuleManager: Shutting down and abandoning module Blutility (158)
[2016.03.01-10.45.27:348][459]LogModuleManager: Shutting down and abandoning module ProjectTargetPlatformEditor (157)
[2016.03.01-10.45.27:348][459]LogModuleManager: Shutting down and abandoning module ProjectSettingsViewer (156)
[2016.03.01-10.45.27:348][459]LogModuleManager: Shutting down and abandoning module InputBindingEditor (155)
[2016.03.01-10.45.27:348][459]LogModuleManager: Shutting down and abandoning module EditorSettingsViewer (154)
[2016.03.01-10.45.27:348][459]LogModuleManager: Shutting down and abandoning module SettingsEditor (153)
[2016.03.01-10.45.27:348][459]LogModuleManager: Shutting down and abandoning module ProjectLauncher (152)
[2016.03.01-10.45.27:348][459]LogModuleManager: Shutting down and abandoning module SessionFrontend (151)
[2016.03.01-10.45.27:348][459]LogModuleManager: Shutting down and abandoning module ProfilerClient (150)
[2016.03.01-10.45.27:348][459]LogModuleManager: Shutting down and abandoning module TargetDeviceServices (149)
[2016.03.01-10.45.27:348][459]LogModuleManager: Shutting down and abandoning module DeviceManager (148)
[2016.03.01-10.45.27:349][459]LogModuleManager: Shutting down and abandoning module AutomationController (147)
[2016.03.01-10.45.27:349][459]LogModuleManager: Shutting down and abandoning module AutomationWindow (146)
[2016.03.01-10.45.27:349][459]LogModuleManager: Shutting down and abandoning module Layers (145)
[2016.03.01-10.45.27:349][459]LogModuleManager: Shutting down and abandoning module ComponentVisualizers (144)
[2016.03.01-10.45.27:349][459]LogModuleManager: Shutting down and abandoning module DetailCustomizations (143)
[2016.03.01-10.45.27:349][459]LogModuleManager: Shutting down and abandoning module PackagesDialog (142)
[2016.03.01-10.45.27:349][459]LogModuleManager: Shutting down and abandoning module Persona (141)
[2016.03.01-10.45.27:349][459]LogModuleManager: Shutting down and abandoning module Kismet (140)
[2016.03.01-10.45.27:349][459]LogModuleManager: Shutting down and abandoning module GraphEditor (139)
[2016.03.01-10.45.27:349][459]LogModuleManager: Shutting down and abandoning module ClassViewer (138)
[2016.03.01-10.45.27:349][459]LogModuleManager: Shutting down and abandoning module Toolbox (137)
[2016.03.01-10.45.27:349][459]LogModuleManager: Shutting down and abandoning module ModuleUI (136)
[2016.03.01-10.45.27:350][459]LogModuleManager: Shutting down and abandoning module MovieSceneTools (135)
[2016.03.01-10.45.27:350][459]LogModuleManager: Shutting down and abandoning module OutputLog (134)
[2016.03.01-10.45.27:350][459]LogModuleManager: Shutting down and abandoning module GammaUI (133)
[2016.03.01-10.45.27:350][459]LogModuleManager: Shutting down and abandoning module Documentation (132)
[2016.03.01-10.45.27:350][459]LogModuleManager: Shutting down and abandoning module GameLiveStreaming (131)
[2016.03.01-10.45.27:350][459]LogModuleManager: Shutting down and abandoning module StreamingPauseRendering (130)
[2016.03.01-10.45.27:350][459]LogModuleManager: Shutting down and abandoning module AnalyticsET (129)
[2016.03.01-10.45.27:350][459]LogModuleManager: Shutting down and abandoning module Analytics (128)
[2016.03.01-10.45.27:350][459]LogModuleManager: Shutting down and abandoning module AITestSuite (127)
[2016.03.01-10.45.27:350][459]LogModuleManager: Shutting down and abandoning module GameplayDebugger (126)
[2016.03.01-10.45.27:350][459]LogModuleManager: Shutting down and abandoning module AIModule (125)
[2016.03.01-10.45.27:350][459]LogModuleManager: Shutting down and abandoning module ProfilerService (124)
[2016.03.01-10.45.27:555][459]LogModuleManager: Shutting down and abandoning module TaskGraph (123)
[2016.03.01-10.45.27:555][459]LogModuleManager: Shutting down and abandoning module SlateRemote (122)
[2016.03.01-10.45.27:556][459]LogModuleManager: Shutting down and abandoning module SteamVRController (121)
[2016.03.01-10.45.27:556][459]LogModuleManager: Shutting down and abandoning module SteamVR (120)
[2016.03.01-10.45.27:556][459]LogModuleManager: Shutting down and abandoning module ProceduralMeshComponent (119)
[2016.03.01-10.45.27:556][459]LogModuleManager: Shutting down and abandoning module OculusLibrary (118)
[2016.03.01-10.45.27:556][459]LogModuleManager: Shutting down and abandoning module OculusInput (117)
[2016.03.01-10.45.27:556][459]LogModuleManager: Shutting down and abandoning module LeapMotionController (116)
[2016.03.01-10.45.27:580][459]LogModuleManager: Shutting down and abandoning module CustomMeshComponent (115)
[2016.03.01-10.45.27:580][459]LogModuleManager: Shutting down and abandoning module CableComponent (114)
[2016.03.01-10.45.27:580][459]LogModuleManager: Shutting down and abandoning module ArchVisCharacter (113)
[2016.03.01-10.45.27:580][459]LogModuleManager: Shutting down and abandoning module MessagingDebugger (112)
[2016.03.01-10.45.27:580][459]LogModuleManager: Shutting down and abandoning module MediaPlayerEditor (111)
[2016.03.01-10.45.27:581][459]LogModuleManager: Shutting down and abandoning module HTML5Networking (110)
[2016.03.01-10.45.27:581][459]LogModuleManager: Shutting down and abandoning module SpeedTreeImporter (109)
[2016.03.01-10.45.27:581][459]LogModuleManager: Shutting down and abandoning module PluginBrowser (108)
[2016.03.01-10.45.27:581][459]LogModuleManager: Shutting down and abandoning module EpicSurvey (107)
[2016.03.01-10.45.27:581][459]LogModuleManager: Shutting down and abandoning module DesktopPlatform (106)
[2016.03.01-10.45.27:581][459]LogModuleManager: Shutting down and abandoning module VisualStudioSourceCodeAccess (105)
[2016.03.01-10.45.27:581][459]LogModuleManager: Shutting down and abandoning module UObjectPlugin (104)
[2016.03.01-10.45.27:581][459]LogModuleManager: Shutting down and abandoning module SubversionSourceControl (103)
[2016.03.01-10.45.27:581][459]LogModuleManager: Shutting down and abandoning module PerforceSourceControl (102)
[2016.03.01-10.45.27:581][459]LogModuleManager: Shutting down and abandoning module SourceControl (101)
[2016.03.01-10.45.27:581][459]LogModuleManager: Shutting down and abandoning module GitSourceControl (100)
[2016.03.01-10.45.27:581][459]LogModuleManager: Shutting down and abandoning module LightPropagationVolumeEditor (99)
[2016.03.01-10.45.27:581][459]LogModuleManager: Shutting down and abandoning module PaperTiledImporter (98)
[2016.03.01-10.45.27:581][459]LogModuleManager: Shutting down and abandoning module PaperSpriteSheetImporter (97)
[2016.03.01-10.45.27:581][459]LogModuleManager: Shutting down and abandoning module MeshPaint (96)
[2016.03.01-10.45.27:581][459]LogModuleManager: Shutting down and abandoning module SlateReflector (95)
[2016.03.01-10.45.27:581][459]LogModuleManager: Shutting down and abandoning module HotReload (94)
[2016.03.01-10.45.27:581][459]LogModuleManager: Shutting down and abandoning module MainFrame (93)
[2016.03.01-10.45.27:581][459]LogModuleManager: Shutting down and abandoning module LevelEditor (92)
[2016.03.01-10.45.27:582][459]LogModuleManager: Shutting down and abandoning module DirectoryWatcher (91)
[2016.03.01-10.45.27:583][459]LogModuleManager: Shutting down and abandoning module AssetRegistry (90)
[2016.03.01-10.45.27:662][459]LogModuleManager: Shutting down and abandoning module ContentBrowser (89)
[2016.03.01-10.45.27:663][459]LogModuleManager: Shutting down and abandoning module Paper2DEditor (88)
[2016.03.01-10.45.27:663][459]LogModuleManager: Shutting down and abandoning module Anthrocratos_UE4 (87)
[2016.03.01-10.45.27:663][459]LogModuleManager: Shutting down and abandoning module UdpMessaging (86)
[2016.03.01-10.45.27:764][459]LogModuleManager: Shutting down and abandoning module LightPropagationVolumeRuntime (85)
[2016.03.01-10.45.27:764][459]LogModuleManager: Shutting down and abandoning module Paper2D (84)
[2016.03.01-10.45.27:764][459]LogModuleManager: Shutting down and abandoning module WindowsMoviePlayer (83)
[2016.03.01-10.45.27:769][459]LogModuleManager: Shutting down and abandoning module Media (82)
[2016.03.01-10.45.27:770][459]LogModuleManager: Shutting down and abandoning module WmfMedia (81)
[2016.03.01-10.45.27:770][459]LogModuleManager: Shutting down and abandoning module OnlineBlueprintSupport (80)
[2016.03.01-10.45.27:770][459]LogModuleManager: Shutting down and abandoning module GameplayTasksEditor (79)
[2016.03.01-10.45.27:770][459]LogModuleManager: Shutting down and abandoning module PropertyEditor (78)
[2016.03.01-10.45.27:770][459]LogModuleManager: Shutting down and abandoning module BehaviorTreeEditor (77)
[2016.03.01-10.45.27:770][459]LogModuleManager: Shutting down and abandoning module FunctionalTesting (76)
[2016.03.01-10.45.27:770][459]LogModuleManager: Shutting down and abandoning module CollisionAnalyzer (75)
[2016.03.01-10.45.27:770][459]LogModuleManager: Shutting down and abandoning module WorkspaceMenuStructure (74)
[2016.03.01-10.45.27:770][459]LogModuleManager: Shutting down and abandoning module MessageLog (73)
[2016.03.01-10.45.27:770][459]LogModuleManager: Shutting down and abandoning module Sequencer (72)
[2016.03.01-10.45.27:770][459]LogModuleManager: Shutting down and abandoning module AssetTools (71)
[2016.03.01-10.45.27:771][459]LogModuleManager: Shutting down and abandoning module UMGEditor (70)
[2016.03.01-10.45.27:771][459]LogModuleManager: Shutting down and abandoning module UMG (69)
[2016.03.01-10.45.27:771][459]LogModuleManager: Shutting down and abandoning module Slate (68)
[2016.03.01-10.45.27:771][459]LogModuleManager: Shutting down and abandoning module EditorStyle (67)
[2016.03.01-10.45.27:776][459]LogModuleManager: Shutting down and abandoning module SessionServices (66)
[2016.03.01-10.45.27:776][459]LogModuleManager: Shutting down and abandoning module SourceCodeAccess (65)
[2016.03.01-10.45.27:776][459]LogModuleManager: Shutting down and abandoning module HeadMountedDisplay (64)
[2016.03.01-10.45.27:776][459]LogModuleManager: Shutting down and abandoning module XAudio2 (63)
[2016.03.01-10.45.27:776][459]LogModuleManager: Shutting down and abandoning module Networking (61)
[2016.03.01-10.45.27:776][459]LogModuleManager: Shutting down and abandoning module Core (60)
[2016.03.01-10.45.27:776][459]LogModuleManager: Shutting down and abandoning module KismetCompiler (59)
[2016.03.01-10.45.27:776][459]LogModuleManager: Shutting down and abandoning module PhysXFormats (58)
[2016.03.01-10.45.27:776][459]LogModuleManager: Shutting down and abandoning module MeshUtilities (57)
[2016.03.01-10.45.27:776][459]LogModuleManager: Shutting down and abandoning module DerivedDataCache (56)
[2016.03.01-10.45.27:813][459]LogDerivedDataCache: Shutdown
[2016.03.01-10.45.27:813][459]LogModuleManager: Shutting down and abandoning module ShaderFormatOpenGL (55)
[2016.03.01-10.45.27:813][459]LogModuleManager: Shutting down and abandoning module ShaderFormatD3D (54)
[2016.03.01-10.45.27:813][459]LogModuleManager: Shutting down and abandoning module MetalShaderFormat (53)
[2016.03.01-10.45.27:813][459]LogModuleManager: Shutting down and abandoning module TextureFormatUncompressed (52)
[2016.03.01-10.45.27:813][459]LogModuleManager: Shutting down and abandoning module TextureFormatPVR (51)
[2016.03.01-10.45.27:813][459]LogModuleManager: Shutting down and abandoning module TextureFormatIntelISPCTexComp (50)
[2016.03.01-10.45.27:813][459]LogModuleManager: Shutting down and abandoning module TextureFormatDXT (49)
[2016.03.01-10.45.27:813][459]LogModuleManager: Shutting down and abandoning module ImageWrapper (48)
[2016.03.01-10.45.27:813][459]LogModuleManager: Shutting down and abandoning module TextureFormatASTC (47)
[2016.03.01-10.45.27:813][459]LogModuleManager: Shutting down and abandoning module TextureFormatAndroid (46)
[2016.03.01-10.45.27:813][459]LogModuleManager: Shutting down and abandoning module AudioFormatOpus (45)
[2016.03.01-10.45.27:813][459]LogModuleManager: Shutting down and abandoning module AudioFormatOgg (44)
[2016.03.01-10.45.27:813][459]LogModuleManager: Shutting down and abandoning module AudioFormatADPCM (43)
[2016.03.01-10.45.27:813][459]LogModuleManager: Shutting down and abandoning module LinuxTargetPlatform (42)
[2016.03.01-10.45.27:813][459]LogModuleManager: Shutting down and abandoning module LinuxServerTargetPlatform (41)
[2016.03.01-10.45.27:814][459]LogModuleManager: Shutting down and abandoning module LinuxNoEditorTargetPlatform (40)
[2016.03.01-10.45.27:814][459]LogModuleManager: Shutting down and abandoning module Messaging (39)
[2016.03.01-10.45.27:814][459]LogModuleManager: Shutting down and abandoning module IOSTargetPlatform (38)
[2016.03.01-10.45.27:814][459]LogModuleManager: Shutting down and abandoning module HTML5TargetPlatform (37)
[2016.03.01-10.45.27:814][459]LogModuleManager: Shutting down and abandoning module Android_PVRTCTargetPlatform (36)
[2016.03.01-10.45.27:814][459]LogModuleManager: Shutting down and abandoning module Android_MultiTargetPlatform (35)
[2016.03.01-10.45.27:814][459]LogModuleManager: Shutting down and abandoning module Android_ETC2TargetPlatform (34)
[2016.03.01-10.45.27:814][459]LogModuleManager: Shutting down and abandoning module Android_ETC1TargetPlatform (33)
[2016.03.01-10.45.27:814][459]LogModuleManager: Shutting down and abandoning module Android_DXTTargetPlatform (32)
[2016.03.01-10.45.27:814][459]LogModuleManager: Shutting down and abandoning module Android_ATCTargetPlatform (31)
[2016.03.01-10.45.27:814][459]LogModuleManager: Shutting down and abandoning module Android_ASTCTargetPlatform (30)
[2016.03.01-10.45.27:814][459]LogModuleManager: Shutting down and abandoning module AndroidTargetPlatform (29)
[2016.03.01-10.45.27:814][459]LogModuleManager: Shutting down and abandoning module WindowsTargetPlatform (28)
[2016.03.01-10.45.27:814][459]LogModuleManager: Shutting down and abandoning module WindowsServerTargetPlatform (27)
[2016.03.01-10.45.27:814][459]LogModuleManager: Shutting down and abandoning module WindowsNoEditorTargetPlatform (26)
[2016.03.01-10.45.27:814][459]LogModuleManager: Shutting down and abandoning module WindowsClientTargetPlatform (25)
[2016.03.01-10.45.27:814][459]LogModuleManager: Shutting down and abandoning module AllDesktopTargetPlatform (24)
[2016.03.01-10.45.27:814][459]LogModuleManager: Shutting down and abandoning module TargetPlatform (23)
[2016.03.01-10.45.27:814][459]LogModuleManager: Shutting down and abandoning module InputCore (22)
[2016.03.01-10.45.27:814][459]LogModuleManager: Shutting down and abandoning module Settings (21)
[2016.03.01-10.45.27:814][459]LogModuleManager: Shutting down and abandoning module OnlineSubsystem (19)
[2016.03.01-10.45.27:814][459]LogModuleManager: Shutting down and abandoning module HTTP (18)
[2016.03.01-10.45.31:820][459]LogModuleManager: Shutting down and abandoning module XMPP (17)
[2016.03.01-10.45.31:820][459]LogModuleManager: Shutting down and abandoning module OculusRift (16)
[2016.03.01-10.45.31:820][459]LogModuleManager: Shutting down and abandoning module ExampleDeviceProfileSelector (15)
[2016.03.01-10.45.31:820][459]LogModuleManager: Shutting down and abandoning module TextureCompressor (14)
[2016.03.01-10.45.31:820][459]LogModuleManager: Shutting down and abandoning module ShaderCore (13)
[2016.03.01-10.45.31:820][459]LogModuleManager: Shutting down and abandoning module Landscape (12)
[2016.03.01-10.45.31:820][459]LogModuleManager: Shutting down and abandoning module SlateRHIRenderer (11)
[2016.03.01-10.45.31:824][459]LogModuleManager: Shutting down and abandoning module OpenGLDrv (10)
[2016.03.01-10.45.31:824][459]LogModuleManager: Shutting down and abandoning module D3D11RHI (9)
[2016.03.01-10.45.31:824][459]LogModuleManager: Shutting down and abandoning module AnimGraphRuntime (8)
[2016.03.01-10.45.31:824][459]LogModuleManager: Shutting down and abandoning module Renderer (7)
[2016.03.01-10.45.31:825][459]LogModuleManager: Shutting down and abandoning module Engine (6)
[2016.03.01-10.45.31:825][459]LogModuleManager: Shutting down and abandoning module CoreUObject (5)
[2016.03.01-10.45.31:825][459]LogModuleManager: Shutting down and abandoning module NetworkFile (4)
[2016.03.01-10.45.31:825][459]LogModuleManager: Shutting down and abandoning module StreamingFile (3)
[2016.03.01-10.45.31:825][459]LogModuleManager: Shutting down and abandoning module SandboxFile (2)
[2016.03.01-10.45.31:825][459]LogModuleManager: Shutting down and abandoning module PakFile (1)
[2016.03.01-10.45.31:828][459]LogExit: Exiting.
[2016.03.01-10.45.31:869][459]Log file closed, 03/01/16 10:45:31
