[2016.03.15-14.29.23:866][  0]Log file open, 03/15/16 14:29:23
[2016.03.15-14.29.23:866][  0]LogInit:Display: Running engine for game: Anthrocratos_UE4
[2016.03.15-14.29.23:866][  0]LogPlatformFile: Not using cached read wrapper
[2016.03.15-14.29.23:866][  0]LogInit:Display: RandInit(615512771) SRandInit(615512772).
[2016.03.15-14.29.23:866][  0]LogTaskGraph: Started task graph with 4 named threads and 5 total threads.
[2016.03.15-14.29.23:866][  0]LogStats: Stats thread started at 0.059022
[2016.03.15-14.29.23:866][  0]LogInit: Version: 4.10.2-2818068+++depot+UE4-Releases+4.10
[2016.03.15-14.29.23:866][  0]LogInit: API Version: 2758231
[2016.03.15-14.29.23:866][  0]LogInit: Compiled (64-bit): Jan  6 2016 17:36:42
[2016.03.15-14.29.23:866][  0]LogInit: Compiled with Visual C++: 19.00.23026.00
[2016.03.15-14.29.23:866][  0]LogInit: Build Configuration: Development
[2016.03.15-14.29.23:866][  0]LogInit: Branch Name: ++depot+UE4-Releases+4.10
[2016.03.15-14.29.23:866][  0]LogInit: Command line:  
[2016.03.15-14.29.23:866][  0]LogInit: Base directory: C:/Program Files (x86)/Epic Games/4.10/Engine/Binaries/Win64/
[2016.03.15-14.29.23:866][  0]LogInit: Rocket: 1
[2016.03.15-14.29.23:878][  0]LogInit: Using libcurl 7.41.0
[2016.03.15-14.29.23:878][  0]LogInit:  - built for x86_64-pc-win32
[2016.03.15-14.29.23:878][  0]LogInit:  - supports SSL with WinSSL
[2016.03.15-14.29.23:878][  0]LogInit:  - other features:
[2016.03.15-14.29.23:878][  0]LogInit:      CURL_VERSION_SSL
[2016.03.15-14.29.23:878][  0]LogInit:      CURL_VERSION_IPV6
[2016.03.15-14.29.23:878][  0]LogInit:      CURL_VERSION_ASYNCHDNS
[2016.03.15-14.29.23:878][  0]LogInit:      CURL_VERSION_LARGEFILE
[2016.03.15-14.29.23:878][  0]LogInit:      CURL_VERSION_IDN
[2016.03.15-14.29.23:878][  0]LogInit:  CurlRequestOptions (configurable via config and command line):
[2016.03.15-14.29.23:878][  0]LogInit:  - bVerifyPeer = true  - Libcurl will verify peer certificate
[2016.03.15-14.29.23:878][  0]LogInit:  - bUseHttpProxy = false  - Libcurl will NOT use HTTP proxy
[2016.03.15-14.29.23:878][  0]LogInit:  - bDontReuseConnections = false  - Libcurl will reuse connections
[2016.03.15-14.29.23:878][  0]LogInit:  - CertBundlePath = nullptr  - Libcurl will use whatever was configured at build time.
[2016.03.15-14.29.23:887][  0]LogInit: Presizing for 0 objects not considered by GC, pre-allocating 0 bytes.
[2016.03.15-14.29.23:893][  0]LogInit: Object subsystem initialized
[2016.03.15-14.29.23:893][  0]LogInit: Selected Device Profile: [Windows]
[2016.03.15-14.29.23:893][  0]LogInit: Applying CVar settings loaded from the selected device profile: [Windows]
[2016.03.15-14.29.23:901][  0]LogInit: Computer: LAPTOP-TCEGHJTQ
[2016.03.15-14.29.23:901][  0]LogInit: User: David
[2016.03.15-14.29.23:901][  0]LogInit: CPU Page size=4096, Cores=2
[2016.03.15-14.29.23:901][  0]LogInit: High frequency timer resolution =2.338336 MHz
[2016.03.15-14.29.23:901][  0]LogMemory: Memory total: Physical=15.9GB (16GB approx)
[2016.03.15-14.29.23:901][  0]LogMemory: Platform Memory Stats for Windows
[2016.03.15-14.29.23:901][  0]LogMemory: Process Physical Memory: 56.25 MB used, 56.25 MB peak
[2016.03.15-14.29.23:901][  0]LogMemory: Process Virtual Memory: 55.60 MB used, 55.60 MB peak
[2016.03.15-14.29.23:901][  0]LogMemory: Physical Memory: 2967.82 MB used, 16297.84 MB total
[2016.03.15-14.29.23:901][  0]LogMemory: Virtual Memory: 376.86 MB used, 134217728.00 MB total
[2016.03.15-14.29.23:940][  0]LogTextLocalizationManager: No specific translations for ('en-GB') exist, so ('en') translations will be used.
[2016.03.15-14.29.24:284][  0]LogD3D11RHI: Found D3D11 adapter 0: Intel(R) HD Graphics 5500 (Feature Level 11_0)
[2016.03.15-14.29.24:284][  0]LogD3D11RHI: Adapter has 128MB of dedicated video memory, 0MB of dedicated system memory, and 8148MB of shared system memory, 1 output[s]
[2016.03.15-14.29.24:839][  0]LogD3D11RHI: Found D3D11 adapter 1: AMD Radeon(TM) R9 M375 (Feature Level 11_0)
[2016.03.15-14.29.24:839][  0]LogD3D11RHI: Adapter has 4074MB of dedicated video memory, 0MB of dedicated system memory, and 8148MB of shared system memory, 0 output[s]
[2016.03.15-14.29.24:842][  0]LogD3D11RHI: Found D3D11 adapter 2: Microsoft Basic Render Driver (Feature Level 11_0)
[2016.03.15-14.29.24:842][  0]LogD3D11RHI: Adapter has 0MB of dedicated video memory, 0MB of dedicated system memory, and 8148MB of shared system memory, 0 output[s]
[2016.03.15-14.29.24:842][  0]LogD3D11RHI: Chosen D3D11 Adapter Id = 0
[2016.03.15-14.29.24:849][  0]LogD3D11RHI: !Direct3DDevice
[2016.03.15-14.29.24:850][  0]LogRHI: Texture pool is 1361 MB (70% of 1945 MB)
[2016.03.15-14.29.24:856][  0]LogD3D11RHI: Async texture creation enabled
[2016.03.15-14.29.24:862][  0]LogShaderCompilers: Guid format shader working directory is -14 characters bigger than the processId version (../../../../../../Anthracratos/Anthrocratos/Anthrocratos_UE4/Intermediate/Shaders/WorkingDirectory/8320/).
[2016.03.15-14.29.24:863][  0]LogShaderCompilers: Cleaned the shader compiler working directory 'C:/Users/David/AppData/Local/Temp/UnrealShaderWorkingDir/7FC8FD5147E4E83CE4BD8BBFA6EB5D5D/'.
[2016.03.15-14.29.24:863][  0]LogShaderCompilers:Display: Using Local Shader Compiler.
[2016.03.15-14.29.26:119][  0]LogTemp:Display: Loaded TP AllDesktopTargetPlatform
[2016.03.15-14.29.26:125][  0]LogTemp:Display: Loaded TP WindowsClientTargetPlatform
[2016.03.15-14.29.26:131][  0]LogTemp:Display: Loaded TP WindowsNoEditorTargetPlatform
[2016.03.15-14.29.26:137][  0]LogTemp:Display: Loaded TP WindowsServerTargetPlatform
[2016.03.15-14.29.26:142][  0]LogTemp:Display: Loaded TP WindowsTargetPlatform
[2016.03.15-14.29.26:146][  0]LogTemp:Display: Loaded TP AndroidTargetPlatform
[2016.03.15-14.29.26:150][  0]LogTemp:Display: Loaded TP Android_ASTCTargetPlatform
[2016.03.15-14.29.26:153][  0]LogTemp:Display: Loaded TP Android_ATCTargetPlatform
[2016.03.15-14.29.26:157][  0]LogTemp:Display: Loaded TP Android_DXTTargetPlatform
[2016.03.15-14.29.26:160][  0]LogTemp:Display: Loaded TP Android_ETC1TargetPlatform
[2016.03.15-14.29.26:164][  0]LogTemp:Display: Loaded TP Android_ETC2TargetPlatform
[2016.03.15-14.29.26:172][  0]LogTemp:Display: Loaded TP Android_MultiTargetPlatform
[2016.03.15-14.29.26:172][  0]LogTemp:Display: Loaded TP Android_PVRTCTargetPlatform
[2016.03.15-14.29.26:173][  0]LogTemp:Display: Loaded TP HTML5TargetPlatform
[2016.03.15-14.29.26:192][  0]LogTemp:Display: Loaded TP IOSTargetPlatform
[2016.03.15-14.29.26:195][  0]LogTemp:Display: Loaded TP LinuxNoEditorTargetPlatform
[2016.03.15-14.29.26:199][  0]LogTemp:Display: Loaded TP LinuxServerTargetPlatform
[2016.03.15-14.29.26:202][  0]LogTemp:Display: Loaded TP LinuxTargetPlatform
[2016.03.15-14.29.26:202][  0]LogTargetPlatformManager:Display: Building Assets For Windows
[2016.03.15-14.29.26:337][  0]LogDerivedDataCache:Display: Max Cache Size: 512 MB
[2016.03.15-14.29.26:386][  0]LogDerivedDataCache: Loaded boot cache 0.05s 41MB C:/Users/David/AppData/Local/UnrealEngine/4.10/DerivedDataCache/Boot.ddc.
[2016.03.15-14.29.26:386][  0]LogDerivedDataCache:Display: Loaded Boot cache: C:/Users/David/AppData/Local/UnrealEngine/4.10/DerivedDataCache/Boot.ddc
[2016.03.15-14.29.26:386][  0]LogDerivedDataCache: FDerivedDataBackendGraph:  Pak pak cache file ../../../../../../Anthracratos/Anthrocratos/Anthrocratos_UE4/DerivedDataCache/DDC.ddp not found, will not use a pak cache.
[2016.03.15-14.29.26:386][  0]LogDerivedDataCache: Unable to find inner node Pak for hierarchical cache Hierarchy.
[2016.03.15-14.29.26:386][  0]LogDerivedDataCache: FDerivedDataBackendGraph:  CompressedPak pak cache file ../../../../../../Anthracratos/Anthrocratos/Anthrocratos_UE4/DerivedDataCache/Compressed.ddp not found, will not use a pak cache.
[2016.03.15-14.29.26:386][  0]LogDerivedDataCache: Unable to find inner node CompressedPak for hierarchical cache Hierarchy.
[2016.03.15-14.29.26:441][  0]LogDerivedDataCache:Display: Pak cache opened for reading ../../../Engine/DerivedDataCache/Compressed.ddp.
[2016.03.15-14.29.26:453][  0]LogDerivedDataCache: Using Local data cache path C:/Users/David/AppData/Local/UnrealEngine/Common/DerivedDataCache: Writable
[2016.03.15-14.29.26:669][  0]LogInit: Selected Device Profile: [Windows]
[2016.03.15-14.29.26:672][  0]LogContentStreaming: Texture pool size is 0.000000MB
[2016.03.15-14.29.26:792][  0]LogMeshUtilities: No automatic mesh reduction module available
[2016.03.15-14.29.26:792][  0]LogMeshUtilities: No automatic mesh merging module available
[2016.03.15-14.29.27:064][  0]LogInit: WinSock: version 1.1 (2.2), MaxSocks=32767, MaxUdp=65467
[2016.03.15-14.29.28:057][  0]UdpMessaging: Initializing bridge on interface 0.0.0.0:0 to multicast group 230.0.0.1:6666.
[2016.03.15-14.29.28:198][  0]LogAssetRegistry: FAssetRegistry took 0.0113 seconds to start up
[2016.03.15-14.29.28:515][  0]SourceControl: Info Source control is disabled
[2016.03.15-14.29.28:517][  0]SourceControl: Info Source control is disabled
[2016.03.15-14.29.28:543][  0]SourceControl: Info Source control is disabled
[2016.03.15-14.29.28:570][  0]SourceControl: Info Source control is disabled
[2016.03.15-14.29.29:016][  0]LogObj: 28645 objects as part of root set at end of initial load.
[2016.03.15-14.29.29:016][  0]LogUObjectAllocator: 6105088 out of 0 bytes used by permanent object pool.
[2016.03.15-14.29.29:085][  0]LogEngine: Initializing Engine...
[2016.03.15-14.29.29:091][  0]LogHMD: Can't find Oculus library dev build: is proper Runtime installed? Version: 0.8.0.0
[2016.03.15-14.29.29:092][  0]LogHMD: SteamVR failed to initialize.  Err: 110
[2016.03.15-14.29.29:218][  0]LogAIModule: Creating AISystem for world NewWorld
[2016.03.15-14.29.29:222][  0]LogInit: XAudio2 using 'Speakers (Realtek High Definition Audio)' : 2 channels at 48 kHz using 32 bits per sample (channel mask 0x3)
[2016.03.15-14.29.29:414][  0]LogInit: FAudioDevice initialized.
[2016.03.15-14.29.29:450][  0]LogDerivedDataCache: Saved boot cache 0.04s 41MB C:/Users/David/AppData/Local/UnrealEngine/4.10/DerivedDataCache/Boot.ddc.
[2016.03.15-14.29.29:453][  0]LogInit: Texture streaming: Enabled
[2016.03.15-14.29.29:462][  0]LogAnalytics: Creating configured Analytics provider AnalyticsET
[2016.03.15-14.29.29:462][  0]LogAnalytics: [UEEditor.Rocket.Release] APIServer = http://et2.epicgames.com/ET2/. AppVersion = 4.10.2-2818068+++depot+UE4-Releases+4.10
[2016.03.15-14.29.29:462][  0]LogAnalytics: [UEEditor.Rocket.Release] SetUserId 51bad3324626f8b32aeb23b5d6210868|c381b92b33784ccaa7b778c4b0f76233|7a75b928-ee2d-4f84-b046-c4f65b0113e6
[2016.03.15-14.29.29:462][  0]LogAnalytics: [UEEditor.Rocket.Release] AnalyticsET::StartSession
[2016.03.15-14.29.29:473][  0]LogInit: Transaction tracking system initialized
[2016.03.15-14.29.29:523][  0]BlueprintLog: New page: Editor Load
[2016.03.15-14.29.29:661][  0]LocalizationService: Info Localization service is disabled
[2016.03.15-14.29.29:920][  0]LogConsoleResponse:Display: 
[2016.03.15-14.29.30:047][  0]LogCook:Display: Done creating registry. It took  0.00s.
[2016.03.15-14.29.30:149][  0]LogFileCache: Scanning file cache for directory 'C:/Anthracratos/Anthrocratos/Anthrocratos_UE4/Content/' took 0.02s
[2016.03.15-14.29.30:159][  0]SourceControl: Info Source control is disabled
[2016.03.15-14.29.30:160][  0]Cmd: MAP LOAD FILE="../../../../../../Anthracratos/Anthrocratos/Anthrocratos_UE4/Content/Levels/Kieran-Test.umap" TEMPLATE=0 SHOWPROGRESS=1 FEATURELEVEL=3
[2016.03.15-14.29.30:160][  0]LightingResults: New page: Lighting Build
[2016.03.15-14.29.30:166][  0]MapCheck: New page: Map Check
[2016.03.15-14.29.30:167][  0]LightingResults: New page: Lighting Build
[2016.03.15-14.29.30:197][  0]LogParticles: Destroying 0 GPU particle simulations for FXSystem 0x0000008DAB00B240
[2016.03.15-14.29.30:574][  0]LogBlueprint:Warning: USimpleConstructionScript::FixupRootNodeParentReferences() - Couldn't find inherited parent component 'TileMesh' for 'BuildingMesh' in BlueprintGeneratedClass 'REINST_Building_C_20' (it may have been removed)
[2016.03.15-14.29.30:574][  0]LogBlueprint:Warning: USimpleConstructionScript::FixupRootNodeParentReferences() - Couldn't find inherited parent component 'TileMesh' for 'Sphere' in BlueprintGeneratedClass 'REINST_Building_C_20' (it may have been removed)
[2016.03.15-14.29.30:884][  0]LogLinker:Warning: CreateExport: Failed to load Parent for Function /Game/Blueprints/Tiles/Buildings/BatteryCagedLivestock.BatteryCagedLivestock_C:UserConstructionScript; removing parent information, but keeping function
[2016.03.15-14.29.30:894][  0]LogLinker:Warning: CreateExport: Failed to load Parent for Function /Game/Blueprints/Tiles/Buildings/FossilBasedEnergy.FossilBasedEnergy_C:UserConstructionScript; removing parent information, but keeping function
[2016.03.15-14.29.30:909][  0]LogLinker:Warning: CreateExport: Failed to load Parent for Function /Game/Blueprints/Tiles/Buildings/Free-RangeLivestock.Free-RangeLivestock_C:UserConstructionScript; removing parent information, but keeping function
[2016.03.15-14.29.30:920][  0]LogLinker:Warning: CreateExport: Failed to load Parent for Function /Game/Blueprints/Tiles/Buildings/Incinerator.Incinerator_C:UserConstructionScript; removing parent information, but keeping function
[2016.03.15-14.29.30:930][  0]LogLinker:Warning: CreateExport: Failed to load Parent for Function /Game/Blueprints/Tiles/Buildings/IntensiveFarming.IntensiveFarming_C:UserConstructionScript; removing parent information, but keeping function
[2016.03.15-14.29.30:942][  0]LogLinker:Warning: CreateExport: Failed to load Parent for Function /Game/Blueprints/Tiles/Buildings/NuclearPower.NuclearPower_C:UserConstructionScript; removing parent information, but keeping function
[2016.03.15-14.29.30:963][  0]LogLinker:Warning: CreateExport: Failed to load Parent for Function /Game/Blueprints/Tiles/Buildings/OrganicFarm.OrganicFarm_C:UserConstructionScript; removing parent information, but keeping function
[2016.03.15-14.29.30:974][  0]LogLinker:Warning: CreateExport: Failed to load Parent for Function /Game/Blueprints/Tiles/Buildings/RecyclingCentre.RecyclingCentre_C:UserConstructionScript; removing parent information, but keeping function
[2016.03.15-14.29.30:985][  0]LogLinker:Warning: CreateExport: Failed to load Parent for Function /Game/Blueprints/Tiles/Buildings/SolarPanels.SolarPanels_C:UserConstructionScript; removing parent information, but keeping function
[2016.03.15-14.29.30:995][  0]LogLinker:Warning: CreateExport: Failed to load Parent for Function /Game/Blueprints/Tiles/Buildings/Windmills.Windmills_C:UserConstructionScript; removing parent information, but keeping function
[2016.03.15-14.29.31:010][  0]LogLinker:Warning: CreateExport: Failed to load Parent for Function /Game/Blueprints/Tiles/Biomes/DesertTile.DesertTile_C:UserConstructionScript; removing parent information, but keeping function
[2016.03.15-14.29.31:018][  0]LogLinker:Warning: CreateExport: Failed to load Parent for Function /Game/Blueprints/Tiles/Biomes/FieldTile.FieldTile_C:UserConstructionScript; removing parent information, but keeping function
[2016.03.15-14.29.31:028][  0]LogLinker:Warning: CreateExport: Failed to load Parent for Function /Game/Blueprints/Tiles/Biomes/ForestTile.ForestTile_C:UserConstructionScript; removing parent information, but keeping function
[2016.03.15-14.29.31:044][  0]LogLinker:Warning: CreateExport: Failed to load Parent for Function /Game/Blueprints/Tiles/Buildings/CityCentre.CityCentre_C:UserConstructionScript; removing parent information, but keeping function
[2016.03.15-14.29.31:134][  0]LogBlueprint:Error: Broken Node: K2Node_CallArrayFunction /Game/Blueprints/Tiles/GameTileSpawner.GameTileSpawner:SetTileIsFilled.K2Node_CallArrayFunction_44 keeps removed/invalid pin: EdGraphPin /Game/Blueprints/Tiles/GameTileSpawner.GameTileSpawner:SetTileIsFilled.K2Node_CallArrayFunction_44.EdGraphPin_44770. Try refresh all nodes.
[2016.03.15-14.29.31:184][  0]LogBlueprint:Error: Broken Node: K2Node_CallArrayFunction /Game/Blueprints/Tiles/GameTileSpawner.GameTileSpawner:SetTileIsFilled.K2Node_CallArrayFunction_44 keeps removed/invalid pin: EdGraphPin /Game/Blueprints/Tiles/GameTileSpawner.GameTileSpawner:SetTileIsFilled.K2Node_CallArrayFunction_44.EdGraphPin_44770. Try refresh all nodes.
[2016.03.15-14.29.31:645][  0]LogAIModule: Creating AISystem for world Kieran-Test
[2016.03.15-14.29.31:653][  0]LogEditorServer: Finished looking for orphan Actors (0.000 secs)
[2016.03.15-14.29.31:653][  0]Cmd: MAP CHECKDEP NOCLEARLOG
[2016.03.15-14.29.31:784][  0]MapCheck: Info Map check complete: 0 Error(s), 0 Warning(s), took 130.536ms to complete.
[2016.03.15-14.29.31:784][  0]LogFileHelpers: Loading map 'Kieran-Test' took 1.625
[2016.03.15-14.29.31:939][  0]LogCollectionManager: Loaded 0 collections in 0.005095 seconds
[2016.03.15-14.29.31:984][  0]LogFileCache: Scanning file cache for directory 'C:/Anthracratos/Anthrocratos/Anthrocratos_UE4/Saved/Collections/' took 0.01s
[2016.03.15-14.29.31:984][  0]LogFileCache: Scanning file cache for directory 'C:/Anthracratos/Anthrocratos/Anthrocratos_UE4/Content/Developers/David/Collections/' took 0.01s
[2016.03.15-14.29.31:984][  0]LogFileCache: Scanning file cache for directory 'C:/Anthracratos/Anthrocratos/Anthrocratos_UE4/Content/Collections/' took 0.01s
[2016.03.15-14.29.31:984][  0]LogCollectionManager: Rebuilt the GUID cache for 0 collections in 0.000002 seconds
[2016.03.15-14.29.31:999][  0]LogContentBrowser: Native class hierarchy populated in 0.0148 seconds. Added 1896 classes and 340 folders.
[2016.03.15-14.29.32:012][  0]LogContentBrowser: Native class hierarchy updated for 'WidgetCarousel' in 0.0018 seconds. Added 0 classes and 0 folders.
[2016.03.15-14.29.32:102][  0]LogContentBrowser: Native class hierarchy updated for 'AddContentDialog' in 0.0025 seconds. Added 0 classes and 0 folders.
[2016.03.15-14.29.32:109][  0]LogContentBrowser: Native class hierarchy updated for 'SceneOutliner' in 0.0017 seconds. Added 1 classes and 2 folders.
[2016.03.15-14.29.32:140][  0]LogCrashTracker: Crashtracker disabled due to settings.
[2016.03.15-14.29.32:145][  0]LogUObjectGlobals:Warning: Failed to find object 'Class None.'
[2016.03.15-14.29.32:171][  0]LogLoad: Full Startup: 9.19 seconds (BP compile: 0.41 seconds)
[2016.03.15-14.29.32:201][  0]LogOcInput: Can't find Oculus library dev build: is proper Runtime installed? Version: 0.8.0.0
[2016.03.15-14.29.32:321][  0]LogContentStreaming: Texture pool size now 400 MB
[2016.03.15-14.29.32:482][  0]LogRenderer: Reallocating scene render targets to support 1208x572 (Frame:2).
[2016.03.15-14.29.32:709][  1]LogFileCache: Retrieving MD5 hashes for directory 'C:/Anthracratos/Anthrocratos/Anthrocratos_UE4/Content/' took 0.50s
[2016.03.15-14.29.33:354][ 12]LogAssetRegistry: Asset discovery search completed in 5.1669 seconds
[2016.03.15-14.29.33:354][ 12]LogCollectionManager: Rebuilt the object cache for 0 collections in 0.000000 seconds (found 0 objects)
[2016.03.15-14.29.33:354][ 12]LogCollectionManager: Fixed up redirectors for 0 collections in 0.000021 seconds (updated 0 objects)
[2016.03.15-14.29.38:212][151]LogLinker:Warning: CreateExport: Failed to load Parent for Function /Game/Blueprints/Tiles/Buildings/Biomass.Biomass_C:UserConstructionScript; removing parent information, but keeping function
[2016.03.15-14.29.38:218][151]LogLinker:Warning: CreateExport: Failed to load Parent for Function /Game/Blueprints/Tiles/Buildings/Farm.Farm_C:UserConstructionScript; removing parent information, but keeping function
[2016.03.15-14.29.38:224][151]LogLinker:Warning: CreateExport: Failed to load Parent for Function /Game/Blueprints/Tiles/Buildings/Landfill.Landfill_C:UserConstructionScript; removing parent information, but keeping function
[2016.03.15-14.29.38:328][151]LogAIModule: Creating AISystem for world David-Test
[2016.03.15-14.29.38:415][151]Cmd: MAP LOAD FILE="../../../../../../Anthracratos/Anthrocratos/Anthrocratos_UE4/Content/Levels/David-Test.umap" TEMPLATE=0 SHOWPROGRESS=1 FEATURELEVEL=3
[2016.03.15-14.29.38:415][151]LightingResults: New page: Lighting Build
[2016.03.15-14.29.38:445][151]LoadErrors: New page: Loading map: David-Test.umap
[2016.03.15-14.29.38:445][151]MapCheck: New page: Map Check
[2016.03.15-14.29.38:445][151]LightingResults: New page: Lighting Build
[2016.03.15-14.29.38:475][151]LogParticles: Destroying 0 GPU particle simulations for FXSystem 0x0000008DB545AFC0
[2016.03.15-14.29.38:482][151]LogEditorServer: Finished looking for orphan Actors (0.000 secs)
[2016.03.15-14.29.38:518][151]Cmd: MAP CHECKDEP NOCLEARLOG
[2016.03.15-14.29.38:628][151]MapCheck: Info Map check complete: 0 Error(s), 0 Warning(s), took 110.688ms to complete.
[2016.03.15-14.29.38:629][151]LogFileHelpers: Loading map 'David-Test' took 0.216
[2016.03.15-14.29.39:750][184]LogBlueprintUserMessages: Early PlayInEditor Detection: Level '/Game/Levels/David-Test.David-Test:PersistentLevel' has LevelScriptBlueprint '/Game/Levels/David-Test.David-Test:PersistentLevel.David-Test' with GeneratedClass '/Game/Levels/David-Test.David-Test_C' with ClassGeneratedBy '/Game/Levels/David-Test.David-Test:PersistentLevel.David-Test'
[2016.03.15-14.29.39:750][184]LogPlayLevel: PlayLevel: No blueprints needed recompiling
[2016.03.15-14.29.39:750][184]PIE: New page: PIE session: David-Test (15 Mar 2016 14:29:39)
[2016.03.15-14.29.39:750][184]LogPlayLevel: Creating play world package: /Game/Levels/UEDPIE_0_David-Test
[2016.03.15-14.29.39:757][184]LogPlayLevel: PIE: StaticDuplicateObject took: (0.006926s)
[2016.03.15-14.29.39:758][184]LogAIModule: Creating AISystem for world David-Test
[2016.03.15-14.29.39:758][184]LogPlayLevel: PIE: World Init took: (0.000724s)
[2016.03.15-14.29.39:758][184]LogPlayLevel: PIE: Created PIE world by copying editor world from /Game/Levels/David-Test.David-Test to /Game/Levels/UEDPIE_0_David-Test.David-Test (0.007914s)
[2016.03.15-14.29.39:796][184]LogInit: XAudio2 using 'Speakers (Realtek High Definition Audio)' : 2 channels at 48 kHz using 32 bits per sample (channel mask 0x3)
[2016.03.15-14.29.39:806][184]LogInit: FAudioDevice initialized.
[2016.03.15-14.29.39:856][184]LogWorld: Game class is 'AnthroGameMode_C'
[2016.03.15-14.29.39:858][184]LogWorld: Bringing World /Game/Levels/UEDPIE_0_David-Test.David-Test up for play (max tick rate 60) at 2016.03.15-14.29.39
[2016.03.15-14.29.39:858][184]LogActor:Warning: GameSession /Game/Levels/UEDPIE_0_David-Test.David-Test:PersistentLevel.GameSession_0 has natively added scene component(s), but none of them were set as the actor's RootComponent - picking one arbitrarily
[2016.03.15-14.29.39:858][184]LogActor:Warning: GameNetworkManager /Game/Levels/UEDPIE_0_David-Test.David-Test:PersistentLevel.GameNetworkManager_0 has natively added scene component(s), but none of them were set as the actor's RootComponent - picking one arbitrarily
[2016.03.15-14.29.39:858][184]LogWorld: Bringing up level for play took: 0.001939
[2016.03.15-14.29.39:863][184]LogBlueprintUserMessages: [GameTileSpawner_58] TilesGenerated
[2016.03.15-14.29.39:864][184]LogBlueprintUserMessages: [CityCentre_C_0] Building data doesn't exist
[2016.03.15-14.29.39:868][184]LogBlueprintUserMessages: [GameTileSpawner_58] Out Of Bounds Tile position
[2016.03.15-14.29.39:868][184]LogBlueprintUserMessages: [GameTileSpawner_58] Out Of Bounds Tile position
[2016.03.15-14.29.39:868][184]LogBlueprintUserMessages: [GameTileSpawner_58] Out Of Bounds Tile position
[2016.03.15-14.29.39:871][184]LogBlueprintUserMessages: [GameTileSpawner_58] spawned biome
[2016.03.15-14.29.39:874][184]LogBlueprintUserMessages: [GameTileSpawner_58] Out Of Bounds Tile position
[2016.03.15-14.29.39:876][184]LogBlueprintUserMessages: [GameTileSpawner_58] Out Of Bounds Tile position
[2016.03.15-14.29.39:881][184]LogBlueprintUserMessages: [GameTileSpawner_58] spawned biome
[2016.03.15-14.29.39:883][184]LogBlueprintUserMessages: [GameTileSpawner_58] Out Of Bounds Tile position
[2016.03.15-14.29.39:883][184]LogBlueprintUserMessages: [GameTileSpawner_58] Out Of Bounds Tile position
[2016.03.15-14.29.39:883][184]LogBlueprintUserMessages: [GameTileSpawner_58] spawned biome
[2016.03.15-14.29.39:899][184]PIE: Info Play in editor start time for /Game/Levels/UEDPIE_0_David-Test -0.729
[2016.03.15-14.29.39:900][184]LogBlueprintUserMessages: Late PlayInEditor Detection: Level '/Game/Levels/David-Test.David-Test:PersistentLevel' has LevelScriptBlueprint '/Game/Levels/David-Test.David-Test:PersistentLevel.David-Test' with GeneratedClass '/Game/Levels/David-Test.David-Test_C' with ClassGeneratedBy '/Game/Levels/David-Test.David-Test:PersistentLevel.David-Test'
[2016.03.15-14.29.46:844][571]LogBlueprintUserMessages: [Biomass_C_0] Building data doesn't exist
[2016.03.15-14.29.46:844][571]LogBlueprintUserMessages: [AnthroGameMode_C_0] 1 action left
[2016.03.15-14.29.46:844][571]LogBlueprintUserMessages: [PlayerStatsMain_18] BuildingTracked
[2016.03.15-14.29.50:265][769]LogBlueprintUserMessages: [AnthroGameMode_C_0] next player
[2016.03.15-14.29.52:613][903]LogBlueprintUserMessages: [PlayerStatsMain_18] Added Happiness
[2016.03.15-14.29.52:613][903]LogBlueprintUserMessages: [AnthroGameMode_C_0] End Round
[2016.03.15-14.29.52:614][903]LogScript:Warning: Attempted to get an item from array CallFunc_GetOverlappingActors_OverlappingActors out of bounds [7/6]!
[2016.03.15-14.29.52:614][903]LogScript:Warning: Attempted to get an item from array CallFunc_GetOverlappingActors_OverlappingActors out of bounds [7/6]!
[2016.03.15-14.29.54:703][ 23]LogBlueprintUserMessages: [AnthroGameMode_C_0] next player
[2016.03.15-14.29.55:011][ 41]LogBlueprintUserMessages: [PlayerStatsMain_18] Added Happiness
[2016.03.15-14.29.55:011][ 41]LogBlueprintUserMessages: [AnthroGameMode_C_0] End Round
[2016.03.15-14.29.55:011][ 41]LogScript:Warning: Attempted to get an item from array CallFunc_GetOverlappingActors_OverlappingActors out of bounds [7/6]!
[2016.03.15-14.29.55:011][ 41]LogScript:Warning: Attempted to get an item from array CallFunc_GetOverlappingActors_OverlappingActors out of bounds [7/6]!
[2016.03.15-14.29.56:736][140]LogBlueprintUserMessages: [AnthroGameMode_C_0] next player
[2016.03.15-14.29.59:266][282]LogBlueprintUserMessages: [PlayerStatsMain_18] Added Happiness
[2016.03.15-14.29.59:266][282]LogBlueprintUserMessages: [AnthroGameMode_C_0] End Round
[2016.03.15-14.29.59:266][282]LogScript:Warning: Attempted to get an item from array CallFunc_GetOverlappingActors_OverlappingActors out of bounds [7/6]!
[2016.03.15-14.29.59:266][282]LogScript:Warning: Attempted to get an item from array CallFunc_GetOverlappingActors_OverlappingActors out of bounds [7/6]!
[2016.03.15-14.29.59:450][292]LogBlueprintUserMessages: [AnthroGameMode_C_0] next player
[2016.03.15-14.29.59:616][301]LogBlueprintUserMessages: [PlayerStatsMain_18] Added Happiness
[2016.03.15-14.29.59:616][301]LogBlueprintUserMessages: [AnthroGameMode_C_0] End Round
[2016.03.15-14.29.59:616][301]LogScript:Warning: Attempted to get an item from array CallFunc_GetOverlappingActors_OverlappingActors out of bounds [7/6]!
[2016.03.15-14.29.59:616][301]LogScript:Warning: Attempted to get an item from array CallFunc_GetOverlappingActors_OverlappingActors out of bounds [7/6]!
[2016.03.15-14.29.59:772][310]LogBlueprintUserMessages: [AnthroGameMode_C_0] next player
[2016.03.15-14.29.59:951][320]LogBlueprintUserMessages: [PlayerStatsMain_18] Added Happiness
[2016.03.15-14.29.59:952][320]LogBlueprintUserMessages: [AnthroGameMode_C_0] End Round
[2016.03.15-14.29.59:952][320]LogScript:Warning: Attempted to get an item from array CallFunc_GetOverlappingActors_OverlappingActors out of bounds [7/6]!
[2016.03.15-14.29.59:952][320]LogScript:Warning: Attempted to get an item from array CallFunc_GetOverlappingActors_OverlappingActors out of bounds [7/6]!
[2016.03.15-14.30.00:090][324]LogBlueprintUserMessages: [AnthroGameMode_C_0] next player
[2016.03.15-14.30.00:251][334]LogBlueprintUserMessages: [PlayerStatsMain_18] Added Happiness
[2016.03.15-14.30.00:251][334]LogBlueprintUserMessages: [AnthroGameMode_C_0] End Round
[2016.03.15-14.30.00:252][334]LogScript:Warning: Attempted to get an item from array CallFunc_GetOverlappingActors_OverlappingActors out of bounds [7/6]!
[2016.03.15-14.30.00:252][334]LogScript:Warning: Attempted to get an item from array CallFunc_GetOverlappingActors_OverlappingActors out of bounds [7/6]!
[2016.03.15-14.30.00:519][348]LogBlueprintUserMessages: [AnthroGameMode_C_0] next player
[2016.03.15-14.30.00:687][357]LogBlueprintUserMessages: [PlayerStatsMain_18] Added Happiness
[2016.03.15-14.30.00:687][357]LogBlueprintUserMessages: [AnthroGameMode_C_0] End Round
[2016.03.15-14.30.00:687][357]LogScript:Warning: Attempted to get an item from array CallFunc_GetOverlappingActors_OverlappingActors out of bounds [7/6]!
[2016.03.15-14.30.00:687][357]LogScript:Warning: Attempted to get an item from array CallFunc_GetOverlappingActors_OverlappingActors out of bounds [7/6]!
[2016.03.15-14.30.00:865][366]LogBlueprintUserMessages: [AnthroGameMode_C_0] next player
[2016.03.15-14.30.01:509][401]LogBlueprintUserMessages: [PlayerStatsMain_18] Added Happiness
[2016.03.15-14.30.01:509][401]LogBlueprintUserMessages: [AnthroGameMode_C_0] End Round
[2016.03.15-14.30.01:509][401]LogScript:Warning: Attempted to get an item from array CallFunc_GetOverlappingActors_OverlappingActors out of bounds [7/6]!
[2016.03.15-14.30.01:509][401]LogScript:Warning: Attempted to get an item from array CallFunc_GetOverlappingActors_OverlappingActors out of bounds [7/6]!
[2016.03.15-14.30.05:841][640]LogScript:Warning: Attempted to get an item from array UpgradeBuildings out of bounds [0/0]!
[2016.03.15-14.30.05:841][640]LogBlueprintUserMessages: [Biomass_C_0] This upgrade not available
[2016.03.15-14.30.05:841][640]LogScript:Warning: UGameplayStatics::BeginSpawningActorFromClass: can not spawn an actor from a NULL class
[2016.03.15-14.30.05:841][640]LogScript:Warning: Accessed None 'CallFunc_FinishSpawningActor_ReturnValue'
	PlayerStatsMain_C /Game/Levels/UEDPIE_0_David-Test.David-Test:PersistentLevel.PlayerStatsMain_18
	Function /Game/Blueprints/Gameplay/PlayerStatsMain.PlayerStatsMain_C:AttemptSpawnBuilding:0195
[2016.03.15-14.30.20:978][640]LogOutputDevice:Warning: === Handled error: ===

Ensure condition failed: Stack.MostRecentPropertyAddress [File:D:\BuildFarm\buildmachine_++depot+UE4-Releases+4.10\Engine\Source\Runtime\CoreUObject\Private\UObject\ScriptCore.cpp] [Line: 556]

Stack: 
UE4Editor-Core.dll!FWindowsPlatformStackWalk::StackWalkAndDump() [d:\buildfarm\buildmachine_++depot+ue4-releases+4.10\engine\source\runtime\core\private\windows\windowsplatformstackwalk.cpp:175]
UE4Editor-Core.dll!FDebug::EnsureFailed() [d:\buildfarm\buildmachine_++depot+ue4-releases+4.10\engine\source\runtime\core\private\misc\outputdevice.cpp:276]
UE4Editor-Core.dll!FDebug::OptionallyLogFormattedEnsureMessageReturningFalse() [d:\buildfarm\buildmachine_++depot+ue4-releases+4.10\engine\source\runtime\core\private\misc\outputdevice.cpp:385]
UE4Editor-CoreUObject.dll!UObject::CallFunction() [d:\buildfarm\buildmachine_++depot+ue4-releases+4.10\engine\source\runtime\coreuobject\private\uobject\scriptcore.cpp:556]
UE4Editor-CoreUObject.dll!UObject::execVirtualFunction() [d:\buildfarm\buildmachine_++depot+ue4-releases+4.10\engine\source\runtime\coreuobject\private\uobject\scriptcore.cpp:1842]
UE4Editor-CoreUObject.dll!UObject::ProcessInternal() [d:\buildfarm\buildmachine_++depot+ue4-releases+4.10\engine\source\runtime\coreuobject\private\uobject\scriptcore.cpp:698]
UE4Editor-CoreUObject.dll!UObject::CallFunction() [d:\buildfarm\buildmachine_++depot+ue4-releases+4.10\engine\source\runtime\coreuobject\private\uobject\scriptcore.cpp:608]
UE4Editor-CoreUObject.dll!UObject::execVirtualFunction() [d:\buildfarm\buildmachine_++depot+ue4-releases+4.10\engine\source\runtime\coreuobject\private\uobject\scriptcore.cpp:1842]
UE4Editor-CoreUObject.dll!UObject::ProcessContextOpcode() [d:\buildfarm\buildmachine_++depot+ue4-releases+4.10\engine\source\runtime\coreuobject\private\uobject\scriptcore.cpp:1755]
UE4Editor-CoreUObject.dll!UObject::ProcessInternal() [d:\buildfarm\buildmachine_++depot+ue4-releases+4.10\engine\source\runtime\coreuobject\private\uobject\scriptcore.cpp:698]
UE4Editor-CoreUObject.dll!UObject::CallFunction() [d:\buildfarm\buildmachine_++depot+ue4-releases+4.10\engine\source\runtime\coreuobject\private\uobject\scriptcore.cpp:608]
UE4Editor-CoreUObject.dll!UObject::execVirtualFunction() [d:\buildfarm\buildmachine_++depot+ue4-releases+4.10\engine\source\runtime\coreuobject\private\uobject\scriptcore.cpp:1842]
UE4Editor-CoreUObject.dll!UObject::ProcessInternal() [d:\buildfarm\buildmachine_++depot+ue4-releases+4.10\engine\source\runtime\coreuobject\private\uobject\scriptcore.cpp:698]
UE4Editor-CoreUObject.dll!UObject::CallFunction() [d:\buildfarm\buildmachine_++depot+ue4-releases+4.10\engine\source\runtime\coreuobject\private\uobject\scriptcore.cpp:608]
UE4Editor-CoreUObject.dll!UObject::execVirtualFunction() [d:\buildfarm\buildmachine_++depot+ue4-releases+4.10\engine\source\runtime\coreuobject\private\uobject\scriptcore.cpp:1842]
UE4Editor-CoreUObject.dll!UObject::ProcessInternal() [d:\buildfarm\buildmachine_++depot+ue4-releases+4.10\engine\source\runtime\coreuobject\private\uobject\scriptcore.cpp:698]
UE4Editor-CoreUObject.dll!UFunction::Invoke() [d:\buildfarm\buildmachine_++depot+ue4-releases+4.10\engine\source\runtime\coreuobject\private\uobject\class.cpp:4198]
UE4Editor-CoreUObject.dll!UObject::ProcessEvent() [d:\buildfarm\buildmachine_++depot+ue4-releases+4.10\engine\source\runtime\coreuobject\private\uobject\scriptcore.cpp:1053]
UE4Editor-UMG.dll!TMulticastScriptDelegate<FWeakObjectPtr>::ProcessMulticastDelegate<UObject>() [d:\buildfarm\buildmachine_++depot+ue4-releases+4.10\engine\source\runtime\core\public\uobject\scriptdelegates.h:459]
UE4Editor-UMG.dll!UButton::SlateHandleClicked() [d:\buildfarm\buildmachine_++depot+ue4-releases+4.10\engine\source\runtime\umg\private\components\button.cpp:147]
UE4Editor-UMG.dll!TMemberFunctionCaller<UButton,FReply (__cdecl UButton::*)(void) __ptr64>::operator()<>() [d:\buildfarm\buildmachine_++depot+ue4-releases+4.10\engine\source\runtime\core\public\delegates\delegateinstanceinterface_variadics.h:161]
UE4Editor-UMG.dll!TTupleImpl<TIntegerSequence<> >::ApplyAfter_ExplicitReturnType<FReply,TMemberFunctionCaller<UButton,FReply (__cdecl UButton::*)(void) __ptr64> >() [d:\buildfarm\buildmachine_++depot+ue4-releases+4.10\engine\source\runtime\core\public\delegates\tuple.h:113]
UE4Editor-UMG.dll!TBaseUObjectMethodDelegateInstance<0,UButton,FReply __cdecl(void)>::Execute() [d:\buildfarm\buildmachine_++depot+ue4-releases+4.10\engine\source\runtime\core\public\delegates\delegateinstancesimpl_variadics.inl:682]
UE4Editor-Slate.dll!TBaseDelegate<FReply>::Execute() [d:\buildfarm\buildmachine_++depot+ue4-releases+4.10\engine\source\runtime\core\public\delegates\delegatesignatureimpl_variadics.inl:440]
UE4Editor-Slate.dll!SButton::OnMouseButtonUp() [d:\buildfarm\buildmachine_++depot+ue4-releases+4.10\engine\source\runtime\slate\private\widgets\input\sbutton.cpp:236]
UE4Editor-Slate.dll!<lambda_4ba5b0c116ad939f50a9b616659f063a>::operator()() [d:\buildfarm\buildmachine_++depot+ue4-releases+4.10\engine\source\runtime\slate\private\framework\application\slateapplication.cpp:4276]
UE4Editor-Slate.dll!FEventRouter::Route<FReply,FEventRouter::FToLeafmostPolicy,FPointerEvent,<lambda_4ba5b0c116ad939f50a9b616659f063a> >() [d:\buildfarm\buildmachine_++depot+ue4-releases+4.10\engine\source\runtime\slate\private\framework\application\slateapplication.cpp:214]
UE4Editor-Slate.dll!FSlateApplication::RoutePointerUpEvent() [d:\buildfarm\buildmachine_++depot+ue4-releases+4.10\engine\source\runtime\slate\private\framework\application\slateapplication.cpp:4266]
UE4Editor-Slate.dll!FSlateApplication::ProcessMouseButtonUpEvent() [d:\buildfarm\buildmachine_++depot+ue4-releases+4.10\engine\source\runtime\slate\private\framework\application\slateapplication.cpp:4663]
UE4Editor-Slate.dll!FSlateApplication::OnMouseUp() [d:\buildfarm\buildmachine_++depot+ue4-releases+4.10\engine\source\runtime\slate\private\framework\application\slateapplication.cpp:4641]
UE4Editor-Core.dll!FWindowsApplication::ProcessDeferredMessage() [d:\buildfarm\buildmachine_++depot+ue4-releases+4.10\engine\source\runtime\core\private\windows\windowsapplication.cpp:1416]
UE4Editor-Core.dll!FWindowsApplication::DeferMessage() [d:\buildfarm\buildmachine_++depot+ue4-releases+4.10\engine\source\runtime\core\private\windows\windowsapplication.cpp:1721]
UE4Editor-Core.dll!FWindowsApplication::ProcessMessage() [d:\buildfarm\buildmachine_++depot+ue4-releases+4.10\engine\source\runtime\core\private\windows\windowsapplication.cpp:719]
UE4Editor-Core.dll!FWindowsApplication::AppWndProc() [d:\buildfarm\buildmachine_++depot+ue4-releases+4.10\engine\source\runtime\core\private\windows\windowsapplication.cpp:641]
USER32.dll
USER32.dll
UE4Editor-Core.dll!FWindowsPlatformMisc::PumpMessages() [d:\buildfarm\buildmachine_++depot+ue4-releases+4.10\engine\source\runtime\core\private\windows\windowsplatformmisc.cpp:884]
UE4Editor.exe!FEngineLoop::Tick() [d:\buildfarm\buildmachine_++depot+ue4-releases+4.10\engine\source\runtime\launch\private\launchengineloop.cpp:2391]
UE4Editor.exe!GuardedMain() [d:\buildfarm\buildmachine_++depot+ue4-releases+4.10\engine\source\runtime\launch\private\launch.cpp:142]
UE4Editor.exe!GuardedMainWrapper() [d:\buildfarm\buildmachine_++depot+ue4-releases+4.10\engine\source\runtime\launch\private\windows\launchwindows.cpp:126]
UE4Editor.exe!WinMain() [d:\buildfarm\buildmachine_++depot+ue4-releases+4.10\engine\source\runtime\launch\private\windows\launchwindows.cpp:200]
UE4Editor.exe!__scrt_common_main_seh() [f:\dd\vctools\crt\vcstartup\src\startup\exe_common.inl:264]
KERNEL32.DLL
ntdll.dll
ntdll.dll

