[2016.04.05-08.19.40:622][  0]Log file open, 04/05/16 09:19:40
[2016.04.05-08.19.40:622][  0]LogInit:Display: Running engine for game: Anthrocratos_UE4
[2016.04.05-08.19.40:623][  0]LogPlatformFile: Not using cached read wrapper
[2016.04.05-08.19.40:623][  0]LogInit:Display: RandInit(733115183) SRandInit(733115184).
[2016.04.05-08.19.40:623][  0]LogTaskGraph: Started task graph with 4 named threads and 7 total threads.
[2016.04.05-08.19.40:623][  0]LogStats: Stats thread started at 0.089922
[2016.04.05-08.19.40:623][  0]LogInit: Version: 4.10.4-2872498+++depot+UE4-Releases+4.10
[2016.04.05-08.19.40:623][  0]LogInit: API Version: 2758231
[2016.04.05-08.19.40:623][  0]LogInit: Compiled (64-bit): Feb 18 2016 15:47:04
[2016.04.05-08.19.40:623][  0]LogInit: Compiled with Visual C++: 19.00.23026.00
[2016.04.05-08.19.40:623][  0]LogInit: Build Configuration: Development
[2016.04.05-08.19.40:623][  0]LogInit: Branch Name: ++depot+UE4-Releases+4.10
[2016.04.05-08.19.40:623][  0]LogInit: Command line:  
[2016.04.05-08.19.40:623][  0]LogInit: Base directory: C:/Program Files (x86)/Epic Games/4.10/Engine/Binaries/Win64/
[2016.04.05-08.19.40:623][  0]LogInit: Rocket: 1
[2016.04.05-08.19.40:647][  0]LogInit: Using libcurl 7.41.0
[2016.04.05-08.19.40:647][  0]LogInit:  - built for x86_64-pc-win32
[2016.04.05-08.19.40:647][  0]LogInit:  - supports SSL with WinSSL
[2016.04.05-08.19.40:647][  0]LogInit:  - other features:
[2016.04.05-08.19.40:647][  0]LogInit:      CURL_VERSION_SSL
[2016.04.05-08.19.40:647][  0]LogInit:      CURL_VERSION_IPV6
[2016.04.05-08.19.40:647][  0]LogInit:      CURL_VERSION_ASYNCHDNS
[2016.04.05-08.19.40:647][  0]LogInit:      CURL_VERSION_LARGEFILE
[2016.04.05-08.19.40:647][  0]LogInit:      CURL_VERSION_IDN
[2016.04.05-08.19.40:647][  0]LogInit:  CurlRequestOptions (configurable via config and command line):
[2016.04.05-08.19.40:647][  0]LogInit:  - bVerifyPeer = true  - Libcurl will verify peer certificate
[2016.04.05-08.19.40:647][  0]LogInit:  - bUseHttpProxy = false  - Libcurl will NOT use HTTP proxy
[2016.04.05-08.19.40:647][  0]LogInit:  - bDontReuseConnections = false  - Libcurl will reuse connections
[2016.04.05-08.19.40:647][  0]LogInit:  - CertBundlePath = nullptr  - Libcurl will use whatever was configured at build time.
[2016.04.05-08.19.40:673][  0]LogInit: Presizing for 0 objects not considered by GC, pre-allocating 0 bytes.
[2016.04.05-08.19.40:694][  0]LogInit: Object subsystem initialized
[2016.04.05-08.19.40:697][  0]LogInit: Selected Device Profile: [Windows]
[2016.04.05-08.19.40:698][  0]LogInit: Applying CVar settings loaded from the selected device profile: [Windows]
[2016.04.05-08.19.40:722][  0]LogInit: Computer: CUBE-11959
[2016.04.05-08.19.40:722][  0]LogInit: User: user
[2016.04.05-08.19.40:722][  0]LogInit: CPU Page size=4096, Cores=4
[2016.04.05-08.19.40:722][  0]LogInit: High frequency timer resolution =2.435778 MHz
[2016.04.05-08.19.40:722][  0]LogMemory: Memory total: Physical=7.9GB (8GB approx)
[2016.04.05-08.19.40:722][  0]LogMemory: Platform Memory Stats for Windows
[2016.04.05-08.19.40:722][  0]LogMemory: Process Physical Memory: 56.56 MB used, 56.56 MB peak
[2016.04.05-08.19.40:722][  0]LogMemory: Process Virtual Memory: 56.85 MB used, 56.85 MB peak
[2016.04.05-08.19.40:722][  0]LogMemory: Physical Memory: 3861.45 MB used, 8076.43 MB total
[2016.04.05-08.19.40:722][  0]LogMemory: Virtual Memory: 382.84 MB used, 134217728.00 MB total
[2016.04.05-08.19.40:789][  0]LogTextLocalizationManager: No specific translations for ('en-GB') exist, so ('en') translations will be used.
[2016.04.05-08.19.41:398][  0]LogD3D11RHI: Found D3D11 adapter 0: NVIDIA GeForce GTX 850M  (Feature Level 11_0)
[2016.04.05-08.19.41:398][  0]LogD3D11RHI: Adapter has 1995MB of dedicated video memory, 0MB of dedicated system memory, and 4038MB of shared system memory, 1 output[s]
[2016.04.05-08.19.41:406][  0]LogD3D11RHI: Found D3D11 adapter 1: Intel(R) HD Graphics 4600 (Feature Level 11_0)
[2016.04.05-08.19.41:406][  0]LogD3D11RHI: Adapter has 112MB of dedicated video memory, 0MB of dedicated system memory, and 4038MB of shared system memory, 0 output[s]
[2016.04.05-08.19.41:409][  0]LogD3D11RHI: Found D3D11 adapter 2: Microsoft Basic Render Driver (Feature Level 11_0)
[2016.04.05-08.19.41:409][  0]LogD3D11RHI: Adapter has 0MB of dedicated video memory, 0MB of dedicated system memory, and 4038MB of shared system memory, 0 output[s]
[2016.04.05-08.19.41:409][  0]LogD3D11RHI: Chosen D3D11 Adapter Id = 0
[2016.04.05-08.19.41:417][  0]LogD3D11RHI: !Direct3DDevice
[2016.04.05-08.19.41:417][  0]LogRHI: Texture pool is 1361 MB (70% of 1945 MB)
[2016.04.05-08.19.41:439][  0]LogD3D11RHI: Async texture creation enabled
[2016.04.05-08.19.41:457][  0]LogShaderCompilers: Guid format shader working directory is -31 characters bigger than the processId version (../../../../../../Users/user/Game Development/Anthrocratos/Anthrocratos_UE4/Intermediate/Shaders/WorkingDirectory/10636/).
[2016.04.05-08.19.41:457][  0]LogShaderCompilers: Cleaned the shader compiler working directory 'C:/Users/user/AppData/Local/Temp/UnrealShaderWorkingDir/C0A082F74EB078FAD627E2AA0E2534B5/'.
[2016.04.05-08.19.41:457][  0]LogShaderCompilers:Display: Using Local Shader Compiler.
[2016.04.05-08.19.42:523][  0]LogTemp:Display: Loaded TP AllDesktopTargetPlatform
[2016.04.05-08.19.42:529][  0]LogTemp:Display: Loaded TP WindowsClientTargetPlatform
[2016.04.05-08.19.42:536][  0]LogTemp:Display: Loaded TP WindowsNoEditorTargetPlatform
[2016.04.05-08.19.42:542][  0]LogTemp:Display: Loaded TP WindowsServerTargetPlatform
[2016.04.05-08.19.42:549][  0]LogTemp:Display: Loaded TP WindowsTargetPlatform
[2016.04.05-08.19.42:557][  0]LogTemp:Display: Loaded TP AndroidTargetPlatform
[2016.04.05-08.19.42:561][  0]LogTemp:Display: Loaded TP Android_ASTCTargetPlatform
[2016.04.05-08.19.42:564][  0]LogTemp:Display: Loaded TP Android_ATCTargetPlatform
[2016.04.05-08.19.42:570][  0]LogTemp:Display: Loaded TP Android_DXTTargetPlatform
[2016.04.05-08.19.42:573][  0]LogTemp:Display: Loaded TP Android_ETC1TargetPlatform
[2016.04.05-08.19.42:577][  0]LogTemp:Display: Loaded TP Android_ETC2TargetPlatform
[2016.04.05-08.19.42:587][  0]LogTemp:Display: Loaded TP Android_MultiTargetPlatform
[2016.04.05-08.19.42:587][  0]LogTemp:Display: Loaded TP Android_PVRTCTargetPlatform
[2016.04.05-08.19.42:588][  0]LogTemp:Display: Loaded TP HTML5TargetPlatform
[2016.04.05-08.19.42:606][  0]LogTemp:Display: Loaded TP IOSTargetPlatform
[2016.04.05-08.19.42:610][  0]LogTemp:Display: Loaded TP LinuxNoEditorTargetPlatform
[2016.04.05-08.19.42:614][  0]LogTemp:Display: Loaded TP LinuxServerTargetPlatform
[2016.04.05-08.19.42:619][  0]LogTemp:Display: Loaded TP LinuxTargetPlatform
[2016.04.05-08.19.42:619][  0]LogTargetPlatformManager:Display: Building Assets For Windows
[2016.04.05-08.19.42:767][  0]LogDerivedDataCache:Display: Max Cache Size: 512 MB
[2016.04.05-08.19.42:901][  0]LogDerivedDataCache: Loaded boot cache 0.13s 47MB C:/Users/user/AppData/Local/UnrealEngine/4.10/DerivedDataCache/Boot.ddc.
[2016.04.05-08.19.42:901][  0]LogDerivedDataCache:Display: Loaded Boot cache: C:/Users/user/AppData/Local/UnrealEngine/4.10/DerivedDataCache/Boot.ddc
[2016.04.05-08.19.42:901][  0]LogDerivedDataCache: FDerivedDataBackendGraph:  Pak pak cache file ../../../../../../Users/user/Game Development/Anthrocratos/Anthrocratos_UE4/DerivedDataCache/DDC.ddp not found, will not use a pak cache.
[2016.04.05-08.19.42:901][  0]LogDerivedDataCache: Unable to find inner node Pak for hierarchical cache Hierarchy.
[2016.04.05-08.19.42:901][  0]LogDerivedDataCache: FDerivedDataBackendGraph:  CompressedPak pak cache file ../../../../../../Users/user/Game Development/Anthrocratos/Anthrocratos_UE4/DerivedDataCache/Compressed.ddp not found, will not use a pak cache.
[2016.04.05-08.19.42:901][  0]LogDerivedDataCache: Unable to find inner node CompressedPak for hierarchical cache Hierarchy.
[2016.04.05-08.19.42:980][  0]LogDerivedDataCache:Display: Pak cache opened for reading ../../../Engine/DerivedDataCache/Compressed.ddp.
[2016.04.05-08.19.42:992][  0]Log