[2016.02.17-16.54.02:736][  0]Log file open, 02/17/16 16:54:02
[2016.02.17-16.54.02:736][  0]LogInit:Display: Running engine for game: Anthrocratos_UE4
[2016.02.17-16.54.02:736][  0]LogPlatformFile: Not using cached read wrapper
[2016.02.17-16.54.02:736][  0]LogInit:Display: RandInit(1217841586) SRandInit(1217841589).
[2016.02.17-16.54.02:736][  0]LogTaskGraph: Started task graph with 4 named threads and 7 total threads.
[2016.02.17-16.54.02:736][  0]LogStats: Stats thread started at 0.075281
[2016.02.17-16.54.02:736][  0]LogInit: Version: 4.10.2-2818068+++depot+UE4-Releases+4.10
[2016.02.17-16.54.02:736][  0]LogInit: API Version: 2758231
[2016.02.17-16.54.02:736][  0]LogInit: Compiled (64-bit): Jan  6 2016 17:36:42
[2016.02.17-16.54.02:736][  0]LogInit: Compiled with Visual C++: 19.00.23026.00
[2016.02.17-16.54.02:736][  0]LogInit: Build Configuration: Development
[2016.02.17-16.54.02:736][  0]LogInit: Branch Name: ++depot+UE4-Releases+4.10
[2016.02.17-16.54.02:736][  0]LogInit: Command line:  /Temp/Autosaves/Game/Levels/UEDPCDavid-Test -game -PIEVIACONSOLE -ResX=1280 -ResY=720  -Multiprocess 
[2016.02.17-16.54.02:736][  0]LogInit: Base directory: S:/UnrealStuff/Epic Games/4.10/Engine/Binaries/Win64/
[2016.02.17-16.54.02:736][  0]LogInit: Rocket: 1
[2016.02.17-16.54.02:745][  0]LogInit: Using libcurl 7.41.0
[2016.02.17-16.54.02:745][  0]LogInit:  - built for x86_64-pc-win32
[2016.02.17-16.54.02:745][  0]LogInit:  - supports SSL with WinSSL
[2016.02.17-16.54.02:745][  0]LogInit:  - other features:
[2016.02.17-16.54.02:745][  0]LogInit:      CURL_VERSION_SSL
[2016.02.17-16.54.02:745][  0]LogInit:      CURL_VERSION_IPV6
[2016.02.17-16.54.02:745][  0]LogInit:      CURL_VERSION_ASYNCHDNS
[2016.02.17-16.54.02:745][  0]LogInit:      CURL_VERSION_LARGEFILE
[2016.02.17-16.54.02:745][  0]LogInit:      CURL_VERSION_IDN
[2016.02.17-16.54.02:745][  0]LogInit:  CurlRequestOptions (configurable via config and command line):
[2016.02.17-16.54.02:745][  0]LogInit:  - bVerifyPeer = true  - Libcurl will verify peer certificate
[2016.02.17-16.54.02:745][  0]LogInit:  - bUseHttpProxy = false  - Libcurl will NOT use HTTP proxy
[2016.02.17-16.54.02:745][  0]LogInit:  - bDontReuseConnections = false  - Libcurl will reuse connections
[2016.02.17-16.54.02:745][  0]LogInit:  - CertBundlePath = nullptr  - Libcurl will use whatever was configured at build time.
[2016.02.17-16.54.02:751][  0]LogInit: Presizing for 0 objects not considered by GC, pre-allocating 0 bytes.
[2016.02.17-16.54.02:757][  0]LogInit: Object subsystem initialized
[2016.02.17-16.54.02:757][  0]LogInit: Selected Device Profile: [Windows]
[2016.02.17-16.54.02:757][  0]LogInit: Applying CVar settings loaded from the selected device profile: [Windows]
[2016.02.17-16.54.02:760][  0]LogInit: Computer: DAVID
[2016.02.17-16.54.02:760][  0]LogInit: User: Bigfootone
[2016.02.17-16.54.02:760][  0]LogInit: CPU Page size=4096, Cores=4
[2016.02.17-16.54.02:760][  0]LogInit: High frequency timer resolution =3.320314 MHz
[2016.02.17-16.54.02:760][  0]LogMemory: Memory total: Physical=15.9GB (16GB approx)
[2016.02.17-16.54.02:760][  0]LogMemory: Platform Memory Stats for Windows
[2016.02.17-16.54.02:760][  0]LogMemory: Process Physical Memory: 55.85 MB used, 55.85 MB peak
[2016.02.17-16.54.02:760][  0]LogMemory: Process Virtual Memory: 58.75 MB used, 58.75 MB peak
[2016.02.17-16.54.02:760][  0]LogMemory: Physical Memory: 6067.39 MB used, 16328.01 MB total
[2016.02.17-16.54.02:760][  0]LogMemory: Virtual Memory: 385.41 MB used, 134217728.00 MB total
[2016.02.17-16.54.02:796][  0]LogTextLocalizationManager: No specific translations for ('en-GB') exist, so ('en') translations will be used.
[2016.02.17-16.54.03:263][  0]LogD3D11RHI: Found D3D11 adapter 0: AMD Radeon R9 200 Series (Feature Level 11_0)
[2016.02.17-16.54.03:263][  0]LogD3D11RHI: Adapter has 4075MB of dedicated video memory, 0MB of dedicated system memory, and 8164MB of shared system memory, 2 output[s]
[2016.02.17-16.54.03:264][  0]LogD3D11RHI: Found D3D11 adapter 1: Microsoft Basic Render Driver (Feature Level 11_0)
[2016.02.17-16.54.03:265][  0]LogD3D11RHI: Adapter has 0MB of dedicated video memory, 0MB of dedicated system memory, and 8164MB of shared system memory, 0 output[s]
[2016.02.17-16.54.03:265][  0]LogD3D11RHI: Chosen D3D11 Adapter Id = 0
[2016.02.17-16.54.03:271][  0]LogD3D11RHI: !Direct3DDevice
[2016.02.17-16.54.03:271][  0]LogRHI: Texture pool is 1361 MB (70% of 1945 MB)
[2016.02.17-16.54.03:279][  0]LogD3D11RHI: Async texture creation disabled: no driver support
[2016.02.17-16.54.03:291][  0]LogShaderCompilers: Guid format shader working directory is 1 characters bigger than the processId version (../../../../../../Anthrocratos/Anthrocratos_UE4/Intermediate/Shaders/WorkingDirectory/34564/).
[2016.02.17-16.54.03:291][  0]LogShaderCompilers: Cleaned the shader compiler working directory 'C:/Users/BIGFOO~1/AppData/Local/Temp/UnrealShaderWorkingDir/6B827A8F482A5A25E58E019B3C8BBACB/'.
[2016.02.17-16.54.03:291][  0]LogShaderCompilers:Display: Using Local Shader Compiler.
[2016.02.17-16.54.04:027][  0]LogTemp:Display: Loaded TP AllDesktopTargetPlatform
[2016.02.17-16.54.04:030][  0]LogTemp:Display: Loaded TP WindowsClientTargetPlatform
[2016.02.17-16.54.04:033][  0]LogTemp:Display: Loaded TP WindowsNoEditorTargetPlatform
[2016.02.17-16.54.04:037][  0]LogTemp:Display: Loaded TP WindowsServerTargetPlatform
[2016.02.17-16.54.04:040][  0]LogTemp:Display: Loaded TP WindowsTargetPlatform
[2016.02.17-16.54.04:042][  0]LogTemp:Display: Loaded TP AndroidTargetPlatform
[2016.02.17-16.54.04:045][  0]LogTemp:Display: Loaded TP Android_ASTCTargetPlatform
[2016.02.17-16.54.04:047][  0]LogTemp:Display: Loaded TP Android_ATCTargetPlatform
[2016.02.17-16.54.04:050][  0]LogTemp:Display: Loaded TP Android_DXTTargetPlatform
[2016.02.17-16.54.04:052][  0]LogTemp:Display: Loaded TP Android_ETC1TargetPlatform
[2016.02.17-16.54.04:055][  0]LogTemp:Display: Loaded TP Android_ETC2TargetPlatform
[2016.02.17-16.54.04:060][  0]LogTemp:Display: Loaded TP Android_MultiTargetPlatform
[2016.02.17-16.54.04:060][  0]LogTemp:Display: Loaded TP Android_PVRTCTargetPlatform
[2016.02.17-16.54.04:061][  0]LogTemp:Display: Loaded TP HTML5TargetPlatform
[2016.02.17-16.54.04:076][  0]LogTemp:Display: Loaded TP IOSTargetPlatform
[2016.02.17-16.54.04:078][  0]LogTemp:Display: Loaded TP LinuxNoEditorTargetPlatform
[2016.02.17-16.54.04:081][  0]LogTemp:Display: Loaded TP LinuxServerTargetPlatform
[2016.02.17-16.54.04:084][  0]LogTemp:Display: Loaded TP LinuxTargetPlatform
[2016.02.17-16.54.04:084][  0]LogTargetPlatformManager:Display: Building Assets For Windows
[2016.02.17-16.54.04:142][  0]LogDerivedDataCache:Display: Max Cache Size: 512 MB
[2016.02.17-16.54.04:183][  0]LogDerivedDataCache: Loaded boot cache 0.04s 41MB C:/Users/Bigfootone/AppData/Local/UnrealEngine/4.10/DerivedDataCache/Boot.ddc.
[2016.02.17-16.54.04:183][  0]LogDerivedDataCache:Display: Loaded Boot cache: C:/Users/Bigfootone/AppData/Local/UnrealEngine/4.10/DerivedDataCache/Boot.ddc
[2016.02.17-16.54.04:183][  0]LogDerivedDataCache: FDerivedDataBackendGraph:  Pak pak cache file ../../../../../../Anthrocratos/Anthrocratos_UE4/DerivedDataCache/DDC.ddp not found, will not use a pak cache.
[2016.02.17-16.54.04:183][  0]LogDerivedDataCache: Unable to find inner node Pak for hierarchical cache Hierarchy.
[2016.02.17-16.54.04:183][  0]LogDerivedDataCache: FDerivedDataBackendGraph:  CompressedPak pak cache file ../../../../../../Anthrocratos/Anthrocratos_UE4/DerivedDataCache/Compressed.ddp not found, will not use a pak cache.
[2016.02.17-16.54.04:183][  0]LogDerivedDataCache: Unable to find inner node CompressedPak for hierarchical cache Hierarchy.
[2016.02.17-16.54.04:236][  0]LogDerivedDataCache:Display: Pak cache opened for reading ../../../Engine/DerivedDataCache/Compressed.ddp.
[2016.02.17-16.54.04:248][  0]LogDerivedDataCache: Using Local data cache path C:/Users/Bigfootone/AppData/Local/UnrealEngine/Common/DerivedDataCache: Writable
[2016.02.17-16.54.04:409][  0]LogInit: Selected Device Profile: [Windows]
[2016.02.17-16.54.04:412][  0]LogContentStreaming: Texture pool size is 1000.000000MB
[2016.02.17-16.54.04:497][  0]LogMeshUtilities: No automatic mesh reduction module available
[2016.02.17-16.54.04:497][  0]LogMeshUtilities: No automatic mesh merging module available
[2016.02.17-16.54.04:667][  0]LogInit: WinSock: version 1.1 (2.2), MaxSocks=32767, MaxUdp=65467
[2016.02.17-16.54.04:845][  0]LogWindowsMoviePlayer: Unable to load movie: ../../../../../../Anthrocratos/Anthrocratos_UE4/Content/Movies/Default_Startup.mp4
[2016.02.17-16.54.04:941][  0]SourceControl: Info Source control is disabled
[2016.02.17-16.54.04:941][  0]SourceControl: Info Source control is disabled
[2016.02.17-16.54.04:949][  0]SourceControl: Info Source control is disabled
[2016.02.17-16.54.05:118][  0]LogObj: 27939 objects as part of root set at end of initial load.
[2016.02.17-16.54.05:118][  0]LogUObjectAllocator: 5832104 out of 0 bytes used by permanent object pool.
[2016.02.17-16.54.05:165][  0]LogEngine: Initializing Engine...
[2016.02.17-16.54.05:168][  0]LogHMD: Can't find Oculus library dev build: is proper Runtime installed? Version: 0.8.0.0
[2016.02.17-16.54.05:172][  0]LogHMD: SteamVR failed to initialize.  Err: 108
[2016.02.17-16.54.05:270][  0]LogInit: XAudio2 using 'Speakers (SteelSeries Siberia Elite)' : 2 channels at 44.1 kHz using 16 bits per sample (channel mask 0x3)
[2016.02.17-16.54.05:281][  0]LogInit: FAudioDevice initialized.
[2016.02.17-16.54.05:283][  0]LogInit: Texture streaming: Enabled
[2016.02.17-16.54.05:340][  0]LogNet: Browse: /Temp/Autosaves/Game/Levels/UEDPCDavid-Test?Name=Player
[2016.02.17-16.54.05:341][  0]LogLoad: LoadMap: /Temp/Autosaves/Game/Levels/UEDPCDavid-Test?Name=Player
[2016.02.17-16.54.05:350][  0]LogParticles: Destroying 0 GPU particle simulations for FXSystem 0x0000011BA90F1D00
[2016.02.17-16.54.05:360][  0]LogMemory: Platform Memory Stats for Windows
[2016.02.17-16.54.05:360][  0]LogMemory: Process Physical Memory: 373.43 MB used, 373.43 MB peak
[2016.02.17-16.54.05:360][  0]LogMemory: Process Virtual Memory: 450.06 MB used, 450.06 MB peak
[2016.02.17-16.54.05:360][  0]LogMemory: Physical Memory: 6323.14 MB used, 16328.01 MB total
[2016.02.17-16.54.05:360][  0]LogMemory: Virtual Memory: 1015.95 MB used, 134217728.00 MB total
[2016.02.17-16.54.05:360][  0]LogMemory: 
[2016.02.17-16.54.05:360][  0]Allocator Stats for TBB: (not implemented)
[2016.02.17-16.54.05:631][  0]LogAIModule: Creating AISystem for world David-Test
[2016.02.17-16.54.05:631][  0]LogWorld: Game class is 'Anthrocratos_UE4GameMode'
[2016.02.17-16.54.05:633][  0]LogWorld: Bringing World /Temp/Autosaves/Game/Levels/UEDPCDavid-Test.David-Test up for play (max tick rate 0) at 2016.02.17-16.54.05
[2016.02.17-16.54.05:633][  0]LogWorld: Bringing up level for play took: 0.001601
[2016.02.17-16.54.05:634][  0]LogBlueprintUserMessages: [GameTileSpawner_58] TilesGenerated
[2016.02.17-16.54.05:636][  0]LogInit:Display: Game Engine Initialized.
[2016.02.17-16.54.05:850][  0]LogLoad: Full Startup: 3.74 seconds (BP compile: 0.07 seconds)
[2016.02.17-16.54.05:867][  0]LogWindowsTextInputMethodSystem:Display: IME system now deactivated.
[2016.02.17-16.54.05:869][  0]LogOcInput: Can't find Oculus library dev build: is proper Runtime installed? Version: 0.8.0.0
[2016.02.17-16.54.05:965][  2]LogRenderer: Reallocating scene render targets to support 1280x720 (Frame:2).
[2016.02.17-16.54.13:670][464]LogWindowsTextInputMethodSystem:Display: IME system now deactivated.
[2016.02.17-16.54.13:672][464]LogEngine: All Windows Closed
[2016.02.17-16.54.13:672][464]LogWindows: FPlatformMisc::RequestExit(0)
[2016.02.17-16.54.14:176][465]LogExit: Preparing to exit.
[2016.02.17-16.54.14:299][465]LogExit: Game engine shut down
[2016.02.17-16.54.14:299][465]LogParticles: Destroying 0 GPU particle simulations for FXSystem 0x0000011BAA320860
[2016.02.17-16.54.14:405][465]LogExit: Object subsystem successfully closed.
[2016.02.17-16.54.14:419][465]LogD3D11RHI: Shutdown
[2016.02.17-16.54.14:419][465]LogD3D11RHI: CleanupD3DDevice
[2016.02.17-16.54.14:464][465]LogD3D11RHI: ~FD3D11DynamicRHI
[2016.02.17-16.54.14:472][465]LogModuleManager: Shutting down and abandoning module AndroidDeviceDetection (118)
[2016.02.17-16.54.14:866][465]LogModuleManager: Shutting down and abandoning module AutomationController (117)
[2016.02.17-16.54.14:866][465]LogModuleManager: Shutting down and abandoning module AutomationWorker (116)
[2016.02.17-16.54.14:866][465]LogModuleManager: Shutting down and abandoning module CharacterAI (115)
[2016.02.17-16.54.14:866][465]LogModuleManager: Shutting down and abandoning module AITestSuite (114)
[2016.02.17-16.54.14:866][465]LogModuleManager: Shutting down and abandoning module GameplayDebugger (113)
[2016.02.17-16.54.14:866][465]LogModuleManager: Shutting down and abandoning module AIModule (112)
[2016.02.17-16.54.14:866][465]LogModuleManager: Shutting down and abandoning module MovieSceneCapture (111)
[2016.02.17-16.54.14:866][465]LogModuleManager: Shutting down and abandoning module GameLiveStreaming (110)
[2016.02.17-16.54.14:866][465]LogModuleManager: Shutting down and abandoning module StreamingPauseRendering (109)
[2016.02.17-16.54.14:866][465]LogModuleManager: Shutting down and abandoning module ProfilerService (108)
[2016.02.17-16.54.14:885][465]LogModuleManager: Shutting down and abandoning module TaskGraph (107)
[2016.02.17-16.54.14:885][465]LogModuleManager: Shutting down and abandoning module SlateRemote (106)
[2016.02.17-16.54.14:885][465]LogModuleManager: Shutting down and abandoning module SteamVRController (105)
[2016.02.17-16.54.14:885][465]LogModuleManager: Shutting down and abandoning module SteamVR (104)
[2016.02.17-16.54.14:885][465]LogModuleManager: Shutting down and abandoning module ProceduralMeshComponent (103)
[2016.02.17-16.54.14:885][465]LogModuleManager: Shutting down and abandoning module OculusLibrary (102)
[2016.02.17-16.54.14:885][465]LogModuleManager: Shutting down and abandoning module OculusInput (101)
[2016.02.17-16.54.14:885][465]LogModuleManager: Shutting down and abandoning module LeapMotionController (100)
[2016.02.17-16.54.14:902][465]LogModuleManager: Shutting down and abandoning module CustomMeshComponent (99)
[2016.02.17-16.54.14:902][465]LogModuleManager: Shutting down and abandoning module CableComponent (98)
[2016.02.17-16.54.14:902][465]LogModuleManager: Shutting down and abandoning module ArchVisCharacter (97)
[2016.02.17-16.54.14:902][465]LogModuleManager: Shutting down and abandoning module HTML5Networking (96)
[2016.02.17-16.54.14:902][465]LogModuleManager: Shutting down and abandoning module DesktopPlatform (95)
[2016.02.17-16.54.14:902][465]LogModuleManager: Shutting down and abandoning module DirectoryWatcher (94)
[2016.02.17-16.54.14:902][465]LogModuleManager: Shutting down and abandoning module HotReload (93)
[2016.02.17-16.54.14:902][465]LogModuleManager: Shutting down and abandoning module VisualStudioSourceCodeAccess (92)
[2016.02.17-16.54.14:902][465]LogModuleManager: Shutting down and abandoning module UObjectPlugin (91)
[2016.02.17-16.54.14:902][465]LogModuleManager: Shutting down and abandoning module SubversionSourceControl (90)
[2016.02.17-16.54.14:902][465]LogModuleManager: Shutting down and abandoning module SourceControl (89)
[2016.02.17-16.54.14:902][465]LogModuleManager: Shutting down and abandoning module PerforceSourceControl (88)
[2016.02.17-16.54.14:902][465]LogModuleManager: Shutting down and abandoning module Anthrocratos_UE4 (87)
[2016.02.17-16.54.14:902][465]LogModuleManager: Shutting down and abandoning module UdpMessaging (86)
[2016.02.17-16.54.14:902][465]LogModuleManager: Shutting down and abandoning module LightPropagationVolumeRuntime (85)
[2016.02.17-16.54.14:902][465]LogModuleManager: Shutting down and abandoning module Paper2D (84)
[2016.02.17-16.54.14:902][465]LogModuleManager: Shutting down and abandoning module WindowsMoviePlayer (83)
[2016.02.17-16.54.14:904][465]LogModuleManager: Shutting down and abandoning module Media (82)
[2016.02.17-16.54.14:904][465]LogModuleManager: Shutting down and abandoning module WmfMedia (81)
[2016.02.17-16.54.14:905][465]LogModuleManager: Shutting down and abandoning module OnlineBlueprintSupport (80)
[2016.02.17-16.54.14:905][465]LogModuleManager: Shutting down and abandoning module GameplayTasksEditor (79)
[2016.02.17-16.54.14:905][465]LogModuleManager: Shutting down and abandoning module PropertyEditor (78)
[2016.02.17-16.54.14:905][465]LogModuleManager: Shutting down and abandoning module BehaviorTreeEditor (77)
[2016.02.17-16.54.14:905][465]LogModuleManager: Shutting down and abandoning module FunctionalTesting (76)
[2016.02.17-16.54.14:905][465]LogModuleManager: Shutting down and abandoning module CollisionAnalyzer (75)
[2016.02.17-16.54.14:905][465]LogModuleManager: Shutting down and abandoning module WorkspaceMenuStructure (74)
[2016.02.17-16.54.14:905][465]LogModuleManager: Shutting down and abandoning module MessageLog (73)
[2016.02.17-16.54.14:905][465]LogModuleManager: Shutting down and abandoning module Sequencer (72)
[2016.02.17-16.54.14:905][465]LogModuleManager: Shutting down and abandoning module AssetTools (71)
[2016.02.17-16.54.14:905][465]LogModuleManager: Shutting down and abandoning module UMGEditor (70)
[2016.02.17-16.54.14:905][465]LogModuleManager: Shutting down and abandoning module UMG (69)
[2016.02.17-16.54.14:905][465]LogModuleManager: Shutting down and abandoning module Slate (68)
[2016.02.17-16.54.14:905][465]LogModuleManager: Shutting down and abandoning module EditorStyle (67)
[2016.02.17-16.54.14:906][465]LogModuleManager: Shutting down and abandoning module SessionServices (66)
[2016.02.17-16.54.14:906][465]LogModuleManager: Shutting down and abandoning module SourceCodeAccess (65)
[2016.02.17-16.54.14:906][465]LogModuleManager: Shutting down and abandoning module HeadMountedDisplay (64)
[2016.02.17-16.54.14:906][465]LogModuleManager: Shutting down and abandoning module XAudio2 (63)
[2016.02.17-16.54.14:906][465]LogModuleManager: Shutting down and abandoning module Networking (61)
[2016.02.17-16.54.14:906][465]LogModuleManager: Shutting down and abandoning module Core (60)
[2016.02.17-16.54.14:906][465]LogModuleManager: Shutting down and abandoning module KismetCompiler (59)
[2016.02.17-16.54.14:906][465]LogModuleManager: Shutting down and abandoning module PhysXFormats (58)
[2016.02.17-16.54.14:906][465]LogModuleManager: Shutting down and abandoning module MeshUtilities (57)
[2016.02.17-16.54.14:906][465]LogModuleManager: Shutting down and abandoning module DerivedDataCache (56)
[2016.02.17-16.54.15:246][465]LogDerivedDataCache: Shutdown
[2016.02.17-16.54.15:246][465]LogModuleManager: Shutting down and abandoning module ShaderFormatOpenGL (55)
[2016.02.17-16.54.15:246][465]LogModuleManager: Shutting down and abandoning module ShaderFormatD3D (54)
[2016.02.17-16.54.15:246][465]LogModuleManager: Shutting down and abandoning module MetalShaderFormat (53)
[2016.02.17-16.54.15:246][465]LogModuleManager: Shutting down and abandoning module TextureFormatUncompressed (52)
[2016.02.17-16.54.15:246][465]LogModuleManager: Shutting down and abandoning module TextureFormatPVR (51)
[2016.02.17-16.54.15:246][465]LogModuleManager: Shutting down and abandoning module TextureFormatIntelISPCTexComp (50)
[2016.02.17-16.54.15:246][465]LogModuleManager: Shutting down and abandoning module TextureFormatDXT (49)
[2016.02.17-16.54.15:247][465]LogModuleManager: Shutting down and abandoning module ImageWrapper (48)
[2016.02.17-16.54.15:247][465]LogModuleManager: Shutting down and abandoning module TextureFormatASTC (47)
[2016.02.17-16.54.15:247][465]LogModuleManager: Shutting down and abandoning module TextureFormatAndroid (46)
[2016.02.17-16.54.15:247][465]LogModuleManager: Shutting down and abandoning module AudioFormatOpus (45)
[2016.02.17-16.54.15:247][465]LogModuleManager: Shutting down and abandoning module AudioFormatOgg (44)
[2016.02.17-16.54.15:247][465]LogModuleManager: Shutting down and abandoning module AudioFormatADPCM (43)
[2016.02.17-16.54.15:247][465]LogModuleManager: Shutting down and abandoning module LinuxTargetPlatform (42)
[2016.02.17-16.54.15:247][465]LogModuleManager: Shutting down and abandoning module LinuxServerTargetPlatform (41)
[2016.02.17-16.54.15:247][465]LogModuleManager: Shutting down and abandoning module LinuxNoEditorTargetPlatform (40)
[2016.02.17-16.54.15:247][465]LogModuleManager: Shutting down and abandoning module Messaging (39)
[2016.02.17-16.54.15:247][465]LogModuleManager: Shutting down and abandoning module IOSTargetPlatform (38)
[2016.02.17-16.54.15:247][465]LogModuleManager: Shutting down and abandoning module HTML5TargetPlatform (37)
[2016.02.17-16.54.15:247][465]LogModuleManager: Shutting down and abandoning module Android_PVRTCTargetPlatform (36)
[2016.02.17-16.54.15:247][465]LogModuleManager: Shutting down and abandoning module Android_MultiTargetPlatform (35)
[2016.02.17-16.54.15:247][465]LogModuleManager: Shutting down and abandoning module Android_ETC2TargetPlatform (34)
[2016.02.17-16.54.15:247][465]LogModuleManager: Shutting down and abandoning module Android_ETC1TargetPlatform (33)
[2016.02.17-16.54.15:247][465]LogModuleManager: Shutting down and abandoning module Android_DXTTargetPlatform (32)
[2016.02.17-16.54.15:247][465]LogModuleManager: Shutting down and abandoning module Android_ATCTargetPlatform (31)
[2016.02.17-16.54.15:247][465]LogModuleManager: Shutting down and abandoning module Android_ASTCTargetPlatform (30)
[2016.02.17-16.54.15:247][465]LogModuleManager: Shutting down and abandoning module AndroidTargetPlatform (29)
[2016.02.17-16.54.15:247][465]LogModuleManager: Shutting down and abandoning module WindowsTargetPlatform (28)
[2016.02.17-16.54.15:247][465]LogModuleManager: Shutting down and abandoning module WindowsServerTargetPlatform (27)
[2016.02.17-16.54.15:247][465]LogModuleManager: Shutting down and abandoning module WindowsNoEditorTargetPlatform (26)
[2016.02.17-16.54.15:247][465]LogModuleManager: Shutting down and abandoning module WindowsClientTargetPlatform (25)
[2016.02.17-16.54.15:247][465]LogModuleManager: Shutting down and abandoning module AllDesktopTargetPlatform (24)
[2016.02.17-16.54.15:247][465]LogModuleManager: Shutting down and abandoning module TargetPlatform (23)
[2016.02.17-16.54.15:247][465]LogModuleManager: Shutting down and abandoning module InputCore (22)
[2016.02.17-16.54.15:247][465]LogModuleManager: Shutting down and abandoning module Settings (21)
[2016.02.17-16.54.15:247][465]LogModuleManager: Shutting down and abandoning module OnlineSubsystem (19)
[2016.02.17-16.54.15:247][465]LogModuleManager: Shutting down and abandoning module HTTP (18)
[2016.02.17-16.54.15:247][465]LogModuleManager: Shutting down and abandoning module XMPP (17)
[2016.02.17-16.54.15:247][465]LogModuleManager: Shutting down and abandoning module OculusRift (16)
[2016.02.17-16.54.15:247][465]LogModuleManager: Shutting down and abandoning module ExampleDeviceProfileSelector (15)
[2016.02.17-16.54.15:247][465]LogModuleManager: Shutting down and abandoning module TextureCompressor (14)
[2016.02.17-16.54.15:247][465]LogModuleManager: Shutting down and abandoning module ShaderCore (13)
[2016.02.17-16.54.15:247][465]LogModuleManager: Shutting down and abandoning module Landscape (12)
[2016.02.17-16.54.15:247][465]LogModuleManager: Shutting down and abandoning module SlateRHIRenderer (11)
[2016.02.17-16.54.15:247][465]LogModuleManager: Shutting down and abandoning module OpenGLDrv (10)
[2016.02.17-16.54.15:247][465]LogModuleManager: Shutting down and abandoning module D3D11RHI (9)
[2016.02.17-16.54.15:247][465]LogModuleManager: Shutting down and abandoning module AnimGraphRuntime (8)
[2016.02.17-16.54.15:247][465]LogModuleManager: Shutting down and abandoning module Renderer (7)
[2016.02.17-16.54.15:247][465]LogModuleManager: Shutting down and abandoning module Engine (6)
[2016.02.17-16.54.15:247][465]LogModuleManager: Shutting down and abandoning module CoreUObject (5)
[2016.02.17-16.54.15:247][465]LogModuleManager: Shutting down and abandoning module NetworkFile (4)
[2016.02.17-16.54.15:247][465]LogModuleManager: Shutting down and abandoning module StreamingFile (3)
[2016.02.17-16.54.15:247][465]LogModuleManager: Shutting down and abandoning module SandboxFile (2)
[2016.02.17-16.54.15:247][465]LogModuleManager: Shutting down and abandoning module PakFile (1)
[2016.02.17-16.54.15:248][465]LogExit: Exiting.
[2016.02.17-16.54.15:250][465]Log file closed, 02/17/16 16:54:15
