[2016.03.10-17.17.25:020][  0]Log file open, 03/10/16 17:17:25
[2016.03.10-17.17.25:020][  0]LogInit:Display: Running engine for game: Anthrocratos_UE4
[2016.03.10-17.17.25:020][  0]LogPlatformFile: Not using cached read wrapper
[2016.03.10-17.17.25:020][  0]LogInit:Display: RandInit(-765274775) SRandInit(-765274774).
[2016.03.10-17.17.25:020][  0]LogTaskGraph: Started task graph with 4 named threads and 7 total threads.
[2016.03.10-17.17.25:020][  0]LogStats: Stats thread started at 0.077930
[2016.03.10-17.17.25:020][  0]LogInit: Version: 4.10.4-2872498+++depot+UE4-Releases+4.10
[2016.03.10-17.17.25:020][  0]LogInit: API Version: 2758231
[2016.03.10-17.17.25:020][  0]LogInit: Compiled (64-bit): Feb 18 2016 15:47:04
[2016.03.10-17.17.25:020][  0]LogInit: Compiled with Visual C++: 19.00.23026.00
[2016.03.10-17.17.25:020][  0]LogInit: Build Configuration: Development
[2016.03.10-17.17.25:020][  0]LogInit: Branch Name: ++depot+UE4-Releases+4.10
[2016.03.10-17.17.25:020][  0]LogInit: Command line:  
[2016.03.10-17.17.25:020][  0]LogInit: Base directory: C:/Program Files (x86)/Epic Games/4.10/Engine/Binaries/Win64/
[2016.03.10-17.17.25:020][  0]LogInit: Rocket: 1
[2016.03.10-17.17.25:033][  0]LogInit: Using libcurl 7.41.0
[2016.03.10-17.17.25:033][  0]LogInit:  - built for x86_64-pc-win32
[2016.03.10-17.17.25:033][  0]LogInit:  - supports SSL with WinSSL
[2016.03.10-17.17.25:033][  0]LogInit:  - other features:
[2016.03.10-17.17.25:033][  0]LogInit:      CURL_VERSION_SSL
[2016.03.10-17.17.25:033][  0]LogInit:      CURL_VERSION_IPV6
[2016.03.10-17.17.25:033][  0]LogInit:      CURL_VERSION_ASYNCHDNS
[2016.03.10-17.17.25:033][  0]LogInit:      CURL_VERSION_LARGEFILE
[2016.03.10-17.17.25:033][  0]LogInit:      CURL_VERSION_IDN
[2016.03.10-17.17.25:033][  0]LogInit:  CurlRequestOptions (configurable via config and command line):
[2016.03.10-17.17.25:033][  0]LogInit:  - bVerifyPeer = true  - Libcurl will verify peer certificate
[2016.03.10-17.17.25:033][  0]LogInit:  - bUseHttpProxy = false  - Libcurl will NOT use HTTP proxy
[2016.03.10-17.17.25:033][  0]LogInit:  - bDontReuseConnections = false  - Libcurl will reuse connections
[2016.03.10-17.17.25:033][  0]LogInit:  - CertBundlePath = nullptr  - Libcurl will use whatever was configured at build time.
[2016.03.10-17.17.25:040][  0]LogInit: Presizing for 0 objects not considered by GC, pre-allocating 0 bytes.
[2016.03.10-17.17.25:048][  0]LogInit: Object subsystem initialized
[2016.03.10-17.17.25:049][  0]LogInit: Selected Device Profile: [Windows]
[2016.03.10-17.17.25:049][  0]LogInit: Applying CVar settings loaded from the selected device profile: [Windows]
[2016.03.10-17.17.25:057][  0]LogInit: Computer: CUBE-11959
[2016.03.10-17.17.25:057][  0]LogInit: User: user
[2016.03.10-17.17.25:057][  0]LogInit: CPU Page size=4096, Cores=4
[2016.03.10-17.17.25:058][  0]LogInit: High frequency timer resolution =2.435780 MHz
[2016.03.10-17.17.25:058][  0]LogMemory: Memory total: Physical=7.9GB (8GB approx)
[2016.03.10-17.17.25:058][  0]LogMemory: Platform Memory Stats for Windows
[2016.03.10-17.17.25:058][  0]LogMemory: Process Physical Memory: 56.47 MB used, 56.47 MB peak
[2016.03.10-17.17.25:058][  0]LogMemory: Process Virtual Memory: 56.91 MB used, 56.91 MB peak
[2016.03.10-17.17.25:058][  0]LogMemory: Physical Memory: 5594.11 MB used, 8076.43 MB total
[2016.03.10-17.17.25:058][  0]LogMemory: Virtual Memory: 379.95 MB used, 134217728.00 MB total
[2016.03.10-17.17.25:101][  0]LogTextLocalizationManager: No specific translations for ('en-GB') exist, so ('en') translations will be used.
[2016.03.10-17.17.25:566][  0]LogD3D11RHI: Found D3D11 adapter 0: NVIDIA GeForce GTX 850M  (Feature Level 11_0)
[2016.03.10-17.17.25:566][  0]LogD3D11RHI: Adapter has 1995MB of dedicated video memory, 0MB of dedicated system memory, and 4038MB of shared system memory, 1 output[s]
[2016.03.10-17.17.25:572][  0]LogD3D11RHI: Found D3D11 adapter 1: Intel(R) HD Graphics 4600 (Feature Level 11_0)
[2016.03.10-17.17.25:572][  0]LogD3D11RHI: Adapter has 112MB of dedicated video memory, 0MB of dedicated system memory, and 4038MB of shared system memory, 0 output[s]
[2016.03.10-17.17.25:573][  0]LogD3D11RHI: Found D3D11 adapter 2: Microsoft Basic Render Driver (Feature Level 11_0)
[2016.03.10-17.17.25:573][  0]LogD3D11RHI: Adapter has 0MB of dedicated video memory, 0MB of dedicated system memory, and 4038MB of shared system memory, 0 output[s]
[2016.03.10-17.17.25:573][  0]LogD3D11RHI: Chosen D3D11 Adapter Id = 0
[2016.03.10-17.17.25:584][  0]LogD3D11RHI: !Direct3DDevice
[2016.03.10-17.17.25:584][  0]LogRHI: Texture pool is 1361 MB (70% of 1945 MB)
[2016.03.10-17.17.25:599][  0]LogD3D11RHI: Async texture creation enabled
[2016.03.10-17.17.25:615][  0]LogShaderCompilers: Guid format shader working directory is -31 characters bigger than the processId version (../../../../../../Users/user/Game Development/Anthrocratos/Anthrocratos_UE4/Intermediate/Shaders/WorkingDirectory/12468/).
[2016.03.10-17.17.25:615][  0]LogShaderCompilers: Cleaned the shader compiler working directory 'C:/Users/user/AppData/Local/Temp/UnrealShaderWorkingDir/84207F414D98993E69634E9FB894038F/'.
[2016.03.10-17.17.25:615][  0]LogShaderCompilers:Display: Using Local Shader Compiler.
[2016.03.10-17.17.26:524][  0]LogTemp:Display: Loaded TP AllDesktopTargetPlatform
[2016.03.10-17.17.26:529][  0]LogTemp:Display: Loaded TP WindowsClientTargetPlatform
[2016.03.10-17.17.26:534][  0]LogTemp:Display: Loaded TP WindowsNoEditorTargetPlatform
[2016.03.10-17.17.26:538][  0]LogTemp:Display: Loaded TP WindowsServerTargetPlatform
[2016.03.10-17.17.26:545][  0]LogTemp:Display: Loaded TP WindowsTargetPlatform
[2016.03.10-17.17.26:548][  0]LogTemp:Display: Loaded TP AndroidTargetPlatform
[2016.03.10-17.17.26:551][  0]LogTemp:Display: Loaded TP Android_ASTCTargetPlatform
[2016.03.10-17.17.26:553][  0]LogTemp:Display: Loaded TP Android_ATCTargetPlatform
[2016.03.10-17.17.26:556][  0]LogTemp:Display: Loaded TP Android_DXTTargetPlatform
[2016.03.10-17.17.26:559][  0]LogTemp:Display: Loaded TP Android_ETC1TargetPlatform
[2016.03.10-17.17.26:562][  0]LogTemp:Display: Loaded TP Android_ETC2TargetPlatform
[2016.03.10-17.17.26:569][  0]LogTemp:Display: Loaded TP Android_MultiTargetPlatform
[2016.03.10-17.17.26:569][  0]LogTemp:Display: Loaded TP Android_PVRTCTargetPlatform
[2016.03.10-17.17.26:569][  0]LogTemp:Display: Loaded TP HTML5TargetPlatform
[2016.03.10-17.17.26:590][  0]LogTemp:Display: Loaded TP IOSTargetPlatform
[2016.03.10-17.17.26:596][  0]LogTemp:Display: Loaded TP LinuxNoEditorTargetPlatform
[2016.03.10-17.17.26:598][  0]LogTemp:Display: Loaded TP LinuxServerTargetPlatform
[2016.03.10-17.17.26:601][  0]LogTemp:Display: Loaded TP LinuxTargetPlatform
[2016.03.10-17.17.26:601][  0]LogTargetPlatformManager:Display: Building Assets For Windows
[2016.03.10-17.17.26:684][  0]LogDerivedDataCache:Display: Max Cache Size: 512 MB
[2016.03.10-17.17.26:746][  0]LogDerivedDataCache: Loaded boot cache 0.06s 41MB C:/Users/user/AppData/Local/UnrealEngine/4.10/DerivedDataCache/Boot.ddc.
[2016.03.10-17.17.26:746][  0]LogDerivedDataCache:Display: Loaded Boot cache: C:/Users/user/AppData/Local/UnrealEngine/4.10/DerivedDataCache/Boot.ddc
[2016.03.10-17.17.26:746][  0]LogDerivedDataCache: FDerivedDataBackendGraph:  Pak pak cache file ../../../../../../Users/user/Game Development/Anthrocratos/Anthrocratos_UE4/DerivedDataCache/DDC.ddp not found, will not use a pak cache.
[2016.03.10-17.17.26:746][  0]LogDerivedDataCache: Unable to find inner node Pak for hierarchical cache Hierarchy.
[2016.03.10-17.17.26:746][  0]LogDerivedDataCache: FDerivedDataBackendGraph:  CompressedPak pak cache file ../../../../../../Users/user/Game Development/Anthrocratos/Anthrocratos_UE4/DerivedDataCache/Compressed.ddp not found, will not use a pak cache.
[2016.03.10-17.17.26:746][  0]LogDerivedDataCache: Unable to find inner node CompressedPak for hierarchical cache Hierarchy.
[2016.03.10-17.17.26:806][  0]LogDerivedDataCache:Display: Pak cache opened for reading ../../../Engine/DerivedDataCache/Compressed.ddp.
[2016.03.10-17.17.26:818][  0]LogDerivedDataCache: Using Local data cache path C:/Users/user/AppData/Local/UnrealEngine/Common/DerivedDataCache: Writable
[2016.03.10-17.17.27:002][  0]LogInit: Selected Device Profile: [Windows]
[2016.03.10-17.17.27:005][  0]LogContentStreaming: Texture pool size is 0.000000MB
[2016.03.10-17.17.27:122][  0]LogMeshUtilities: No automatic mesh reduction module available
[2016.03.10-17.17.27:122][  0]LogMeshUtilities: No automatic mesh merging module available
[2016.03.10-17.17.27:372][  0]LogInit: WinSock: version 1.1 (2.2), MaxSocks=32767, MaxUdp=65467
[2016.03.10-17.17.28:098][  0]UdpMessaging: Initializing bridge on interface 0.0.0.0:0 to multicast group 230.0.0.1:6666.
[2016.03.10-17.17.28:208][  0]LogAssetRegistry: FAssetRegistry took 0.0110 seconds to start up
[2016.03.10-17.17.28:372][  0]SourceControl: Info Source control is disabled
[2016.03.10-17.17.28:425][  0]SourceControl: Info Source control is disabled
[2016.03.10-17.17.28:435][  0]SourceControl: Info Source control is disabled
[2016.03.10-17.17.28:449][  0]SourceControl: Info Source control is disabled
[2016.03.10-17.17.28:689][  0]LogObj: 28645 objects as part of root set at end of initial load.
[2016.03.10-17.17.28:689][  0]LogUObjectAllocator: 6105096 out of 0 bytes used by permanent object pool.
[2016.03.10-17.17.28:747][  0]LogEngine: Initializing Engine...
[2016.03.10-17.17.28:750][  0]LogHMD: Can't find Oculus library dev build: is proper Runtime installed? Version: 0.8.0.0
[2016.03.10-17.17.28:750][  0]LogHMD: SteamVR failed to initialize.  Err: 110
[2016.03.10-17.17.28:871][  0]LogAIModule: Creating AISystem for world NewWorld
[2016.03.10-17.17.28:877][  0]LogInit: XAudio2 using 'Speakers (Jabra REVO v4.0.0)' : 2 channels at 48 kHz using 16 bits per sample (channel mask 0x3)
[2016.03.10-17.17.28:885][  0]LogInit: FAudioDevice initialized.
[2016.03.10-17.17.28:917][  0]LogDerivedDataCache: Saved boot cache 0.03s 41MB C:/Users/user/AppData/Local/UnrealEngine/4.10/DerivedDataCache/Boot.ddc.
[2016.03.10-17.17.28:924][  0]LogInit: Texture streaming: Enabled
[2016.03.10-17.17.28:932][  0]LogAnalytics: Creating configured Analytics provider AnalyticsET
[2016.03.10-17.17.28:932][  0]LogAnalytics: [UEEditor.Rocket.Release] APIServer = http://et2.epicgames.com/ET2/. AppVersion = 4.10.4-2872498+++depot+UE4-Releases+4.10
[2016.03.10-17.17.28:932][  0]LogAnalytics: [UEEditor.Rocket.Release] SetUserId 2066524940ef926c0d39eaab01bb3fef|ab08d7ce0f414bdba0971ea2fb4514a5|983d4c96-a536-4e9e-82d9-7415bf2a8174
[2016.03.10-17.17.28:932][  0]LogAnalytics: [UEEditor.Rocket.Release] AnalyticsET::StartSession
[2016.03.10-17.17.28:943][  0]LogInit: Transaction tracking system initialized
[2016.03.10-17.17.28:970][  0]BlueprintLog: New page: Editor Load
[2016.03.10-17.17.29:051][  0]LocalizationService: Info Localization service is disabled
[2016.03.10-17.17.29:129][  0]LogConsoleResponse:Display: 
[2016.03.10-17.17.29:235][  0]LogCook:Display: Done creating registry. It took  0.00s.
[2016.03.10-17.17.29:297][  0]LogFileCache: Scanning file cache for directory 'C:/Users/user/Game Development/Anthrocratos/Anthrocratos_UE4/Content/' took 0.01s
[2016.03.10-17.17.29:297][  0]SourceControl: Info Source control is disabled
[2016.03.10-17.17.29:297][  0]Cmd: MAP LOAD FILE="../../../../../../Users/user/Game Development/Anthrocratos/Anthrocratos_UE4/Content/Levels/Kieran-Test.umap" TEMPLATE=0 SHOWPROGRESS=1 FEATURELEVEL=3
[2016.03.10-17.17.29:298][  0]LightingResults: New page: Lighting Build
[2016.03.10-17.17.29:300][  0]MapCheck: New page: Map Check
[2016.03.10-17.17.29:300][  0]LightingResults: New page: Lighting Build
[2016.03.10-17.17.29:314][  0]LogParticles: Destroying 0 GPU particle simulations for FXSystem 0x0000006282FEB240
[2016.03.10-17.17.29:558][  0]LogBlueprint:Warning: USimpleConstructionScript::FixupRootNodeParentReferences() - Couldn't find inherited parent component 'TileMesh' for 'BuildingMesh' in BlueprintGeneratedClass 'REINST_Building_C_23' (it may have been removed)
[2016.03.10-17.17.29:853][  0]LogLinker:Warning: CreateExport: Failed to load Parent for Function /Game/Blueprints/Tiles/Buildings/BatteryCagedLivestock.BatteryCagedLivestock_C:UserConstructionScript; removing parent information, but keeping function
[2016.03.10-17.17.29:862][  0]LogLinker:Warning: CreateExport: Failed to load Parent for Function /Game/Blueprints/Tiles/Buildings/FossilBasedEnergy.FossilBasedEnergy_C:UserConstructionScript; removing parent information, but keeping function
[2016.03.10-17.17.29:870][  0]LogLinker:Warning: CreateExport: Failed to load Parent for Function /Game/Blueprints/Tiles/Buildings/Free-RangeLivestock.Free-RangeLivestock_C:UserConstructionScript; removing parent information, but keeping function
[2016.03.10-17.17.29:882][  0]LogLinker:Warning: CreateExport: Failed to load Parent for Function /Game/Blueprints/Tiles/Buildings/Incinerator.Incinerator_C:UserConstructionScript; removing parent information, but keeping function
[2016.03.10-17.17.29:891][  0]LogLinker:Warning: CreateExport: Failed to load Parent for Function /Game/Blueprints/Tiles/Buildings/IntensiveFarming.IntensiveFarming_C:UserConstructionScript; removing parent information, but keeping function
[2016.03.10-17.17.29:900][  0]LogLinker:Warning: CreateExport: Failed to load Parent for Function /Game/Blueprints/Tiles/Buildings/NuclearPower.NuclearPower_C:UserConstructionScript; removing parent information, but keeping function
[2016.03.10-17.17.29:911][  0]LogLinker:Warning: CreateExport: Failed to load Parent for Function /Game/Blueprints/Tiles/Buildings/OrganicFarm.OrganicFarm_C:UserConstructionScript; removing parent information, but keeping function
[2016.03.10-17.17.29:919][  0]LogLinker:Warning: CreateExport: Failed to load Parent for Function /Game/Blueprints/Tiles/Buildings/RecyclingCentre.RecyclingCentre_C:UserConstructionScript; removing parent information, but keeping function
[2016.03.10-17.17.29:927][  0]LogLinker:Warning: CreateExport: Failed to load Parent for Function /Game/Blueprints/Tiles/Buildings/SolarPanels.SolarPanels_C:UserConstructionScript; removing parent information, but keeping function
[2016.03.10-17.17.29:934][  0]LogLinker:Warning: CreateExport: Failed to load Parent for Function /Game/Blueprints/Tiles/Buildings/Windmills.Windmills_C:UserConstructionScript; removing parent information, but keeping function
[2016.03.10-17.17.29:998][  0]LogLinker:Warning: CreateExport: Failed to load Parent for Function /Game/Blueprints/Tiles/Biomes/DesertTile.DesertTile_C:UserConstructionScript; removing parent information, but keeping function
[2016.03.10-17.17.30:002][  0]LogLinker:Warning: CreateExport: Failed to load Parent for Function /Game/Blueprints/Tiles/Biomes/FieldTile.FieldTile_C:UserConstructionScript; removing parent information, but keeping function
[2016.03.10-17.17.30:014][  0]LogLinker:Warning: CreateExport: Failed to load Parent for Function /Game/Blueprints/Tiles/Biomes/ForestTile.ForestTile_C:UserConstructionScript; removing parent information, but keeping function
[2016.03.10-17.17.30:025][  0]LogLinker:Warning: CreateExport: Failed to load Parent for Function /Game/Blueprints/Tiles/Biomes/MountainTile.MountainTile_C:UserConstructionScript; removing parent information, but keeping function
[2016.03.10-17.17.30:030][  0]LogLinker:Warning: CreateExport: Failed to load Parent for Function /Game/Blueprints/Tiles/Buildings/CityCentre.CityCentre_C:UserConstructionScript; removing parent information, but keeping function
[2016.03.10-17.17.30:117][  0]LogBlueprint:Error: Broken Node: K2Node_CallArrayFunction /Game/Blueprints/Tiles/GameTileSpawner.GameTileSpawner:SetTileIsFilled.K2Node_CallArrayFunction_44 keeps removed/invalid pin: EdGraphPin /Game/Blueprints/Tiles/GameTileSpawner.GameTileSpawner:SetTileIsFilled.K2Node_CallArrayFunction_44.EdGraphPin_44770. Try refresh all nodes.
[2016.03.10-17.17.30:165][  0]LogBlueprint:Error: Broken Node: K2Node_CallArrayFunction /Game/Blueprints/Tiles/GameTileSpawner.GameTileSpawner:SetTileIsFilled.K2Node_CallArrayFunction_44 keeps removed/invalid pin: EdGraphPin /Game/Blueprints/Tiles/GameTileSpawner.GameTileSpawner:SetTileIsFilled.K2Node_CallArrayFunction_44.EdGraphPin_44770. Try refresh all nodes.
[2016.03.10-17.17.30:488][  0]LogAIModule: Creating AISystem for world Kieran-Test
[2016.03.10-17.17.30:498][  0]LogEditorServer: Finished looking for orphan Actors (0.000 secs)
[2016.03.10-17.17.30:498][  0]Cmd: MAP CHECKDEP NOCLEARLOG
[2016.03.10-17.17.30:549][  0]MapCheck: Info Map check complete: 0 Error(s), 0 Warning(s), took 50.521ms to complete.
[2016.03.10-17.17.30:549][  0]LogFileHelpers: Loading map 'Kieran-Test' took 1.252
[2016.03.10-17.17.30:763][  0]LogCollectionManager: Loaded 0 collections in 0.002193 seconds
[2016.03.10-17.17.30:803][  0]LogFileCache: Scanning file cache for directory 'C:/Users/user/Game Development/Anthrocratos/Anthrocratos_UE4/Saved/Collections/' took 0.01s
[2016.03.10-17.17.30:803][  0]LogFileCache: Scanning file cache for directory 'C:/Users/user/Game Development/Anthrocratos/Anthrocratos_UE4/Content/Developers/user/Collections/' took 0.01s
[2016.03.10-17.17.30:803][  0]LogFileCache: Scanning file cache for directory 'C:/Users/user/Game Development/Anthrocratos/Anthrocratos_UE4/Content/Collections/' took 0.01s
[2016.03.10-17.17.30:803][  0]LogCollectionManager: Rebuilt the GUID cache for 0 collections in 0.000002 seconds
[2016.03.10-17.17.30:811][  0]LogContentBrowser: Native class hierarchy populated in 0.0083 seconds. Added 1896 classes and 340 folders.
[2016.03.10-17.17.30:818][  0]LogContentBrowser: Native class hierarchy updated for 'WidgetCarousel' in 0.0009 seconds. Added 0 classes and 0 folders.
[2016.03.10-17.17.30:860][  0]LogContentBrowser: Native class hierarchy updated for 'AddContentDialog' in 0.0012 seconds. Added 0 classes and 0 folders.
[2016.03.10-17.17.30:865][  0]LogContentBrowser: Native class hierarchy updated for 'SceneOutliner' in 0.0009 seconds. Added 1 classes and 2 folders.
[2016.03.10-17.17.30:931][  0]LogCrashTracker: Crashtracker disabled due to settings.
[2016.03.10-17.17.30:936][  0]LogUObjectGlobals:Warning: Failed to find object 'Class None.'
[2016.03.10-17.17.30:959][  0]LogLoad: Full Startup: 6.68 seconds (BP compile: 0.37 seconds)
[2016.03.10-17.17.30:971][  0]LogOcInput: Can't find Oculus library dev build: is proper Runtime installed? Version: 0.8.0.0
[2016.03.10-17.17.31:055][  0]LogContentStreaming: Texture pool size now 1000 MB
[2016.03.10-17.17.31:273][  0]LogRenderer: Reallocating scene render targets to support 952x400 (Frame:2).
[2016.03.10-17.17.31:348][  1]LogFileCache: Retrieving MD5 hashes for directory 'C:/Users/user/Game Development/Anthrocratos/Anthrocratos_UE4/Content/' took 0.37s
[2016.03.10-17.17.31:884][  9]LogAssetRegistry: Asset discovery search completed in 3.6859 seconds
[2016.03.10-17.17.31:884][  9]LogCollectionManager: Rebuilt the object cache for 0 collections in 0.000002 seconds (found 0 objects)
[2016.03.10-17.17.31:884][  9]LogCollectionManager: Fixed up redirectors for 0 collections in 0.000030 seconds (updated 0 objects)
[2016.03.10-17.17.34:020][ 88]AssetReimport: New page: Outstanding source content changes 17:17:34
[2016.03.10-17.17.34:041][ 89]LogFactory: FactoryCreateBinary: StaticMesh with FbxFactory (0 0 C:/Users/user/Game Development/Anthrocratos/Anthrocratos_UE4/Content/Art/Models/Buildings/Nuclear Reactor/nuclear reactor_final.fbx)
[2016.03.10-17.17.34:060][ 89]LogFbx: ItemName: GlobalSettings, ItemCount : 1
[2016.03.10-17.17.34:060][ 89]LogFbx: ItemName: AnimationStack, ItemCount : 1
[2016.03.10-17.17.34:060][ 89]LogFbx: ItemName: AnimationLayer, ItemCount : 1
[2016.03.10-17.17.34:060][ 89]LogFbx: ItemName: Geometry, ItemCount : 10
[2016.03.10-17.17.34:060][ 89]LogFbx: ItemName: Material, ItemCount : 1
[2016.03.10-17.17.34:060][ 89]LogFbx: ItemName: Texture, ItemCount : 1
[2016.03.10-17.17.34:060][ 89]LogFbx: ItemName: Model, ItemCount : 10
[2016.03.10-17.17.34:060][ 89]LogFbx: ItemName: Video, ItemCount : 1
[2016.03.10-17.17.34:136][ 89]LogFbx: Loading FBX Scene from C:/Users/user/Game Development/Anthrocratos/Anthrocratos_UE4/Content/Art/Models/Buildings/Nuclear Reactor/nuclear reactor_final.fbx
[2016.03.10-17.17.34:240][ 89]LogFbx: FBX Scene Loaded Succesfully
[2016.03.10-17.17.37:635][ 89]LogFbx: Loading FBX Scene from C:/Users/user/Game Development/Anthrocratos/Anthrocratos_UE4/Content/Art/Models/Buildings/Nuclear Reactor/nuclear reactor_final.fbx
[2016.03.10-17.17.37:740][ 89]LogFbx: FBX Scene Loaded Succesfully
[2016.03.10-17.17.39:021][ 89]LogMaterial: Missing cached shader map for material nuclear_diffuse, compiling. 
[2016.03.10-17.17.39:041][ 89]LogStaticMesh: Building static mesh nuclear_reactor_final...
[2016.03.10-17.17.39:057][ 89]LogStaticMesh: Built static mesh [0.016857.2s] /Game/Art/Models/Buildings/Nuclear_Reactor/nuclear_reactor_final.nuclear_reactor_final
[2016.03.10-17.17.39:117][ 90]LogFactory: FactoryCreateBinary: Texture with ReimportTextureFactory (0 0 C:/Users/user/Game Development/Anthrocratos/Anthrocratos_UE4/Content/Art/Models/Buildings/Nuclear Reactor/nuclear_diffuse.png)
[2016.03.10-17.17.51:793][ 90]LogCrashTracker: 


[2016.03.10-17.17.51:793][ 90]LogCrashTracker: 


[2016.03.10-17.17.51:851][ 90]LogExit: Executing StaticShutdownAfterError
[2016.03.10-17.17.51:856][ 90]LogWindows: FPlatformMisc::RequestExit(1)
[2016.03.10-17.17.51:856][ 90]Log file closed, 03/10/16 17:17:51
