[2016.02.26-23.01.25:148][  0]Log file open, 02/26/16 23:01:25
[2016.02.26-23.01.25:148][  0]LogInit:Display: Running engine for game: Anthrocratos_UE4
[2016.02.26-23.01.25:148][  0]LogPlatformFile: Not using cached read wrapper
[2016.02.26-23.01.25:148][  0]LogInit:Display: RandInit(-186017522) SRandInit(-186017521).
[2016.02.26-23.01.25:148][  0]LogTaskGraph: Started task graph with 4 named threads and 7 total threads.
[2016.02.26-23.01.25:148][  0]LogStats: Stats thread started at 0.067340
[2016.02.26-23.01.25:148][  0]LogInit: Version: 4.10.2-2818068+++depot+UE4-Releases+4.10
[2016.02.26-23.01.25:148][  0]LogInit: API Version: 2758231
[2016.02.26-23.01.25:148][  0]LogInit: Compiled (64-bit): Jan  6 2016 17:36:42
[2016.02.26-23.01.25:148][  0]LogInit: Compiled with Visual C++: 19.00.23026.00
[2016.02.26-23.01.25:148][  0]LogInit: Build Configuration: Development
[2016.02.26-23.01.25:148][  0]LogInit: Branch Name: ++depot+UE4-Releases+4.10
[2016.02.26-23.01.25:148][  0]LogInit: Command line:  
[2016.02.26-23.01.25:148][  0]LogInit: Base directory: S:/UnrealStuff/Epic Games/4.10/Engine/Binaries/Win64/
[2016.02.26-23.01.25:148][  0]LogInit: Rocket: 1
[2016.02.26-23.01.25:153][  0]LogInit: Using libcurl 7.41.0
[2016.02.26-23.01.25:153][  0]LogInit:  - built for x86_64-pc-win32
[2016.02.26-23.01.25:153][  0]LogInit:  - supports SSL with WinSSL
[2016.02.26-23.01.25:153][  0]LogInit:  - other features:
[2016.02.26-23.01.25:153][  0]LogInit:      CURL_VERSION_SSL
[2016.02.26-23.01.25:153][  0]LogInit:      CURL_VERSION_IPV6
[2016.02.26-23.01.25:153][  0]LogInit:      CURL_VERSION_ASYNCHDNS
[2016.02.26-23.01.25:153][  0]LogInit:      CURL_VERSION_LARGEFILE
[2016.02.26-23.01.25:153][  0]LogInit:      CURL_VERSION_IDN
[2016.02.26-23.01.25:153][  0]LogInit:  CurlRequestOptions (configurable via config and command line):
[2016.02.26-23.01.25:153][  0]LogInit:  - bVerifyPeer = true  - Libcurl will verify peer certificate
[2016.02.26-23.01.25:153][  0]LogInit:  - bUseHttpProxy = false  - Libcurl will NOT use HTTP proxy
[2016.02.26-23.01.25:153][  0]LogInit:  - bDontReuseConnections = false  - Libcurl will reuse connections
[2016.02.26-23.01.25:153][  0]LogInit:  - CertBundlePath = nullptr  - Libcurl will use whatever was configured at build time.
[2016.02.26-23.01.25:158][  0]LogInit: Presizing for 0 objects not considered by GC, pre-allocating 0 bytes.
[2016.02.26-23.01.25:163][  0]LogInit: Object subsystem initialized
[2016.02.26-23.01.25:164][  0]LogInit: Selected Device Profile: [Windows]
[2016.02.26-23.01.25:164][  0]LogInit: Applying CVar settings loaded from the selected device profile: [Windows]
[2016.02.26-23.01.25:169][  0]LogInit: Computer: DAVID
[2016.02.26-23.01.25:169][  0]LogInit: User: Bigfootone
[2016.02.26-23.01.25:169][  0]LogInit: CPU Page size=4096, Cores=4
[2016.02.26-23.01.25:169][  0]LogInit: High frequency timer resolution =3.320326 MHz
[2016.02.26-23.01.25:169][  0]LogMemory: Memory total: Physical=15.9GB (16GB approx)
[2016.02.26-23.01.25:169][  0]LogMemory: Platform Memory Stats for Windows
[2016.02.26-23.01.25:169][  0]LogMemory: Process Physical Memory: 56.19 MB used, 56.19 MB peak
[2016.02.26-23.01.25:169][  0]LogMemory: Process Virtual Memory: 56.82 MB used, 56.82 MB peak
[2016.02.26-23.01.25:169][  0]LogMemory: Physical Memory: 4793.43 MB used, 16328.01 MB total
[2016.02.26-23.01.25:169][  0]LogMemory: Virtual Memory: 382.47 MB used, 134217728.00 MB total
[2016.02.26-23.01.25:199][  0]LogTextLocalizationManager: No specific translations for ('en-GB') exist, so ('en') translations will be used.
[2016.02.26-23.01.25:641][  0]LogD3D11RHI: Found D3D11 adapter 0: AMD Radeon R9 200 Series (Feature Level 11_0)
[2016.02.26-23.01.25:641][  0]LogD3D11RHI: Adapter has 4075MB of dedicated video memory, 0MB of dedicated system memory, and 8164MB of shared system memory, 2 output[s]
[2016.02.26-23.01.25:643][  0]LogD3D11RHI: Found D3D11 adapter 1: Microsoft Basic Render Driver (Feature Level 11_0)
[2016.02.26-23.01.25:643][  0]LogD3D11RHI: Adapter has 0MB of dedicated video memory, 0MB of dedicated system memory, and 8164MB of shared system memory, 0 output[s]
[2016.02.26-23.01.25:643][  0]LogD3D11RHI: Chosen D3D11 Adapter Id = 0
[2016.02.26-23.01.25:654][  0]LogD3D11RHI: !Direct3DDevice
[2016.02.26-23.01.25:654][  0]LogRHI: Texture pool is 1361 MB (70% of 1945 MB)
[2016.02.26-23.01.25:663][  0]LogD3D11RHI: Async texture creation disabled: no driver support
[2016.02.26-23.01.25:678][  0]LogShaderCompilers: Guid format shader working directory is 1 characters bigger than the processId version (../../../../../../Anthrocratos/Anthrocratos_UE4/Intermediate/Shaders/WorkingDirectory/41020/).
[2016.02.26-23.01.25:678][  0]LogShaderCompilers: Cleaned the shader compiler working directory 'C:/Users/BIGFOO~1/AppData/Local/Temp/UnrealShaderWorkingDir/C80693D841D5752EE4426888C711B645/'.
[2016.02.26-23.01.25:678][  0]LogShaderCompilers:Display: Using Local Shader Compiler.
[2016.02.26-23.01.26:718][  0]LogTemp:Display: Loaded TP AllDesktopTargetPlatform
[2016.02.26-23.01.26:722][  0]LogTemp:Display: Loaded TP WindowsClientTargetPlatform
[2016.02.26-23.01.26:726][  0]LogTemp:Display: Loaded TP WindowsNoEditorTargetPlatform
[2016.02.26-23.01.26:729][  0]LogTemp:Display: Loaded TP WindowsServerTargetPlatform
[2016.02.26-23.01.26:732][  0]LogTemp:Display: Loaded TP WindowsTargetPlatform
[2016.02.26-23.01.26:735][  0]LogTemp:Display: Loaded TP AndroidTargetPlatform
[2016.02.26-23.01.26:737][  0]LogTemp:Display: Loaded TP Android_ASTCTargetPlatform
[2016.02.26-23.01.26:740][  0]LogTemp:Display: Loaded TP Android_ATCTargetPlatform
[2016.02.26-23.01.26:742][  0]LogTemp:Display: Loaded TP Android_DXTTargetPlatform
[2016.02.26-23.01.26:745][  0]LogTemp:Display: Loaded TP Android_ETC1TargetPlatform
[2016.02.26-23.01.26:747][  0]LogTemp:Display: Loaded TP Android_ETC2TargetPlatform
[2016.02.26-23.01.26:754][  0]LogTemp:Display: Loaded TP Android_MultiTargetPlatform
[2016.02.26-23.01.26:754][  0]LogTemp:Display: Loaded TP Android_PVRTCTargetPlatform
[2016.02.26-23.01.26:754][  0]LogTemp:Display: Loaded TP HTML5TargetPlatform
[2016.02.26-23.01.26:770][  0]LogTemp:Display: Loaded TP IOSTargetPlatform
[2016.02.26-23.01.26:773][  0]LogTemp:Display: Loaded TP LinuxNoEditorTargetPlatform
[2016.02.26-23.01.26:776][  0]LogTemp:Display: Loaded TP LinuxServerTargetPlatform
[2016.02.26-23.01.26:778][  0]LogTemp:Display: Loaded TP LinuxTargetPlatform
[2016.02.26-23.01.26:779][  0]LogTargetPlatformManager:Display: Building Assets For Windows
[2016.02.26-23.01.26:848][  0]LogDerivedDataCache:Display: Max Cache Size: 512 MB
[2016.02.26-23.01.26:901][  0]LogDerivedDataCache: Loaded boot cache 0.05s 41MB C:/Users/Bigfootone/AppData/Local/UnrealEngine/4.10/DerivedDataCache/Boot.ddc.
[2016.02.26-23.01.26:901][  0]LogDerivedDataCache:Display: Loaded Boot cache: C:/Users/Bigfootone/AppData/Local/UnrealEngine/4.10/DerivedDataCache/Boot.ddc
[2016.02.26-23.01.26:901][  0]LogDerivedDataCache: FDerivedDataBackendGraph:  Pak pak cache file ../../../../../../Anthrocratos/Anthrocratos_UE4/DerivedDataCache/DDC.ddp not found, will not use a pak cache.
[2016.02.26-23.01.26:901][  0]LogDerivedDataCache: Unable to find inner node Pak for hierarchical cache Hierarchy.
[2016.02.26-23.01.26:901][  0]LogDerivedDataCache: FDerivedDataBackendGraph:  CompressedPak pak cache file ../../../../../../Anthrocratos/Anthrocratos_UE4/DerivedDataCache/Compressed.ddp not found, will not use a pak cache.
[2016.02.26-23.01.26:901][  0]LogDerivedDataCache: Unable to find inner node CompressedPak for hierarchical cache Hierarchy.
[2016.02.26-23.01.26:955][  0]LogDerivedDataCache:Display: Pak cache opened for reading ../../../Engine/DerivedDataCache/Compressed.ddp.
[2016.02.26-23.01.26:967][  0]LogDerivedDataCache: Using Local data cache path C:/Users/Bigfootone/AppData/Local/UnrealEngine/Common/DerivedDataCache: Writable
[2016.02.26-23.01.27:150][  0]LogInit: Selected Device Profile: [Windows]
[2016.02.26-23.01.27:153][  0]LogContentStreaming: Texture pool size is 0.000000MB
[2016.02.26-23.01.27:248][  0]LogMeshUtilities: No automatic mesh reduction module available
[2016.02.26-23.01.27:248][  0]LogMeshUtilities: No automatic mesh merging module available
[2016.02.26-23.01.27:463][  0]LogInit: WinSock: version 1.1 (2.2), MaxSocks=32767, MaxUdp=65467
[2016.02.26-23.01.28:367][  0]UdpMessaging: Initializing bridge on interface 0.0.0.0:0 to multicast group 230.0.0.1:6666.
[2016.02.26-23.01.28:476][  0]LogAssetRegistry: FAssetRegistry took 0.0108 seconds to start up
[2016.02.26-23.01.28:643][  0]SourceControl: Info Source control is disabled
[2016.02.26-23.01.28:645][  0]SourceControl: Info Source control is disabled
[2016.02.26-23.01.28:655][  0]SourceControl: Info Source control is disabled
[2016.02.26-23.01.28:665][  0]SourceControl: Info Source control is disabled
[2016.02.26-23.01.28:901][  0]LogObj: 28642 objects as part of root set at end of initial load.
[2016.02.26-23.01.28:901][  0]LogUObjectAllocator: 6103616 out of 0 bytes used by permanent object pool.
[2016.02.26-23.01.28:953][  0]LogEngine: Initializing Engine...
[2016.02.26-23.01.28:955][  0]LogHMD: Can't find Oculus library dev build: is proper Runtime installed? Version: 0.8.0.0
[2016.02.26-23.01.28:959][  0]LogHMD: SteamVR failed to initialize.  Err: 108
[2016.02.26-23.01.29:067][  0]LogAIModule: Creating AISystem for world NewWorld
[2016.02.26-23.01.29:073][  0]LogInit: XAudio2 using 'Speakers (SteelSeries Siberia Elite)' : 2 channels at 44.1 kHz using 16 bits per sample (channel mask 0x3)
[2016.02.26-23.01.29:084][  0]LogInit: FAudioDevice initialized.
[2016.02.26-23.01.29:104][  0]LogDerivedDataCache: Saved boot cache 0.02s 41MB C:/Users/Bigfootone/AppData/Local/UnrealEngine/4.10/DerivedDataCache/Boot.ddc.
[2016.02.26-23.01.29:107][  0]LogInit: Texture streaming: Enabled
[2016.02.26-23.01.29:110][  0]LogAnalytics: Creating configured Analytics provider AnalyticsET
[2016.02.26-23.01.29:110][  0]LogAnalytics: [UEEditor.Rocket.Release] APIServer = http://et2.epicgames.com/ET2/. AppVersion = 4.10.2-2818068+++depot+UE4-Releases+4.10
[2016.02.26-23.01.29:110][  0]LogAnalytics: [UEEditor.Rocket.Release] SetUserId 6844960942a56c7664b0f6b1131f1fef|c381b92b33784ccaa7b778c4b0f76233|53524d50-4578-4787-a176-59f20f61b4e2
[2016.02.26-23.01.29:110][  0]LogAnalytics: [UEEditor.Rocket.Release] AnalyticsET::StartSession
[2016.02.26-23.01.29:396][  0]LogInit: Transaction tracking system initialized
[2016.02.26-23.01.29:415][  0]BlueprintLog: New page: Editor Load
[2016.02.26-23.01.29:470][  0]LocalizationService: Info Localization service is disabled
[2016.02.26-23.01.29:553][  0]LogConsoleResponse:Display: 
[2016.02.26-23.01.29:673][  0]LogCook:Display: Done creating registry. It took  0.00s.
[2016.02.26-23.01.29:715][  0]LogFileCache: Scanning file cache for directory 'S:/Anthrocratos/Anthrocratos_UE4/Content/' took 0.01s
[2016.02.26-23.01.29:715][  0]SourceControl: Info Source control is disabled
[2016.02.26-23.01.29:715][  0]Cmd: MAP LOAD FILE="../../../../../../Anthrocratos/Anthrocratos_UE4/Content/Levels/Kieran-Test.umap" TEMPLATE=0 SHOWPROGRESS=1 FEATURELEVEL=3
[2016.02.26-23.01.29:715][  0]LightingResults: New page: Lighting Build
[2016.02.26-23.01.29:717][  0]MapCheck: New page: Map Check
[2016.02.26-23.01.29:717][  0]LightingResults: New page: Lighting Build
[2016.02.26-23.01.29:728][  0]LogParticles: Destroying 0 GPU particle simulations for FXSystem 0x0000029824889E40
[2016.02.26-23.01.29:832][  0]LogLinker:Warning: CreateExport: Failed to load Parent for Function /Game/Blueprints/CityCentre.CityCentre_C:UserConstructionScript; removing parent information, but keeping function
[2016.02.26-23.01.29:838][  0]LogLinker:Warning: CreateExport: Failed to load Parent for Function /Game/Blueprints/FieldTile.FieldTile_C:UserConstructionScript; removing parent information, but keeping function
[2016.02.26-23.01.29:851][  0]LogLinker:Warning: CreateExport: Failed to load Parent for Function /Game/Blueprints/ForestTile.ForestTile_C:UserConstructionScript; removing parent information, but keeping function
[2016.02.26-23.01.29:862][  0]LogLinker:Warning: CreateExport: Failed to load Parent for Function /Game/Blueprints/MountainTile.MountainTile_C:UserConstructionScript; removing parent information, but keeping function
[2016.02.26-23.01.30:115][  0]LogAIModule: Creating AISystem for world Kieran-Test
[2016.02.26-23.01.30:118][  0]LogEditorServer: Finished looking for orphan Actors (0.000 secs)
[2016.02.26-23.01.30:118][  0]Cmd: MAP CHECKDEP NOCLEARLOG
[2016.02.26-23.01.30:198][  0]MapCheck: Info Map check complete: 0 Error(s), 0 Warning(s), took 79.745ms to complete.
[2016.02.26-23.01.30:198][  0]LogFileHelpers: Loading map 'Kieran-Test' took 0.484
[2016.02.26-23.01.30:311][  0]LogCollectionManager: Loaded 0 collections in 0.001136 seconds
[2016.02.26-23.01.30:353][  0]LogFileCache: Scanning file cache for directory 'S:/Anthrocratos/Anthrocratos_UE4/Saved/Collections/' took 0.01s
[2016.02.26-23.01.30:353][  0]LogFileCache: Scanning file cache for directory 'S:/Anthrocratos/Anthrocratos_UE4/Content/Developers/Bigfootone/Collections/' took 0.01s
[2016.02.26-23.01.30:353][  0]LogFileCache: Scanning file cache for directory 'S:/Anthrocratos/Anthrocratos_UE4/Content/Collections/' took 0.01s
[2016.02.26-23.01.30:353][  0]LogCollectionManager: Rebuilt the GUID cache for 0 collections in 0.000002 seconds
[2016.02.26-23.01.30:361][  0]LogContentBrowser: Native class hierarchy populated in 0.0080 seconds. Added 1895 classes and 340 folders.
[2016.02.26-23.01.30:367][  0]LogContentBrowser: Native class hierarchy updated for 'WidgetCarousel' in 0.0017 seconds. Added 0 classes and 0 folders.
[2016.02.26-23.01.30:420][  0]LogContentBrowser: Native class hierarchy updated for 'AddContentDialog' in 0.0015 seconds. Added 0 classes and 0 folders.
[2016.02.26-23.01.30:423][  0]LogContentBrowser: Native class hierarchy updated for 'SceneOutliner' in 0.0012 seconds. Added 1 classes and 2 folders.
[2016.02.26-23.01.30:468][  0]LogCrashTracker: Crashtracker disabled due to settings.
[2016.02.26-23.01.30:474][  0]LogUObjectGlobals:Warning: Failed to find object 'Class None.'
[2016.02.26-23.01.30:496][  0]LogLoad: Full Startup: 5.95 seconds (BP compile: 0.09 seconds)
[2016.02.26-23.01.30:837][  0]LogOcInput: Can't find Oculus library dev build: is proper Runtime installed? Version: 0.8.0.0
[2016.02.26-23.01.30:911][  0]LogContentStreaming: Texture pool size now 1000 MB
[2016.02.26-23.01.31:343][  0]LogRenderer: Reallocating scene render targets to support 984x572 (Frame:2).
[2016.02.26-23.01.31:696][  1]LogFileCache: Retrieving MD5 hashes for directory 'S:/Anthrocratos/Anthrocratos_UE4/Content/' took 0.85s
[2016.02.26-23.01.32:391][  3]LogAssetRegistry: Asset discovery search completed in 3.9261 seconds
[2016.02.26-23.01.32:391][  3]LogCollectionManager: Rebuilt the object cache for 0 collections in 0.000001 seconds (found 0 objects)
[2016.02.26-23.01.32:391][  3]LogCollectionManager: Fixed up redirectors for 0 collections in 0.000018 seconds (updated 0 objects)
[2016.02.26-23.02.09:007][406]LogWindowsTextInputMethodSystem:Display: IME system now deactivated.
[2016.02.26-23.02.09:188][407]Cmd: QUIT_EDITOR
[2016.02.26-23.02.09:306][407]LogExit: Preparing to exit.
[2016.02.26-23.02.10:421][407]LogExit: Editor shut down
[2016.02.26-23.02.10:421][407]LogExit: Transaction tracking system shut down
[2016.02.26-23.02.10:422][407]LogParticles: Destroying 0 GPU particle simulations for FXSystem 0x000002981B888220
[2016.02.26-23.02.10:422][407]LogParticles: Destroying 0 GPU particle simulations for FXSystem 0x000002982EE87880
[2016.02.26-23.02.10:422][407]LogParticles: Destroying 0 GPU particle simulations for FXSystem 0x000002982B9BEA20
[2016.02.26-23.02.10:423][407]LogParticles: Destroying 0 GPU particle simulations for FXSystem 0x0000029833E7F420
[2016.02.26-23.02.10:546][407]LogExit: Object subsystem successfully closed.
[2016.02.26-23.02.10:563][407]LogD3D11RHI: Shutdown
[2016.02.26-23.02.10:563][407]LogD3D11RHI: CleanupD3DDevice
[2016.02.26-23.02.10:654][407]LogD3D11RHI: ~FD3D11DynamicRHI
[2016.02.26-23.02.10:677][407]LogModuleManager: Shutting down and abandoning module CrashTracker (199)
[2016.02.26-23.02.10:677][407]LogModuleManager: Shutting down and abandoning module SceneOutliner (198)
[2016.02.26-23.02.10:677][407]LogModuleManager: Shutting down and abandoning module SuperSearch (197)
[2016.02.26-23.02.10:677][407]LogModuleManager: Shutting down and abandoning module WidgetCarousel (196)
[2016.02.26-23.02.10:677][407]LogModuleManager: Shutting down and abandoning module AddContentDialog (195)
[2016.02.26-23.02.10:678][407]LogModuleManager: Shutting down and abandoning module EditorWidgets (194)
[2016.02.26-23.02.10:678][407]LogModuleManager: Shutting down and abandoning module CollectionManager (193)
[2016.02.26-23.02.10:680][407]LogModuleManager: Shutting down and abandoning module StatsViewer (192)
[2016.02.26-23.02.10:680][407]LogModuleManager: Shutting down and abandoning module FoliageEdit (191)
[2016.02.26-23.02.10:680][407]LogModuleManager: Shutting down and abandoning module LandscapeEditor (190)
[2016.02.26-23.02.10:681][407]LogModuleManager: Shutting down and abandoning module ActorPickerMode (189)
[2016.02.26-23.02.10:681][407]LogModuleManager: Shutting down and abandoning module GeometryMode (188)
[2016.02.26-23.02.10:681][407]LogModuleManager: Shutting down and abandoning module TextureAlignMode (187)
[2016.02.26-23.02.10:681][407]LogModuleManager: Shutting down and abandoning module BspMode (186)
[2016.02.26-23.02.10:681][407]LogModuleManager: Shutting down and abandoning module PlacementMode (185)
[2016.02.26-23.02.10:681][407]LogModuleManager: Shutting down and abandoning module AutomationWorker (184)
[2016.02.26-23.02.10:681][407]LogModuleManager: Shutting down and abandoning module CharacterAI (183)
[2016.02.26-23.02.10:681][407]LogModuleManager: Shutting down and abandoning module SmartSnapping (182)
[2016.02.26-23.02.10:681][407]LogModuleManager: Shutting down and abandoning module ViewportSnapping (181)
[2016.02.26-23.02.10:681][407]LogModuleManager: Shutting down and abandoning module LogVisualizer (180)
[2016.02.26-23.02.10:681][407]LogModuleManager: Shutting down and abandoning module GameProjectGeneration (179)
[2016.02.26-23.02.10:681][407]LogModuleManager: Shutting down and abandoning module IntroTutorials (178)
[2016.02.26-23.02.10:681][407]LogModuleManager: Shutting down and abandoning module EditorLiveStreaming (177)
[2016.02.26-23.02.10:681][407]LogModuleManager: Shutting down and abandoning module IOSPlatformEditor (176)
[2016.02.26-23.02.10:681][407]LogModuleManager: Shutting down and abandoning module HTML5PlatformEditor (175)
[2016.02.26-23.02.10:681][407]LogModuleManager: Shutting down and abandoning module AndroidDeviceDetection (174)
[2016.02.26-23.02.11:517][407]LogModuleManager: Shutting down and abandoning module AndroidPlatformEditor (173)
[2016.02.26-23.02.11:517][407]LogModuleManager: Shutting down and abandoning module IOSRuntimeSettings (172)
[2016.02.26-23.02.11:517][407]LogModuleManager: Shutting down and abandoning module AndroidRuntimeSettings (171)
[2016.02.26-23.02.11:517][407]LogModuleManager: Shutting down and abandoning module MergeActors (170)
[2016.02.26-23.02.11:517][407]LogModuleManager: Shutting down and abandoning module SizeMap (169)
[2016.02.26-23.02.11:517][407]LogModuleManager: Shutting down and abandoning module TreeMap (168)
[2016.02.26-23.02.11:517][407]LogModuleManager: Shutting down and abandoning module ReferenceViewer (167)
[2016.02.26-23.02.11:517][407]LogModuleManager: Shutting down and abandoning module LocalizationService (166)
[2016.02.26-23.02.11:518][407]LogModuleManager: Shutting down and abandoning module LocalizationDashboard (165)
[2016.02.26-23.02.11:518][407]LogModuleManager: Shutting down and abandoning module HardwareTargeting (164)
[2016.02.26-23.02.11:518][407]LogModuleManager: Shutting down and abandoning module DeviceProfileEditor (163)
[2016.02.26-23.02.11:518][407]LogModuleManager: Shutting down and abandoning module UndoHistory (162)
[2016.02.26-23.02.11:518][407]LogModuleManager: Shutting down and abandoning module GameplayTagsEditor (161)
[2016.02.26-23.02.11:518][407]LogModuleManager: Shutting down and abandoning module UserFeedback (160)
[2016.02.26-23.02.11:518][407]LogModuleManager: Shutting down and abandoning module XmlParser (159)
[2016.02.26-23.02.11:518][407]LogModuleManager: Shutting down and abandoning module Blutility (158)
[2016.02.26-23.02.11:518][407]LogModuleManager: Shutting down and abandoning module ProjectTargetPlatformEditor (157)
[2016.02.26-23.02.11:518][407]LogModuleManager: Shutting down and abandoning module ProjectSettingsViewer (156)
[2016.02.26-23.02.11:518][407]LogModuleManager: Shutting down and abandoning module InputBindingEditor (155)
[2016.02.26-23.02.11:518][407]LogModuleManager: Shutting down and abandoning module EditorSettingsViewer (154)
[2016.02.26-23.02.11:518][407]LogModuleManager: Shutting down and abandoning module SettingsEditor (153)
[2016.02.26-23.02.11:518][407]LogModuleManager: Shutting down and abandoning module ProjectLauncher (152)
[2016.02.26-23.02.11:518][407]LogModuleManager: Shutting down and abandoning module SessionFrontend (151)
[2016.02.26-23.02.11:518][407]LogModuleManager: Shutting down and abandoning module ProfilerClient (150)
[2016.02.26-23.02.11:518][407]LogModuleManager: Shutting down and abandoning module TargetDeviceServices (149)
[2016.02.26-23.02.11:518][407]LogModuleManager: Shutting down and abandoning module DeviceManager (148)
[2016.02.26-23.02.11:518][407]LogModuleManager: Shutting down and abandoning module AutomationController (147)
[2016.02.26-23.02.11:518][407]LogModuleManager: Shutting down and abandoning module AutomationWindow (146)
[2016.02.26-23.02.11:518][407]LogModuleManager: Shutting down and abandoning module Layers (145)
[2016.02.26-23.02.11:518][407]LogModuleManager: Shutting down and abandoning module ComponentVisualizers (144)
[2016.02.26-23.02.11:518][407]LogModuleManager: Shutting down and abandoning module DetailCustomizations (143)
[2016.02.26-23.02.11:518][407]LogModuleManager: Shutting down and abandoning module PackagesDialog (142)
[2016.02.26-23.02.11:518][407]LogModuleManager: Shutting down and abandoning module Persona (141)
[2016.02.26-23.02.11:518][407]LogModuleManager: Shutting down and abandoning module Kismet (140)
[2016.02.26-23.02.11:518][407]LogModuleManager: Shutting down and abandoning module GraphEditor (139)
[2016.02.26-23.02.11:518][407]LogModuleManager: Shutting down and abandoning module ClassViewer (138)
[2016.02.26-23.02.11:518][407]LogModuleManager: Shutting down and abandoning module Toolbox (137)
[2016.02.26-23.02.11:518][407]LogModuleManager: Shutting down and abandoning module ModuleUI (136)
[2016.02.26-23.02.11:518][407]LogModuleManager: Shutting down and abandoning module MovieSceneTools (135)
[2016.02.26-23.02.11:519][407]LogModuleManager: Shutting down and abandoning module OutputLog (134)
[2016.02.26-23.02.11:519][407]LogModuleManager: Shutting down and abandoning module GammaUI (133)
[2016.02.26-23.02.11:519][407]LogModuleManager: Shutting down and abandoning module Documentation (132)
[2016.02.26-23.02.11:519][407]LogModuleManager: Shutting down and abandoning module GameLiveStreaming (131)
[2016.02.26-23.02.11:519][407]LogModuleManager: Shutting down and abandoning module StreamingPauseRendering (130)
[2016.02.26-23.02.11:519][407]LogModuleManager: Shutting down and abandoning module AnalyticsET (129)
[2016.02.26-23.02.11:519][407]LogModuleManager: Shutting down and abandoning module Analytics (128)
[2016.02.26-23.02.11:519][407]LogModuleManager: Shutting down and abandoning module AITestSuite (127)
[2016.02.26-23.02.11:519][407]LogModuleManager: Shutting down and abandoning module GameplayDebugger (126)
[2016.02.26-23.02.11:519][407]LogModuleManager: Shutting down and abandoning module AIModule (125)
[2016.02.26-23.02.11:519][407]LogModuleManager: Shutting down and abandoning module ProfilerService (124)
[2016.02.26-23.02.11:700][407]LogModuleManager: Shutting down and abandoning module TaskGraph (123)
[2016.02.26-23.02.11:700][407]LogModuleManager: Shutting down and abandoning module SlateRemote (122)
[2016.02.26-23.02.11:701][407]LogModuleManager: Shutting down and abandoning module SteamVRController (121)
[2016.02.26-23.02.11:701][407]LogModuleManager: Shutting down and abandoning module SteamVR (120)
[2016.02.26-23.02.11:701][407]LogModuleManager: Shutting down and abandoning module ProceduralMeshComponent (119)
[2016.02.26-23.02.11:701][407]LogModuleManager: Shutting down and abandoning module OculusLibrary (118)
[2016.02.26-23.02.11:701][407]LogModuleManager: Shutting down and abandoning module OculusInput (117)
[2016.02.26-23.02.11:701][407]LogModuleManager: Shutting down and abandoning module LeapMotionController (116)
[2016.02.26-23.02.11:721][407]LogModuleManager: Shutting down and abandoning module CustomMeshComponent (115)
[2016.02.26-23.02.11:721][407]LogModuleManager: Shutting down and abandoning module CableComponent (114)
[2016.02.26-23.02.11:721][407]LogModuleManager: Shutting down and abandoning module ArchVisCharacter (113)
[2016.02.26-23.02.11:721][407]LogModuleManager: Shutting down and abandoning module MessagingDebugger (112)
[2016.02.26-23.02.11:721][407]LogModuleManager: Shutting down and abandoning module MediaPlayerEditor (111)
[2016.02.26-23.02.11:721][407]LogModuleManager: Shutting down and abandoning module HTML5Networking (110)
[2016.02.26-23.02.11:721][407]LogModuleManager: Shutting down and abandoning module SpeedTreeImporter (109)
[2016.02.26-23.02.11:721][407]LogModuleManager: Shutting down and abandoning module PluginBrowser (108)
[2016.02.26-23.02.11:721][407]LogModuleManager: Shutting down and abandoning module EpicSurvey (107)
[2016.02.26-23.02.11:721][407]LogModuleManager: Shutting down and abandoning module DesktopPlatform (106)
[2016.02.26-23.02.11:721][407]LogModuleManager: Shutting down and abandoning module VisualStudioSourceCodeAccess (105)
[2016.02.26-23.02.11:721][407]LogModuleManager: Shutting down and abandoning module UObjectPlugin (104)
[2016.02.26-23.02.11:722][407]LogModuleManager: Shutting down and abandoning module SubversionSourceControl (103)
[2016.02.26-23.02.11:722][407]LogModuleManager: Shutting down and abandoning module PerforceSourceControl (102)
[2016.02.26-23.02.11:722][407]LogModuleManager: Shutting down and abandoning module SourceControl (101)
[2016.02.26-23.02.11:722][407]LogModuleManager: Shutting down and abandoning module GitSourceControl (100)
[2016.02.26-23.02.11:722][407]LogModuleManager: Shutting down and abandoning module LightPropagationVolumeEditor (99)
[2016.02.26-23.02.11:722][407]LogModuleManager: Shutting down and abandoning module PaperTiledImporter (98)
[2016.02.26-23.02.11:722][407]LogModuleManager: Shutting down and abandoning module PaperSpriteSheetImporter (97)
[2016.02.26-23.02.11:722][407]LogModuleManager: Shutting down and abandoning module MeshPaint (96)
[2016.02.26-23.02.11:722][407]LogModuleManager: Shutting down and abandoning module SlateReflector (95)
[2016.02.26-23.02.11:722][407]LogModuleManager: Shutting down and abandoning module HotReload (94)
[2016.02.26-23.02.11:722][407]LogModuleManager: Shutting down and abandoning module MainFrame (93)
[2016.02.26-23.02.11:722][407]LogModuleManager: Shutting down and abandoning module LevelEditor (92)
[2016.02.26-23.02.11:723][407]LogModuleManager: Shutting down and abandoning module DirectoryWatcher (91)
[2016.02.26-23.02.11:723][407]LogModuleManager: Shutting down and abandoning module AssetRegistry (90)
[2016.02.26-23.02.11:823][407]LogModuleManager: Shutting down and abandoning module ContentBrowser (89)
[2016.02.26-23.02.11:824][407]LogModuleManager: Shutting down and abandoning module Paper2DEditor (88)
[2016.02.26-23.02.11:824][407]LogModuleManager: Shutting down and abandoning module Anthrocratos_UE4 (87)
[2016.02.26-23.02.11:824][407]LogModuleManager: Shutting down and abandoning module UdpMessaging (86)
[2016.02.26-23.02.11:924][407]LogModuleManager: Shutting down and abandoning module LightPropagationVolumeRuntime (85)
[2016.02.26-23.02.11:924][407]LogModuleManager: Shutting down and abandoning module Paper2D (84)
[2016.02.26-23.02.11:924][407]LogModuleManager: Shutting down and abandoning module WindowsMoviePlayer (83)
[2016.02.26-23.02.11:926][407]LogModuleManager: Shutting down and abandoning module Media (82)
[2016.02.26-23.02.11:926][407]LogModuleManager: Shutting down and abandoning module WmfMedia (81)
[2016.02.26-23.02.11:926][407]LogModuleManager: Shutting down and abandoning module OnlineBlueprintSupport (80)
[2016.02.26-23.02.11:926][407]LogModuleManager: Shutting down and abandoning module GameplayTasksEditor (79)
[2016.02.26-23.02.11:926][407]LogModuleManager: Shutting down and abandoning module PropertyEditor (78)
[2016.02.26-23.02.11:926][407]LogModuleManager: Shutting down and abandoning module BehaviorTreeEditor (77)
[2016.02.26-23.02.11:926][407]LogModuleManager: Shutting down and abandoning module FunctionalTesting (76)
[2016.02.26-23.02.11:926][407]LogModuleManager: Shutting down and abandoning module CollisionAnalyzer (75)
[2016.02.26-23.02.11:927][407]LogModuleManager: Shutting down and abandoning module WorkspaceMenuStructure (74)
[2016.02.26-23.02.11:927][407]LogModuleManager: Shutting down and abandoning module MessageLog (73)
[2016.02.26-23.02.11:927][407]LogModuleManager: Shutting down and abandoning module Sequencer (72)
[2016.02.26-23.02.11:927][407]LogModuleManager: Shutting down and abandoning module AssetTools (71)
[2016.02.26-23.02.11:927][407]LogModuleManager: Shutting down and abandoning module UMGEditor (70)
[2016.02.26-23.02.11:927][407]LogModuleManager: Shutting down and abandoning module UMG (69)
[2016.02.26-23.02.11:927][407]LogModuleManager: Shutting down and abandoning module Slate (68)
[2016.02.26-23.02.11:927][407]LogModuleManager: Shutting down and abandoning module EditorStyle (67)
[2016.02.26-23.02.11:928][407]LogModuleManager: Shutting down and abandoning module SessionServices (66)
[2016.02.26-23.02.11:928][407]LogModuleManager: Shutting down and abandoning module SourceCodeAccess (65)
[2016.02.26-23.02.11:928][407]LogModuleManager: Shutting down and abandoning module HeadMountedDisplay (64)
[2016.02.26-23.02.11:928][407]LogModuleManager: Shutting down and abandoning module XAudio2 (63)
[2016.02.26-23.02.11:928][407]LogModuleManager: Shutting down and abandoning module Networking (61)
[2016.02.26-23.02.11:928][407]LogModuleManager: Shutting down and abandoning module Core (60)
[2016.02.26-23.02.11:928][407]LogModuleManager: Shutting down and abandoning module KismetCompiler (59)
[2016.02.26-23.02.11:928][407]LogModuleManager: Shutting down and abandoning module PhysXFormats (58)
[2016.02.26-23.02.11:928][407]LogModuleManager: Shutting down and abandoning module MeshUtilities (57)
[2016.02.26-23.02.11:928][407]LogModuleManager: Shutting down and abandoning module DerivedDataCache (56)
[2016.02.26-23.02.12:185][407]LogDerivedDataCache: Shutdown
[2016.02.26-23.02.12:185][407]LogModuleManager: Shutting down and abandoning module ShaderFormatOpenGL (55)
[2016.02.26-23.02.12:185][407]LogModuleManager: Shutting down and abandoning module ShaderFormatD3D (54)
[2016.02.26-23.02.12:185][407]LogModuleManager: Shutting down and abandoning module MetalShaderFormat (53)
[2016.02.26-23.02.12:185][407]LogModuleManager: Shutting down and abandoning module TextureFormatUncompressed (52)
[2016.02.26-23.02.12:185][407]LogModuleManager: Shutting down and abandoning module TextureFormatPVR (51)
[2016.02.26-23.02.12:185][407]LogModuleManager: Shutting down and abandoning module TextureFormatIntelISPCTexComp (50)
[2016.02.26-23.02.12:185][407]LogModuleManager: Shutting down and abandoning module TextureFormatDXT (49)
[2016.02.26-23.02.12:185][407]LogModuleManager: Shutting down and abandoning module ImageWrapper (48)
[2016.02.26-23.02.12:185][407]LogModuleManager: Shutting down and abandoning module TextureFormatASTC (47)
[2016.02.26-23.02.12:185][407]LogModuleManager: Shutting down and abandoning module TextureFormatAndroid (46)
[2016.02.26-23.02.12:185][407]LogModuleManager: Shutting down and abandoning module AudioFormatOpus (45)
[2016.02.26-23.02.12:185][407]LogModuleManager: Shutting down and abandoning module AudioFormatOgg (44)
[2016.02.26-23.02.12:185][407]LogModuleManager: Shutting down and abandoning module AudioFormatADPCM (43)
[2016.02.26-23.02.12:185][407]LogModuleManager: Shutting down and abandoning module LinuxTargetPlatform (42)
[2016.02.26-23.02.12:185][407]LogModuleManager: Shutting down and abandoning module LinuxServerTargetPlatform (41)
[2016.02.26-23.02.12:185][407]LogModuleManager: Shutting down and abandoning module LinuxNoEditorTargetPlatform (40)
[2016.02.26-23.02.12:185][407]LogModuleManager: Shutting down and abandoning module Messaging (39)
[2016.02.26-23.02.12:185][407]LogModuleManager: Shutting down and abandoning module IOSTargetPlatform (38)
[2016.02.26-23.02.12:185][407]LogModuleManager: Shutting down and abandoning module HTML5TargetPlatform (37)
[2016.02.26-23.02.12:185][407]LogModuleManager: Shutting down and abandoning module Android_PVRTCTargetPlatform (36)
[2016.02.26-23.02.12:185][407]LogModuleManager: Shutting down and abandoning module Android_MultiTargetPlatform (35)
[2016.02.26-23.02.12:185][407]LogModuleManager: Shutting down and abandoning module Android_ETC2TargetPlatform (34)
[2016.02.26-23.02.12:186][407]LogModuleManager: Shutting down and abandoning module Android_ETC1TargetPlatform (33)
[2016.02.26-23.02.12:186][407]LogModuleManager: Shutting down and abandoning module Android_DXTTargetPlatform (32)
[2016.02.26-23.02.12:186][407]LogModuleManager: Shutting down and abandoning module Android_ATCTargetPlatform (31)
[2016.02.26-23.02.12:186][407]LogModuleManager: Shutting down and abandoning module Android_ASTCTargetPlatform (30)
[2016.02.26-23.02.12:186][407]LogModuleManager: Shutting down and abandoning module AndroidTargetPlatform (29)
[2016.02.26-23.02.12:186][407]LogModuleManager: Shutting down and abandoning module WindowsTargetPlatform (28)
[2016.02.26-23.02.12:186][407]LogModuleManager: Shutting down and abandoning module WindowsServerTargetPlatform (27)
[2016.02.26-23.02.12:186][407]LogModuleManager: Shutting down and abandoning module WindowsNoEditorTargetPlatform (26)
[2016.02.26-23.02.12:186][407]LogModuleManager: Shutting down and abandoning module WindowsClientTargetPlatform (25)
[2016.02.26-23.02.12:186][407]LogModuleManager: Shutting down and abandoning module AllDesktopTargetPlatform (24)
[2016.02.26-23.02.12:186][407]LogModuleManager: Shutting down and abandoning module TargetPlatform (23)
[2016.02.26-23.02.12:186][407]LogModuleManager: Shutting down and abandoning module InputCore (22)
[2016.02.26-23.02.12:186][407]LogModuleManager: Shutting down and abandoning module Settings (21)
[2016.02.26-23.02.12:186][407]LogModuleManager: Shutting down and abandoning module OnlineSubsystem (19)
[2016.02.26-23.02.12:186][407]LogModuleManager: Shutting down and abandoning module HTTP (18)
[2016.02.26-23.02.14:188][407]LogModuleManager: Shutting down and abandoning module XMPP (17)
[2016.02.26-23.02.14:188][407]LogModuleManager: Shutting down and abandoning module OculusRift (16)
[2016.02.26-23.02.14:188][407]LogModuleManager: Shutting down and abandoning module ExampleDeviceProfileSelector (15)
[2016.02.26-23.02.14:188][407]LogModuleManager: Shutting down and abandoning module TextureCompressor (14)
[2016.02.26-23.02.14:188][407]LogModuleManager: Shutting down and abandoning module ShaderCore (13)
[2016.02.26-23.02.14:188][407]LogModuleManager: Shutting down and abandoning module Landscape (12)
[2016.02.26-23.02.14:188][407]LogModuleManager: Shutting down and abandoning module SlateRHIRenderer (11)
[2016.02.26-23.02.14:188][407]LogModuleManager: Shutting down and abandoning module OpenGLDrv (10)
[2016.02.26-23.02.14:188][407]LogModuleManager: Shutting down and abandoning module D3D11RHI (9)
[2016.02.26-23.02.14:188][407]LogModuleManager: Shutting down and abandoning module AnimGraphRuntime (8)
[2016.02.26-23.02.14:188][407]LogModuleManager: Shutting down and abandoning module Renderer (7)
[2016.02.26-23.02.14:188][407]LogModuleManager: Shutting down and abandoning module Engine (6)
[2016.02.26-23.02.14:188][407]LogModuleManager: Shutting down and abandoning module CoreUObject (5)
[2016.02.26-23.02.14:188][407]LogModuleManager: Shutting down and abandoning module NetworkFile (4)
[2016.02.26-23.02.14:188][407]LogModuleManager: Shutting down and abandoning module StreamingFile (3)
[2016.02.26-23.02.14:188][407]LogModuleManager: Shutting down and abandoning module SandboxFile (2)
[2016.02.26-23.02.14:188][407]LogModuleManager: Shutting down and abandoning module PakFile (1)
[2016.02.26-23.02.14:190][407]LogExit: Exiting.
[2016.02.26-23.02.14:191][407]Log file closed, 02/26/16 23:02:14
