[2016.02.22-22.06.48:803][  0]Log file open, 02/22/16 22:06:48
[2016.02.22-22.06.48:803][  0]LogInit:Display: Running engine for game: Anthrocratos_UE4
[2016.02.22-22.06.48:803][  0]LogPlatformFile: Not using cached read wrapper
[2016.02.22-22.06.48:803][  0]LogInit:Display: RandInit(1051894721) SRandInit(1051894727).
[2016.02.22-22.06.48:803][  0]LogTaskGraph: Started task graph with 4 named threads and 7 total threads.
[2016.02.22-22.06.48:803][  0]LogStats: Stats thread started at 4.622674
[2016.02.22-22.06.48:803][  0]LogInit: Version: 4.10.2-2818068+++depot+UE4-Releases+4.10
[2016.02.22-22.06.48:803][  0]LogInit: API Version: 2758231
[2016.02.22-22.06.48:803][  0]LogInit: Compiled (64-bit): Jan  6 2016 17:36:42
[2016.02.22-22.06.48:803][  0]LogInit: Compiled with Visual C++: 19.00.23026.00
[2016.02.22-22.06.48:803][  0]LogInit: Build Configuration: Development
[2016.02.22-22.06.48:803][  0]LogInit: Branch Name: ++depot+UE4-Releases+4.10
[2016.02.22-22.06.48:803][  0]LogInit: Command line:  
[2016.02.22-22.06.48:803][  0]LogInit: Base directory: C:/Program Files (x86)/Epic Games/4.10/Engine/Binaries/Win64/
[2016.02.22-22.06.48:803][  0]LogInit: Rocket: 1
[2016.02.22-22.06.50:353][  0]LogInit: Using libcurl 7.41.0
[2016.02.22-22.06.50:353][  0]LogInit:  - built for x86_64-pc-win32
[2016.02.22-22.06.50:353][  0]LogInit:  - supports SSL with WinSSL
[2016.02.22-22.06.50:353][  0]LogInit:  - other features:
[2016.02.22-22.06.50:353][  0]LogInit:      CURL_VERSION_SSL
[2016.02.22-22.06.50:353][  0]LogInit:      CURL_VERSION_IPV6
[2016.02.22-22.06.50:353][  0]LogInit:      CURL_VERSION_ASYNCHDNS
[2016.02.22-22.06.50:353][  0]LogInit:      CURL_VERSION_LARGEFILE
[2016.02.22-22.06.50:353][  0]LogInit:      CURL_VERSION_IDN
[2016.02.22-22.06.50:356][  0]LogInit:  CurlRequestOptions (configurable via config and command line):
[2016.02.22-22.06.50:356][  0]LogInit:  - bVerifyPeer = true  - Libcurl will verify peer certificate
[2016.02.22-22.06.50:356][  0]LogInit:  - bUseHttpProxy = false  - Libcurl will NOT use HTTP proxy
[2016.02.22-22.06.50:356][  0]LogInit:  - bDontReuseConnections = false  - Libcurl will reuse connections
[2016.02.22-22.06.50:356][  0]LogInit:  - CertBundlePath = nullptr  - Libcurl will use whatever was configured at build time.
[2016.02.22-22.06.53:018][  0]LogInit: Presizing for 0 objects not considered by GC, pre-allocating 0 bytes.
[2016.02.22-22.06.54:195][  0]LogInit: Object subsystem initialized
[2016.02.22-22.06.54:627][  0]LogInit: Selected Device Profile: [Windows]
[2016.02.22-22.06.54:636][  0]LogInit: Applying CVar settings loaded from the selected device profile: [Windows]
[2016.02.22-22.06.54:842][  0]LogInit: Computer: CUBE-11959
[2016.02.22-22.06.54:842][  0]LogInit: User: user
[2016.02.22-22.06.54:842][  0]LogInit: CPU Page size=4096, Cores=4
[2016.02.22-22.06.54:842][  0]LogInit: High frequency timer resolution =2.435778 MHz
[2016.02.22-22.06.54:849][  0]LogMemory: Memory total: Physical=7.9GB (8GB approx)
[2016.02.22-22.06.54:854][  0]LogMemory: Platform Memory Stats for Windows
[2016.02.22-22.06.54:854][  0]LogMemory: Process Physical Memory: 56.32 MB used, 56.32 MB peak
[2016.02.22-22.06.54:854][  0]LogMemory: Process Virtual Memory: 56.86 MB used, 56.86 MB peak
[2016.02.22-22.06.54:854][  0]LogMemory: Physical Memory: 4793.86 MB used, 8076.43 MB total
[2016.02.22-22.06.54:854][  0]LogMemory: Virtual Memory: 378.95 MB used, 134217728.00 MB total
[2016.02.22-22.06.56:304][  0]LogTextLocalizationManager: No specific translations for ('en-GB') exist, so ('en') translations will be used.
[2016.02.22-22.06.58:346][  0]LogD3D11RHI: Found D3D11 adapter 0: NVIDIA GeForce GTX 850M  (Feature Level 11_0)
[2016.02.22-22.06.58:346][  0]LogD3D11RHI: Adapter has 1995MB of dedicated video memory, 0MB of dedicated system memory, and 4038MB of shared system memory, 1 output[s]
[2016.02.22-22.06.58:396][  0]LogD3D11RHI: Found D3D11 adapter 1: Intel(R) HD Graphics 4600 (Feature Level 11_0)
[2016.02.22-22.06.58:396][  0]LogD3D11RHI: Adapter has 112MB of dedicated video memory, 0MB of dedicated system memory, and 4038MB of shared system memory, 0 output[s]
[2016.02.22-22.06.58:398][  0]LogD3D11RHI: Found D3D11 adapter 2: Microsoft Basic Render Driver (Feature Level 11_0)
[2016.02.22-22.06.58:398][  0]LogD3D11RHI: Adapter has 0MB of dedicated video memory, 0MB of dedicated system memory, and 4038MB of shared system memory, 0 output[s]
[2016.02.22-22.06.58:398][  0]LogD3D11RHI: Chosen D3D11 Adapter Id = 0
[2016.02.22-22.06.58:417][  0]LogD3D11RHI: !Direct3DDevice
[2016.02.22-22.06.58:419][  0]LogRHI: Texture pool is 1361 MB (70% of 1945 MB)
[2016.02.22-22.06.58:435][  0]LogD3D11RHI: Async texture creation enabled
[2016.02.22-22.06.59:809][  0]LogShaderCompilers: Guid format shader working directory is -30 characters bigger than the processId version (../../../../../../Users/user/Game Development/Anthrocratos/Anthrocratos_UE4/Intermediate/Shaders/WorkingDirectory/9996/).
[2016.02.22-22.06.59:809][  0]LogShaderCompilers: Cleaned the shader compiler working directory 'C:/Users/user/AppData/Local/Temp/UnrealShaderWorkingDir/9D8AC45F4FDA39E3AF85B4B50648D085/'.
[2016.02.22-22.06.59:827][  0]LogShaderCompilers:Display: Using Local Shader Compiler.
[2016.02.22-22.07.05:996][  0]LogTemp:Display: Loaded TP AllDesktopTargetPlatform
[2016.02.22-22.07.06:002][  0]LogTemp:Display: Loaded TP WindowsClientTargetPlatform
[2016.02.22-22.07.06:007][  0]LogTemp:Display: Loaded TP WindowsNoEditorTargetPlatform
[2016.02.22-22.07.06:011][  0]LogTemp:Display: Loaded TP WindowsServerTargetPlatform
[2016.02.22-22.07.06:028][  0]LogTemp:Display: Loaded TP WindowsTargetPlatform
[2016.02.22-22.07.06:050][  0]LogTemp:Display: Loaded TP AndroidTargetPlatform
[2016.02.22-22.07.06:063][  0]LogTemp:Display: Loaded TP Android_ASTCTargetPlatform
[2016.02.22-22.07.06:074][  0]LogTemp:Display: Loaded TP Android_ATCTargetPlatform
[2016.02.22-22.07.06:084][  0]LogTemp:Display: Loaded TP Android_DXTTargetPlatform
[2016.02.22-22.07.06:091][  0]LogTemp:Display: Loaded TP Android_ETC1TargetPlatform
[2016.02.22-22.07.06:098][  0]LogTemp:Display: Loaded TP Android_ETC2TargetPlatform
[2016.02.22-22.07.06:116][  0]LogTemp:Display: Loaded TP Android_MultiTargetPlatform
[2016.02.22-22.07.06:116][  0]LogTemp:Display: Loaded TP Android_PVRTCTargetPlatform
[2016.02.22-22.07.06:117][  0]LogTemp:Display: Loaded TP HTML5TargetPlatform
[2016.02.22-22.07.06:232][  0]LogTemp:Display: Loaded TP IOSTargetPlatform
[2016.02.22-22.07.06:248][  0]LogTemp:Display: Loaded TP LinuxNoEditorTargetPlatform
[2016.02.22-22.07.06:263][  0]LogTemp:Display: Loaded TP LinuxServerTargetPlatform
[2016.02.22-22.07.06:282][  0]LogTemp:Display: Loaded TP LinuxTargetPlatform
[2016.02.22-22.07.06:282][  0]LogTargetPlatformManager:Display: Building Assets For Windows
[2016.02.22-22.07.07:157][  0]LogDerivedDataCache:Display: Max Cache Size: 512 MB
[2016.02.22-22.07.07:659][  0]LogDerivedDataCache: Loaded boot cache 0.49s 41MB C:/Users/user/AppData/Local/UnrealEngine/4.10/DerivedDataCache/Boot.ddc.
[2016.02.22-22.07.07:659][  0]LogDerivedDataCache:Display: Loaded Boot cache: C:/Users/user/AppData/Local/UnrealEngine/4.10/DerivedDataCache/Boot.ddc
[2016.02.22-22.07.07:659][  0]LogDerivedDataCache: FDerivedDataBackendGraph:  Pak pak cache file ../../../../../../Users/user/Game Development/Anthrocratos/Anthrocratos_UE4/DerivedDataCache/DDC.ddp not found, will not use a pak cache.
[2016.02.22-22.07.07:659][  0]LogDerivedDataCache: Unable to find inner node Pak for hierarchical cache Hierarchy.
[2016.02.22-22.07.07:659][  0]LogDerivedDataCache: FDerivedDataBackendGraph:  CompressedPak pak cache file ../../../../../../Users/user/Game Development/Anthrocratos/Anthrocratos_UE4/DerivedDataCache/Compressed.ddp not found, will not use a pak cache.
[2016.02.22-22.07.07:659][  0]LogDerivedDataCache: Unable to find inner node CompressedPak for hierarchical cache Hierarchy.
[2016.02.22-22.07.07:804][  0]LogDerivedDataCache:Display: Pak cache opened for reading ../../../Engine/DerivedDataCache/Compressed.ddp.
[2016.02.22-22.07.07:857][  0]LogDerivedDataCache: Using Local data cache path C:/Users/user/AppData/Local/UnrealEngine/Common/DerivedDataCache: Writable
[2016.02.22-22.07.19:084][  0]LogInit: Selected Device Profile: [Windows]
[2016.02.22-22.07.19:250][  0]LogContentStreaming: Texture pool size is 0.000000MB
[2016.02.22-22.07.20:841][  0]LogMeshUtilities: No automatic mesh reduction module available
[2016.02.22-22.07.20:841][  0]LogMeshUtilities: No automatic mesh merging module available
[2016.02.22-22.07.26:717][  0]LogInit: WinSock: version 1.1 (2.2), MaxSocks=32767, MaxUdp=65467
[2016.02.22-22.07.50:681][  0]UdpMessaging: Initializing bridge on interface 0.0.0.0:0 to multicast group 230.0.0.1:6666.
[2016.02.22-22.07.51:426][  0]LogAssetRegistry: FAssetRegistry took 0.0133 seconds to start up
[2016.02.22-22.07.55:186][  0]SourceControl: Info Source control is disabled
[2016.02.22-22.07.56:120][  0]SourceControl: Info Source control is disabled
[2016.02.22-22.07.56:290][  0]SourceControl: Info Source control is disabled
[2016.02.22-22.07.56:422][  0]SourceControl: Info Source control is disabled
[2016.02.22-22.07.59:326][  0]LogObj: 28637 objects as part of root set at end of initial load.
[2016.02.22-22.07.59:326][  0]LogUObjectAllocator: 6101776 out of 0 bytes used by permanent object pool.
[2016.02.22-22.08.01:220][  0]LogEngine: Initializing Engine...
[2016.02.22-22.08.01:295][  0]LogHMD: Can't find Oculus library dev build: is proper Runtime installed? Version: 0.8.0.0
[2016.02.22-22.08.01:429][  0]LogHMD: SteamVR failed to initialize.  Err: 110
[2016.02.22-22.08.04:268][  0]LogAIModule: Creating AISystem for world NewWorld
[2016.02.22-22.08.05:179][  0]LogInit: XAudio2 using 'Speakers (Jabra REVO v4.0.0)' : 2 channels at 48 kHz using 16 bits per sample (channel mask 0x3)
[2016.02.22-22.08.05:226][  0]LogInit: FAudioDevice initialized.
[2016.02.22-22.08.05:283][  0]LogDerivedDataCache: Saved boot cache 0.06s 41MB C:/Users/user/AppData/Local/UnrealEngine/4.10/DerivedDataCache/Boot.ddc.
[2016.02.22-22.08.05:289][  0]LogInit: Texture streaming: Enabled
[2016.02.22-22.08.05:761][  0]LogAnalytics: Creating configured Analytics provider AnalyticsET
[2016.02.22-22.08.05:764][  0]LogAnalytics: [UEEditor.Rocket.Release] APIServer = http://et2.epicgames.com/ET2/. AppVersion = 4.10.2-2818068+++depot+UE4-Releases+4.10
[2016.02.22-22.08.05:765][  0]LogAnalytics: [UEEditor.Rocket.Release] SetUserId 2066524940ef926c0d39eaab01bb3fef|ab08d7ce0f414bdba0971ea2fb4514a5|983d4c96-a536-4e9e-82d9-7415bf2a8174
[2016.02.22-22.08.05:885][  0]LogAnalytics: [UEEditor.Rocket.Release] AnalyticsET::StartSession
[2016.02.22-22.08.06:805][  0]LogInit: Transaction tracking system initialized
[2016.02.22-22.08.07:594][  0]BlueprintLog: New page: Editor Load
[2016.02.22-22.08.11:200][  0]LocalizationService: Info Localization service is disabled
[2016.02.22-22.08.14:458][  0]LogConsoleResponse:Display: 
[2016.02.22-22.08.17:125][  0]LogCook:Display: Done creating registry. It took  0.00s.
[2016.02.22-22.08.18:789][  0]LogFileCache: Scanning file cache for directory 'C:/Users/user/Game Development/Anthrocratos/Anthrocratos_UE4/Content/' took 0.16s
[2016.02.22-22.08.19:276][  0]SourceControl: Info Source control is disabled
[2016.02.22-22.08.19:395][  0]Cmd: MAP LOAD FILE="../../../../../../Users/user/Game Development/Anthrocratos/Anthrocratos_UE4/Content/Levels/Kieran-Test.umap" TEMPLATE=0 SHOWPROGRESS=1 FEATURELEVEL=3
[2016.02.22-22.08.19:606][  0]LightingResults: New page: Lighting Build
[2016.02.22-22.08.20:187][  0]MapCheck: New page: Map Check
[2016.02.22-22.08.20:187][  0]LightingResults: New page: Lighting Build
[2016.02.22-22.08.21:455][  0]LogParticles: Destroying 0 GPU particle simulations for FXSystem 0x00000082A863BB00
[2016.02.22-22.08.24:480][  0]LogLinker:Warning: CreateExport: Failed to load Parent for Function /Game/Blueprints/DesertTile.DesertTile_C:UserConstructionScript; removing parent information, but keeping function
[2016.02.22-22.08.24:520][  0]LogLinker:Warning: CreateExport: Failed to load Parent for Function /Game/Blueprints/FieldTile.FieldTile_C:UserConstructionScript; removing parent information, but keeping function
[2016.02.22-22.08.26:608][  0]LogAIModule: Creating AISystem for world Kieran-Test
[2016.02.22-22.08.27:288][  0]LogEditorServer: Finished looking for orphan Actors (0.000 secs)
[2016.02.22-22.08.27:408][  0]Cmd: MAP CHECKDEP NOCLEARLOG
[2016.02.22-22.08.27:528][  0]MapCheck: Info Map check complete: 0 Error(s), 0 Warning(s), took 119.616ms to complete.
[2016.02.22-22.08.27:538][  0]LogFileHelpers: Loading map 'Kieran-Test' took 8.176
[2016.02.22-22.08.31:585][  0]LogCollectionManager: Loaded 0 collections in 0.002517 seconds
[2016.02.22-22.08.31:932][  0]LogFileCache: Scanning file cache for directory 'C:/Users/user/Game Development/Anthrocratos/Anthrocratos_UE4/Saved/Collections/' took 0.01s
[2016.02.22-22.08.31:932][  0]LogFileCache: Scanning file cache for directory 'C:/Users/user/Game Development/Anthrocratos/Anthrocratos_UE4/Content/Developers/user/Collections/' took 0.01s
[2016.02.22-22.08.31:933][  0]LogFileCache: Scanning file cache for directory 'C:/Users/user/Game Development/Anthrocratos/Anthrocratos_UE4/Content/Collections/' took 0.01s
[2016.02.22-22.08.31:933][  0]LogCollectionManager: Rebuilt the GUID cache for 0 collections in 0.000002 seconds
[2016.02.22-22.08.32:008][  0]LogContentBrowser: Native class hierarchy populated in 0.0717 seconds. Added 1894 classes and 340 folders.
[2016.02.22-22.08.32:414][  0]LogContentBrowser: Native class hierarchy updated for 'WidgetCarousel' in 0.0012 seconds. Added 0 classes and 0 folders.
[2016.02.22-22.08.38:181][  0]LogContentBrowser: Native class hierarchy updated for 'AddContentDialog' in 0.0012 seconds. Added 0 classes and 0 folders.
[2016.02.22-22.08.39:779][  0]LogContentBrowser: Native class hierarchy updated for 'SceneOutliner' in 0.0014 seconds. Added 1 classes and 2 folders.
[2016.02.22-22.08.44:345][  0]LogCrashTracker: Crashtracker disabled due to settings.
[2016.02.22-22.08.46:214][  0]LogUObjectGlobals:Warning: Failed to find object 'Class None.'
[2016.02.22-22.08.46:563][  0]LogLoad: Full Startup: 154.76 seconds (BP compile: 1.37 seconds)
[2016.02.22-22.08.47:147][  0]LogOcInput: Can't find Oculus library dev build: is proper Runtime installed? Version: 0.8.0.0
[2016.02.22-22.08.51:526][  0]LogContentStreaming: Texture pool size now 1000 MB
[2016.02.22-22.08.59:580][  1]LogRenderer: Reallocating scene render targets to support 772x852 (Frame:2).
[2016.02.22-22.09.00:149][  1]LogFileCache: Retrieving MD5 hashes for directory 'C:/Users/user/Game Development/Anthrocratos/Anthrocratos_UE4/Content/' took 12.48s
[2016.02.22-22.09.07:134][  9]LogAssetRegistry: Asset discovery search completed in 75.7193 seconds
[2016.02.22-22.09.07:378][  9]LogCollectionManager: Rebuilt the object cache for 0 collections in 0.000001 seconds (found 0 objects)
[2016.02.22-22.09.07:380][  9]LogCollectionManager: Fixed up redirectors for 0 collections in 0.130719 seconds (updated 0 objects)
[2016.02.22-22.09.09:441][ 10]AssetReimport: New page: Outstanding source content changes 22:09:09
[2016.02.22-22.12.57:098][690]LogRenderer: Reallocating scene render targets to support 900x880 (Frame:15).
[2016.02.22-22.13.04:429][976]LogLinker:Warning: Asset '../../../Engine/Content/ArtTools/RenderToTexture/Macros/RenderToTextureMacros.uasset' has been saved with empty engine version. The asset will be loaded but may be incompatible.
[2016.02.22-22.13.05:621][976]LogContentBrowser: Native class hierarchy updated for 'BlueprintGraph' in 0.0013 seconds. Added 107 classes and 0 folders.
[2016.02.22-22.13.30:153][186]LogRenderer: Reallocating scene render targets to support 976x880 (Frame:1841).
[2016.02.22-22.14.23:168][241]LogVSAccessor:Warning: Couldn't goto line number '1' in 'C:/Program Files (x86)/Epic Games/4.10/Engine/Source/Runtime/Engine/Classes/GameFramework/Actor.h'
[2016.02.22-22.14.38:658][998]LogRenderer: Reallocating scene render targets to support 1144x880 (Frame:3805).
[2016.02.22-22.15.12:316][ 60]LogBlueprint:Warning: Reparenting blueprint Blueprint /Game/Blueprints/TestBuilding.TestBuilding from Actor to HexTileBasic_C...
[2016.02.22-22.15.12:449][ 60]BlueprintLog: New page: Compile TestBuilding
[2016.02.22-22.15.12:450][ 60]LogBlueprint:Warning: USimpleConstructionScript::FixupRootNodeParentReferences() - Couldn't find inherited parent component 'TileMesh' for 'dickbutt' in BlueprintGeneratedClass 'REINST_TestBuilding_C_44' (it may have been removed)
[2016.02.22-22.15.13:074][ 60]BlueprintEditorCompileResults: Info [0541.26] Compile of TestBuilding successful! [in 615 ms]
[2016.02.22-22.15.49:631][328]Cmd: OBJ SAVEPACKAGE PACKAGE="/Game/Blueprints/TestBuilding" FILE="../../../../../../Users/user/Game Development/Anthrocratos/Anthrocratos_UE4/Content/Blueprints/TestBuilding.uasset" SILENT=true
[2016.02.22-22.15.50:242][328]LogSavePackage: Save=157.788605ms
[2016.02.22-22.15.50:242][328]LogSavePackage: Moving '../../../../../../Users/user/Game Development/Anthrocratos/Anthrocratos_UE4/Saved/TestBuilding574C39CB46C0E3B599CDC29023276D16.tmp' to '../../../../../../Users/user/Game Development/Anthrocratos/Anthrocratos_UE4/Content/Blueprints/TestBuilding.uasset'
[2016.02.22-22.15.50:246][328]LogSavePackage: Total save time: 584.055278ms
[2016.02.22-22.15.50:246][328]LogSavePackage:Display: Finished SavePackage ../../../../../../Users/user/Game Development/Anthrocratos/Anthrocratos_UE4/Content/Blueprints/TestBuilding.uasset
[2016.02.22-22.15.54:759][628]LogParticles: Destroying 0 GPU particle simulations for FXSystem 0x000000829719AE80
[2016.02.22-22.15.55:032][628]LogWindowsTextInputMethodSystem:Display: IME system now deactivated.
[2016.02.22-22.15.55:439][629]Cmd: QUIT_EDITOR
[2016.02.22-22.15.55:869][629]LogExit: Preparing to exit.
[2016.02.22-22.15.57:593][629]LogExit: Editor shut down
[2016.02.22-22.15.57:593][629]LogExit: Transaction tracking system shut down
[2016.02.22-22.15.57:629][629]LogParticles: Destroying 0 GPU particle simulations for FXSystem 0x0000008297D04400
[2016.02.22-22.15.57:629][629]LogParticles: Destroying 0 GPU particle simulations for FXSystem 0x00000082B51E77E0
[2016.02.22-22.15.57:629][629]LogParticles: Destroying 0 GPU particle simulations for FXSystem 0x00000082B50F8680
[2016.02.22-22.15.57:630][629]LogParticles: Destroying 0 GPU particle simulations for FXSystem 0x00000082B53CE700
[2016.02.22-22.15.57:633][629]LogParticles: Destroying 0 GPU particle simulations for FXSystem 0x00000082E59EAF20
[2016.02.22-22.15.58:759][629]LogExit: Object subsystem successfully closed.
[2016.02.22-22.15.58:933][629]LogD3D11RHI: Shutdown
[2016.02.22-22.15.58:933][629]LogD3D11RHI: CleanupD3DDevice
[2016.02.22-22.15.59:086][629]LogD3D11RHI: ~FD3D11DynamicRHI
[2016.02.22-22.15.59:700][629]LogModuleManager: Shutting down and abandoning module CookingStats (201)
[2016.02.22-22.15.59:700][629]LogModuleManager: Shutting down and abandoning module BlueprintGraph (200)
[2016.02.22-22.15.59:700][629]LogModuleManager: Shutting down and abandoning module CrashTracker (199)
[2016.02.22-22.15.59:700][629]LogModuleManager: Shutting down and abandoning module SceneOutliner (198)
[2016.02.22-22.15.59:707][629]LogModuleManager: Shutting down and abandoning module SuperSearch (197)
[2016.02.22-22.15.59:707][629]LogModuleManager: Shutting down and abandoning module WidgetCarousel (196)
[2016.02.22-22.15.59:718][629]LogModuleManager: Shutting down and abandoning module AddContentDialog (195)
[2016.02.22-22.15.59:726][629]LogModuleManager: Shutting down and abandoning module EditorWidgets (194)
[2016.02.22-22.15.59:726][629]LogModuleManager: Shutting down and abandoning module CollectionManager (193)
[2016.02.22-22.15.59:739][629]LogModuleManager: Shutting down and abandoning module StatsViewer (192)
[2016.02.22-22.15.59:751][629]LogModuleManager: Shutting down and abandoning module FoliageEdit (191)
[2016.02.22-22.15.59:762][629]LogModuleManager: Shutting down and abandoning module LandscapeEditor (190)
[2016.02.22-22.15.59:779][629]LogModuleManager: Shutting down and abandoning module ActorPickerMode (189)
[2016.02.22-22.15.59:779][629]LogModuleManager: Shutting down and abandoning module GeometryMode (188)
[2016.02.22-22.15.59:779][629]LogModuleManager: Shutting down and abandoning module TextureAlignMode (187)
[2016.02.22-22.15.59:779][629]LogModuleManager: Shutting down and abandoning module BspMode (186)
[2016.02.22-22.15.59:780][629]LogModuleManager: Shutting down and abandoning module PlacementMode (185)
[2016.02.22-22.15.59:780][629]LogModuleManager: Shutting down and abandoning module AutomationWorker (184)
[2016.02.22-22.15.59:780][629]LogModuleManager: Shutting down and abandoning module CharacterAI (183)
[2016.02.22-22.15.59:780][629]LogModuleManager: Shutting down and abandoning module SmartSnapping (182)
[2016.02.22-22.15.59:780][629]LogModuleManager: Shutting down and abandoning module ViewportSnapping (181)
[2016.02.22-22.15.59:780][629]LogModuleManager: Shutting down and abandoning module LogVisualizer (180)
[2016.02.22-22.15.59:797][629]LogModuleManager: Shutting down and abandoning module GameProjectGeneration (179)
[2016.02.22-22.15.59:810][629]LogModuleManager: Shutting down and abandoning module IntroTutorials (178)
[2016.02.22-22.15.59:834][629]LogModuleManager: Shutting down and abandoning module EditorLiveStreaming (177)
[2016.02.22-22.15.59:834][629]LogModuleManager: Shutting down and abandoning module IOSPlatformEditor (176)
[2016.02.22-22.15.59:841][629]LogModuleManager: Shutting down and abandoning module HTML5PlatformEditor (175)
[2016.02.22-22.15.59:841][629]LogModuleManager: Shutting down and abandoning module AndroidDeviceDetection (174)
[2016.02.22-22.15.59:951][629]LogModuleManager: Shutting down and abandoning module AndroidPlatformEditor (173)
[2016.02.22-22.15.59:951][629]LogModuleManager: Shutting down and abandoning module IOSRuntimeSettings (172)
[2016.02.22-22.15.59:951][629]LogModuleManager: Shutting down and abandoning module AndroidRuntimeSettings (171)
[2016.02.22-22.15.59:951][629]LogModuleManager: Shutting down and abandoning module MergeActors (170)
[2016.02.22-22.15.59:982][629]LogModuleManager: Shutting down and abandoning module SizeMap (169)
[2016.02.22-22.15.59:982][629]LogModuleManager: Shutting down and abandoning module TreeMap (168)
[2016.02.22-22.15.59:991][629]LogModuleManager: Shutting down and abandoning module ReferenceViewer (167)
[2016.02.22-22.15.59:999][629]LogModuleManager: Shutting down and abandoning module LocalizationService (166)
[2016.02.22-22.16.00:010][629]LogModuleManager: Shutting down and abandoning module LocalizationDashboard (165)
[2016.02.22-22.16.00:017][629]LogModuleManager: Shutting down and abandoning module HardwareTargeting (164)
[2016.02.22-22.16.00:028][629]LogModuleManager: Shutting down and abandoning module DeviceProfileEditor (163)
[2016.02.22-22.16.00:043][629]LogModuleManager: Shutting down and abandoning module UndoHistory (162)
[2016.02.22-22.16.00:052][629]LogModuleManager: Shutting down and abandoning module GameplayTagsEditor (161)
[2016.02.22-22.16.00:058][629]LogModuleManager: Shutting down and abandoning module UserFeedback (160)
[2016.02.22-22.16.00:058][629]LogModuleManager: Shutting down and abandoning module XmlParser (159)
[2016.02.22-22.16.00:058][629]LogModuleManager: Shutting down and abandoning module Blutility (158)
[2016.02.22-22.16.00:058][629]LogModuleManager: Shutting down and abandoning module ProjectTargetPlatformEditor (157)
[2016.02.22-22.16.00:068][629]LogModuleManager: Shutting down and abandoning module ProjectSettingsViewer (156)
[2016.02.22-22.16.00:068][629]LogModuleManager: Shutting down and abandoning module InputBindingEditor (155)
[2016.02.22-22.16.00:089][629]LogModuleManager: Shutting down and abandoning module EditorSettingsViewer (154)
[2016.02.22-22.16.00:089][629]LogModuleManager: Shutting down and abandoning module SettingsEditor (153)
[2016.02.22-22.16.00:101][629]LogModuleManager: Shutting down and abandoning module ProjectLauncher (152)
[2016.02.22-22.16.00:120][629]LogModuleManager: Shutting down and abandoning module SessionFrontend (151)
[2016.02.22-22.16.00:127][629]LogModuleManager: Shutting down and abandoning module ProfilerClient (150)
[2016.02.22-22.16.00:136][629]LogModuleManager: Shutting down and abandoning module TargetDeviceServices (149)
[2016.02.22-22.16.00:136][629]LogModuleManager: Shutting down and abandoning module DeviceManager (148)
[2016.02.22-22.16.00:144][629]LogModuleManager: Shutting down and abandoning module AutomationController (147)
[2016.02.22-22.16.00:151][629]LogModuleManager: Shutting down and abandoning module AutomationWindow (146)
[2016.02.22-22.16.00:160][629]LogModuleManager: Shutting down and abandoning module Layers (145)
[2016.02.22-22.16.00:176][629]LogModuleManager: Shutting down and abandoning module ComponentVisualizers (144)
[2016.02.22-22.16.00:176][629]LogModuleManager: Shutting down and abandoning module DetailCustomizations (143)
[2016.02.22-22.16.00:176][629]LogModuleManager: Shutting down and abandoning module PackagesDialog (142)
[2016.02.22-22.16.00:177][629]LogModuleManager: Shutting down and abandoning module Persona (141)
[2016.02.22-22.16.00:220][629]LogModuleManager: Shutting down and abandoning module Kismet (140)
[2016.02.22-22.16.00:221][629]LogModuleManager: Shutting down and abandoning module GraphEditor (139)
[2016.02.22-22.16.00:221][629]LogModuleManager: Shutting down and abandoning module ClassViewer (138)
[2016.02.22-22.16.00:222][629]LogModuleManager: Shutting down and abandoning module Toolbox (137)
[2016.02.22-22.16.00:222][629]LogModuleManager: Shutting down and abandoning module ModuleUI (136)
[2016.02.22-22.16.00:237][629]LogModuleManager: Shutting down and abandoning module MovieSceneTools (135)
[2016.02.22-22.16.00:250][629]LogModuleManager: Shutting down and abandoning module OutputLog (134)
[2016.02.22-22.16.00:250][629]LogModuleManager: Shutting down and abandoning module GammaUI (133)
[2016.02.22-22.16.00:260][629]LogModuleManager: Shutting down and abandoning module Documentation (132)
[2016.02.22-22.16.00:260][629]LogModuleManager: Shutting down and abandoning module GameLiveStreaming (131)
[2016.02.22-22.16.00:262][629]LogModuleManager: Shutting down and abandoning module StreamingPauseRendering (130)
[2016.02.22-22.16.00:262][629]LogModuleManager: Shutting down and abandoning module AnalyticsET (129)
[2016.02.22-22.16.00:262][629]LogModuleManager: Shutting down and abandoning module Analytics (128)
[2016.02.22-22.16.00:262][629]LogModuleManager: Shutting down and abandoning module AITestSuite (127)
[2016.02.22-22.16.00:268][629]LogModuleManager: Shutting down and abandoning module GameplayDebugger (126)
[2016.02.22-22.16.00:277][629]LogModuleManager: Shutting down and abandoning module AIModule (125)
[2016.02.22-22.16.00:286][629]LogModuleManager: Shutting down and abandoning module ProfilerService (124)
[2016.02.22-22.16.00:540][629]LogModuleManager: Shutting down and abandoning module TaskGraph (123)
[2016.02.22-22.16.00:547][629]LogModuleManager: Shutting down and abandoning module SlateRemote (122)
[2016.02.22-22.16.00:548][629]LogModuleManager: Shutting down and abandoning module SteamVRController (121)
[2016.02.22-22.16.00:548][629]LogModuleManager: Shutting down and abandoning module SteamVR (120)
[2016.02.22-22.16.00:548][629]LogModuleManager: Shutting down and abandoning module ProceduralMeshComponent (119)
[2016.02.22-22.16.00:548][629]LogModuleManager: Shutting down and abandoning module OculusLibrary (118)
[2016.02.22-22.16.00:548][629]LogModuleManager: Shutting down and abandoning module OculusInput (117)
[2016.02.22-22.16.00:548][629]LogModuleManager: Shutting down and abandoning module LeapMotionController (116)
[2016.02.22-22.16.00:617][629]LogModuleManager: Shutting down and abandoning module CustomMeshComponent (115)
[2016.02.22-22.16.00:617][629]LogModuleManager: Shutting down and abandoning module CableComponent (114)
[2016.02.22-22.16.00:628][629]LogModuleManager: Shutting down and abandoning module ArchVisCharacter (113)
[2016.02.22-22.16.00:628][629]LogModuleManager: Shutting down and abandoning module MessagingDebugger (112)
[2016.02.22-22.16.00:645][629]LogModuleManager: Shutting down and abandoning module MediaPlayerEditor (111)
[2016.02.22-22.16.00:650][629]LogModuleManager: Shutting down and abandoning module HTML5Networking (110)
[2016.02.22-22.16.00:650][629]LogModuleManager: Shutting down and abandoning module SpeedTreeImporter (109)
[2016.02.22-22.16.00:650][629]LogModuleManager: Shutting down and abandoning module PluginBrowser (108)
[2016.02.22-22.16.00:658][629]LogModuleManager: Shutting down and abandoning module EpicSurvey (107)
[2016.02.22-22.16.00:665][629]LogModuleManager: Shutting down and abandoning module DesktopPlatform (106)
[2016.02.22-22.16.00:671][629]LogModuleManager: Shutting down and abandoning module VisualStudioSourceCodeAccess (105)
[2016.02.22-22.16.00:671][629]LogModuleManager: Shutting down and abandoning module UObjectPlugin (104)
[2016.02.22-22.16.00:671][629]LogModuleManager: Shutting down and abandoning module SubversionSourceControl (103)
[2016.02.22-22.16.00:682][629]LogModuleManager: Shutting down and abandoning module PerforceSourceControl (102)
[2016.02.22-22.16.00:694][629]LogModuleManager: Shutting down and abandoning module SourceControl (101)
[2016.02.22-22.16.00:704][629]LogModuleManager: Shutting down and abandoning module GitSourceControl (100)
[2016.02.22-22.16.00:713][629]LogModuleManager: Shutting down and abandoning module LightPropagationVolumeEditor (99)
[2016.02.22-22.16.00:713][629]LogModuleManager: Shutting down and abandoning module PaperTiledImporter (98)
[2016.02.22-22.16.00:726][629]LogModuleManager: Shutting down and abandoning module PaperSpriteSheetImporter (97)
[2016.02.22-22.16.00:726][629]LogModuleManager: Shutting down and abandoning module MeshPaint (96)
[2016.02.22-22.16.00:726][629]LogModuleManager: Shutting down and abandoning module SlateReflector (95)
[2016.02.22-22.16.00:736][629]LogModuleManager: Shutting down and abandoning module HotReload (94)
[2016.02.22-22.16.00:742][629]LogModuleManager: Shutting down and abandoning module MainFrame (93)
[2016.02.22-22.16.00:742][629]LogModuleManager: Shutting down and abandoning module LevelEditor (92)
[2016.02.22-22.16.00:752][629]LogModuleManager: Shutting down and abandoning module DirectoryWatcher (91)
[2016.02.22-22.16.00:752][629]LogModuleManager: Shutting down and abandoning module AssetRegistry (90)
[2016.02.22-22.16.00:877][629]LogModuleManager: Shutting down and abandoning module ContentBrowser (89)
[2016.02.22-22.16.00:879][629]LogModuleManager: Shutting down and abandoning module Paper2DEditor (88)
[2016.02.22-22.16.00:893][629]LogModuleManager: Shutting down and abandoning module Anthrocratos_UE4 (87)
[2016.02.22-22.16.00:893][629]LogModuleManager: Shutting down and abandoning module UdpMessaging (86)
[2016.02.22-22.16.00:995][629]LogModuleManager: Shutting down and abandoning module LightPropagationVolumeRuntime (85)
[2016.02.22-22.16.00:995][629]LogModuleManager: Shutting down and abandoning module Paper2D (84)
[2016.02.22-22.16.01:006][629]LogModuleManager: Shutting down and abandoning module WindowsMoviePlayer (83)
[2016.02.22-22.16.01:010][629]LogModuleManager: Shutting down and abandoning module Media (82)
[2016.02.22-22.16.01:010][629]LogModuleManager: Shutting down and abandoning module WmfMedia (81)
[2016.02.22-22.16.01:048][629]LogModuleManager: Shutting down and abandoning module OnlineBlueprintSupport (80)
[2016.02.22-22.16.01:048][629]LogModuleManager: Shutting down and abandoning module GameplayTasksEditor (79)
[2016.02.22-22.16.01:048][629]LogModuleManager: Shutting down and abandoning module PropertyEditor (78)
[2016.02.22-22.16.01:048][629]LogModuleManager: Shutting down and abandoning module BehaviorTreeEditor (77)
[2016.02.22-22.16.01:078][629]LogModuleManager: Shutting down and abandoning module FunctionalTesting (76)
[2016.02.22-22.16.01:078][629]LogModuleManager: Shutting down and abandoning module CollisionAnalyzer (75)
[2016.02.22-22.16.01:089][629]LogModuleManager: Shutting down and abandoning module WorkspaceMenuStructure (74)
[2016.02.22-22.16.01:089][629]LogModuleManager: Shutting down and abandoning module MessageLog (73)
[2016.02.22-22.16.01:089][629]LogModuleManager: Shutting down and abandoning module Sequencer (72)
[2016.02.22-22.16.01:116][629]LogModuleManager: Shutting down and abandoning module AssetTools (71)
[2016.02.22-22.16.01:144][629]LogModuleManager: Shutting down and abandoning module UMGEditor (70)
[2016.02.22-22.16.01:163][629]LogModuleManager: Shutting down and abandoning module UMG (69)
[2016.02.22-22.16.01:177][629]LogModuleManager: Shutting down and abandoning module Slate (68)
[2016.02.22-22.16.01:177][629]LogModuleManager: Shutting down and abandoning module EditorStyle (67)
[2016.02.22-22.16.01:180][629]LogModuleManager: Shutting down and abandoning module SessionServices (66)
[2016.02.22-22.16.01:180][629]LogModuleManager: Shutting down and abandoning module SourceCodeAccess (65)
[2016.02.22-22.16.01:180][629]LogModuleManager: Shutting down and abandoning module HeadMountedDisplay (64)
[2016.02.22-22.16.01:180][629]LogModuleManager: Shutting down and abandoning module XAudio2 (63)
[2016.02.22-22.16.01:180][629]LogModuleManager: Shutting down and abandoning module Networking (61)
[2016.02.22-22.16.01:180][629]LogModuleManager: Shutting down and abandoning module Core (60)
[2016.02.22-22.16.01:180][629]LogModuleManager: Shutting down and abandoning module KismetCompiler (59)
[2016.02.22-22.16.01:180][629]LogModuleManager: Shutting down and abandoning module PhysXFormats (58)
[2016.02.22-22.16.01:180][629]LogModuleManager: Shutting down and abandoning module MeshUtilities (57)
[2016.02.22-22.16.01:255][629]LogModuleManager: Shutting down and abandoning module DerivedDataCache (56)
[2016.02.22-22.16.01:286][629]LogDerivedDataCache: Shutdown
[2016.02.22-22.16.01:286][629]LogModuleManager: Shutting down and abandoning module ShaderFormatOpenGL (55)
[2016.02.22-22.16.01:297][629]LogModuleManager: Shutting down and abandoning module ShaderFormatD3D (54)
[2016.02.22-22.16.01:297][629]LogModuleManager: Shutting down and abandoning module MetalShaderFormat (53)
[2016.02.22-22.16.01:319][629]LogModuleManager: Shutting down and abandoning module TextureFormatUncompressed (52)
[2016.02.22-22.16.01:319][629]LogModuleManager: Shutting down and abandoning module TextureFormatPVR (51)
[2016.02.22-22.16.01:319][629]LogModuleManager: Shutting down and abandoning module TextureFormatIntelISPCTexComp (50)
[2016.02.22-22.16.01:319][629]LogModuleManager: Shutting down and abandoning module TextureFormatDXT (49)
[2016.02.22-22.16.01:319][629]LogModuleManager: Shutting down and abandoning module ImageWrapper (48)
[2016.02.22-22.16.01:319][629]LogModuleManager: Shutting down and abandoning module TextureFormatASTC (47)
[2016.02.22-22.16.01:319][629]LogModuleManager: Shutting down and abandoning module TextureFormatAndroid (46)
[2016.02.22-22.16.01:319][629]LogModuleManager: Shutting down and abandoning module AudioFormatOpus (45)
[2016.02.22-22.16.01:329][629]LogModuleManager: Shutting down and abandoning module AudioFormatOgg (44)
[2016.02.22-22.16.01:329][629]LogModuleManager: Shutting down and abandoning module AudioFormatADPCM (43)
[2016.02.22-22.16.01:329][629]LogModuleManager: Shutting down and abandoning module LinuxTargetPlatform (42)
[2016.02.22-22.16.01:329][629]LogModuleManager: Shutting down and abandoning module LinuxServerTargetPlatform (41)
[2016.02.22-22.16.01:329][629]LogModuleManager: Shutting down and abandoning module LinuxNoEditorTargetPlatform (40)
[2016.02.22-22.16.01:329][629]LogModuleManager: Shutting down and abandoning module Messaging (39)
[2016.02.22-22.16.01:329][629]LogModuleManager: Shutting down and abandoning module IOSTargetPlatform (38)
[2016.02.22-22.16.01:329][629]LogModuleManager: Shutting down and abandoning module HTML5TargetPlatform (37)
[2016.02.22-22.16.01:329][629]LogModuleManager: Shutting down and abandoning module Android_PVRTCTargetPlatform (36)
[2016.02.22-22.16.01:329][629]LogModuleManager: Shutting down and abandoning module Android_MultiTargetPlatform (35)
[2016.02.22-22.16.01:329][629]LogModuleManager: Shutting down and abandoning module Android_ETC2TargetPlatform (34)
[2016.02.22-22.16.01:329][629]LogModuleManager: Shutting down and abandoning module Android_ETC1TargetPlatform (33)
[2016.02.22-22.16.01:329][629]LogModuleManager: Shutting down and abandoning module Android_DXTTargetPlatform (32)
[2016.02.22-22.16.01:329][629]LogModuleManager: Shutting down and abandoning module Android_ATCTargetPlatform (31)
[2016.02.22-22.16.01:329][629]LogModuleManager: Shutting down and abandoning module Android_ASTCTargetPlatform (30)
[2016.02.22-22.16.01:329][629]LogModuleManager: Shutting down and abandoning module AndroidTargetPlatform (29)
[2016.02.22-22.16.01:329][629]LogModuleManager: Shutting down and abandoning module WindowsTargetPlatform (28)
[2016.02.22-22.16.01:329][629]LogModuleManager: Shutting down and abandoning module WindowsServerTargetPlatform (27)
[2016.02.22-22.16.01:329][629]LogModuleManager: Shutting down and abandoning module WindowsNoEditorTargetPlatform (26)
[2016.02.22-22.16.01:329][629]LogModuleManager: Shutting down and abandoning module WindowsClientTargetPlatform (25)
[2016.02.22-22.16.01:330][629]LogModuleManager: Shutting down and abandoning module AllDesktopTargetPlatform (24)
[2016.02.22-22.16.01:330][629]LogModuleManager: Shutting down and abandoning module TargetPlatform (23)
[2016.02.22-22.16.01:330][629]LogModuleManager: Shutting down and abandoning module InputCore (22)
[2016.02.22-22.16.01:330][629]LogModuleManager: Shutting down and abandoning module Settings (21)
[2016.02.22-22.16.01:330][629]LogModuleManager: Shutting down and abandoning module OnlineSubsystem (19)
[2016.02.22-22.16.01:330][629]LogModuleManager: Shutting down and abandoning module HTTP (18)
[2016.02.22-22.16.03:334][629]LogModuleManager: Shutting down and abandoning module XMPP (17)
[2016.02.22-22.16.03:350][629]LogModuleManager: Shutting down and abandoning module OculusRift (16)
[2016.02.22-22.16.03:362][629]LogModuleManager: Shutting down and abandoning module ExampleDeviceProfileSelector (15)
[2016.02.22-22.16.03:362][629]LogModuleManager: Shutting down and abandoning module TextureCompressor (14)
[2016.02.22-22.16.03:372][629]LogModuleManager: Shutting down and abandoning module ShaderCore (13)
[2016.02.22-22.16.03:372][629]LogModuleManager: Shutting down and abandoning module Landscape (12)
[2016.02.22-22.16.03:372][629]LogModuleManager: Shutting down and abandoning module SlateRHIRenderer (11)
[2016.02.22-22.16.03:381][629]LogModuleManager: Shutting down and abandoning module OpenGLDrv (10)
[2016.02.22-22.16.03:386][629]LogModuleManager: Shutting down and abandoning module D3D11RHI (9)
[2016.02.22-22.16.03:386][629]LogModuleManager: Shutting down and abandoning module AnimGraphRuntime (8)
[2016.02.22-22.16.03:386][629]LogModuleManager: Shutting down and abandoning module Renderer (7)
[2016.02.22-22.16.03:386][629]LogModuleManager: Shutting down and abandoning module Engine (6)
[2016.02.22-22.16.03:386][629]LogModuleManager: Shutting down and abandoning module CoreUObject (5)
[2016.02.22-22.16.03:386][629]LogModuleManager: Shutting down and abandoning module NetworkFile (4)
[2016.02.22-22.16.03:397][629]LogModuleManager: Shutting down and abandoning module StreamingFile (3)
[2016.02.22-22.16.03:397][629]LogModuleManager: Shutting down and abandoning module SandboxFile (2)
[2016.02.22-22.16.03:409][629]LogModuleManager: Shutting down and abandoning module PakFile (1)
[2016.02.22-22.16.03:417][629]LogExit: Exiting.
[2016.02.22-22.16.03:418][629]Log file closed, 02/22/16 22:16:03
