[2016.03.10-17.11.26:921][  0]Log file open, 03/10/16 17:11:26
[2016.03.10-17.11.26:921][  0]LogInit:Display: Running engine for game: Anthrocratos_UE4
[2016.03.10-17.11.26:921][  0]LogPlatformFile: Not using cached read wrapper
[2016.03.10-17.11.26:921][  0]LogInit:Display: RandInit(-1643235886) SRandInit(-1643235884).
[2016.03.10-17.11.26:921][  0]LogTaskGraph: Started task graph with 4 named threads and 7 total threads.
[2016.03.10-17.11.26:921][  0]LogStats: Stats thread started at 0.388617
[2016.03.10-17.11.26:921][  0]LogInit: Version: 4.10.4-2872498+++depot+UE4-Releases+4.10
[2016.03.10-17.11.26:921][  0]LogInit: API Version: 2758231
[2016.03.10-17.11.26:921][  0]LogInit: Compiled (64-bit): Feb 18 2016 15:47:04
[2016.03.10-17.11.26:921][  0]LogInit: Compiled with Visual C++: 19.00.23026.00
[2016.03.10-17.11.26:921][  0]LogInit: Build Configuration: Development
[2016.03.10-17.11.26:921][  0]LogInit: Branch Name: ++depot+UE4-Releases+4.10
[2016.03.10-17.11.26:921][  0]LogInit: Command line:  
[2016.03.10-17.11.26:921][  0]LogInit: Base directory: C:/Program Files (x86)/Epic Games/4.10/Engine/Binaries/Win64/
[2016.03.10-17.11.26:921][  0]LogInit: Rocket: 1
[2016.03.10-17.11.27:080][  0]LogInit: Using libcurl 7.41.0
[2016.03.10-17.11.27:080][  0]LogInit:  - built for x86_64-pc-win32
[2016.03.10-17.11.27:080][  0]LogInit:  - supports SSL with WinSSL
[2016.03.10-17.11.27:080][  0]LogInit:  - other features:
[2016.03.10-17.11.27:080][  0]LogInit:      CURL_VERSION_SSL
[2016.03.10-17.11.27:080][  0]LogInit:      CURL_VERSION_IPV6
[2016.03.10-17.11.27:080][  0]LogInit:      CURL_VERSION_ASYNCHDNS
[2016.03.10-17.11.27:080][  0]LogInit:      CURL_VERSION_LARGEFILE
[2016.03.10-17.11.27:080][  0]LogInit:      CURL_VERSION_IDN
[2016.03.10-17.11.27:080][  0]LogInit:  CurlRequestOptions (configurable via config and command line):
[2016.03.10-17.11.27:080][  0]LogInit:  - bVerifyPeer = true  - Libcurl will verify peer certificate
[2016.03.10-17.11.27:080][  0]LogInit:  - bUseHttpProxy = false  - Libcurl will NOT use HTTP proxy
[2016.03.10-17.11.27:080][  0]LogInit:  - bDontReuseConnections = false  - Libcurl will reuse connections
[2016.03.10-17.11.27:080][  0]LogInit:  - CertBundlePath = nullptr  - Libcurl will use whatever was configured at build time.
[2016.03.10-17.11.27:198][  0]LogInit: Presizing for 0 objects not considered by GC, pre-allocating 0 bytes.
[2016.03.10-17.11.27:219][  0]LogInit: Object subsystem initialized
[2016.03.10-17.11.27:241][  0]LogInit: Selected Device Profile: [Windows]
[2016.03.10-17.11.27:241][  0]LogInit: Applying CVar settings loaded from the selected device profile: [Windows]
[2016.03.10-17.11.27:278][  0]LogInit: Computer: CUBE-11959
[2016.03.10-17.11.27:278][  0]LogInit: User: user
[2016.03.10-17.11.27:278][  0]LogInit: CPU Page size=4096, Cores=4
[2016.03.10-17.11.27:278][  0]LogInit: High frequency timer resolution =2.435780 MHz
[2016.03.10-17.11.27:278][  0]LogMemory: Memory total: Physical=7.9GB (8GB approx)
[2016.03.10-17.11.27:278][  0]LogMemory: Platform Memory Stats for Windows
[2016.03.10-17.11.27:278][  0]LogMemory: Process Physical Memory: 56.38 MB used, 56.38 MB peak
[2016.03.10-17.11.27:278][  0]LogMemory: Process Virtual Memory: 56.85 MB used, 56.85 MB peak
[2016.03.10-17.11.27:278][  0]LogMemory: Physical Memory: 5295.11 MB used, 8076.43 MB total
[2016.03.10-17.11.27:278][  0]LogMemory: Virtual Memory: 378.95 MB used, 134217728.00 MB total
[2016.03.10-17.11.27:712][  0]LogTextLocalizationManager: No specific translations for ('en-GB') exist, so ('en') translations will be used.
[2016.03.10-17.11.28:334][  0]LogD3D11RHI: Found D3D11 adapter 0: NVIDIA GeForce GTX 850M  (Feature Level 11_0)
[2016.03.10-17.11.28:334][  0]LogD3D11RHI: Adapter has 1995MB of dedicated video memory, 0MB of dedicated system memory, and 4038MB of shared system memory, 1 output[s]
[2016.03.10-17.11.28:340][  0]LogD3D11RHI: Found D3D11 adapter 1: Intel(R) HD Graphics 4600 (Feature Level 11_0)
[2016.03.10-17.11.28:340][  0]LogD3D11RHI: Adapter has 112MB of dedicated video memory, 0MB of dedicated system memory, and 4038MB of shared system memory, 0 output[s]
[2016.03.10-17.11.28:341][  0]LogD3D11RHI: Found D3D11 adapter 2: Microsoft Basic Render Driver (Feature Level 11_0)
[2016.03.10-17.11.28:341][  0]LogD3D11RHI: Adapter has 0MB of dedicated video memory, 0MB of dedicated system memory, and 4038MB of shared system memory, 0 output[s]
[2016.03.10-17.11.28:341][  0]LogD3D11RHI: Chosen D3D11 Adapter Id = 0
[2016.03.10-17.11.28:351][  0]LogD3D11RHI: !Direct3DDevice
[2016.03.10-17.11.28:351][  0]LogRHI: Texture pool is 1361 MB (70% of 1945 MB)
[2016.03.10-17.11.28:367][  0]LogD3D11RHI: Async texture creation enabled
[2016.03.10-17.11.28:563][  0]LogShaderCompilers: Guid format shader working directory is -31 characters bigger than the processId version (../../../../../../Users/user/Game Development/Anthrocratos/Anthrocratos_UE4/Intermediate/Shaders/WorkingDirectory/11016/).
[2016.03.10-17.11.28:564][  0]LogShaderCompilers: Cleaned the shader compiler working directory 'C:/Users/user/AppData/Local/Temp/UnrealShaderWorkingDir/3AB08C694EE6AA33EFFC528C39C0B526/'.
[2016.03.10-17.11.28:564][  0]LogShaderCompilers:Display: Using Local Shader Compiler.
[2016.03.10-17.11.34:337][  0]LogTemp:Display: Loaded TP AllDesktopTargetPlatform
[2016.03.10-17.11.34:342][  0]LogTemp:Display: Loaded TP WindowsClientTargetPlatform
[2016.03.10-17.11.34:349][  0]LogTemp:Display: Loaded TP WindowsNoEditorTargetPlatform
[2016.03.10-17.11.34:355][  0]LogTemp:Display: Loaded TP WindowsServerTargetPlatform
[2016.03.10-17.11.34:361][  0]LogTemp:Display: Loaded TP WindowsTargetPlatform
[2016.03.10-17.11.34:366][  0]LogTemp:Display: Loaded TP AndroidTargetPlatform
[2016.03.10-17.11.34:369][  0]LogTemp:Display: Loaded TP Android_ASTCTargetPlatform
[2016.03.10-17.11.34:372][  0]LogTemp:Display: Loaded TP Android_ATCTargetPlatform
[2016.03.10-17.11.34:375][  0]LogTemp:Display: Loaded TP Android_DXTTargetPlatform
[2016.03.10-17.11.34:380][  0]LogTemp:Display: Loaded TP Android_ETC1TargetPlatform
[2016.03.10-17.11.34:384][  0]LogTemp:Display: Loaded TP Android_ETC2TargetPlatform
[2016.03.10-17.11.34:390][  0]LogTemp:Display: Loaded TP Android_MultiTargetPlatform
[2016.03.10-17.11.34:390][  0]LogTemp:Display: Loaded TP Android_PVRTCTargetPlatform
[2016.03.10-17.11.34:390][  0]LogTemp:Display: Loaded TP HTML5TargetPlatform
[2016.03.10-17.11.34:608][  0]LogTemp:Display: Loaded TP IOSTargetPlatform
[2016.03.10-17.11.34:612][  0]LogTemp:Display: Loaded TP LinuxNoEditorTargetPlatform
[2016.03.10-17.11.34:615][  0]LogTemp:Display: Loaded TP LinuxServerTargetPlatform
[2016.03.10-17.11.34:620][  0]LogTemp:Display: Loaded TP LinuxTargetPlatform
[2016.03.10-17.11.34:620][  0]LogTargetPlatformManager:Display: Building Assets For Windows
[2016.03.10-17.11.35:933][  0]LogDerivedDataCache:Display: Max Cache Size: 512 MB
[2016.03.10-17.11.39:562][  0]LogDerivedDataCache: Loaded boot cache 3.60s 41MB C:/Users/user/AppData/Local/UnrealEngine/4.10/DerivedDataCache/Boot.ddc.
[2016.03.10-17.11.39:562][  0]LogDerivedDataCache:Display: Loaded Boot cache: C:/Users/user/AppData/Local/UnrealEngine/4.10/DerivedDataCache/Boot.ddc
[2016.03.10-17.11.39:564][  0]LogDerivedDataCache: FDerivedDataBackendGraph:  Pak pak cache file ../../../../../../Users/user/Game Development/Anthrocratos/Anthrocratos_UE4/DerivedDataCache/DDC.ddp not found, will not use a pak cache.
[2016.03.10-17.11.39:564][  0]LogDerivedDataCache: Unable to find inner node Pak for hierarchical cache Hierarchy.
[2016.03.10-17.11.39:564][  0]LogDerivedDataCache: FDerivedDataBackendGraph:  CompressedPak pak cache file ../../../../../../Users/user/Game Development/Anthrocratos/Anthrocratos_UE4/DerivedDataCache/Compressed.ddp not found, will not use a pak cache.
[2016.03.10-17.11.39:564][  0]LogDerivedDataCache: Unable to find inner node CompressedPak for hierarchical cache Hierarchy.
[2016.03.10-17.11.39:746][  0]LogDerivedDataCache:Display: Pak cache opened for reading ../../../Engine/DerivedDataCache/Compressed.ddp.
[2016.03.10-17.11.39:779][  0]LogDerivedDataCache: Using Local data cache path C:/Users/user/AppData/Local/UnrealEngine/Common/DerivedDataCache: Writable
[2016.03.10-17.11.51:819][  0]LogInit: Selected Device Profile: [Windows]
[2016.03.10-17.11.51:905][  0]LogContentStreaming: Texture pool size is 0.000000MB
[2016.03.10-17.11.53:472][  0]LogMeshUtilities: No automatic mesh reduction module available
[2016.03.10-17.11.53:472][  0]LogMeshUtilities: No automatic mesh merging module available
[2016.03.10-17.11.58:800][  0]LogInit: WinSock: version 1.1 (2.2), MaxSocks=32767, MaxUdp=65467
[2016.03.10-17.12.23:459][  0]UdpMessaging: Initializing bridge on interface 0.0.0.0:0 to multicast group 230.0.0.1:6666.
[2016.03.10-17.12.24:712][  0]LogAssetRegistry: FAssetRegistry took 0.0152 seconds to start up
[2016.03.10-17.12.29:550][  0]SourceControl: Info Source control is disabled
[2016.03.10-17.12.30:180][  0]SourceControl: Info Source control is disabled
[2016.03.10-17.12.30:427][  0]SourceControl: Info Source control is disabled
[2016.03.10-17.12.30:964][  0]SourceControl: Info Source control is disabled
[2016.03.10-17.12.34:791][  0]LogObj: 28645 objects as part of root set at end of initial load.
[2016.03.10-17.12.34:791][  0]LogUObjectAllocator: 6105096 out of 0 bytes used by permanent object pool.
[2016.03.10-17.12.36:976][  0]LogAutomationTest:Warning: Smoke tests took > 1s to run: 1.06s
[2016.03.10-17.12.37:196][  0]LogEngine: Initializing Engine...
[2016.03.10-17.12.37:259][  0]LogHMD: Can't find Oculus library dev build: is proper Runtime installed? Version: 0.8.0.0
[2016.03.10-17.12.37:413][  0]LogHMD: SteamVR failed to initialize.  Err: 110
[2016.03.10-17.12.39:197][  0]LogAIModule: Creating AISystem for world NewWorld
[2016.03.10-17.12.39:564][  0]LogInit: XAudio2 using 'Speakers (Jabra REVO v4.0.0)' : 2 channels at 48 kHz using 16 bits per sample (channel mask 0x3)
[2016.03.10-17.12.39:582][  0]LogInit: FAudioDevice initialized.
[2016.03.10-17.12.39:643][  0]LogDerivedDataCache: Saved boot cache 0.06s 41MB C:/Users/user/AppData/Local/UnrealEngine/4.10/DerivedDataCache/Boot.ddc.
[2016.03.10-17.12.39:650][  0]LogInit: Texture streaming: Enabled
[2016.03.10-17.12.40:905][  0]LogAnalytics: Creating configured Analytics provider AnalyticsET
[2016.03.10-17.12.41:059][  0]LogAnalytics: [UEEditor.Rocket.Release] APIServer = http://et2.epicgames.com/ET2/. AppVersion = 4.10.4-2872498+++depot+UE4-Releases+4.10
[2016.03.10-17.12.41:059][  0]LogAnalytics: [UEEditor.Rocket.Release] SetUserId 2066524940ef926c0d39eaab01bb3fef|ab08d7ce0f414bdba0971ea2fb4514a5|983d4c96-a536-4e9e-82d9-7415bf2a8174
[2016.03.10-17.12.41:189][  0]LogAnalytics: [UEEditor.Rocket.Release] AnalyticsET::StartSession
[2016.03.10-17.12.42:304][  0]LogInit: Transaction tracking system initialized
[2016.03.10-17.12.42:664][  0]BlueprintLog: New page: Editor Load
[2016.03.10-17.12.44:971][  0]LocalizationService: Info Localization service is disabled
[2016.03.10-17.12.46:618][  0]LogConsoleResponse:Display: 
[2016.03.10-17.12.50:302][  0]LogFileCache: Scanning file cache for directory 'C:/Users/user/Game Development/Anthrocratos/Anthrocratos_UE4/Content/' took 0.13s
[2016.03.10-17.12.50:302][  0]LogCook:Display: Done creating registry. It took  0.00s.
[2016.03.10-17.12.51:970][  0]SourceControl: Info Source control is disabled
[2016.03.10-17.12.52:011][  0]Cmd: MAP LOAD FILE="../../../../../../Users/user/Game Development/Anthrocratos/Anthrocratos_UE4/Content/Levels/Kieran-Test.umap" TEMPLATE=0 SHOWPROGRESS=1 FEATURELEVEL=3
[2016.03.10-17.12.52:148][  0]LightingResults: New page: Lighting Build
[2016.03.10-17.12.52:377][  0]MapCheck: New page: Map Check
[2016.03.10-17.12.52:377][  0]LightingResults: New page: Lighting Build
[2016.03.10-17.12.52:886][  0]LogParticles: Destroying 0 GPU particle simulations for FXSystem 0x0000000ED1D63240
[2016.03.10-17.12.54:873][  0]LogBlueprint:Warning: USimpleConstructionScript::FixupRootNodeParentReferences() - Couldn't find inherited parent component 'TileMesh' for 'BuildingMesh' in BlueprintGeneratedClass 'REINST_Building_C_23' (it may have been removed)
[2016.03.10-17.12.55:338][  0]LogLinker:Warning: CreateExport: Failed to load Parent for Function /Game/Blueprints/Tiles/Buildings/BatteryCagedLivestock.BatteryCagedLivestock_C:UserConstructionScript; removing parent information, but keeping function
[2016.03.10-17.12.55:390][  0]LogLinker:Warning: CreateExport: Failed to load Parent for Function /Game/Blueprints/Tiles/Buildings/FossilBasedEnergy.FossilBasedEnergy_C:UserConstructionScript; removing parent information, but keeping function
[2016.03.10-17.12.55:422][  0]LogLinker:Warning: CreateExport: Failed to load Parent for Function /Game/Blueprints/Tiles/Buildings/Free-RangeLivestock.Free-RangeLivestock_C:UserConstructionScript; removing parent information, but keeping function
[2016.03.10-17.12.55:471][  0]LogLinker:Warning: CreateExport: Failed to load Parent for Function /Game/Blueprints/Tiles/Buildings/Incinerator.Incinerator_C:UserConstructionScript; removing parent information, but keeping function
[2016.03.10-17.12.55:526][  0]LogLinker:Warning: CreateExport: Failed to load Parent for Function /Game/Blueprints/Tiles/Buildings/IntensiveFarming.IntensiveFarming_C:UserConstructionScript; removing parent information, but keeping function
[2016.03.10-17.12.55:567][  0]LogLinker:Warning: CreateExport: Failed to load Parent for Function /Game/Blueprints/Tiles/Buildings/NuclearPower.NuclearPower_C:UserConstructionScript; removing parent information, but keeping function
[2016.03.10-17.12.55:622][  0]LogLinker:Warning: CreateExport: Failed to load Parent for Function /Game/Blueprints/Tiles/Buildings/OrganicFarm.OrganicFarm_C:UserConstructionScript; removing parent information, but keeping function
[2016.03.10-17.12.55:650][  0]LogLinker:Warning: CreateExport: Failed to load Parent for Function /Game/Blueprints/Tiles/Buildings/RecyclingCentre.RecyclingCentre_C:UserConstructionScript; removing parent information, but keeping function
[2016.03.10-17.12.55:695][  0]LogLinker:Warning: CreateExport: Failed to load Parent for Function /Game/Blueprints/Tiles/Buildings/SolarPanels.SolarPanels_C:UserConstructionScript; removing parent information, but keeping function
[2016.03.10-17.12.55:729][  0]LogLinker:Warning: CreateExport: Failed to load Parent for Function /Game/Blueprints/Tiles/Buildings/Windmills.Windmills_C:UserConstructionScript; removing parent information, but keeping function
[2016.03.10-17.12.56:100][  0]LogLinker:Warning: CreateExport: Failed to load Parent for Function /Game/Blueprints/Tiles/Biomes/DesertTile.DesertTile_C:UserConstructionScript; removing parent information, but keeping function
[2016.03.10-17.12.56:144][  0]LogLinker:Warning: CreateExport: Failed to load Parent for Function /Game/Blueprints/Tiles/Biomes/FieldTile.FieldTile_C:UserConstructionScript; removing parent information, but keeping function
[2016.03.10-17.12.56:245][  0]LogLinker:Warning: CreateExport: Failed to load Parent for Function /Game/Blueprints/Tiles/Biomes/ForestTile.ForestTile_C:UserConstructionScript; removing parent information, but keeping function
[2016.03.10-17.12.56:349][  0]LogLinker:Warning: CreateExport: Failed to load Parent for Function /Game/Blueprints/Tiles/Biomes/MountainTile.MountainTile_C:UserConstructionScript; removing parent information, but keeping function
[2016.03.10-17.12.56:373][  0]LogLinker:Warning: CreateExport: Failed to load Parent for Function /Game/Blueprints/Tiles/Buildings/CityCentre.CityCentre_C:UserConstructionScript; removing parent information, but keeping function
[2016.03.10-17.12.56:515][  0]LogBlueprint:Error: Broken Node: K2Node_CallArrayFunction /Game/Blueprints/Tiles/GameTileSpawner.GameTileSpawner:SetTileIsFilled.K2Node_CallArrayFunction_44 keeps removed/invalid pin: EdGraphPin /Game/Blueprints/Tiles/GameTileSpawner.GameTileSpawner:SetTileIsFilled.K2Node_CallArrayFunction_44.EdGraphPin_44770. Try refresh all nodes.
[2016.03.10-17.12.56:557][  0]LogBlueprint:Error: Broken Node: K2Node_CallArrayFunction /Game/Blueprints/Tiles/GameTileSpawner.GameTileSpawner:SetTileIsFilled.K2Node_CallArrayFunction_44 keeps removed/invalid pin: EdGraphPin /Game/Blueprints/Tiles/GameTileSpawner.GameTileSpawner:SetTileIsFilled.K2Node_CallArrayFunction_44.EdGraphPin_44770. Try refresh all nodes.
[2016.03.10-17.12.57:929][  0]LogAIModule: Creating AISystem for world Kieran-Test
[2016.03.10-17.12.58:722][  0]LogEditorServer: Finished looking for orphan Actors (0.000 secs)
[2016.03.10-17.12.58:805][  0]Cmd: MAP CHECKDEP NOCLEARLOG
[2016.03.10-17.12.58:932][  0]MapCheck: Info Map check complete: 0 Error(s), 0 Warning(s), took 125.597ms to complete.
[2016.03.10-17.12.58:932][  0]LogFileHelpers: Loading map 'Kieran-Test' took 6.932
[2016.03.10-17.13.01:214][  0]LogCollectionManager: Loaded 0 collections in 0.002299 seconds
[2016.03.10-17.13.01:339][  0]LogFileCache: Scanning file cache for directory 'C:/Users/user/Game Development/Anthrocratos/Anthrocratos_UE4/Saved/Collections/' took 0.01s
[2016.03.10-17.13.01:339][  0]LogFileCache: Scanning file cache for directory 'C:/Users/user/Game Development/Anthrocratos/Anthrocratos_UE4/Content/Developers/user/Collections/' took 0.01s
[2016.03.10-17.13.01:339][  0]LogFileCache: Scanning file cache for directory 'C:/Users/user/Game Development/Anthrocratos/Anthrocratos_UE4/Content/Collections/' took 0.01s
[2016.03.10-17.13.01:339][  0]LogCollectionManager: Rebuilt the GUID cache for 0 collections in 0.000002 seconds
[2016.03.10-17.13.01:381][  0]LogContentBrowser: Native class hierarchy populated in 0.0417 seconds. Added 1896 classes and 340 folders.
[2016.03.10-17.13.01:537][  0]LogContentBrowser: Native class hierarchy updated for 'WidgetCarousel' in 0.0018 seconds. Added 0 classes and 0 folders.
[2016.03.10-17.13.02:927][  0]LogContentBrowser: Native class hierarchy updated for 'AddContentDialog' in 0.0011 seconds. Added 0 classes and 0 folders.
[2016.03.10-17.13.03:011][  0]LogContentBrowser: Native class hierarchy updated for 'SceneOutliner' in 0.0019 seconds. Added 1 classes and 2 folders.
[2016.03.10-17.13.04:710][  0]LogCrashTracker: Crashtracker disabled due to settings.
[2016.03.10-17.13.05:221][  0]LogUObjectGlobals:Warning: Failed to find object 'Class None.'
[2016.03.10-17.13.05:323][  0]LogLoad: Full Startup: 101.79 seconds (BP compile: 1.33 seconds)
[2016.03.10-17.13.05:841][  0]LogOcInput: Can't find Oculus library dev build: is proper Runtime installed? Version: 0.8.0.0
[2016.03.10-17.13.07:103][  0]LogContentStreaming: Texture pool size now 1000 MB
[2016.03.10-17.13.09:410][  0]LogRenderer: Reallocating scene render targets to support 952x400 (Frame:2).
[2016.03.10-17.13.10:242][  1]LogFileCache: Retrieving MD5 hashes for directory 'C:/Users/user/Game Development/Anthrocratos/Anthrocratos_UE4/Content/' took 4.30s
[2016.03.10-17.13.11:661][ 11]LogAssetRegistry: Asset discovery search completed in 46.9609 seconds
[2016.03.10-17.13.11:712][ 11]LogCollectionManager: Rebuilt the object cache for 0 collections in 0.000000 seconds (found 0 objects)
[2016.03.10-17.13.11:713][ 11]LogCollectionManager: Fixed up redirectors for 0 collections in 0.051814 seconds (updated 0 objects)
[2016.03.10-17.16.53:276][763]AssetReimport: New page: Outstanding source content changes 17:16:53
[2016.03.10-17.16.53:313][763]LogFactory: FactoryCreateBinary: Texture with ReimportTextureFactory (0 0 C:/Users/user/Game Development/Anthrocratos/Anthrocratos_UE4/Content/Art/Models/Buildings/Nuclear Reactor/Developement/nuclear_UV_base.png)
[2016.03.10-17.16.56:296][764]LogFactory: FactoryCreateBinary: StaticMesh with FbxFactory (0 0 C:/Users/user/Game Development/Anthrocratos/Anthrocratos_UE4/Content/Art/Models/Buildings/Nuclear Reactor/nuclear reactor_final.fbx)
[2016.03.10-17.16.56:593][764]LogFbx: ItemName: GlobalSettings, ItemCount : 1
[2016.03.10-17.16.56:593][764]LogFbx: ItemName: AnimationStack, ItemCount : 1
[2016.03.10-17.16.56:593][764]LogFbx: ItemName: AnimationLayer, ItemCount : 1
[2016.03.10-17.16.56:593][764]LogFbx: ItemName: Geometry, ItemCount : 10
[2016.03.10-17.16.56:593][764]LogFbx: ItemName: Material, ItemCount : 1
[2016.03.10-17.16.56:593][764]LogFbx: ItemName: Texture, ItemCount : 1
[2016.03.10-17.16.56:593][764]LogFbx: ItemName: Model, ItemCount : 10
[2016.03.10-17.16.56:593][764]LogFbx: ItemName: Video, ItemCount : 1
[2016.03.10-17.16.56:707][764]LogFbx: Loading FBX Scene from C:/Users/user/Game Development/Anthrocratos/Anthrocratos_UE4/Content/Art/Models/Buildings/Nuclear Reactor/nuclear reactor_final.fbx
[2016.03.10-17.16.56:839][764]LogFbx: FBX Scene Loaded Succesfully
[2016.03.10-17.17.00:850][764]LogFbx: Loading FBX Scene from C:/Users/user/Game Development/Anthrocratos/Anthrocratos_UE4/Content/Art/Models/Buildings/Nuclear Reactor/nuclear reactor_final.fbx
[2016.03.10-17.17.00:957][764]LogFbx: FBX Scene Loaded Succesfully
[2016.03.10-17.17.02:525][764]LogMaterial: Missing cached shader map for material nuclear_diffuse, compiling. 
[2016.03.10-17.17.02:817][764]LogStaticMesh: Building static mesh nuclear_reactor_final...
[2016.03.10-17.17.02:920][764]LogStaticMesh: Built static mesh [0.103281.2s] /Game/Art/Models/Buildings/Nuclear_Reactor/nuclear_reactor_final.nuclear_reactor_final
[2016.03.10-17.17.03:987][765]LogFactory: FactoryCreateBinary: Texture with ReimportTextureFactory (0 0 C:/Users/user/Game Development/Anthrocratos/Anthrocratos_UE4/Content/Art/Models/Buildings/Nuclear Reactor/nuclear_diffuse.png)
[2016.03.10-17.17.14:021][765]LogCrashTracker: 


[2016.03.10-17.17.14:075][765]LogCrashTracker: 


[2016.03.10-17.17.14:261][765]LogExit: Executing StaticShutdownAfterError
[2016.03.10-17.17.14:911][765]LogWindows: FPlatformMisc::RequestExit(1)
[2016.03.10-17.17.14:911][765]Log file closed, 03/10/16 17:17:14
