[2016.03.10-18.24.11:127][  0]Log file open, 03/10/16 18:24:11
[2016.03.10-18.24.11:127][  0]LogInit:Display: Running engine for game: Anthrocratos_UE4
[2016.03.10-18.24.11:127][  0]LogPlatformFile: Not using cached read wrapper
[2016.03.10-18.24.11:127][  0]LogInit:Display: RandInit(238085956) SRandInit(238085959).
[2016.03.10-18.24.11:127][  0]LogTaskGraph: Started task graph with 4 named threads and 7 total threads.
[2016.03.10-18.24.11:127][  0]LogStats: Stats thread started at 0.106582
[2016.03.10-18.24.11:127][  0]LogInit: Version: 4.10.4-2872498+++depot+UE4-Releases+4.10
[2016.03.10-18.24.11:127][  0]LogInit: API Version: 2758231
[2016.03.10-18.24.11:127][  0]LogInit: Compiled (64-bit): Feb 18 2016 15:47:04
[2016.03.10-18.24.11:127][  0]LogInit: Compiled with Visual C++: 19.00.23026.00
[2016.03.10-18.24.11:127][  0]LogInit: Build Configuration: Development
[2016.03.10-18.24.11:127][  0]LogInit: Branch Name: ++depot+UE4-Releases+4.10
[2016.03.10-18.24.11:127][  0]LogInit: Command line:  
[2016.03.10-18.24.11:127][  0]LogInit: Base directory: C:/Program Files (x86)/Epic Games/4.10/Engine/Binaries/Win64/
[2016.03.10-18.24.11:127][  0]LogInit: Rocket: 1
[2016.03.10-18.24.11:146][  0]LogInit: Using libcurl 7.41.0
[2016.03.10-18.24.11:146][  0]LogInit:  - built for x86_64-pc-win32
[2016.03.10-18.24.11:146][  0]LogInit:  - supports SSL with WinSSL
[2016.03.10-18.24.11:146][  0]LogInit:  - other features:
[2016.03.10-18.24.11:146][  0]LogInit:      CURL_VERSION_SSL
[2016.03.10-18.24.11:146][  0]LogInit:      CURL_VERSION_IPV6
[2016.03.10-18.24.11:146][  0]LogInit:      CURL_VERSION_ASYNCHDNS
[2016.03.10-18.24.11:146][  0]LogInit:      CURL_VERSION_LARGEFILE
[2016.03.10-18.24.11:146][  0]LogInit:      CURL_VERSION_IDN
[2016.03.10-18.24.11:146][  0]LogInit:  CurlRequestOptions (configurable via config and command line):
[2016.03.10-18.24.11:146][  0]LogInit:  - bVerifyPeer = true  - Libcurl will verify peer certificate
[2016.03.10-18.24.11:146][  0]LogInit:  - bUseHttpProxy = false  - Libcurl will NOT use HTTP proxy
[2016.03.10-18.24.11:146][  0]LogInit:  - bDontReuseConnections = false  - Libcurl will reuse connections
[2016.03.10-18.24.11:146][  0]LogInit:  - CertBundlePath = nullptr  - Libcurl will use whatever was configured at build time.
[2016.03.10-18.24.11:175][  0]LogInit: Presizing for 0 objects not considered by GC, pre-allocating 0 bytes.
[2016.03.10-18.24.11:179][  0]LogInit: Object subsystem initialized
[2016.03.10-18.24.11:180][  0]LogInit: Selected Device Profile: [Windows]
[2016.03.10-18.24.11:180][  0]LogInit: Applying CVar settings loaded from the selected device profile: [Windows]
[2016.03.10-18.24.11:200][  0]LogInit: Computer: DESKTOP-V9NOFHJ
[2016.03.10-18.24.11:200][  0]LogInit: User: kags1
[2016.03.10-18.24.11:200][  0]LogInit: CPU Page size=4096, Cores=4
[2016.03.10-18.24.11:200][  0]LogInit: High frequency timer resolution =3.421874 MHz
[2016.03.10-18.24.11:200][  0]LogMemory: Memory total: Physical=15.9GB (16GB approx)
[2016.03.10-18.24.11:200][  0]LogMemory: Platform Memory Stats for Windows
[2016.03.10-18.24.11:200][  0]LogMemory: Process Physical Memory: 56.24 MB used, 56.24 MB peak
[2016.03.10-18.24.11:200][  0]LogMemory: Process Virtual Memory: 56.80 MB used, 56.80 MB peak
[2016.03.10-18.24.11:200][  0]LogMemory: Physical Memory: 4734.86 MB used, 16311.54 MB total
[2016.03.10-18.24.11:200][  0]LogMemory: Virtual Memory: 382.48 MB used, 134217728.00 MB total
[2016.03.10-18.24.11:387][  0]LogTextLocalizationManager: No specific translations for ('en-GB') exist, so ('en') translations will be used.
[2016.03.10-18.24.11:884][  0]LogD3D11RHI: Found D3D11 adapter 0: NVIDIA GeForce GTX 970 (Feature Level 11_0)
[2016.03.10-18.24.11:884][  0]LogD3D11RHI: Adapter has 4007MB of dedicated video memory, 0MB of dedicated system memory, and 8155MB of shared system memory, 1 output[s]
[2016.03.10-18.24.11:885][  0]LogD3D11RHI: Found D3D11 adapter 1: Microsoft Basic Render Driver (Feature Level 11_0)
[2016.03.10-18.24.11:885][  0]LogD3D11RHI: Adapter has 0MB of dedicated video memory, 0MB of dedicated system memory, and 8155MB of shared system memory, 0 output[s]
[2016.03.10-18.24.11:885][  0]LogD3D11RHI: Chosen D3D11 Adapter Id = 0
[2016.03.10-18.24.11:888][  0]LogD3D11RHI: !Direct3DDevice
[2016.03.10-18.24.11:889][  0]LogRHI: Texture pool is 1361 MB (70% of 1945 MB)
[2016.03.10-18.24.11:901][  0]LogD3D11RHI: Async texture creation enabled
[2016.03.10-18.24.12:452][  0]LogShaderCompilers: Guid format shader working directory is -15 characters bigger than the processId version (D:/GamesDevelopment/IP3 project/Anthrocratos/Anthrocratos_UE4/Intermediate/Shaders/WorkingDirectory/2648/).
[2016.03.10-18.24.12:452][  0]LogShaderCompilers: Cleaned the shader compiler working directory 'C:/Users/kags1/AppData/Local/Temp/UnrealShaderWorkingDir/C29D3AAA4B51A7C4BD5BBC9281635ED7/'.
[2016.03.10-18.24.12:452][  0]LogShaderCompilers:Display: Using Local Shader Compiler.
[2016.03.10-18.24.13:919][  0]LogTemp:Display: Loaded TP AllDesktopTargetPlatform
[2016.03.10-18.24.13:922][  0]LogTemp:Display: Loaded TP WindowsClientTargetPlatform
[2016.03.10-18.24.13:925][  0]LogTemp:Display: Loaded TP WindowsNoEditorTargetPlatform
[2016.03.10-18.24.13:929][  0]LogTemp:Display: Loaded TP WindowsServerTargetPlatform
[2016.03.10-18.24.13:933][  0]LogTemp:Display: Loaded TP WindowsTargetPlatform
[2016.03.10-18.24.13:938][  0]LogTemp:Display: Loaded TP AndroidTargetPlatform
[2016.03.10-18.24.13:941][  0]LogTemp:Display: Loaded TP Android_ASTCTargetPlatform
[2016.03.10-18.24.13:943][  0]LogTemp:Display: Loaded TP Android_ATCTargetPlatform
[2016.03.10-18.24.13:946][  0]LogTemp:Display: Loaded TP Android_DXTTargetPlatform
[2016.03.10-18.24.13:950][  0]LogTemp:Display: Loaded TP Android_ETC1TargetPlatform
[2016.03.10-18.24.13:953][  0]LogTemp:Display: Loaded TP Android_ETC2TargetPlatform
[2016.03.10-18.24.13:959][  0]LogTemp:Display: Loaded TP Android_MultiTargetPlatform
[2016.03.10-18.24.13:959][  0]LogTemp:Display: Loaded TP Android_PVRTCTargetPlatform
[2016.03.10-18.24.13:959][  0]LogTemp:Display: Loaded TP HTML5TargetPlatform
[2016.03.10-18.24.14:000][  0]LogTemp:Display: Loaded TP IOSTargetPlatform
[2016.03.10-18.24.14:002][  0]LogTemp:Display: Loaded TP LinuxNoEditorTargetPlatform
[2016.03.10-18.24.14:005][  0]LogTemp:Display: Loaded TP LinuxServerTargetPlatform
[2016.03.10-18.24.14:010][  0]LogTemp:Display: Loaded TP LinuxTargetPlatform
[2016.03.10-18.24.14:011][  0]LogTargetPlatformManager:Display: Building Assets For Windows
[2016.03.10-18.24.14:257][  0]LogDerivedDataCache:Display: Max Cache Size: 512 MB
[2016.03.10-18.24.14:502][  0]LogDerivedDataCache: Loaded boot cache 0.24s 41MB C:/Users/kags1/AppData/Local/UnrealEngine/4.10/DerivedDataCache/Boot.ddc.
[2016.03.10-18.24.14:502][  0]LogDerivedDataCache:Display: Loaded Boot cache: C:/Users/kags1/AppData/Local/UnrealEngine/4.10/DerivedDataCache/Boot.ddc
[2016.03.10-18.24.14:502][  0]LogDerivedDataCache: FDerivedDataBackendGraph:  Pak pak cache file D:/GamesDevelopment/IP3 project/Anthrocratos/Anthrocratos_UE4/DerivedDataCache/DDC.ddp not found, will not use a pak cache.
[2016.03.10-18.24.14:502][  0]LogDerivedDataCache: Unable to find inner node Pak for hierarchical cache Hierarchy.
[2016.03.10-18.24.14:502][  0]LogDerivedDataCache: FDerivedDataBackendGraph:  CompressedPak pak cache file D:/GamesDevelopment/IP3 project/Anthrocratos/Anthrocratos_UE4/DerivedDataCache/Compressed.ddp not found, will not use a pak cache.
[2016.03.10-18.24.14:502][  0]LogDerivedDataCache: Unable to find inner node CompressedPak for hierarchical cache Hierarchy.
[2016.03.10-18.24.14:576][  0]LogDerivedDataCache:Display: Pak cache opened for reading ../../../Engine/DerivedDataCache/Compressed.ddp.
[2016.03.10-18.24.14:588][  0]LogDerivedDataCache: Using Local data cache path C:/Users/kags1/AppData/Local/UnrealEngine/Common/DerivedDataCache: Writable
[2016.03.10-18.24.17:068][  0]LogInit: Selected Device Profile: [Windows]
[2016.03.10-18.24.17:080][  0]LogContentStreaming: Texture pool size is 0.000000MB
[2016.03.10-18.24.17:318][  0]LogMeshUtilities: No automatic mesh reduction module available
[2016.03.10-18.24.17:318][  0]LogMeshUtilities: No automatic mesh merging module available
[2016.03.10-18.24.17:938][  0]LogInit: WinSock: version 1.1 (2.2), MaxSocks=32767, MaxUdp=65467
[2016.03.10-18.24.20:215][  0]UdpMessaging: Initializing bridge on interface 0.0.0.0:0 to multicast group 230.0.0.1:6666.
[2016.03.10-18.24.20:360][  0]LogAssetRegistry: FAssetRegistry took 0.0139 seconds to start up
[2016.03.10-18.24.20:661][  0]SourceControl: Info Source control is disabled
[2016.03.10-18.24.20:662][  0]SourceControl: Info Source control is disabled
[2016.03.10-18.24.20:674][  0]SourceControl: Info Source control is disabled
[2016.03.10-18.24.20:684][  0]SourceControl: Info Source control is disabled
[2016.03.10-18.24.20:965][  0]LogObj: 28645 objects as part of root set at end of initial load.
[2016.03.10-18.24.20:965][  0]LogUObjectAllocator: 6105096 out of 0 bytes used by permanent object pool.
[2016.03.10-18.24.21:067][  0]LogEngine: Initializing Engine...
[2016.03.10-18.24.21:071][  0]LogHMD: Can't find Oculus library dev build: is proper Runtime installed? Version: 0.8.0.0
[2016.03.10-18.24.21:079][  0]LogHMD: SteamVR failed to initialize.  Err: 110
[2016.03.10-18.24.21:291][  0]LogAIModule: Creating AISystem for world NewWorld
[2016.03.10-18.24.21:312][  0]LogInit: XAudio2 using 'Speakers (Realtek High Definition Audio)' : 2 channels at 48 kHz using 32 bits per sample (channel mask 0x3)
[2016.03.10-18.24.21:325][  0]LogInit: FAudioDevice initialized.
[2016.03.10-18.24.21:345][  0]LogDerivedDataCache: Saved boot cache 0.02s 41MB C:/Users/kags1/AppData/Local/UnrealEngine/4.10/DerivedDataCache/Boot.ddc.
[2016.03.10-18.24.21:349][  0]LogInit: Texture streaming: Enabled
[2016.03.10-18.24.21:354][  0]LogAnalytics: Creating configured Analytics provider AnalyticsET
[2016.03.10-18.24.21:355][  0]LogAnalytics: [UEEditor.Rocket.Release] APIServer = http://et2.epicgames.com/ET2/. AppVersion = 4.10.4-2872498+++depot+UE4-Releases+4.10
[2016.03.10-18.24.21:355][  0]LogAnalytics: [UEEditor.Rocket.Release] SetUserId 53a42f9a47758014628f45b58968528c|ab08d7ce0f414bdba0971ea2fb4514a5|aa93573c-bf9c-4133-82d2-67a621a96ae2
[2016.03.10-18.24.21:355][  0]LogAnalytics: [UEEditor.Rocket.Release] AnalyticsET::StartSession
[2016.03.10-18.24.21:367][  0]LogInit: Transaction tracking system initialized
[2016.03.10-18.24.21:405][  0]BlueprintLog: New page: Editor Load
[2016.03.10-18.24.21:540][  0]LocalizationService: Info Localization service is disabled
[2016.03.10-18.24.21:663][  0]LogConsoleResponse:Display: 
[2016.03.10-18.24.21:836][  0]LogCook:Display: Done creating registry. It took  0.00s.
[2016.03.10-18.24.21:945][  0]LogFileCache: Scanning file cache for directory 'D:/GamesDevelopment/IP3 project/Anthrocratos/Anthrocratos_UE4/Content/' took 0.01s
[2016.03.10-18.24.21:945][  0]SourceControl: Info Source control is disabled
[2016.03.10-18.24.21:947][  0]Cmd: MAP LOAD FILE="D:/GamesDevelopment/IP3 project/Anthrocratos/Anthrocratos_UE4/Content/Levels/Kieran-Test.umap" TEMPLATE=0 SHOWPROGRESS=1 FEATURELEVEL=3
[2016.03.10-18.24.21:949][  0]LightingResults: New page: Lighting Build
[2016.03.10-18.24.21:956][  0]MapCheck: New page: Map Check
[2016.03.10-18.24.21:956][  0]LightingResults: New page: Lighting Build
[2016.03.10-18.24.21:974][  0]LogParticles: Destroying 0 GPU particle simulations for FXSystem 0x000001D6AF576AC0
[2016.03.10-18.24.22:788][  0]LogBlueprint:Warning: USimpleConstructionScript::FixupRootNodeParentReferences() - Couldn't find inherited parent component 'TileMesh' for 'BuildingMesh' in BlueprintGeneratedClass 'REINST_Building_C_24' (it may have been removed)
[2016.03.10-18.24.23:135][  0]LogLinker:Warning: CreateExport: Failed to load Parent for Function /Game/Blueprints/Tiles/Buildings/BatteryCagedLivestock.BatteryCagedLivestock_C:UserConstructionScript; removing parent information, but keeping function
[2016.03.10-18.24.23:175][  0]LogLinker:Warning: CreateExport: Failed to load Parent for Function /Game/Blueprints/Tiles/Buildings/FossilBasedEnergy.FossilBasedEnergy_C:UserConstructionScript; removing parent information, but keeping function
[2016.03.10-18.24.23:191][  0]LogLinker:Warning: CreateExport: Failed to load Parent for Function /Game/Blueprints/Tiles/Buildings/Free-RangeLivestock.Free-RangeLivestock_C:UserConstructionScript; removing parent information, but keeping function
[2016.03.10-18.24.23:234][  0]LogLinker:Warning: CreateExport: Failed to load Parent for Function /Game/Blueprints/Tiles/Buildings/Incinerator.Incinerator_C:UserConstructionScript; removing parent information, but keeping function
[2016.03.10-18.24.23:283][  0]LogLinker:Warning: CreateExport: Failed to load Parent for Function /Game/Blueprints/Tiles/Buildings/IntensiveFarming.IntensiveFarming_C:UserConstructionScript; removing parent information, but keeping function
[2016.03.10-18.24.23:293][  0]LogLinker:Warning: CreateExport: Failed to load Parent for Function /Game/Blueprints/Tiles/Buildings/NuclearPower.NuclearPower_C:UserConstructionScript; removing parent information, but keeping function
[2016.03.10-18.24.23:308][  0]LogLinker:Warning: CreateExport: Failed to load Parent for Function /Game/Blueprints/Tiles/Buildings/OrganicFarm.OrganicFarm_C:UserConstructionScript; removing parent information, but keeping function
[2016.03.10-18.24.23:326][  0]LogLinker:Warning: CreateExport: Failed to load Parent for Function /Game/Blueprints/Tiles/Buildings/RecyclingCentre.RecyclingCentre_C:UserConstructionScript; removing parent information, but keeping function
[2016.03.10-18.24.23:373][  0]LogLinker:Warning: CreateExport: Failed to load Parent for Function /Game/Blueprints/Tiles/Buildings/SolarPanels.SolarPanels_C:UserConstructionScript; removing parent information, but keeping function
[2016.03.10-18.24.23:393][  0]LogLinker:Warning: CreateExport: Failed to load Parent for Function /Game/Blueprints/Tiles/Buildings/Windmills.Windmills_C:UserConstructionScript; removing parent information, but keeping function
[2016.03.10-18.24.23:541][  0]LogLinker:Warning: CreateExport: Failed to load Parent for Function /Game/Blueprints/Tiles/Biomes/DesertTile.DesertTile_C:UserConstructionScript; removing parent information, but keeping function
[2016.03.10-18.24.23:556][  0]LogLinker:Warning: CreateExport: Failed to load Parent for Function /Game/Blueprints/Tiles/Biomes/FieldTile.FieldTile_C:UserConstructionScript; removing parent information, but keeping function
[2016.03.10-18.24.23:634][  0]LogLinker:Warning: CreateExport: Failed to load Parent for Function /Game/Blueprints/Tiles/Biomes/ForestTile.ForestTile_C:UserConstructionScript; removing parent information, but keeping function
[2016.03.10-18.24.23:707][  0]LogLinker:Warning: CreateExport: Failed to load Parent for Function /Game/Blueprints/Tiles/Biomes/MountainTile.MountainTile_C:UserConstructionScript; removing parent information, but keeping function
[2016.03.10-18.24.23:750][  0]LogLinker:Warning: CreateExport: Failed to load Parent for Function /Game/Blueprints/Tiles/Buildings/CityCentre.CityCentre_C:UserConstructionScript; removing parent information, but keeping function
[2016.03.10-18.24.23:839][  0]LogBlueprint:Error: Broken Node: K2Node_CallArrayFunction /Game/Blueprints/Tiles/GameTileSpawner.GameTileSpawner:SetTileIsFilled.K2Node_CallArrayFunction_44 keeps removed/invalid pin: EdGraphPin /Game/Blueprints/Tiles/GameTileSpawner.GameTileSpawner:SetTileIsFilled.K2Node_CallArrayFunction_44.EdGraphPin_44770. Try refresh all nodes.
[2016.03.10-18.24.23:884][  0]LogBlueprint:Error: Broken Node: K2Node_CallArrayFunction /Game/Blueprints/Tiles/GameTileSpawner.GameTileSpawner:SetTileIsFilled.K2Node_CallArrayFunction_44 keeps removed/invalid pin: EdGraphPin /Game/Blueprints/Tiles/GameTileSpawner.GameTileSpawner:SetTileIsFilled.K2Node_CallArrayFunction_44.EdGraphPin_44770. Try refresh all nodes.
[2016.03.10-18.24.24:029][  0]LogStaticMesh: Building static mesh nuclear_reactor_final...
[2016.03.10-18.24.24:050][  0]LogStaticMesh: Built static mesh [0.021639.2s] /Game/Art/Models/Buildings/NuclearPowerPlant/nuclear_reactor_final.nuclear_reactor_final
[2016.03.10-18.24.24:110][  0]LogTexture:Display: Building textures: nuclear_diffuse2 (AutoDXT)
[2016.03.10-18.24.24:904][  0]LogMaterial: Missing cached shader map for material nuclear_diffuse, compiling. 
[2016.03.10-18.24.25:178][  0]LogAIModule: Creating AISystem for world Kieran-Test
[2016.03.10-18.24.25:194][  0]LogEditorServer: Finished looking for orphan Actors (0.000 secs)
[2016.03.10-18.24.25:196][  0]Cmd: MAP CHECKDEP NOCLEARLOG
[2016.03.10-18.24.25:239][  0]MapCheck: Info Map check complete: 0 Error(s), 0 Warning(s), took 43.724ms to complete.
[2016.03.10-18.24.25:240][  0]LogFileHelpers: Loading map 'Kieran-Test' took 3.293
[2016.03.10-18.24.25:421][  0]LogCollectionManager: Loaded 0 collections in 0.001207 seconds
[2016.03.10-18.24.25:473][  0]LogFileCache: Scanning file cache for directory 'D:/GamesDevelopment/IP3 project/Anthrocratos/Anthrocratos_UE4/Saved/Collections/' took 0.01s
[2016.03.10-18.24.25:473][  0]LogFileCache: Scanning file cache for directory 'D:/GamesDevelopment/IP3 project/Anthrocratos/Anthrocratos_UE4/Content/Developers/kags1/Collections/' took 0.01s
[2016.03.10-18.24.25:473][  0]LogFileCache: Scanning file cache for directory 'D:/GamesDevelopment/IP3 project/Anthrocratos/Anthrocratos_UE4/Content/Collections/' took 0.01s
[2016.03.10-18.24.25:473][  0]LogCollectionManager: Rebuilt the GUID cache for 0 collections in 0.000005 seconds
[2016.03.10-18.24.25:483][  0]LogContentBrowser: Native class hierarchy populated in 0.0091 seconds. Added 1896 classes and 340 folders.
[2016.03.10-18.24.25:492][  0]LogContentBrowser: Native class hierarchy updated for 'WidgetCarousel' in 0.0008 seconds. Added 0 classes and 0 folders.
[2016.03.10-18.24.25:742][  0]LogContentBrowser: Native class hierarchy updated for 'AddContentDialog' in 0.0008 seconds. Added 0 classes and 0 folders.
[2016.03.10-18.24.25:758][  0]LogContentBrowser: Native class hierarchy updated for 'SceneOutliner' in 0.0008 seconds. Added 1 classes and 2 folders.
[2016.03.10-18.24.25:883][  0]LogCrashTracker: Crashtracker disabled due to settings.
[2016.03.10-18.24.25:894][  0]LogUObjectGlobals:Warning: Failed to find object 'Class None.'
[2016.03.10-18.24.25:918][  0]LogLoad: Full Startup: 16.10 seconds (BP compile: 0.43 seconds)
[2016.03.10-18.24.26:260][  0]LogOcInput: Can't find Oculus library dev build: is proper Runtime installed? Version: 0.8.0.0
[2016.03.10-18.24.26:384][  0]LogContentStreaming: Texture pool size now 1000 MB
[2016.03.10-18.24.26:525][  0]LogRenderer: Reallocating scene render targets to support 1380x516 (Frame:2).
[2016.03.10-18.24.26:596][  1]LogFileCache: Retrieving MD5 hashes for directory 'D:/GamesDevelopment/IP3 project/Anthrocratos/Anthrocratos_UE4/Content/' took 0.32s
[2016.03.10-18.24.28:943][  8]LogAssetRegistry: Asset discovery search completed in 8.5961 seconds
[2016.03.10-18.24.28:943][  8]LogCollectionManager: Rebuilt the object cache for 0 collections in 0.000000 seconds (found 0 objects)
[2016.03.10-18.24.28:944][  8]LogCollectionManager: Fixed up redirectors for 0 collections in 0.000283 seconds (updated 0 objects)
[2016.03.10-18.34.31:044][887]LogLinker:Warning: Asset '../../../Engine/Content/ArtTools/RenderToTexture/Macros/RenderToTextureMacros.uasset' has been saved with empty engine version. The asset will be loaded but may be incompatible.
[2016.03.10-18.34.31:393][887]LogContentBrowser: Native class hierarchy updated for 'BlueprintGraph' in 0.0011 seconds. Added 107 classes and 0 folders.
[2016.03.10-18.34.33:086][ 19]LogRenderer: Reallocating scene render targets to support 1380x656 (Frame:455).
[2016.03.10-19.32.03:474][520]LogWindowsTextInputMethodSystem:Display: IME system now deactivated.
[2016.03.10-19.32.03:657][521]Cmd: QUIT_EDITOR
[2016.03.10-19.32.03:762][521]LogExit: Preparing to exit.
[2016.03.10-19.32.04:468][521]LogExit: Editor shut down
[2016.03.10-19.32.04:469][521]LogExit: Transaction tracking system shut down
[2016.03.10-19.32.04:475][521]LogParticles: Destroying 0 GPU particle simulations for FXSystem 0x000001D6B7A1E340
[2016.03.10-19.32.04:476][521]LogParticles: Destroying 0 GPU particle simulations for FXSystem 0x000001D6B6C37880
[2016.03.10-19.32.04:478][521]LogParticles: Destroying 0 GPU particle simulations for FXSystem 0x000001D6B8B32F20
[2016.03.10-19.32.04:478][521]LogParticles: Destroying 0 GPU particle simulations for FXSystem 0x000001D6B89611C0
[2016.03.10-19.32.04:478][521]LogParticles: Destroying 0 GPU particle simulations for FXSystem 0x000001D6B4276200
[2016.03.10-19.32.04:671][521]LogExit: Object subsystem successfully closed.
[2016.03.10-19.32.04:686][521]LogD3D11RHI: Shutdown
[2016.03.10-19.32.04:686][521]LogD3D11RHI: CleanupD3DDevice
[2016.03.10-19.32.04:743][521]LogD3D11RHI: ~FD3D11DynamicRHI
[2016.03.10-19.32.04:762][521]LogModuleManager: Shutting down and abandoning module BlueprintGraph (200)
[2016.03.10-19.32.04:762][521]LogModuleManager: Shutting down and abandoning module CrashTracker (199)
[2016.03.10-19.32.04:762][521]LogModuleManager: Shutting down and abandoning module SceneOutliner (198)
[2016.03.10-19.32.04:762][521]LogModuleManager: Shutting down and abandoning module SuperSearch (197)
[2016.03.10-19.32.04:762][521]LogModuleManager: Shutting down and abandoning module WidgetCarousel (196)
[2016.03.10-19.32.04:762][521]LogModuleManager: Shutting down and abandoning module AddContentDialog (195)
[2016.03.10-19.32.04:765][521]LogModuleManager: Shutting down and abandoning module EditorWidgets (194)
[2016.03.10-19.32.04:765][521]LogModuleManager: Shutting down and abandoning module CollectionManager (193)
[2016.03.10-19.32.04:765][521]LogModuleManager: Shutting down and abandoning module StatsViewer (192)
[2016.03.10-19.32.04:765][521]LogModuleManager: Shutting down and abandoning module FoliageEdit (191)
[2016.03.10-19.32.04:765][521]LogModuleManager: Shutting down and abandoning module LandscapeEditor (190)
[2016.03.10-19.32.04:765][521]LogModuleManager: Shutting down and abandoning module ActorPickerMode (189)
[2016.03.10-19.32.04:765][521]LogModuleManager: Shutting down and abandoning module GeometryMode (188)
[2016.03.10-19.32.04:765][521]LogModuleManager: Shutting down and abandoning module TextureAlignMode (187)
[2016.03.10-19.32.04:765][521]LogModuleManager: Shutting down and abandoning module BspMode (186)
[2016.03.10-19.32.04:765][521]LogModuleManager: Shutting down and abandoning module PlacementMode (185)
[2016.03.10-19.32.04:765][521]LogModuleManager: Shutting down and abandoning module AutomationWorker (184)
[2016.03.10-19.32.04:765][521]LogModuleManager: Shutting down and abandoning module CharacterAI (183)
[2016.03.10-19.32.04:765][521]LogModuleManager: Shutting down and abandoning module SmartSnapping (182)
[2016.03.10-19.32.04:765][521]LogModuleManager: Shutting down and abandoning module ViewportSnapping (181)
[2016.03.10-19.32.04:765][521]LogModuleManager: Shutting down and abandoning module LogVisualizer (180)
[2016.03.10-19.32.04:766][521]LogModuleManager: Shutting down and abandoning module GameProjectGeneration (179)
[2016.03.10-19.32.04:766][521]LogModuleManager: Shutting down and abandoning module IntroTutorials (178)
[2016.03.10-19.32.04:766][521]LogModuleManager: Shutting down and abandoning module EditorLiveStreaming (177)
[2016.03.10-19.32.04:766][521]LogModuleManager: Shutting down and abandoning module IOSPlatformEditor (176)
[2016.03.10-19.32.04:766][521]LogModuleManager: Shutting down and abandoning module HTML5PlatformEditor (175)
[2016.03.10-19.32.04:766][521]LogModuleManager: Shutting down and abandoning module AndroidDeviceDetection (174)
[2016.03.10-19.32.05:015][521]LogModuleManager: Shutting down and abandoning module AndroidPlatformEditor (173)
[2016.03.10-19.32.05:015][521]LogModuleManager: Shutting down and abandoning module IOSRuntimeSettings (172)
[2016.03.10-19.32.05:015][521]LogModuleManager: Shutting down and abandoning module AndroidRuntimeSettings (171)
[2016.03.10-19.32.05:015][521]LogModuleManager: Shutting down and abandoning module MergeActors (170)
[2016.03.10-19.32.05:015][521]LogModuleManager: Shutting down and abandoning module SizeMap (169)
[2016.03.10-19.32.05:015][521]LogModuleManager: Shutting down and abandoning module TreeMap (168)
[2016.03.10-19.32.05:015][521]LogModuleManager: Shutting down and abandoning module ReferenceViewer (167)
[2016.03.10-19.32.05:015][521]LogModuleManager: Shutting down and abandoning module LocalizationService (166)
[2016.03.10-19.32.05:015][521]LogModuleManager: Shutting down and abandoning module LocalizationDashboard (165)
[2016.03.10-19.32.05:015][521]LogModuleManager: Shutting down and abandoning module HardwareTargeting (164)
[2016.03.10-19.32.05:015][521]LogModuleManager: Shutting down and abandoning module DeviceProfileEditor (163)
[2016.03.10-19.32.05:015][521]LogModuleManager: Shutting down and abandoning module UndoHistory (162)
[2016.03.10-19.32.05:015][521]LogModuleManager: Shutting down and abandoning module GameplayTagsEditor (161)
[2016.03.10-19.32.05:015][521]LogModuleManager: Shutting down and abandoning module UserFeedback (160)
[2016.03.10-19.32.05:015][521]LogModuleManager: Shutting down and abandoning module XmlParser (159)
[2016.03.10-19.32.05:015][521]LogModuleManager: Shutting down and abandoning module Blutility (158)
[2016.03.10-19.32.05:015][521]LogModuleManager: Shutting down and abandoning module ProjectTargetPlatformEditor (157)
[2016.03.10-19.32.05:015][521]LogModuleManager: Shutting down and abandoning module ProjectSettingsViewer (156)
[2016.03.10-19.32.05:015][521]LogModuleManager: Shutting down and abandoning module InputBindingEditor (155)
[2016.03.10-19.32.05:015][521]LogModuleManager: Shutting down and abandoning module EditorSettingsViewer (154)
[2016.03.10-19.32.05:015][521]LogModuleManager: Shutting down and abandoning module SettingsEditor (153)
[2016.03.10-19.32.05:015][521]LogModuleManager: Shutting down and abandoning module ProjectLauncher (152)
[2016.03.10-19.32.05:016][521]LogModuleManager: Shutting down and abandoning module SessionFrontend (151)
[2016.03.10-19.32.05:016][521]LogModuleManager: Shutting down and abandoning module ProfilerClient (150)
[2016.03.10-19.32.05:017][521]LogModuleManager: Shutting down and abandoning module TargetDeviceServices (149)
[2016.03.10-19.32.05:017][521]LogModuleManager: Shutting down and abandoning module DeviceManager (148)
[2016.03.10-19.32.05:017][521]LogModuleManager: Shutting down and abandoning module AutomationController (147)
[2016.03.10-19.32.05:017][521]LogModuleManager: Shutting down and abandoning module AutomationWindow (146)
[2016.03.10-19.32.05:017][521]LogModuleManager: Shutting down and abandoning module Layers (145)
[2016.03.10-19.32.05:018][521]LogModuleManager: Shutting down and abandoning module ComponentVisualizers (144)
[2016.03.10-19.32.05:018][521]LogModuleManager: Shutting down and abandoning module DetailCustomizations (143)
[2016.03.10-19.32.05:018][521]LogModuleManager: Shutting down and abandoning module PackagesDialog (142)
[2016.03.10-19.32.05:018][521]LogModuleManager: Shutting down and abandoning module Persona (141)
[2016.03.10-19.32.05:018][521]LogModuleManager: Shutting down and abandoning module Kismet (140)
[2016.03.10-19.32.05:018][521]LogModuleManager: Shutting down and abandoning module GraphEditor (139)
[2016.03.10-19.32.05:018][521]LogModuleManager: Shutting down and abandoning module ClassViewer (138)
[2016.03.10-19.32.05:018][521]LogModuleManager: Shutting down and abandoning module Toolbox (137)
[2016.03.10-19.32.05:018][521]LogModuleManager: Shutting down and abandoning module ModuleUI (136)
[2016.03.10-19.32.05:020][521]LogModuleManager: Shutting down and abandoning module MovieSceneTools (135)
[2016.03.10-19.32.05:020][521]LogModuleManager: Shutting down and abandoning module OutputLog (134)
[2016.03.10-19.32.05:020][521]LogModuleManager: Shutting down and abandoning module GammaUI (133)
[2016.03.10-19.32.05:021][521]LogModuleManager: Shutting down and abandoning module Documentation (132)
[2016.03.10-19.32.05:021][521]LogModuleManager: Shutting down and abandoning module GameLiveStreaming (131)
[2016.03.10-19.32.05:021][521]LogModuleManager: Shutting down and abandoning module StreamingPauseRendering (130)
[2016.03.10-19.32.05:021][521]LogModuleManager: Shutting down and abandoning module AnalyticsET (129)
[2016.03.10-19.32.05:021][521]LogModuleManager: Shutting down and abandoning module Analytics (128)
[2016.03.10-19.32.05:021][521]LogModuleManager: Shutting down and abandoning module AITestSuite (127)
[2016.03.10-19.32.05:021][521]LogModuleManager: Shutting down and abandoning module GameplayDebugger (126)
[2016.03.10-19.32.05:021][521]LogModuleManager: Shutting down and abandoning module AIModule (125)
[2016.03.10-19.32.05:021][521]LogModuleManager: Shutting down and abandoning module ProfilerService (124)
[2016.03.10-19.32.05:143][521]LogModuleManager: Shutting down and abandoning module TaskGraph (123)
[2016.03.10-19.32.05:144][521]LogModuleManager: Shutting down and abandoning module SlateRemote (122)
[2016.03.10-19.32.05:144][521]LogModuleManager: Shutting down and abandoning module SteamVRController (121)
[2016.03.10-19.32.05:144][521]LogModuleManager: Shutting down and abandoning module SteamVR (120)
[2016.03.10-19.32.05:144][521]LogModuleManager: Shutting down and abandoning module ProceduralMeshComponent (119)
[2016.03.10-19.32.05:144][521]LogModuleManager: Shutting down and abandoning module OculusLibrary (118)
[2016.03.10-19.32.05:144][521]LogModuleManager: Shutting down and abandoning module OculusInput (117)
[2016.03.10-19.32.05:144][521]LogModuleManager: Shutting down and abandoning module LeapMotionController (116)
[2016.03.10-19.32.05:169][521]LogModuleManager: Shutting down and abandoning module CustomMeshComponent (115)
[2016.03.10-19.32.05:169][521]LogModuleManager: Shutting down and abandoning module CableComponent (114)
[2016.03.10-19.32.05:169][521]LogModuleManager: Shutting down and abandoning module ArchVisCharacter (113)
[2016.03.10-19.32.05:169][521]LogModuleManager: Shutting down and abandoning module MessagingDebugger (112)
[2016.03.10-19.32.05:170][521]LogModuleManager: Shutting down and abandoning module MediaPlayerEditor (111)
[2016.03.10-19.32.05:170][521]LogModuleManager: Shutting down and abandoning module HTML5Networking (110)
[2016.03.10-19.32.05:170][521]LogModuleManager: Shutting down and abandoning module SpeedTreeImporter (109)
[2016.03.10-19.32.05:170][521]LogModuleManager: Shutting down and abandoning module PluginBrowser (108)
[2016.03.10-19.32.05:171][521]LogModuleManager: Shutting down and abandoning module EpicSurvey (107)
[2016.03.10-19.32.05:171][521]LogModuleManager: Shutting down and abandoning module DesktopPlatform (106)
[2016.03.10-19.32.05:171][521]LogModuleManager: Shutting down and abandoning module VisualStudioSourceCodeAccess (105)
[2016.03.10-19.32.05:171][521]LogModuleManager: Shutting down and abandoning module UObjectPlugin (104)
[2016.03.10-19.32.05:171][521]LogModuleManager: Shutting down and abandoning module SubversionSourceControl (103)
[2016.03.10-19.32.05:171][521]LogModuleManager: Shutting down and abandoning module PerforceSourceControl (102)
[2016.03.10-19.32.05:171][521]LogModuleManager: Shutting down and abandoning module SourceControl (101)
[2016.03.10-19.32.05:171][521]LogModuleManager: Shutting down and abandoning module GitSourceControl (100)
[2016.03.10-19.32.05:171][521]LogModuleManager: Shutting down and abandoning module LightPropagationVolumeEditor (99)
[2016.03.10-19.32.05:171][521]LogModuleManager: Shutting down and abandoning module PaperTiledImporter (98)
[2016.03.10-19.32.05:171][521]LogModuleManager: Shutting down and abandoning module PaperSpriteSheetImporter (97)
[2016.03.10-19.32.05:171][521]LogModuleManager: Shutting down and abandoning module MeshPaint (96)
[2016.03.10-19.32.05:171][521]LogModuleManager: Shutting down and abandoning module SlateReflector (95)
[2016.03.10-19.32.05:172][521]LogModuleManager: Shutting down and abandoning module HotReload (94)
[2016.03.10-19.32.05:172][521]LogModuleManager: Shutting down and abandoning module MainFrame (93)
[2016.03.10-19.32.05:172][521]LogModuleManager: Shutting down and abandoning module LevelEditor (92)
[2016.03.10-19.32.05:173][521]LogModuleManager: Shutting down and abandoning module DirectoryWatcher (91)
[2016.03.10-19.32.05:177][521]LogModuleManager: Shutting down and abandoning module AssetRegistry (90)
[2016.03.10-19.32.05:280][521]LogModuleManager: Shutting down and abandoning module ContentBrowser (89)
[2016.03.10-19.32.05:281][521]LogModuleManager: Shutting down and abandoning module Paper2DEditor (88)
[2016.03.10-19.32.05:281][521]LogModuleManager: Shutting down and abandoning module Anthrocratos_UE4 (87)
[2016.03.10-19.32.05:281][521]LogModuleManager: Shutting down and abandoning module UdpMessaging (86)
[2016.03.10-19.32.05:382][521]LogModuleManager: Shutting down and abandoning module LightPropagationVolumeRuntime (85)
[2016.03.10-19.32.05:382][521]LogModuleManager: Shutting down and abandoning module Paper2D (84)
[2016.03.10-19.32.05:382][521]LogModuleManager: Shutting down and abandoning module WindowsMoviePlayer (83)
[2016.03.10-19.32.05:385][521]LogModuleManager: Shutting down and abandoning module Media (82)
[2016.03.10-19.32.05:385][521]LogModuleManager: Shutting down and abandoning module WmfMedia (81)
[2016.03.10-19.32.05:385][521]LogModuleManager: Shutting down and abandoning module OnlineBlueprintSupport (80)
[2016.03.10-19.32.05:385][521]LogModuleManager: Shutting down and abandoning module GameplayTasksEditor (79)
[2016.03.10-19.32.05:385][521]LogModuleManager: Shutting down and abandoning module PropertyEditor (78)
[2016.03.10-19.32.05:385][521]LogModuleManager: Shutting down and abandoning module BehaviorTreeEditor (77)
[2016.03.10-19.32.05:386][521]LogModuleManager: Shutting down and abandoning module FunctionalTesting (76)
[2016.03.10-19.32.05:386][521]LogModuleManager: Shutting down and abandoning module CollisionAnalyzer (75)
[2016.03.10-19.32.05:386][521]LogModuleManager: Shutting down and abandoning module WorkspaceMenuStructure (74)
[2016.03.10-19.32.05:386][521]LogModuleManager: Shutting down and abandoning module MessageLog (73)
[2016.03.10-19.32.05:386][521]LogModuleManager: Shutting down and abandoning module Sequencer (72)
[2016.03.10-19.32.05:387][521]LogModuleManager: Shutting down and abandoning module AssetTools (71)
[2016.03.10-19.32.05:388][521]LogModuleManager: Shutting down and abandoning module UMGEditor (70)
[2016.03.10-19.32.05:388][521]LogModuleManager: Shutting down and abandoning module UMG (69)
[2016.03.10-19.32.05:390][521]LogModuleManager: Shutting down and abandoning module Slate (68)
[2016.03.10-19.32.05:390][521]LogModuleManager: Shutting down and abandoning module EditorStyle (67)
[2016.03.10-19.32.05:391][521]LogModuleManager: Shutting down and abandoning module SessionServices (66)
[2016.03.10-19.32.05:391][521]LogModuleManager: Shutting down and abandoning module SourceCodeAccess (65)
[2016.03.10-19.32.05:391][521]LogModuleManager: Shutting down and abandoning module HeadMountedDisplay (64)
[2016.03.10-19.32.05:391][521]LogModuleManager: Shutting down and abandoning module XAudio2 (63)
[2016.03.10-19.32.05:391][521]LogModuleManager: Shutting down and abandoning module Networking (61)
[2016.03.10-19.32.05:391][521]LogModuleManager: Shutting down and abandoning module Core (60)
[2016.03.10-19.32.05:391][521]LogModuleManager: Shutting down and abandoning module KismetCompiler (59)
[2016.03.10-19.32.05:391][521]LogModuleManager: Shutting down and abandoning module PhysXFormats (58)
[2016.03.10-19.32.05:391][521]LogModuleManager: Shutting down and abandoning module MeshUtilities (57)
[2016.03.10-19.32.05:391][521]LogModuleManager: Shutting down and abandoning module DerivedDataCache (56)
[2016.03.10-19.32.05:412][521]LogDerivedDataCache: Shutdown
[2016.03.10-19.32.05:412][521]LogModuleManager: Shutting down and abandoning module ShaderFormatOpenGL (55)
[2016.03.10-19.32.05:413][521]LogModuleManager: Shutting down and abandoning module ShaderFormatD3D (54)
[2016.03.10-19.32.05:413][521]LogModuleManager: Shutting down and abandoning module MetalShaderFo