[2016.03.15-21.21.15:973][  0]Log file open, 03/15/16 21:21:15
[2016.03.15-21.21.15:973][  0]LogInit:Display: Running engine for game: Anthrocratos_UE4
[2016.03.15-21.21.15:973][  0]LogPlatformFile: Not using cached read wrapper
[2016.03.15-21.21.15:973][  0]LogInit:Display: RandInit(1520034162) SRandInit(1520034164).
[2016.03.15-21.21.15:973][  0]LogTaskGraph: Started task graph with 4 named threads and 7 total threads.
[2016.03.15-21.21.15:974][  0]LogStats: Stats thread started at 0.510931
[2016.03.15-21.21.15:974][  0]LogInit: Version: 4.10.2-2818068+++depot+UE4-Releases+4.10
[2016.03.15-21.21.15:974][  0]LogInit: API Version: 2758231
[2016.03.15-21.21.15:974][  0]LogInit: Compiled (64-bit): Jan  6 2016 17:36:42
[2016.03.15-21.21.15:974][  0]LogInit: Compiled with Visual C++: 19.00.23026.00
[2016.03.15-21.21.15:974][  0]LogInit: Build Configuration: Development
[2016.03.15-21.21.15:974][  0]LogInit: Branch Name: ++depot+UE4-Releases+4.10
[2016.03.15-21.21.15:974][  0]LogInit: Command line:  
[2016.03.15-21.21.15:974][  0]LogInit: Base directory: C:/Program Files (x86)/Epic Games/4.10/Engine/Binaries/Win64/
[2016.03.15-21.21.15:974][  0]LogInit: Rocket: 1
[2016.03.15-21.21.15:981][  0]LogInit: Using libcurl 7.41.0
[2016.03.15-21.21.15:981][  0]LogInit:  - built for x86_64-pc-win32
[2016.03.15-21.21.15:981][  0]LogInit:  - supports SSL with WinSSL
[2016.03.15-21.21.15:981][  0]LogInit:  - other features:
[2016.03.15-21.21.15:981][  0]LogInit:      CURL_VERSION_SSL
[2016.03.15-21.21.15:981][  0]LogInit:      CURL_VERSION_IPV6
[2016.03.15-21.21.15:981][  0]LogInit:      CURL_VERSION_ASYNCHDNS
[2016.03.15-21.21.15:981][  0]LogInit:      CURL_VERSION_LARGEFILE
[2016.03.15-21.21.15:981][  0]LogInit:      CURL_VERSION_IDN
[2016.03.15-21.21.15:981][  0]LogInit:  CurlRequestOptions (configurable via config and command line):
[2016.03.15-21.21.15:981][  0]LogInit:  - bVerifyPeer = true  - Libcurl will verify peer certificate
[2016.03.15-21.21.15:981][  0]LogInit:  - bUseHttpProxy = false  - Libcurl will NOT use HTTP proxy
[2016.03.15-21.21.15:981][  0]LogInit:  - bDontReuseConnections = false  - Libcurl will reuse connections
[2016.03.15-21.21.15:981][  0]LogInit:  - CertBundlePath = nullptr  - Libcurl will use whatever was configured at build time.
[2016.03.15-21.21.15:987][  0]LogInit: Presizing for 0 objects not considered by GC, pre-allocating 0 bytes.
[2016.03.15-21.21.15:994][  0]LogInit: Object subsystem initialized
[2016.03.15-21.21.15:994][  0]LogInit: Selected Device Profile: [Windows]
[2016.03.15-21.21.15:994][  0]LogInit: Applying CVar settings loaded from the selected device profile: [Windows]
[2016.03.15-21.21.16:012][  0]LogInit: Computer: JORDANCOYLE-PC
[2016.03.15-21.21.16:012][  0]LogInit: User: JordanCoyle
[2016.03.15-21.21.16:012][  0]LogInit: CPU Page size=4096, Cores=4
[2016.03.15-21.21.16:012][  0]LogInit: High frequency timer resolution =3.233220 MHz
[2016.03.15-21.21.16:012][  0]LogMemory: Memory total: Physical=7.9GB (8GB approx)
[2016.03.15-21.21.16:012][  0]LogMemory: Platform Memory Stats for Windows
[2016.03.15-21.21.16:012][  0]LogMemory: Process Physical Memory: 56.72 MB used, 56.72 MB peak
[2016.03.15-21.21.16:012][  0]LogMemory: Process Virtual Memory: 56.92 MB used, 56.92 MB peak
[2016.03.15-21.21.16:012][  0]LogMemory: Physical Memory: 4391.86 MB used, 8096.33 MB total
[2016.03.15-21.21.16:012][  0]LogMemory: Virtual Memory: 378.87 MB used, 134217728.00 MB total
[2016.03.15-21.21.16:393][  0]LogTextLocalizationManager: No specific translations for ('en-GB') exist, so ('en') translations will be used.
[2016.03.15-21.21.17:798][  0]LogD3D11RHI: Found D3D11 adapter 0: NVIDIA GeForce GTX 970 (Feature Level 11_0)
[2016.03.15-21.21.17:798][  0]LogD3D11RHI: Adapter has 4008MB of dedicated video memory, 0MB of dedicated system memory, and 4048MB of shared system memory, 1 output[s]
[2016.03.15-21.21.18:079][  0]LogD3D11RHI: Found D3D11 adapter 1: Intel(R) HD Graphics 3000 (Feature Level 10_0)
[2016.03.15-21.21.18:079][  0]LogD3D11RHI: Adapter has 32MB of dedicated video memory, 0MB of dedicated system memory, and 1632MB of shared system memory, 0 output[s]
[2016.03.15-21.21.18:081][  0]LogD3D11RHI: Found D3D11 adapter 2: Microsoft Basic Render Driver (Feature Level 11_0)
[2016.03.15-21.21.18:081][  0]LogD3D11RHI: Adapter has 0MB of dedicated video memory, 0MB of dedicated system memory, and 4048MB of shared system memory, 0 output[s]
[2016.03.15-21.21.18:081][  0]LogD3D11RHI: Chosen D3D11 Adapter Id = 0
[2016.03.15-21.21.18:102][  0]LogD3D11RHI: !Direct3DDevice
[2016.03.15-21.21.18:103][  0]LogRHI: Texture pool is 1361 MB (70% of 1945 MB)
[2016.03.15-21.21.18:114][  0]LogD3D11RHI: Async texture creation enabled
[2016.03.15-21.21.18:504][  0]LogShaderCompilers: Guid format shader working directory is -28 characters bigger than the processId version (../../../../../../Users/Jordan Coyle/Documents/Anthrocratos/Anthrocratos_UE4/Intermediate/Shaders/WorkingDirectory/22184/).
[2016.03.15-21.21.18:505][  0]LogShaderCompilers: Cleaned the shader compiler working directory 'C:/Users/JORDAN~1/AppData/Local/Temp/UnrealShaderWorkingDir/16BE44F44113FB0F9C6D80A009BE4A15/'.
[2016.03.15-21.21.18:527][  0]LogShaderCompilers:Display: Using Local Shader Compiler.
[2016.03.15-21.21.23:357][  0]LogTemp:Display: Loaded TP AllDesktopTargetPlatform
[2016.03.15-21.21.23:395][  0]LogTemp:Display: Loaded TP WindowsClientTargetPlatform
[2016.03.15-21.21.23:413][  0]LogTemp:Display: Loaded TP WindowsNoEditorTargetPlatform
[2016.03.15-21.21.23:445][  0]LogTemp:Display: Loaded TP WindowsServerTargetPlatform
[2016.03.15-21.21.23:465][  0]LogTemp:Display: Loaded TP WindowsTargetPlatform
[2016.03.15-21.21.23:490][  0]LogTemp:Display: Loaded TP AndroidTargetPlatform
[2016.03.15-21.21.23:515][  0]LogTemp:Display: Loaded TP Android_ASTCTargetPlatform
[2016.03.15-21.21.23:537][  0]LogTemp:Display: Loaded TP Android_ATCTargetPlatform
[2016.03.15-21.21.23:560][  0]LogTemp:Display: Loaded TP Android_DXTTargetPlatform
[2016.03.15-21.21.23:577][  0]LogTemp:Display: Loaded TP Android_ETC1TargetPlatform
[2016.03.15-21.21.23:599][  0]LogTemp:Display: Loaded TP Android_ETC2TargetPlatform
[2016.03.15-21.21.23:643][  0]LogTemp:Display: Loaded TP Android_MultiTargetPlatform
[2016.03.15-21.21.23:643][  0]LogTemp:Display: Loaded TP Android_PVRTCTargetPlatform
[2016.03.15-21.21.23:658][  0]LogTemp:Display: Loaded TP HTML5TargetPlatform
[2016.03.15-21.21.23:787][  0]LogTemp:Display: Loaded TP IOSTargetPlatform
[2016.03.15-21.21.23:805][  0]LogTemp:Display: Loaded TP LinuxNoEditorTargetPlatform
[2016.03.15-21.21.23:813][  0]LogTemp:Display: Loaded TP LinuxServerTargetPlatform
[2016.03.15-21.21.23:842][  0]LogTemp:Display: Loaded TP LinuxTargetPlatform
[2016.03.15-21.21.23:842][  0]LogTargetPlatformManager:Display: Building Assets For Windows
[2016.03.15-21.21.24:458][  0]LogDerivedDataCache:Display: Max Cache Size: 512 MB
[2016.03.15-21.21.25:041][  0]LogDerivedDataCache: Loaded boot cache 0.57s 41MB C:/Users/Jordan Coyle/AppData/Local/UnrealEngine/4.10/DerivedDataCache/Boot.ddc.
[2016.03.15-21.21.25:041][  0]LogDerivedDataCache:Display: Loaded Boot cache: C:/Users/Jordan Coyle/AppData/Local/UnrealEngine/4.10/DerivedDataCache/Boot.ddc
[2016.03.15-21.21.25:041][  0]LogDerivedDataCache: FDerivedDataBackendGraph:  Pak pak cache file ../../../../../../Users/Jordan Coyle/Documents/Anthrocratos/Anthrocratos_UE4/DerivedDataCache/DDC.ddp not found, will not use a pak cache.
[2016.03.15-21.21.25:041][  0]LogDerivedDataCache: Unable to find inner node Pak for hierarchical cache Hierarchy.
[2016.03.15-21.21.25:041][  0]LogDerivedDataCache: FDerivedDataBackendGraph:  CompressedPak pak cache file ../../../../../../Users/Jordan Coyle/Documents/Anthrocratos/Anthrocratos_UE4/DerivedDataCache/Compressed.ddp not found, will not use a pak cache.
[2016.03.15-21.21.25:041][  0]LogDerivedDataCache: Unable to find inner node CompressedPak for hierarchical cache Hierarchy.
[2016.03.15-21.21.25:248][  0]LogDerivedDataCache:Display: Pak cache opened for reading ../../../Engine/DerivedDataCache/Compressed.ddp.
[2016.03.15-21.21.25:294][  0]LogDerivedDataCache: Using Local data cache path C:/Users/Jordan Coyle/AppData/Local/UnrealEngine/Common/DerivedDataCache: Writable
[2016.03.15-21.21.33:602][  0]LogInit: Selected Device Profile: [Windows]
[2016.03.15-21.21.33:827][  0]LogContentStreaming: Texture pool size is 0.000000MB
[2016.03.15-21.21.35:646][  0]LogMeshUtilities: No automatic mesh reduction module available
[2016.03.15-21.21.35:646][  0]LogMeshUtilities: No automatic mesh merging module available
[2016.03.15-21.21.40:557][  0]LogInit: WinSock: version 1.1 (2.2), MaxSocks=32767, MaxUdp=65467
[2016.03.15-21.21.59:213][  0]UdpMessaging: Initializing bridge on interface 0.0.0.0:0 to multicast group 230.0.0.1:6666.
[2016.03.15-21.22.00:485][  0]LogAssetRegistry: FAssetRegistry took 0.0152 seconds to start up
[2016.03.15-21.22.06:763][  0]SourceControl: Info Source control is disabled
[2016.03.15-21.22.06:936][  0]SourceControl: Info Source control is disabled
[2016.03.15-21.22.07:220][  0]SourceControl: Info Source control is disabled
[2016.03.15-21.22.07:387][  0]SourceControl: Info Source control is disabled
[2016.03.15-21.22.11:941][  0]LogObj: 28645 objects as part of root set at end of initial load.
[2016.03.15-21.22.11:942][  0]LogUObjectAllocator: 6105096 out of 0 bytes used by permanent object pool.
[2016.03.15-21.22.22:057][  0]LogAutomationTest:Warning: Smoke tests took > 1s to run: 8.71s
[2016.03.15-21.22.23:230][  0]LogEngine: Initializing Engine...
[2016.03.15-21.22.23:551][  0]LogHMD: Can't find Oculus library dev build: is proper Runtime installed? Version: 0.8.0.0
[2016.03.15-21.22.26:376][  0]LogHMD: SteamVR failed to initialize.  Err: 108
[2016.03.15-21.22.37:523][  0]LogAIModule: Creating AISystem for world NewWorld
[2016.03.15-21.22.41:106][  0]LogInit: XAudio2 using 'Speakers (Razer Surround Audio Controller)' : 8 channels at 48 kHz using 16 bits per sample (channel mask 0x63f)
[2016.03.15-21.22.41:401][  0]LogInit: FAudioDevice initialized.
[2016.03.15-21.22.41:441][  0]LogDerivedDataCache: Saved boot cache 0.02s 41MB C:/Users/Jordan Coyle/AppData/Local/UnrealEngine/4.10/DerivedDataCache/Boot.ddc.
[2016.03.15-21.22.41:448][  0]LogInit: Texture streaming: Enabled
[2016.03.15-21.22.42:316][  0]LogAnalytics: Creating configured Analytics provider AnalyticsET
[2016.03.15-21.22.42:320][  0]LogAnalytics: [UEEditor.Rocket.Release] APIServer = http://et2.epicgames.com/ET2/. AppVersion = 4.10.2-2818068+++depot+UE4-Releases+4.10
[2016.03.15-21.22.42:321][  0]LogAnalytics: [UEEditor.Rocket.Release] SetUserId 904e41cd438aba9bb04f26ae3d7cdd1e|f543c5249e454624aa0c7175b8875023|ce6cde7c-d7ff-441f-8f40-d6f700bed5ca
[2016.03.15-21.22.42:476][  0]LogAnalytics: [UEEditor.Rocket.Release] AnalyticsET::StartSession
[2016.03.15-21.22.44:044][  0]LogInit: Transaction tracking system initialized
[2016.03.15-21.22.48:810][  0]BlueprintLog: New page: Editor Load
[2016.03.15-21.23.01:027][  0]LocalizationService: Info Localization service is disabled
[2016.03.15-21.23.06:104][  0]LogConsoleResponse:Display: 
[2016.03.15-21.23.12:312][  0]LogFileCache: Scanning file cache for directory 'C:/Users/Jordan Coyle/Documents/Anthrocratos/Anthrocratos_UE4/Content/' took 0.11s
[2016.03.15-21.23.12:312][  0]LogCook:Display: Done creating registry. It took  0.00s.
[2016.03.15-21.23.17:103][  0]SourceControl: Info Source control is disabled
[2016.03.15-21.23.17:418][  0]Cmd: MAP LOAD FILE="../../../../../../Users/Jordan Coyle/Documents/Anthrocratos/Anthrocratos_UE4/Content/Levels/Kieran-Test.umap" TEMPLATE=0 SHOWPROGRESS=1 FEATURELEVEL=3
[2016.03.15-21.23.17:733][  0]LightingResults: New page: Lighting Build
[2016.03.15-21.23.19:151][  0]MapCheck: New page: Map Check
[2016.03.15-21.23.19:151][  0]LightingResults: New page: Lighting Build
[2016.03.15-21.23.21:119][  0]LogParticles: Destroying 0 GPU particle simulations for FXSystem 0x0000001AE5073240
[2016.03.15-21.23.27:316][  0]LogBlueprint:Warning: USimpleConstructionScript::FixupRootNodeParentReferences() - Couldn't find inherited parent component 'TileMesh' for 'BuildingMesh' in BlueprintGeneratedClass 'REINST_Building_C_34' (it may have been removed)
[2016.03.15-21.23.28:181][  0]LogLinker:Warning: CreateExport: Failed to load Parent for Function /Game/Blueprints/Tiles/Buildings/BatteryCagedLivestock.BatteryCagedLivestock_C:UserConstructionScript; removing parent information, but keeping function
[2016.03.15-21.23.28:238][  0]LogLinker:Warning: CreateExport: Failed to load Parent for Function /Game/Blueprints/Tiles/Buildings/FossilBasedEnergy.FossilBasedEnergy_C:UserConstructionScript; removing parent information, but keeping function
[2016.03.15-21.23.28:249][  0]LogLinker:Warning: CreateExport: Failed to load Parent for Function /Game/Blueprints/Tiles/Buildings/Free-RangeLivestock.Free-RangeLivestock_C:UserConstructionScript; removing parent information, but keeping function
[2016.03.15-21.23.28:331][  0]LogLinker:Warning: CreateExport: Failed to load Parent for Function /Game/Blueprints/Tiles/Buildings/Incinerator.Incinerator_C:UserConstructionScript; removing parent information, but keeping function
[2016.03.15-21.23.28:363][  0]LogLinker:Warning: CreateExport: Failed to load Parent for Function /Game/Blueprints/Tiles/Buildings/IntensiveFarming.IntensiveFarming_C:UserConstructionScript; removing parent information, but keeping function
[2016.03.15-21.23.28:375][  0]LogLinker:Warning: CreateExport: Failed to load Parent for Function /Game/Blueprints/Tiles/Buildings/NuclearPower.NuclearPower_C:UserConstructionScript; removing parent information, but keeping function
[2016.03.15-21.23.28:384][  0]LogLinker:Warning: CreateExport: Failed to load Parent for Function /Game/Blueprints/Tiles/Buildings/OrganicFarm.OrganicFarm_C:UserConstructionScript; removing parent information, but keeping function
[2016.03.15-21.23.28:393][  0]LogLinker:Warning: CreateExport: Failed to load Parent for Function /Game/Blueprints/Tiles/Buildings/RecyclingCentre.RecyclingCentre_C:UserConstructionScript; removing parent information, but keeping function
[2016.03.15-21.23.28:403][  0]LogLinker:Warning: CreateExport: Failed to load Parent for Function /Game/Blueprints/Tiles/Buildings/SolarPanels.SolarPanels_C:UserConstructionScript; removing parent information, but keeping function
[2016.03.15-21.23.28:413][  0]LogLinker:Warning: CreateExport: Failed to load Parent for Function /Game/Blueprints/Tiles/Buildings/Windmills.Windmills_C:UserConstructionScript; removing parent information, but keeping function
[2016.03.15-21.23.28:929][  0]LogLinker:Warning: CreateExport: Failed to load Parent for Function /Game/Blueprints/Tiles/Biomes/DesertTile.DesertTile_C:UserConstructionScript; removing parent information, but keeping function
[2016.03.15-21.23.28:933][  0]LogLinker:Warning: CreateExport: Failed to load Parent for Function /Game/Blueprints/Tiles/Biomes/FieldTile.FieldTile_C:UserConstructionScript; removing parent information, but keeping function
[2016.03.15-21.23.29:080][  0]LogLinker:Warning: CreateExport: Failed to load Parent for Function /Game/Blueprints/Tiles/Biomes/ForestTile.ForestTile_C:UserConstructionScript; removing parent information, but keeping function
[2016.03.15-21.23.29:168][  0]LogLinker:Warning: CreateExport: Failed to load Parent for Function /Game/Blueprints/Tiles/Biomes/MountainTile.MountainTile_C:UserConstructionScript; removing parent information, but keeping function
[2016.03.15-21.23.29:173][  0]LogLinker:Warning: CreateExport: Failed to load Parent for Function /Game/Blueprints/Tiles/Buildings/CityCentre.CityCentre_C:UserConstructionScript; removing parent information, but keeping function
[2016.03.15-21.23.29:410][  0]LogBlueprint:Error: Broken Node: K2Node_CallArrayFunction /Game/Blueprints/Tiles/GameTileSpawner.GameTileSpawner:SetTileIsFilled.K2Node_CallArrayFunction_44 keeps removed/invalid pin: EdGraphPin /Game/Blueprints/Tiles/GameTileSpawner.GameTileSpawner:SetTileIsFilled.K2Node_CallArrayFunction_44.EdGraphPin_44770. Try refresh all nodes.
[2016.03.15-21.23.29:523][  0]LogBlueprint:Error: Broken Node: K2Node_CallArrayFunction /Game/Blueprints/Tiles/GameTileSpawner.GameTileSpawner:SetTileIsFilled.K2Node_CallArrayFunction_44 keeps removed/invalid pin: EdGraphPin /Game/Blueprints/Tiles/GameTileSpawner.GameTileSpawner:SetTileIsFilled.K2Node_CallArrayFunction_44.EdGraphPin_44770. Try refresh all nodes.
[2016.03.15-21.23.34:154][  0]LogAIModule: Creating AISystem for world Kieran-Test
[2016.03.15-21.23.36:964][  0]LogEditorServer: Finished looking for orphan Actors (0.028 secs)
[2016.03.15-21.23.37:436][  0]Cmd: MAP CHECKDEP NOCLEARLOG
[2016.03.15-21.23.37:742][  0]MapCheck: Info Map check complete: 0 Error(s), 0 Warning(s), took 305.994ms to complete.
[2016.03.15-21.23.37:760][  0]LogFileHelpers: Loading map 'Kieran-Test' took 20.486
[2016.03.15-21.23.43:626][  0]LogCollectionManager: Loaded 0 collections in 0.002522 seconds
[2016.03.15-21.23.43:801][  0]LogFileCache: Scanning file cache for directory 'C:/Users/Jordan Coyle/Documents/Anthrocratos/Anthrocratos_UE4/Saved/Collections/' took 0.01s
[2016.03.15-21.23.43:801][  0]LogFileCache: Scanning file cache for directory 'C:/Users/Jordan Coyle/Documents/Anthrocratos/Anthrocratos_UE4/Content/Developers/JordanCoyle/Collections/' took 0.01s
[2016.03.15-21.23.43:801][  0]LogFileCache: Scanning file cache for directory 'C:/Users/Jordan Coyle/Documents/Anthrocratos/Anthrocratos_UE4/Content/Collections/' took 0.01s
[2016.03.15-21.23.43:801][  0]LogCollectionManager: Rebuilt the GUID cache for 0 collections in 0.000002 seconds
[2016.03.15-21.23.43:840][  0]LogContentBrowser: Native class hierarchy populated in 0.0379 seconds. Added 1896 classes and 340 folders.
[2016.03.15-21.23.44:094][  0]LogContentBrowser: Native class hierarchy updated for 'WidgetCarousel' in 0.0012 seconds. Added 0 classes and 0 folders.
[2016.03.15-21.23.45:664][  0]LogContentBrowser: Native class hierarchy updated for 'AddContentDialog' in 0.0013 seconds. Added 0 classes and 0 folders.
[2016.03.15-21.23.45:930][  0]LogContentBrowser: Native class hierarchy updated for 'SceneOutliner' in 0.0013 seconds. Added 1 classes and 2 folders.
[2016.03.15-21.23.47:620][  0]LogCrashTracker: Crashtracker disabled due to settings.
[2016.03.15-21.23.48:218][  0]LogUObjectGlobals:Warning: Failed to find object 'Class None.'
[2016.03.15-21.23.48:330][  0]LogLoad: Full Startup: 155.53 seconds (BP compile: 3.46 seconds)
[2016.03.15-21.23.48:449][  0]LogWindowsTextInputMethodSystem:Display: IME system now deactivated.
[2016.03.15-21.23.48:470][  0]LogOcInput: Can't find Oculus library dev build: is proper Runtime installed? Version: 0.8.0.0
[2016.03.15-21.23.50:103][  0]LogContentStreaming: Texture pool size now 1000 MB
[2016.03.15-21.23.52:515][  0]LogRenderer: Reallocating scene render targets to support 1208x572 (Frame:2).
[2016.03.15-21.23.53:820][  1]LogFileCache: Retrieving MD5 hashes for directory 'C:/Users/Jordan Coyle/Documents/Anthrocratos/Anthrocratos_UE4/Content/' took 5.16s
[2016.03.15-21.23.55:406][ 13]LogAssetRegistry: Asset discovery search completed in 114.9337 seconds
[2016.03.15-21.23.55:413][ 13]LogCollectionManager: Rebuilt the object cache for 0 collections in 0.000001 seconds (found 0 objects)
[2016.03.15-21.23.55:415][ 13]LogCollectionManager: Fixed up redirectors for 0 collections in 0.007650 seconds (updated 0 objects)
[2016.03.15-21.47.07:847][782]LogBlueprint:Warning: [compiler BTTask_BlueprintBase_New] Warning 'Item' is already a 'Hex Tile Basic', you don't need  Cast To HexTileBasic .
[2016.03.15-21.47.07:848][782]LogBlueprint:Warning: [compiler BTTask_BlueprintBase_New] Warning [1555.05] Compile of BTTask_BlueprintBase_New successful, but with 1 Warning(s) [in 76 ms]
[2016.03.15-21.47.07:848][782]LogBlueprint:Warning: [compiler BTTask_BlueprintBase_New] Warning [1555.05] Compile of BTTask_BlueprintBase_New successful, but with 2 Warning(s) [in 0 ms]
[2016.03.15-21.47.07:848][782]LogBlueprint:Warning: [compiler BTTask_BlueprintBase_New] Warning [1555.05] Compile of BTTask_BlueprintBase_New successful, but with 3 Warning(s) [in 0 ms]
[2016.03.15-21.47.07:876][782]LogBlueprint:Warning: [compiler BTTask_BlueprintBase_New] Warning 'Item' is already a 'Hex Tile Basic', you don't need  Cast To HexTileBasic .
[2016.03.15-21.47.07:877][782]LogBlueprint:Warning: [compiler BTTask_BlueprintBase_New] Warning [1555.08] Compile of BTTask_BlueprintBase_New successful, but with 1 Warning(s) [in 4 ms]
[2016.03.15-21.47.07:878][782]LogBlueprint:Warning: [compiler BTTask_BlueprintBase_New] Warning [1555.08] Compile of BTTask_BlueprintBase_New successful, but with 2 Warning(s) [in 0 ms]
[2016.03.15-21.47.07:878][782]LogBlueprint:Warning: [compiler BTTask_BlueprintBase_New] Warning [1555.08] Compile of BTTask_BlueprintBase_New successful, but with 3 Warning(s) [in 0 ms]
[2016.03.15-21.47.16:679][561]LogLinker:Warning: Asset '../../../Engine/Content/ArtTools/RenderToTexture/Macros/RenderToTextureMacros.uasset' has been saved with empty engine version. The asset will be loaded but may be incompatible.
[2016.03.15-21.47.17:937][561]LogContentBrowser: Native class hierarchy updated for 'BlueprintGraph' in 0.0108 seconds. Added 107 classes and 0 folders.
[2016.03.15-21.47.55:381][305]BlueprintLog: New page: Compile BTTask_BlueprintBase_New
[2016.03.15-21.47.55:392][305]LogBlueprint:Warning: [compiler BTTask_BlueprintBase_New] Warning 'Item' is already a 'Hex Tile Basic', you don't need  Cast To HexTileBasic .
[2016.03.15-21.47.56:044][305]LogBlueprint:Warning: [compiler BTTask_BlueprintBase_New] Warning [1603.24] Compile of BTTask_BlueprintBase_New successful, but with 1 Warning(s) [in 663 ms]
[2016.03.15-21.47.56:063][305]BlueprintEditorCompileResults:Warning: Warning 'Item' is already a 'Hex Tile Basic', you don't need  Cast To HexTileBasic .
[2016.03.15-21.47.56:063][305]BlueprintEditorCompileResults:Warning: Warning [1603.24] Compile of BTTask_BlueprintBase_New successful, but with 1 Warning(s) [in 663 ms]
[2016.03.15-21.48.04:529][275]LogAIModule: Creating AISystem for world Jordan-Test
[2016.03.15-21.48.06:963][275]LogSavePackage: Save=192.266541ms
[2016.03.15-21.48.06:963][275]LogSavePackage: Moving '../../../../../../Users/Jordan Coyle/Documents/Anthrocratos/Anthrocratos_UE4/Saved/BTTask_BlueprintBase_New64BE66A34ADFCBF7E2D572A069669AA2.tmp' to '../../../../../../Users/Jordan Coyle/Documents/Anthrocratos/Anthrocratos_UE4/Content/Blueprints/AI/BTTask_BlueprintBase_New.uasset'
[2016.03.15-21.48.06:969][275]LogSavePackage: Total save time: 305.054095ms
[2016.03.15-21.48.06:969][275]LogSavePackage:Display: Finished SavePackage ../../../../../../Users/Jordan Coyle/Documents/Anthrocratos/Anthrocratos_UE4/Content/Blueprints/AI/BTTask_BlueprintBase_New.uasset
[2016.03.15-21.48.07:012][275]Cmd: MAP LOAD FILE="../../../../../../Users/Jordan Coyle/Documents/Anthrocratos/Anthrocratos_UE4/Content/Levels/Jordan-Test.umap" TEMPLATE=0 SHOWPROGRESS=1 FEATURELEVEL=3
[2016.03.15-21.48.07:012][275]LightingResults: New page: Lighting Build
[2016.03.15-21.48.07:033][275]LoadErrors: New page: Loading map: Jordan-Test.umap
[2016.03.15-21.48.07:148][275]MapCheck: New page: Map Check
[2016.03.15-21.48.07:148][275]LightingResults: New page: Lighting Build
[2016.03.15-21.48.07:258][275]LogParticles: Destroying 0 GPU particle simulations for FXSystem 0x0000001AEC7B28E0
[2016.03.15-21.48.07:621][275]LogEditorServer: Finished looking for orphan Actors (0.000 secs)
[2016.03.15-21.48.07:656][275]Cmd: MAP CHECKDEP NOCLEARLOG
[2016.03.15-21.48.07:713][275]MapCheck: Info Map check complete: 0 Error(s), 0 Warning(s), took 56.335ms to complete.
[2016.03.15-21.48.07:713][275]LogFileHelpers: Loading map 'Jordan-Test' took 0.744
[2016.03.15-21.48.13:198][905]LogPlayLevel: PlayLevel: No blueprints needed recompiling
[2016.03.15-21.48.13:311][905]PIE: New page: PIE session: Jordan-Test (15 Mar 2016 21:48:13)
[2016.03.15-21.48.13:322][905]LogPlayLevel: Creating play world package: /Game/Levels/UEDPIE_0_Jordan-Test
[2016.03.15-21.48.13:354][905]LogPlayLevel: PIE: StaticDuplicateObject took: (0.032316s)
[2016.03.15-21.48.13:355][905]LogAIModule: Creating AISystem for world Jordan-Test
[2016.03.15-21.48.13:355][905]LogPlayLevel: PIE: World Init took: (0.000749s)
[2016.03.15-21.48.13:356][905]LogPlayLevel: PIE: Created PIE world by copying editor world from /Game/Levels/Jordan-Test.Jordan-Test to /Game/Levels/UEDPIE_0_Jordan-Test.Jordan-Test (0.044267s)
[2016.03.15-21.48.13:437][905]LogInit: XAudio2 using 'Speakers (Razer Surround Audio Controller)' : 8 channels at 48 kHz using 16 bits per sample (channel mask 0x63f)
[2016.03.15-21.48.13:441][905]LogInit: FAudioDevice initialized.
[2016.03.15-21.48.13:669][905]LogWorld: Game class is 'Anthrocratos_UE4GameMode'
[2016.03.15-21.48.13:793][905]LogWorld: Bringing World /Game/Levels/UEDPIE_0_Jordan-Test.Jordan-Test up for play (max tick rate 0) at 2016.03.15-21.48.13
[2016.03.15-21.48.13:793][905]LogActor:Warning: GameSession /Game/Levels/UEDPIE_0_Jordan-Test.Jordan-Test:PersistentLevel.GameSession_0 has natively added scene component(s), but none of them were set as the actor's RootComponent - picking one arbitrarily
[2016.03.15-21.48.13:794][905]LogActor:Warning: GameNetworkManager /Game/Levels/UEDPIE_0_Jordan-Test.Jordan-Test:PersistentLevel.GameNetworkManager_0 has natively added scene component(s), but none of them were set as the actor's RootComponent - picking one arbitrarily
[2016.03.15-21.48.13:881][905]LogWorld: Bringing up level for play took: 0.089482
[2016.03.15-21.48.14:064][905]LogBlueprintUserMessages: [AI_Controller_C_0] your mum
[2016.03.15-21.48.14:242][905]LogBlueprintUserMessages: [GameTileSpawner_222] TilesGenerated
[2016.03.15-21.48.14:286][905]PIE: Info Play in editor start time for /Game/Levels/UEDPIE_0_Jordan-Test 0.244
[2016.03.15-21.48.18:990][348]LogParticles: Destroying 0 GPU particle simulations for FXSystem 0x0000001AEA89B920
[2016.03.15-21.48.33:081][892]Cmd: UpdateLandscapeSetup
[2016.03.15-21.48.47:895][541]LogPlayLevel: PlayLevel: No blueprints needed recompiling
[2016.03.15-21.48.47:895][541]PIE: New page: PIE session: Jordan-Test (15 Mar 2016 21:48:47)
[2016.03.15-21.48.47:895][541]LogPlayLevel: Creating play world package: /Game/Levels/UEDPIE_0_Jordan-Test
[2016.03.15-21.48.47:897][541]LogPlayLevel: PIE: StaticDuplicateObject took: (0.001846s)
[2016.03.15-21.48.47:897][541]LogAIModule: Creating AISystem for world Jordan-Test
[2016.03.15-21.48.47:898][541]LogPlayLevel: PIE: World Init took: (0.000839s)
[2016.03.15-21.48.47:898][541]LogPlayLevel: PIE: Created PIE world by copying editor world from /Game/Levels/Jordan-Test.Jordan-Test to /Game/Levels/UEDPIE_0_Jordan-Test.Jordan-Test (0.002927s)
[2016.03.15-21.48.47:928][541]LogInit: XAudio2 using 'Speakers (Razer Surround Audio Controller)' : 8 channels at 48 kHz using 16 bits per sample (channel mask 0x63f)
[2016.03.15-21.48.47:931][541]LogInit: FAudioDevice initialized.
[2016.03.15-21.48.47:964][541]LogWorld: Game class is 'AnthroGameMode_C'
[2016.03.15-21.48.47:966][541]LogWorld: Bringing World /Game/Levels/UEDPIE_0_Jordan-Test.Jordan-Test up for play (max tick rate 0) at 2016.03.15-21.48.47
[2016.03.15-21.48.47:966][541]LogActor:Warning: GameSession /Game/Levels/UEDPIE_0_Jordan-Test.Jordan-Test:PersistentLevel.GameSession_1 has natively added scene component(s), but none of them were set as the actor's RootComponent - picking one arbitrarily
[2016.03.15-21.48.47:966][541]LogActor:Warning: GameNetworkManager /Game/Levels/UEDPIE_0_Jordan-Test.Jordan-Test:PersistentLevel.GameNetworkManager_1 has natively added scene component(s), but none of them were set as the actor's RootComponent - picking one arbitrarily
[2016.03.15-21.48.47:966][541]LogWorld: Bringing up level for play took: 0.001873
[2016.03.15-21.48.47:979][541]LogBlueprintUserMessages: [AI_Controller_C_0] your mum
[2016.03.15-21.48.48:229][541]LogBlueprintUserMessages: [GameTileSpawner_222] TilesGenerated
[2016.03.15-21.48.48:270][541]LogBlueprintUserMessages: [CityCentre_C_0] Building data doesn't exist
[2016.03.15-21.48.48:307][541]LogBlueprintUserMessages: [GameTileSpawner_222] Out Of Bounds Tile position
[2016.03.15-21.48.48:307][541]LogBlueprintUserMessages: [GameTileSpawner_222] Out Of Bounds Tile position
[2016.03.15-21.48.48:309][541]LogBlueprintUserMessages: [GameTileSpawner_222] spawned biome
[2016.03.15-21.48.48:311][541]LogBlueprintUserMessages: [GameTileSpawner_222] spawned biome
[2016.03.15-21.48.48:313][541]LogBlueprintUserMessages: [GameTileSpawner_222] spawned biome
[2016.03.15-21.48.48:326][541]PIE: Info Play in editor start time for /Game/Levels/UEDPIE_0_Jordan-Test 0.284
[2016.03.15-21.48.48:342][541]LogScript:Warning: Attempted to get an item from array PlayerStatObjects out of bounds [1/0]!
[2016.03.15-21.48.48:408][541]LogScript:Warning: Accessed None 'HexTileRef'
	BuildingUI_C /Engine/Transient.UnrealEdEngine_0:GameInstance_1.BuildingUI_C_0
	Function /Game/Blueprints/UI/BuildingUI.BuildingUI_C:ExecuteUbergraph_BuildingUI:00AA
[2016.03.15-21.48.48:531][542]LogScript:Warning: Accessed None 'HexTileRef'
	BuildingUI_C /Engine/Transient.UnrealEdEngine_0:GameInstance_1.BuildingUI_C_0
	Function /Game/Blueprints/UI/BuildingUI.BuildingUI_C:ExecuteUbergraph_BuildingUI:00AA
[2016.03.15-21.48.48:540][543]LogScript:Warning: Attempted to get an item from array PlayerStatObjects out of bounds [1/0]!
[2016.03.15-21.48.48:540][543]LogScript:Warning: Accessed None 'CallFunc_Array_Get_Item'
	Resource_Set_C /Game/Levels/UEDPIE_0_Jordan-Test.Jordan-Test:PersistentLevel.AI_Controller_C_0.BTComponent.Resource_Set_C_3
	Function /Game/Blueprints/AI/Resource_Set.Resource_Set_C:ExecuteUbergraph_Resource_Set:0148
[2016.03.15-21.48.48:561][543]PIE:Error: Error Accessed None 'CallFunc_Array_Get_Item' from node Get Stats in graph 'EventGraph' in blueprint Resource_Set
[2016.03.15-21.48.48:590][543]LogScript:Warning: Accessed None 'HexTileRef'
	BuildingUI_C /Engine/Transient.UnrealEdEngine_0:GameInstance_1.BuildingUI_C_0
	Function /Game/Blueprints/UI/BuildingUI.BuildingUI_C:ExecuteUbergraph_BuildingUI:00AA
[2016.03.15-21.48.48:600][544]LogScript:Warning: Accessed None 'HexTileRef'
	BuildingUI_C /Engine/Transient.UnrealEdEngine_0:GameInstance_1.BuildingUI_C_0
	Function /Game/Blueprints/UI/BuildingUI.BuildingUI_C:ExecuteUbergraph_BuildingUI:00AA
[2016.03.15-21.48.48:611][545]LogScript:Warning: Accessed None 'HexTileRef'
	BuildingUI_C /Engine/Transient.UnrealEdEngine_0:GameInstance_1.BuildingUI_C_0
	Function /Game/Blueprints/UI/BuildingUI.BuildingUI_C:ExecuteUbergraph_BuildingUI:00AA
[2016.03.15-21.48.48:621][546]LogScript:Warning: Accessed None 'HexTileRef'
	BuildingUI_C /Engine/Transient.UnrealEdEngine_0:GameInstance_1.BuildingUI_C_0
	Function /Game/Blueprints/UI/BuildingUI.BuildingUI_C:ExecuteUbergraph_BuildingUI:00AA
[2016.03.15-21.48.48:631][547]LogScript:Warning: Accessed None 'HexTileRef'
	BuildingUI_C /Engine/Transient.UnrealEdEngine_0:GameInstance_1.BuildingUI_C_0
	Function /Game/Blueprints/UI/BuildingUI.BuildingUI_C:ExecuteUbergraph_BuildingUI:00AA
[2016.03.15-21.48.48:641][548]LogScript:Warning: Accessed None 'HexTileRef'
	BuildingUI_C /Engine/Transient.UnrealEdEngine_0:GameInstance_1.BuildingUI_C_0
	Function /Game/Blueprints/UI/BuildingUI.BuildingUI_C:ExecuteUbergraph_BuildingUI:00AA
[2016.03.15-21.48.48:650][549]LogScript:Warning: Accessed None 'HexTileRef'
	BuildingUI_C /Engine/Transient.UnrealEdEngine_0:GameInstance_1.BuildingUI_C_0
	Function /Game/Blueprints/UI/BuildingUI.BuildingUI_C:ExecuteUbergraph_BuildingUI:00AA
[2016.03.15-21.48.48:661][550]LogScript:Warning: Accessed None 'HexTileRef'
	BuildingUI_C /Engine/Transient.UnrealEdEngine_0:GameInstance_1.BuildingUI_C_0
	Function /Game/Blueprints/UI/BuildingUI.BuildingUI_C:ExecuteUbergraph_BuildingUI:00AA
[2016.03.15-21.48.48:671][551]LogScript:Warning: Accessed None 'HexTileRef'
	BuildingUI_C /Engine/Transient.UnrealEdEngine_0:GameInstance_1.BuildingUI_C_0
	Function /Game/Blueprints/UI/BuildingUI.BuildingUI_C:ExecuteUbergraph_BuildingUI:00AA
[2016.03.15-21.48.48:681][552]LogScript:Warning: Accessed None 'HexTileRef'
	BuildingUI_C /Engine/Transient.UnrealEdEngine_0:GameInstance_1.BuildingUI_C_0
	Function /Game/Blueprints/UI/BuildingUI.BuildingUI_C:ExecuteUbergraph_BuildingUI:00AA
[2016.03.15-21.48.48:690][553]LogScript:Warning: Accessed None 'HexTileRef'
	BuildingUI_C /Engine/Transient.UnrealEdEngine_0:GameInstance_1.BuildingUI_C_0
	Function /Game/Blueprints/UI/BuildingUI.BuildingUI_C:ExecuteUbergraph_BuildingUI:00AA
[2016.03.15-21.48.48:700][554]LogScript:Warning: Accessed None 'HexTileRef'
	BuildingUI_C /Engine/Transient.UnrealEdEngine_0:GameInstance_1.BuildingUI_C_0
	Function /Game/Blueprints/UI/BuildingUI.BuildingUI_C:ExecuteUbergraph_BuildingUI:00AA
[2016.03.15-21.48.48:713][555]LogScript:Warning: Accessed None 'HexTileRef'
	BuildingUI_C /Engine/Transient.UnrealEdEngine_0:GameInstance_1.BuildingUI_C_0
	Function /Game/Blueprints/UI/BuildingUI.BuildingUI_C:ExecuteUbergraph_BuildingUI:00AA
[2016.03.15-21.48.48:723][556]LogScript:Warning: Accessed None 'HexTileRef'
	BuildingUI_C /Engine/Transient.UnrealEdEngine_0:GameInstance_1.BuildingUI_C_0
	Function /Game/Blueprints/UI/BuildingUI.BuildingUI_C:ExecuteUbergraph_BuildingUI:00AA
[2016.03.15-21.48.48:735][557]LogScript:Warning: Accessed None 'HexTileRef'
	BuildingUI_C /Engine/Transient.UnrealEdEngine_0:GameInstance_1.BuildingUI_C_0
	Function /Game/Blueprints/UI/BuildingUI.BuildingUI_C:ExecuteUbergraph_BuildingUI:00AA
[2016.03.15-21.48.49:144][598]LogScript:Warning: Attempted to get an item from array PlayerStatObjects out of bounds [1/0]!
[2016.03.15-21.48.49:144][598]LogScript:Warning: Accessed None 'CallFunc_Array_Get_Item'
	Resource_Set_C /Game/Levels/UEDPIE_0_Jordan-Test.Jordan-Test:PersistentLevel.AI_Controller_C_0.BTComponent.Resource_Set_C_3
	Function /Game/Blueprints/AI/Resource_Set.Resource_Set_C:ExecuteUbergraph_Resource_Set:0148
[2016.03.15-21.48.49:144][598]PIE:Error: Error Accessed None 'CallFunc_Array_Get_Item' from node Get Stats in graph 'EventGraph' in blueprint Resource_Set
[2016.03.15-21.48.49:642][649]LogScript:Warning: Attempted to get an item from array PlayerStatObjects out of bounds [1/0]!
[2016.03.15-21.48.49:642][649]LogScript:Warning: Accessed None 'CallFunc_Array_Get_Item'
	Resource_Set_C /Game/Levels/UEDPIE_0_Jordan-Test.Jordan-Test:PersistentLevel.AI_Controller_C_0.BTComponent.Resource_Set_C_3
	Function /Game/Blueprints/AI/Resource_Set.Resource_Set_C:ExecuteUbergraph_Resource_Set:0148
[2016.03.15-21.48.49:642][649]PIE:Error: Error Accessed None 'CallFunc_Array_Get_Item' from node Get Stats in graph 'EventGraph' in blueprint Resource_Set
[2016.03.15-21.48.50:144][704]LogScript:Warning: Attempted to get an item from array PlayerStatObjects out of bounds [1/0]!
[2016.03.15-21.48.50:144][704]LogScript:Warning: Accessed None 'CallFunc_Array_Get_Item'
	Resource_Set_C /Game/Levels/UEDPIE_0_Jordan-Test.Jordan-Test:PersistentLevel.AI_Controller_C_0.BTComponent.Resource_Set_C_3
	Function /Game/Blueprints/AI/Resource_Set.Resource_Set_C:ExecuteUbergraph_Resource_Set:0148
[2016.03.15-21.48.50:144][704]PIE:Error: Error Accessed None 'CallFunc_Array_Get_Item' from node Get Stats in graph 'EventGraph' in blueprint Resource_Set
[2016.03.15-21.48.50:567][751]LogScript:Warning: Attempted to get an item from array PlayerStatObjects out of bounds [1/0]!
[2016.03.15-21.48.50:567][751]LogScript:Warning: Accessed None 'CallFunc_Array_Get_Item'
	Resource_Set_C /Game/Levels/UEDPIE_0_Jordan-Test.Jordan-Test:PersistentLevel.AI_Controller_C_0.BTComponent.Resource_Set_C_3
	Function /Game/Blueprints/AI/Resource_Set.Resource_Set_C:ExecuteUbergraph_Resource_Set:0148
[2016.03.15-21.48.50:567][751]PIE:Error: Error Accessed None 'CallFunc_Array_Get_Item' from node Get Stats in graph 'EventGraph' in blueprint Resource_Set
[2016.03.15-21.48.51:087][809]LogScript:Warning: Attempted to get an item from array PlayerStatObjects out of bounds [1/0]!
[2016.03.15-21.48.51:087][809]LogScript:Warning: Accessed None 'CallFunc_Array_Get_Item'
	Resource_Set_C /Game/Levels/UEDPIE_0_Jordan-Test.Jordan-Test:PersistentLevel.AI_Controller_C_0.BTComponent.Resource_Set_C_3
	Function /Game/Blueprints/AI/Resource_Set.Resource_Set_C:ExecuteUbergraph_Resource_Set:0148
[2016.03.15-21.48.51:087][809]PIE:Error: Error Accessed None 'CallFunc_Array_Get_Item' from node Get Stats in graph 'EventGraph' in blueprint Resource_Set
[2016.03.15-21.48.51:526][856]LogScript:Warning: Accessed None 'CallFunc_SlotAsCanvasSlot_ReturnValue'
	Tooltip_C /Engine/Transient.UnrealEdEngine_0:GameInstance_1.Tooltip_C_0
	Function /Game/Blueprints/UI/Tooltip.Tooltip_C:ExecuteUbergraph_Tooltip:00C1
[2016.03.15-21.48.51:526][856]LogScript:Warning: Accessed None 'CallFunc_SlotAsCanvasSlot_ReturnValue'
	Tooltip_C /Engine/Transient.UnrealEdEngine_0:GameInstance_1.Tooltip_C_0
	Function /Game/Blueprints/UI/Tooltip.Tooltip_C:ExecuteUbergraph_Tooltip:0163
[2016.03.15-21.48.51:613][859]LogScript:Warning: Attempted to get an item from array PlayerStatObjects out of bounds [1/0]!
[2016.03.15-21.48.51:613][859]LogScript:Warning: Accessed None 'CallFunc_Array_Get_Item'
	Resource_Set_C /Game/Levels/UEDPIE_0_Jordan-Test.Jordan-Test:PersistentLevel.AI_Controller_C_0.BTComponent.Resource_Set_C_3
	Function /Game/Blueprints/AI/Resource_Set.Resource_Set_C:ExecuteUbergraph_Resource_Set:0148
[2016.03.15-21.48.51:613][859]PIE:Error: Error Accessed None 'CallFunc_Array_Get_Item' from node Get Stats in graph 'EventGraph' in blueprint Resource_Set
[2016.03.15-21.48.52:102][911]LogScript:Warning: Attempted to get an item from array PlayerStatObjects out of bounds [1/0]!
[2016.03.15-21.48.52:102][911]LogScript:Warning: Accessed None 'CallFunc_Array_Get_Item'
	Resource_Set_C /Game/Levels/UEDPIE_0_Jordan-Test.Jordan-Test:PersistentLevel.AI_Controller_C_0.BTComponent.Resource_Set_C_3
	Function /Game/Blueprints/AI/Resource_Set.Resource_Set_C:ExecuteUbergraph_Resource_Set:0148
[2016.03.15-21.48.52:102][911]PIE:Error: Error Accessed None 'CallFunc_Array_Get_Item' from node Get Stats in graph 'EventGraph' in blueprint Resource_Set
[2016.03.15-21.48.52:508][953]LogScript:Warning: Attempted to get an item from array PlayerStatObjects out of bounds [1/0]!
[2016.03.15-21.48.52:508][953]LogScript:Warning: Accessed None 'CallFunc_Array_Get_Item'
	Resource_Set_C /Game/Levels/UEDPIE_0_Jordan-Test.Jordan-Test:PersistentLevel.AI_Controller_C_0.BTComponent.Resource_Set_C_3
	Function /Game/Blueprints/AI/Resource_Set.Resource_Set_C:ExecuteUbergraph_Resource_Set:0148
[2016.03.15-21.48.52:508][953]PIE:Error: Error Accessed None 'CallFunc_Array_Get_Item' from node Get Stats in graph 'EventGraph' in blueprint Resource_Set
[2016.03.15-21.48.52:932][999]LogScript:Warning: Attempted to get an item from array PlayerStatObjects out of bounds [1/0]!
[2016.03.15-21.48.52:932][999]LogScript:Warning: Accessed None 'CallFunc_Array_Get_Item'
	Resource_Set_C /Game/Levels/UEDPIE_0_Jordan-Test.Jordan-Test:PersistentLevel.AI_Controller_C_0.BTComponent.Resource_Set_C_3
	Function /Game/Blueprints/AI/Resource_Set.Resource_Set_C:ExecuteUbergraph_Resource_Set:0148
[2016.03.15-21.48.52:932][999]PIE:Error: Error Accessed None 'CallFunc_Array_Get_Item' from node Get Stats in graph 'EventGraph' in blueprint Resource_Set
[2016.03.15-21.48.53:425][ 52]LogScript:Warning: Attempted to get an item from array PlayerStatObjects out of bounds [1/0]!
[2016.03.15-21.48.53:425][ 52]LogScript:Warning: Accessed None 'CallFunc_Array_Get_Item'
	Resource_Set_C /Game/Levels/UEDPIE_0_Jordan-Test.Jordan-Test:PersistentLevel.AI_Controller_C_0.BTComponent.Resource_Set_C_3
	Function /Game/Blueprints/AI/Resource_Set.Resource_Set_C:ExecuteUbergraph_Resource_Set:0148
[2016.03.15-21.48.53:425][ 52]PIE:Error: Error Accessed None 'CallFunc_Array_Get_Item' from node Get Stats in graph 'EventGraph' in blueprint Resource_Set
[2016.03.15-21.48.53:910][103]LogScript:Warning: Attempted to get an item from array PlayerStatObjects out of bounds [1/0]!
[2016.03.15-21.48.53:910][103]LogScript:Warning: Accessed None 'CallFunc_Array_Get_Item'
	Resource_Set_C /Game/Levels/UEDPIE_0_Jordan-Test.Jordan-Test:PersistentLevel.AI_Controller_C_0.BTComponent.Resource_Set_C_3
	Function /Game/Blueprints/AI/Resource_Set.Resource_Set_C:ExecuteUbergraph_Resource_Set:0148
[2016.03.15-21.48.53:911][103]PIE:Error: Error Accessed None 'CallFunc_Array_Get_Item' from node Get Stats in graph 'EventGraph' in blueprint Resource_Set
[2016.03.15-21.48.54:448][162]LogScript:Warning: Attempted to get an item from array PlayerStatObjects out of bounds [1/0]!
[2016.03.15-21.48.54:448][162]LogScript:Warning: Accessed None 'CallFunc_Array_Get_Item'
	Resource_Set_C /Game/Levels/UEDPIE_0_Jordan-Test.Jordan-Test:PersistentLevel.AI_Controller_C_0.BTComponent.Resource_Set_C_3
	Function /Game/Blueprints/AI/Resource_Set.Resource_Set_C:ExecuteUbergraph_Resource_Set:0148
[2016.03.15-21.48.54:448][162]PIE:Error: Error Accessed None 'CallFunc_Array_Get_Item' from node Get Stats in graph 'EventGraph' in blueprint Resource_Set
[2016.03.15-21.48.54:943][216]LogScript:Warning: Attempted to get an item from array PlayerStatObjects out of bounds [1/0]!
[2016.03.15-21.48.54:943][216]LogScript:Warning: Accessed None 'CallFunc_Array_Get_Item'
	Resource_Set_C /Game/Levels/UEDPIE_0_Jordan-Test.Jordan-Test:PersistentLevel.AI_Controller_C_0.BTComponent.Resource_Set_C_3
	Function /Game/Blueprints/AI/Resource_Set.Resource_Set_C:ExecuteUbergraph_Resource_Set:0148
[2016.03.15-21.48.54:943][216]PIE:Error: Error Accessed None 'CallFunc_Array_Get_Item' from node Get Stats in graph 'EventGraph' in blueprint Resource_Set
[2016.03.15-21.48.55:503][276]LogScript:Warning: Attempted to get an item from array PlayerStatObjects out of bounds [1/0]!
[2016.03.15-21.48.55:503][276]LogScript:Warning: Accessed None 'CallFunc_Array_Get_Item'
	Resource_Set_C /Game/Levels/UEDPIE_0_Jordan-Test.Jordan-Test:PersistentLevel.AI_Controller_C_0.BTComponent.Resource_Set_C_3
	Function /Game/Blueprints/AI/Resource_Set.Resource_Set_C:ExecuteUbergraph_Resource_Set:0148
[2016.03.15-21.48.55:503][276]PIE:Error: Error Accessed None 'CallFunc_Array_Get_Item' from node Get Stats in graph 'EventGraph' in blueprint Resource_Set
[2016.03.15-21.48.55:952][323]LogScript:Warning: Attempted to get an item from array PlayerStatObjects out of bounds [1/0]!
[2016.03.15-21.48.55:952][323]LogScript:Warning: Accessed None 'CallFunc_Array_Get_Item'
	Resource_Set_C /Game/Levels/UEDPIE_0_Jordan-Test.Jordan-Test:PersistentLevel.AI_Controller_C_0.BTComponent.Resource_Set_C_3
	Function /Game/Blueprints/AI/Resource_Set.Resource_Set_C:ExecuteUbergraph_Resource_Set:0148
[2016.03.15-21.48.55:952][323]PIE:Error: Error Accessed None 'CallFunc_Array_Get_Item' from node Get Stats in graph 'EventGraph' in blueprint Resource_Set
[2016.03.15-21.48.56:340][354]LogParticles: Destroying 0 GPU particle simulations for FXSystem 0x0000001AE59E7A60
[2016.03.15-21.49.20:018][646]LogPlayLevel: PlayLevel: No blueprints needed recompiling
[2016.03.15-21.49.20:018][646]PIE: New page: PIE session: Jordan-Test (15 Mar 2016 21:49:20)
[2016.03.15-21.49.20:018][646]LogPlayLevel: Creating play world package: /Game/Levels/UEDPIE_0_Jordan-Test
[2016.03.15-21.49.20:020][646]LogPlayLevel: PIE: StaticDuplicateObject took: (0.001893s)
[2016.03.15-21.49.20:021][646]LogAIModule: Creating AISystem for world Jordan-Test
[2016.03.15-21.49.20:021][646]LogPlayLevel: PIE: World Init took: (0.000909s)
[2016.03.15-21.49.20:021][646]LogPlayLevel: PIE: Created PIE world by copying editor world from /Game/Levels/Jordan-Test.Jordan-Test to /Game/Levels/UEDPIE_0_Jordan-Test.Jordan-Test (0.003056s)
[2016.03.15-21.49.20:051][646]LogInit: XAudio2 using 'Speakers (Razer Surround Audio Controller)' : 8 channels at 48 kHz using 16 bits per sample (channel mask 0x63f)
[2016.03.15-21.49.20:054][646]LogInit: FAudioDevice initialized.
[2016.03.15-21.49.20:090][646]LogWorld: Game class is 'AnthroGameMode_C'
[2016.03.15-21.49.20:093][646]LogWorld: Bringing World /Game/Levels/UEDPIE_0_Jordan-Test.Jordan-Test up for play (max tick rate 0) at 2016.03.15-21.49.20
[2016.03.15-21.49.20:093][646]LogActor:Warning: GameSession /Game/Levels/UEDPIE_0_Jordan-Test.Jordan-Test:PersistentLevel.GameSession_2 has natively added scene component(s), but none of them were set as the actor's RootComponent - picking one arbitrarily
[2016.03.15-21.49.20:093][646]LogActor:Warning: GameNetworkManager /Game/Levels/UEDPIE_0_Jordan-Test.Jordan-Test:PersistentLevel.GameNetworkManager_2 has natively added scene component(s), but none of them were set as the actor's RootComponent - picking one arbitrarily
[2016.03.15-21.49.20:093][646]LogWorld: Bringing up level for play took: 0.001972
[2016.03.15-21.49.20:094][646]LogBlueprintUserMessages: [AI_Controller_C_0] your mum
[2016.03.15-21.49.20:098][646]LogBlueprintUserMessages: [GameTileSpawner_222] TilesGenerated
[2016.03.15-21.49.20:099][646]LogBlueprintUserMessages: [CityCentre_C_1] Building data doesn't exist
[2016.03.15-21.49.20:102][646]LogBlueprintUserMessages: [GameTileSpawner_222] spawned biome
[2016.03.15-21.49.20:102][646]LogBlueprintUserMessages: [GameTileSpawner_222] spawned biome
[2016.03.15-21.49.20:103][646]LogBlueprintUserMessages: [GameTileSpawner_222] Out Of Bounds Tile position
[2016.03.15-21.49.20:103][646]LogBlueprintUserMessages: [GameTileSpawner_222] Out Of Bounds Tile position
[2016.03.15-21.49.20:103][646]LogBlueprintUserMessages: [GameTileSpawner_222] spawned biome
[2016.03.15-21.49.20:117][646]PIE: Info Play in editor start time for /Game/Levels/UEDPIE_0_Jordan-Test 0.075
[2016.03.15-21.49.20:118][646]LogScript:Warning: Attempted to get an item from array PlayerStatObjects out of bounds [1/0]!
[2016.03.15-21.49.20:126][646]LogScript:Warning: Accessed None 'HexTileRef'
	BuildingUI_C /Engine/Transient.UnrealEdEngine_0:GameInstance_2.BuildingUI_C_1
	Function /Game/Blueprints/UI/BuildingUI.BuildingUI_C:ExecuteUbergraph_BuildingUI:00AA
[2016.03.15-21.49.20:140][647]LogScript:Warning: Accessed None 'HexTileRef'
	BuildingUI_C /Engine/Transient.UnrealEdEngine_0:GameInstance_2.BuildingUI_C_1
	Function /Game/Blueprints/UI/BuildingUI.BuildingUI_C:ExecuteUbergraph_BuildingUI:00AA
[2016.03.15-21.49.20:150][648]LogScript:Warning: Accessed None 'HexTileRef'
	BuildingUI_C /Engine/Transient.UnrealEdEngine_0:GameInstance_2.BuildingUI_C_1
	Function /Game/Blueprints/UI/BuildingUI.BuildingUI_C:ExecuteUbergraph_BuildingUI:00AA
[2016.03.15-21.49.20:160][649]LogScript:Warning: Accessed None 'HexTileRef'
	BuildingUI_C /Engine/Transient.UnrealEdEngine_0:GameInstance_2.BuildingUI_C_1
	Function /Game/Blueprints/UI/BuildingUI.BuildingUI_C:ExecuteUbergraph_BuildingUI:00AA
[2016.03.15-21.49.20:169][650]LogScript:Warning: Accessed None 'HexTileRef'
	BuildingUI_C /Engine/Transient.UnrealEdEngine_0:GameInstance_2.BuildingUI_C_1
	Function /Game/Blueprints/UI/BuildingUI.BuildingUI_C:ExecuteUbergraph_BuildingUI:00AA
[2016.03.15-21.49.20:179][651]LogScript:Warning: Accessed None 'HexTileRef'
	BuildingUI_C /Engine/Transient.UnrealEdEngine_0:GameInstance_2.BuildingUI_C_1
	Function /Game/Blueprints/UI/BuildingUI.BuildingUI_C:ExecuteUbergraph_BuildingUI:00AA
[2016.03.15-21.49.20:188][652]LogScript:Warning: Accessed None 'HexTileRef'
	BuildingUI_C /Engine/Transient.UnrealEdEngine_0:GameInstance_2.BuildingUI_C_1
	Function /Game/Blueprints/UI/BuildingUI.BuildingUI_C:ExecuteUbergraph_BuildingUI:00AA
[2016.03.15-21.49.20:200][653]LogScript:Warning: Accessed None 'HexTileRef'
	BuildingUI_C /Engine/Transient.UnrealEdEngine_0:GameInstance_2.BuildingUI_C_1
	Function /Game/Blueprints/UI/BuildingUI.BuildingUI_C:ExecuteUbergraph_BuildingUI:00AA
[2016.03.15-21.49.20:211][654]LogScript:Warning: Accessed None 'HexTileRef'
	BuildingUI_C /Engine/Transient.UnrealEdEngine_0:GameInstance_2.BuildingUI_C_1
	Function /Game/Blueprints/UI/BuildingUI.BuildingUI_C:ExecuteUbergraph_BuildingUI:00AA
[2016.03.15-21.49.20:221][655]LogScript:Warning: Accessed None 'HexTileRef'
	BuildingUI_C /Engine/Transient.UnrealEdEngine_0:GameInstance_2.BuildingUI_C_1
	Function /Game/Blueprints/UI/BuildingUI.BuildingUI_C:ExecuteUbergraph_BuildingUI:00AA
[2016.03.15-21.49.20:233][656]LogScript:Warning: Accessed None 'HexTileRef'
	BuildingUI_C /Engine/Transient.UnrealEdEngine_0:GameInstance_2.BuildingUI_C_1
	Function /Game/Blueprints/UI/BuildingUI.BuildingUI_C:ExecuteUbergraph_BuildingUI:00AA
[2016.03.15-21.49.20:242][657]LogScript:Warning: Accessed None 'HexTileRef'
	BuildingUI_C /Engine/Transient.UnrealEdEngine_0:GameInstance_2.BuildingUI_C_1
	Function /Game/Blueprints/UI/BuildingUI.BuildingUI_C:ExecuteUbergraph_BuildingUI:00AA
[2016.03.15-21.49.20:252][658]LogScript:Warning: Accessed None 'HexTileRef'
	BuildingUI_C /Engine/Transient.UnrealEdEngine_0:GameInstance_2.BuildingUI_C_1
	Function /Game/Blueprints/UI/BuildingUI.BuildingUI_C:ExecuteUbergraph_BuildingUI:00AA
[2016.03.15-21.49.20:262][659]LogScript:Warning: Accessed None 'HexTileRef'
	BuildingUI_C /Engine/Transient.UnrealEdEngine_0:GameInstance_2.BuildingUI_C_1
	Function /Game/Blueprints/UI/BuildingUI.BuildingUI_C:ExecuteUbergraph_BuildingUI:00AA
[2016.03.15-21.49.20:272][660]LogScript:Warning: Accessed None 'HexTileRef'
	BuildingUI_C /Engine/Transient.UnrealEdEngine_0:GameInstance_2.BuildingUI_C_1
	Function /Game/Blueprints/UI/BuildingUI.BuildingUI_C:ExecuteUbergraph_BuildingUI:00AA
[2016.03.15-21.49.20:281][661]LogScript:Warning: Accessed None 'HexTileRef'
	BuildingUI_C /Engine/Transient.UnrealEdEngine_0:GameInstance_2.BuildingUI_C_1
	Function /Game/Blueprints/UI/BuildingUI.BuildingUI_C:ExecuteUbergraph_BuildingUI:00AA
[2016.03.15-21.49.20:293][662]LogScript:Warning: Accessed None 'HexTileRef'
	BuildingUI_C /Engine/Transient.UnrealEdEngine_0:GameInstance_2.BuildingUI_C_1
	Function /Game/Blueprints/UI/BuildingUI.BuildingUI_C:ExecuteUbergraph_BuildingUI:00AA
[2016.03.15-21.49.20:465][680]LogScript:Warning: Attempted to get an item from array PlayerStatObjects out of bounds [1/0]!
[2016.03.15-21.49.20:465][680]LogScript:Warning: Accessed None 'CallFunc_Array_Get_Item'
	Resource_Set_C /Game/Levels/UEDPIE_0_Jordan-Test.Jordan-Test:PersistentLevel.AI_Controller_C_0.BTComponent.Resource_Set_C_5
	Function /Game/Blueprints/AI/Resource_Set.Resource_Set_C:ExecuteUbergraph_Resource_Set:0148
[2016.03.15-21.49.20:465][680]PIE:Error: Error Accessed None 'CallFunc_Array_Get_Item' from node Get Stats in graph 'EventGraph' in blueprint Resource_Set
[2016.03.15-21.49.21:025][738]LogScript:Warning: Attempted to get an item from array PlayerStatObjects out of bounds [1/0]!
[2016.03.15-21.49.21:025][738]LogScript:Warning: Accessed None 'CallFunc_Array_Get_Item'
	Resource_Set_C /Game/Levels/UEDPIE_0_Jordan-Test.Jordan-Test:PersistentLevel.AI_Controller_C_0.BTComponent.Resource_Set_C_5
	Function /Game/Blueprints/AI/Resource_Set.Resource_Set_C:ExecuteUbergraph_Resource_Set:0148
[2016.03.15-21.49.21:025][738]PIE:Error: Error Accessed None 'CallFunc_Array_Get_Item' from node Get Stats in graph 'EventGraph' in blueprint Resource_Set
[2016.03.15-21.49.21:565][794]LogScript:Warning: Attempted to get an item from array PlayerStatObjects out of bounds [1/0]!
[2016.03.15-21.49.21:565][794]LogScript:Warning: Accessed None 'CallFunc_Array_Get_Item'
	Resource_Set_C /Game/Levels/UEDPIE_0_Jordan-Test.Jordan-Test:PersistentLevel.AI_Controller_C_0.BTComponent.Resource_Set_C_5
	Function /Game/Blueprints/AI/Resource_Set.Resource_Set_C:ExecuteUbergraph_Resource_Set:0148
[2016.03.15-21.49.21:565][794]PIE:Error: Error Accessed None 'CallFunc_Array_Get_Item' from node Get Stats in graph 'EventGraph' in blueprint Resource_Set
[2016.03.15-21.49.22:057][847]LogScript:Warning: Attempted to get an item from array PlayerStatObjects out of bounds [1/0]!
[2016.03.15-21.49.22:057][847]LogScript:Warning: Accessed None 'CallFunc_Array_Get_Item'
	Resource_Set_C /Game/Levels/UEDPIE_0_Jordan-Test.Jordan-Test:PersistentLevel.AI_Controller_C_0.BTComponent.Resource_Set_C_5
	Function /Game/Blueprints/AI/Resource_Set.Resource_Set_C:ExecuteUbergraph_Resource_Set:0148
[2016.03.15-21.49.22:057][847]PIE:Error: Error Accessed None 'CallFunc_Array_Get_Item' from node Get Stats in graph 'EventGraph' in blueprint Resource_Set
[2016.03.15-21.49.22:512][896]LogScript:Warning: Attempted to get an item from array PlayerStatObjects out of bounds [1/0]!
[2016.03.15-21.49.22:512][896]LogScript:Warning: Accessed None 'CallFunc_Array_Get_Item'
	Resource_Set_C /Game/Levels/UEDPIE_0_Jordan-Test.Jordan-Test:PersistentLevel.AI_Controller_C_0.BTComponent.Resource_Set_C_5
	Function /Game/Blueprints/AI/Resource_Set.Resource_Set_C:ExecuteUbergraph_Resource_Set:0148
[2016.03.15-21.49.22:512][896]PIE:Error: Error Accessed None 'C