[2016.02.04-12.14.01:048][  0]Log file open, 02/04/16 12:14:01
[2016.02.04-12.14.01:048][  0]LogInit:Display: Running engine for game: Anthrocratos_UE4
[2016.02.04-12.14.01:048][  0]LogPlatformFile: Not using cached read wrapper
[2016.02.04-12.14.01:048][  0]LogInit:Display: RandInit(-1526679701) SRandInit(-1526679699).
[2016.02.04-12.14.01:048][  0]LogTaskGraph: Started task graph with 4 named threads and 7 total threads.
[2016.02.04-12.14.01:048][  0]LogStats: Stats thread started at 0.097513
[2016.02.04-12.14.01:048][  0]LogInit: Version: 4.10.2-2818068+++depot+UE4-Releases+4.10
[2016.02.04-12.14.01:048][  0]LogInit: API Version: 2758231
[2016.02.04-12.14.01:048][  0]LogInit: Compiled (64-bit): Jan  6 2016 17:36:42
[2016.02.04-12.14.01:048][  0]LogInit: Compiled with Visual C++: 19.00.23026.00
[2016.02.04-12.14.01:048][  0]LogInit: Build Configuration: Development
[2016.02.04-12.14.01:048][  0]LogInit: Branch Name: ++depot+UE4-Releases+4.10
[2016.02.04-12.14.01:048][  0]LogInit: Command line: 
[2016.02.04-12.14.01:048][  0]LogInit: Base directory: C:/Program Files/Epic Games/4.10/Engine/Binaries/Win64/
[2016.02.04-12.14.01:048][  0]LogInit: Rocket: 1
[2016.02.04-12.14.01:056][  0]LogInit: Using libcurl 7.41.0
[2016.02.04-12.14.01:056][  0]LogInit:  - built for x86_64-pc-win32
[2016.02.04-12.14.01:056][  0]LogInit:  - supports SSL with WinSSL
[2016.02.04-12.14.01:056][  0]LogInit:  - other features:
[2016.02.04-12.14.01:056][  0]LogInit:      CURL_VERSION_SSL
[2016.02.04-12.14.01:056][  0]LogInit:      CURL_VERSION_IPV6
[2016.02.04-12.14.01:056][  0]LogInit:      CURL_VERSION_ASYNCHDNS
[2016.02.04-12.14.01:056][  0]LogInit:      CURL_VERSION_LARGEFILE
[2016.02.04-12.14.01:056][  0]LogInit:      CURL_VERSION_IDN
[2016.02.04-12.14.01:056][  0]LogInit:  CurlRequestOptions (configurable via config and command line):
[2016.02.04-12.14.01:056][  0]LogInit:  - bVerifyPeer = true  - Libcurl will verify peer certificate
[2016.02.04-12.14.01:056][  0]LogInit:  - bUseHttpProxy = false  - Libcurl will NOT use HTTP proxy
[2016.02.04-12.14.01:056][  0]LogInit:  - bDontReuseConnections = false  - Libcurl will reuse connections
[2016.02.04-12.14.01:056][  0]LogInit:  - CertBundlePath = nullptr  - Libcurl will use whatever was configured at build time.
[2016.02.04-12.14.01:067][  0]LogInit: Presizing for 0 objects not considered by GC, pre-allocating 0 bytes.
[2016.02.04-12.14.01:076][  0]LogInit: Object subsystem initialized
[2016.02.04-12.14.01:077][  0]LogInit: Selected Device Profile: [Windows]
[2016.02.04-12.14.01:077][  0]LogInit: Applying CVar settings loaded from the selected device profile: [Windows]
[2016.02.04-12.14.01:090][  0]LogInit: Computer: KIERAN_DESKTOP
[2016.02.04-12.14.01:090][  0]LogInit: User: Kieran
[2016.02.04-12.14.01:090][  0]LogInit: CPU Page size=4096, Cores=4
[2016.02.04-12.14.01:090][  0]LogInit: High frequency timer resolution =2.610082 MHz
[2016.02.04-12.14.01:090][  0]LogMemory: Memory total: Physical=6.0GB (6GB approx)
[2016.02.04-12.14.01:090][  0]LogMemory: Platform Memory Stats for Windows
[2016.02.04-12.14.01:090][  0]LogMemory: Process Physical Memory: 56.25 MB used, 56.25 MB peak
[2016.02.04-12.14.01:090][  0]LogMemory: Process Virtual Memory: 57.07 MB used, 57.07 MB peak
[2016.02.04-12.14.01:090][  0]LogMemory: Physical Memory: 4506.68 MB used, 6135.11 MB total
[2016.02.04-12.14.01:090][  0]LogMemory: Virtual Memory: 383.74 MB used, 134217728.00 MB total
[2016.02.04-12.14.01:133][  0]LogTextLocalizationManager: No specific translations for ('en-GB') exist, so ('en') translations will be used.
[2016.02.04-12.14.01:751][  0]LogD3D11RHI: Found D3D11 adapter 0: NVIDIA GeForce GTX 970 (Feature Level 11_0)
[2016.02.04-12.14.01:751][  0]LogD3D11RHI: Adapter has 4007MB of dedicated video memory, 0MB of dedicated system memory, and 3067MB of shared system memory, 1 output[s]
[2016.02.04-12.14.01:753][  0]LogD3D11RHI: Found D3D11 adapter 1: Microsoft Basic Render Driver (Feature Level 11_0)
[2016.02.04-12.14.01:753][  0]LogD3D11RHI: Adapter has 0MB of dedicated video memory, 0MB of dedicated system memory, and 3067MB of shared system memory, 0 output[s]
[2016.02.04-12.14.01:753][  0]LogD3D11RHI: Chosen D3D11 Adapter Id = 0
[2016.02.04-12.14.01:758][  0]LogD3D11RHI: !Direct3DDevice
[2016.02.04-12.14.01:759][  0]LogRHI: Texture pool is 1361 MB (70% of 1945 MB)
[2016.02.04-12.14.01:778][  0]LogD3D11RHI: Async texture creation enabled
[2016.02.04-12.14.01:795][  0]LogShaderCompilers: Guid format shader working directory is -16 characters bigger than the processId version (D:/Games Development/IP3 project/Anthrocratos/Anthrocratos_UE4/Intermediate/Shaders/WorkingDirectory/12260/).
[2016.02.04-12.14.01:796][  0]LogShaderCompilers: Cleaned the shader compiler working directory 'C:/Users/Kieran/AppData/Local/Temp/UnrealShaderWorkingDir/D7C5DB37452B405AF334A7A35C1BC950/'.
[2016.02.04-12.14.01:796][  0]LogShaderCompilers:Display: Using Local Shader Compiler.
[2016.02.04-12.14.02:860][  0]LogTemp:Display: Loaded TP AllDesktopTargetPlatform
[2016.02.04-12.14.02:866][  0]LogTemp:Display: Loaded TP WindowsClientTargetPlatform
[2016.02.04-12.14.02:872][  0]LogTemp:Display: Loaded TP WindowsNoEditorTargetPlatform
[2016.02.04-12.14.02:878][  0]LogTemp:Display: Loaded TP WindowsServerTargetPlatform
[2016.02.04-12.14.02:884][  0]LogTemp:Display: Loaded TP WindowsTargetPlatform
[2016.02.04-12.14.02:888][  0]LogTemp:Display: Loaded TP AndroidTargetPlatform
[2016.02.04-12.14.02:891][  0]LogTemp:Display: Loaded TP Android_ASTCTargetPlatform
[2016.02.04-12.14.02:895][  0]LogTemp:Display: Loaded TP Android_ATCTargetPlatform
[2016.02.04-12.14.02:899][  0]LogTemp:Display: Loaded TP Android_DXTTargetPlatform
[2016.02.04-12.14.02:903][  0]LogTemp:Display: Loaded TP Android_ETC1TargetPlatform
[2016.02.04-12.14.02:907][  0]LogTemp:Display: Loaded TP Android_ETC2TargetPlatform
[2016.02.04-12.14.02:915][  0]LogTemp:Display: Loaded TP Android_MultiTargetPlatform
[2016.02.04-12.14.02:915][  0]LogTemp:Display: Loaded TP Android_PVRTCTargetPlatform
[2016.02.04-12.14.02:916][  0]LogTemp:Display: Loaded TP HTML5TargetPlatform
[2016.02.04-12.14.02:935][  0]LogTemp:Display: Loaded TP IOSTargetPlatform
[2016.02.04-12.14.02:939][  0]LogTemp:Display: Loaded TP LinuxNoEditorTargetPlatform
[2016.02.04-12.14.02:942][  0]LogTemp:Display: Loaded TP LinuxServerTargetPlatform
[2016.02.04-12.14.02:946][  0]LogTemp:Display: Loaded TP LinuxTargetPlatform
[2016.02.04-12.14.02:946][  0]LogTargetPlatformManager:Display: Building Assets For Windows
[2016.02.04-12.14.03:061][  0]LogDerivedDataCache:Display: Max Cache Size: 512 MB
[2016.02.04-12.14.03:121][  0]LogDerivedDataCache: Loaded boot cache 0.06s 41MB C:/Users/Kieran/AppData/Local/UnrealEngine/4.10/DerivedDataCache/Boot.ddc.
[2016.02.04-12.14.03:121][  0]LogDerivedDataCache:Display: Loaded Boot cache: C:/Users/Kieran/AppData/Local/UnrealEngine/4.10/DerivedDataCache/Boot.ddc
[2016.02.04-12.14.03:121][  0]LogDerivedDataCache: FDerivedDataBackendGraph:  Pak pak cache file D:/Games Development/IP3 project/Anthrocratos/Anthrocratos_UE4/DerivedDataCache/DDC.ddp not found, will not use a pak cache.
[2016.02.04-12.14.03:121][  0]LogDerivedDataCache: Unable to find inner node Pak for hierarchical cache Hierarchy.
[2016.02.04-12.14.03:121][  0]LogDerivedDataCache: FDerivedDataBackendGraph:  CompressedPak pak cache file D:/Games Development/IP3 project/Anthrocratos/Anthrocratos_UE4/DerivedDataCache/Compressed.ddp not found, will not use a pak cache.
[2016.02.04-12.14.03:121][  0]LogDerivedDataCache: Unable to find inner node CompressedPak for hierarchical cache Hierarchy.
[2016.02.04-12.14.03:206][  0]LogDerivedDataCache:Display: Pak cache opened for reading ../../../Engine/DerivedDataCache/Compressed.ddp.
[2016.02.04-12.14.03:218][  0]LogDerivedDataCache: Using Local data cache path C:/Users/Kieran/AppData/Local/UnrealEngine/Common/DerivedDataCache: Writable
[2016.02.04-12.14.03:492][  0]LogInit: Selected Device Profile: [Windows]
[2016.02.04-12.14.03:497][  0]LogContentStreaming: Texture pool size is 0.000000MB
[2016.02.04-12.14.03:645][  0]LogMeshUtilities: No automatic mesh reduction module available
[2016.02.04-12.14.03:645][  0]LogMeshUtilities: No automatic mesh merging module available
[2016.02.04-12.14.03:941][  0]LogInit: WinSock: version 1.1 (2.2), MaxSocks=32767, MaxUdp=65467
[2016.02.04-12.14.04:956][  0]UdpMessaging: Initializing bridge on interface 0.0.0.0:0 to multicast group 230.0.0.1:6666.
[2016.02.04-12.14.05:079][  0]LogAssetRegistry: FAssetRegistry took 0.0112 seconds to start up
[2016.02.04-12.14.05:308][  0]SourceControl: Info Source control is disabled
[2016.02.04-12.14.05:360][  0]SourceControl: Info Source control is disabled
[2016.02.04-12.14.05:375][  0]SourceControl: Info Source control is disabled
[2016.02.04-12.14.05:390][  0]SourceControl: Info Source control is disabled
[2016.02.04-12.14.05:723][  0]LogObj: 28637 objects as part of root set at end of initial load.
[2016.02.04-12.14.05:723][  0]LogUObjectAllocator: 6101776 out of 0 bytes used by permanent object pool.
[2016.02.04-12.14.05:800][  0]LogEngine: Initializing Engine...
[2016.02.04-12.14.05:803][  0]LogHMD: Can't find Oculus library dev build: is proper Runtime installed? Version: 0.8.0.0
[2016.02.04-12.14.05:812][  0]LogHMD: SteamVR failed to initialize.  Err: 108
[2016.02.04-12.14.05:996][  0]LogAIModule: Creating AISystem for world NewWorld
[2016.02.04-12.14.06:019][  0]LogInit: XAudio2 using 'Speakers (High Definition Audio Device)' : 2 channels at 44.1 kHz using 16 bits per sample (channel mask 0x3)
[2016.02.04-12.14.06:033][  0]LogInit: FAudioDevice initialized.
[2016.02.04-12.14.06:060][  0]LogDerivedDataCache: Saved boot cache 0.03s 41MB C:/Users/Kieran/AppData/Local/UnrealEngine/4.10/DerivedDataCache/Boot.ddc.
[2016.02.04-12.14.06:069][  0]LogInit: Texture streaming: Enabled
[2016.02.04-12.14.06:077][  0]LogAnalytics: Creating configured Analytics provider AnalyticsET
[2016.02.04-12.14.06:077][  0]LogAnalytics: [UEEditor.Rocket.Release] APIServer = http://et2.epicgames.com/ET2/. AppVersion = 4.10.2-2818068+++depot+UE4-Releases+4.10
[2016.02.04-12.14.06:077][  0]LogAnalytics: [UEEditor.Rocket.Release] SetUserId 407aa12047368f528466cabc8caacbf1|ab08d7ce0f414bdba0971ea2fb4514a5|193b7df4-757a-4d96-a184-afc84281c9dd
[2016.02.04-12.14.06:077][  0]LogAnalytics: [UEEditor.Rocket.Release] AnalyticsET::StartSession
[2016.02.04-12.14.06:091][  0]LogInit: Transaction tracking system initialized
[2016.02.04-12.14.06:128][  0]BlueprintLog: New page: Editor Load
[2016.02.04-12.14.06:443][  0]LocalizationService: Info Localization service is disabled
[2016.02.04-12.14.06:539][  0]LogConsoleResponse:Display: 
[2016.02.04-12.14.06:693][  0]LogCook:Display: Done creating registry. It took  0.00s.
[2016.02.04-12.14.06:773][  0]LogFileCache: Scanning file cache for directory 'D:/Games Development/IP3 project/Anthrocratos/Anthrocratos_UE4/Content/' took 0.01s
[2016.02.04-12.14.06:773][  0]SourceControl: Info Source control is disabled
[2016.02.04-12.14.06:773][  0]Cmd: MAP LOAD FILE="D:/Games Development/IP3 project/Anthrocratos/Anthrocratos_UE4/Content/StarterContent/Maps/Minimal_Default.umap" TEMPLATE=0 SHOWPROGRESS=1 FEATURELEVEL=3
[2016.02.04-12.14.06:774][  0]LightingResults: New page: Lighting Build
[2016.02.04-12.14.06:777][  0]MapCheck: New page: Map Check
[2016.02.04-12.14.06:777][  0]LightingResults: New page: Lighting Build
[2016.02.04-12.14.06:792][  0]LogParticles: Destroying 0 GPU particle simulations for FXSystem 0x000002E7FAA96160
[2016.02.04-12.14.07:354][  0]LogAIModule: Creating AISystem for world Minimal_Default
[2016.02.04-12.14.07:373][  0]LogEditorServer: Finished looking for orphan Actors (0.000 secs)
[2016.02.04-12.14.07:375][  0]Cmd: MAP CHECKDEP NOCLEARLOG
[2016.02.04-12.14.07:449][  0]MapCheck: Info Map check complete: 0 Error(s), 0 Warning(s), took 73.995ms to complete.
[2016.02.04-12.14.07:450][  0]LogFileHelpers: Loading map 'Minimal_Default' took 0.677
[2016.02.04-12.14.07:591][  0]LogCollectionManager: Loaded 0 collections in 0.002773 seconds
[2016.02.04-12.14.07:660][  0]LogFileCache: Scanning file cache for directory 'D:/Games Development/IP3 project/Anthrocratos/Anthrocratos_UE4/Saved/Collections/' took 0.01s
[2016.02.04-12.14.07:660][  0]LogFileCache: Scanning file cache for directory 'D:/Games Development/IP3 project/Anthrocratos/Anthrocratos_UE4/Content/Developers/Kieran/Collections/' took 0.01s
[2016.02.04-12.14.07:660][  0]LogFileCache: Scanning file cache for directory 'D:/Games Development/IP3 project/Anthrocratos/Anthrocratos_UE4/Content/Collections/' took 0.01s
[2016.02.04-12.14.07:660][  0]LogCollectionManager: Rebuilt the GUID cache for 0 collections in 0.000002 seconds
[2016.02.04-12.14.07:676][  0]LogContentBrowser: Native class hierarchy populated in 0.0146 seconds. Added 1894 classes and 340 folders.
[2016.02.04-12.14.07:699][  0]LogContentBrowser: Native class hierarchy updated for 'WidgetCarousel' in 0.0015 seconds. Added 0 classes and 0 folders.
[2016.02.04-12.14.08:074][  0]LogContentBrowser: Native class hierarchy updated for 'AddContentDialog' in 0.0016 seconds. Added 0 classes and 0 folders.
[2016.02.04-12.14.08:186][  0]LogContentBrowser: Native class hierarchy updated for 'SceneOutliner' in 0.0014 seconds. Added 1 classes and 2 folders.
[2016.02.04-12.14.08:297][  0]LogCrashTracker: Crashtracker disabled due to settings.
[2016.02.04-12.14.08:328][  0]LogUObjectGlobals:Warning: Failed to find object 'Class None.'
[2016.02.04-12.14.08:357][  0]LogLoad: Full Startup: 8.41 seconds (BP compile: 0.06 seconds)
[2016.02.04-12.14.08:367][  0]LogWindowsTextInputMethodSystem:Display: IME system now deactivated.
[2016.02.04-12.14.08:367][  0]LogWindowsTextInputMethodSystem:Display: IME system now deactivated.
[2016.02.04-12.14.08:371][  0]LogOcInput: Can't find Oculus library dev build: is proper Runtime installed? Version: 0.8.0.0
[2016.02.04-12.14.08:500][  0]LogContentStreaming: Texture pool size now 1000 MB
[2016.02.04-12.14.08:746][  0]LogRenderer: Reallocating scene render targets to support 1616x920 (Frame:2).
[2016.02.04-12.14.09:081][  4]LogAssetRegistry: Asset discovery search completed in 4.0128 seconds
[2016.02.04-12.14.09:081][  4]LogCollectionManager: Rebuilt the object cache for 0 collections in 0.000001 seconds (found 0 objects)
[2016.02.04-12.14.09:081][  4]LogCollectionManager: Fixed up redirectors for 0 collections in 0.000025 seconds (updated 0 objects)
[2016.02.04-13.39.53:196][868]Cmd: QUIT_EDITOR
[2016.02.04-13.39.53:420][868]LogExit: Preparing to exit.
[2016.02.04-13.39.54:710][868]LogExit: Editor shut down
[2016.02.04-13.39.54:711][868]LogExit: Transaction tracking system shut down
[2016.02.04-13.39.54:725][868]LogParticles: Destroying 0 GPU particle simulations for FXSystem 0x000002E7ECAAB6A0
[2016.02.04-13.39.55:015][868]LogParticles: Destroying 0 GPU particle simulations for FXSystem 0x000002E7FFE22A20
[2016.02.04-13.39.55:015][868]LogExit: Object subsystem successfully closed.
[2016.02.04-13.39.55:065][868]LogD3D11RHI: Shutdown
[2016.02.04-13.39.55:065][868]LogD3D11RHI: CleanupD3DDevice
[2016.02.04-13.39.55:138][868]LogD3D11RHI: ~FD3D11DynamicRHI
[2016.02.04-13.39.55:188][868]LogModuleManager: Shutting down and abandoning module CrashTracker (199)
[2016.02.04-13.39.55:188][868]LogModuleManager: Shutting down and abandoning module SceneOutliner (198)
[2016.02.04-13.39.55:188][868]LogModuleManager: Shutting down and abandoning module SuperSearch (197)
[2016.02.04-13.39.55:188][868]LogModuleManager: Shutting down and abandoning module WidgetCarousel (196)
[2016.02.04-13.39.55:188][868]LogModuleManager: Shutting down and abandoning module AddContentDialog (195)
[2016.02.04-13.39.55:197][868]LogModuleManager: Shutting down and abandoning module EditorWidgets (194)
[2016.02.04-13.39.55:197][868]LogModuleManager: Shutting down and abandoning module CollectionManager (193)
[2016.02.04-13.39.55:199][868]LogModuleManager: Shutting down and abandoning module StatsViewer (192)
[2016.02.04-13.39.55:200][868]LogModuleManager: Shutting down and abandoning module FoliageEdit (191)
[2016.02.04-13.39.55:200][868]LogModuleManager: Shutting down and abandoning module LandscapeEditor (190)
[2016.02.04-13.39.55:203][868]LogModuleManager: Shutting down and abandoning module ActorPickerMode (189)
[2016.02.04-13.39.55:203][868]LogModuleManager: Shutting down and abandoning module GeometryMode (188)
[2016.02.04-13.39.55:203][868]LogModuleManager: Shutting down and abandoning module TextureAlignMode (187)
[2016.02.04-13.39.55:203][868]LogModuleManager: Shutting down and abandoning module BspMode (186)
[2016.02.04-13.39.55:203][868]LogModuleManager: Shutting down and abandoning module PlacementMode (185)
[2016.02.04-13.39.55:203][868]LogModuleManager: Shutting down and abandoning module AutomationWorker (184)
[2016.02.04-13.39.55:203][868]LogModuleManager: Shutting down and abandoning module CharacterAI (183)
[2016.02.04-13.39.55:203][868]LogModuleManager: Shutting down and abandoning module SmartSnapping (182)
[2016.02.04-13.39.55:203][868]LogModuleManager: Shutting down and abandoning module ViewportSnapping (181)
[2016.02.04-13.39.55:203][868]LogModuleManager: Shutting down and abandoning module LogVisualizer (180)
[2016.02.04-13.39.55:204][868]LogModuleManager: Shutting down and abandoning module GameProjectGeneration (179)
[2016.02.04-13.39.55:206][868]LogModuleManager: Shutting down and abandoning module IntroTutorials (178)
[2016.02.04-13.39.55:208][868]LogModuleManager: Shutting down and abandoning module EditorLiveStreaming (177)
[2016.02.04-13.39.55:208][868]LogModuleManager: Shutting down and abandoning module IOSPlatformEditor (176)
[2016.02.04-13.39.55:208][868]LogModuleManager: Shutting down and abandoning module HTML5PlatformEditor (175)
[2016.02.04-13.39.55:208][868]LogModuleManager: Shutting down and abandoning module AndroidDeviceDetection (174)
[2016.02.04-13.39.55:307][868]LogModuleManager: Shutting down and abandoning module AndroidPlatformEditor (173)
[2016.02.04-13.39.55:307][868]LogModuleManager: Shutting down and abandoning module IOSRuntimeSettings (172)
[2016.02.04-13.39.55:307][868]LogModuleManager: Shutting down and abandoning module AndroidRuntimeSettings (171)
[2016.02.04-13.39.55:307][868]LogModuleManager: Shutting down and abandoning module MergeActors (170)
[2016.02.04-13.39.55:308][868]LogModuleManager: Shutting down and abandoning module SizeMap (169)
[2016.02.04-13.39.55:308][868]LogModuleManager: Shutting down and abandoning module TreeMap (168)
[2016.02.04-13.39.55:308][868]LogModuleManager: Shutting down and abandoning module ReferenceViewer (167)
[2016.02.04-13.39.55:309][868]LogModuleManager: Shutting down and abandoning module LocalizationService (166)
[2016.02.04-13.39.55:309][868]LogModuleManager: Shutting down and abandoning module LocalizationDashboard (165)
[2016.02.04-13.39.55:310][868]LogModuleManager: Shutting down and abandoning module HardwareTargeting (164)
[2016.02.04-13.39.55:310][868]LogModuleManager: Shutting down and abandoning module DeviceProfileEditor (163)
[2016.02.04-13.39.55:310][868]LogModuleManager: Shutting down and abandoning module UndoHistory (162)
[2016.02.04-13.39.55:311][868]LogModuleManager: Shutting down and abandoning module GameplayTagsEditor (161)
[2016.02.04-13.39.55:311][868]LogModuleManager: Shutting down and abandoning module UserFeedback (160)
[2016.02.04-13.39.55:311][868]LogModuleManager: Shutting down and abandoning module XmlParser (159)
[2016.02.04-13.39.55:311][868]LogModuleManager: Shutting down and abandoning module Blutility (158)
[2016.02.04-13.39.55:311][868]LogModuleManager: Shutting down and abandoning module ProjectTargetPlatformEditor (157)
[2016.02.04-13.39.55:312][868]LogModuleManager: Shutting down and abandoning module ProjectSettingsViewer (156)
[2016.02.04-13.39.55:312][868]LogModuleManager: Shutting down and abandoning module InputBindingEditor (155)
[2016.02.04-13.39.55:314][868]LogModuleManager: Shutting down and abandoning module EditorSettingsViewer (154)
[2016.02.04-13.39.55:314][868]LogModuleManager: Shutting down and abandoning module SettingsEditor (153)
[2016.02.04-13.39.55:315][868]LogModuleManager: Shutting down and abandoning module ProjectLauncher (152)
[2016.02.04-13.39.55:316][868]LogModuleManager: Shutting down and abandoning module SessionFrontend (151)
[2016.02.04-13.39.55:317][868]LogModuleManager: Shutting down and abandoning module ProfilerClient (150)
[2016.02.04-13.39.55:318][868]LogModuleManager: Shutting down and abandoning module TargetDeviceServices (149)
[2016.02.04-13.39.55:318][868]LogModuleManager: Shutting down and abandoning module DeviceManager (148)
[2016.02.04-13.39.55:319][868]LogModuleManager: Shutting down and abandoning module AutomationController (147)
[2016.02.04-13.39.55:319][868]LogModuleManager: Shutting down and abandoning module AutomationWindow (146)
[2016.02.04-13.39.55:320][868]LogModuleManager: Shutting down and abandoning module Layers (145)
[2016.02.04-13.39.55:323][868]LogModuleManager: Shutting down and abandoning module ComponentVisualizers (144)
[2016.02.04-13.39.55:323][868]LogModuleManager: Shutting down and abandoning module DetailCustomizations (143)
[2016.02.04-13.39.55:325][868]LogModuleManager: Shutting down and abandoning module PackagesDialog (142)
[2016.02.04-13.39.55:326][868]LogModuleManager: Shutting down and abandoning module Persona (141)
[2016.02.04-13.39.55:329][868]LogModuleManager: Shutting down and abandoning module Kismet (140)
[2016.02.04-13.39.55:330][868]LogModuleManager: Shutting down and abandoning module GraphEditor (139)
[2016.02.04-13.39.55:334][868]LogModuleManager: Shutting down and abandoning module ClassViewer (138)
[2016.02.04-13.39.55:335][868]LogModuleManager: Shutting down and abandoning module Toolbox (137)
[2016.02.04-13.39.55:335][868]LogModuleManager: Shutting down and abandoning module ModuleUI (136)
[2016.02.04-13.39.55:335][868]LogModuleManager: Shutting down and abandoning module MovieSceneTools (135)
[2016.02.04-13.39.55:336][868]LogModuleManager: Shutting down and abandoning module OutputLog (134)
[2016.02.04-13.39.55:336][868]LogModuleManager: Shutting down and abandoning module GammaUI (133)
[2016.02.04-13.39.55:337][868]LogModuleManager: Shutting down and abandoning module Documentation (132)
[2016.02.04-13.39.55:337][868]LogModuleManager: Shutting down and abandoning module GameLiveStreaming (131)
[2016.02.04-13.39.55:337][868]LogModuleManager: Shutting down and abandoning module StreamingPauseRendering (130)
[2016.02.04-13.39.55:337][868]LogModuleManager: Shutting down and abandoning module AnalyticsET (129)
[2016.02.04-13.39.55:337][868]LogModuleManager: Shutting down and abandoning module Analytics (128)
[2016.02.04-13.39.55:337][868]LogModuleManager: Shutting down and abandoning module AITestSuite (127)
[2016.02.04-13.39.55:338][868]LogModuleManager: Shutting down and abandoning module GameplayDebugger (126)
[2016.02.04-13.39.55:338][868]LogModuleManager: Shutting down and abandoning module AIModule (125)
[2016.02.04-13.39.55:339][868]LogModuleManager: Shutting down and abandoning module ProfilerService (124)
[2016.02.04-13.39.55:480][868]LogModuleManager: Shutting down and abandoning module TaskGraph (123)
[2016.02.04-13.39.55:481][868]LogModuleManager: Shutting down and abandoning module SlateRemote (122)
[2016.02.04-13.39.55:481][868]LogModuleManager: Shutting down and abandoning module SteamVRController (121)
[2016.02.04-13.39.55:481][868]LogModuleManager: Shutting down and abandoning module SteamVR (120)
[2016.02.04-13.39.55:481][868]LogModuleManager: Shutting down and abandoning module ProceduralMeshComponent (119)
[2016.02.04-13.39.55:481][868]LogModuleManager: Shutting down and abandoning module OculusLibrary (118)
[2016.02.04-13.39.55:481][868]LogModuleManager: Shutting down and abandoning module OculusInput (117)
[2016.02.04-13.39.55:481][868]LogModuleManager: Shutting down and abandoning module LeapMotionController (116)
[2016.02.04-13.39.55:519][868]LogModuleManager: Shutting down and abandoning module CustomMeshComponent (115)
[2016.02.04-13.39.55:519][868]LogModuleManager: Shutting down and abandoning module CableComponent (114)
[2016.02.04-13.39.55:519][868]LogModuleManager: Shutting down and abandoning module ArchVisCharacter (113)
[2016.02.04-13.39.55:519][868]LogModuleManager: Shutting down and abandoning module MessagingDebugger (112)
[2016.02.04-13.39.55:521][868]LogModuleManager: Shutting down and abandoning module MediaPlayerEditor (111)
[2016.02.04-13.39.55:522][868]LogModuleManager: Shutting down and abandoning module HTML5Networking (110)
[2016.02.04-13.39.55:522][868]LogModuleManager: Shutting down and abandoning module SpeedTreeImporter (109)
[2016.02.04-13.39.55:522][868]LogModuleManager: Shutting down and abandoning module PluginBrowser (108)
[2016.02.04-13.39.55:523][868]LogModuleManager: Shutting down and abandoning module EpicSurvey (107)
[2016.02.04-13.39.55:524][868]LogModuleManager: Shutting down and abandoning module DesktopPlatform (106)
[2016.02.04-13.39.55:524][868]LogModuleManager: Shutting down and abandoning module VisualStudioSourceCodeAccess (105)
[2016.02.04-13.39.55:525][868]LogModuleManager: Shutting down and abandoning module UObjectPlugin (104)
[2016.02.04-13.39.55:525][868]LogModuleManager: Shutting down and abandoning module SubversionSourceControl (103)
[2016.02.04-13.39.55:525][868]LogModuleManager: Shutting down and abandoning module PerforceSourceControl (102)
[2016.02.04-13.39.55:527][868]LogModuleManager: Shutting down and abandoning module SourceControl (101)
[2016.02.04-13.39.55:528][868]LogModuleManager: Shutting down and abandoning module GitSourceControl (100)
[2016.02.04-13.39.55:529][868]LogModuleManager: Shutting down and abandoning module LightPropagationVolumeEditor (99)
[2016.02.04-13.39.55:529][868]LogModuleManager: Shutting down and abandoning module PaperTiledImporter (98)
[2016.02.04-13.39.55:529][868]LogModuleManager: Shutting down and abandoning module PaperSpriteSheetImporter (97)
[2016.02.04-13.39.55:529][868]LogModuleManager: Shutting down and abandoning module MeshPaint (96)
[2016.02.04-13.39.55:529][868]LogModuleManager: Shutting down and abandoning module SlateReflector (95)
[2016.02.04-13.39.55:530][868]LogModuleManager: Shutting down and abandoning module HotReload (94)
[2016.02.04-13.39.55:531][868]LogModuleManager: Shutting down and abandoning module MainFrame (93)
[2016.02.04-13.39.55:531][868]LogModuleManager: Shutting down and abandoning module LevelEditor (92)
[2016.02.04-13.39.55:533][868]LogModuleManager: Shutting down and abandoning module DirectoryWatcher (91)
[2016.02.04-13.39.55:539][868]LogModuleManager: Shutting down and abandoning module AssetRegistry (90)
[2016.02.04-13.39.55:661][868]LogModuleManager: Shutting down and abandoning module ContentBrowser (89)
[2016.02.04-13.39.55:662][868]LogModuleManager: Shutting down and abandoning module Paper2DEditor (88)
[2016.02.04-13.39.55:664][868]LogModuleManager: Shutting down and abandoning module Anthrocratos_UE4 (87)
[2016.02.04-13.39.55:664][868]LogModuleManager: Shutting down and abandoning module UdpMessaging (86)
[2016.02.04-13.39.55:765][868]LogModuleManager: Shutting down and abandoning module LightPropagationVolumeRuntime (85)
[2016.02.04-13.39.55:765][868]LogModuleManager: Shutting down and abandoning module Paper2D (84)
[2016.02.04-13.39.55:766][868]LogModuleManager: Shutting down and abandoning module WindowsMoviePlayer (83)
[2016.02.04-13.39.55:771][868]LogModuleManager: Shutting down and abandoning module Media (82)
[2016.02.04-13.39.55:771][868]LogModuleManager: Shutting down and abandoning module WmfMedia (81)
[2016.02.04-13.39.55:773][868]LogModuleManager: Shutting down and abandoning module OnlineBlueprintSupport (80)
[2016.02.04-13.39.55:773][868]LogModuleManager: Shutting down and abandoning module GameplayTasksEditor (79)
[2016.02.04-13.39.55:773][868]LogModuleManager: Shutting down and abandoning module PropertyEditor (78)
[2016.02.04-13.39.55:773][868]LogModuleManager: Shutting down and abandoning module BehaviorTreeEditor (77)
[2016.02.04-13.39.55:776][868]LogModuleManager: Shutting down and abandoning module FunctionalTesting (76)
[2016.02.04-13.39.55:776][868]LogModuleManager: Shutting down and abandoning module CollisionAnalyzer (75)
[2016.02.04-13.39.55:777][868]LogModuleManager: Shutting down and abandoning module WorkspaceMenuStructure (74)
[2016.02.04-13.39.55:777][868]LogModuleManager: Shutting down and abandoning module MessageLog (73)
[2016.02.04-13.39.55:777][868]LogModuleManager: Shutting down and abandoning module Sequencer (72)
[2016.02.04-13.39.55:779][868]LogModuleManager: Shutting down and abandoning module AssetTools (71)
[2016.02.04-13.39.55:781][868]LogModuleManager: Shutting down and abandoning module UMGEditor (70)
[2016.02.04-13.39.55:783][868]LogModuleManager: Shutting down and abandoning module UMG (69)
[2016.02.04-13.39.55:785][868]LogModuleManager: Shutting down and abandoning module Slate (68)
[2016.02.04-13.39.55:785][868]LogModuleManager: Shutting down and abandoning module EditorStyle (67)
[2016.02.04-13.39.55:789][868]LogModuleManager: Shutting down and abandoning module SessionServices (66)
[2016.02.04-13.39.55:789][868]LogModuleManager: Shutting down and abandoning module SourceCodeAccess (65)
[2016.02.04-13.39.55:789][868]LogModuleManager: Shutting down and abandoning module HeadMountedDisplay (64)
[2016.02.04-13.39.55:789][868]LogModuleManager: Shutting down and abandoning module XAudio2 (63)
[2016.02.04-13.39.55:789][868]LogModuleManager: Shutting down and abandoning module Networking (61)
[2016.02.04-13.39.55:790][868]LogModuleManager: Shutting down and abandoning module Core (60)
[2016.02.04-13.39.55:790][868]LogModuleManager: Shutting down and abandoning module KismetCompiler (59)
[2016.02.04-13.39.55:790][868]LogModuleManager: Shutting down and abandoning module PhysXFormats (58)
[2016.02.04-13.39.55:790][868]LogModuleManager: Shutting down and abandoning module MeshUtilities (57)
[2016.02.04-13.39.55:791][868]LogModuleManager: Shutting down and abandoning module DerivedDataCache (56)
[2016.02.04-13.39.55:866][868]LogDerivedDataCache: Shutdown
[2016.02.04-13.39.55:866][868]LogModuleManager: Shutting down and abandoning module ShaderFormatOpenGL (55)
[2016.02.04-13.39.55:866][868]LogModuleManager: Shutting down and abandoning module ShaderFormatD3D (54)
[2016.02.04-13.39.55:867][868]LogModuleManager: Shutting down and abandoning module MetalShaderFormat (53)
[2016.02.04-13.39.55:867][868]LogModuleManager: Shutting down and abandoning module TextureFormatUncompressed (52)
[2016.02.04-13.39.55:867][868]LogModuleManager: Shutting down and abandoning module TextureFormatPVR (51)
[2016.02.04-13.39.55:867][868]LogModuleManager: Shutting down and abandoning module TextureFormatIntelISPCTexComp (50)
[2016.02.04-13.39.55:867][868]LogModuleManager: Shutting down and abandoning module TextureFormatDXT (49)
[2016.02.04-13.39.55:869][868]LogModuleManager: Shutting down and abandoning module ImageWrapper (48)
[2016.02.04-13.39.55:869][868]LogModuleManager: Shutting down and abandoning module TextureFormatASTC (47)
[2016.02.04-13.39.55:869][868]LogModuleManager: Shutting down and abandoning module TextureFormatAndroid (46)
[2016.02.04-13.39.55:869][868]LogModuleManager: Shutting down and abandoning module AudioFormatOpus (45)
[2016.02.04-13.39.55:869][868]LogModuleManager: Shutting down and abandoning module AudioFormatOgg (44)
[2016.02.04-13.39.55:869][868]LogModuleManager: Shutting down and abandoning module AudioFormatADPCM (43)
[2016.02.04-13.39.55:869][868]LogModuleManager: Shutting down and abandoning module LinuxTargetPlatform (42)
[2016.02.04-13.39.55:869][868]LogModuleManager: Shutting down and abandoning module LinuxServerTargetPlatform (41)
[2016.02.04-13.39.55:869][868]LogModuleManager: Shutting down and abandoning module LinuxNoEditorTargetPlatform (40)
[2016.02.04-13.39.55:869][868]LogModuleManager: Shutting down and abandoning module Messaging (39)
[2016.02.04-13.39.55:869][868]LogModuleManager: Shutting down and abandoning module IOSTargetPlatform (38)
[2016.02.04-13.39.55:870][868]LogModuleManager: Shutting down and abandoning module HTML5TargetPlatform (37)
[2016.02.04-13.39.55:870][868]LogModuleManager: Shutting down and abandoning module Android_PVRTCTargetPlatform (36)
[2016.02.04-13.39.55:870][868]LogModuleManager: Shutting down and abandoning module Android_MultiTargetPlatform (35)
[2016.02.04-13.39.55:870][868]LogModuleManager: Shutting down and abandoning module Android_ETC2TargetPlatform (34)
[2016.02.04-13.39.55:870][868]LogModuleManager: Shutting down and abandoning module Android_ETC1TargetPlatform (33)
[2016.02.04-13.39.55:870][868]LogModuleManager: Shutting down and abandoning module Android_DXTTargetPlatform (32)
[2016.02.04-13.39.55:870][868]LogModuleManager: Shutting down and abandoning module Android_ATCTargetPlatform (31)
[2016.02.04-13.39.55:870][868]LogModuleManager: Shutting down and abandoning module Android_ASTCTargetPlatform (30)
[2016.02.04-13.39.55:870][868]LogModuleManager: Shutting down and abandoning module AndroidTargetPlatform (29)
[2016.02.04-13.39.55:870][868]LogModuleManager: Shutting down and abandoning module WindowsTargetPlatform (28)
[2016.02.04-13.39.55:870][868]LogModuleManager: Shutting down and abandoning module WindowsServerTargetPlatform (27)
[2016.02.04-13.39.55:870][868]LogModuleManager: Shutting down and abandoning module WindowsNoEditorTargetPlatform (26)
[2016.02.04-13.39.55:870][868]LogModuleManager: Shutting down and abandoning module WindowsClientTargetPlatform (25)
[2016.02.04-13.39.55:872][868]LogModuleManager: Shutting down and abandoning module AllDesktopTargetPlatform (24)
[2016.02.04-13.39.55:872][868]LogModuleManager: Shutting down and abandoning module TargetPlatform (23)
[2016.02.04-13.39.55:872][868]LogModuleManager: Shutting down and abandoning module InputCore (22)
[2016.02.04-13.39.55:872][868]LogModuleManager: Shutting down and abandoning module Settings (21)
[2016.02.04-13.39.55:872][868]LogModuleManager: Shutting down and abandoning module OnlineSubsystem (19)
[2016.02.04-13.39.55:872][868]LogModuleManager: Shutting down and abandoning module HTTP (18)
[2016.02.04-13.39.56:873][868]LogModuleManager: Shutting down and abandoning module XMPP (17)
[2016.02.04-13.39.56:875][868]LogModuleManager: Shutting down and abandoning module OculusRift (16)
[2016.02.04-13.39.56:876][868]LogModuleManager: Shutting down and abandoning module ExampleDeviceProfileSelector (15)
[2016.02.04-13.39.56:876][868]LogModuleManager: Shutting down and abandoning module TextureCompressor (14)
[2016.02.04-13.39.56:877][868]LogModuleManager: Shutting down and abandoning module ShaderCore (13)
[2016.02.04-13.39.56:877][868]LogModuleManager: Shutting down and abandoning module Landscape (12)
[2016.02.04-13.39.56:877][868]LogModuleManager: Shutting down and abandoning module SlateRHIRenderer (11)
[2016.02.04-13.39.56:883][868]LogModuleManager: Shutting down and abandoning module OpenGLDrv (10)
[2016.02.04-13.39.56:884][868]LogModuleManager: Shutting down and abandoning module D3D11RHI (9)
[2016.02.04-13.39.56:884][868]LogModuleManager: Shutting down and abandoning module AnimGraphRuntime (8)
[2016.02.04-13.39.56:884][868]LogModuleManager: Shutting down and abandoning module Renderer (7)
[2016.02.04-13.39.56:884][868]LogModuleManager: Shutting down and abandoning module Engine (6)
[2016.02.04-13.39.56:884][868]LogModuleManager: Shutting down and abandoning module CoreUObject (5)
[2016.02.04-13.39.56:884][868]LogModuleManager: Shutting down and abandoning module NetworkFile (4)
[2016.02.04-13.39.56:885][868]LogModuleManager: Shutting down and abandoning module StreamingFile (3)
[2016.02.04-13.39.56:886][868]LogModuleManager: Shutting down and abandoning module SandboxFile (2)
[2016.02.04-13.39.56:886][868]LogModuleManager: Shutting down and abandoning module PakFile (1)
[2016.02.04-13.39.56:889][868]LogExit: Exiting.
[2016.02.04-13.39.56:895][868]Log file closed, 02/04/16 13:39:56
