[2016.02.29-19.58.29:631][  0]Log file open, 02/29/16 19:58:29
[2016.02.29-19.58.29:631][  0]LogInit:Display: Running engine for game: Anthrocratos_UE4
[2016.02.29-19.58.29:631][  0]LogPlatformFile: Not using cached read wrapper
[2016.02.29-19.58.29:631][  0]LogInit:Display: RandInit(-992249938) SRandInit(-992249937).
[2016.02.29-19.58.29:631][  0]LogTaskGraph: Started task graph with 4 named threads and 7 total threads.
[2016.02.29-19.58.29:631][  0]LogStats: Stats thread started at 0.067112
[2016.02.29-19.58.29:631][  0]LogInit: Version: 4.10.2-2818068+++depot+UE4-Releases+4.10
[2016.02.29-19.58.29:631][  0]LogInit: API Version: 2758231
[2016.02.29-19.58.29:631][  0]LogInit: Compiled (64-bit): Jan  6 2016 17:36:42
[2016.02.29-19.58.29:631][  0]LogInit: Compiled with Visual C++: 19.00.23026.00
[2016.02.29-19.58.29:631][  0]LogInit: Build Configuration: Development
[2016.02.29-19.58.29:631][  0]LogInit: Branch Name: ++depot+UE4-Releases+4.10
[2016.02.29-19.58.29:631][  0]LogInit: Command line:  
[2016.02.29-19.58.29:631][  0]LogInit: Base directory: S:/UnrealStuff/Epic Games/4.10/Engine/Binaries/Win64/
[2016.02.29-19.58.29:631][  0]LogInit: Rocket: 1
[2016.02.29-19.58.29:636][  0]LogInit: Using libcurl 7.41.0
[2016.02.29-19.58.29:636][  0]LogInit:  - built for x86_64-pc-win32
[2016.02.29-19.58.29:636][  0]LogInit:  - supports SSL with WinSSL
[2016.02.29-19.58.29:636][  0]LogInit:  - other features:
[2016.02.29-19.58.29:636][  0]LogInit:      CURL_VERSION_SSL
[2016.02.29-19.58.29:636][  0]LogInit:      CURL_VERSION_IPV6
[2016.02.29-19.58.29:636][  0]LogInit:      CURL_VERSION_ASYNCHDNS
[2016.02.29-19.58.29:636][  0]LogInit:      CURL_VERSION_LARGEFILE
[2016.02.29-19.58.29:636][  0]LogInit:      CURL_VERSION_IDN
[2016.02.29-19.58.29:637][  0]LogInit:  CurlRequestOptions (configurable via config and command line):
[2016.02.29-19.58.29:637][  0]LogInit:  - bVerifyPeer = true  - Libcurl will verify peer certificate
[2016.02.29-19.58.29:637][  0]LogInit:  - bUseHttpProxy = false  - Libcurl will NOT use HTTP proxy
[2016.02.29-19.58.29:637][  0]LogInit:  - bDontReuseConnections = false  - Libcurl will reuse connections
[2016.02.29-19.58.29:637][  0]LogInit:  - CertBundlePath = nullptr  - Libcurl will use whatever was configured at build time.
[2016.02.29-19.58.29:641][  0]LogInit: Presizing for 0 objects not considered by GC, pre-allocating 0 bytes.
[2016.02.29-19.58.29:646][  0]LogInit: Object subsystem initialized
[2016.02.29-19.58.29:647][  0]LogInit: Selected Device Profile: [Windows]
[2016.02.29-19.58.29:647][  0]LogInit: Applying CVar settings loaded from the selected device profile: [Windows]
[2016.02.29-19.58.29:653][  0]LogInit: Computer: DAVID
[2016.02.29-19.58.29:653][  0]LogInit: User: Bigfootone
[2016.02.29-19.58.29:653][  0]LogInit: CPU Page size=4096, Cores=4
[2016.02.29-19.58.29:653][  0]LogInit: High frequency timer resolution =3.320327 MHz
[2016.02.29-19.58.29:653][  0]LogMemory: Memory total: Physical=15.9GB (16GB approx)
[2016.02.29-19.58.29:653][  0]LogMemory: Platform Memory Stats for Windows
[2016.02.29-19.58.29:653][  0]LogMemory: Process Physical Memory: 56.22 MB used, 56.22 MB peak
[2016.02.29-19.58.29:653][  0]LogMemory: Process Virtual Memory: 56.73 MB used, 56.73 MB peak
[2016.02.29-19.58.29:653][  0]LogMemory: Physical Memory: 4856.51 MB used, 16328.01 MB total
[2016.02.29-19.58.29:653][  0]LogMemory: Virtual Memory: 382.47 MB used, 134217728.00 MB total
[2016.02.29-19.58.29:684][  0]LogTextLocalizationManager: No specific translations for ('en-GB') exist, so ('en') translations will be used.
[2016.02.29-19.58.30:083][  0]LogD3D11RHI: Found D3D11 adapter 0: AMD Radeon R9 200 Series (Feature Level 11_0)
[2016.02.29-19.58.30:083][  0]LogD3D11RHI: Adapter has 4075MB of dedicated video memory, 0MB of dedicated system memory, and 8164MB of shared system memory, 2 output[s]
[2016.02.29-19.58.30:084][  0]LogD3D11RHI: Found D3D11 adapter 1: Microsoft Basic Render Driver (Feature Level 11_0)
[2016.02.29-19.58.30:084][  0]LogD3D11RHI: Adapter has 0MB of dedicated video memory, 0MB of dedicated system memory, and 8164MB of shared system memory, 0 output[s]
[2016.02.29-19.58.30:084][  0]LogD3D11RHI: Chosen D3D11 Adapter Id = 0
[2016.02.29-19.58.30:091][  0]LogD3D11RHI: !Direct3DDevice
[2016.02.29-19.58.30:091][  0]LogRHI: Texture pool is 1361 MB (70% of 1945 MB)
[2016.02.29-19.58.30:099][  0]LogD3D11RHI: Async texture creation disabled: no driver support
[2016.02.29-19.58.30:112][  0]LogShaderCompilers: Guid format shader working directory is 1 characters bigger than the processId version (../../../../../../Anthrocratos/Anthrocratos_UE4/Intermediate/Shaders/WorkingDirectory/27908/).
[2016.02.29-19.58.30:112][  0]LogShaderCompilers: Cleaned the shader compiler working directory 'C:/Users/BIGFOO~1/AppData/Local/Temp/UnrealShaderWorkingDir/4E4A08104DF8F6DC32C09DBE8D573345/'.
[2016.02.29-19.58.30:112][  0]LogShaderCompilers:Display: Using Local Shader Compiler.
[2016.02.29-19.58.30:840][  0]LogTemp:Display: Loaded TP AllDesktopTargetPlatform
[2016.02.29-19.58.30:843][  0]LogTemp:Display: Loaded TP WindowsClientTargetPlatform
[2016.02.29-19.58.30:847][  0]LogTemp:Display: Loaded TP WindowsNoEditorTargetPlatform
[2016.02.29-19.58.30:850][  0]LogTemp:Display: Loaded TP WindowsServerTargetPlatform
[2016.02.29-19.58.30:853][  0]LogTemp:Display: Loaded TP WindowsTargetPlatform
[2016.02.29-19.58.30:855][  0]LogTemp:Display: Loaded TP AndroidTargetPlatform
[2016.02.29-19.58.30:858][  0]LogTemp:Display: Loaded TP Android_ASTCTargetPlatform
[2016.02.29-19.58.30:860][  0]LogTemp:Display: Loaded TP Android_ATCTargetPlatform
[2016.02.29-19.58.30:863][  0]LogTemp:Display: Loaded TP Android_DXTTargetPlatform
[2016.02.29-19.58.30:865][  0]LogTemp:Display: Loaded TP Android_ETC1TargetPlatform
[2016.02.29-19.58.30:867][  0]LogTemp:Display: Loaded TP Android_ETC2TargetPlatform
[2016.02.29-19.58.30:873][  0]LogTemp:Display: Loaded TP Android_MultiTargetPlatform
[2016.02.29-19.58.30:873][  0]LogTemp:Display: Loaded TP Android_PVRTCTargetPlatform
[2016.02.29-19.58.30:874][  0]LogTemp:Display: Loaded TP HTML5TargetPlatform
[2016.02.29-19.58.30:889][  0]LogTemp:Display: Loaded TP IOSTargetPlatform
[2016.02.29-19.58.30:891][  0]LogTemp:Display: Loaded TP LinuxNoEditorTargetPlatform
[2016.02.29-19.58.30:894][  0]LogTemp:Display: Loaded TP LinuxServerTargetPlatform
[2016.02.29-19.58.30:897][  0]LogTemp:Display: Loaded TP LinuxTargetPlatform
[2016.02.29-19.58.30:897][  0]LogTargetPlatformManager:Display: Building Assets For Windows
[2016.02.29-19.58.30:955][  0]LogDerivedDataCache:Display: Max Cache Size: 512 MB
[2016.02.29-19.58.30:995][  0]LogDerivedDataCache: Loaded boot cache 0.04s 41MB C:/Users/Bigfootone/AppData/Local/UnrealEngine/4.10/DerivedDataCache/Boot.ddc.
[2016.02.29-19.58.30:995][  0]LogDerivedDataCache:Display: Loaded Boot cache: C:/Users/Bigfootone/AppData/Local/UnrealEngine/4.10/DerivedDataCache/Boot.ddc
[2016.02.29-19.58.30:995][  0]LogDerivedDataCache: FDerivedDataBackendGraph:  Pak pak cache file ../../../../../../Anthrocratos/Anthrocratos_UE4/DerivedDataCache/DDC.ddp not found, will not use a pak cache.
[2016.02.29-19.58.30:995][  0]LogDerivedDataCache: Unable to find inner node Pak for hierarchical cache Hierarchy.
[2016.02.29-19.58.30:995][  0]LogDerivedDataCache: FDerivedDataBackendGraph:  CompressedPak pak cache file ../../../../../../Anthrocratos/Anthrocratos_UE4/DerivedDataCache/Compressed.ddp not found, will not use a pak cache.
[2016.02.29-19.58.30:995][  0]LogDerivedDataCache: Unable to find inner node CompressedPak for hierarchical cache Hierarchy.
[2016.02.29-19.58.31:048][  0]LogDerivedDataCache:Display: Pak cache opened for reading ../../../Engine/DerivedDataCache/Compressed.ddp.
[2016.02.29-19.58.31:060][  0]LogDerivedDataCache: Using Local data cache path C:/Users/Bigfootone/AppData/Local/UnrealEngine/Common/DerivedDataCache: Writable
[2016.02.29-19.58.31:225][  0]LogInit: Selected Device Profile: [Windows]
[2016.02.29-19.58.31:227][  0]LogContentStreaming: Texture pool size is 0.000000MB
[2016.02.29-19.58.31:324][  0]LogMeshUtilities: No automatic mesh reduction module available
[2016.02.29-19.58.31:324][  0]LogMeshUtilities: No automatic mesh merging module available
[2016.02.29-19.58.31:530][  0]LogInit: WinSock: version 1.1 (2.2), MaxSocks=32767, MaxUdp=65467
[2016.02.29-19.58.32:331][  0]UdpMessaging: Initializing bridge on interface 0.0.0.0:0 to multicast group 230.0.0.1:6666.
[2016.02.29-19.58.32:431][  0]LogAssetRegistry: FAssetRegistry took 0.0110 seconds to start up
[2016.02.29-19.58.32:554][  0]SourceControl: Info Source control is disabled
[2016.02.29-19.58.32:555][  0]SourceControl: Info Source control is disabled
[2016.02.29-19.58.32:564][  0]SourceControl: Info Source control is disabled
[2016.02.29-19.58.32:572][  0]SourceControl: Info Source control is disabled
[2016.02.29-19.58.32:768][  0]LogObj: 28642 objects as part of root set at end of initial load.
[2016.02.29-19.58.32:768][  0]LogUObjectAllocator: 6103624 out of 0 bytes used by permanent object pool.
[2016.02.29-19.58.32:818][  0]LogEngine: Initializing Engine...
[2016.02.29-19.58.32:820][  0]LogHMD: Can't find Oculus library dev build: is proper Runtime installed? Version: 0.8.0.0
[2016.02.29-19.58.32:825][  0]LogHMD: SteamVR failed to initialize.  Err: 108
[2016.02.29-19.58.32:930][  0]LogAIModule: Creating AISystem for world NewWorld
[2016.02.29-19.58.32:935][  0]LogInit: XAudio2 using 'Speakers (Realtek High Definition Audio)' : 2 channels at 48 kHz using 32 bits per sample (channel mask 0x3)
[2016.02.29-19.58.32:951][  0]LogInit: FAudioDevice initialized.
[2016.02.29-19.58.32:972][  0]LogDerivedDataCache: Saved boot cache 0.02s 41MB C:/Users/Bigfootone/AppData/Local/UnrealEngine/4.10/DerivedDataCache/Boot.ddc.
[2016.02.29-19.58.32:975][  0]LogInit: Texture streaming: Enabled
[2016.02.29-19.58.32:978][  0]LogAnalytics: Creating configured Analytics provider AnalyticsET
[2016.02.29-19.58.32:978][  0]LogAnalytics: [UEEditor.Rocket.Release] APIServer = http://et2.epicgames.com/ET2/. AppVersion = 4.10.2-2818068+++depot+UE4-Releases+4.10
[2016.02.29-19.58.32:978][  0]LogAnalytics: [UEEditor.Rocket.Release] SetUserId 6844960942a56c7664b0f6b1131f1fef|c381b92b33784ccaa7b778c4b0f76233|53524d50-4578-4787-a176-59f20f61b4e2
[2016.02.29-19.58.32:978][  0]LogAnalytics: [UEEditor.Rocket.Release] AnalyticsET::StartSession
[2016.02.29-19.58.32:986][  0]LogInit: Transaction tracking system initialized
[2016.02.29-19.58.33:004][  0]BlueprintLog: New page: Editor Load
[2016.02.29-19.58.33:053][  0]LocalizationService: Info Localization service is disabled
[2016.02.29-19.58.33:116][  0]LogConsoleResponse:Display: 
[2016.02.29-19.58.33:212][  0]LogCook:Display: Done creating registry. It took  0.00s.
[2016.02.29-19.58.33:258][  0]LogFileCache: Scanning file cache for directory 'S:/Anthrocratos/Anthrocratos_UE4/Content/' took 0.01s
[2016.02.29-19.58.33:258][  0]SourceControl: Info Source control is disabled
[2016.02.29-19.58.33:258][  0]Cmd: MAP LOAD FILE="../../../../../../Anthrocratos/Anthrocratos_UE4/Content/Levels/Kieran-Test.umap" TEMPLATE=0 SHOWPROGRESS=1 FEATURELEVEL=3
[2016.02.29-19.58.33:259][  0]LightingResults: New page: Lighting Build
[2016.02.29-19.58.33:260][  0]MapCheck: New page: Map Check
[2016.02.29-19.58.33:260][  0]LightingResults: New page: Lighting Build
[2016.02.29-19.58.33:270][  0]LogParticles: Destroying 0 GPU particle simulations for FXSystem 0x000001B86736E160
[2016.02.29-19.58.33:291][  0]LogBlueprint:Error: [compiler AnthroGameMode] Error Undefined Enum in  Byte to Enum (bad enum) 
[2016.02.29-19.58.33:293][  0]LogBlueprint:Warning: [compiler AnthroGameMode] Warning [0004.28] Compile of AnthroGameMode failed. 1 Fatal Issue(s) 0 Warning(s) [in 3 ms]
[2016.02.29-19.58.33:293][  0]LogBlueprint:Warning: [compiler AnthroGameMode] Warning [0004.28] Compile of AnthroGameMode failed. 1 Fatal Issue(s) 1 Warning(s) [in 0 ms]
[2016.02.29-19.58.33:293][  0]LogBlueprint:Warning: [compiler AnthroGameMode] Warning [0004.28] Compile of AnthroGameMode failed. 1 Fatal Issue(s) 2 Warning(s) [in 0 ms]
[2016.02.29-19.58.33:451][  0]LogLinker:Warning: CreateExport: Failed to load Parent for Function /Game/Blueprints/Tiles/Biomes/FieldTile.FieldTile_C:UserConstructionScript; removing parent information, but keeping function
[2016.02.29-19.58.33:463][  0]LogLinker:Warning: CreateExport: Failed to load Parent for Function /Game/Blueprints/Tiles/Biomes/ForestTile.ForestTile_C:UserConstructionScript; removing parent information, but keeping function
[2016.02.29-19.58.33:474][  0]LogLinker:Warning: CreateExport: Failed to load Parent for Function /Game/Blueprints/Tiles/Biomes/MountainTile.MountainTile_C:UserConstructionScript; removing parent information, but keeping function
[2016.02.29-19.58.33:493][  0]LogLinker:Warning: CreateExport: Failed to load Parent for BlueprintGeneratedClass /Game/Blueprints/Gameplay/PlayerStats.PlayerStats_C
[2016.02.29-19.58.33:493][  0]LogLinker:Warning: CreateExport: Failed to load Parent for BlueprintGeneratedClass /Game/Blueprints/Gameplay/PlayerStats.PlayerStats_C
[2016.02.29-19.58.33:493][  0]LogLinker:Warning: CreateExport: Failed to load Parent for BlueprintGeneratedClass /Game/Blueprints/Gameplay/PlayerStats.PlayerStats_C
[2016.02.29-19.58.33:493][  0]LogLinker:Warning: CreateExport: Failed to load Parent for BlueprintGeneratedClass /Game/Blueprints/Gameplay/PlayerStats.PlayerStats_C
[2016.02.29-19.58.33:493][  0]LogLinker:Warning: CreateExport: Failed to load Parent for BlueprintGeneratedClass /Game/Blueprints/Gameplay/PlayerStats.PlayerStats_C
[2016.02.29-19.58.33:493][  0]LogLinker:Warning: CreateExport: Failed to load Parent for BlueprintGeneratedClass /Game/Blueprints/Gameplay/PlayerStats.PlayerStats_C
[2016.02.29-19.58.33:494][  0]LogLinker:Warning: CreateExport: Failed to load Parent for BlueprintGeneratedClass /Game/Blueprints/Gameplay/PlayerStats.PlayerStats_C
[2016.02.29-19.58.33:494][  0]LogLinker:Warning: CreateExport: Failed to load Parent for BlueprintGeneratedClass /Game/Blueprints/Gameplay/PlayerStats.PlayerStats_C
[2016.02.29-19.58.33:494][  0]LogLinker:Warning: CreateExport: Failed to load Parent for BlueprintGeneratedClass /Game/Blueprints/Gameplay/PlayerStats.PlayerStats_C
[2016.02.29-19.58.33:494][  0]LogLinker:Warning: CreateExport: Failed to load Parent for BlueprintGeneratedClass /Game/Blueprints/Gameplay/PlayerStats.PlayerStats_C
[2016.02.29-19.58.33:494][  0]LogLinker:Warning: CreateExport: Failed to load Parent for BlueprintGeneratedClass /Game/Blueprints/Gameplay/PlayerStats.PlayerStats_C
[2016.02.29-19.58.33:494][  0]LogLinker:Warning: CreateExport: Failed to load Parent for BlueprintGeneratedClass /Game/Blueprints/Gameplay/PlayerStats.PlayerStats_C
[2016.02.29-19.58.33:495][  0]LogLinker:Warning: CreateExport: Failed to load Parent for BlueprintGeneratedClass /Game/Blueprints/Gameplay/PlayerStats.PlayerStats_C
[2016.02.29-19.58.33:495][  0]LogLinker:Warning: CreateExport: Failed to load Parent for BlueprintGeneratedClass /Game/Blueprints/Gameplay/PlayerStats.PlayerStats_C
[2016.02.29-19.58.33:495][  0]LogLinker:Warning: CreateExport: Failed to load Parent for BlueprintGeneratedClass /Game/Blueprints/Gameplay/PlayerStats.PlayerStats_C
[2016.02.29-19.58.33:495][  0]LogLinker:Warning: CreateExport: Failed to load Parent for BlueprintGeneratedClass /Game/Blueprints/Gameplay/PlayerStats.PlayerStats_C
[2016.02.29-19.58.33:495][  0]LogLinker:Warning: CreateExport: Failed to load Parent for BlueprintGeneratedClass /Game/Blueprints/Gameplay/PlayerStats.PlayerStats_C
[2016.02.29-19.58.33:495][  0]LogLinker:Warning: CreateExport: Failed to load Parent for BlueprintGeneratedClass /Game/Blueprints/Gameplay/PlayerStats.PlayerStats_C
[2016.02.29-19.58.33:495][  0]LogLinker:Warning: CreateExport: Failed to load Parent for BlueprintGeneratedClass /Game/Blueprints/Gameplay/PlayerStats.PlayerStats_C
[2016.02.29-19.58.33:495][  0]LogLinker:Warning: CreateExport: Failed to load Parent for BlueprintGeneratedClass /Game/Blueprints/Gameplay/PlayerStats.PlayerStats_C
[2016.02.29-19.58.33:496][  0]LogLinker:Warning: CreateExport: Failed to load Parent for BlueprintGeneratedClass /Game/Blueprints/Gameplay/PlayerStats.PlayerStats_C
[2016.02.29-19.58.33:496][  0]LogLinker:Warning: CreateExport: Failed to load Parent for BlueprintGeneratedClass /Game/Blueprints/Gameplay/PlayerStats.PlayerStats_C
[2016.02.29-19.58.33:496][  0]LogLinker:Warning: CreateExport: Failed to load Parent for BlueprintGeneratedClass /Game/Blueprints/Gameplay/PlayerStats.PlayerStats_C
[2016.02.29-19.58.33:500][  0]LogLinker:Warning: CreateExport: Failed to load Parent for BlueprintGeneratedClass /Game/Blueprints/Gameplay/PlayerStats.PlayerStats_C
[2016.02.29-19.58.33:500][  0]LogLinker:Warning: CreateExport: Failed to load Parent for BlueprintGeneratedClass /Game/Blueprints/Gameplay/PlayerStats.PlayerStats_C
[2016.02.29-19.58.33:500][  0]LogLinker:Warning: CreateExport: Failed to load Parent for BlueprintGeneratedClass /Game/Blueprints/Gameplay/PlayerStats.PlayerStats_C
[2016.02.29-19.58.33:503][  0]LogLinker:Warning: CreateExport: Failed to load Parent for BlueprintGeneratedClass /Game/Blueprints/Gameplay/PlayerStats.PlayerStats_C
[2016.02.29-19.58.33:505][  0]LogLinker:Warning: CreateExport: Failed to load Parent for BlueprintGeneratedClass /Game/Blueprints/Gameplay/PlayerStats.PlayerStats_C
[2016.02.29-19.58.33:506][  0]LogLinker:Warning: CreateExport: Failed to load Parent for BlueprintGeneratedClass /Game/Blueprints/Gameplay/PlayerStats.PlayerStats_C
[2016.02.29-19.58.33:507][  0]LogLinker:Warning: CreateExport: Failed to load Parent for BlueprintGeneratedClass /Game/Blueprints/Gameplay/PlayerStats.PlayerStats_C
[2016.02.29-19.58.33:507][  0]LogLinker:Warning: CreateExport: Failed to load Parent for BlueprintGeneratedClass /Game/Blueprints/Gameplay/PlayerStats.PlayerStats_C
[2016.02.29-19.58.33:507][  0]LogLinker:Warning: CreateExport: Failed to load Parent for BlueprintGeneratedClass /Game/Blueprints/Gameplay/PlayerStats.PlayerStats_C
[2016.02.29-19.58.33:507][  0]LogLinker:Warning: CreateExport: Failed to load Parent for BlueprintGeneratedClass /Game/Blueprints/Gameplay/PlayerStats.PlayerStats_C
[2016.02.29-19.58.33:508][  0]LogLinker:Warning: CreateExport: Failed to load Parent for BlueprintGeneratedClass /Game/Blueprints/Gameplay/PlayerStats.PlayerStats_C
[2016.02.29-19.58.33:514][  0]LogBlueprint:Warning: [Building] CreatePinForVariable: 'playerNo' variable not found. Base class was probably changed.
[2016.02.29-19.58.33:518][  0]LogBlueprint:Error: [compiler Building] Error Message node  Add Energy
Using Interface iStatsAndFlows_C  must have a valid target or reference to self.
[2016.02.29-19.58.33:518][  0]LogBlueprint:Error: [compiler Building] Error Message node  Add Food
Using Interface iStatsAndFlows_C  must have a valid target or reference to self.
[2016.02.29-19.58.33:518][  0]LogBlueprint:Error: [compiler Building] Error Message node  Remove Money
Using Interface iStatsAndFlows_C  must have a valid target or reference to self.
[2016.02.29-19.58.33:519][  0]LogBlueprint:Error: [compiler Building] Error Message node  Add Energy
Using Interface iStatsAndFlows_C  must have a valid target or reference to self.
[2016.02.29-19.58.33:519][  0]LogBlueprint:Error: [compiler Building] Error Message node  Add Food
Using Interface iStatsAndFlows_C  must have a valid target or reference to self.
[2016.02.29-19.58.33:519][  0]LogBlueprint:Error: [compiler Building] Error Message node  Remove Money
Using Interface iStatsAndFlows_C  must have a valid target or reference to self.
[2016.02.29-19.58.33:519][  0]LogBlueprint:Error: [compiler Building] Error Message node  Add Money 
Using Interface iStatsAndFlows_C  must have a valid target or reference to self.
[2016.02.29-19.58.33:519][  0]LogBlueprint:Error: [compiler Building] Error Message node  Add Energy
Using Interface iStatsAndFlows_C  must have a valid target or reference to self.
[2016.02.29-19.58.33:519][  0]LogBlueprint:Error: [compiler Building] Error Message node  Add Food
Using Interface iStatsAndFlows_C  must have a valid target or reference to self.
[2016.02.29-19.58.33:519][  0]LogBlueprint:Error: [compiler Building] Error Message node  Add Happiness
Using Interface iStatsAndFlows_C  must have a valid target or reference to self.
[2016.02.29-19.58.33:520][  0]LogBlueprint:Warning: [compiler Building] Warning Could not find a variable named "playerNo" in 'Building'.
Make sure 'Building' has been compiled for  Get playerNo 
[2016.02.29-19.58.33:520][  0]LogBlueprint:Error: [compiler Building] Error The type of  A  is undetermined.  Connect something to  Equal (Enum)  to imply a specific type.
[2016.02.29-19.58.33:520][  0]LogBlueprint:Error: [compiler Building] Error The type of  B  is undetermined.  Connect something to  Equal (Enum)  to imply a specific type.
[2016.02.29-19.58.33:521][  0]LogBlueprint:Error: [compiler Building] Error The current value of the ' A ' pin is invalid: Unsupported type Wildcard on pin A
[2016.02.29-19.58.33:521][  0]LogBlueprint:Error: [compiler Building] Error The current value of the ' B ' pin is invalid: Unsupported type Wildcard on pin B
[2016.02.29-19.58.33:526][  0]LogBlueprint:Warning: [compiler Building] Warning [0004.51] Compile of Building failed. 14 Fatal Issue(s) 1 Warning(s) [in 10 ms]
[2016.02.29-19.58.33:526][  0]LogBlueprint:Warning: [compiler Building] Warning [0004.51] Compile of Building failed. 14 Fatal Issue(s) 2 Warning(s) [in 0 ms]
[2016.02.29-19.58.33:526][  0]LogBlueprint:Warning: [compiler Building] Warning [0004.51] Compile of Building failed. 14 Fatal Issue(s) 3 Warning(s) [in 0 ms]
[2016.02.29-19.58.33:533][  0]LogLinker:Warning: CreateExport: Failed to load Parent for Function /Game/Blueprints/Tiles/Buildings/CityCentre.CityCentre_C:UserConstructionScript; removing parent information, but keeping function
[2016.02.29-19.58.33:683][  0]LogLinker:Warning: CreateExport: Failed to load Parent for BlueprintGeneratedClass /Game/Blueprints/Gameplay/PlayerStats.PlayerStats_C
[2016.02.29-19.58.33:684][  0]LogLinker:Warning: CreateExport: Failed to load Parent for BlueprintGeneratedClass /Game/Blueprints/Gameplay/PlayerStats.PlayerStats_C
[2016.02.29-19.58.33:685][  0]LogLinker:Warning: CreateExport: Failed to load Parent for BlueprintGeneratedClass /Game/Blueprints/Gameplay/PlayerStats.PlayerStats_C
[2016.02.29-19.58.33:685][  0]LogLinker:Warning: CreateExport: Failed to load Parent for BlueprintGeneratedClass /Game/Blueprints/Gameplay/PlayerStats.PlayerStats_C
[2016.02.29-19.58.33:685][  0]LogLinker:Warning: CreateExport: Failed to load Parent for BlueprintGeneratedClass /Game/Blueprints/Gameplay/PlayerStats.PlayerStats_C
[2016.02.29-19.58.33:685][  0]LogLinker:Warning: CreateExport: Failed to load Parent for BlueprintGeneratedClass /Game/Blueprints/Gameplay/PlayerStats.PlayerStats_C
[2016.02.29-19.58.33:685][  0]LogLinker:Warning: CreateExport: Failed to load Parent for BlueprintGeneratedClass /Game/Blueprints/Gameplay/PlayerStats.PlayerStats_C
[2016.02.29-19.58.33:685][  0]LogLinker:Warning: CreateExport: Failed to load Parent for BlueprintGeneratedClass /Game/Blueprints/Gameplay/PlayerStats.PlayerStats_C
[2016.02.29-19.58.33:685][  0]LogLinker:Warning: CreateExport: Failed to load Parent for BlueprintGeneratedClass /Game/Blueprints/Gameplay/PlayerStats.PlayerStats_C
[2016.02.29-19.58.33:686][  0]LogLinker:Warning: CreateExport: Failed to load Parent for BlueprintGeneratedClass /Game/Blueprints/Gameplay/PlayerStats.PlayerStats_C
[2016.02.29-19.58.33:686][  0]LogLinker:Warning: CreateExport: Failed to load Parent for BlueprintGeneratedClass /Game/Blueprints/Gameplay/PlayerStats.PlayerStats_C
[2016.02.29-19.58.33:686][  0]LogLinker:Warning: CreateExport: Failed to load Parent for BlueprintGeneratedClass /Game/Blueprints/Gameplay/PlayerStats.PlayerStats_C
[2016.02.29-19.58.33:686][  0]LogLinker:Warning: CreateExport: Failed to load Parent for BlueprintGeneratedClass /Game/Blueprints/Gameplay/PlayerStats.PlayerStats_C
[2016.02.29-19.58.33:686][  0]LogLinker:Warning: CreateExport: Failed to load Parent for BlueprintGeneratedClass /Game/Blueprints/Gameplay/PlayerStats.PlayerStats_C
[2016.02.29-19.58.33:686][  0]LogLinker:Warning: CreateExport: Failed to load Parent for BlueprintGeneratedClass /Game/Blueprints/Gameplay/PlayerStats.PlayerStats_C
[2016.02.29-19.58.33:820][  0]LogAIModule: Creating AISystem for world Kieran-Test
[2016.02.29-19.58.33:825][  0]LogEditorServer: Finished looking for orphan Actors (0.000 secs)
[2016.02.29-19.58.33:826][  0]Cmd: MAP CHECKDEP NOCLEARLOG
[2016.02.29-19.58.33:904][  0]MapCheck: Info Map check complete: 0 Error(s), 0 Warning(s), took 78.472ms to complete.
[2016.02.29-19.58.33:904][  0]LogFileHelpers: Loading map 'Kieran-Test' took 0.646
[2016.02.29-19.58.34:024][  0]LogCollectionManager: Loaded 0 collections in 0.001432 seconds
[2016.02.29-19.58.34:066][  0]LogFileCache: Scanning file cache for directory 'S:/Anthrocratos/Anthrocratos_UE4/Saved/Collections/' took 0.01s
[2016.02.29-19.58.34:066][  0]LogFileCache: Scanning file cache for directory 'S:/Anthrocratos/Anthrocratos_UE4/Content/Developers/Bigfootone/Collections/' took 0.01s
[2016.02.29-19.58.34:066][  0]LogFileCache: Scanning file cache for directory 'S:/Anthrocratos/Anthrocratos_UE4/Content/Collections/' took 0.01s
[2016.02.29-19.58.34:066][  0]LogCollectionManager: Rebuilt the GUID cache for 0 collections in 0.000002 seconds
[2016.02.29-19.58.34:073][  0]LogContentBrowser: Native class hierarchy populated in 0.0074 seconds. Added 1895 classes and 340 folders.
[2016.02.29-19.58.34:078][  0]LogContentBrowser: Native class hierarchy updated for 'WidgetCarousel' in 0.0013 seconds. Added 0 classes and 0 folders.
[2016.02.29-19.58.34:131][  0]LogContentBrowser: Native class hierarchy updated for 'AddContentDialog' in 0.0013 seconds. Added 0 classes and 0 folders.
[2016.02.29-19.58.34:134][  0]LogContentBrowser: Native class hierarchy updated for 'SceneOutliner' in 0.0012 seconds. Added 1 classes and 2 folders.
[2016.02.29-19.58.34:178][  0]LogCrashTracker: Crashtracker disabled due to settings.
[2016.02.29-19.58.34:182][  0]LogUObjectGlobals:Warning: Failed to find object 'Class None.'
[2016.02.29-19.58.34:204][  0]LogLoad: Full Startup: 5.19 seconds (BP compile: 0.14 seconds)
[2016.02.29-19.58.34:213][  0]LogWindowsTextInputMethodSystem:Display: IME system now deactivated.
[2016.02.29-19.58.34:216][  0]LogOcInput: Can't find Oculus library dev build: is proper Runtime installed? Version: 0.8.0.0
[2016.02.29-19.58.34:216][  0]LoadErrors:Warning: Warning CreateExport: Failed to load Outer for resource 'BuildingsOwned': BlueprintGeneratedClass /Game/Blueprints/Gameplay/PlayerStats.PlayerStats_C
[2016.02.29-19.58.34:216][  0]LoadErrors:Warning: Warning CreateExport: Failed to load Outer for resource 'BuildingsOwned': ArrayProperty /Game/Blueprints/Gameplay/PlayerStats.PlayerStats_C:BuildingsOwned
[2016.02.29-19.58.34:216][  0]LoadErrors:Warning: Warning CreateExport: Failed to load Outer for resource 'ClampValues': BlueprintGeneratedClass /Game/Blueprints/Gameplay/PlayerStats.PlayerStats_C
[2016.02.29-19.58.34:216][  0]LoadErrors:Warning: Warning CreateExport: Failed to load Outer for resource 'Food': BlueprintGeneratedClass /Game/Blueprints/Gameplay/PlayerStats.PlayerStats_C
[2016.02.29-19.58.34:216][  0]LoadErrors:Warning: Warning CreateExport: Failed to load Outer for resource 'Energy': BlueprintGeneratedClass /Game/Blueprints/Gameplay/PlayerStats.PlayerStats_C
[2016.02.29-19.58.34:216][  0]LoadErrors:Warning: Warning CreateExport: Failed to load Outer for resource 'Money': BlueprintGeneratedClass /Game/Blueprints/Gameplay/PlayerStats.PlayerStats_C
[2016.02.29-19.58.34:216][  0]LoadErrors:Warning: Warning CreateExport: Failed to load Outer for resource 'Happiness': BlueprintGeneratedClass /Game/Blueprints/Gameplay/PlayerStats.PlayerStats_C
[2016.02.29-19.58.34:216][  0]LoadErrors:Warning: Warning CreateExport: Failed to load Outer for resource 'playerNo': BlueprintGeneratedClass /Game/Blueprints/Gameplay/PlayerStats.PlayerStats_C
[2016.02.29-19.58.34:216][  0]LoadErrors:Warning: Warning CreateExport: Failed to load Outer for resource 'DefaultSceneRoot': BlueprintGeneratedClass /Game/Blueprints/Gameplay/PlayerStats.PlayerStats_C
[2016.02.29-19.58.34:216][  0]LoadErrors:Warning: Warning CreateExport: Failed to load Outer for resource 'ExecuteUbergraph_PlayerStats': BlueprintGeneratedClass /Game/Blueprints/Gameplay/PlayerStats.PlayerStats_C
[2016.02.29-19.58.34:216][  0]LoadErrors:Warning: Warning CreateExport: Failed to load Outer for resource 'CallFunc_Add_IntInt_ReturnValue4': Function /Game/Blueprints/Gameplay/PlayerStats.PlayerStats_C:ExecuteUbergraph_PlayerStats
[2016.02.29-19.58.34:216][  0]LoadErrors:Warning: Warning CreateExport: Failed to load Outer for resource 'K2Node_Event_Happiness': Function /Game/Blueprints/Gameplay/PlayerStats.PlayerStats_C:ExecuteUbergraph_PlayerStats
[2016.02.29-19.58.34:216][  0]LoadErrors:Warning: Warning CreateExport: Failed to load Outer for resource 'CallFunc_Add_IntInt_ReturnValue3': Function /Game/Blueprints/Gameplay/PlayerStats.PlayerStats_C:ExecuteUbergraph_PlayerStats
[2016.02.29-19.58.34:216][  0]LoadErrors:Warning: Warning CreateExport: Failed to load Outer for resource 'CallFunc_Add_IntInt_ReturnValue2': Function /Game/Blueprints/Gameplay/PlayerStats.PlayerStats_C:ExecuteUbergraph_PlayerStats
[2016.02.29-19.58.34:216][  0]LoadErrors:Warning: Warning CreateExport: Failed to load Outer for resource 'K2Node_Event_Food': Function /Game/Blueprints/Gameplay/PlayerStats.PlayerStats_C:ExecuteUbergraph_PlayerStats
[2016.02.29-19.58.34:216][  0]LoadErrors:Warning: Warning CreateExport: Failed to load Outer for resource 'K2Node_Event_Energy': Function /Game/Blueprints/Gameplay/PlayerStats.PlayerStats_C:ExecuteUbergraph_PlayerStats
[2016.02.29-19.58.34:217][  0]LoadErrors:Warning: Warning CreateExport: Failed to load Outer for resource 'CallFunc_Array_RemoveItem_ReturnValue': Function /Game/Blueprints/Gameplay/PlayerStats.PlayerStats_C:ExecuteUbergraph_PlayerStats
[2016.02.29-19.58.34:217][  0]LoadErrors:Warning: Warning CreateExport: Failed to load Outer for resource 'K2Node_Event_Building': Function /Game/Blueprints/Gameplay/PlayerStats.PlayerStats_C:ExecuteUbergraph_PlayerStats
[2016.02.29-19.58.34:217][  0]LoadErrors:Warning: Warning CreateExport: Failed to load Outer for resource 'CallFunc_Array_AddUnique_ReturnValue': Function /Game/Blueprints/Gameplay/PlayerStats.PlayerStats_C:ExecuteUbergraph_PlayerStats
[2016.02.29-19.58.34:217][  0]LoadErrors:Warning: Warning CreateExport: Failed to load Outer for resource 'CallFunc_Add_IntInt_ReturnValue': Function /Game/Blueprints/Gameplay/PlayerStats.PlayerStats_C:ExecuteUbergraph_PlayerStats
[2016.02.29-19.58.34:217][  0]LoadErrors:Warning: Warning CreateExport: Failed to load Outer for resource 'K2Node_Event_Building2': Function /Game/Blueprints/Gameplay/PlayerStats.PlayerStats_C:ExecuteUbergraph_PlayerStats
[2016.02.29-19.58.34:217][  0]LoadErrors:Warning: Warning CreateExport: Failed to load Outer for resource 'K2Node_Event_MoneyAdded': Function /Game/Blueprints/Gameplay/PlayerStats.PlayerStats_C:ExecuteUbergraph_PlayerStats
[2016.02.29-19.58.34:217][  0]LoadErrors:Warning: Warning CreateExport: Failed to load Outer for resource 'EntryPoint': Function /Game/Blueprints/Gameplay/PlayerStats.PlayerStats_C:ExecuteUbergraph_PlayerStats
[2016.02.29-19.58.34:217][  0]LoadErrors:Warning: Warning CreateExport: Failed to load Outer for resource 'ReceiveBeginPlay': BlueprintGeneratedClass /Game/Blueprints/Gameplay/PlayerStats.PlayerStats_C
[2016.02.29-19.58.34:217][  0]LoadErrors:Warning: Warning CreateExport: Failed to load Outer for resource 'StartRoundCall': BlueprintGeneratedClass /Game/Blueprints/Gameplay/PlayerStats.PlayerStats_C
[2016.02.29-19.58.34:217][  0]LoadErrors:Warning: Warning CreateExport: Failed to load Outer for resource 'AddHappiness': BlueprintGeneratedClass /Game/Blueprints/Gameplay/PlayerStats.PlayerStats_C
[2016.02.29-19.58.34:217][  0]LoadErrors:Warning: Warning CreateExport: Failed to load Outer for resource 'Happiness': Function /Game/Blueprints/Gameplay/PlayerStats.PlayerStats_C:AddHappiness
[2016.02.29-19.58.34:217][  0]LoadErrors:Warning: Warning CreateExport: Failed to load Outer for resource 'AddFood': BlueprintGeneratedClass /Game/Blueprints/Gameplay/PlayerStats.PlayerStats_C
[2016.02.29-19.58.34:217][  0]LoadErrors:Warning: Warning CreateExport: Failed to load Outer for resource 'Food': Function /Game/Blueprints/Gameplay/PlayerStats.PlayerStats_C:AddFood
[2016.02.29-19.58.34:217][  0]LoadErrors:Warning: Warning CreateExport: Failed to load Outer for resource 'AddEnergy': BlueprintGeneratedClass /Game/Blueprints/Gameplay/PlayerStats.PlayerStats_C
[2016.02.29-19.58.34:217][  0]LoadErrors:Warning: Warning CreateExport: Failed to load Outer for resource 'Energy': Function /Game/Blueprints/Gameplay/PlayerStats.PlayerStats_C:AddEnergy
[2016.02.29-19.58.34:217][  0]LoadErrors:Warning: Warning CreateExport: Failed to load Outer for resource 'UntrackBuilding': BlueprintGeneratedClass /Game/Blueprints/Gameplay/PlayerStats.PlayerStats_C
[2016.02.29-19.58.34:217][  0]LoadErrors:Warning: Warning CreateExport: Failed to load Outer for resource 'Building': Function /Game/Blueprints/Gameplay/PlayerStats.PlayerStats_C:UntrackBuilding
[2016.02.29-19.58.34:217][  0]LoadErrors:Warning: Warning CreateExport: Failed to load Outer for resource 'TrackBuilding': BlueprintGeneratedClass /Game/Blueprints/Gameplay/PlayerStats.PlayerStats_C
[2016.02.29-19.58.34:218][  0]LoadErrors:Warning: Warning CreateExport: Failed to load Outer for resource 'Building': Function /Game/Blueprints/Gameplay/PlayerStats.PlayerStats_C:TrackBuilding
[2016.02.29-19.58.34:218][  0]LoadErrors:Warning: Warning CreateExport: Failed to load Outer for resource 'AddMoney ': BlueprintGeneratedClass /Game/Blueprints/Gameplay/PlayerStats.PlayerStats_C
[2016.02.29-19.58.34:218][  0]LoadErrors:Warning: Warning CreateExport: Failed to load Outer for resource 'MoneyAdded': Function /Game/Blueprints/Gameplay/PlayerStats.PlayerStats_C:AddMoney 
[2016.02.29-19.58.34:218][  0]LoadErrors:Warning: Warning CreateExport: Failed to load Outer for resource 'UserConstructionScript': BlueprintGeneratedClass /Game/Blueprints/Gameplay/PlayerStats.PlayerStats_C
[2016.02.29-19.58.34:218][  0]LoadErrors:Warning: Warning CreateExport: Failed to load Outer for resource 'CheckWinConditions': BlueprintGeneratedClass /Game/Blueprints/Gameplay/PlayerStats.PlayerStats_C
[2016.02.29-19.58.34:218][  0]LoadErrors:Warning: Warning CreateExport: Failed to load Outer for resource 'RemoveMoney': BlueprintGeneratedClass /Game/Blueprints/Gameplay/PlayerStats.PlayerStats_C
[2016.02.29-19.58.34:218][  0]LoadErrors:Warning: Warning CreateExport: Failed to load Outer for resource 'CallFunc_GreaterEqual_IntInt_ReturnValue': Function /Game/Blueprints/Gameplay/PlayerStats.PlayerStats_C:RemoveMoney
[2016.02.29-19.58.34:218][  0]LoadErrors:Warning: Warning CreateExport: Failed to load Outer for resource 'CallFunc_Add_IntInt_ReturnValue': Function /Game/Blueprints/Gameplay/PlayerStats.PlayerStats_C:RemoveMoney
[2016.02.29-19.58.34:218][  0]LoadErrors:Warning: Warning CreateExport: Failed to load Outer for resource 'CallFunc_Multiply_IntInt_ReturnValue': Function /Game/Blueprints/Gameplay/PlayerStats.PlayerStats_C:RemoveMoney
[2016.02.29-19.58.34:218][  0]LoadErrors:Warning: Warning CreateExport: Failed to load Outer for resource 'isSuccessful': Function /Game/Blueprints/Gameplay/PlayerStats.PlayerStats_C:RemoveMoney
[2016.02.29-19.58.34:218][  0]LoadErrors:Warning: Warning CreateExport: Failed to load Outer for resource 'MoneyRemoved': Function /Game/Blueprints/Gameplay/PlayerStats.PlayerStats_C:RemoveMoney
[2016.02.29-19.58.34:218][  0]LoadErrors:Warning: Warning CreateExport: Failed to load Outer for resource 'UberGraphFrame': BlueprintGeneratedClass /Game/Blueprints/Gameplay/PlayerStats.PlayerStats_C
[2016.02.29-19.58.34:218][  0]LoadErrors:Warning: Warning CreateExport: Failed to load Outer for resource 'DefaultSceneRoot_GEN_VARIABLE': BlueprintGeneratedClass /Game/Blueprints/Gameplay/PlayerStats.PlayerStats_C
[2016.02.29-19.58.34:219][  0]LoadErrors:Warning: Warning CreateExport: Failed to load Outer for resource 'SimpleConstructionScript_1': BlueprintGeneratedClass /Game/Blueprints/Gameplay/PlayerStats.PlayerStats_C
[2016.02.29-19.58.34:219][  0]LoadErrors:Warning: Warning CreateExport: Failed to load Outer for resource 'SCS_Node_1': SimpleConstructionScript /Game/Blueprints/Gameplay/PlayerStats.PlayerStats_C:SimpleConstructionScript_1
[2016.02.29-19.58.34:270][  0]LogContentStreaming: Texture pool size now 1000 MB
[2016.02.29-19.58.34:379][  1]LogFileCache: Retrieving MD5 hashes for directory 'S:/Anthrocratos/Anthrocratos_UE4/Content/' took 0.15s
[2016.02.29-19.58.34:437][  2]LogRenderer: Reallocating scene render targets to support 1012x580 (Frame:2).
[2016.02.29-19.58.38:359][420]LogAssetRegistry: Asset discovery search completed in 5.9386 seconds
[2016.02.29-19.58.38:359][420]LogCollectionManager: Rebuilt the object cache for 0 collections in 0.000001 seconds (found 0 objects)
[2016.02.29-19.58.38:359][420]LogCollectionManager: Fixed up redirectors for 0 collections in 0.000015 seconds (updated 0 objects)
[2016.02.29-19.58.38:387][421]AssetReimport: New page: Outstanding source content changes 19:58:38
[2016.02.29-19.58.38:713][453]LogVSAccessor:Warning: Couldn't access Visual Studio
[2016.02.29-19.58.38:725][453]Recompiling Anthrocratos_UE4...
[2016.02.29-19.58.38:725][453]Launching UnrealBuildTool... [S:/UnrealStuff/Epic Games/4.10/Engine/Binaries/DotNET/UnrealBuildTool.exe Anthrocratos_UE4 -ModuleWithSuffix Anthrocratos_UE4 5704 Win64 Development -editorrecompile -canskiplink "S:/Anthrocratos/Anthrocratos_UE4/Anthrocratos_UE4.uproject" -rocket  -rocket -2015]
[2016.02.29-19.58.38:742][453]Warning: Starting HotReload took  0.0s.
[2016.02.29-19.59.43:655][ 55]CompilerResultsLog: New page: Compilation - 29 Feb 2016 19:59:43
[2016.02.29-19.59.43:655][ 55]CompilerResultsLog: Info Creating makefile for hot reloading Anthrocratos_UE4 (game project files are newer)
[2016.02.29-19.59.43:655][ 55]CompilerResultsLog: Info Compiling game modules for hot reload
[2016.02.29-19.59.43:655][ 55]CompilerResultsLog: Info Parsing headers for Anthrocratos_UE4Editor
[2016.02.29-19.59.43:655][ 55]CompilerResultsLog: Info   Running UnrealHeaderTool "S:/Anthrocratos/Anthrocratos_UE4/Anthrocratos_UE4.uproject" "S:\Anthrocratos\Anthrocratos_UE4\Intermediate\Build\Win64\Anthrocratos_UE4Editor\Development\UnrealHeaderTool.manifest" -LogCmds="loginit warning, logexit warning, logdatabase error" -rocket -installed
[2016.02.29-19.59.43:655][ 55]CompilerResultsLog: Info Reflection code generated for Anthrocratos_UE4Editor in 8.1980437 seconds
[2016.02.29-19.59.43:655][ 55]CompilerResultsLog: Info Performing 7 actions (4 in parallel)
[2016.02.29-19.59.43:655][ 55]CompilerResultsLog: Info PCH.Anthrocratos_UE4.h.cpp
[2016.02.29-19.59.43:655][ 55]CompilerResultsLog: Info Anthrocratos_UE4.cpp
[2016.02.29-19.59.43:655][ 55]CompilerResultsLog: Info Anthrocratos_UE4GameMode.cpp
[2016.02.29-19.59.43:655][ 55]CompilerResultsLog: Info GameTileSpawner.cpp
[2016.02.29-19.59.43:655][ 55]CompilerResultsLog: Info PlayerStats.cpp
[2016.02.29-19.59.43:655][ 55]CompilerResultsLog: Info Anthrocratos_UE4.generated.cpp
[2016.02.29-19.59.43:655][ 55]CompilerResultsLog: Info [7/7] Link UE4Editor-Anthrocratos_UE4-5704.dll
[2016.02.29-19.59.43:655][ 55]CompilerResultsLog: Info    Creating library S:\Anthrocratos\Anthrocratos_UE4\Intermediate/Build/Win64\UE4Editor\Development\UE4Editor-Anthrocratos_UE4-5704.lib and object S:\Anthrocratos\Anthrocratos_UE4\Intermediate/Build/Win64\UE4Editor\Development\UE4Editor-Anthrocratos_UE4-5704.exp
[2016.02.29-19.59.43:655][ 55]CompilerResultsLog: Info -------- End Detailed Actions Stats -----------------------------------------------------------
[2016.02.29-19.59.43:655][ 55]CompilerResultsLog: Info Total build time: 64.79 seconds
[2016.02.29-19.59.43:655][ 55]LogMainFrame: MainFrame: Module compiling took 64.942 seconds
[2016.02.29-19.59.43:711][ 55]LogClass: Could not find existing class PlayerStats in package /Script/Anthrocratos_UE4 for HotReload, assuming new class
[2016.02.29-19.59.43:711][ 55]LogClass: Could not find existing enum EPlayerNo for HotReload. Assuming new
[2016.02.29-19.59.43:713][ 55]LogContentBrowser: Native class hierarchy updated for 'Anthrocratos_UE4' in 0.0014 seconds. Added 3 classes and 2 folders.
[2016.02.29-19.59.43:714][ 55]Warning: HotReload successful (0 functions remapped  0 scriptstructs remapped)
[2016.02.29-19.59.43:760][ 55]LogContentBrowser: Native class hierarchy populated in 0.0095 seconds. Added 1897 classes and 342 folders.
[2016.02.29-19.59.54:661][211]LogWindowsTextInputMethodSystem:Display: IME system now deactivated.
[2016.02.29-19.59.54:929][212]Cmd: QUIT_EDITOR
[2016.02.29-19.59.55:300][212]LogExit: Preparing to exit.
[2016.02.29-19.59.56:466][212]LogExit: Editor shut down
[2016.02.29-19.59.56:466][212]LogExit: Transaction tracking system shut down
[2016.02.29-19.59.56:467][212]LogParticles: Destroying 0 GPU particle simulations for FXSystem 0x000001B858CF1A80
[2016.02.29-19.59.56:468][212]LogParticles: Destroying 0 GPU particle simulations for FXSystem 0x000001B8735C6660
[2016.02.29-19.59.56:468][212]LogParticles: Destroying 0 GPU particle simulations for FXSystem 0x000001B87350AB60
[2016.02.29-19.59.56:468][212]LogParticles: Destroying 0 GPU particle simulations for FXSystem 0x000001B8665114E0
[2016.02.29-19.59.56:584][212]LogExit: Object subsystem successfully closed.
[2016.02.29-19.59.56:598][212]LogD3D11RHI: Shutdown
[2016.02.29-19.59.56:598][212]LogD3D11RHI: CleanupD3DDevice
[2016.02.29-19.59.56:665][212]LogD3D11RHI: ~FD3D11DynamicRHI
[2016.02.29-19.59.56:681][212]LogModuleManager: Shutting down and abandoning module CrashTracker (199)
[2016.02.29-19.59.56:681][212]LogModuleManager: Shutting down and abandoning module SceneOutliner (198)
[2016.02.29-19.59.56:681][212]LogModuleManager: Shutting down and abandoning module SuperSearch (197)
[2016.02.29-19.59.56:681][212]LogModuleManager: Shutting down and abandoning module WidgetCarousel (196)
[2016.02.29-19.59.56:681][212]LogModuleManager: Shutting down and abandoning module AddContentDialog (195)
[2016.02.29-19.59.56:682][212]LogModuleManager: Shutting down and abandoning module EditorWidgets (194)
[2016.02.29-19.59.56:682][212]LogModuleManager: Shutting down and abandoning module CollectionManager (193)
[2016.02.29-19.59.56:682][212]LogModuleManager: Shutting down and abandoning module StatsViewer (192)
[2016.02.29-19.59.56:682][212]LogModuleManager: Shutting down and abandoning module FoliageEdit (191)
[2016.02.29-19.59.56:682][212]LogModuleManager: Shutting down and abandoning module LandscapeEditor (190)
[2016.02.29-19.59.56:682][212]LogModuleManager: Shutting down and abandoning module ActorPickerMode (189)
[2016.02.29-19.59.56:682][212]LogModuleManager: Shutting down and abandoning module GeometryMode (188)
[2016.02.29-19.59.56:682][212]LogModuleManager: Shutting down and abandoning module TextureAlignMode (187)
[2016.02.29-19.59.56:682][212]LogModuleManager: Shutting down and abandoning module BspMode (186)
[2016.02.29-19.59.56:682][212]LogModuleManager: Shutting down and abandoning module PlacementMode (185)
[2016.02.29-19.59.56:682][212]LogModuleManager: Shutting down and abandoning module AutomationWorker (184)
[2016.02.29-19.59.56:682][212]LogModuleManager: Shutting down and abandoning module CharacterAI (183)
[2016.02.29-19.59.56:682][212]LogModuleManager: Shutting down and abandoning module SmartSnapping (182)
[2016.02.29-19.59.56:682][212]LogModuleManager: Shutting down and abandoning module ViewportSnapping (181)
[2016.02.29-19.59.56:682][212]LogModuleManager: Shutting down and abandoning module LogVisualizer (180)
[2016.02.29-19.59.56:682][212]LogModuleManager: Shutting down and abandoning module GameProjectGeneration (179)
[2016.02.29-19.59.56:682][212]LogModuleManager: Shutting down and abandoning module IntroTutorials (178)
[2016.02.29-19.59.56:682][212]LogModuleManager: Shutting down and abandoning module EditorLiveStreaming (177)
[2016.02.29-19.59.56:682][212]LogModuleManager: Shutting down and abandoning module IOSPlatformEditor (176)
[2016.02.29-19.59.56:682][212]LogModuleManager: Shutting down and abandoning module HTML5PlatformEditor (175)
[2016.02.29-19.59.56:682][212]LogModuleManager: Shutting down and abandoning module AndroidDeviceDetection (174)
[2016.02.29-19.59.57:115][212]LogModuleManager: Shutting down and abandoning module AndroidPlatformEditor (173)
[2016.02.29-19.59.57:116][212]LogModuleManager: Shutting down and abandoning module IOSRuntimeSettings (172)
[2016.02.29-19.59.57:116][212]LogModuleManager: Shutting down and abandoning module AndroidRuntimeSettings (171)
[2016.02.29-19.59.57:116][212]LogModuleManager: Shutting down and abandoning module MergeActors (170)
[2016.02.29-19.59.57:116][212]LogModuleManager: Shutting down and abandoning module SizeMap (169)
[2016.02.29-19.59.57:116][212]LogModuleManager: Shutting down and abandoning module TreeMap (168)
[2016.02.29-19.59.57:116][212]LogModuleManager: Shutting down and abandoning module ReferenceViewer (167)
[2016.02.29-19.59.57:116][212]LogModuleManager: Shutting down and abandoning module LocalizationService (166)
[2016.02.29-19.59.57:116][212]LogModuleManager: Shutting down and abandoning module LocalizationDashboard (165)
[2016.02.29-19.59.57:116][212]LogModuleManager: Shutting down and abandoning module HardwareTargeting (164)
[2016.02.29-19.59.57:116][212]LogModuleManager: Shutting down and abandoning module DeviceProfileEditor (163)
[2016.02.29-19.59.57:116][212]LogModuleManager: Shutting down and abandoning module UndoHistory (162)
[2016.02.29-19.59.57:116][212]LogModuleManager: Shutting down and abandoning module GameplayTagsEditor (161)
[2016.02.29-19.59.57:116][212]LogModuleManager: Shutting down and abandoning module UserFeedback (160)
[2016.02.29-19.59.57:116][212]LogModuleManager: Shutting down and abandoning module XmlParser (159)
[2016.02.29-19.59.57:116][212]LogModuleManager: Shutting down and abandoning module Blutility (158)
[2016.02.29-19.59.57:116][212]LogModuleManager: Shutting down and abandoning module ProjectTargetPlatformEditor (157)
[2016.02.29-19.59.57:116][212]LogModuleManager: Shutting down and abandoning module ProjectSettingsViewer (156)
[2016.02.29-19.59.57:116][212]LogModuleManager: Shutting down and abandoning module InputBindingEditor (155)
[2016.02.29-19.59.57:116][212]LogModuleManager: Shutting down and abandoning module EditorSettingsViewer (154)
[2016.02.29-19.59.57:116][212]LogModuleManager: Shutting down and abandoning module SettingsEditor (153)
[2016.02.29-19.59.57:116][212]LogModuleManager: Shutting down and abandoning module ProjectLauncher (152)
[2016.02.29-19.59.57:116][212]LogModuleManager: Shutting down and abandoning module SessionFrontend (151)
[2016.02.29-19.59.57:116][212]LogModuleManager: Shutting down and abandoning module ProfilerClient (150)
[2016.02.29-19.59.57:116][212]LogModuleManager: Shutting down and abandoning module TargetDeviceServices (149)
[2016.02.29-19.59.57:116][212]LogModuleManager: Shutting down and abandoning module DeviceManager (148)
[2016.02.29-19.59.57:116][212]LogModuleManager: Shutting down and abandoning module AutomationController (147)
[2016.02.29-19.59.57:116][212]LogModuleManager: Shutting down and abandoning module AutomationWindow (146)
[2016.02.29-19.59.57:116][212]LogModuleManager: Shutting down and abandoning module Layers (145)
[2016.02.29-19.59.57:116][212]LogModuleManager: Shutting down and abandoning module ComponentVisualizers (144)
[2016.02.29-19.59.57:116][212]LogModuleManager: Shutting down and abandoning module DetailCustomizations (143)
[2016.02.29-19.59.57:116][212]LogModuleManager: Shutting down and abandoning module PackagesDialog (142)
[2016.02.29-19.59.57:116][212]LogModuleManager: Shutting down and abandoning module Persona (141)
[2016.02.29-19.59.57:116][212]LogModuleManager: Shutting down and abandoning module Kismet (140)
[2016.02.29-19.59.57:116][212]LogModuleManager: Shutting down and abandoning module GraphEditor (139)
[2016.02.29-19.59.57:116][212]LogModuleManager: Shutting down and abandoning module ClassViewer (138)
[2016.02.29-19.59.57:116][212]LogModuleManager: Shutting down and abandoning module Toolbox (137)
[2016.02.29-19.59.57:116][212]LogModuleManager: Shutting down and abandoning module ModuleUI (136)
[2016.02.29-19.59.57:116][212]LogModuleManager: Shutting down and abandoning module MovieSceneTools (135)
[2016.02.29-19.59.57:116][212]LogModuleManager: Shutting down and abandoning module OutputLog (134)
[2016.02.29-19.59.57:116][212]LogModuleManager: Shutting down and abandoning module GammaUI (133)
[2016.02.29-19.59.57:116][212]LogModuleManager: Shutting down and abandoning module Documentation (132)
[2016.02.29-19.59.57:116][212]LogModuleManager: Shutting down and abandoning module GameLiveStreaming (131)
[2016.02.29-19.59.57:116][212]LogModuleManager: Shutting down and abandoning module StreamingPauseRendering (130)
[2016.02.29-19.59.57:116][212]LogModuleManager: Shutting down and abandoning module AnalyticsET (129)
[2016.02.29-19.59.57:116][212]LogModuleManager: Shutting down and abandoning module Analytics (128)
[2016.02.29-19.59.57:116][212]LogModuleManager: Shutting down and abandoning module AITestSuite (127)
[2016.02.29-19.59.57:116][212]LogModuleManager: Shutting down and abandoning module GameplayDebugger (126)
[2016.02.29-19.59.57:116][212]LogModuleManager: Shutting down and abandoning module AIModule (125)
[2016.02.29-19.59.57:116][212]LogModuleManager: Shutting down and abandoning module ProfilerService (124)
[2016.02.29-19.59.57:172][212]LogModuleManager: Shutting down and abandoning module TaskGraph (123)
[2016.02.29-19.59.57:172][212]LogModuleManager: Shutting down and abandoning module SlateRemote (122)
[2016.02.29-19.59.57:172][212]LogModuleManager: Shutting down and abandoning module SteamVRController (121)
[2016.02.29-19.59.57:172][212]LogModuleManager: Shutting down and abandoning module SteamVR (120)
[2016.02.29-19.59.57:172][212]LogModuleManager: Shutting down and abandoning module ProceduralMeshComponent (119)
[2016.02.29-19.59.57:172][212]LogModuleManager: Shutting down and abandoning module OculusLibrary (118)
[2016.02.29-19.59.57:172][212]LogModuleManager: Shutting down and abandoning module OculusInput (117)
[2016.02.29-19.59.57:172][212]LogModuleManager: Shutting down and abandoning module LeapMotionController (116)
[2016.02.29-19.59.57:190][212]LogModuleManager: Shutting down and abandoning module CustomMeshComponent (115)
[2016.02.29-19.59.57:190][212]LogModuleManager: Shutting down and abandoning module CableComponent (114)
[2016.02.29-19.59.57:190][212]LogModuleManager: Shutting down and abandoning module ArchVisCharacter (113)
[2016.02.29-19.59.57:190][212]LogModuleManager: Shutting down and abandoning module MessagingDebugger (112)
[2016.02.29-19.59.57:190][212]LogModuleManager: Shutting down and abandoning module MediaPlayerEditor (111)
[2016.02.29-19.59.57:190][212]LogModuleManager: Shutting down and abandoning module HTML5Networking (110)
[2016.02.29-19.59.57:190][212]LogModuleManager: Shutting down and abandoning module SpeedTreeImporter (109)
[2016.02.29-19.59.57:190][212]LogModuleManager: Shutting down and abandoning module PluginBrowser (108)
[2016.02.29-19.59.57:190][212]LogModuleManager: Shutting down and abandoning module EpicSurvey (107)
[2016.02.29-19.59.57:191][212]LogModuleManager: Shutting down and abandoning module DesktopPlatform (106)
[2016.02.29-19.59.57:191][212]LogModuleManager: Shutting down and abandoning module VisualStudioSourceCodeAccess (105)
[2016.02.29-19.59.57:191][212]LogModuleManager: Shutting down and abandoning module UObjectPlugin (104)
[2016.02.29-19.59.57:191][212]LogModuleManager: Shutting down and abandoning module SubversionSourceControl (103)
[2016.02.29-19.59.57:191][212]LogModuleManager: Shutting down and abandoning module PerforceSourceControl (102)
[2016.02.29-19.59.57:191][212]LogModuleManager: Shutting down and abandoning module SourceControl (101)
[2016.02.29-19.59.57:191][212]LogModuleManager: Shutting down and abandoning module GitSourceControl (100)
[2016.02.29-19.59.57:191][212]LogModuleManager: Shutting down and abandoning module LightPropagationVolumeEditor (99)
[2016.02.29-19.59.57:191][212]LogModuleManager: Shutting down and abandoning module PaperTiledImporter (98)
[2016.02.29-19.59.57:191][212]LogModuleManager: Shutting down and abandoning module PaperSpriteSheetImporter (97)
[2016.02.29-19.59.57:191][212]LogModuleManager: Shutting down and abandoning module MeshPaint (96)
[2016.02.29-19.59.57:191][212]LogModuleManager: Shutting down and abandoning module SlateReflector (95)
[2016.02.29-19.59.57:191][212]LogModuleManager: Shutting down and abandoning module HotReload (94)
[2016.02.29-19.59.57:191][212]LogModuleManager: Shutting down and abandoning module MainFrame (93)
[2016.02.29-19.59.57:191][212]LogModuleManager: Shutting down and abandoning module LevelEditor (92)
[2016.02.29-19.59.57:192][212]LogModuleManager: Shutting down and abandoning module DirectoryWatcher (91)
[2016.02.29-19.59.57:193][212]LogModuleManager: Shutting down and abandoning module AssetRegistry (90)
[2016.02.29-19.59.57:277][212]LogModuleManager: Shutting down and abandoning module ContentBrowser (89)
[2016.02.29-19.59.57:277][212]LogModuleManager: Shutting down and abandoning module Paper2DEditor (88)
[2016.02.29-19.59.57:277][212]LogModuleManager: Shutting down and abandoning module Anthrocratos_UE4 (87)
[2016.02.29-19.59.57:277][212]LogModuleManager: Shutting down and abandoning module UdpMessaging (86)
[2016.02.29-19.59.57:378][212]LogModuleManager: Shutting down and abandoning module LightPropagationVolumeRuntime (85)
[2016.02.29-19.59.57:378][212]LogModuleManager: Shutting down and abandoning module Paper2D (84)
[2016.02.29-19.59.57:378][212]LogModuleManager: Shutting down and abandoning module WindowsMoviePlayer (83)
[2016.02.29-19.59.57:380][212]LogModuleManager: Shutting down and abandoning module Media (82)
[2016.02.29-19.59.57:380][212]LogModuleManager: Shutting down and abandoning module WmfMedia (81)
[2016.02.29-19.59.57:380][212]LogModuleManager: Shutting down and abandoning module OnlineBlueprintSupport (80)
[2016.02.29-19.59.57:380][212]LogModuleManager: Shutting down and abandoning module GameplayTasksEditor (79)
[2016.02.29-19.59.57:380][212]LogModuleManager: Shutting down and abandoning module PropertyEditor (78)
[2016.02.29-19.59.57:380][212]LogModuleManager: Shutting down and abandoning module BehaviorTreeEditor (77)
[2016.02.29-19.59.57:380][212]LogModuleManager: Shutting down and abandoning module FunctionalTesting (76)
[2016.02.29-19.59.57:380][212]LogModuleManager: Shutting down and abandoning module CollisionAnalyzer (75)
[2016.02.29-19.59.57:380][212]LogModuleManager: Shutting down and abandoning module WorkspaceMenuStructure (74)
[2016.02.29-19.59.57:380][212]LogModuleManager: Shutting down and abandoning module MessageLog (73)
[2016.02.29-19.59.57:380][212]LogModuleManager: Shutting down and abandoning module Sequencer (72)
[2016.02.29-19.59.57:380][212]LogModuleManager: Shutting down and abandoning module AssetTools (71)
[2016.02.29-19.59.57:380][212]LogModuleManager: Shutting down and abandoning module UMGEditor (70)
[2016.02.29-19.59.57:380][212]LogModuleManager: Shutting down and abandoning module UMG (69)
[2016.02.29-19.59.57:380][212]LogModuleManager: Shutting down and abandoning module Slate (68)
[2016.02.29-19.59.57:380][212]LogModuleManager: Shutting down and abandoning module EditorStyle (67)
[2016.02.29-19.59.57:382][212]LogModuleManager: Shutting down and abandoning module SessionServices (66)
[2016.02.29-19.59.57:382][212]LogModuleManager: Shutting down and abandoning module SourceCodeAccess (65)
[2016.02.29-19.59.57:382][212]LogModuleManager: Shutting down and abandoning module HeadMountedDisplay (64)
[2016.02.29-19.59.57:382][212]LogModuleManager: Shutting down and abandoning module XAudio2 (63)
[2016.02.29-19.59.57:382][212]LogModuleManager: Shutting down and abandoning module Networking (61)
[2016.02.29-19.59.57:382][212]LogModuleManager: Shutting down and abandoning module Core (60)
[2016.02.29-19.59.57:382][212]LogModuleManager: Shutting down and abandoning module KismetCompiler (59)
[2016.02.29-19.59.57:382][212]LogModuleManager: Shutting down and abandoning module PhysXFormats (58)
[2016.02.29-19.59.57:382][212]LogModuleManager: Shutting down and abandoning module MeshUtilities (57)
[2016.02.29-19.59.57:382][212]LogModuleManager: Shutting down and abandoning module DerivedDataCache (56)
[2016.02.29-19.59.57:636][212]LogDerivedDataCache: Shutdown
[2016.02.29-19.59.57:636][212]LogModuleManager: Shutting down and abandoning module ShaderFormatOpenGL (55)
[2016.02.29-19.59.57:636][212]LogModuleManager: Shutting down and abandoning module ShaderFormatD3D (54)
[2016.02.29-19.59.57:636][212]LogModuleManager: Shutting down and abandoning module MetalShaderFormat (53)
[2016.02.29-19.59.57:636][212]LogModuleManager: Shutting down and abandoning module TextureFormatUncompressed (52)
[2016.02.29-19.59.57:636][212]LogModuleManager: Shutting down and abandoning module TextureFormatPVR (51)
[2016.02.29-19.59.57:636][212]LogModuleManager: Shutting down and abandoning module TextureFormatIntelISPCTexComp (50)
[2016.02.29-19.59.57:636][212]LogModuleManager: Shutting down and abandoning module TextureFormatDXT (49)
[2016.02.29-19.59.57:636][212]LogModuleManager: Shutting down and abandoning module ImageWrapper (48)
[2016.02.29-19.59.57:636][212]LogModuleManager: Shutting down and abandoning module TextureFormatASTC (47)
[2016.02.29-19.59.57:636][212]LogModuleManager: Shutting down and abandoning module TextureFormatAndroid (46)
[2016.02.29-19.59.57:636][212]LogModuleManager: Shutting down and abandoning module AudioFormatOpus (45)
[2016.02.29-19.59.57:636][212]LogModuleManager: Shutting down and abandoning module AudioFormatOgg (44)
[2016.02.29-19.59.57:636][212]LogModuleManager: Shutting down and abandoning module AudioFormatADPCM (43)
[2016.02.29-19.59.57:636][212]LogModuleManager: Shutting down and abandoning module LinuxTargetPlatform (42)
[2016.02.29-19.59.57:636][212]LogModuleManager: Shutting down and abandoning module LinuxServerTargetPlatform (41)
[2016.02.29-19.59.57:636][212]LogModuleManager: Shutting down and abandoning module LinuxNoEditorTargetPlatform (40)
[2016.02.29-19.59.57:636][212]LogModuleManager: Shutting down and abandoning module Messaging (39)
[2016.02.29-19.59.57:636][212]LogModuleManager: Shutting down and abandoning module IOSTargetPlatform (38)
[2016.02.29-19.59.57:636][212]LogModuleManager: Shutting down and abandoning module HTML5TargetPlatform (37)
[2016.02.29-19.59.57:636][212]LogModuleManager: Shutting down and abandoning module Android_PVRTCTargetPlatform (36)
[2016.02.29-19.59.57:636][212]LogModuleManager: Shutting down and abandoning module Android_MultiTargetPlatform (35)
[2016.02.29-19.59.57:636][212]LogModuleManager: Shutting down and abandoning module Android_ETC2TargetPlatform (34)
[2016.02.29-19.59.57:636][212]LogModuleManager: Shutting down and abandoning module Android_ETC1TargetPlatform (33)
[2016.02.29-19.59.57:636][212]LogModuleManager: Shutting down and abandoning module Android_DXTTargetPlatform (32)
[2016.02.29-19.59.57:636][212]LogModuleManager: Shutting down and abandoning module Android_ATCTargetPlatform (31)
[2016.02.29-19.59.57:636][212]LogModuleManager: Shutting down and abandoning module Android_ASTCTargetPlatform (30)
[2016.02.29-19.59.57:636][212]LogModuleManager: Shutting down and abandoning module AndroidTargetPlatform (29)
[2016.02.29-19.59.57:636][212]LogModuleManager: Shutting down and abandoning module WindowsTargetPlatform (28)
[2016.02.29-19.59.57:636][212]LogModuleManager: Shutting down and abandoning module WindowsServerTargetPlatform (27)
[2016.02.29-19.59.57:636][212]LogModuleManager: Shutting down and abandoning module WindowsNoEditorTargetPlatform (26)
[2016.02.29-19.59.57:636][212]LogModuleManager: Shutting down and abandoning module WindowsClientTargetPlatform (25)
[2016.02.29-19.59.57:636][212]LogModuleManager: Shutting down and abandoning module AllDesktopTargetPlatform (24)
[2016.02.29-19.59.57:636][212]LogModuleManager: Shutting down and abandoning module TargetPlatform (23)
[2016.02.29-19.59.57:636][212]LogModuleManager: Shutting down and abandoning module InputCore (22)
[2016.02.29-19.59.57:636][212]LogModuleManager: Shutting down and abandoning module Settings (21)
[2016.02.29-19.59.57:636][212]LogModuleManager: Shutting down and abandoning module OnlineSubsystem (19)
[2016.02.29-19.59.57:636][212]LogModuleManager: Shutting down and abandoning module HTTP (18)
[2016.02.29-19.59.58:637][212]LogModuleManager: Shutting down and abandoning module XMPP (17)
[2016.02.29-19.59.58:637][212]LogModuleManager: Shutting down and abandoning module OculusRift (16)
[2016.02.29-19.59.58:637][212]LogModuleManager: Shutting down and abandoning module ExampleDeviceProfileSelector (15)
[2016.02.29-19.59.58:637][212]LogModuleManager: Shutting down and abandoning module TextureCompressor (14)
[2016.02.29-19.59.58:637][212]LogModuleManager: Shutting down and abandoning module ShaderCore (13)
[2016.02.29-19.59.58:637][212]LogModuleManager: Shutting down and abandoning module Landscape (12)
[2016.02.29-19.59.58:637][212]LogModuleManager: Shutting down and abandoning module SlateRHIRenderer (11)
[2016.02.29-19.59.58:638][212]LogModuleManager: Shutting down and abandoning module OpenGLDrv (10)
[2016.02.29-19.59.58:638][212]LogModuleManager: Shutting down and abandoning module D3D11RHI (9)
[2016.02.29-19.59.58:638][212]LogModuleManager: Shutting down and abandoning module AnimGraphRuntime (8)
[2016.02.29-19.59.58:638][212]LogModuleManager: Shutting down and abandoning module Renderer (7)
[2016.02.29-19.59.58:638][212]LogModuleManager: Shutting down and abandoning module Engine (6)
[2016.02.29-19.59.58:638][212]LogModuleManager: Shutting down and abandoning module CoreUObject (5)
[2016.02.29-19.59.58:638][212]LogModuleManager: Shutting down and abandoning module NetworkFile (4)
[2016.02.29-19.59.58:638][212]LogModuleManager: Shutting down and abandoning module StreamingFile (3)
[2016.02.29-19.59.58:638][212]LogModuleManager: Shutting down and abandoning module SandboxFile (2)
[2016.02.29-19.59.58:638][212]LogModuleManager: Shutting down and abandoning module PakFile (1)
[2016.02.29-19.59.58:639][212]LogExit: Exiting.
[2016.02.29-19.59.58:640][212]Log file closed, 02/29/16 19:59:58
