[2016.02.14-19.11.40:616][  0]Log file open, 02/14/16 19:11:40
[2016.02.14-19.11.40:616][  0]LogInit:Display: Running engine for game: Anthrocratos_UE4
[2016.02.14-19.11.40:616][  0]LogPlatformFile: Not using cached read wrapper
[2016.02.14-19.11.40:616][  0]LogInit:Display: RandInit(-1623616023) SRandInit(-1623616021).
[2016.02.14-19.11.40:616][  0]LogTaskGraph: Started task graph with 4 named threads and 7 total threads.
[2016.02.14-19.11.40:616][  0]LogStats: Stats thread started at 0.067246
[2016.02.14-19.11.40:616][  0]LogInit: Version: 4.10.2-2818068+++depot+UE4-Releases+4.10
[2016.02.14-19.11.40:616][  0]LogInit: API Version: 2758231
[2016.02.14-19.11.40:616][  0]LogInit: Compiled (64-bit): Jan  6 2016 17:36:42
[2016.02.14-19.11.40:616][  0]LogInit: Compiled with Visual C++: 19.00.23026.00
[2016.02.14-19.11.40:616][  0]LogInit: Build Configuration: Development
[2016.02.14-19.11.40:616][  0]LogInit: Branch Name: ++depot+UE4-Releases+4.10
[2016.02.14-19.11.40:616][  0]LogInit: Command line: 
[2016.02.14-19.11.40:616][  0]LogInit: Base directory: C:/Program Files (x86)/Epic Games/4.10/Engine/Binaries/Win64/
[2016.02.14-19.11.40:616][  0]LogInit: Rocket: 1
[2016.02.14-19.11.40:662][  0]LogInit: Using libcurl 7.41.0
[2016.02.14-19.11.40:662][  0]LogInit:  - built for x86_64-pc-win32
[2016.02.14-19.11.40:662][  0]LogInit:  - supports SSL with WinSSL
[2016.02.14-19.11.40:662][  0]LogInit:  - other features:
[2016.02.14-19.11.40:662][  0]LogInit:      CURL_VERSION_SSL
[2016.02.14-19.11.40:662][  0]LogInit:      CURL_VERSION_IPV6
[2016.02.14-19.11.40:662][  0]LogInit:      CURL_VERSION_ASYNCHDNS
[2016.02.14-19.11.40:662][  0]LogInit:      CURL_VERSION_LARGEFILE
[2016.02.14-19.11.40:663][  0]LogInit:      CURL_VERSION_IDN
[2016.02.14-19.11.40:663][  0]LogInit:  CurlRequestOptions (configurable via config and command line):
[2016.02.14-19.11.40:663][  0]LogInit:  - bVerifyPeer = true  - Libcurl will verify peer certificate
[2016.02.14-19.11.40:663][  0]LogInit:  - bUseHttpProxy = false  - Libcurl will NOT use HTTP proxy
[2016.02.14-19.11.40:663][  0]LogInit:  - bDontReuseConnections = false  - Libcurl will reuse connections
[2016.02.14-19.11.40:663][  0]LogInit:  - CertBundlePath = nullptr  - Libcurl will use whatever was configured at build time.
[2016.02.14-19.11.40:667][  0]LogInit: Presizing for 0 objects not considered by GC, pre-allocating 0 bytes.
[2016.02.14-19.11.40:671][  0]LogInit: Object subsystem initialized
[2016.02.14-19.11.40:672][  0]LogInit: Selected Device Profile: [Windows]
[2016.02.14-19.11.40:672][  0]LogInit: Applying CVar settings loaded from the selected device profile: [Windows]
[2016.02.14-19.11.40:683][  0]LogInit: Computer: DESKTOP-V9NOFHJ
[2016.02.14-19.11.40:683][  0]LogInit: User: kags1
[2016.02.14-19.11.40:683][  0]LogInit: CPU Page size=4096, Cores=4
[2016.02.14-19.11.40:683][  0]LogInit: High frequency timer resolution =3.421872 MHz
[2016.02.14-19.11.40:683][  0]LogMemory: Memory total: Physical=15.9GB (16GB approx)
[2016.02.14-19.11.40:683][  0]LogMemory: Platform Memory Stats for Windows
[2016.02.14-19.11.40:683][  0]LogMemory: Process Physical Memory: 56.13 MB used, 56.13 MB peak
[2016.02.14-19.11.40:683][  0]LogMemory: Process Virtual Memory: 56.84 MB used, 56.84 MB peak
[2016.02.14-19.11.40:683][  0]LogMemory: Physical Memory: 3722.75 MB used, 16311.54 MB total
[2016.02.14-19.11.40:683][  0]LogMemory: Virtual Memory: 383.46 MB used, 134217728.00 MB total
[2016.02.14-19.11.40:712][  0]LogTextLocalizationManager: No specific translations for ('en-GB') exist, so ('en') translations will be used.
[2016.02.14-19.11.41:067][  0]LogD3D11RHI: Found D3D11 adapter 0: NVIDIA GeForce GTX 970 (Feature Level 11_0)
[2016.02.14-19.11.41:067][  0]LogD3D11RHI: Adapter has 4007MB of dedicated video memory, 0MB of dedicated system memory, and 8155MB of shared system memory, 1 output[s]
[2016.02.14-19.11.41:068][  0]LogD3D11RHI: Found D3D11 adapter 1: Microsoft Basic Render Driver (Feature Level 11_0)
[2016.02.14-19.11.41:068][  0]LogD3D11RHI: Adapter has 0MB of dedicated video memory, 0MB of dedicated system memory, and 8155MB of shared system memory, 0 output[s]
[2016.02.14-19.11.41:068][  0]LogD3D11RHI: Chosen D3D11 Adapter Id = 0
[2016.02.14-19.11.41:072][  0]LogD3D11RHI: !Direct3DDevice
[2016.02.14-19.11.41:072][  0]LogRHI: Texture pool is 1361 MB (70% of 1945 MB)
[2016.02.14-19.11.41:081][  0]LogD3D11RHI: Async texture creation enabled
[2016.02.14-19.11.41:095][  0]LogShaderCompilers: Guid format shader working directory is -15 characters bigger than the processId version (D:/Games Development/IP3 project/Anthrocratos/Anthrocratos_UE4/Intermediate/Shaders/WorkingDirectory/708/).
[2016.02.14-19.11.41:095][  0]LogShaderCompilers: Cleaned the shader compiler working directory 'C:/Users/kags1/AppData/Local/Temp/UnrealShaderWorkingDir/D9BF5A4D4A012A645FDFEDA4A8335FE6/'.
[2016.02.14-19.11.41:095][  0]LogShaderCompilers:Display: Using Local Shader Compiler.
[2016.02.14-19.11.41:691][  0]LogTemp:Display: Loaded TP AllDesktopTargetPlatform
[2016.02.14-19.11.41:694][  0]LogTemp:Display: Loaded TP WindowsClientTargetPlatform
[2016.02.14-19.11.41:697][  0]LogTemp:Display: Loaded TP WindowsNoEditorTargetPlatform
[2016.02.14-19.11.41:700][  0]LogTemp:Display: Loaded TP WindowsServerTargetPlatform
[2016.02.14-19.11.41:703][  0]LogTemp:Display: Loaded TP WindowsTargetPlatform
[2016.02.14-19.11.41:705][  0]LogTemp:Display: Loaded TP AndroidTargetPlatform
[2016.02.14-19.11.41:707][  0]LogTemp:Display: Loaded TP Android_ASTCTargetPlatform
[2016.02.14-19.11.41:709][  0]LogTemp:Display: Loaded TP Android_ATCTargetPlatform
[2016.02.14-19.11.41:711][  0]LogTemp:Display: Loaded TP Android_DXTTargetPlatform
[2016.02.14-19.11.41:713][  0]LogTemp:Display: Loaded TP Android_ETC1TargetPlatform
[2016.02.14-19.11.41:715][  0]LogTemp:Display: Loaded TP Android_ETC2TargetPlatform
[2016.02.14-19.11.41:720][  0]LogTemp:Display: Loaded TP Android_MultiTargetPlatform
[2016.02.14-19.11.41:720][  0]LogTemp:Display: Loaded TP Android_PVRTCTargetPlatform
[2016.02.14-19.11.41:721][  0]LogTemp:Display: Loaded TP HTML5TargetPlatform
[2016.02.14-19.11.41:737][  0]LogTemp:Display: Loaded TP IOSTargetPlatform
[2016.02.14-19.11.41:739][  0]LogTemp:Display: Loaded TP LinuxNoEditorTargetPlatform
[2016.02.14-19.11.41:741][  0]LogTemp:Display: Loaded TP LinuxServerTargetPlatform
[2016.02.14-19.11.41:743][  0]LogTemp:Display: Loaded TP LinuxTargetPlatform
[2016.02.14-19.11.41:743][  0]LogTargetPlatformManager:Display: Building Assets For Windows
[2016.02.14-19.11.41:790][  0]LogDerivedDataCache:Display: Max Cache Size: 512 MB
[2016.02.14-19.11.41:827][  0]LogDerivedDataCache: Loaded boot cache 0.04s 41MB C:/Users/kags1/AppData/Local/UnrealEngine/4.10/DerivedDataCache/Boot.ddc.
[2016.02.14-19.11.41:827][  0]LogDerivedDataCache:Display: Loaded Boot cache: C:/Users/kags1/AppData/Local/UnrealEngine/4.10/DerivedDataCache/Boot.ddc
[2016.02.14-19.11.41:827][  0]LogDerivedDataCache: FDerivedDataBackendGraph:  Pak pak cache file D:/Games Development/IP3 project/Anthrocratos/Anthrocratos_UE4/DerivedDataCache/DDC.ddp not found, will not use a pak cache.
[2016.02.14-19.11.41:827][  0]LogDerivedDataCache: Unable to find inner node Pak for hierarchical cache Hierarchy.
[2016.02.14-19.11.41:827][  0]LogDerivedDataCache: FDerivedDataBackendGraph:  CompressedPak pak cache file D:/Games Development/IP3 project/Anthrocratos/Anthrocratos_UE4/DerivedDataCache/Compressed.ddp not found, will not use a pak cache.
[2016.02.14-19.11.41:827][  0]LogDerivedDataCache: Unable to find inner node CompressedPak for hierarchical cache Hierarchy.
[2016.02.14-19.11.41:872][  0]LogDerivedDataCache:Display: Pak cache opened for reading ../../../Engine/DerivedDataCache/Compressed.ddp.
[2016.02.14-19.11.41:884][  0]LogDerivedDataCache: Using Local data cache path C:/Users/kags1/AppData/Local/UnrealEngine/Common/DerivedDataCache: Writable
[2016.02.14-19.11.42:046][  0]LogInit: Selected Device Profile: [Windows]
[2016.02.14-19.11.42:048][  0]LogContentStreaming: Texture pool size is 0.000000MB
[2016.02.14-19.11.42:132][  0]LogMeshUtilities: No automatic mesh reduction module available
[2016.02.14-19.11.42:132][  0]LogMeshUtilities: No automatic mesh merging module available
[2016.02.14-19.11.42:291][  0]LogInit: WinSock: version 1.1 (2.2), MaxSocks=32767, MaxUdp=65467
[2016.02.14-19.11.42:830][  0]UdpMessaging: Initializing bridge on interface 0.0.0.0:0 to multicast group 230.0.0.1:6666.
[2016.02.14-19.11.42:924][  0]LogAssetRegistry: FAssetRegistry took 0.0108 seconds to start up
[2016.02.14-19.11.43:032][  0]SourceControl: Info Source control is disabled
[2016.02.14-19.11.43:033][  0]SourceControl: Info Source control is disabled
[2016.02.14-19.11.43:039][  0]SourceControl: Info Source control is disabled
[2016.02.14-19.11.43:045][  0]SourceControl: Info Source control is disabled
[2016.02.14-19.11.43:185][  0]LogObj: 28637 objects as part of root set at end of initial load.
[2016.02.14-19.11.43:185][  0]LogUObjectAllocator: 6101776 out of 0 bytes used by permanent object pool.
[2016.02.14-19.11.43:232][  0]LogEngine: Initializing Engine...
[2016.02.14-19.11.43:234][  0]LogHMD: Can't find Oculus library dev build: is proper Runtime installed? Version: 0.8.0.0
[2016.02.14-19.11.43:234][  0]LogHMD: SteamVR failed to initialize.  Err: 110
[2016.02.14-19.11.43:325][  0]LogAIModule: Creating AISystem for world NewWorld
[2016.02.14-19.11.43:331][  0]LogInit: XAudio2 using 'Speakers (Realtek High Definition Audio)' : 2 channels at 48 kHz using 32 bits per sample (channel mask 0x3)
[2016.02.14-19.11.43:339][  0]LogInit: FAudioDevice initialized.
[2016.02.14-19.11.43:357][  0]LogDerivedDataCache: Saved boot cache 0.02s 41MB C:/Users/kags1/AppData/Local/UnrealEngine/4.10/DerivedDataCache/Boot.ddc.
[2016.02.14-19.11.43:360][  0]LogInit: Texture streaming: Enabled
[2016.02.14-19.11.43:363][  0]LogAnalytics: Creating configured Analytics provider AnalyticsET
[2016.02.14-19.11.43:363][  0]LogAnalytics: [UEEditor.Rocket.Release] APIServer = http://et2.epicgames.com/ET2/. AppVersion = 4.10.2-2818068+++depot+UE4-Releases+4.10
[2016.02.14-19.11.43:363][  0]LogAnalytics: [UEEditor.Rocket.Release] SetUserId 53a42f9a47758014628f45b58968528c|ab08d7ce0f414bdba0971ea2fb4514a5|aa93573c-bf9c-4133-82d2-67a621a96ae2
[2016.02.14-19.11.43:363][  0]LogAnalytics: [UEEditor.Rocket.Release] AnalyticsET::StartSession
[2016.02.14-19.11.43:369][  0]LogInit: Transaction tracking system initialized
[2016.02.14-19.11.43:383][  0]BlueprintLog: New page: Editor Load
[2016.02.14-19.11.43:428][  0]LocalizationService: Info Localization service is disabled
[2016.02.14-19.11.43:496][  0]LogConsoleResponse:Display: 
[2016.02.14-19.11.43:621][  0]LogCook:Display: Done creating registry. It took  0.00s.
[2016.02.14-19.11.43:657][  0]SourceControl: Info Source control is disabled
[2016.02.14-19.11.43:657][  0]Cmd: MAP LOAD FILE="D:/Games Development/IP3 project/Anthrocratos/Anthrocratos_UE4/Content/Levels/Kieran-Test.umap" TEMPLATE=0 SHOWPROGRESS=1 FEATURELEVEL=3
[2016.02.14-19.11.43:784][  0]LogFileCache: Scanning file cache for directory 'D:/Games Development/IP3 project/Anthrocratos/Anthrocratos_UE4/Content/' took 0.15s
[2016.02.14-19.11.43:784][  0]LightingResults: New page: Lighting Build
[2016.02.14-19.11.43:786][  0]MapCheck: New page: Map Check
[2016.02.14-19.11.43:786][  0]LightingResults: New page: Lighting Build
[2016.02.14-19.11.43:795][  0]LogParticles: Destroying 0 GPU particle simulations for FXSystem 0x0000023C49AC7B00
[2016.02.14-19.11.44:519][  0]LogAIModule: Creating AISystem for world Kieran-Test
[2016.02.14-19.11.44:521][  0]LogEditorServer: Finished looking for orphan Actors (0.000 secs)
[2016.02.14-19.11.44:522][  0]Cmd: MAP CHECKDEP NOCLEARLOG
[2016.02.14-19.11.44:556][  0]MapCheck: Info Map check complete: 0 Error(s), 0 Warning(s), took 34.136ms to complete.
[2016.02.14-19.11.44:556][  0]LogFileHelpers: Loading map 'Kieran-Test' took 0.899
[2016.02.14-19.11.44:709][  0]LogCollectionManager: Loaded 0 collections in 0.006070 seconds
[2016.02.14-19.11.44:761][  0]LogFileCache: Scanning file cache for directory 'D:/Games Development/IP3 project/Anthrocratos/Anthrocratos_UE4/Saved/Collections/' took 0.01s
[2016.02.14-19.11.44:761][  0]LogFileCache: Scanning file cache for directory 'D:/Games Development/IP3 project/Anthrocratos/Anthrocratos_UE4/Content/Developers/kags1/Collections/' took 0.01s
[2016.02.14-19.11.44:761][  0]LogFileCache: Scanning file cache for directory 'D:/Games Development/IP3 project/Anthrocratos/Anthrocratos_UE4/Content/Collections/' took 0.01s
[2016.02.14-19.11.44:761][  0]LogCollectionManager: Rebuilt the GUID cache for 0 collections in 0.000001 seconds
[2016.02.14-19.11.44:769][  0]LogContentBrowser: Native class hierarchy populated in 0.0065 seconds. Added 1894 classes and 340 folders.
[2016.02.14-19.11.44:778][  0]LogContentBrowser: Native class hierarchy updated for 'WidgetCarousel' in 0.0006 seconds. Added 0 classes and 0 folders.
[2016.02.14-19.11.45:038][  0]LogContentBrowser: Native class hierarchy updated for 'AddContentDialog' in 0.0009 seconds. Added 0 classes and 0 folders.
[2016.02.14-19.11.45:050][  0]LogContentBrowser: Native class hierarchy updated for 'SceneOutliner' in 0.0006 seconds. Added 1 classes and 2 folders.
[2016.02.14-19.11.45:183][  0]LogCrashTracker: Crashtracker disabled due to settings.
[2016.02.14-19.11.45:195][  0]LogUObjectGlobals:Warning: Failed to find object 'Class None.'
[2016.02.14-19.11.45:219][  0]LogLoad: Full Startup: 5.20 seconds (BP compile: 0.03 seconds)
[2016.02.14-19.11.45:230][  0]LogOcInput: Can't find Oculus library dev build: is proper Runtime installed? Version: 0.8.0.0
[2016.02.14-19.11.45:329][  0]LogContentStreaming: Texture pool size now 1000 MB
[2016.02.14-19.11.45:458][  0]LogRenderer: Reallocating scene render targets to support 1616x572 (Frame:2).
[2016.02.14-19.11.45:515][  1]LogFileCache: Retrieving MD5 hashes for directory 'D:/Games Development/IP3 project/Anthrocratos/Anthrocratos_UE4/Content/' took 0.27s
[2016.02.14-19.11.45:574][  2]LogAssetRegistry: Asset discovery search completed in 2.6615 seconds
[2016.02.14-19.11.45:574][  2]LogCollectionManager: Rebuilt the object cache for 0 collections in 0.000001 seconds (found 0 objects)
[2016.02.14-19.11.45:574][  2]LogCollectionManager: Fixed up redirectors for 0 collections in 0.000014 seconds (updated 0 objects)
[2016.02.14-19.11.50:921][627]LogLinker:Warning: Asset '../../../Engine/Content/ArtTools/RenderToTexture/Macros/RenderToTextureMacros.uasset' has been saved with empty engine version. The asset will be loaded but may be incompatible.
[2016.02.14-19.11.51:263][627]LogContentBrowser: Native class hierarchy updated for 'BlueprintGraph' in 0.0010 seconds. Added 107 classes and 0 folders.
[2016.02.14-19.11.51:587][627]LogActor:Warning: GameNetworkManager /Engine/Transient.World_2:PersistentLevel.GameNetworkManager_0 has natively added scene component(s), but none of them were set as the actor's RootComponent - picking one arbitrarily
[2016.02.14-19.13.07:220][644]BlueprintLog: New page: Compile AnthroCratosGamemode
[2016.02.14-19.13.07:300][644]BlueprintEditorCompileResults: Info [0087.29] Compile of AnthroCratosGamemode successful! [in 79 ms]
[2016.02.14-19.21.45:104][881]LogFileHelpers: Editor autosave (incl. sublevels) for '/Game/Levels/Kieran-Test' took 0.021
[2016.02.14-19.21.45:476][881]OBJ SavePackage: Generating thumbnails for [0] asset(s) in package [/Game/Blueprints/AnthroCratosGamemode] ([1] browsable assets)...
[2016.02.14-19.21.45:477][881]OBJ SavePackage: Finished generating thumbnails for package [/Game/Blueprints/AnthroCratosGamemode]
[2016.02.14-19.21.46:095][881]LogSavePackage: Save=208.038177ms
[2016.02.14-19.21.46:095][881]LogSavePackage: Moving 'D:/Games Development/IP3 project/Anthrocratos/Anthrocratos_UE4/Saved/AnthroCratosGamemode_Auto194105B44497E2C656773B698BDC51F6F.tmp' to 'D:/Games Development/IP3 project/Anthrocratos/Anthrocratos_UE4/Saved/Autosaves/Game/Blueprints/AnthroCratosGamemode_Auto1.uasset'
[2016.02.14-19.21.46:100][881]LogSavePackage: Total save time: 620.074332ms
[2016.02.14-19.21.46:100][881]LogSavePackage:Display: Finished SavePackag