[2016.02.11-21.25.18:666][  0]Log file open, 02/11/16 21:25:18
[2016.02.11-21.25.18:666][  0]LogInit:Display: Running engine for game: Anthrocratos_UE4
[2016.02.11-21.25.18:666][  0]LogPlatformFile: Not using cached read wrapper
[2016.02.11-21.25.18:666][  0]LogInit:Display: RandInit(1259777353) SRandInit(1259777356).
[2016.02.11-21.25.18:666][  0]LogTaskGraph: Started task graph with 4 named threads and 7 total threads.
[2016.02.11-21.25.18:666][  0]LogStats: Stats thread started at 0.179555
[2016.02.11-21.25.18:666][  0]LogInit: Version: 4.10.2-2818068+++depot+UE4-Releases+4.10
[2016.02.11-21.25.18:666][  0]LogInit: API Version: 2758231
[2016.02.11-21.25.18:667][  0]LogInit: Compiled (64-bit): Jan  6 2016 17:36:42
[2016.02.11-21.25.18:667][  0]LogInit: Compiled with Visual C++: 19.00.23026.00
[2016.02.11-21.25.18:667][  0]LogInit: Build Configuration: Development
[2016.02.11-21.25.18:667][  0]LogInit: Branch Name: ++depot+UE4-Releases+4.10
[2016.02.11-21.25.18:667][  0]LogInit: Command line:  
[2016.02.11-21.25.18:667][  0]LogInit: Base directory: C:/Program Files (x86)/Epic Games/4.10/Engine/Binaries/Win64/
[2016.02.11-21.25.18:667][  0]LogInit: Rocket: 1
[2016.02.11-21.25.18:755][  0]LogInit: Using libcurl 7.41.0
[2016.02.11-21.25.18:755][  0]LogInit:  - built for x86_64-pc-win32
[2016.02.11-21.25.18:755][  0]LogInit:  - supports SSL with WinSSL
[2016.02.11-21.25.18:755][  0]LogInit:  - other features:
[2016.02.11-21.25.18:755][  0]LogInit:      CURL_VERSION_SSL
[2016.02.11-21.25.18:755][  0]LogInit:      CURL_VERSION_IPV6
[2016.02.11-21.25.18:755][  0]LogInit:      CURL_VERSION_ASYNCHDNS
[2016.02.11-21.25.18:755][  0]LogInit:      CURL_VERSION_LARGEFILE
[2016.02.11-21.25.18:755][  0]LogInit:      CURL_VERSION_IDN
[2016.02.11-21.25.18:755][  0]LogInit:  CurlRequestOptions (configurable via config and command line):
[2016.02.11-21.25.18:755][  0]LogInit:  - bVerifyPeer = true  - Libcurl will verify peer certificate
[2016.02.11-21.25.18:755][  0]LogInit:  - bUseHttpProxy = false  - Libcurl will NOT use HTTP proxy
[2016.02.11-21.25.18:755][  0]LogInit:  - bDontReuseConnections = false  - Libcurl will reuse connections
[2016.02.11-21.25.18:755][  0]LogInit:  - CertBundlePath = nullptr  - Libcurl will use whatever was configured at build time.
[2016.02.11-21.25.18:964][  0]LogInit: Presizing for 0 objects not considered by GC, pre-allocating 0 bytes.
[2016.02.11-21.25.18:984][  0]LogInit: Object subsystem initialized
[2016.02.11-21.25.18:987][  0]LogInit: Selected Device Profile: [Windows]
[2016.02.11-21.25.18:987][  0]LogInit: Applying CVar settings loaded from the selected device profile: [Windows]
[2016.02.11-21.25.19:064][  0]LogInit: Computer: CUBE-11959
[2016.02.11-21.25.19:064][  0]LogInit: User: user
[2016.02.11-21.25.19:064][  0]LogInit: CPU Page size=4096, Cores=4
[2016.02.11-21.25.19:064][  0]LogInit: High frequency timer resolution =2.435780 MHz
[2016.02.11-21.25.19:064][  0]LogMemory: Memory total: Physical=7.9GB (8GB approx)
[2016.02.11-21.25.19:064][  0]LogMemory: Platform Memory Stats for Windows
[2016.02.11-21.25.19:064][  0]LogMemory: Process Physical Memory: 56.20 MB used, 56.20 MB peak
[2016.02.11-21.25.19:065][  0]LogMemory: Process Virtual Memory: 58.75 MB used, 58.75 MB peak
[2016.02.11-21.25.19:065][  0]LogMemory: Physical Memory: 3300.08 MB used, 8076.43 MB total
[2016.02.11-21.25.19:065][  0]LogMemory: Virtual Memory: 380.79 MB used, 134217728.00 MB total
[2016.02.11-21.25.19:641][  0]LogTextLocalizationManager: No specific translations for ('en-GB') exist, so ('en') translations will be used.
[2016.02.11-21.25.20:693][  0]LogD3D11RHI: Found D3D11 adapter 0: NVIDIA GeForce GTX 850M  (Feature Level 11_0)
[2016.02.11-21.25.20:693][  0]LogD3D11RHI: Adapter has 1995MB of dedicated video memory, 0MB of dedicated system memory, and 4038MB of shared system memory, 1 output[s]
[2016.02.11-21.25.20:703][  0]LogD3D11RHI: Found D3D11 adapter 1: Intel(R) HD Graphics 4600 (Feature Level 11_0)
[2016.02.11-21.25.20:703][  0]LogD3D11RHI: Adapter has 112MB of dedicated video memory, 0MB of dedicated system memory, and 4038MB of shared system memory, 0 output[s]
[2016.02.11-21.25.20:705][  0]LogD3D11RHI: Found D3D11 adapter 2: Microsoft Basic Render Driver (Feature Level 11_0)
[2016.02.11-21.25.20:705][  0]LogD3D11RHI: Adapter has 0MB of dedicated video memory, 0MB of dedicated system memory, and 4038MB of shared system memory, 0 output[s]
[2016.02.11-21.25.20:705][  0]LogD3D11RHI: Chosen D3D11 Adapter Id = 0
[2016.02.11-21.25.20:713][  0]LogD3D11RHI: !Direct3DDevice
[2016.02.11-21.25.20:713][  0]LogRHI: Texture pool is 1361 MB (70% of 1945 MB)
[2016.02.11-21.25.20:732][  0]LogD3D11RHI: Async texture creation enabled
[2016.02.11-21.25.20:747][  0]LogShaderCompilers: Guid format shader working directory is -29 characters bigger than the processId version (../../../../../../Users/user/Game Development/Anthrocratos/Anthrocratos_UE4/Intermediate/Shaders/WorkingDirectory/656/).
[2016.02.11-21.25.20:747][  0]LogShaderCompilers: Cleaned the shader compiler working directory 'C:/Users/user/AppData/Local/Temp/UnrealShaderWorkingDir/AE466461435D0738856CCEB2A986F983/'.
[2016.02.11-21.25.20:747][  0]LogShaderCompilers:Display: Using Local Shader Compiler.
[2016.02.11-21.25.28:442][  0]LogTemp:Display: Loaded TP AllDesktopTargetPlatform
[2016.02.11-21.25.28:461][  0]LogTemp:Display: Loaded TP WindowsClientTargetPlatform
[2016.02.11-21.25.28:481][  0]LogTemp:Display: Loaded TP WindowsNoEditorTargetPlatform
[2016.02.11-21.25.28:502][  0]LogTemp:Display: Loaded TP WindowsServerTargetPlatform
[2016.02.11-21.25.28:529][  0]LogTemp:Display: Loaded TP WindowsTargetPlatform
[2016.02.11-21.25.28:541][  0]LogTemp:Display: Loaded TP AndroidTargetPlatform
[2016.02.11-21.25.28:549][  0]LogTemp:Display: Loaded TP Android_ASTCTargetPlatform
[2016.02.11-21.25.28:570][  0]LogTemp:Display: Loaded TP Android_ATCTargetPlatform
[2016.02.11-21.25.28:581][  0]LogTemp:Display: Loaded TP Android_DXTTargetPlatform
[2016.02.11-21.25.28:598][  0]LogTemp:Display: Loaded TP Android_ETC1TargetPlatform
[2016.02.11-21.25.28:605][  0]LogTemp:Display: Loaded TP Android_ETC2TargetPlatform
[2016.02.11-21.25.28:632][  0]LogTemp:Display: Loaded TP Android_MultiTargetPlatform
[2016.02.11-21.25.28:632][  0]LogTemp:Display: Loaded TP Android_PVRTCTargetPlatform
[2016.02.11-21.25.28:634][  0]LogTemp:Display: Loaded TP HTML5TargetPlatform
[2016.02.11-21.25.28:786][  0]LogTemp:Display: Loaded TP IOSTargetPlatform
[2016.02.11-21.25.28:808][  0]LogTemp:Display: Loaded TP LinuxNoEditorTargetPlatform
[2016.02.11-21.25.28:824][  0]LogTemp:Display: Loaded TP LinuxServerTargetPlatform
[2016.02.11-21.25.28:854][  0]LogTemp:Display: Loaded TP LinuxTargetPlatform
[2016.02.11-21.25.28:854][  0]LogTargetPlatformManager:Display: Building Assets For Windows
[2016.02.11-21.25.30:231][  0]LogDerivedDataCache:Display: Max Cache Size: 512 MB
[2016.02.11-21.25.30:781][  0]LogDerivedDataCache: Loaded boot cache 0.54s 41MB C:/Users/user/AppData/Local/UnrealEngine/4.10/DerivedDataCache/Boot.ddc.
[2016.02.11-21.25.30:781][  0]LogDerivedDataCache:Display: Loaded Boot cache: C:/Users/user/AppData/Local/UnrealEngine/4.10/DerivedDataCache/Boot.ddc
[2016.02.11-21.25.30:782][  0]LogDerivedDataCache: FDerivedDataBackendGraph:  Pak pak cache file ../../../../../../Users/user/Game Development/Anthrocratos/Anthrocratos_UE4/DerivedDataCache/DDC.ddp not found, will not use a pak cache.
[2016.02.11-21.25.30:782][  0]LogDerivedDataCache: Unable to find inner node Pak for hierarchical cache Hierarchy.
[2016.02.11-21.25.30:782][  0]LogDerivedDataCache: FDerivedDataBackendGraph:  CompressedPak pak cache file ../../../../../../Users/user/Game Development/Anthrocratos/Anthrocratos_UE4/DerivedDataCache/Compressed.ddp not found, will not use a pak cache.
[2016.02.11-21.25.30:782][  0]LogDerivedDataCache: Unable to find inner node CompressedPak for hierarchical cache Hierarchy.
[2016.02.11-21.25.30:990][  0]LogDerivedDataCache:Display: Pak cache opened for reading ../../../Engine/DerivedDataCache/Compressed.ddp.
[2016.02.11-21.25.31:003][  0]LogDerivedDataCache: Using Local data cache path C:/Users/user/AppData/Local/UnrealEngine/Common/DerivedDataCache: Writable
[2016.02.11-21.25.43:040][  0]LogInit: Selected Device Profile: [Windows]
[2016.02.11-21.25.43:079][  0]LogContentStreaming: Texture pool size is 0.000000MB
[2016.02.11-21.25.44:129][  0]LogMeshUtilities: No automatic mesh reduction module available
[2016.02.11-21.25.44:129][  0]LogMeshUtilities: No automatic mesh merging module available
[2016.02.11-21.25.47:826][  0]LogInit: WinSock: version 1.1 (2.2), MaxSocks=32767, MaxUdp=65467
[2016.02.11-21.26.14:033][  0]UdpMessaging: Initializing bridge on interface 0.0.0.0:0 to multicast group 230.0.0.1:6666.
[2016.02.11-21.26.14:806][  0]LogAssetRegistry: FAssetRegistry took 0.0137 seconds to start up
[2016.02.11-21.26.17:780][  0]SourceControl: Info Source control is disabled
[2016.02.11-21.26.18:370][  0]SourceControl: Info Source control is disabled
[2016.02.11-21.26.18:487][  0]SourceControl: Info Source control is disabled
[2016.02.11-21.26.18:665][  0]SourceControl: Info Source control is disabled
[2016.02.11-21.26.20:138][  0]LogObj: 28637 objects as part of root set at end of initial load.
[2016.02.11-21.26.20:138][  0]LogUObjectAllocator: 6101776 out of 0 bytes used by permanent object pool.
[2016.02.11-21.26.20:885][  0]LogEngine: Initializing Engine...
[2016.02.11-21.26.20:943][  0]LogHMD: Can't find Oculus library dev build: is proper Runtime installed? Version: 0.8.0.0
[2016.02.11-21.26.21:041][  0]LogHMD: SteamVR failed to initialize.  Err: 110
[2016.02.11-21.26.21:966][  0]LogAIModule: Creating AISystem for world NewWorld
[2016.02.11-21.26.22:031][  0]LogInit: XAudio2 using 'Speakers (VIA HD Audio(Win 10))' : 2 channels at 48 kHz using 32 bits per sample (channel mask 0x3)
[2016.02.11-21.26.22:159][  0]LogInit: FAudioDevice initialized.
[2016.02.11-21.26.22:219][  0]LogDerivedDataCache: Saved boot cache 0.06s 41MB C:/Users/user/AppData/Local/UnrealEngine/4.10/DerivedDataCache/Boot.ddc.
[2016.02.11-21.26.22:228][  0]LogInit: Texture streaming: Enabled
[2016.02.11-21.26.23:073][  0]LogAnalytics: Creating configured Analytics provider AnalyticsET
[2016.02.11-21.26.23:075][  0]LogAnalytics: [UEEditor.Rocket.Release] APIServer = http://et2.epicgames.com/ET2/. AppVersion = 4.10.2-2818068+++depot+UE4-Releases+4.10
[2016.02.11-21.26.23:075][  0]LogAnalytics: [UEEditor.Rocket.Release] SetUserId 2066524940ef926c0d39eaab01bb3fef|ab08d7ce0f414bdba0971ea2fb4514a5|983d4c96-a536-4e9e-82d9-7415bf2a8174
[2016.02.11-21.26.23:075][  0]LogAnalytics: [UEEditor.Rocket.Release] AnalyticsET::StartSession
[2016.02.11-21.26.23:131][  0]LogInit: Transaction tracking system initialized
[2016.02.11-21.26.23:324][  0]BlueprintLog: New page: Editor Load
[2016.02.11-21.26.25:368][  0]LocalizationService: Info Localization service is disabled
[2016.02.11-21.26.26:202][  0]LogConsoleResponse:Display: 
[2016.02.11-21.26.29:011][  0]LogFileCache: Scanning file cache for directory 'C:/Users/user/Game Development/Anthrocratos/Anthrocratos_UE4/Content/' took 0.03s
[2016.02.11-21.26.29:011][  0]LogCook:Display: Done creating registry. It took  0.00s.
[2016.02.11-21.26.30:063][  0]SourceControl: Info Source control is disabled
[2016.02.11-21.26.30:085][  0]Cmd: MAP LOAD FILE="../../../../../../Users/user/Game Development/Anthrocratos/Anthrocratos_UE4/Content/Levels/Kieran-Test.umap" TEMPLATE=0 SHOWPROGRESS=1 FEATURELEVEL=3
[2016.02.11-21.26.30:092][  0]LightingResults: New page: Lighting Build
[2016.02.11-21.26.30:165][  0]MapCheck: New page: Map Check
[2016.02.11-21.26.30:165][  0]LightingResults: New page: Lighting Build
[2016.02.11-21.26.30:196][  0]LogParticles: Destroying 0 GPU particle simulations for FXSystem 0x0000003B5550BB00
[2016.02.11-21.26.31:417][  0]LogAIModule: Creating AISystem for world Kieran-Test
[2016.02.11-21.26.31:496][  0]LogEditorServer: Finished looking for orphan Actors (0.000 secs)
[2016.02.11-21.26.31:504][  0]Cmd: MAP CHECKDEP NOCLEARLOG
[2016.02.11-21.26.31:586][  0]MapCheck: Info Map check complete: 0 Error(s), 0 Warning(s), took 81.332ms to complete.
[2016.02.11-21.26.31:586][  0]LogFileHelpers: Loading map 'Kieran-Test' took 1.501
[2016.02.11-21.26.32:448][  0]LogCollectionManager: Loaded 0 collections in 0.004748 seconds
[2016.02.11-21.26.32:550][  0]LogFileCache: Scanning file cache for directory 'C:/Users/user/Game Development/Anthrocratos/Anthrocratos_UE4/Saved/Collections/' took 0.01s
[2016.02.11-21.26.32:550][  0]LogFileCache: Scanning file cache for directory 'C:/Users/user/Game Development/Anthrocratos/Anthrocratos_UE4/Content/Developers/user/Collections/' took 0.01s
[2016.02.11-21.26.32:550][  0]LogFileCache: Scanning file cache for directory 'C:/Users/user/Game Development/Anthrocratos/Anthrocratos_UE4/Content/Collections/' took 0.01s
[2016.02.11-21.26.32:550][  0]LogCollectionManager: Rebuilt the GUID cache for 0 collections in 0.000027 seconds
[2016.02.11-21.26.32:598][  0]LogContentBrowser: Native class hierarchy populated in 0.0470 seconds. Added 1894 classes and 340 folders.
[2016.02.11-21.26.32:937][  0]LogContentBrowser: Native class hierarchy updated for 'WidgetCarousel' in 0.0032 seconds. Added 0 classes and 0 folders.
[2016.02.11-21.26.34:888][  0]LogContentBrowser: Native class hierarchy updated for 'AddContentDialog' in 0.0033 seconds. Added 0 classes and 0 folders.
[2016.02.11-21.26.35:171][  0]LogContentBrowser: Native class hierarchy updated for 'SceneOutliner' in 0.0021 seconds. Added 1 classes and 2 folders.
[2016.02.11-21.26.35:541][  0]LogCrashTracker: Crashtracker disabled due to settings.
[2016.02.11-21.26.35:612][  0]LogUObjectGlobals:Warning: Failed to find object 'Class None.'
[2016.02.11-21.26.35:677][  0]LogLoad: Full Startup: 82.73 seconds (BP compile: 0.36 seconds)
[2016.02.11-21.26.36:040][  0]LogOcInput: Can't find Oculus library dev build: is proper Runtime installed? Version: 0.8.0.0
[2016.02.11-21.26.36:618][  0]LogContentStreaming: Texture pool size now 1000 MB
[2016.02.11-21.26.37:125][  1]LogFileCache: Retrieving MD5 hashes for directory 'C:/Users/user/Game Development/Anthrocratos/Anthrocratos_UE4/Content/' took 1.07s
[2016.02.11-21.26.37:168][  2]LogRenderer: Reallocating scene render targets to support 60x780 (Frame:2).
[2016.02.11-21.26.37:508][  2]LogRenderer: Reallocating scene render targets to support 256x780 (Frame:4).
[2016.02.11-21.26.38:916][  6]LogAssetRegistry: Asset discovery search completed in 24.1226 seconds
[2016.02.11-21.26.38:926][  6]LogCollectionManager: Rebuilt the object cache for 0 collections in 0.000001 seconds (found 0 objects)
[2016.02.11-21.26.38:926][  6]LogCollectionManager: Fixed up redirectors for 0 collections in 0.010025 seconds (updated 0 objects)
[2016.02.11-21.34.05:859][538]LogRenderer: Reallocating scene render targets to support 900x880 (Frame:197).
[2016.02.11-21.54.13:306][153]LogHttp:Warning: Timeout processing Http request. 0000003B6897B600
[2016.02.11-22.47.24:215][239]LogLinker:Warning: Asset '../../../Engine/Content/ArtTools/RenderToTexture/Macros/RenderToTextureMacros.uasset' has been saved with empty engine version. The asset will be loaded but may be incompatible.
[2016.02.11-22.47.26:313][239]LogContentBrowser: Native class hierarchy updated for 'BlueprintGraph' in 0.0086 seconds. Added 107 classes and 0 folders.
[2016.02.11-22.47.28:328][239]LogActor:Warning: GameNetworkManager /Engine/Transient.World_3:PersistentLevel.GameNetworkManager_0 has natively added scene component(s), but none of them were set as the actor's RootComponent - picking one arbitrarily
[2016.02.11-22.51.58:576][594]LogUObjectHash:Warning: Ambiguous search, could be K2Node_CallFunction /Game/Blueprints/AnthroCratosGamemode.AnthroCratosGamemode:EventGraph.K2Node_CallFunction_2443 or K2Node_CallFunction /Game/Blueprints/AnthroCratosGamemode.AnthroCratosGamemode:SpawnTiles.K2Node_CallFunction_2443
[2016.02.11-22.51.58:599][594]LogUObjectHash:Warning: Ambiguous search, could be K2Node_CallFunction /Game/Blueprints/AnthroCratosGamemode.AnthroCratosGamemode:EventGraph.K2Node_CallFunction_2443 or K2Node_CallFunction /Game/Blueprints/AnthroCratosGamemode.AnthroCratosGamemode:SpawnTiles.K2Node_CallFunction_2443
[2016.02.11-22.51.58:599][594]LogUObjectHash:Warning: Ambiguous search, could be K2Node_MacroInstance /Game/Blueprints/AnthroCratosGamemode.AnthroCratosGamemode:EventGraph.K2Node_MacroInstance_34 or K2Node_MacroInstance /Game/Blueprints/AnthroCratosGamemode.AnthroCratosGamemode:SpawnTiles.K2Node_MacroInstance_34
[2016.02.11-22.51.58:599][594]LogProperty:Warning: ObjectProperty /Script/Engine.EdGraphPin:LinkedTo.LinkedTo: unresolved reference to 'EdGraphPin'K2Node_MacroInstance_34.EdGraphPin_2714''
[2016.02.11-22.51.58:600][594]LogUObjectHash:Warning: Ambiguous search, could be K2Node_VariableSet /Game/Blueprints/AnthroCratosGamemode.AnthroCratosGamemode:EventGraph.K2Node_VariableSet_1150 or K2Node_VariableSet /Game/Blueprints/AnthroCratosGamemode.AnthroCratosGamemode:SpawnTiles.K2Node_VariableSet_1150
[2016.02.11-22.51.58:600][594]LogUObjectHash:Warning: Ambiguous search, could be K2Node_IfThenElse /Game/Blueprints/AnthroCratosGamemode.AnthroCratosGamemode:EventGraph.K2Node_IfThenElse_30 or K2Node_IfThenElse /Game/Blueprints/AnthroCratosGamemode.AnthroCratosGamemode:SpawnTiles.K2Node_IfThenElse_30
[2016.02.11-22.51.58:600][594]LogUObjectHash:Warning: Ambiguous search, could be K2Node_CallFunction /Game/Blueprints/AnthroCratosGamemode.AnthroCratosGamemode:EventGraph.K2Node_CallFunction_2442 or K2Node_CallFunction /Game/Blueprints/AnthroCratosGamemode.AnthroCratosGamemode:SpawnTiles.K2Node_CallFunction_2442
[2016.02.11-22.51.58:611][594]LogUObjectHash:Warning: Ambiguous search, could be K2Node_CallFunction /Game/Blueprints/AnthroCratosGamemode.AnthroCratosGamemode:EventGraph.K2Node_CallFunction_2438 or K2Node_CallFunction /Game/Blueprints/AnthroCratosGamemode.AnthroCratosGamemode:SpawnTiles.K2Node_CallFunction_2438
[2016.02.11-22.51.58:611][594]LogUObjectHash:Warning: Ambiguous search, could be K2Node_IfThenElse /Game/Blueprints/AnthroCratosGamemode.AnthroCratosGamemode:EventGraph.K2Node_IfThenElse_58 or K2Node_IfThenElse /Game/Blueprints/AnthroCratosGamemode.AnthroCratosGamemode:SpawnTiles.K2Node_IfThenElse_58
[2016.02.11-22.51.58:611][594]LogUObjectHash:Warning: Ambiguous search, could be K2Node_VariableSet /Game/Blueprints/AnthroCratosGamemode.AnthroCratosGamemode:EventGraph.K2Node_VariableSet_864 or K2Node_VariableSet /Game/Blueprints/AnthroCratosGamemode.AnthroCratosGamemode:SpawnTiles.K2Node_VariableSet_864
[2016.02.11-22.51.58:611][594]LogUObjectHash:Warning: Ambiguous search, could be K2Node_VariableGet /Game/Blueprints/AnthroCratosGamemode.AnthroCratosGamemode:EventGraph.K2Node_VariableGet_250 or K2Node_VariableGet /Game/Blueprints/AnthroCratosGamemode.AnthroCratosGamemode:SpawnTiles.K2Node_VariableGet_250
[2016.02.11-22.51.58:612][594]LogUObjectHash:Warning: Ambiguous search, could be K2Node_VariableGet /Game/Blueprints/AnthroCratosGamemode.AnthroCratosGamemode:EventGraph.K2Node_VariableGet_252 or K2Node_VariableGet /Game/Blueprints/AnthroCratosGamemode.AnthroCratosGamemode:SpawnTiles.K2Node_VariableGet_252
[2016.02.11-22.51.58:613][594]LogUObjectHash:Warning: Ambiguous search, could be K2Node_VariableSet /Game/Blueprints/AnthroCratosGamemode.AnthroCratosGamemode:EventGraph.K2Node_VariableSet_783 or K2Node_VariableSet /Game/Blueprints/AnthroCratosGamemode.AnthroCratosGamemode:SpawnTiles.K2Node_VariableSet_783
[2016.02.11-22.51.58:613][594]LogUObjectHash:Warning: Ambiguous search, could be K2Node_CallArrayFunction /Game/Blueprints/AnthroCratosGamemode.AnthroCratosGamemode:EventGraph.K2Node_CallArrayFunction_49 or K2Node_CallArrayFunction /Game/Blueprints/AnthroCratosGamemode.AnthroCratosGamemode:SpawnTiles.K2Node_CallArrayFunction_49
[2016.02.11-22.51.58:613][594]LogUObjectHash:Warning: Ambiguous search, could be K2Node_CallFunction /Game/Blueprints/AnthroCratosGamemode.AnthroCratosGamemode:EventGraph.K2Node_CallFunction_2651 or K2Node_CallFunction /Game/Blueprints/AnthroCratosGamemode.AnthroCratosGamemode:SpawnTiles.K2Node_CallFunction_2651
[2016.02.11-22.51.58:614][594]LogUObjectHash:Warning: Ambiguous search, could be K2Node_CallArrayFunction /Game/Blueprints/AnthroCratosGamemode.AnthroCratosGamemode:EventGraph.K2Node_CallArrayFunction_49 or K2Node_CallArrayFunction /Game/Blueprints/AnthroCratosGamemode.AnthroCratosGamemode:SpawnTiles.K2Node_CallArrayFunction_49
[2016.02.11-22.51.58:614][594]LogUObjectHash:Warning: Ambiguous search, could be K2Node_VariableSet /Game/Blueprints/AnthroCratosGamemode.AnthroCratosGamemode:EventGraph.K2Node_VariableSet_807 or K2Node_VariableSet /Game/Blueprints/AnthroCratosGamemode.AnthroCratosGamemode:SpawnTiles.K2Node_VariableSet_807
[2016.02.11-22.51.58:615][594]LogUObjectHash:Warning: Ambiguous search, could be K2Node_VariableGet /Game/Blueprints/AnthroCratosGamemode.AnthroCratosGamemode:EventGraph.K2Node_VariableGet_1703 or K2Node_VariableGet /Game/Blueprints/AnthroCratosGamemode.AnthroCratosGamemode:SpawnTiles.K2Node_VariableGet_1703
[2016.02.11-22.51.58:616][594]LogUObjectHash:Warning: Ambiguous search, could be K2Node_VariableSet /Game/Blueprints/AnthroCratosGamemode.AnthroCratosGamemode:EventGraph.K2Node_VariableSet_783 or K2Node_VariableSet /Game/Blueprints/AnthroCratosGamemode.AnthroCratosGamemode:SpawnTiles.K2Node_VariableSet_783
[2016.02.11-22.51.58:617][594]LogUObjectHash:Warning: Ambiguous search, could be K2Node_VariableSet /Game/Blueprints/AnthroCratosGamemode.AnthroCratosGamemode:EventGraph.K2Node_VariableSet_385 or K2Node_VariableSet /Game/Blueprints/AnthroCratosGamemode.AnthroCratosGamemode:SpawnTiles.K2Node_VariableSet_385
[2016.02.11-22.51.58:617][594]LogUObjectHash:Warning: Ambiguous search, could be K2Node_CallFunction /Game/Blueprints/AnthroCratosGamemode.AnthroCratosGamemode:EventGraph.K2Node_CallFunction_2593 or K2Node_CallFunction /Game/Blueprints/AnthroCratosGamemode.AnthroCratosGamemode:SpawnTiles.K2Node_CallFunction_2593
[2016.02.11-22.51.58:617][594]LogUObjectHash:Warning: Ambiguous search, could be K2Node_VariableGet /Game/Blueprints/AnthroCratosGamemode.AnthroCratosGamemode:EventGraph.K2Node_VariableGet_1558 or K2Node_VariableGet /Game/Blueprints/AnthroCratosGamemode.AnthroCratosGamemode:SpawnTiles.K2Node_VariableGet_1558
[2016.02.11-22.51.58:617][594]LogUObjectHash:Warning: Ambiguous search, could be K2Node_CallFunction /Game/Blueprints/AnthroCratosGamemode.AnthroCratosGamemode:EventGraph.K2Node_CallFunction_2594 or K2Node_CallFunction /Game/Blueprints/AnthroCratosGamemode.AnthroCratosGamemode:SpawnTiles.K2Node_CallFunction_2594
[2016.02.11-22.51.58:618][594]LogUObjectHash:Warning: Ambiguous search, could be K2Node_CallFunction /Game/Blueprints/AnthroCratosGamemode.AnthroCratosGamemode:EventGraph.K2Node_CallFunction_2784 or K2Node_CallFunction /Game/Blueprints/AnthroCratosGamemode.AnthroCratosGamemode:SpawnTiles.K2Node_CallFunction_2784
[2016.02.11-22.51.58:619][594]LogUObjectHash:Warning: Ambiguous search, could be K2Node_VariableSet /Game/Blueprints/AnthroCratosGamemode.AnthroCratosGamemode:EventGraph.K2Node_VariableSet_385 or K2Node_VariableSet /Game/Blueprints/AnthroCratosGamemode.AnthroCratosGamemode:SpawnTiles.K2Node_VariableSet_385
[2016.02.11-22.51.58:619][594]LogUObjectHash:Warning: Ambiguous search, could be K2Node_VariableSet /Game/Blueprints/AnthroCratosGamemode.AnthroCratosGamemode:EventGraph.K2Node_VariableSet_1149 or K2Node_VariableSet /Game/Blueprints/AnthroCratosGamemode.AnthroCratosGamemode:SpawnTiles.K2Node_VariableSet_1149
[2016.02.11-22.51.58:620][594]LogUObjectHash:Warning: Ambiguous search, could be K2Node_VariableGet /Game/Blueprints/AnthroCratosGamemode.AnthroCratosGamemode:EventGraph.K2Node_VariableGet_1678 or K2Node_VariableGet /Game/Blueprints/AnthroCratosGamemode.AnthroCratosGamemode:SpawnTiles.K2Node_VariableGet_1678
[2016.02.11-22.51.58:620][594]LogUObjectHash:Warning: Ambiguous search, could be K2Node_VariableSet /Game/Blueprints/AnthroCratosGamemode.AnthroCratosGamemode:EventGraph.K2Node_VariableSet_786 or K2Node_VariableSet /Game/Blueprints/AnthroCratosGamemode.AnthroCratosGamemode:SpawnTiles.K2Node_VariableSet_786
[2016.02.11-22.51.58:620][594]LogUObjectHash:Warning: Ambiguous search, could be K2Node_VariableSet /Game/Blueprints/AnthroCratosGamemode.AnthroCratosGamemode:EventGraph.K2Node_VariableSet_785 or K2Node_VariableSet /Game/Blueprints/AnthroCratosGamemode.AnthroCratosGamemode:SpawnTiles.K2Node_VariableSet_785
[2016.02.11-22.51.58:621][594]LogUObjectHash:Warning: Ambiguous search, could be K2Node_VariableSet /Game/Blueprints/AnthroCratosGamemode.AnthroCratosGamemode:EventGraph.K2Node_VariableSet_786 or K2Node_VariableSet /Game/Blueprints/AnthroCratosGamemode.AnthroCratosGamemode:SpawnTiles.K2Node_VariableSet_786
[2016.02.11-22.51.58:621][594]LogUObjectHash:Warning: Ambiguous search, could be K2Node_SpawnActorFromClass /Game/Blueprints/AnthroCratosGamemode.AnthroCratosGamemode:EventGraph.K2Node_SpawnActorFromClass_13 or K2Node_SpawnActorFromClass /Game/Blueprints/AnthroCratosGamemode.AnthroCratosGamemode:ExecuteUbergraph_AnthroCratosGamemode.K2Node_SpawnActorFromClass_13
[2016.02.11-22.51.58:621][594]LogUObjectHash:Warning: Ambiguous search, could be K2Node_SpawnActorFromClass /Game/Blueprints/AnthroCratosGamemode.AnthroCratosGamemode:EventGraph.K2Node_SpawnActorFromClass_13 or K2Node_SpawnActorFromClass /Game/Blueprints/AnthroCratosGamemode.AnthroCratosGamemode:SpawnTiles.K2Node_SpawnActorFromClass_13
[2016.02.11-22.51.58:621][594]LogUObjectHash:Warning: Ambiguous search, could be K2Node_CallFunction /Game/Blueprints/AnthroCratosGamemode.AnthroCratosGamemode:EventGraph.K2Node_CallFunction_2453 or K2Node_CallFunction /Game/Blueprints/AnthroCratosGamemode.AnthroCratosGamemode:SpawnTiles.K2Node_CallFunction_2453
[2016.02.11-22.51.58:621][594]LogUObjectHash:Warning: Ambiguous search, could be K2Node_CallFunction /Game/Blueprints/AnthroCratosGamemode.AnthroCratosGamemode:EventGraph.K2Node_CallFunction_2641 or K2Node_CallFunction /Game/Blueprints/AnthroCratosGamemode.AnthroCratosGamemode:SpawnTiles.K2Node_CallFunction_2641
[2016.02.11-22.51.58:622][594]LogUObjectHash:Warning: Ambiguous search, could be K2Node_CallFunction /Game/Blueprints/AnthroCratosGamemode.AnthroCratosGamemode:EventGraph.K2Node_CallFunction_3669 or K2Node_CallFunction /Game/Blueprints/AnthroCratosGamemode.AnthroCratosGamemode:SpawnTiles.K2Node_CallFunction_3669
[2016.02.11-22.51.58:622][594]LogUObjectHash:Warning: Ambiguous search, could be K2Node_CallFunction /Game/Blueprints/AnthroCratosGamemode.AnthroCratosGamemode:EventGraph.K2Node_CallFunction_2640 or K2Node_CallFunction /Game/Blueprints/AnthroCratosGamemode.AnthroCratosGamemode:SpawnTiles.K2Node_CallFunction_2640
[2016.02.11-22.51.58:623][594]LogUObjectHash:Warning: Ambiguous search, could be K2Node_VariableGet /Game/Blueprints/AnthroCratosGamemode.AnthroCratosGamemode:EventGraph.K2Node_VariableGet_1699 or K2Node_VariableGet /Game/Blueprints/AnthroCratosGamemode.AnthroCratosGamemode:SpawnTiles.K2Node_VariableGet_1699
[2016.02.11-22.51.58:623][594]LogUObjectHash:Warning: Ambiguous search, could be K2Node_CallFunction /Game/Blueprints/AnthroCratosGamemode.AnthroCratosGamemode:EventGraph.K2Node_CallFunction_2641 or K2Node_CallFunction /Game/Blueprints/AnthroCratosGamemode.AnthroCratosGamemode:SpawnTiles.K2Node_CallFunction_2641
[2016.02.11-22.51.58:623][594]LogUObjectHash:Warning: Ambiguous search, could be K2Node_VariableGet /Game/Blueprints/AnthroCratosGamemode.AnthroCratosGamemode:EventGraph.K2Node_VariableGet_2446 or K2Node_VariableGet /Game/Blueprints/AnthroCratosGamemode.AnthroCratosGamemode:SpawnTiles.K2Node_VariableGet_2446
[2016.02.11-22.51.58:625][594]LogUObjectHash:Warning: Ambiguous search, could be K2Node_VariableSet /Game/Blueprints/AnthroCratosGamemode.AnthroCratosGamemode:EventGraph.K2Node_VariableSet_783 or K2Node_VariableSet /Game/Blueprints/AnthroCratosGamemode.AnthroCratosGamemode:SpawnTiles.K2Node_VariableSet_783
[2016.02.11-22.51.58:625][594]LogUObjectHash:Warning: Ambiguous search, could be K2Node_CallFunction /Game/Blueprints/AnthroCratosGamemode.AnthroCratosGamemode:EventGraph.K2Node_CallFunction_3668 or K2Node_CallFunction /Game/Blueprints/AnthroCratosGamemode.AnthroCratosGamemode:SpawnTiles.K2Node_CallFunction_3668
[2016.02.11-22.51.58:625][594]LogUObjectHash:Warning: Ambiguous search, could be K2Node_VariableGet /Game/Blueprints/AnthroCratosGamemode.AnthroCratosGamemode:EventGraph.K2Node_VariableGet_2497 or K2Node_VariableGet /Game/Blueprints/AnthroCratosGamemode.AnthroCratosGamemode:SpawnTiles.K2Node_VariableGet_2497
[2016.02.11-22.51.58:625][594]LogUObjectHash:Warning: Ambiguous search, could be K2Node_CallFunction /Game/Blueprints/AnthroCratosGamemode.AnthroCratosGamemode:EventGraph.K2Node_CallFunction_3669 or K2Node_CallFunction /Game/Blueprints/AnthroCratosGamemode.AnthroCratosGamemode:SpawnTiles.K2Node_CallFunction_3669
[2016.02.11-22.51.58:626][594]LogUObjectHash:Warning: Ambiguous search, could be K2Node_VariableGet /Game/Blueprints/AnthroCratosGamemode.AnthroCratosGamemode:EventGraph.K2Node_VariableGet_2498 or K2Node_VariableGet /Game/Blueprints/AnthroCratosGamemode.AnthroCratosGamemode:SpawnTiles.K2Node_VariableGet_2498
[2016.02.11-22.51.58:627][594]LogUObjectHash:Warning: Ambiguous search, could be K2Node_VariableSet /Game/Blueprints/AnthroCratosGamemode.AnthroCratosGamemode:EventGraph.K2Node_VariableSet_785 or K2Node_VariableSet /Game/Blueprints/AnthroCratosGamemode.AnthroCratosGamemode:SpawnTiles.K2Node_VariableSet_785
[2016.02.11-22.51.58:628][594]LogUObjectHash:Warning: Ambiguous search, could be K2Node_CommutativeAssociativeBinaryOperator /Game/Blueprints/AnthroCratosGamemode.AnthroCratosGamemode:EventGraph.K2Node_CommutativeAssociativeBinaryOperator_242 or K2Node_CommutativeAssociativeBinaryOperator /Game/Blueprints/AnthroCratosGamemode.AnthroCratosGamemode:SpawnTiles.K2Node_CommutativeAssociativeBinaryOperator_242
[2016.02.11-22.51.58:630][594]LogUObjectHash:Warning: Ambiguous search, could be K2Node_CallArrayFunction /Game/Blueprints/AnthroCratosGamemode.AnthroCratosGamemode:EventGraph.K2Node_CallArrayFunction_27 or K2Node_CallArrayFunction /Game/Blueprints/AnthroCratosGamemode.AnthroCratosGamemode:ExecuteUbergraph_AnthroCratosGamemode.K2Node_CallArrayFunction_27
[2016.02.11-22.51.58:630][594]LogUObjectHash:Warning: Ambiguous search, could be K2Node_CallArrayFunction /Game/Blueprints/AnthroCratosGamemode.AnthroCratosGamemode:EventGraph.K2Node_CallArrayFunction_27 or K2Node_CallArrayFunction /Game/Blueprints/AnthroCratosGamemode.AnthroCratosGamemode:SpawnTiles.K2Node_CallArrayFunction_27
[2016.02.11-22.51.58:631][594]LogUObjectHash:Warning: Ambiguous search, could be K2Node_CallFunction /Game/Blueprints/AnthroCratosGamemode.AnthroCratosGamemode:EventGraph.K2Node_CallFunction_2453 or K2Node_CallFunction /Game/Blueprints/AnthroCratosGamemode.AnthroCratosGamemode:SpawnTiles.K2Node_CallFunction_2453
[2016.02.11-22.51.58:631][594]LogUObjectHash:Warning: Ambiguous search, could be K2Node_CallArrayFunction /Game/Blueprints/AnthroCratosGamemode.AnthroCratosGamemode:EventGraph.K2Node_CallArrayFunction_27 or K2Node_CallArrayFunction /Game/Blueprints/AnthroCratosGamemode.AnthroCratosGamemode:ExecuteUbergraph_AnthroCratosGamemode.K2Node_CallArrayFunction_27
[2016.02.11-22.51.58:631][594]LogUObjectHash:Warning: Ambiguous search, could be K2Node_CallArrayFunction /Game/Blueprints/AnthroCratosGamemode.AnthroCratosGamemode:EventGraph.K2Node_CallArrayFunction_27 or K2Node_CallArrayFunction /Game/Blueprints/AnthroCratosGamemode.AnthroCratosGamemode:SpawnTiles.K2Node_CallArrayFunction_27
[2016.02.11-22.51.58:632][594]LogUObjectHash:Warning: Ambiguous search, could be K2Node_VariableSet /Game/Blueprints/AnthroCratosGamemode.AnthroCratosGamemode:EventGraph.K2Node_VariableSet_807 or K2Node_VariableSet /Game/Blueprints/AnthroCratosGamemode.AnthroCratosGamemode:SpawnTiles.K2Node_VariableSet_807
[2016.02.11-22.51.58:632][594]LogUObjectHash:Warning: Ambiguous search, could be K2Node_VariableGet /Game/Blueprints/AnthroCratosGamemode.AnthroCratosGamemode:EventGraph.K2Node_VariableGet_1530 or K2Node_VariableGet /Game/Blueprints/AnthroCratosGamemode.AnthroCratosGamemode:SpawnTiles.K2Node_VariableGet_1530
[2016.02.11-22.51.58:634][594]LogUObjectHash:Warning: Ambiguous search, could be K2Node_VariableGet /Game/Blueprints/AnthroCratosGamemode.AnthroCratosGamemode:EventGraph.K2Node_VariableGet_1854 or K2Node_VariableGet /Game/Blueprints/AnthroCratosGamemode.AnthroCratosGamemode:SpawnTiles.K2Node_VariableGet_1854
[2016.02.11-22.51.58:634][594]LogUObjectHash:Warning: Ambiguous search, could be K2Node_VariableSet /Game/Blueprints/AnthroCratosGamemode.AnthroCratosGamemode:EventGraph.K2Node_VariableSet_864 or K2Node_VariableSet /Game/Blueprints/AnthroCratosGamemode.AnthroCratosGamemode:SpawnTiles.K2Node_VariableSet_864
[2016.02.11-22.51.58:634][594]LogUObjectHash:Warning: Ambiguous search, could be K2Node_VariableSet /Game/Blueprints/AnthroCratosGamemode.AnthroCratosGamemode:EventGraph.K2Node_VariableSet_864 or K2Node_VariableSet /Game/Blueprints/AnthroCratosGamemode.AnthroCratosGamemode:SpawnTiles.K2Node_VariableSet_864
[2016.02.11-22.51.58:634][594]LogUObjectHash:Warning: Ambiguous search, could be K2Node_VariableSet /Game/Blueprints/AnthroCratosGamemode.AnthroCratosGamemode:EventGraph.K2Node_VariableSet_142 or K2Node_VariableSet /Game/Blueprints/AnthroCratosGamemode.AnthroCratosGamemode:SpawnTiles.K2Node_VariableSet_142
[2016.02.11-22.51.58:635][594]LogUObjectHash:Warning: Ambiguous search, could be K2Node_CommutativeAssociativeBinaryOperator /Game/Blueprints/AnthroCratosGamemode.AnthroCratosGamemode:EventGraph.K2Node_CommutativeAssociativeBinaryOperator_81 or K2Node_CommutativeAssociativeBinaryOperator /Game/Blueprints/AnthroCratosGamemode.AnthroCratosGamemode:SpawnTiles.K2Node_CommutativeAssociativeBinaryOperator_81
[2016.02.11-22.51.58:636][594]LogUObjectHash:Warning: Ambiguous search, could be K2Node_VariableGet /Game/Blueprints/AnthroCratosGamemode.AnthroCratosGamemode:EventGraph.K2Node_VariableGet_1743 or K2Node_VariableGet /Game/Blueprints/AnthroCratosGamemode.AnthroCratosGamemode:SpawnTiles.K2Node_VariableGet_1743
[2016.02.11-22.51.58:637][594]LogUObjectHash:Warning: Ambiguous search, could be K2Node_VariableSet /Game/Blueprints/AnthroCratosGamemode.AnthroCratosGamemode:EventGraph.K2Node_VariableSet_1150 or K2Node_VariableSet /Game/Blueprints/AnthroCratosGamemode.AnthroCratosGamemode:SpawnTiles.K2Node_VariableSet_1150
[2016.02.11-22.51.58:638][594]LogUObjectHash:Warning: Ambiguous search, could be K2Node_CommutativeAssociativeBinaryOperator /Game/Blueprints/AnthroCratosGamemode.AnthroCratosGamemode:EventGraph.K2Node_CommutativeAssociativeBinaryOperator_148 or K2Node_CommutativeAssociativeBinaryOperator /Game/Blueprints/AnthroCratosGamemode.AnthroCratosGamemode:SpawnTiles.K2Node_CommutativeAssociativeBinaryOperator_148
[2016.02.11-22.51.58:638][594]LogUObjectHash:Warning: Ambiguous search, could be K2Node_CommutativeAssociativeBinaryOperator /Engine/EditorBlueprintResources/StandardMacros.StandardMacros:ForEachLoopWithBreak.K2Node_CommutativeAssociativeBinaryOperator_141 or K2Node_CommutativeAssociativeBinaryOperator /Game/Blueprints/AnthroCratosGamemode.AnthroCratosGamemode:EventGraph.K2Node_CommutativeAssociativeBinaryOperator_141
[2016.02.11-22.51.58:638][594]LogUObjectHash:Warning: Ambiguous search, could be K2Node_CommutativeAssociativeBinaryOperator /Engine/EditorBlueprintResources/StandardMacros.StandardMacros:ForEachLoopWithBreak.K2Node_CommutativeAssociativeBinaryOperator_141 or K2Node_CommutativeAssociativeBinaryOperator /Game/Blueprints/AnthroCratosGamemode.AnthroCratosGamemode:SpawnTiles.K2Node_CommutativeAssociativeBinaryOperator_141
[2016.02.11-22.51.58:639][594]LogUObjectHash:Warning: Ambiguous search, could be K2Node_VariableSet /Game/Blueprints/AnthroCratosGamemode.AnthroCratosGamemode:EventGraph.K2Node_VariableSet_385 or K2Node_VariableSet /Game/Blueprints/AnthroCratosGamemode.AnthroCratosGamemode:SpawnTiles.K2Node_VariableSet_385
[2016.02.11-22.51.58:639][594]LogUObjectHash:Warning: Ambiguous search, could be K2Node_VariableSet /Game/Blueprints/AnthroCratosGamemode.AnthroCratosGamemode:EventGraph.K2Node_VariableSet_1150 or K2Node_VariableSet /Game/Blueprints/AnthroCratosGamemode.AnthroCratosGamemode:SpawnTiles.K2Node_VariableSet_1150
[2016.02.11-22.51.58:640][594]LogUObjectHash:Warning: Ambiguous search, could be K2Node_VariableSet /Game/Blueprints/AnthroCratosGamemode.AnthroCratosGamemode:EventGraph.K2Node_VariableSet_385 or K2Node_VariableSet /Game/Blueprints/AnthroCratosGamemode.AnthroCratosGamemode:SpawnTiles.K2Node_VariableSet_385
[2016.02.11-22.51.58:641][594]LogUObjectHash:Warning: Ambiguous search, could be K2Node_CallFunction /Game/Blueprints/AnthroCratosGamemode.AnthroCratosGamemode:EventGraph.K2Node_CallFunction_3765 or K2Node_CallFunction /Game/Blueprints/AnthroCratosGamemode.AnthroCratosGamemode:SpawnTiles.K2Node_CallFunction_3765
[2016.02.11-22.51.58:642][594]LogUObjectHash:Warning: Ambiguous search, could be K2Node_CommutativeAssociativeBinaryOperator /Game/Blueprints/AnthroCratosGamemode.AnthroCratosGamemode:EventGraph.K2Node_CommutativeAssociativeBinaryOperator_242 or K2Node_CommutativeAssociativeBinaryOperator /Game/Blueprints/AnthroCratosGamemode.AnthroCratosGamemode:SpawnTiles.K2Node_CommutativeAssociativeBinaryOperator_242
[2016.02.11-22.51.58:642][594]LogUObjectHash:Warning: Ambiguous search, could be K2Node_CallFunction /Game/Blueprints/AnthroCratosGamemode.AnthroCratosGamemode:EventGraph.K2Node_CallFunction_3765 or K2Node_CallFunction /Game/Blueprints/AnthroCratosGamemode.AnthroCratosGamemode:SpawnTiles.K2Node_CallFunction_3765
[2016.02.11-22.51.58:642][594]LogUObjectHash:Warning: Ambiguous search, could be K2Node_CommutativeAssociativeBinaryOperator /Game/Blueprints/AnthroCratosGamemode.AnthroCratosGamemode:EventGraph.K2Node_CommutativeAssociativeBinaryOperator_242 or K2Node_CommutativeAssociativeBinaryOperator /Game/Blueprints/AnthroCratosGamemode.AnthroCratosGamemode:SpawnTiles.K2Node_CommutativeAssociativeBinaryOperator_242
[2016.02.11-22.51.58:644][594]LogUObjectHash:Warning: Ambiguous search, could be K2Node_VariableSet /Game/Blueprints/AnthroCratosGamemode.AnthroCratosGamemode:EventGraph.K2Node_VariableSet_385 or K2Node_VariableSet /Game/Blueprints/AnthroCratosGamemode.AnthroCratosGamemode:SpawnTiles.K2Node_VariableSet_385
[2016.02.11-22.52.33:547][ 33]BlueprintLog: New page: Compile AnthroCratosGamemode
[2016.02.11-22.52.34:095][ 33]BlueprintEditorCompileResults: Info [5241.15] Compile of AnthroCratosGamemode successful! [in 539 ms]
[2016.02.11-22.52.38:248][225]LogBlueprintUserMessages: Early PlayInEditor Detection: Level '/Game/Levels/Kieran-Test.Kieran-Test:PersistentLevel' has LevelScriptBlueprint '/Game/Levels/Kieran-Test.Kieran-Test:PersistentLevel.Kieran-Test' with GeneratedClass '/Game/Levels/Kieran-Test.Kieran-Test_C' with ClassGeneratedBy '/Game/Levels/Kieran-Test.Kieran-Test:PersistentLevel.Kieran-Test'
[2016.02.11-22.52.38:248][225]LogPlayLevel: PlayLevel: No blueprints needed recompiling
[2016.02.11-22.52.38:276][225]PIE: New page: PIE session: Kieran-Test (11 Feb 2016 22:52:38)
[2016.02.11-22.52.38:282][225]LogPlayLevel: Creating play world package: /Game/Levels/UEDPIE_0_Kieran-Test
[2016.02.11-22.52.38:329][225]LogPlayLevel: PIE: StaticDuplicateObject took: (0.046755s)
[2016.02.11-22.52.38:330][225]LogAIModule: Creating AISystem for world Kieran-Test
[2016.02.11-22.52.38:331][225]LogPlayLevel: PIE: World Init took: (0.001468s)
[2016.02.11-22.52.38:331][225]LogPlayLevel: PIE: Created PIE world by copying editor world from /Game/Levels/Kieran-Test.Kieran-Test to /Game/Levels/UEDPIE_0_Kieran-Test.Kieran-Test (0.049057s)
[2016.02.11-22.52.38:449][225]LogInit: XAudio2 using 'Speakers (VIA HD Audio(Win 10))' : 2 channels at 48 kHz using 32 bits per sample (channel mask 0x3)
[2016.02.11-22.52.38:479][225]LogInit: FAudioDevice initialized.
[2016.02.11-22.52.38:798][225]LogWorld: Game class is 'AnthroCratosGamemode_C'
[2016.02.11-22.52.38:944][225]LogWorld: Bringing World /Game/Levels/UEDPIE_0_Kieran-Test.Kieran-Test up for play (max tick rate 60) at 2016.02.11-22.52.38
[2016.02.11-22.52.38:944][225]LogActor:Warning: GameSession /Game/Levels/UEDPIE_0_Kieran-Test.Kieran-Test:PersistentLevel.GameSession_0 has natively added scene component(s), but none of them were set as the actor's RootComponent - picking one arbitrarily
[2016.02.11-22.52.38:954][225]LogActor:Warning: GameNetworkManager /Game/Levels/UEDPIE_0_Kieran-Test.Kieran-Test:PersistentLevel.GameNetworkManager_1 has natively added scene component(s), but none of them were set as the actor's RootComponent - picking one arbitrarily
[2016.02.11-22.52.38:970][225]LogWorld: Bringing up level for play took: 0.028170
[2016.02.11-22.52.39:384][225]LogBlueprintUserMessages: [AnthroCratosGamemode_C_4] TilesGenerated
[2016.02.11-22.52.39:431][225]PIE: Info Play in editor start time for /Game/Levels/UEDPIE_0_Kieran-Test 0.36
[2016.02.11-22.52.39:432][225]LogBlueprintUserMessages: Late PlayInEditor Detection: Level '/Game/Levels/Kieran-Test.Kieran-Test:PersistentLevel' has LevelScriptBlueprint '/Game/Levels/Kieran-Test.Kieran-Test:PersistentLevel.Kieran-Test' with GeneratedClass '/Game/Levels/Kieran-Test.Kieran-Test_C' with ClassGeneratedBy '/Game/Levels/Kieran-Test.Kieran-Test:PersistentLevel.Kieran-Test'
[2016.02.11-22.52.46:095][491]LogBlueprintUserMessages: Early EndPlayMap Detection: Level '/Game/Levels/Kieran-Test.Kieran-Test:PersistentLevel' has LevelScriptBlueprint '/Game/Levels/Kieran-Test.Kieran-Test:PersistentLevel.Kieran-Test' with GeneratedClass '/Game/Levels/Kieran-Test.Kieran-Test_C' with ClassGeneratedBy '/Game/Levels/Kieran-Test.Kieran-Test:PersistentLevel.Kieran-Test'
[2016.02.11-22.52.46:334][491]LogBlueprintUserMessages: Late EndPlayMap Detection: Level '/Game/Levels/Kieran-Test.Kieran-Test:PersistentLevel' has LevelScriptBlueprint '/Game/Levels/Kieran-Test.Kieran-Test:PersistentLevel.Kieran-Test' with GeneratedClass '/Game/Levels/Kieran-Test.Kieran-Test_C' with ClassGeneratedBy '/Game/Levels/Kieran-Test.Kieran-Test:PersistentLevel.Kieran-Test'
[2016.02.11-22.52.46:550][492]LogParticles: Destroying 0 GPU particle simulations for FXSystem 0x0000003B1722F560
[2016.02.11-22.52.50:412][685]LogBlueprintUserMessages: Early PlayInEditor Detection: Level '/Game/Levels/Kieran-Test.Kieran-Test:PersistentLevel' has LevelScriptBlueprint '/Game/Levels/Kieran-Test.Kieran-Test:PersistentLevel.Kieran-Test' with GeneratedClass '/Game/Levels/Kieran-Test.Kieran-Test_C' with ClassGeneratedBy '/Game/Levels/Kieran-Test.Kieran-Test:PersistentLevel.Kieran-Test'
[2016.02.11-22.52.50:412][685]LogPlayLevel: PlayLevel: No blueprints needed recompiling
[2016.02.11-22.52.50:413][685]PIE: New page: SIE session: Kieran-Test (11 Feb 2016 22:52:50)
[2016.02.11-22.52.50:413][685]LogPlayLevel: Creating play world package: /Game/Levels/UEDPIE_0_Kieran-Test
[2016.02.11-22.52.50:417][685]LogPlayLevel: PIE: StaticDuplicateObject took: (0.004099s)
[2016.02.11-22.52.50:418][685]LogAIModule: Creating AISystem for world Kieran-Test
[2016.02.11-22.52.50:419][685]LogPlayLevel: PIE: World Init took: (0.001659s)
[2016.02.11-22.52.50:419][685]LogPlayLevel: PIE: Created PIE world by copying editor world from /Game/Levels/Kieran-Test.Kieran-Test to /Game/Levels/UEDPIE_0_Kieran-Test.Kieran-Test (0.006166s)
[2016.02.11-22.52.50:462][685]LogInit: XAudio2 using 'Speakers (VIA HD Audio(Win 10))' : 2 channels at 48 kHz using 32 bits per sample (channel mask 0x3)
[2016.02.11-22.52.50:477][685]LogInit: FAudioDevice initialized.
[2016.02.11-22.52.50:554][685]LogWorld: Game class is 'AnthroCratosGamemode_C'
[2016.02.11-22.52.50:562][685]LogWorld: Bringing World /Game/Levels/UEDPIE_0_Kieran-Test.Kieran-Test up for play (max tick rate 60) at 2016.02.11-22.52.50
[2016.02.11-22.52.50:562][685]LogActor:Warning: GameSession /Game/Levels/UEDPIE_0_Kieran-Test.Kieran-Test:PersistentLevel.GameSession_1 has natively added scene component(s), but none of them were set as the actor's RootComponent - picking one arbitrarily
[2016.02.11-22.52.50:563][685]LogActor:Warning: GameNetworkManager /Game/Levels/UEDPIE_0_Kieran-Test.Kieran-Test:PersistentLevel.GameNetworkManager_2 has natively added scene component(s), but none of them were set as the actor's RootComponent - picking one arbitrarily
[2016.02.11-22.52.50:563][685]LogWorld: Bringing up level for play took: 0.004184
[2016.02.11-22.52.50:565][685]LogGameMode: Warning - PATHS NOT DEFINED or NO PLAYERSTART with positive rating
[2016.02.11-22.52.50:588][685]LogBlueprintUserMessages: [AnthroCratosGamemode_C_5] TilesGenerated
[2016.02.11-22.52.50:589][685]PIE: Info Play in editor start time for /Game/Levels/UEDPIE_0_Kieran-Test -0.482
[2016.02.11-22.52.50:650][685]LogBlueprintUserMessages: Late PlayInEditor Detection: Level '/Game/Levels/Kieran-Test.Kieran-Test:PersistentLevel' has LevelScriptBlueprint '/Game/Levels/Kieran-Test.Kieran-Test:PersistentLevel.Kieran-Test' with GeneratedClass '/Game/Levels/Kieran-Test.Kieran-Test_C' with ClassGeneratedBy '/Game/Levels/Kieran-Test.Kieran-Test:PersistentLevel.Kieran-Test'
[2016.02.11-22.52.53:111][775]LogSelection:Warning: PIE object was selected: "HexTileBasic_C /Game/Levels/UEDPIE_0_Kieran-Test.Kieran-Test:PersistentLevel.HexTileBasic_C_38"
[2016.02.11-22.52.58:411][923]LogBlueprintUserMessages: Early EndPlayMap Detection: Level '/Game/Levels/Kieran-Test.Kieran-Test:PersistentLevel' has LevelScriptBlueprint '/Game/Levels/Kieran-Test.Kieran-Test:PersistentLevel.Kieran-Test' with GeneratedClass '/Game/Levels/Kieran-Test.Kieran-Test_C' with ClassGeneratedBy '/Game/Levels/Kieran-Test.Kieran-Test:PersistentLevel.Kieran-Test'
[2016.02.11-22.52.58:533][923]LogBlueprintUserMessages: Late EndPlayMap Detection: Level '/Game/Levels/Kieran-Test.Kieran-Test:PersistentLevel' has LevelScriptBlueprint '/Game/Levels/Kieran-Test.Kieran-Test:PersistentLevel.Kieran-Test' with GeneratedClass '/Game/Levels/Kieran-Test.Kieran-Test_C' with ClassGeneratedBy '/Game/Levels/Kieran-Test.Kieran-Test:PersistentLevel.Kieran-Test'
[2016.02.11-22.52.58:645][924]LogParticles: Destroying 0 GPU particle simulations for FXSystem 0x0000003B16223920
[2016.02.11-22.53.20:459][929]BlueprintLog: New page: Compile AnthroCratosGamemode
[2016.02.11-22.53.20:627][929]BlueprintEditorCompileResults: Info [5287.69] Compile of AnthroCratosGamemode successful! [in 166 ms]
[2016.02.11-22.53.43:412][166]Cmd: UpdateLandscapeSetup
[2016.02.11-22.54.08:938][563]LogSavePackage: Save=253.435455ms
[2016.02.11-22.54.08:938][563]LogSavePackage: Moving '../../../../../../Users/user/Game Development/Anthrocratos/Anthrocratos_UE4/Saved/AnthroCratosGamemode01F682A942F96FD3925D5C988E8F6FE1.tmp' to '../../../../../../Users/user/Game Development/Anthrocratos/Anthrocratos_UE4/Content/Blueprints/AnthroCratosGamemode.uasset'
[2016.02.11-22.54.08:946][563]LogSavePackage: Total save time: 316.893972ms
[2016.02.11-22.54.08:946][563]LogSavePackage:Display: Finished SavePackage ../../../../../../Users/user/Game Development/Anthrocratos/Anthrocratos_UE4/Content/Blueprints/AnthroCratosGamemode.uasset
[2016.02.11-22.54.19:839][187]LogSlate:Warning: Prevented a slow task dialog from being summoned while a context menu was open
[2016.02.11-22.54.52:461][694]LogSavePackage: Save=158.901871ms
[2016.02.11-22.54.52:461][694]LogSavePackage: Moving '../../../../../../Users/user/Game Development/Anthrocratos/Anthrocratos_UE4/Saved/Kieran-Test_Auto1B95BDD344F06E997EED820A0478FC6EE.tmp' to '../../../../../../Users/user/Game Development/Anthrocratos/Anthrocratos_UE4/Saved/Autosaves/Game/Levels/Kieran-Test_Auto1.umap'
[2016.02.11-22.54.52:465][694]LogSavePackage: Total save time: 185.333241ms
[2016.02.11-22.54.52:465][694]LogSavePackage:Display: Finished SavePackage ../../../../../../Users/user/Game Development/Anthrocratos/Anthrocratos_UE4/Saved/Autosaves/Game/Levels/Kieran-Test_Auto1.umap
[2016.02.11-22.54.52:494][694]LogFileHelpers: Editor autosave (incl. sublevels) for '/Game/Levels/Kieran-Test' took 0.310
[2016.02.11-22.54.52:494][694]LogFileHelpers: Editor autosave (incl. sublevels) for all levels took 0.310
[2016.02.11-22.58.09:831][195]LogActor:Warning: GameNetworkManager /Engine/Transient.World_4:PersistentLevel.GameNetworkManager_3 has natively added scene component(s), but none of them were set as the actor's RootComponent - picking one arbitrarily
[2016.02.11-22.59.15:559][741]BlueprintLog: New page: Compile AnthroCratosGamemode
[2016.02.11-22.59.15:735][741]BlueprintEditorCompileResults: Info [5642.80] Compile of AnthroCratosGamemode successful! [in 175 ms]
[2016.02.11-22.59.16:693][767]LogSavePackage: Save=199.482712ms
[2016.02.11-22.59.16:693][767]LogSavePackage: Moving '../../../../../../Users/user/Game Development/Anthrocratos/Anthrocratos_UE4/Saved/AnthroCratosGamemode19C4E8E9466BBD02B3540188DD1AC95F.tmp' to '../../../../../../Users/user/Game Development/Anthrocratos/Anthrocratos_UE4/Content/Blueprints/AnthroCratosGamemode.uasset'
[2016.02.11-22.59.16:697][767]LogSavePackage: Total save time: 220.605720ms
[2016.02.11-22.59.16:697][767]LogSavePackage:Display: Finished SavePackage ../../../../../../Users/user/Game Development/Anthrocratos/Anthrocratos_UE4/Content/Blueprints/AnthroCratosGamemode.uasset
[2016.02.11-22.59.20:136][895]LogSavePackage: Save=109.985306ms
[2016.02.11-22.59.20:136][895]LogSavePackage: Moving '../../../../../../Users/user/Game Development/Anthrocratos/Anthrocratos_UE4/Saved/Kieran-Test6754DC7D4502A584C98839A81DD9FE15.tmp' to '../../../../../../Users/user/Game Development/Anthrocratos/Anthrocratos_UE4/Content/Levels/Kieran-Test.umap'
[2016.02.11-22.59.20:141][895]LogSavePackage: Total save time: 121.328693ms
[2016.02.11-22.59.20:141][895]LogSavePackage:Display: Finished SavePackage ../../../../../../Users/user/Game Development/Anthrocratos/Anthrocratos_UE4/Content/Levels/Kieran-Test.umap
[2016.02.11-22.59.20:225][895]LogFileHelpers: Saving map 'Kieran-Test' took 0.353
[2016.02.11-23.02.51:215][240]LogSlate:Warning: Prevented a slow task dialog from being summoned while a context menu was open
[2016.02.11-23.02.53:796][515]Cmd: UpdateLandscapeSetup
[2016.02.11-23.03.27:840][383]LogActor:Warning: GameNetworkManager /Engine/Transient.World_5:PersistentLevel.GameNetworkManager_4 has natively added scene component(s), but none of them were set as the actor's RootComponent - picking one arbitrarily
[2016.02.11-23.03.34:161][805]LogBlueprintUserMessages: Early PlayInEditor Detection: Level '/Game/Levels/Kieran-Test.Kieran-Test:PersistentLevel' has LevelScriptBlueprint '/Game/Levels/Kieran-Test.Kieran-Test:PersistentLevel.Kieran-Test' with GeneratedClass '/Game/Levels/Kieran-Test.Kieran-Test_C' with ClassGeneratedBy '/Game/Levels/Kieran-Test.Kieran-Test:PersistentLevel.Kieran-Test'
[2016.02.11-23.03.34:161][805]LogPlayLevel: PlayLevel: No blueprints needed recompiling
[2016.02.11-23.03.34:161][805]PIE: New page: SIE session: Kieran-Test (11 Feb 2016 23:03:34)
[2016.02.11-23.03.34:161][805]LogPlayLevel: Creating play world package: /Game/Levels/UEDPIE_0_Kieran-Test
[2016.02.11-23.03.34:164][805]LogPlayLevel: PIE: StaticDuplicateObject took: (0.002724s)
[2016.02.11-23.03.34:165][805]LogAIModule: Creating AISystem for world Kieran-Test
[2016.02.11-23.03.34:166][805]LogPlayLevel: PIE: World Init took: (0.001424s)
[2016.02.11-23.03.34:166][805]LogPlayLevel: PIE: Created PIE world by copying editor world from /Game/Levels/Kieran-Test.Kieran-Test to /Game/Levels/UEDPIE_0_Kieran-Test.Kieran-Test (0.004551s)
[2016.02.11-23.03.34:191][805]LogParticles: Destroying 0 GPU particle simulations for FXSystem 0x0000003B60667740
[2016.02.11-23.03.34:192][805]LogParticles: Destroying 0 GPU particle simulations for FXSystem 0x0000003B0A92C720
[2016.02.11-23.03.34:193][805]LogParticles: Destroying 0 GPU particle simulations for FXSystem 0x0000003B177A09A0
[2016.02.11-23.03.34:200][805]LogInit: XAudio2 using 'Speakers (VIA HD Audio(Win 10))' : 2 channels at 48 kHz using 32 bits per sample (channel mask 0x3)
[2016.02.11-23.03.34:208][805]LogInit: FAudioDevice initialized.
[2016.02.11-23.03.34:240][805]LogWorld: Game class is 'AnthroCratosGamemode_C'
[2016.02.11-23.03.34:242][805]LogWorld: Bringing World /Game/Levels/UEDPIE_0_Kieran-Test.Kieran-Test up for play (max tick rate 0) at 2016.02.11-23.03.34
[2016.02.11-23.03.34:242][805]LogActor:Warning: GameSession /Game/Levels/UEDPIE_0_Kieran-Test.Kieran-Test:PersistentLevel.GameSession_2 has natively added scene component(s), but none of them were set as the actor's RootComponent - picking one arbitrarily
[2016.02.11-23.03.34:242][805]LogActor:Warning: GameNetworkManager /Game/Levels/UEDPIE_0_Kieran-Test.Kieran-Test:PersistentLevel.GameNetworkManager_5 has natively added scene component(s), but none of them were set as the actor's RootComponent - picking one arbitrarily
[2016.02.11-23.03.34:243][805]LogWorld: Bringing up level for play took: 0.001221
[2016.02.11-23.03.34:243][805]LogGameMode: Warning - PATHS NOT DEFINED or NO PLAYERSTART with positive rating
[2016.02.11-23.03.35:256][805]LogBlueprintUserMessages: [AnthroCratosGamemode_C_5] TilesGenerated
[2016.02.11-23.03.35:261][805]PIE: Info Play in editor start time for /Game/Levels/UEDPIE_0_Kieran-Test 0.191
[2016.02.11-23.03.35:263][805]LogBlueprintUserMessages: Late PlayInEditor Detection: Level '/Game/Levels/Kieran-Test.Kieran-Test:PersistentLevel' has LevelScriptBlueprint '/Game/Levels/Kieran-Test.Kieran-Test:PersistentLevel.Kieran-Test' with GeneratedClass '/Game/Levels/Kieran-Test.Kieran-Test_C' with ClassGeneratedBy '/Game/Levels/Kieran-Test.Kieran-Test:PersistentLevel.Kieran-Test'
[2016.02.11-23.03.41:782][946]LogBlueprintUserMessages: Early EndPlayMap Detection: Level '/Game/Levels/Kieran-Test.Kieran-Test:PersistentLevel' has LevelScriptBlueprint '/Game/Levels/Kieran-Test.Kieran-Test:PersistentLevel.Kieran-Test' with GeneratedClass '/Game/Levels/Kieran-Test.Kieran-Test_C' with ClassGeneratedBy '/Game/Levels/Kieran-Test.Kieran-Test:PersistentLevel.Kieran-Test'
[2016.02.11-23.03.41:914][946]LogBlueprintUserMessages: Late EndPlayMap Detection: Level '/Game/Levels/Kieran-Test.Kieran-Test:PersistentLevel' has LevelScriptBlueprint '/Game/Levels/Kieran-Test.Kieran-Test:PersistentLevel.Kieran-Test' with GeneratedClass '/Game/Levels/Kieran-Test.Kieran-Test_C' with ClassGeneratedBy '/Game/Levels/Kieran-Test.Kieran-Test:PersistentLevel.Kieran-Test'
[2016.02.11-23.03.41:976][946]LogParticles: Destroying 0 GPU particle simulations for FXSystem 0x0000003B0B30EAC0
[2016.02.11-23.03.46:149][364]LogBlueprintUserMessages: Early PlayInEditor Detection: Level '/Game/Levels/Kieran-Test.Kieran-Test:PersistentLevel' has LevelScriptBlueprint '/Game/Levels/Kieran-Test.Kieran-Test:PersistentLevel.Kieran-Test' with GeneratedClass '/Game/Levels/Kieran-Test.Kieran-Test_C' with ClassGeneratedBy '/Game/Levels/Kieran-Test.Kieran-Test:PersistentLevel.Kieran-Test'
[2016.02.11-23.03.46:149][364]LogPlayLevel: PlayLevel: No blueprints needed recompiling
[2016.02.11-23.03.46:149][364]PIE: New page: PIE session: Kieran-Test (11 Feb 2016 23:03:46)
[2016.02.11-23.03.46:150][364]LogPlayLevel: Creating play world package: /Game/Levels/UEDPIE_0_Kieran-Test
[2016.02.11-23.03.46:152][364]LogPlayLevel: PIE: StaticDuplicateObject took: (0.002103s)
[2016.02.11-23.03.46:152][364]LogAIModule: Creating AISystem for world Kieran-Test
[2016.02.11-23.03.46:153][364]LogPlayLevel: PIE: World Init took: (0.000877s)
[2016.02.11-23.03.46:153][364]LogPlayLevel: PIE: Created PIE world by copying editor world from /Game/Levels/Kieran-Test.Kieran-Test to /Game/Levels/UEDPIE_0_Kieran-Test.Kieran-Test (0.003206s)
[2016.02.11-23.03.46:177][364]LogInit: XAudio2 using 'Speakers (VIA HD Audio(Win 10))' : 2 channels at 48 kHz using 32 bits per sample (channel mask 0x3)
[2016.02.11-23.03.46:185][364]LogInit: FAudioDevice initialized.
[2016.02.11-23.03.46:218][364]LogWorld: Game class is 'AnthroCratosGamemode_C'
[2016.02.11-23.03.46:220][364]LogWorld: Bringing World /Game/Levels/UEDPIE_0_Kieran-Test.Kieran-Test up for play (max tick rate 0) at 2016.02.11-23.03.46
[2016.02.11-23.03.46:220][364]LogActor:Warning: GameSession /Game/Levels/UEDPIE_0_Kieran-Test.Kieran-Test:PersistentLevel.GameSession_3 has natively added scene component(s), but none of them were set as the actor's RootComponent - picking one arbitrarily
[2016.02.11-23.03.46:220][364]LogActor:Warning: GameNetworkManager /Game/Levels/UEDPIE_0_Kieran-Test.Kieran-Test:PersistentLevel.GameNetworkManager_6 has natively added scene component(s), but none of them were set as the actor's RootComponent - picking one arbitrarily
[2016.02.11-23.03.46:220][364]LogWorld: Bringing up level for play took: 0.001363
[2016.02.11-23.03.47:210][364]LogBlueprintUserMessages: [AnthroCratosGamemode_C_6] TilesGenerated
[2016.02.11-23.03.47:215][364]PIE: Info Play in editor start time for /Game/Levels/UEDPIE_0_Kieran-Test 0.145
[2016.02.11-23.03.47:216][364]LogBlueprintUserMessages: Late PlayInEditor Detection: Level '/Game/Levels/Kieran-Test.Kieran-Test:PersistentLevel' has LevelScriptBlueprint '/Game/Levels/Kieran-Test.Kieran-Test:PersistentLevel.Kieran-Test' with GeneratedClass '/Game/Levels/Kieran-Test.Kieran-Test_C' with ClassGeneratedBy '/Game/Levels/Kieran-Test.Kieran-Test:PersistentLevel.Kieran-Test'
[2016.02.11-23.04.14:945][232]LogBlueprintUserMessages: Early EndPlayMap Detection: Level '/Game/Levels/Kieran-Test.Kieran-Test:PersistentLevel' has LevelScriptBlueprint '/Game/Levels/Kieran-Test.Kieran-Test:PersistentLevel.Kieran-Test' with GeneratedClass '/Game/Levels/Kieran-Test.Kieran-Test_C' with ClassGeneratedBy '/Game/Levels/Kieran-Test.Kieran-Test:PersistentLevel.Kieran-Test'
[2016.02.11-23.04.15:075][232]LogBlueprintUserMessages: Late EndPlayMap Detection: Level '/Game/Levels/Kieran-Test.Kieran-Test:PersistentLevel' has LevelScriptBlueprint '/Game/Levels/Kieran-Test.Kieran-Test:PersistentLevel.Kieran-Test' with GeneratedClass '/Game/Levels/Kieran-Test.Kieran-Test_C' with ClassGeneratedBy '/Game/Levels/Kieran-Test.Kieran-Test:PersistentLevel.Kieran-Test'
[2016.02.11-23.04.15:170][233]LogParticles: Destroying 0 GPU particle simulations for FXSystem 0x0000003B0AF72700
[2016.02.11-23.04.24:570][  4]LogActor:Warning: GameNetworkManager /Engine/Transient.World_6:PersistentLevel.GameNetworkManager_7 has natively added scene component(s), but none of them were set as the actor's RootComponent - picking one arbitrarily
[2016.02.11-23.05.10:511][869]LogBlueprintUserMessages: Early PlayInEditor Detection: Level '/Game/Levels/Kieran-Test.Kieran-Test:PersistentLevel' has LevelScriptBlueprint '/Game/Levels/Kieran-Test.Kieran-Test:PersistentLevel.Kieran-Test' with GeneratedClass '/Game/Levels/Kieran-Test.Kieran-Test_C' with ClassGeneratedBy '/Game/Levels/Kieran-Test.Kieran-Test:PersistentLevel.Kieran-Test'
[2016.02.11-23.05.10:511][869]LogPlayLevel: PlayLevel: No blueprints needed recompiling
[2016.02.11-23.05.10:512][869]PIE: New page: PIE session: Kieran-Test (11 Feb 2016 23:05:10)
[2016.02.11-23.05.10:512][869]LogPlayLevel: Creating play world package: /Game/Levels/UEDPIE_0_Kieran-Test
[2016.02.11-23.05.10:513][869]LogPlayLevel: PIE: StaticDuplicateObject took: (0.001703s)
[2016.02.11-23.05.10:514][869]LogAIModule: Creating AISystem for world Kieran-Test
[2016.02.11-23.05.10:514][869]LogPlayLevel: PIE: World Init took: (0.000875s)
[2016.02.11-23.05.10:515][869]LogPlayLevel: PIE: Created PIE world by copying editor world from /Game/Levels/Kieran-Test.Kieran-Test to /Game/Levels/UEDPIE_0_Kieran-Test.Kieran-Test (0.002825s)
[2016.02.11-23.05.10:538][869]LogInit: XAudio2 using 'Speakers (VIA HD Audio(Win 10))' : 2 channels at 48 kHz using 32 bits per sample (channel mask 0x3)
[2016.02.11-23.05.10:546][869]LogInit: FAudioDevice initialized.
[2016.02.11-23.05.10:584][869]LogWorld: Game class is 'AnthroCratosGamemode_C'
[2016.02.11-23.05.10:588][869]LogWorld: Bringing World /Game/Levels/UEDPIE_0_Kieran-Test.Kieran-Test up for play (max tick rate 0) at 2016.02.11-23.05.10
[2016.02.11-23.05.10:588][869]LogActor:Warning: GameSession /Game/Levels/UEDPIE_0_Kieran-Test.Kieran-Test:PersistentLevel.GameSession_4 has natively added scene component(s), but none of them were set as the actor's RootComponent - picking one arbitrarily
[2016.02.11-23.05.10:588][869]LogActor:Warning: GameNetworkManager /Game/Levels/UEDPIE_0_Kieran-Test.Kieran-Test:PersistentLevel.GameNetworkManager_8 has natively added scene component(s), but none of them were set as the actor's RootComponent - picking one arbitrarily
[2016.02.11-23.05.10:588][869]LogWorld: Bringing up level for play took: 0.002456
[2016.02.11-23.05.11:618][869]LogBlueprintUserMessages: [AnthroCratosGamemode_C_8] TilesGenerated
[2016.02.11-23.05.11:623][869]PIE: Info Play in editor start time for /Game/Levels/UEDPIE_0_Kieran-Test 0.553
[2016.02.11-23.05.11:624][869]LogBlueprintUserMessages: Late PlayInEditor Detection: Level '/Game/Levels/Kieran-Test.Kieran-Test:PersistentLevel' has LevelScriptBlueprint '/Game/Levels/Kieran-Test.Kieran-Test:PersistentLevel.Kieran-Test' with GeneratedClass '/Game/Levels/Kieran-Test.Kieran-Test_C' with ClassGeneratedBy '/Game/Levels/Kieran-Test.Kieran-Test:PersistentLevel.Kieran-Test'
[2016.02.11-23.05.13:767][917]LogBlueprintUserMessages: Early EndPlayMap Detection: Level '/Game/Levels/Kieran-Test.Kieran-Test:PersistentLevel' has LevelScriptBlueprint '/Game/Levels/Kieran-Test.Kieran-Test:PersistentLevel.Kieran-Test' with GeneratedClass '/Game/Levels/Kieran-Test.Kieran-Test_C' with ClassGeneratedBy '/Game/Levels/Kieran-Test.Kieran-Test:PersistentLevel.Kieran-Test'
[2016.02.11-23.05.13:899][917]LogBlueprintUserMessages: Late EndPlayMap Detection: Level '/Game/Levels/Kieran-Test.Kieran-Test:PersistentLevel' has LevelScriptBlueprint '/Game/Levels/Kieran-Test.Kieran-Test:PersistentLevel.Kieran-Test' with GeneratedClass '/Game/Levels/Kieran-Test.Kieran-Test_C' with ClassGeneratedBy '/Game/Levels/Kieran-Test.Kieran-Test:PersistentLevel.Kieran-Test'
[2016.02.11-23.05.13:996][918]LogParticles: Destroying 0 GPU particle simulations for FXSystem 0x0000003B0B9251C0
[2016.02.11-23.05.16:912][148]LogSavePackage: Save=48.318401ms
[2016.02.11-23.05.16:912][148]LogSavePackage: Moving '../../../../../../Users/user/Game Development/Anthrocratos/Anthrocratos_UE4/Saved/UEDPCKieran-Test7614D66648BC141CFA6B6389AB14AF8E.tmp' to '../../../../../../Users/user/Game Development/Anthrocratos/Anthrocratos_UE4/Saved/Autosaves/Game/Levels/UEDPCKieran-Test.umap'
[2016.02.11-23.05.16:913][148]LogSavePackage: Total save time: 57.492469ms
[2016.02.11-23.05.16:913][148]LogSavePackage:Display: Finished SavePackage ../../../../../../Users/user/Game Development/Anthrocratos/Anthrocratos_UE4/Saved/Autosaves/Game/Levels/UEDPCKieran-Test.umap
[2016.02.11-23.06.36:073][906]LogBlueprintUserMessages: Early PlayInEditor Detection: Level '/Game/Levels/Kieran-Test.Kieran-Test:PersistentLevel' has LevelScriptBlueprint '/Game/Levels/Kieran-Test.Kieran-Test:PersistentLevel.Kieran-Test' with GeneratedClass '/Game/Levels/Kieran-Test.Kieran-Test_C' with ClassGeneratedBy '/Game/Levels/Kieran-Test.Kieran-Test:PersistentLevel.Kieran-Test'
[2016.02.11-23.06.36:073][906]LogPlayLevel: PlayLevel: No blueprints needed recompiling
[2016.02.11-23.06.36:073][906]PIE: New page: PIE session: Kieran-Test (11 Feb 2016 23:06:36)
[2016.02.11-23.06.36:073][906]LogPlayLevel: Creating play world package: /Game/Levels/UEDPIE_0_Kieran-Test
[2016.02.11-23.06.36:075][906]LogPlayLevel: PIE: StaticDuplicateObject took: (0.002199s)
[2016.02.11-23.06.36:076][906]LogAIModule: Creating AISystem for world Kieran-Test
[2016.02.11-23.06.36:077][906]LogPlayLevel: PIE: World Init took: (0.001119s)
[2016.02.11-23.06.36:077][906]LogPlayLevel: PIE: Created PIE world by copying editor world from /Game/Levels/Kieran-Test.Kieran-Test to /Game/Levels/UEDPIE_0_Kieran-Test.Kieran-Test (0.003545s)
[2016.02.11-23.06.36:105][906]LogInit: XAudio2 using 'Speakers (VIA HD Audio(Win 10))' : 2 channels at 48 kHz using 32 bits per sample (channel mask 0x3)
[2016.02.11-23.06.36:114][906]LogInit: FAudioDevice initialized.
[2016.02.11-23.06.36:154][906]LogWorld: Game class is 'AnthroCratosGamemode_C'
[2016.02.11-23.06.36:157][906]LogWorld: Bringing World /Game/Levels/UEDPIE_0_Kieran-Test.Kieran-Test up for play (max tick rate 0) at 2016.02.11-23.06.36
[2016.02.11-23.06.36:157][906]LogActor:Warning: GameSession /Game/Levels/UEDPIE_0_Kieran-Test.Kieran-Test:PersistentLevel.GameSession_5 has natively added scene component(s), but none of them were set as the actor's RootComponent - picking one arbitrarily
[2016.02.11-23.06.36:157][906]LogActor:Warning: GameNetworkManager /Game/Levels/UEDPIE_0_Kieran-Test.Kieran-Test:PersistentLevel.GameNetworkManager_9 has natively added scene component(s), but none of them were set as the actor's RootComponent - picking one arbitrarily
[2016.02.11-23.06.36:157][906]LogWorld: Bringing up level for play took: 0.002199
[2016.02.11-23.06.37:190][906]LogBlueprintUserMessages: [AnthroCratosGamemode_C_9] TilesGenerated
[2016.02.11-23.06.37:195][906]PIE: Info Play in editor start time for /Game/Levels/UEDPIE_0_Kieran-Test 2.124
[2016.02.11-23.06.37:196][906]LogBlueprintUserMessages: Late PlayInEditor Detection: Level '/Game/Levels/Kieran-Test.Kieran-Test:PersistentLevel' has LevelScriptBlueprint '/Game/Levels/Kieran-Test.Kieran-Test:PersistentLevel.Kieran-Test' with GeneratedClass '/Game/Levels/Kieran-Test.Kieran-Test_C' with ClassGeneratedBy '/Game/Levels/Kieran-Test.Kieran-Test:PersistentLevel.Kieran-Test'
[2016.02.11-23.06.38:318][931]LogBlueprintUserMessages: Early EndPlayMap Detection: Level '/Game/Levels/Kieran-Test.Kieran-Test:PersistentLevel' has LevelScriptBlueprint '/Game/Levels/Kieran-Test.Kieran-Test:PersistentLevel.Kieran-Test' with GeneratedClass '/Game/Levels/Kieran-Test.Kieran-Test_C' with ClassGeneratedBy '/Game/Levels/Kieran-Test.Kieran-Test:PersistentLevel.Kieran-Test'
[2016.02.11-23.06.38:447][931]LogBlueprintUserMessages: Late EndPlayMap Detection: Level '/Game/Levels/Kieran-Test.Kieran-Test:PersistentLevel' has LevelScriptBlueprint '/Game/Levels/Kieran-Test.Kieran-Test:PersistentLevel.Kieran-Test' with GeneratedClass '/Game/Levels/Kieran-Test.Kieran-Test_C' with ClassGeneratedBy '/Game/Levels/Kieran-Test.Kieran-Test:PersistentLevel.Kieran-Test'
[2016.02.11-23.06.38:511][931]LogParticles: Destroying 0 GPU particle simulations for FXSystem 0x0000003B65A44FE0
[2016.02.11-23.07.15:331][ 79]BlueprintLog: New page: Compile AnthroCratosGamemode
[2016.02.11-23.07.15:462][ 79]BlueprintEditorCompileResults: Info [6122.52] Compile of AnthroCratosGamemode successful! [in 130 ms]
[2016.02.11-23.07.17:648][213]LogBlueprintUserMessages: Early PlayInEditor Detection: Level '/Game/Levels/Kieran-Test.Kieran-Test:PersistentLevel' has LevelScriptBlueprint '/Game/Levels/Kieran-Test.Kieran-Test:PersistentLevel.Kieran-Test' with GeneratedClass '/Game/Levels/Kieran-Test.Kieran-Test_C' with ClassGeneratedBy '/Game/Levels/Kieran-Test.Kieran-Test:PersistentLevel.Kieran-Test'
[2016.02.11-23.07.17:648][213]LogPlayLevel: PlayLevel: No blueprints needed recompiling
[2016.02.11-23.07.17:648][213]PIE: New page: PIE session: Kieran-Test (11 Feb 2016 23:07:17)
[2016.02.11-23.07.17:649][213]LogPlayLevel: Creating play world package: /Game/Levels/UEDPIE_0_Kieran-Test
[2016.02.11-23.07.17:651][213]LogPlayLevel: PIE: StaticDuplicateObject took: (0.002207s)
[2016.02.11-23.07.17:651][213]LogAIModule: Creating AISystem for world Kieran-Test
[2016.02.11-23.07.17:652][213]LogPlayLevel: PIE: World Init took: (0.000837s)
[2016.02.11-23.07.17:652][213]LogPlayLevel: PIE: Created PIE world by copying editor world from /Game/Levels/Kieran-Test.Kieran-Test to /Game/Levels/UEDPIE_0_Kieran-Test.Kieran-Test (0.003290s)
[2016.02.11-23.07.17:677][213]LogInit: XAudio2 using 'Speakers (VIA HD Audio(Win 10))' : 2 channels at 48 kHz using 32 bits per sample (channel mask 0x3)
[2016.02.11-23.07.17:685][213]LogInit: FAudioDevice initialized.
[2016.02.11-23.07.17:724][213]LogWorld: Game class is 'AnthroCratosGamemode_C'
[2016.02.11-23.07.17:726][213]LogWorld: Bringing World /Game/Levels/UEDPIE_0_Kieran-Test.Kieran-Test up for play (max tick rate 0) at 2016.02.11-23.07.17
[2016.02.11-23.07.17:726][213]LogActor:Warning: GameSession /Game/Levels/UEDPIE_0_Kieran-Test.Kieran-Test:PersistentLevel.GameSession_6 has natively added scene component(s), but none of them were set as the actor's RootComponent - picking one arbitrarily
[2016.02.11-23.07.17:726][213]LogActor:Warning: GameNetworkManager /Game/Levels/UEDPIE_0_Kieran-Test.Kieran-Test:PersistentLevel.GameNetworkManager_10 has natively added scene component(s), but none of them were set as the actor's RootComponent - picking one arbitrarily
[2016.02.11-23.07.17:727][213]LogWorld: Bringing up level for play took: 0.001222
[2016.02.11-23.07.40:620][213]LogScriptCore: Script call stack:
	Function /Game/Blueprints/AnthroCratosGamemode.AnthroCratosGamemode_C:ExecuteUbergraph_AnthroCratosGamemode
	Function /Game/Blueprints/AnthroCratosGamemode.AnthroCratosGamemode_C:SpawnTiles

[2016.02.11-23.07.40:632][213]LogScript:Warning: Runaway loop detected (over 1000000 iterations)
	AnthroCratosGamemode_C /Game/Levels/UEDPIE_0_Kieran-Test.Kieran-Test:PersistentLevel.AnthroCratosGamemode_C_4
	Function /Game/Blueprints/AnthroCratosGamemode.AnthroCratosGamemode_C:SpawnTiles:025D
[2016.02.11-23.07.40:641][213]PIE:Error: Error Infinite Loop detected in  AnthroCratosGamemode , asserted during  Set Yoffset with the following  Call Stack
[2016.02.11-23.07.40:729][213]PIE: Info Play in editor start time for /Game/Levels/UEDPIE_0_Kieran-Test 23.659
[2016.02.11-23.07.40:742][213]LogBlueprintUserMessages: Late PlayInEditor Detection: Level '/Game/Levels/Kieran-Test.Kieran-Test:PersistentLevel' has LevelScriptBlueprint '/Game/Levels/Kieran-Test.Kieran-Test:PersistentLevel.Kieran-Test' with GeneratedClass '/Game/Levels/Kieran-Test.Kieran-Test_C' with ClassGeneratedBy '/Game/Levels/Kieran-Test.Kieran-Test:PersistentLevel.Kieran-Test'
[2016.02.11-23.07.40:858][213]LogBlueprintUserMessages: Early EndPlayMap Detection: Level '/Game/Levels/Kieran-Test.Kieran-Test:PersistentLevel' has LevelScriptBlueprint '/Game/Levels/Kieran-Test.Kieran-Test:PersistentLevel.Kieran-Test' with GeneratedClass '/Game/Levels/Kieran-Test.Kieran-Test_C' with ClassGeneratedBy '/Game/Levels/Kieran-Test.Kieran-Test:PersistentLevel.Kieran-Test'
[2016.02.11-23.07.46:067][213]LogBlueprintUserMessages: Late EndPlayMap Detection: Level '/Game/Levels/Kieran-Test.Kieran-Test:PersistentLevel' has LevelScriptBlueprint '/Game/Levels/Kieran-Test.Kieran-Test:PersistentLevel.Kieran-Test' with GeneratedClass '/Game/Levels/Kieran-Test.Kieran-Test_C' with ClassGeneratedBy '/Game/Levels/Kieran-Test.Kieran-Test:PersistentLevel.Kieran-Test'
[2016.02.11-23.07.47:054][213]LogParticles: Destroying 0 GPU particle simulations for FXSystem 0x0000003B0B990900
[2016.02.11-23.07.51:575][314]LogBlueprintUserMessages: Early PlayInEditor Detection: Level '/Game/Levels/Kieran-Test.Kieran-Test:PersistentLevel' has LevelScriptBlueprint '/Game/Levels/Kieran-Test.Kieran-Test:PersistentLevel.Kieran-Test' with GeneratedClass '/Game/Levels/Kieran-Test.Kieran-Test_C' with ClassGeneratedBy '/Game/Levels/Kieran-Test.Kieran-Test:PersistentLevel.Kieran-Test'
[2016.02.11-23.07.51:575][314]LogPlayLevel: PlayLevel: No blueprints needed recompiling
[2016.02.11-23.07.51:576][314]PIE: New page: PIE session: Kieran-Test (11 Feb 2016 23:07:51)
[2016.02.11-23.07.51:576][314]LogPlayLevel: Creating play world package: /Game/Levels/UEDPIE_0_Kieran-Test
[2016.02.11-23.07.51:579][314]LogPlayLevel: PIE: StaticDuplicateObject took: (0.003191s)
[2016.02.11-23.07.51:580][314]LogAIModule: Creating AISystem for world Kieran-Test
[2016.02.11-23.07.51:580][314]LogPlayLevel: PIE: World Init took: (0.001073s)
[2016.02.11-23.07.51:581][314]LogPlayLevel: PIE: Created PIE world by copying editor world from /Game/Levels/Kieran-Test.Kieran-Test to /Game/Levels/UEDPIE_0_Kieran-Test.Kieran-Test (0.004529s)
[2016.02.11-23.07.51:616][314]LogInit: XAudio2 using 'Speakers (VIA HD Audio(Win 10))' : 2 channels at 48 kHz using 32 bits per sample (channel mask 0x3)
[2016.02.11-23.07.51:624][314]LogInit: FAudioDevice initialized.
[2016.02.11-23.07.51:657][314]LogWorld: Game class is 'AnthroCratosGamemode_C'
[2016.02.11-23.07.51:659][314]LogWorld: Bringing World /Game/Levels/UEDPIE_0_Kieran-Test.Kieran-Test up for play (max tick rate 0) at 2016.02.11-23.07.51
[2016.02.11-23.07.51:659][314]LogActor:Warning: GameSession /Game/Levels/UEDPIE_0_Kieran-Test.Kieran-Test:PersistentLevel.GameSession_7 has natively added scene component(s), but none of them were set as the actor's RootComponent - picking one arbitrarily
[2016.02.11-23.07.51:659][314]LogActor:Warning: GameNetworkManager /Game/Levels/UEDPIE_0_Kieran-Test.Kieran-Test:PersistentLevel.GameNetworkManager_11 has natively added scene component(s), but none of them were set as the actor's RootComponent - picking one arbitrarily
[2016.02.11-23.07.51:660][314]LogWorld: Bringing up level for play took: 0.001422
[2016.02.11-23.08.12:460][314]LogScriptCore: Script call stack:
	Function /Game/Blueprints/AnthroCratosGamemode.AnthroCratosGamemode_C:ExecuteUbergraph_AnthroCratosGamemode
	Function /Game/Blueprints/AnthroCratosGamemode.AnthroCratosGamemode_C:SpawnTiles

[2016.02.11-23.08.12:460][314]LogScript:Warning: Runaway loop detected (over 1000000 iterations)
	AnthroCratosGamemode_C /Game/Levels/UEDPIE_0_Kieran-Test.Kieran-Test:PersistentLevel.AnthroCratosGamemode_C_5
	Function /Game/Blueprints/AnthroCratosGamemode.AnthroCratosGamemode_C:SpawnTiles:025D
[2016.02.11-23.08.12:460][314]PIE:Error: Error Infinite Loop detected in  AnthroCratosGamemode , asserted during  Set Yoffset with the following  Call Stack
[2016.02.11-23.08.12:562][314]PIE: Info Play in editor start time for /Game/Levels/UEDPIE_0_Kieran-Test 21.491
[2016.02.11-23.08.12:575][314]LogBlueprintUserMessages: Late PlayInEditor Detection: Level '/Game/Levels/Kieran-Test.Kieran-Test:PersistentLevel' has LevelScriptBlueprint '/Game/Levels/Kieran-Test.Kieran-Test:PersistentLevel.Kieran-Test' with GeneratedClass '/Game/Levels/Kieran-Test.Kieran-Test_C' with ClassGeneratedBy '/Game/Levels/Kieran-Test.Kieran-Test:PersistentLevel.Kieran-Test'
[2016.02.11-23.08.12:680][314]LogBlueprintUserMessages: Early EndPlayMap Detection: Level '/Game/Levels/Kieran-Test.Kieran-Test:PersistentLevel' has LevelScriptBlueprint '/Game/Levels/Kieran-Test.Kieran-Test:PersistentLevel.Kieran-Test' with GeneratedClass '/Game/Levels/Kieran-Test.Kieran-Test_C' with ClassGeneratedBy '/Game/Levels/Kieran-Test.Kieran-Test:PersistentLevel.Kieran-Test'
[2016.02.11-23.08.14:863][314]LogBlueprintUserMessages: Late EndPlayMap Detection: Level '/Game/Levels/Kieran-Test.Kieran-Test:PersistentLevel' has LevelScriptBlueprint '/Game/Levels/Kieran-Test.Kieran-Test:PersistentLevel.Kieran-Test' with GeneratedClass '/Game/Levels/Kieran-Test.Kieran-Test_C' with ClassGeneratedBy '/Game/Levels/Kieran-Test.Kieran-Test:PersistentLevel.Kieran-Test'
[2016.02.11-23.08.15:912][314]LogParticles: Destroying 0 GPU particle simulations for FXSystem 0x0000003B0B95C720
[2016.02.11-23.08.34:642][476]LogBlueprintUserMessages: Early PlayInEditor Detection: Level '/Game/Levels/Kieran-Test.Kieran-Test:PersistentLevel' has LevelScriptBlueprint '/Game/Levels/Kieran-Test.Kieran-Test:PersistentLevel.Kieran-Test' with GeneratedClass '/Game/Levels/Kieran-Test.Kieran-Test_C' with ClassGeneratedBy '/Game/Levels/Kieran-Test.Kieran-Test:PersistentLevel.Kieran-Test'
[2016.02.11-23.08.34:642][476]LogPlayLevel: PlayLevel: No blueprints needed recompiling
[2016.02.11-23.08.34:642][476]PIE: New page: PIE session: Kieran-Test (11 Feb 2016 23:08:34)
[2016.02.11-23.08.34:642][476]LogPlayLevel: Creating play world package: /Game/Levels/UEDPIE_0_Kieran-Test
[2016.02.11-23.08.34:646][476]LogPlayLevel: PIE: StaticDuplicateObject took: (0.003832s)
[2016.02.11-23.08.34:648][476]LogAIModule: Creating AISystem for world Kieran-Test
[2016.02.11-23.08.34:648][476]LogPlayLevel: PIE: World Init took: (0.001706s)
[2016.02.11-23.08.34:648][476]LogPlayLevel: PIE: Created PIE world by copying editor world from /Game/Levels/Kieran-Test.Kieran-Test to /Game/Levels/UEDPIE_0_Kieran-Test.Kieran-Test (0.005993s)
[2016.02.11-23.08.34:683][476]LogInit: XAudio2 using 'Speakers (VIA HD Audio(Win 10))' : 2 channels at 48 kHz using 32 bits per sample (channel mask 0x3)
[2016.02.11-23.08.34:733][476]LogInit: FAudioDevice initialized.
[2016.02.11-23.08.34:802][476]LogWorld: Game class is 'AnthroCratosGamemode_C'
[2016.02.11-23.08.34:809][476]LogWorld: Bringing World /Game/Levels/UEDPIE_0_Kieran-Test.Kieran-Test up for play (max tick rate 0) at 2016.02.11-23.08.34
[2016.02.11-23.08.34:809][476]LogActor:Warning: GameSession /Game/Levels/UEDPIE_0_Kieran-Test.Kieran-Test:PersistentLevel.GameSession_8 has natively added scene component(s), but none of them were set as the actor's RootComponent - picking one arbitrarily
[2016.02.11-23.08.34:810][476]LogActor:Warning: GameNetworkManager /Game/Levels/UEDPIE_0_Kieran-Test.Kieran-Test:PersistentLevel.GameNetworkManager_12 has natively added scene component(s), but none of them were set as the actor's RootComponent - picking one arbitrarily
[2016.02.11-23.08.34:810][476]LogWorld: Bringing up level for play took: 0.004738
[2016.02.11-23.08.55:874][476]LogScriptCore: Script call stack:
	Function /Game/Blueprints/AnthroCratosGamemode.AnthroCratosGamemode_C:ExecuteUbergraph_AnthroCratosGamemode
	Function /Game/Blueprints/AnthroCratosGamemode.AnthroCratosGamemode_C:SpawnTiles

[2016.02.11-23.08.55:874][476]LogScript:Warning: Runaway loop detected (over 1000000 iterations)
	AnthroCratosGamemode_C /Game/Levels/UEDPIE_0_Kieran-Test.Kieran-Test:PersistentLevel.AnthroCratosGamemode_C_6
	Function /Game/Blueprints/AnthroCratosGamemode.AnthroCratosGamemode_C:SpawnTiles:025D
[2016.02.11-23.08.55:874][476]PIE:Error: Error Infinite Loop detected in  AnthroCratosGamemode , asserted during  Set Yoffset with the following  Call Stack
[2016.02.11-23.08.55:971][476]PIE: Info Play in editor start time for /Game/Levels/UEDPIE_0_Kieran-Test 20.901
[2016.02.11-23.08.55:984][476]LogBlueprintUserMessages: Late PlayInEditor Detection: Level '/Game/Levels/Kieran-Test.Kieran-Test:PersistentLevel' has LevelScriptBlueprint '/Game/Levels/Kieran-Test.Kieran-Test:PersistentLevel.Kieran-Test' with GeneratedClass '/Game/Levels/Kieran-Test.Kieran-Test_C' with ClassGeneratedBy '/Game/Levels/Kieran-Test.Kieran-Test:PersistentLevel.Kieran-Test'
[2016.02.11-23.08.56:085][476]LogBlueprintUserMessages: Early EndPlayMap Detection: Level '/Game/Levels/Kieran-Test.Kieran-Test:PersistentLevel' has LevelScriptBlueprint '/Game/Levels/Kieran-Test.Kieran-Test:PersistentLevel.Kieran-Test' with GeneratedClass '/Game/Levels/Kieran-Test.Kieran-Test_C' with ClassGeneratedBy '/Game/Levels/Kieran-Test.Kieran-Test:PersistentLevel.Kieran-Test'
[2016.02.11-23.08.58:228][476]LogBlueprintUserMessages: Late EndPlayMap Detection: Level '/Game/Levels/Kieran-Test.Kieran-Test:PersistentLevel' has LevelScriptBlueprint '/Game/Levels/Kieran-Test.Kieran-Test:PersistentLevel.Kieran-Test' with GeneratedClass '/Game/Levels/Kieran-Test.Kieran-Test_C' with ClassGeneratedBy '/Game/Levels/Kieran-Test.Kieran-Test:PersistentLevel.Kieran-Test'
[2016.02.11-23.08.59:266][476]LogParticles: Destroying 0 GPU particle simulations for FXSystem 0x0000003B0A9553A0
[2016.02.11-23.09.34:273][308]LogSavePackage: Save=324.328552ms
[2016.02.11-23.09.34:273][308]LogSavePackage: Moving '../../../../../../Users/user/Game Development/Anthrocratos/Anthrocratos_UE4/Saved/Kieran-Test4342759A4B34B899B06F0682E0FFBDF5.tmp' to '../../../../../../Users/user/Game Development/Anthrocratos/Anthrocratos_UE4/Content/Levels/Kieran-Test.umap'
[2016.02.11-23.09.34:362][308]LogSavePackage: Total save time: 730.627559ms
[2016.02.11-23.09.34:362][308]LogSavePackage:Display: Finished SavePackage ../../../../../../Users/user/Game Development/Anthrocratos/Anthrocratos_UE4/Content/Levels/Kieran-Test.umap
[2016.02.11-23.09.39:681][399]LogSavePackage: Save=158.147293ms
[2016.02.11-23.09.39:681][399]LogSavePackage: Moving '../../../../../../Users/user/Game Development/Anthrocratos/Anthrocratos_UE4/Saved/AnthroCratosGamemode63C9C29D463F4E1C8B963096A39E2C60.tmp' to '../../../../../../Users/user/Game Development/Anthrocratos/Anthrocratos_UE4/Content/Blueprints/AnthroCratosGamemode.uasset'
[2016.02.11-23.09.39:711][399]LogSavePackage: Total save time: 201.413509ms
[2016.02.11-23.09.39:711][399]LogSavePackage:Display: Finished SavePackage ../../../../../../Users/user/Game Development/Anthrocratos/Anthrocratos_UE4/Content/Blueprints/AnthroCratosGamemode.uasset
[2016.02.11-23.09.48:258][579]LogActor:Warning: GameNetworkManager /Engine/Transient.World_7:PersistentLevel.GameNetworkManager_13 has natively added scene component(s), but none of them were set as the actor's RootComponent - picking one arbitrarily
[2016.02.11-23.10.21:699][376]LogParticles: Destroying 0 GPU particle simulations for FXSystem 0x0000003B0A89FB00
[2016.02.11-23.10.21:701][376]LogParticles: Destroying 0 GPU particle simulations for FXSystem 0x0000003B0C7942C0
[2016.02.11-23.10.21:9