[2016.02.12-23.54.01:694][  0]Log file open, 02/12/16 23:54:01
[2016.02.12-23.54.01:694][  0]LogInit:Display: Running engine for game: Anthrocratos_UE4
[2016.02.12-23.54.01:694][  0]LogPlatformFile: Not using cached read wrapper
[2016.02.12-23.54.01:694][  0]LogInit:Display: RandInit(1833189156) SRandInit(1833189158).
[2016.02.12-23.54.01:694][  0]LogTaskGraph: Started task graph with 4 named threads and 7 total threads.
[2016.02.12-23.54.01:694][  0]LogStats: Stats thread started at 0.066781
[2016.02.12-23.54.01:694][  0]LogInit: Version: 4.10.2-2818068+++depot+UE4-Releases+4.10
[2016.02.12-23.54.01:694][  0]LogInit: API Version: 2758231
[2016.02.12-23.54.01:694][  0]LogInit: Compiled (64-bit): Jan  6 2016 17:36:42
[2016.02.12-23.54.01:694][  0]LogInit: Compiled with Visual C++: 19.00.23026.00
[2016.02.12-23.54.01:694][  0]LogInit: Build Configuration: Development
[2016.02.12-23.54.01:694][  0]LogInit: Branch Name: ++depot+UE4-Releases+4.10
[2016.02.12-23.54.01:694][  0]LogInit: Command line: 
[2016.02.12-23.54.01:694][  0]LogInit: Base directory: C:/Program Files (x86)/Epic Games/4.10/Engine/Binaries/Win64/
[2016.02.12-23.54.01:694][  0]LogInit: Rocket: 1
[2016.02.12-23.54.01:700][  0]LogInit: Using libcurl 7.41.0
[2016.02.12-23.54.01:700][  0]LogInit:  - built for x86_64-pc-win32
[2016.02.12-23.54.01:700][  0]LogInit:  - supports SSL with WinSSL
[2016.02.12-23.54.01:700][  0]LogInit:  - other features:
[2016.02.12-23.54.01:700][  0]LogInit:      CURL_VERSION_SSL
[2016.02.12-23.54.01:700][  0]LogInit:      CURL_VERSION_IPV6
[2016.02.12-23.54.01:700][  0]LogInit:      CURL_VERSION_ASYNCHDNS
[2016.02.12-23.54.01:700][  0]LogInit:      CURL_VERSION_LARGEFILE
[2016.02.12-23.54.01:700][  0]LogInit:      CURL_VERSION_IDN
[2016.02.12-23.54.01:700][  0]LogInit:  CurlRequestOptions (configurable via config and command line):
[2016.02.12-23.54.01:700][  0]LogInit:  - bVerifyPeer = true  - Libcurl will verify peer certificate
[2016.02.12-23.54.01:700][  0]LogInit:  - bUseHttpProxy = false  - Libcurl will NOT use HTTP proxy
[2016.02.12-23.54.01:700][  0]LogInit:  - bDontReuseConnections = false  - Libcurl will reuse connections
[2016.02.12-23.54.01:700][  0]LogInit:  - CertBundlePath = nullptr  - Libcurl will use whatever was configured at build time.
[2016.02.12-23.54.01:704][  0]LogInit: Presizing for 0 objects not considered by GC, pre-allocating 0 bytes.
[2016.02.12-23.54.01:708][  0]LogInit: Object subsystem initialized
[2016.02.12-23.54.01:709][  0]LogInit: Selected Device Profile: [Windows]
[2016.02.12-23.54.01:709][  0]LogInit: Applying CVar settings loaded from the selected device profile: [Windows]
[2016.02.12-23.54.01:730][  0]LogInit: Computer: DESKTOP-V9NOFHJ
[2016.02.12-23.54.01:730][  0]LogInit: User: kags1
[2016.02.12-23.54.01:730][  0]LogInit: CPU Page size=4096, Cores=4
[2016.02.12-23.54.01:730][  0]LogInit: High frequency timer resolution =3.421875 MHz
[2016.02.12-23.54.01:730][  0]LogMemory: Memory total: Physical=15.9GB (16GB approx)
[2016.02.12-23.54.01:730][  0]LogMemory: Platform Memory Stats for Windows
[2016.02.12-23.54.01:730][  0]LogMemory: Process Physical Memory: 56.09 MB used, 56.09 MB peak
[2016.02.12-23.54.01:730][  0]LogMemory: Process Virtual Memory: 56.84 MB used, 56.84 MB peak
[2016.02.12-23.54.01:730][  0]LogMemory: Physical Memory: 4148.15 MB used, 16311.54 MB total
[2016.02.12-23.54.01:730][  0]LogMemory: Virtual Memory: 383.46 MB used, 134217728.00 MB total
[2016.02.12-23.54.01:757][  0]LogTextLocalizationManager: No specific translations for ('en-GB') exist, so ('en') translations will be used.
[2016.02.12-23.54.02:096][  0]LogD3D11RHI: Found D3D11 adapter 0: NVIDIA GeForce GTX 970 (Feature Level 11_0)
[2016.02.12-23.54.02:096][  0]LogD3D11RHI: Adapter has 4007MB of dedicated video memory, 0MB of dedicated system memory, and 8155MB of shared system memory, 1 output[s]
[2016.02.12-23.54.02:097][  0]LogD3D11RHI: Found D3D11 adapter 1: Microsoft Basic Render Driver (Feature Level 11_0)
[2016.02.12-23.54.02:097][  0]LogD3D11RHI: Adapter has 0MB of dedicated video memory, 0MB of dedicated system memory, and 8155MB of shared system memory, 0 output[s]
[2016.02.12-23.54.02:097][  0]LogD3D11RHI: Chosen D3D11 Adapter Id = 0
[2016.02.12-23.54.02:101][  0]LogD3D11RHI: !Direct3DDevice
[2016.02.12-23.54.02:101][  0]LogRHI: Texture pool is 1361 MB (70% of 1945 MB)
[2016.02.12-23.54.02:115][  0]LogD3D11RHI: Async texture creation enabled
[2016.02.12-23.54.02:506][  0]LogShaderCompilers: Guid format shader working directory is -16 characters bigger than the processId version (D:/Games Development/IP3 project/Anthrocratos/Anthrocratos_UE4/Intermediate/Shaders/WorkingDirectory/6620/).
[2016.02.12-23.54.02:506][  0]LogShaderCompilers: Cleaned the shader compiler working directory 'C:/Users/kags1/AppData/Local/Temp/UnrealShaderWorkingDir/FD9E625D41972469B379FABCFB8DB5DE/'.
[2016.02.12-23.54.02:506][  0]LogShaderCompilers:Display: Using Local Shader Compiler.
[2016.02.12-23.54.03:085][  0]LogTemp:Display: Loaded TP AllDesktopTargetPlatform
[2016.02.12-23.54.03:088][  0]LogTemp:Display: Loaded TP WindowsClientTargetPlatform
[2016.02.12-23.54.03:091][  0]LogTemp:Display: Loaded TP WindowsNoEditorTargetPlatform
[2016.02.12-23.54.03:094][  0]LogTemp:Display: Loaded TP WindowsServerTargetPlatform
[2016.02.12-23.54.03:097][  0]LogTemp:Display: Loaded TP WindowsTargetPlatform
[2016.02.12-23.54.03:099][  0]LogTemp:Display: Loaded TP AndroidTargetPlatform
[2016.02.12-23.54.03:100][  0]LogTemp:Display: Loaded TP Android_ASTCTargetPlatform
[2016.02.12-23.54.03:103][  0]LogTemp:Display: Loaded TP Android_ATCTargetPlatform
[2016.02.12-23.54.03:105][  0]LogTemp:Display: Loaded TP Android_DXTTargetPlatform
[2016.02.12-23.54.03:107][  0]LogTemp:Display: Loaded TP Android_ETC1TargetPlatform
[2016.02.12-23.54.03:109][  0]LogTemp:Display: Loaded TP Android_ETC2TargetPlatform
[2016.02.12-23.54.03:113][  0]LogTemp:Display: Loaded TP Android_MultiTargetPlatform
[2016.02.12-23.54.03:113][  0]LogTemp:Display: Loaded TP Android_PVRTCTargetPlatform
[2016.02.12-23.54.03:114][  0]LogTemp:Display: Loaded TP HTML5TargetPlatform
[2016.02.12-23.54.03:129][  0]LogTemp:Display: Loaded TP IOSTargetPlatform
[2016.02.12-23.54.03:131][  0]LogTemp:Display: Loaded TP LinuxNoEditorTargetPlatform
[2016.02.12-23.54.03:133][  0]LogTemp:Display: Loaded TP LinuxServerTargetPlatform
[2016.02.12-23.54.03:135][  0]LogTemp:Display: Loaded TP LinuxTargetPlatform
[2016.02.12-23.54.03:135][  0]LogTargetPlatformManager:Display: Building Assets For Windows
[2016.02.12-23.54.03:179][  0]LogDerivedDataCache:Display: Max Cache Size: 512 MB
[2016.02.12-23.54.03:212][  0]LogDerivedDataCache: Loaded boot cache 0.03s 41MB C:/Users/kags1/AppData/Local/UnrealEngine/4.10/DerivedDataCache/Boot.ddc.
[2016.02.12-23.54.03:212][  0]LogDerivedDataCache:Display: Loaded Boot cache: C:/Users/kags1/AppData/Local/UnrealEngine/4.10/DerivedDataCache/Boot.ddc
[2016.02.12-23.54.03:212][  0]LogDerivedDataCache: FDerivedDataBackendGraph:  Pak pak cache file D:/Games Development/IP3 project/Anthrocratos/Anthrocratos_UE4/DerivedDataCache/DDC.ddp not found, will not use a pak cache.
[2016.02.12-23.54.03:212][  0]LogDerivedDataCache: Unable to find inner node Pak for hierarchical cache Hierarchy.
[2016.02.12-23.54.03:213][  0]LogDerivedDataCache: FDerivedDataBackendGraph:  CompressedPak pak cache file D:/Games Development/IP3 project/Anthrocratos/Anthrocratos_UE4/DerivedDataCache/Compressed.ddp not found, will not use a pak cache.
[2016.02.12-23.54.03:213][  0]LogDerivedDataCache: Unable to find inner node CompressedPak for hierarchical cache Hierarchy.
[2016.02.12-23.54.03:258][  0]LogDerivedDataCache:Display: Pak cache opened for reading ../../../Engine/DerivedDataCache/Compressed.ddp.
[2016.02.12-23.54.03:270][  0]LogDerivedDataCache: Using Local data cache path C:/Users/kags1/AppData/Local/UnrealEngine/Common/DerivedDataCache: Writable
[2016.02.12-23.54.03:395][  0]LogInit: Selected Device Profile: [Windows]
[2016.02.12-23.54.03:397][  0]LogContentStreaming: Texture pool size is 0.000000MB
[2016.02.12-23.54.03:475][  0]LogMeshUtilities: No automatic mesh reduction module available
[2016.02.12-23.54.03:475][  0]LogMeshUtilities: No automatic mesh merging module available
[2016.02.12-23.54.03:627][  0]LogInit: WinSock: version 1.1 (2.2), MaxSocks=32767, MaxUdp=65467
[2016.02.12-23.54.04:150][  0]UdpMessaging: Initializing bridge on interface 0.0.0.0:0 to multicast group 230.0.0.1:6666.
[2016.02.12-23.54.04:257][  0]LogAssetRegistry: FAssetRegistry took 0.0107 seconds to start up
[2016.02.12-23.54.04:362][  0]SourceControl: Info Source control is disabled
[2016.02.12-23.54.04:363][  0]SourceControl: Info Source control is disabled
[2016.02.12-23.54.04:368][  0]SourceControl: Info Source control is disabled
[2016.02.12-23.54.04:374][  0]SourceControl: Info Source control is disabled
[2016.02.12-23.54.04:517][  0]LogObj: 28637 objects as part of root set at end of initial load.
[2016.02.12-23.54.04:517][  0]LogUObjectAllocator: 6101776 out of 0 bytes used by permanent object pool.
[2016.02.12-23.54.04:560][  0]LogEngine: Initializing Engine...
[2016.02.12-23.54.04:562][  0]LogHMD: Can't find Oculus library dev build: is proper Runtime installed? Version: 0.8.0.0
[2016.02.12-23.54.04:562][  0]LogHMD: SteamVR failed to initialize.  Err: 110
[2016.02.12-23.54.04:656][  0]LogAIModule: Creating AISystem for world NewWorld
[2016.02.12-23.54.04:661][  0]LogInit: XAudio2 using 'Speakers (Realtek High Definition Audio)' : 2 channels at 48 kHz using 32 bits per sample (channel mask 0x3)
[2016.02.12-23.54.04:670][  0]LogInit: FAudioDevice initialized.
[2016.02.12-23.54.04:685][  0]LogDerivedDataCache: Saved boot cache 0.01s 41MB C:/Users/kags1/AppData/Local/UnrealEngine/4.10/DerivedDataCache/Boot.ddc.
[2016.02.12-23.54.04:688][  0]LogInit: Texture streaming: Enabled
[2016.02.12-23.54.04:691][  0]LogAnalytics: Creating configured Analytics provider AnalyticsET
[2016.02.12-23.54.04:691][  0]LogAnalytics: [UEEditor.Rocket.Release] APIServer = http://et2.epicgames.com/ET2/. AppVersion = 4.10.2-2818068+++depot+UE4-Releases+4.10
[2016.02.12-23.54.04:691][  0]LogAnalytics: [UEEditor.Rocket.Release] SetUserId 53a42f9a47758014628f45b58968528c|ab08d7ce0f414bdba0971ea2fb4514a5|aa93573c-bf9c-4133-82d2-67a621a96ae2
[2016.02.12-23.54.04:691][  0]LogAnalytics: [UEEditor.Rocket.Release] AnalyticsET::StartSession
[2016.02.12-23.54.04:699][  0]LogInit: Transaction tracking system initialized
[2016.02.12-23.54.04:713][  0]BlueprintLog: New page: Editor Load
[2016.02.12-23.54.04:756][  0]LocalizationService: Info Localization service is disabled
[2016.02.12-23.54.04:808][  0]LogConsoleResponse:Display: 
[2016.02.12-23.54.04:894][  0]LogCook:Display: Done creating registry. It took  0.00s.
[2016.02.12-23.54.04:925][  0]LogFileCache: Scanning file cache for directory 'D:/Games Development/IP3 project/Anthrocratos/Anthrocratos_UE4/Content/' took 0.03s
[2016.02.12-23.54.04:925][  0]SourceControl: Info Source control is disabled
[2016.02.12-23.54.04:925][  0]Cmd: MAP LOAD FILE="D:/Games Development/IP3 project/Anthrocratos/Anthrocratos_UE4/Content/Levels/Kieran-Test.umap" TEMPLATE=0 SHOWPROGRESS=1 FEATURELEVEL=3
[2016.02.12-23.54.04:925][  0]LightingResults: New page: Lighting Build
[2016.02.12-23.54.04:927][  0]MapCheck: New page: Map Check
[2016.02.12-23.54.04:927][  0]LightingResults: New page: Lighting Build
[2016.02.12-23.54.04:936][  0]LogParticles: Destroying 0 GPU particle simulations for FXSystem 0x0000024936EE7B00
[2016.02.12-23.54.05:516][  0]LogStaticMesh: Building static mesh TestTile...
[2016.02.12-23.54.05:528][  0]LogStaticMesh: Built static mesh [0.012355.2s] /Game/Art/Models/TestTile.TestTile
[2016.02.12-23.54.05:550][  0]LogAIModule: Creating AISystem for world Kieran-Test
[2016.02.12-23.54.05:553][  0]LogEditorServer: Finished looking for orphan Actors (0.000 secs)
[2016.02.12-23.54.05:553][  0]Cmd: MAP CHECKDEP NOCLEARLOG
[2016.02.12-23.54.05:581][  0]MapCheck: Info Map check complete: 0 Error(s), 0 Warning(s), took 27.263ms to complete.
[2016.02.12-23.54.05:581][  0]LogFileHelpers: Loading map 'Kieran-Test' took 0.656
[2016.02.12-23.54.05:713][  0]LogCollectionManager: Loaded 0 collections in 0.000985 seconds
[2016.02.12-23.54.05:797][  0]LogFileCache: Scanning file cache for directory 'D:/Games Development/IP3 project/Anthrocratos/Anthrocratos_UE4/Saved/Collections/' took 0.01s
[2016.02.12-23.54.05:797][  0]LogFileCache: Scanning file cache for directory 'D:/Games Development/IP3 project/Anthrocratos/Anthrocratos_UE4/Content/Developers/kags1/Collections/' took 0.01s
[2016.02.12-23.54.05:797][  0]LogFileCache: Scanning file cache for directory 'D:/Games Development/IP3 project/Anthrocratos/Anthrocratos_UE4/Content/Collections/' took 0.01s
[2016.02.12-23.54.05:797][  0]LogCollectionManager: Rebuilt the GUID cache for 0 collections in 0.000001 seconds
[2016.02.12-23.54.05:806][  0]LogContentBrowser: Native class hierarchy populated in 0.0079 seconds. Added 1894 classes and 340 folders.
[2016.02.12-23.54.05:815][  0]LogContentBrowser: Native class hierarchy updated for 'WidgetCarousel' in 0.0008 seconds. Added 0 classes and 0 folders.
[2016.02.12-23.54.06:061][  0]LogContentBrowser: Native class hierarchy updated for 'AddContentDialog' in 0.0007 seconds. Added 0 classes and 0 folders.
[2016.02.12-23.54.06:071][  0]LogContentBrowser: Native class hierarchy updated for 'SceneOutliner' in 0.0011 seconds. Added 1 classes and 2 folders.
[2016.02.12-23.54.06:135][  0]LogCrashTracker: Crashtracker disabled due to settings.
[2016.02.12-23.54.06:148][  0]LogUObjectGlobals:Warning: Failed to find object 'Class None.'
[2016.02.12-23.54.06:173][  0]LogLoad: Full Startup: 5.17 seconds (BP compile: 0.03 seconds)
[2016.02.12-23.54.06:186][  0]LogOcInput: Can't find Oculus library dev build: is proper Runtime installed? Version: 0.8.0.0
[2016.02.12-23.54.06:293][  0]LogContentStreaming: Texture pool size now 1000 MB
[2016.02.12-23.54.06:408][  0]LogRenderer: Reallocating scene render targets to support 1616x572 (Frame:2).
[2016.02.12-23.54.06:486][  1]LogFileCache: Retrieving MD5 hashes for directory 'D:/Games Development/IP3 project/Anthrocratos/Anthrocratos_UE4/Content/' took 0.29s
[2016.02.12-23.54.09:813][394]LogAssetRegistry: Asset discovery search completed in 5.5672 seconds
[2016.02.12-23.54.09:814][394]LogCollectionManager: Rebuilt the object cache for 0 collections in 0.000000 seconds (found 0 objects)
[2016.02.12-23.54.09:814][394]LogCollectionManager: Fixed up redirectors for 0 collections in 0.000016 seconds (updated 0 objects)
[2016.02.12-23.54.09:828][395]AssetReimport: New page: Outstanding source content changes 23:54:09
[2016.02.12-23.54.12:834][737]AssetReimport:Warning: Warning Can't create a new asset at /Game/Art/Models/test_tree - one already exists.
[2016.02.12-23.54.18:381][402]LogVSAccessor:Warning: Couldn't access Visual Studio
[2016.02.12-23.54.18:384][402]Recompiling Anthrocratos_UE4...
[2016.02.12-23.54.18:384][402]Launching UnrealBuildTool... [C:/Program Files (x86)/Epic Games/4.10/Engine/Binaries/DotNET/UnrealBuildTool.exe Anthrocratos_UE4 -ModuleWithSuffix Anthrocratos_UE4 5771 Win64 Development -editorrecompile -canskiplink "D:/Games Development/IP3 project/Anthrocratos/Anthrocratos_UE4/Anthrocratos_UE4.uproject" -rocket  -rocket -2015]
[2016.02.12-23.54.18:385][402]Warning: Starting HotReload took  0.0s.
[2016.02.12-23.54.47:026][813]LogLinker:Warning: Asset '../../../Engine/Content/ArtTools/RenderToTexture/Macros/RenderToTextureMacros.uasset' has been saved with empty engine version. The asset will be loaded but may be incompatible.
[2016.02.12-23.54.47:345][813]LogContentBrowser: Native class hierarchy updated for 'BlueprintGraph' in 0.0010 seconds. Added 107 classes and 0 folders.
[2016.02.12-23.54.47:625][813]LogActor:Warning: GameNetworkManager /Engine/Transient.World_2:PersistentLevel.GameNetworkManager_0 has natively added scene component(s), but none of them were set as the actor's RootComponent - picking one arbitrarily
[2016.02.12-23.55.12:393][758]CompilerResultsLog: New page: Compilation - 12 Feb 2016 23:55:12
[2016.02.12-23.55.12:393][758]CompilerResultsLog: Info Performing full C++ include scan (hot reloading a new target)
[2016.02.12-23.55.12:393][758]CompilerResultsLog: Info Creating makefile for hot reloading Anthrocratos_UE4 (UnrealBuildTool.exe is newer)
[2016.02.12-23.55.12:393][758]CompilerResultsLog: Info Compiling game modules for hot reload
[2016.02.12-23.55.12:393][758]CompilerResultsLog: Info Parsing headers for Anthrocratos_UE4Editor
[2016.02.12-23.55.12:393][758]CompilerResultsLog: Info   Running UnrealHeaderTool "D:/Games Development/IP3 project/Anthrocratos/Anthrocratos_UE4/Anthrocratos_UE4.uproject" "D:\Games Development\IP3 project\Anthrocratos\Anthrocratos_UE4\Intermediate\Build\Win64\Anthrocratos_UE4Editor\Development\UnrealHeaderTool.manifest" -LogCmds="loginit warning, logexit warning, logdatabase error" -rocket -installed
[2016.02.12-23.55.12:393][758]CompilerResultsLog: Info Reflection code generated for Anthrocratos_UE4Editor in 5.7964086 seconds
[2016.02.12-23.55.12:393][758]CompilerResultsLog: Info Performing 7 actions (4 in parallel)
[2016.02.12-23.55.12:393][758]CompilerResultsLog: Info [3/7] Resource ModuleVersionResource.rc.inl
[2016.02.12-23.55.12:393][758]CompilerResultsLog: Info [2/7] Resource PCLaunch.rc
[2016.02.12-23.55.12:393][758]CompilerResultsLog: Info PCH.Anthrocratos_UE4.h.cpp
[2016.02.12-23.55.12:393][758]CompilerResultsLog: Info Anthrocratos_UE4GameMode.cpp
[2016.02.12-23.55.12:393][758]CompilerResultsLog: Info Anthrocratos_UE4.cpp
[2016.02.12-23.55.12:393][758]CompilerResultsLog: Info Anthrocratos_UE4.generated.cpp
[2016.02.12-23.55.12:393][758]CompilerResultsLog: Info [7/7] Link UE4Editor-Anthrocratos_UE4-5771.dll
[2016.02.12-23.55.12:393][758]CompilerResultsLog: Info    Creating library D:\Games Development\IP3 project\Anthrocratos\Anthrocratos_UE4\Intermediate/Build/Win64\UE4Editor\Development\UE4Editor-Anthrocratos_UE4-5771.lib and object D:\Games Development\IP3 project\Anthrocratos\Anthrocratos_UE4\Intermediate/Build/Win64\UE4Editor\Development\UE4Editor-Anthrocratos_UE4-5771.exp
[2016.02.12-23.55.12:393][758]CompilerResultsLog: Info -------- End Detailed Actions Stats -----------------------------------------------------------
[2016.02.12-23.55.12:393][758]CompilerResultsLog: Info Total build time: 53.97 seconds
[2016.02.12-23.55.12:393][758]LogMainFrame: MainFrame: Module compiling took 54.013 seconds
[2016.02.12-23.55.12:415][758]LogParticles: Destroying 0 GPU particle simulations for FXSystem 0x00000249288CF560
[2016.02.12-23.55.12:435][758]LogContentBrowser: Native class hierarchy updated for 'Anthrocratos_UE4' in 0.0007 seconds. Added 1 classes and 2 folders.
[2016.02.12-23.55.12:437][758]Warning: HotReload successful (0 functions remapped  0 scriptstructs remapped)
[2016.02.12-23.55.12:678][758]LogContentBrowser: Native class hierarchy populated in 0.0060 seconds. Added 1895 classes and 342 folders.
[2016.02.12-23.55.27:742][ 14]LogSavePackage: Save=36.058887ms
[2016.02.12-23.55.27:742][ 14]LogSavePackage: Moving 'D:/Games Development/IP3 project/Anthrocratos/Anthrocratos_UE4/Saved/UEDPCKieran-Test5AD3A67E4A8F8F6B1E4A8EAABB4E16C9.tmp' to 'D:/Games Development/IP3 project/Anthrocratos/Anthrocratos_UE4/Saved/Autosaves/Game/Levels/UEDPCKieran-Test.umap'
[2016.02.12-23.55.27:743][ 14]LogSavePackage: Total save time: 50.156418ms
[2016.02.12-23.55.27:743][ 14]LogSavePackage:Display: Finished SavePackage D:/Games Development/IP3 project/Anthrocratos/Anthrocratos_UE4/Saved/Autosaves/Game/Levels/UEDPCKieran-Test.umap
[2016.02.12-23.57.34:776][904]LogActor:Warning: GameNetworkManager /Engine/Transient.World_3:PersistentLevel.GameNetworkManager_1 has natively added scene component(s), but none of them were set as the actor's RootComponent - picking one arbitrarily
[2016.02.12-23.57.49:027][606]BlueprintLog: New page: Compile AnthroCratosGamemode
[2016.02.12-23.57.49:110][606]BlueprintEditorCompileResults: Info [0228.10] Compile of AnthroCratosGamemode successful! [in 82 ms]
[2016.02.12-23.57.53:607][136]LogBlueprintUserMessages: Early PlayInEditor Detection: Level '/Game/Levels/Kieran-Test.Kieran-Test:PersistentLevel' has LevelScriptBlueprint '/Game/Levels/Kieran-Test.Kieran-Test:PersistentLevel.Kieran-Test' with GeneratedClass '/Game/Levels/Kieran-Test.Kieran-Test_C' with ClassGeneratedBy '/Game/Levels/Kieran-Test.Kieran-Test:PersistentLevel.Kieran-Test'
[2016.02.12-23.57.53:607][136]LogPlayLevel: PlayLevel: No blueprints needed recompiling
[2016.02.12-23.57.53:607][136]PIE: New page: PIE session: Kieran-Test (12 Feb 2016 23:57:53)
[2016.02.12-23.57.53:607][136]LogPlayLevel: Creating play world package: /Game/Levels/UEDPIE_0_Kieran-Test
[2016.02.12-23.57.53:610][136]LogPlayLevel: PIE: StaticDuplicateObject took: (0.002047s)
[2016.02.12-23.57.53:611][136]LogAIModule: Creating AISystem for world Kieran-Test
[2016.02.12-23.57.53:611][136]LogPlayLevel: PIE: World Init took: (0.001517s)
[2016.02.12-23.57.53:611][136]LogPlayLevel: PIE: Created PIE world by copying editor world from /Game/Levels/Kieran-Test.Kieran-Test to /Game/Levels/UEDPIE_0_Kieran-Test.Kieran-Test (0.003806s)
[2016.02.12-23.57.53:635][136]LogInit: XAudio2 using 'Speakers (Realtek High Definition Audio)' : 2 channels at 48 kHz using 32 bits per sample (channel mask 0x3)
[2016.02.12-23.57.53:643][136]LogInit: FAudioDevice initialized.
[2016.02.12-23.57.53:689][136]LogWorld: Game class is 'AnthroCratosGamemode_C'
[2016.02.12-23.57.53:693][136]LogWorld: Bringing World /Game/Levels/UEDPIE_0_Kieran-Test.Kieran-Test up for play (max tick rate 0) at 2016.02.12-23.57.53
[2016.02.12-23.57.53:693][136]LogActor:Warning: GameSession /Game/Levels/UEDPIE_0_Kieran-Test.Kieran-Test:PersistentLevel.GameSession_0 has natively added scene component(s), but none of them were set as the actor's RootComponent - picking one arbitrarily
[2016.02.12-23.57.53:693][136]LogActor:Warning: GameNetworkManager /Game/Levels/UEDPIE_0_Kieran-Test.Kieran-Test:PersistentLevel.GameNetworkManager_2 has natively added scene component(s), but none of them were set as the actor's RootComponent - picking one arbitrarily
[2016.02.12-23.57.53:693][136]LogWorld: Bringing up level for play took: 0.001612
[2016.02.12-23.57.53:751][136]LogBlueprintUserMessages: [AnthroCratosGamemode_C_4] TilesGenerated
[2016.02.12-23.57.53:752][136]PIE: Info Play in editor start time for /Game/Levels/UEDPIE_0_Kieran-Test -0.402
[2016.02.12-23.57.53:752][136]LogBlueprintUserMessages: Late PlayInEditor Detection: Level '/Game/Levels/Kieran-Test.Kieran-Test:PersistentLevel' has LevelScriptBlueprint '/Game/Levels/Kieran-Test.Kieran-Test:PersistentLevel.Kieran-Test' with GeneratedClass '/Game/Levels/Kieran-Test.Kieran-Test_C' with ClassGeneratedBy '/Game/Levels/Kieran-Test.Kieran-Test:PersistentLevel.Kieran-Test'
[2016.02.12-23.58.32:939][210]LogBlueprintUserMessages: Early EndPlayMap Detection: Level '/Game/Levels/Kieran-Test.Kieran-Test:PersistentLevel' has LevelScriptBlueprint '/Game/Levels/Kieran-Test.Kieran-Test:PersistentLevel.Kieran-Test' with GeneratedClass '/Game/Levels/Kieran-Test.Kieran-Test_C' with ClassGeneratedBy '/Game/Levels/Kieran-Test.Kieran-Test:PersistentLevel.Kieran-Test'
[2016.02.12-23.58.32:993][210]LogBlueprintUserMessages: Late EndPlayMap Detection: Level '/Game/Levels/Kieran-Test.Kieran-Test:PersistentLevel' has LevelScriptBlueprint '/Game/Levels/Kieran-Test.Kieran-Test:PersistentLevel.Kieran-Test' with GeneratedClass '/Game/Levels/Kieran-Test.Kieran-Test_C' with ClassGeneratedBy '/Game/Levels/Kieran-Test.Kieran-Test:PersistentLevel.Kieran-Test'
[2016.02.12-23.58.33:017][210]LogParticles: Destroying 0 GPU particle simulations for FXSystem 0x0000024935E3EAC0
[2016.02.12-23.58.36:919][666]Cmd: OBJ SAVEPACKAGE PACKAGE="/Game/Blueprints/AnthroCratosGamemode" FILE="D:/Games Development/IP3 project/Anthrocratos/Anthrocratos_UE4/Content/Blueprints/AnthroCratosGamemode.uasset" SILENT=true
[2016.02.12-23.58.37:009][666]LogSavePackage: Save=83.277443ms
[2016.02.12-23.58.37:009][666]LogSavePackage: Moving 'D:/Games Development/IP3 project/Anthrocratos/Anthrocratos_UE4/Saved/AnthroCratosGamemode60DAA60242081AB2EE6F8E82919438DC.tmp' to 'D:/Games Development/IP3 project/Anthrocratos/Anthrocratos_UE4/Content/Blueprints/AnthroCratosGamemode.uasset'
[2016.02.12-23.58.37:012][666]LogSavePackage: Total save time: 91.387618ms
[2016.02.12-23.58.37:012][666]LogSavePackage:Display: Finished SavePackage D:/Games Development/IP3 project/Anthrocratos/Anthrocratos_UE4/Content/Blueprints/AnthroCratosGamemode.uasset
[2016.02.12-23.58.40:487][878]Cmd: OBJ SAVEPACKAGE PACKAGE="/Game/Levels/Kieran-Test" FILE="D:/Games Development/IP3 project/Anthrocratos/Anthrocratos_UE4/Content/Levels/Kieran-Test.umap" SILENT=true AUTOSAVING=false KEEPDIRTY=false
[2016.02.12-23.58.40:550][878]LogSavePackage: Save=40.527489ms
[2016.02.12-23.58.40:550][878]LogSavePackage: Moving 'D:/Games Development/IP3 project/Anthrocratos/Anthrocratos_UE4/Saved/Kieran-Test3387819D41E13A8561DCE3B2AA0C15F5.tmp' to 'D:/Games Development/IP3 project/Anthrocratos/Anthrocratos_UE4/Content/Levels/Kieran-Test.umap'
[2016.02.12-23.58.40:551][878]LogSavePackage: Total save time: 44.363689ms
[2016.02.12-23.58.40:551][878]LogSavePackage:Display: Finished SavePackage D:/Games Development/IP3 project/Anthrocratos/Anthrocratos_UE4/Content/Levels/Kieran-Test.umap
[2016.02.12-23.58.40:569][878]LogFileHelpers: Saving map 'Kieran-Test' took 0.120
[2016.02.12-23.58.40:622][878]LogWindowsTextInputMethodSystem:Display: IME system now deactivated.
[2016.02.12-23.58.40:808][879]Cmd: QUIT_EDITOR
[2016.02.12-23.58.41:708][879]LogExit: Preparing to exit.
[2016.02.12-23.58.42:438][879]LogExit: Editor shut down
[2016.02.12-23.58.42:439][879]LogExit: Transaction tracking system shut down
[2016.02.12-23.58.42:444][879]LogParticles: Destroying 0 GPU particle simulations for FXSystem 0x00000249266E9EE0
[2016.02.12-23.58.42:444][879]LogParticles: Destroying 0 GPU particle simulations for FXSystem 0x00000249409A2FC0
[2016.02.12-23.58.42:445][879]LogParticles: Destroying 0 GPU particle simulations for FXSystem 0x00000249407BFC40
[2016.02.12-23.58.42:446][879]LogParticles: Destroying 0 GPU particle simulations for FXSystem 0x0000024962D95440
[2016.02.12-23.58.42:592][879]LogExit: Object subsystem successfully closed.
[2016.02.12-23.58.42:605][879]LogD3D11RHI: Shutdown
[2016.02.12-23.58.42:605][879]LogD3D11RHI: CleanupD3DDevice
[2016.02.12-23.58.42:653][879]LogD3D11RHI: ~FD3D11DynamicRHI
[2016.02.12-23.58.42:666][879]LogModuleManager: Shutting down and abandoning module CookingStats (201)
[2016.02.12-23.58.42:666][879]LogModuleManager: Shutting down and abandoning module BlueprintGraph (200)
[2016.02.12-23.58.42:666][879]LogModuleManager: Shutting down and abandoning module CrashTracker (199)
[2016.02.12-23.58.42:666][879]LogModuleManager: Shutting down and abandoning module SceneOutliner (198)
[2016.02.12-23.58.42:666][879]LogModuleManager: Shutting down and abandoning module SuperSearch (197)
[2016.02.12-23.58.42:666][879]LogModuleManager: Shutting down and abandoning module WidgetCarousel (196)
[2016.02.12-23.58.42:666][879]LogModuleManager: Shutting down and abandoning module AddContentDialog (195)
[2016.02.12-23.58.42:671][879]LogModuleManager: Shutting down and abandoning module EditorWidgets (194)
[2016.02.12-23.58.42:671][879]LogModuleManager: Shutting down and abandoning module CollectionManager (193)
[2016.02.12-23.58.42:672][879]LogModuleManager: Shutting down and abandoning module StatsViewer (192)
[2016.02.12-23.58.42:672][879]LogModuleManager: Shutting down and abandoning module FoliageEdit (191)
[2016.02.12-23.58.42:672][879]LogModuleManager: Shutting down and abandoning module LandscapeEditor (190)
[2016.02.12-23.58.42:672][879]LogModuleManager: Shutting down and abandoning module ActorPickerMode (189)
[2016.02.12-23.58.42:672][879]LogModuleManager: Shutting down and abandoning module GeometryMode (188)
[2016.02.12-23.58.42:672][879]LogModuleManager: Shutting down and abandoning module TextureAlignMode (187)
[2016.02.12-23.58.42:672][879]LogModuleManager: Shutting down and abandoning module BspMode (186)
[2016.02.12-23.58.42:672][879]LogModuleManager: Shutting down and abandoning module PlacementMode (185)
[2016.02.12-23.58.42:672][879]LogModuleManager: Shutting down and abandoning module AutomationWorker (184)
[2016.02.12-23.58.42:672][879]LogModuleManager: Shutting down and abandoning module CharacterAI (183)
[2016.02.12-23.58.42:672][879]LogModuleManager: Shutting down and abandoning module SmartSnapping (182)
[2016.02.12-23.58.42:672][879]LogModuleManager: Shutting down and abandoning module ViewportSnapping (181)
[2016.02.12-23.58.42:672][879]LogModuleManager: Shutting down and abandoning module LogVisualizer (180)
[2016.02.12-23.58.42:672][879]LogModuleManager: Shutting down and abandoning module GameProjectGeneration (179)
[2016.02.12-23.58.42:672][879]LogModuleManager: Shutting down and abandoning module IntroTutorials (178)
[2016.02.12-23.58.42:672][879]LogModuleManager: Shutting down and abandoning module EditorLiveStreaming (177)
[2016.02.12-23.58.42:672][879]LogModuleManager: Shutting down and abandoning module IOSPlatformEditor (176)
[2016.02.12-23.58.42:672][879]LogModuleManager: Shutting down and abandoning module HTML5PlatformEditor (175)
[2016.02.12-23.58.42:672][879]LogModuleManager: Shutting down and abandoning module AndroidDeviceDetection (174)
[2016.02.12-23.58.42:859][879]LogModuleManager: Shutting down and abandoning module AndroidPlatformEditor (173)
[2016.02.12-23.58.42:859][879]LogModuleManager: Shutting down and abandoning module IOSRuntimeSettings (172)
[2016.02.12-23.58.42:859][879]LogModuleManager: Shutting down and abandoning module AndroidRuntimeSettings (171)
[2016.02.12-23.58.42:859][879]LogModuleManager: Shutting down and abandoning module MergeActors (170)
[2016.02.12-23.58.42:859][879]LogModuleManager: Shutting down and abandoning module SizeMap (169)
[2016.02.12-23.58.42:859][879]LogModuleManager: Shutting down and abandoning module TreeMap (168)
[2016.02.12-23.58.42:859][879]LogModuleManager: Shutting down and abandoning module ReferenceViewer (167)
[2016.02.12-23.58.42:859][879]LogModuleManager: Shutting down and abandoning module LocalizationService (166)
[2016.02.12-23.58.42:859][879]LogModuleManager: Shutting down and abandoning module LocalizationDashboard (165)
[2016.02.12-23.58.42:859][879]LogModuleManager: Shutting down and abandoning module HardwareTargeting (164)
[2016.02.12-23.58.42:859][879]LogModuleManager: Shutting down and abandoning module DeviceProfileEditor (163)
[2016.02.12-23.58.42:859][879]LogModuleManager: Shutting down and abandoning module UndoHistory (162)
[2016.02.12-23.58.42:859][879]LogModuleManager: Shutting down and abandoning module GameplayTagsEditor (161)
[2016.02.12-23.58.42:859][879]LogModuleManager: Shutting down and abandoning module UserFeedback (160)
[2016.02.12-23.58.42:859][879]LogModuleManager: Shutting down and abandoning module XmlParser (159)
[2016.02.12-23.58.42:859][879]LogModuleManager: Shutting down and abandoning module Blutility (158)
[2016.02.12-23.58.42:859][879]LogModuleManager: Shutting down and abandoning module ProjectTargetPlatformEditor (157)
[2016.02.12-23.58.42:859][879]LogModuleManager: Shutting down and abandoning module ProjectSettingsViewer (156)
[2016.02.12-23.58.42:860][879]LogModuleManager: Shutting down and abandoning module InputBindingEditor (155)
[2016.02.12-23.58.42:860][879]LogModuleManager: Shutting down and abandoning module EditorSettingsViewer (154)
[2016.02.12-23.58.42:860][879]LogModuleManager: Shutting down and abandoning module SettingsEditor (153)
[2016.02.12-23.58.42:860][879]LogModuleManager: Shutting down and abandoning module ProjectLauncher (152)
[2016.02.12-23.58.42:860][879]LogModuleManager: Shutting down and abandoning module SessionFrontend (151)
[2016.02.12-23.58.42:860][879]LogModuleManager: Shutting down and abandoning module ProfilerClient (150)
[2016.02.12-23.58.42:860][879]LogModuleManager: Shutting down and abandoning module TargetDeviceServices (149)
[2016.02.12-23.58.42:860][879]LogModuleManager: Shutting down and abandoning module DeviceManager (148)
[2016.02.12-23.58.42:861][879]LogModuleManager: Shutting down and abandoning module AutomationController (147)
[2016.02.12-23.58.42:861][879]LogModuleManager: Shutting down and abandoning module AutomationWindow (146)
[2016.02.12-23.58.42:861][879]LogModuleManager: Shutting down and abandoning module Layers (145)
[2016.02.12-23.58.42:861][879]LogModuleManager: Shutting down and abandoning module ComponentVisualizers (144)
[2016.02.12-23.58.42:861][879]LogModuleManager: Shutting down and abandoning module DetailCustomizations (143)
[2016.02.12-23.58.42:861][879]LogModuleManager: Shutting down and abandoning module PackagesDialog (142)
[2016.02.12-23.58.42:861][879]LogModuleManager: Shutting down and abandoning module Persona (141)
[2016.02.12-23.58.42:861][879]LogModuleManager: Shutting down and abandoning module Kismet (140)
[2016.02.12-23.58.42:861][879]LogModuleManager: Shutting down and abandoning module GraphEditor (139)
[2016.02.12-23.58.42:861][879]LogModuleManager: Shutting down and abandoning module ClassViewer (138)
[2016.02.12-23.58.42:861][879]LogModuleManager: Shutting down and abandoning module Toolbox (137)
[2016.02.12-23.58.42:861][879]LogModuleManager: Shutting down and abandoning module ModuleUI (136)
[2016.02.12-23.58.42:861][879]LogModuleManager: Shutting down and abandoning module MovieSceneTools (135)
[2016.02.12-23.58.42:861][879]LogModuleManager: Shutting down and abandoning module OutputLog (134)
[2016.02.12-23.58.42:861][879]LogModuleManager: Shutting down and abandoning module GammaUI (133)
[2016.02.12-23.58.42:861][879]LogModuleManager: Shutting down and abandoning module Documentation (132)
[2016.02.12-23.58.42:861][879]LogModuleManager: Shutting down and abandoning module GameLiveStreaming (131)
[2016.02.12-23.58.42:861][879]LogModuleManager: Shutting down and abandoning module StreamingPauseRendering (130)
[2016.02.12-23.58.42:861][879]LogModuleManager: Shutting down and abandoning module AnalyticsET (129)
[2016.02.12-23.58.42:862][879]LogModuleManager: Shutting down and abandoning module Analytics (128)
[2016.02.12-23.58.42:862][879]LogModuleManager: Shutting down and abandoning module AITestSuite (127)
[2016.02.12-23.58.42:862][879]LogModuleManager: Shutting down and abandoning module GameplayDebugger (126)
[2016.02.12-23.58.42:862][879]LogModuleManager: Shutting down and abandoning module AIModule (125)
[2016.02.12-23.58.42:862][879]LogModuleManager: Shutting down and abandoning module ProfilerService (124)
[2016.02.12-23.58.42:879][879]LogModuleManager: Shutting down and abandoning module TaskGraph (123)
[2016.02.12-23.58.42:879][879]LogModuleManager: Shutting down and abandoning module SlateRemote (122)
[2016.02.12-23.58.42:879][879]LogModuleManager: Shutting down and abandoning module SteamVRController (121)
[2016.02.12-23.58.42:879][879]LogModuleManager: Shutting down and abandoning module SteamVR (120)
[2016.02.12-23.58.42:879][879]LogModuleManager: Shutting down and abandoning module ProceduralMeshComponent (119)
[2016.02.12-23.58.42:879][879]LogModuleManager: Shutting down and abandoning module OculusLibrary (118)
[2016.02.12-23.58.42:879][879]LogModuleManager: Shutting down and abandoning module OculusInput (117)
[2016.02.12-23.58.42:879][879]LogModuleManager: Shutting down and abandoning module LeapMotionController (116)
[2016.02.12-23.58.42:901][879]LogModuleManager: Shutting down and abandoning module CustomMeshComponent (115)
[2016.02.12-23.58.42:901][879]LogModuleManager: Shutting down and abandoning module CableComponent (114)
[2016.02.12-23.58.42:902][879]LogModuleManager: Shutting down and abandoning module ArchVisCharacter (113)
[2016.02.12-23.58.42:902][879]LogModuleManager: Shutting down and abandoning module MessagingDebugger (112)
[2016.02.12-23.58.42:902][879]LogModuleManager: Shutting down and abandoning module MediaPlayerEditor (111)
[2016.02.12-23.58.42:902][879]LogModuleManager: Shutting down and abandoning module HTML5Networking (110)
[2016.02.12-23.58.42:902][879]LogModuleManager: Shutting down and abandoning module SpeedTreeImporter (109)
[2016.02.12-23.58.42:902][879]LogModuleManager: Shutting down and abandoning module PluginBrowser (108)
[2016.02.12-23.58.42:902][879]LogModuleManager: Shutting down and abandoning module EpicSurvey (107)
[2016.02.12-23.58.42:902][879]LogModuleManager: Shutting down and abandoning module DesktopPlatform (106)
[2016.02.12-23.58.42:902][879]LogModuleManager: Shutting down and abandoning module VisualStudioSourceCodeAccess (105)
[2016.02.12-23.58.42:902][879]LogModuleManager: Shutting down and abandoning module UObjectPlugin (104)
[2016.02.12-23.58.42:902][879]LogModuleManager: Shutting down and abandoning module SubversionSourceControl (103)
[2016.02.12-23.58.42:902][879]LogModuleManager: Shutting down and abandoning module PerforceSourceControl (102)
[2016.02.12-23.58.42:902][879]LogModuleManager: Shutting down and abandoning module SourceControl (101)
[2016.02.12-23.58.42:902][879]LogModuleManager: Shutting down and abandoning module GitSourceControl (100)
[2016.02.12-23.58.42:902][879]LogModuleManager: Shutting down and abandoning module LightPropagationVolumeEditor (99)
[2016.02.12-23.58.42:902][879]LogModuleManager: Shutting down and abandoning module PaperTiledImporter (98)
[2016.02.12-23.58.42:902][879]LogModuleManager: Shutting down and abandoning module PaperSpriteSheetImporter (97)
[2016.02.12-23.58.42:902][879]LogModuleManager: Shutting down and abandoning module MeshPaint (96)
[2016.02.12-23.58.42:902][879]LogModuleManager: Shutting down and abandoning module SlateReflector (95)
[2016.02.12-23.58.42:902][879]LogModuleManager: Shutting down and abandoning module HotReload (94)
[2016.02.12-23.58.42:902][879]LogModuleManager: Shutting down and abandoning module MainFrame (93)
[2016.02.12-23.58.42:902][879]LogModuleManager: Shutting down and abandoning module LevelEditor (92)
[2016.02.12-23.58.42:904][879]LogModuleManager: Shutting down and abandoning module DirectoryWatcher (91)
[2016.02.12-23.58.42:909][879]LogModuleManager: Shutting down and abandoning module AssetRegistry (90)
[2016.02.12-23.58.43:011][879]LogModuleManager: Shutting down and abandoning module ContentBrowser (89)
[2016.02.12-23.58.43:013][879]LogModuleManager: Shutting down and abandoning module Paper2DEditor (88)
[2016.02.12-23.58.43:013][879]LogModuleManager: Shutting down and abandoning module Anthrocratos_UE4 (87)
[2016.02.12-23.58.43:013][879]LogModuleManager: Shutting down and abandoning module UdpMessaging (86)
[2016.02.12-23.58.43:114][879]LogModuleManager: Shutting down and abandoning module LightPropagationVolumeRuntime (85)
[2016.02.12-23.58.43:114][879]LogModuleManager: Shutting down and abandoning module Paper2D (84)
[2016.02.12-23.58.43:114][879]LogModuleManager: Shutting down and abandoning module WindowsMoviePlayer (83)
[2016.02.12-23.58.43:117][879]LogModuleManager: Shutting down and abandoning module Media (82)
[2016.02.12-23.58.43:117][879]LogModuleManager: Shutting down and abandoning module WmfMedia (81)
[2016.02.12-23.58.43:117][879]LogModuleManager: Shutting down and abandoning module OnlineBlueprintSupport (80)
[2016.02.12-23.58.43:117][879]LogModuleManager: Shutting down and abandoning module GameplayTasksEditor (79)
[2016.02.12-23.58.43:117][879]LogModuleManager: Shutting down and abandoning module PropertyEditor (78)
[2016.02.12-23.58.43:117][879]LogModuleManager: Shutting down and abandoning module BehaviorTreeEditor (77)
[2016.02.12-23.58.43:117][879]LogModuleManager: Shutting down and abandoning module FunctionalTesting (76)
[2016.02.12-23.58.43:117][879]LogModuleManager: Shutting down and abandoning module CollisionAnalyzer (75)
[2016.02.12-23.58.43:117][879]LogModuleManager: Shutting down and abandoning module WorkspaceMenuStructure (74)
[2016.02.12-23.58.43:117][879]LogModuleManager: Shutting down and abandoning module MessageLog (73)
[2016.02.12-23.58.43:117][879]LogModuleManager: Shutting down and abandoning module Sequencer (72)
[2016.02.12-23.58.43:118][879]LogModuleManager: Shutting down and abandoning module AssetTools (71)
[2016.02.12-23.58.43:118][879]LogModuleManager: Shutting down and abandoning module UMGEditor (70)
[2016.02.12-23.58.43:118][879]LogModuleManager: Shutting down and abandoning module UMG (69)
[2016.02.12-23.58.43:118][879]LogModuleManager: Shutting down and abandoning module Slate (68)
[2016.02.12-23.58.43:118][879]LogModuleManager: Shutting down and abandoning module EditorStyle (67)
[2016.02.12-23.58.43:120][879]LogModuleManager: Shutting down and abandoning module SessionServices (66)
[2016.02.12-23.58.43:120][879]LogModuleManager: Shutting down and abandoning module SourceCodeAccess (65)
[2016.02.12-23.58.43:120][879]LogModuleManager: Shutting down and abandoning module HeadMountedDisplay (64)
[2016.02.12-23.58.43:120][879]LogModuleManager: Shutting down and abandoning module XAudio2 (63)
[2016.02.12-23.58.43:120][879]LogModuleManager: Shutting down and abandoning module Networking (61)
[2016.02.12-23.58.43:120][879]LogModuleManager: Shutting down and abandoning module Core (60)
[2016.02.12-23.58.43:120][879]LogModuleManager: Shutting down and abandoning module KismetCompiler (59)
[2016.02.12-23.58.43:120][879]LogModuleManager: Shutting down and abandoning module PhysXFormats (58)
[2016.02.12-23.58.43:120][879]LogModuleManager: Shutting down and abandoning module MeshUtilities (57)
[2016.02.12-23.58.43:120][879]LogModuleManager: Shutting down and abandoning module DerivedDataCache (56)
[2016.02.12-23.58.43:220][879]LogDerivedDataCache: Shutdown
[2016.02.12-23.58.43:220][879]LogModuleManager: Shutting down and abandoning module ShaderFormatOpenGL (55)
[2016.02.12-23.58.43:220][879]LogModuleManager: Shutting down and abandoning module ShaderFormatD3D (54)
[2016.02.12-23.58.43:220][879]LogModuleManager: Shutting down and abandoning module MetalShaderFormat (53)
[2016.02.12-23.58.43:220][879]LogModuleManager: Shutting down and abandoning module TextureFormatUncompressed (52)
[2016.02.12-23.58.43:220][879]LogModuleManager: Shutting down and abandoning module TextureFormatPVR (51)
[2016.02.12-23.58.43:220][879]LogModuleManager: Shutting down and abandoning module TextureFormatIntelISPCTexComp (50)
[2016.02.12-23.58.43:221][879]LogModuleManager: Shutting down and abandoning module TextureFormatDXT (49)
[2016.02.12-23.58.43:221][879]LogModuleManager: Shutting down and abandoning module ImageWrapper (48)
[2016.02.12-23.58.43:221][879]LogModuleManager: Shutting down and abandoning module TextureFormatASTC (47)
[2016.02.12-23.58.43:221][879]LogModuleManager: Shutting down and abandoning module TextureFormatAndroid (46)
[2016.02.12-23.58.43:221][879]LogModuleManager: Shutting down and abandoning module AudioFormatOpus (45)
[2016.02.12-23.58.43:221][879]LogModuleManager: Shutting down and abandoning module AudioFormatOgg (44)
[2016.02.12-23.58.43:221][879]LogModuleManager: Shutting down and abandoning module AudioFormatADPCM (43)
[2016.02.12-23.58.43:221][879]LogModuleManager: Shutting down and abandoning module LinuxTargetPlatform (42)
[2016.02.12-23.58.43:221][879]LogModuleManager: Shutting down and abandoning module LinuxServerTargetPlatform (41)
[2016.02.12-23.58.43:222][879]LogModuleManager: Shutting down and abandoning module LinuxNoEditorTargetPlatform (40)
[2016.02.12-23.58.43:222][879]LogModuleManager: Shutting down and abandoning module Messaging (39)
[2016.02.12-23.58.43:222][879]LogModuleManager: Shutting down and abandoning module IOSTargetPlatform (38)
[2016.02.12-23.58.43:222][879]LogModuleManager: Shutting down and abandoning module HTML5TargetPlatform (37)
[2016.02.12-23.58.43:222][879]LogModuleManager: Shutting down and abandoning module Android_PVRTCTargetPlatform (36)
[2016.02.12-23.58.43:222][879]LogModuleManager: Shutting down and abandoning module Android_MultiTargetPlatform (35)
[2016.02.12-23.58.43:222][879]LogModuleManager: Shutting down and abandoning module Android_ETC2TargetPlatform (34)
[2016.02.12-23.58.43:222][879]LogModuleManager: Shutting down and abandoning module Android_ETC1TargetPlatform (33)
[2016.02.12-23.58.43:222][879]LogModuleManager: Shutting down and abandoning module Android_DXTTargetPlatform (32)
[2016.02.12-23.58.43:222][879]LogModuleManager: Shutting down and abandoning module Android_ATCTargetPlatform (31)
[2016.02.12-23.58.43:222][879]LogModuleManager: Shutting down and abandoning module Android_ASTCTargetPlatform (30)
[2016.02.12-23.58.43:222][879]LogModuleManager: Shutting down and abandoning module AndroidTargetPlatform (29)
[2016.02.12-23.58.43:222][879]LogModuleManager: Shutting down and abandoning module WindowsTargetPlatform (28)
[2016.02.12-23.58.43:222][879]LogModuleManager: Shutting down and abandoning module WindowsServerTargetPlatform (27)
[2016.02.12-23.58.43:222][879]LogModuleManager: Shutting down and abandoning module WindowsNoEditorTargetPlatform (26)
[2016.02.12-23.58.43:222][879]LogModuleManager: Shutting down and abandoning module WindowsClientTargetPlatform (25)
[2016.02.12-23.58.43:222][879]LogModuleManager: Shutting down and abandoning module AllDesktopTargetPlatform (24)
[2016.02.12-23.58.43:222][879]LogModuleManager: Shutting down and abandoning module TargetPlatform (23)
[2016.02.12-23.58.43:223][879]LogModuleManager: Shutting down and abandoning module InputCore (22)
[2016.02.12-23.58.43:223][879]LogModuleManager: Shutting down and abandoning module Settings (21)
[2016.02.12-23.58.43:223][879]LogModuleManager: Shutting down and abandoning module OnlineSubsystem (19)
[2016.02.12-23.58.43:223][879]LogModuleManager: Shutting down and abandoning module HTTP (18)
[2016.02.12-23.58.45:227][879]LogModuleManager: Shutting down and abandoning module XMPP (17)
[2016.02.12-23.58.45:227][879]LogModuleManager: Shutting down and abandoning module OculusRift (16)
[2016.02.12-23.58.45:227][879]LogModuleManager: Shutting down and abandoning module ExampleDeviceProfileSelector (15)
[2016.02.12-23.58.45:227][879]LogModuleManager: Shutting down and abandoning module TextureCompressor (14)
[2016.02.12-23.58.45:227][879]LogModuleManager: Shutting down and abandoning module ShaderCore (13)
[2016.02.12-23.58.45:227][879]LogModuleManager: Shutting down and abandoning module Landscape (12)
[2016.02.12-23.58.45:227][879]LogModuleManager: Shutting down and abandoning module SlateRHIRenderer (11)
[2016.02.12-23.58.45:243][879]LogModuleManager: Shutting down and abandoning module OpenGLDrv (10)
[2016.02.12-23.58.45:243][879]LogModuleManager: Shutting down and abandoning module D3D11RHI (9)
[2016.02.12-23.58.45:243][879]LogModuleManager: Shutting down and abandoning module AnimGraphRuntime (8)
[2016.02.12-23.58.45:243][879]LogModuleManager: Shutting down and abandoning module Renderer (7)
[2016.02.12-23.58.45:243][879]LogModuleManager: Shutting down and abandoning module Engine (6)
[2016.02.12-23.58.45:243][879]LogModuleManager: Shutting down and abandoning module CoreUObject (5)
[2016.02.12-23.58.45:243][879]LogModuleManager: Shutting down and abandoning module NetworkFile (4)
[2016.02.12-23.58.45:244][879]LogModuleManager: Shutting down and abandoning module StreamingFile (3)
[2016.02.12-23.58.45:244][879]LogModuleManager: Shutting down and abandoning module SandboxFile (2)
[2016.02.12-23.58.45:244][879]LogModuleManager: Shutting down and abandoning module PakFile (1)
[2016.02.12-23.58.45:248][879]LogExit: Exiting.
[2016.02.12-23.58.45:293][879]Log file closed, 02/12/16 23:58:45
