[2016.02.10-09.15.23:411][  0]Log file open, 02/10/16 09:15:23
[2016.02.10-09.15.23:411][  0]LogInit:Display: Running engine for game: Anthrocratos_UE4
[2016.02.10-09.15.23:411][  0]LogPlatformFile: Not using cached read wrapper
[2016.02.10-09.15.23:411][  0]LogInit:Display: RandInit(1935540677) SRandInit(1935540679).
[2016.02.10-09.15.23:411][  0]LogTaskGraph: Started task graph with 4 named threads and 7 total threads.
[2016.02.10-09.15.23:411][  0]LogStats: Stats thread started at 0.108276
[2016.02.10-09.15.23:411][  0]LogInit: Version: 4.10.2-2818068+++depot+UE4-Releases+4.10
[2016.02.10-09.15.23:411][  0]LogInit: API Version: 2758231
[2016.02.10-09.15.23:411][  0]LogInit: Compiled (64-bit): Jan  6 2016 17:36:42
[2016.02.10-09.15.23:411][  0]LogInit: Compiled with Visual C++: 19.00.23026.00
[2016.02.10-09.15.23:411][  0]LogInit: Build Configuration: Development
[2016.02.10-09.15.23:411][  0]LogInit: Branch Name: ++depot+UE4-Releases+4.10
[2016.02.10-09.15.23:411][  0]LogInit: Command line:  
[2016.02.10-09.15.23:411][  0]LogInit: Base directory: C:/Program Files (x86)/Epic Games/4.10/Engine/Binaries/Win64/
[2016.02.10-09.15.23:411][  0]LogInit: Rocket: 1
[2016.02.10-09.15.23:436][  0]LogInit: Using libcurl 7.41.0
[2016.02.10-09.15.23:436][  0]LogInit:  - built for x86_64-pc-win32
[2016.02.10-09.15.23:436][  0]LogInit:  - supports SSL with WinSSL
[2016.02.10-09.15.23:436][  0]LogInit:  - other features:
[2016.02.10-09.15.23:436][  0]LogInit:      CURL_VERSION_SSL
[2016.02.10-09.15.23:436][  0]LogInit:      CURL_VERSION_IPV6
[2016.02.10-09.15.23:436][  0]LogInit:      CURL_VERSION_ASYNCHDNS
[2016.02.10-09.15.23:436][  0]LogInit:      CURL_VERSION_LARGEFILE
[2016.02.10-09.15.23:436][  0]LogInit:      CURL_VERSION_IDN
[2016.02.10-09.15.23:436][  0]LogInit:  CurlRequestOptions (configurable via config and command line):
[2016.02.10-09.15.23:436][  0]LogInit:  - bVerifyPeer = true  - Libcurl will verify peer certificate
[2016.02.10-09.15.23:436][  0]LogInit:  - bUseHttpProxy = false  - Libcurl will NOT use HTTP proxy
[2016.02.10-09.15.23:436][  0]LogInit:  - bDontReuseConnections = false  - Libcurl will reuse connections
[2016.02.10-09.15.23:436][  0]LogInit:  - CertBundlePath = nullptr  - Libcurl will use whatever was configured at build time.
[2016.02.10-09.15.23:458][  0]LogInit: Presizing for 0 objects not considered by GC, pre-allocating 0 bytes.
[2016.02.10-09.15.23:472][  0]LogInit: Object subsystem initialized
[2016.02.10-09.15.23:474][  0]LogInit: Selected Device Profile: [Windows]
[2016.02.10-09.15.23:474][  0]LogInit: Applying CVar settings loaded from the selected device profile: [Windows]
[2016.02.10-09.15.23:498][  0]LogInit: Computer: CUBE-11959
[2016.02.10-09.15.23:498][  0]LogInit: User: user
[2016.02.10-09.15.23:498][  0]LogInit: CPU Page size=4096, Cores=4
[2016.02.10-09.15.23:498][  0]LogInit: High frequency timer resolution =2.435780 MHz
[2016.02.10-09.15.23:498][  0]LogMemory: Memory total: Physical=7.9GB (8GB approx)
[2016.02.10-09.15.23:498][  0]LogMemory: Platform Memory Stats for Windows
[2016.02.10-09.15.23:498][  0]LogMemory: Process Physical Memory: 56.16 MB used, 56.16 MB peak
[2016.02.10-09.15.23:498][  0]LogMemory: Process Virtual Memory: 58.79 MB used, 58.79 MB peak
[2016.02.10-09.15.23:498][  0]LogMemory: Physical Memory: 2852.31 MB used, 8076.43 MB total
[2016.02.10-09.15.23:498][  0]LogMemory: Virtual Memory: 380.79 MB used, 134217728.00 MB total
[2016.02.10-09.15.23:584][  0]LogTextLocalizationManager: No specific translations for ('en-GB') exist, so ('en') translations will be used.
[2016.02.10-09.15.24:289][  0]LogD3D11RHI: Found D3D11 adapter 0: NVIDIA GeForce GTX 850M  (Feature Level 11_0)
[2016.02.10-09.15.24:289][  0]LogD3D11RHI: Adapter has 1995MB of dedicated video memory, 0MB of dedicated system memory, and 4038MB of shared system memory, 1 output[s]
[2016.02.10-09.15.24:300][  0]LogD3D11RHI: Found D3D11 adapter 1: Intel(R) HD Graphics 4600 (Feature Level 11_0)
[2016.02.10-09.15.24:300][  0]LogD3D11RHI: Adapter has 112MB of dedicated video memory, 0MB of dedicated system memory, and 4038MB of shared system memory, 0 output[s]
[2016.02.10-09.15.24:303][  0]LogD3D11RHI: Found D3D11 adapter 2: Microsoft Basic Render Driver (Feature Level 11_0)
[2016.02.10-09.15.24:303][  0]LogD3D11RHI: Adapter has 0MB of dedicated video memory, 0MB of dedicated system memory, and 4038MB of shared system memory, 0 output[s]
[2016.02.10-09.15.24:303][  0]LogD3D11RHI: Chosen D3D11 Adapter Id = 0
[2016.02.10-09.15.24:310][  0]LogD3D11RHI: !Direct3DDevice
[2016.02.10-09.15.24:311][  0]LogRHI: Texture pool is 1361 MB (70% of 1945 MB)
[2016.02.10-09.15.24:331][  0]LogD3D11RHI: Async texture creation enabled
[2016.02.10-09.15.24:346][  0]LogShaderCompilers: Guid format shader working directory is -31 characters bigger than the processId version (../../../../../../Users/user/Game Development/Anthrocratos/Anthrocratos_UE4/Intermediate/Shaders/WorkingDirectory/14100/).
[2016.02.10-09.15.24:346][  0]LogShaderCompilers: Cleaned the shader compiler working directory 'C:/Users/user/AppData/Local/Temp/UnrealShaderWorkingDir/359BE81F4DA6B86F516F408B1F0D906A/'.
[2016.02.10-09.15.24:346][  0]LogShaderCompilers:Display: Using Local Shader Compiler.
[2016.02.10-09.15.25:995][  0]LogTemp:Display: Loaded TP AllDesktopTargetPlatform
[2016.02.10-09.15.26:004][  0]LogTemp:Display: Loaded TP WindowsClientTargetPlatform
[2016.02.10-09.15.26:014][  0]LogTemp:Display: Loaded TP WindowsNoEditorTargetPlatform
[2016.02.10-09.15.26:023][  0]LogTemp:Display: Loaded TP WindowsServerTargetPlatform
[2016.02.10-09.15.26:032][  0]LogTemp:Display: Loaded TP WindowsTargetPlatform
[2016.02.10-09.15.26:037][  0]LogTemp:Display: Loaded TP AndroidTargetPlatform
[2016.02.10-09.15.26:043][  0]LogTemp:Display: Loaded TP Android_ASTCTargetPlatform
[2016.02.10-09.15.26:048][  0]LogTemp:Display: Loaded TP Android_ATCTargetPlatform
[2016.02.10-09.15.26:054][  0]LogTemp:Display: Loaded TP Android_DXTTargetPlatform
[2016.02.10-09.15.26:059][  0]LogTemp:Display: Loaded TP Android_ETC1TargetPlatform
[2016.02.10-09.15.26:066][  0]LogTemp:Display: Loaded TP Android_ETC2TargetPlatform
[2016.02.10-09.15.26:079][  0]LogTemp:Display: Loaded TP Android_MultiTargetPlatform
[2016.02.10-09.15.26:079][  0]LogTemp:Display: Loaded TP Android_PVRTCTargetPlatform
[2016.02.10-09.15.26:080][  0]LogTemp:Display: Loaded TP HTML5TargetPlatform
[2016.02.10-09.15.26:106][  0]LogTemp:Display: Loaded TP IOSTargetPlatform
[2016.02.10-09.15.26:111][  0]LogTemp:Display: Loaded TP LinuxNoEditorTargetPlatform
[2016.02.10-09.15.26:116][  0]LogTemp:Display: Loaded TP LinuxServerTargetPlatform
[2016.02.10-09.15.26:122][  0]LogTemp:Display: Loaded TP LinuxTargetPlatform
[2016.02.10-09.15.26:122][  0]LogTargetPlatformManager:Display: Building Assets For Windows
[2016.02.10-09.15.26:291][  0]LogDerivedDataCache:Display: Max Cache Size: 512 MB
[2016.02.10-09.15.26:380][  0]LogDerivedDataCache: Loaded boot cache 0.09s 41MB C:/Users/user/AppData/Local/UnrealEngine/4.10/DerivedDataCache/Boot.ddc.
[2016.02.10-09.15.26:380][  0]LogDerivedDataCache:Display: Loaded Boot cache: C:/Users/user/AppData/Local/UnrealEngine/4.10/DerivedDataCache/Boot.ddc
[2016.02.10-09.15.26:381][  0]LogDerivedDataCache: FDerivedDataBackendGraph:  Pak pak cache file ../../../../../../Users/user/Game Development/Anthrocratos/Anthrocratos_UE4/DerivedDataCache/DDC.ddp not found, will not use a pak cache.
[2016.02.10-09.15.26:381][  0]LogDerivedDataCache: Unable to find inner node Pak for hierarchical cache Hierarchy.
[2016.02.10-09.15.26:381][  0]LogDerivedDataCache: FDerivedDataBackendGraph:  CompressedPak pak cache file ../../../../../../Users/user/Game Development/Anthrocratos/Anthrocratos_UE4/DerivedDataCache/Compressed.ddp not found, will not use a pak cache.
[2016.02.10-09.15.26:381][  0]LogDerivedDataCache: Unable to find inner node CompressedPak for hierarchical cache Hierarchy.
[2016.02.10-09.15.26:501][  0]LogDerivedDataCache:Display: Pak cache opened for reading ../../../Engine/DerivedDataCache/Compressed.ddp.
[2016.02.10-09.15.26:513][  0]LogDerivedDataCache: Using Local data cache path C:/Users/user/AppData/Local/UnrealEngine/Common/DerivedDataCache: Writable
[2016.02.10-09.15.26:853][  0]LogInit: Selected Device Profile: [Windows]
[2016.02.10-09.15.26:858][  0]LogContentStreaming: Texture pool size is 0.000000MB
[2016.02.10-09.15.27:058][  0]LogMeshUtilities: No automatic mesh reduction module available
[2016.02.10-09.15.27:058][  0]LogMeshUtilities: No automatic mesh merging module available
[2016.02.10-09.15.27:448][  0]LogInit: WinSock: version 1.1 (2.2), MaxSocks=32767, MaxUdp=65467
[2016.02.10-09.15.28:823][  0]UdpMessaging: Initializing bridge on interface 0.0.0.0:0 to multicast group 230.0.0.1:6666.
[2016.02.10-09.15.28:985][  0]LogAssetRegistry: FAssetRegistry took 0.0118 seconds to start up
[2016.02.10-09.15.29:285][  0]SourceControl: Info Source control is disabled
[2016.02.10-09.15.29:337][  0]SourceControl: Info Source control is disabled
[2016.02.10-09.15.29:358][  0]SourceControl: Info Source control is disabled
[2016.02.10-09.15.29:378][  0]SourceControl: Info Source control is disabled
[2016.02.10-09.15.29:799][  0]LogObj: 28637 objects as part of root set at end of initial load.
[2016.02.10-09.15.29:799][  0]LogUObjectAllocator: 6101776 out of 0 bytes used by permanent object pool.
[2016.02.10-09.15.29:914][  0]LogEngine: Initializing Engine...
[2016.02.10-09.15.29:919][  0]LogHMD: Can't find Oculus library dev build: is proper Runtime installed? Version: 0.8.0.0
[2016.02.10-09.15.29:920][  0]LogHMD: SteamVR failed to initialize.  Err: 110
[2016.02.10-09.15.34:560][  0]LogAIModule: Creating AISystem for world NewWorld
[2016.02.10-09.15.34:871][  0]LogInit: XAudio2 using 'Speakers (VIA HD Audio(Win 10))' : 2 channels at 48 kHz using 32 bits per sample (channel mask 0x3)
[2016.02.10-09.15.34:994][  0]LogInit: FAudioDevice initialized.
[2016.02.10-09.15.35:020][  0]LogDerivedDataCache:Error: Could not save memory cache C:/Users/user/AppData/Local/UnrealEngine/4.10/DerivedDataCache/Boot.ddc.
[2016.02.10-09.15.35:030][  0]LogInit: Texture streaming: Enabled
[2016.02.10-09.15.35:117][  0]LogAnalytics: Creating configured Analytics provider AnalyticsET
[2016.02.10-09.15.35:117][  0]LogAnalytics: [UEEditor.Rocket.Release] APIServer = http://et2.epicgames.com/ET2/. AppVersion = 4.10.2-2818068+++depot+UE4-Releases+4.10
[2016.02.10-09.15.35:118][  0]LogAnalytics: [UEEditor.Rocket.Release] SetUserId 2066524940ef926c0d39eaab01bb3fef|ab08d7ce0f414bdba0971ea2fb4514a5|983d4c96-a536-4e9e-82d9-7415bf2a8174
[2016.02.10-09.15.35:137][  0]LogAnalytics: [UEEditor.Rocket.Release] AnalyticsET::StartSession
[2016.02.10-09.15.35:370][  0]LogInit: Transaction tracking system initialized
[2016.02.10-09.15.35:728][  0]BlueprintLog: New page: Editor Load
[2016.02.10-09.15.38:568][  0]LocalizationService: Info Localization service is disabled
[2016.02.10-09.15.39:694][  0]LogConsoleResponse:Display: 
[2016.02.10-09.15.42:208][  0]LogFileCache: Scanning file cache for directory 'C:/Users/user/Game Development/Anthrocratos/Anthrocratos_UE4/Content/' took 0.03s
[2016.02.10-09.15.42:209][  0]LogCook:Display: Done creating registry. It took  0.00s.
[2016.02.10-09.15.43:263][  0]SourceControl: Info Source control is disabled
[2016.02.10-09.15.43:334][  0]Cmd: MAP LOAD FILE="../../../../../../Users/user/Game Development/Anthrocratos/Anthrocratos_UE4/Content/Levels/Kieran-Test.umap" TEMPLATE=0 SHOWPROGRESS=1 FEATURELEVEL=3
[2016.02.10-09.15.43:457][  0]LightingResults: New page: Lighting Build
[2016.02.10-09.15.43:650][  0]MapCheck: New page: Map Check
[2016.02.10-09.15.43:650][  0]LightingResults: New page: Lighting Build
[2016.02.10-09.15.43:953][  0]LogParticles: Destroying 0 GPU particle simulations for FXSystem 0x0000009609D73B00
[2016.02.10-09.15.45:898][  0]LogAIModule: Creating AISystem for world Kieran-Test
[2016.02.10-09.15.46:045][  0]LogEditorServer: Finished looking for orphan Actors (0.000 secs)
[2016.02.10-09.15.46:094][  0]Cmd: MAP CHECKDEP NOCLEARLOG
[2016.02.10-09.15.46:221][  0]MapCheck: Info Map check complete: 0 Error(s), 0 Warning(s), took 127.12ms to complete.
[2016.02.10-09.15.46:221][  0]LogFileHelpers: Loading map 'Kieran-Test' took 2.900
[2016.02.10-09.15.47:812][  0]LogCollectionManager: Loaded 0 collections in 0.010994 seconds
[2016.02.10-09.15.47:974][  0]LogFileCache: Scanning file cache for directory 'C:/Users/user/Game Development/Anthrocratos/Anthrocratos_UE4/Saved/Collections/' took 0.01s
[2016.02.10-09.15.47:975][  0]LogFileCache: Scanning file cache for directory 'C:/Users/user/Game Development/Anthrocratos/Anthrocratos_UE4/Content/Developers/user/Collections/' took 0.01s
[2016.02.10-09.15.47:975][  0]LogFileCache: Scanning file cache for directory 'C:/Users/user/Game Development/Anthrocratos/Anthrocratos_UE4/Content/Collections/' took 0.01s
[2016.02.10-09.15.47:975][  0]LogCollectionManager: Rebuilt the GUID cache for 0 collections in 0.000028 seconds
[2016.02.10-09.15.48:049][  0]LogContentBrowser: Native class hierarchy populated in 0.0728 seconds. Added 1894 classes and 340 folders.
[2016.02.10-09.15.48:121][  0]LogContentBrowser: Native class hierarchy updated for 'WidgetCarousel' in 0.0037 seconds. Added 0 classes and 0 folders.
[2016.02.10-09.15.50:286][  0]LogContentBrowser: Native class hierarchy updated for 'AddContentDialog' in 0.0043 seconds. Added 0 classes and 0 folders.
[2016.02.10-09.15.50:834][  0]LogContentBrowser: Native class hierarchy updated for 'SceneOutliner' in 0.0048 seconds. Added 1 classes and 2 folders.
[2016.02.10-09.15.52:032][  0]LogCrashTracker: Crashtracker disabled due to settings.
[2016.02.10-09.15.52:239][  0]LogUObjectGlobals:Warning: Failed to find object 'Class None.'
[2016.02.10-09.15.52:301][  0]LogLoad: Full Startup: 30.35 seconds (BP compile: 0.21 seconds)
[2016.02.10-09.15.52:523][  0]LogOcInput: Can't find Oculus library dev build: is proper Runtime installed? Version: 0.8.0.0
[2016.02.10-09.15.53:625][  0]LogContentStreaming: Texture pool size now 1000 MB
[2016.02.10-09.15.54:526][  0]LogRenderer: Reallocating scene render targets to support 900x880 (Frame:2).
[2016.02.10-09.15.55:161][  1]LogFileCache: Retrieving MD5 hashes for directory 'C:/Users/user/Game Development/Anthrocratos/Anthrocratos_UE4/Content/' took 2.58s
[2016.02.10-09.15.55:815][  6]LogAssetRegistry: Asset discovery search completed in 26.8414 seconds
[2016.02.10-09.15.55:858][  6]LogCollectionManager: Rebuilt the object cache for 0 collections in 0.000001 seconds (found 0 objects)
[2016.02.10-09.15.55:858][  6]LogCollectionManager: Fixed up redirectors for 0 collections in 0.032989 seconds (updated 0 objects)
[2016.02.10-09.16.04:000][430]LogBlueprintUserMessages: Early PlayInEditor Detection: Level '/Game/Levels/Kieran-Test.Kieran-Test:PersistentLevel' has LevelScriptBlueprint '/Game/Levels/Kieran-Test.Kieran-Test:PersistentLevel.Kieran-Test' with GeneratedClass '/Game/Levels/Kieran-Test.Kieran-Test_C' with ClassGeneratedBy '/Game/Levels/Kieran-Test.Kieran-Test:PersistentLevel.Kieran-Test'
[2016.02.10-09.16.04:001][430]LogPlayLevel: PlayLevel: No blueprints needed recompiling
[2016.02.10-09.16.04:019][430]PIE: New page: SIE session: Kieran-Test (10 Feb 2016 09:16:04)
[2016.02.10-09.16.04:019][430]LogPlayLevel: Creating play world package: /Game/Levels/UEDPIE_0_Kieran-Test
[2016.02.10-09.16.04:047][430]LogPlayLevel: PIE: StaticDuplicateObject took: (0.027375s)
[2016.02.10-09.16.04:049][430]LogAIModule: Creating AISystem for world Kieran-Test
[2016.02.10-09.16.04:049][430]LogPlayLevel: PIE: World Init took: (0.002393s)
[2016.02.10-09.16.04:050][430]LogPlayLevel: PIE: Created PIE world by copying editor world from /Game/Levels/Kieran-Test.Kieran-Test to /Game/Levels/UEDPIE_0_Kieran-Test.Kieran-Test (0.030584s)
[2016.02.10-09.16.04:208][430]LogInit: XAudio2 using 'Speakers (VIA HD Audio(Win 10))' : 2 channels at 48 kHz using 32 bits per sample (channel mask 0x3)
[2016.02.10-09.16.04:234][430]LogInit: FAudioDevice initialized.
[2016.02.10-09.16.04:459][430]LogWorld: Game class is 'AnthroCratosGamemode_C'
[2016.02.10-09.16.04:554][430]LogWorld: Bringing World /Game/Levels/UEDPIE_0_Kieran-Test.Kieran-Test up for play (max tick rate 60) at 2016.02.10-09.16.04
[2016.02.10-09.16.04:555][430]LogActor:Warning: GameSession /Game/Levels/UEDPIE_0_Kieran-Test.Kieran-Test:PersistentLevel.GameSession_0 has natively added scene component(s), but none of them were set as the actor's RootComponent - picking one arbitrarily
[2016.02.10-09.16.04:577][430]LogActor:Warning: GameNetworkManager /Game/Levels/UEDPIE_0_Kieran-Test.Kieran-Test:PersistentLevel.GameNetworkManager_0 has natively added scene component(s), but none of them were set as the actor's RootComponent - picking one arbitrarily
[2016.02.10-09.16.04:578][430]LogWorld: Bringing up level for play took: 0.026215
[2016.02.10-09.16.04:712][430]LogGameMode: Warning - PATHS NOT DEFINED or NO PLAYERSTART with positive rating
[2016.02.10-09.16.05:013][430]LogBlueprintUserMessages: [AnthroCratosGamemode_C_0] TilesGenerated
[2016.02.10-09.16.05:029][430]PIE: Info Play in editor start time for /Game/Levels/UEDPIE_0_Kieran-Test 1.569
[2016.02.10-09.16.05:130][430]LogBlueprintUserMessages: Late PlayInEditor Detection: Level '/Game/Levels/Kieran-Test.Kieran-Test:PersistentLevel' has LevelScriptBlueprint '/Game/Levels/Kieran-Test.Kieran-Test:PersistentLevel.Kieran-Test' with GeneratedClass '/Game/Levels/Kieran-Test.Kieran-Test_C' with ClassGeneratedBy '/Game/Levels/Kieran-Test.Kieran-Test:PersistentLevel.Kieran-Test'
[2016.02.10-09.16.12:688][697]LogBlueprintUserMessages: Early EndPlayMap Detection: Level '/Game/Levels/Kieran-Test.Kieran-Test:PersistentLevel' has LevelScriptBlueprint '/Game/Levels/Kieran-Test.Kieran-Test:PersistentLevel.Kieran-Test' with GeneratedClass '/Game/Levels/Kieran-Test.Kieran-Test_C' with ClassGeneratedBy '/Game/Levels/Kieran-Test.Kieran-Test:PersistentLevel.Kieran-Test'
[2016.02.10-09.16.12:849][697]LogBlueprintUserMessages: Late EndPlayMap Detection: Level '/Game/Levels/Kieran-Test.Kieran-Test:PersistentLevel' has LevelScriptBlueprint '/Game/Levels/Kieran-Test.Kieran-Test:PersistentLevel.Kieran-Test' with GeneratedClass '/Game/Levels/Kieran-Test.Kieran-Test_C' with ClassGeneratedBy '/Game/Levels/Kieran-Test.Kieran-Test:PersistentLevel.Kieran-Test'
[2016.02.10-09.16.12:891][697]LogParticles: Destroying 0 GPU particle simulations for FXSystem 0x000000961D4D0A40
[2016.02.10-09.17.17:548][ 18]LogEditorViewport: Clicking Background
[2016.02.10-09.18.20:957][680]LogLinker:Warning: Asset '../../../Engine/Content/ArtTools/RenderToTexture/Macros/RenderToTextureMacros.uasset' has been saved with empty engine version. The asset will be loaded but may be incompatible.
[2016.02.10-09.18.21:845][680]LogContentBrowser: Native class hierarchy updated for 'BlueprintGraph' in 0.0051 seconds. Added 107 classes and 0 folders.
[2016.02.10-09.18.22:771][680]LogActor:Warning: GameNetworkManager /Engine/Transient.World_2:PersistentLevel.GameNetworkManager_1 has natively added scene component(s), but none of them were set as the actor's RootComponent - picking one arbitrarily
[2016.02.10-09.20.50:769][600]LogBlueprintUserMessages: Early PlayInEditor Detection: Level '/Game/Levels/Kieran-Test.Kieran-Test:PersistentLevel' has LevelScriptBlueprint '/Game/Levels/Kieran-Test.Kieran-Test:PersistentLevel.Kieran-Test' with GeneratedClass '/Game/Levels/Kieran-Test.Kieran-Test_C' with ClassGeneratedBy '/Game/Levels/Kieran-Test.Kieran-Test:PersistentLevel.Kieran-Test'
[2016.02.10-09.20.50:769][600]LogPlayLevel: PlayLevel: No blueprints needed recompiling
[2016.02.10-09.20.50:770][600]PIE: New page: SIE session: Kieran-Test (10 Feb 2016 09:20:50)
[2016.02.10-09.20.50:770][600]LogPlayLevel: Creating play world package: /Game/Levels/UEDPIE_0_Kieran-Test
[2016.02.10-09.20.50:775][600]LogPlayLevel: PIE: StaticDuplicateObject took: (0.004759s)
[2016.02.10-09.20.50:776][600]LogAIModule: Creating AISystem for world Kieran-Test
[2016.02.10-09.20.50:777][600]LogPlayLevel: PIE: World Init took: (0.001897s)
[2016.02.10-09.20.50:777][600]LogPlayLevel: PIE: Created PIE world by copying editor world from /Game/Levels/Kieran-Test.Kieran-Test to /Game/Levels/UEDPIE_0_Kieran-Test.Kieran-Test (0.007055s)
[2016.02.10-09.20.50:828][600]LogInit: XAudio2 using 'Speakers (VIA HD Audio(Win 10))' : 2 channels at 48 kHz using 32 bits per sample (channel mask 0x3)
[2016.02.10-09.20.50:844][600]LogInit: FAudioDevice initialized.
[2016.02.10-09.20.50:891][600]LogWorld: Game class is 'AnthroCratosGamemode_C'
[2016.02.10-09.20.50:895][600]LogWorld: Bringing World /Game/Levels/UEDPIE_0_Kieran-Test.Kieran-Test up for play (max tick rate 60) at 2016.02.10-09.20.50
[2016.02.10-09.20.50:895][600]LogActor:Warning: GameSession /Game/Levels/UEDPIE_0_Kieran-Test.Kieran-Test:PersistentLevel.GameSession_1 has natively added scene component(s), but none of them were set as the actor's RootComponent - picking one arbitrarily
[2016.02.10-09.20.50:895][600]LogActor:Warning: GameNetworkManager /Game/Levels/UEDPIE_0_Kieran-Test.Kieran-Test:PersistentLevel.GameNetworkManager_2 has natively added scene component(s), but none of them were set as the actor's RootComponent - picking one arbitrarily
[2016.02.10-09.20.50:895][600]LogWorld: Bringing up level for play took: 0.002566
[2016.02.10-09.20.50:896][600]LogGameMode: Warning - PATHS NOT DEFINED or NO PLAYERSTART with positive rating
[2016.02.10-09.20.50:906][600]LogBlueprintUserMessages: [AnthroCratosGamemode_C_2] TilesGenerated
[2016.02.10-09.20.50:906][600]PIE: Info Play in editor start time for /Game/Levels/UEDPIE_0_Kieran-Test -0.553
[2016.02.10-09.20.50:909][600]LogBlueprintUserMessages: Late PlayInEditor Detection: Level '/Game/Levels/Kieran-Test.Kieran-Test:PersistentLevel' has LevelScriptBlueprint '/Game/Levels/Kieran-Test.Kieran-Test:PersistentLevel.Kieran-Test' with GeneratedClass '/Game/Levels/Kieran-Test.Kieran-Test_C' with ClassGeneratedBy '/Game/Levels/Kieran-Test.Kieran-Test:PersistentLevel.Kieran-Test'
[2016.02.10-09.21.03:954][955]LogBlueprintUserMessages: Early EndPlayMap Detection: Level '/Game/Levels/Kieran-Test.Kieran-Test:PersistentLevel' has LevelScriptBlueprint '/Game/Levels/Kieran-Test.Kieran-Test:PersistentLevel.Kieran-Test' with GeneratedClass '/Game/Levels/Kieran-Test.Kieran-Test_C' with ClassGeneratedBy '/Game/Levels/Kieran-Test.Kieran-Test:PersistentLevel.Kieran-Test'
[2016.02.10-09.21.03:996][955]LogBlueprintUserMessages: Late EndPlayMap Detection: Level '/Game/Levels/Kieran-Test.Kieran-Test:PersistentLevel' has LevelScriptBlueprint '/Game/Levels/Kieran-Test.Kieran-Test:PersistentLevel.Kieran-Test' with GeneratedClass '/Game/Levels/Kieran-Test.Kieran-Test_C' with ClassGeneratedBy '/Game/Levels/Kieran-Test.Kieran-Test:PersistentLevel.Kieran-Test'
[2016.02.10-09.21.04:034][955]LogParticles: Destroying 0 GPU particle simulations for FXSystem 0x000000961D4D2160
[2016.02.10-09.21.08:721][202]LogBlueprintUserMessages: Early PlayInEditor Detection: Level '/Game/Levels/Kieran-Test.Kieran-Test:PersistentLevel' has LevelScriptBlueprint '/Game/Levels/Kieran-Test.Kieran-Test:PersistentLevel.Kieran-Test' with GeneratedClass '/Game/Levels/Kieran-Test.Kieran-Test_C' with ClassGeneratedBy '/Game/Levels/Kieran-Test.Kieran-Test:PersistentLevel.Kieran-Test'
[2016.02.10-09.21.08:721][202]LogPlayLevel: PlayLevel: No blueprints needed recompiling
[2016.02.10-09.21.08:721][202]PIE: New page: PIE session: Kieran-Test (10 Feb 2016 09:21:08)
[2016.02.10-09.21.08:721][202]LogPlayLevel: Creating play world package: /Game/Levels/UEDPIE_0_Kieran-Test
[2016.02.10-09.21.08:725][202]LogPlayLevel: PIE: StaticDuplicateObject took: (0.003617s)
[2016.02.10-09.21.08:726][202]LogAIModule: Creating AISystem for world Kieran-Test
[2016.02.10-09.21.08:726][202]LogPlayLevel: PIE: World Init took: (0.001324s)
[2016.02.10-09.21.08:727][202]LogPlayLevel: PIE: Created PIE world by copying editor world from /Game/Levels/Kieran-Test.Kieran-Test to /Game/Levels/UEDPIE_0_Kieran-Test.Kieran-Test (0.005447s)
[2016.02.10-09.21.08:768][202]LogInit: XAudio2 using 'Speakers (VIA HD Audio(Win 10))' : 2 channels at 48 kHz using 32 bits per sample (channel mask 0x3)
[2016.02.10-09.21.08:782][202]LogInit: FAudioDevice initialized.
[2016.02.10-09.21.08:826][202]LogWorld: Game class is 'AnthroCratosGamemode_C'
[2016.02.10-09.21.08:829][202]LogWorld: Bringing World /Game/Levels/UEDPIE_0_Kieran-Test.Kieran-Test up for play (max tick rate 60) at 2016.02.10-09.21.08
[2016.02.10-09.21.08:829][202]LogActor:Warning: GameSession /Game/Levels/UEDPIE_0_Kieran-Test.Kieran-Test:PersistentLevel.GameSession_2 has natively added scene component(s), but none of them were set as the actor's RootComponent - picking one arbitrarily
[2016.02.10-09.21.08:830][202]LogActor:Warning: GameNetworkManager /Game/Levels/UEDPIE_0_Kieran-Test.Kieran-Test:PersistentLevel.GameNetworkManager_3 has natively added scene component(s), but none of them were set as the actor's RootComponent - picking one arbitrarily
[2016.02.10-09.21.08:830][202]LogWorld: Bringing up level for play took: 0.002358
[2016.02.10-09.21.08:841][202]LogBlueprintUserMessages: [AnthroCratosGamemode_C_3] TilesGenerated
[2016.02.10-09.21.08:841][202]PIE: Info Play in editor start time for /Game/Levels/UEDPIE_0_Kieran-Test -0.618
[2016.02.10-09.21.08:842][202]LogBlueprintUserMessages: Late PlayInEditor Detection: Level '/Game/Levels/Kieran-Test.Kieran-Test:PersistentLevel' has LevelScriptBlueprint '/Game/Levels/Kieran-Test.Kieran-Test:PersistentLevel.Kieran-Test' with GeneratedClass '/Game/Levels/Kieran-Test.Kieran-Test_C' with ClassGeneratedBy '/Game/Levels/Kieran-Test.Kieran-Test:PersistentLevel.Kieran-Test'
[2016.02.10-09.21.53:957][ 72]LogBlueprintUserMessages: Early EndPlayMap Detection: Level '/Game/Levels/Kieran-Test.Kieran-Test:PersistentLevel' has LevelScriptBlueprint '/Game/Levels/Kieran-Test.Kieran-Test:PersistentLevel.Kieran-Test' with GeneratedClass '/Game/Levels/Kieran-Test.Kieran-Test_C' with ClassGeneratedBy '/Game/Levels/Kieran-Test.Kieran-Test:PersistentLevel.Kieran-Test'
[2016.02.10-09.21.53:998][ 72]LogBlueprintUserMessages: Late EndPlayMap Detection: Level '/Game/Levels/Kieran-Test.Kieran-Test:PersistentLevel' has LevelScriptBlueprint '/Game/Levels/Kieran-Test.Kieran-Test:PersistentLevel.Kieran-Test' with GeneratedClass '/Game/Levels/Kieran-Test.Kieran-Test_C' with ClassGeneratedBy '/Game/Levels/Kieran-Test.Kieran-Test:PersistentLevel.Kieran-Test'
[2016.02.10-09.21.54:081][ 73]LogParticles: Destroying 0 GPU particle simulations for FXSystem 0x000000964967C180
[2016.02.10-09.22.14:713][382]LogActorFactory: Actor Factory created test_tree
[2016.02.10-09.22.14:727][382]LogActorFactory: Actor Factory created test_tree
[2016.02.10-09.23.57:145][793]Cmd: DELETE
[2016.02.10-09.23.57:145][793]Cmd: ACTOR DELETE
[2016.02.10-09.23.57:147][793]LogEditorActor: Deleted Actor: StaticMeshActor
[2016.02.10-09.23.57:199][793]LogEditorActor: Deleted 1 Actors (0.052 secs)
[2016.02.10-09.27.00:099][128]LogSavePackage: Save=105.060394ms
[2016.02.10-09.27.00:101][128]LogSavePackage: Moving '../../../../../../Users/user/Game Development/Anthrocratos/Anthrocratos_UE4/Saved/Kieran-Test_Auto12C20CB8341B8B3BCC675F0AE2C6CBBF1.tmp' to '../../../../../../Users/user/Game Development/Anthrocratos/Anthrocratos_UE4/Saved/Autosaves/Game/Levels/Kieran-Test_Auto1.umap'
[2016.02.10-09.27.00:103][128]LogSavePackage: Total save time: 148.311425ms
[2016.02.10-09.27.00:104][128]LogSavePackage:Display: Finished SavePackage ../../../../../../Users/user/Game Development/Anthrocratos/Anthrocratos_UE4/Saved/Autosaves/Game/Levels/Kieran-Test_Auto1.umap
[2016.02.10-09.27.00:110][128]LogFileHelpers: Editor autosave (incl. sublevels) for '/Game/Levels/Kieran-Test' took 0.213
[2016.02.10-09.27.00:110][128]LogFileHelpers: Editor autosave (incl. sublevels) for all levels took 0.213
[2016.02.10-09.33.53:082][638]LogSavePackage: Save=50.260284ms
[2016.02.10-09.33.53:082][638]LogSavePackage: Moving '../../../../../../Users/user/Game Development/Anthrocratos/Anthrocratos_UE4/Saved/Kieran-Test6AF7563142D48592F3EC98AD26C6F53A.tmp' to '../../../../../../Users/user/Game Development/Anthrocratos/Anthrocratos_UE4/Content/Levels/Kieran-Test.umap'
[2016.02.10-09.33.53:087][638]LogSavePackage: Total save time: 63.441280ms
[2016.02.10-09.33.53:087][638]LogSavePackage:Display: Finished SavePackage ../../../../../../Users/user/Game Development/Anthrocratos/Anthrocratos_UE4/Content/Levels/Kieran-Test.umap
[2016.02.10-09.33.53:113][638]LogFileHelpers: Saving map 'Kieran-Test' took 1.024
[2016.02.10-09.33.53:245][638]LogWindowsTextInputMethodSystem:Display: IME system now deactivated.
[2016.02.10-09.33.53:447][639]Cmd: QUIT_EDITOR
[2016.02.10-09.33.54:189][639]LogExit: Preparing to exit.
[2016.02.10-09.33.55:412][639]LogExit: Editor shut down
[2016.02.10-09.33.55:412][639]LogExit: Transaction tracking system shut down
[2016.02.10-09.33.55:415][639]LogParticles: Destroying 0 GPU particle simulations for FXSystem 0x000000967AE59BC0
[2016.02.10-09.33.55:415][639]LogParticles: Destroying 0 GPU particle simulations for FXSystem 0x00000096059676A0
[2016.02.10-09.33.55:416][639]LogParticles: Destroying 0 GPU particle simulations for FXSystem 0x0000009605894400
[2016.02.10-09.33.55:416][639]LogParticles: Destroying 0 GPU particle simulations for FXSystem 0x000000967C2E9C60
[2016.02.10-09.33.55:418][639]LogParticles: Destroying 0 GPU particle simulations for FXSystem 0x0000009627C8ACA0
[2016.02.10-09.33.55:574][639]LogParticles: Destroying 0 GPU particle simulations for FXSystem 0x0000009678009080
[2016.02.10-09.33.55:574][639]LogExit: Object subsystem successfully closed.
[2016.02.10-09.33.55:601][639]LogD3D11RHI: Shutdown
[2016.02.10-09.33.55:601][639]LogD3D11RHI: CleanupD3DDevice
[2016.02.10-09.33.55:647][639]LogD3D11RHI: ~FD3D11DynamicRHI
[2016.02.10-09.33.55:658][639]LogModuleManager: Shutting down and abandoning module CookingStats (201)
[2016.02.10-09.33.55:658][639]LogModuleManager: Shutting down and abandoning module BlueprintGraph (200)
[2016.02.10-09.33.55:658][639]LogModuleManager: Shutting down and abandoning module CrashTracker (199)
[2016.02.10-09.33.55:658][639]LogModuleManager: Shutting down and abandoning module SceneOutliner (198)
[2016.02.10-09.33.55:658][639]LogModuleManager: Shutting down and abandoning module SuperSearch (197)
[2016.02.10-09.33.55:658][639]LogModuleManager: Shutting down and abandoning module WidgetCarousel (196)
[2016.02.10-09.33.55:658][639]LogModuleManager: Shutting down and abandoning module AddContentDialog (195)
[2016.02.10-09.33.55:660][639]LogModuleManager: Shutting down and abandoning module EditorWidgets (194)
[2016.02.10-09.33.55:660][639]LogModuleManager: Shutting down and abandoning module CollectionManager (193)
[2016.02.10-09.33.55:660][639]LogModuleManager: Shutting down and abandoning module StatsViewer (192)
[2016.02.10-09.33.55:660][639]LogModuleManager: Shutting down and abandoning module FoliageEdit (191)
[2016.02.10-09.33.55:660][639]LogModuleManager: Shutting down and abandoning module LandscapeEditor (190)
[2016.02.10-09.33.55:660][639]LogModuleManager: Shutting down and abandoning module ActorPickerMode (189)
[2016.02.10-09.33.55:660][639]LogModuleManager: Shutting down and abandoning module GeometryMode (188)
[2016.02.10-09.33.55:661][639]LogModuleManager: Shutting down and abandoning module TextureAlignMode (187)
[2016.02.10-09.33.55:661][639]LogModuleManager: Shutting down and abandoning module BspMode (186)
[2016.02.10-09.33.55:661][639]LogModuleManager: Shutting down and abandoning module PlacementMode (185)
[2016.02.10-09.33.55:661][639]LogModuleManager: Shutting down and abandoning module AutomationWorker (184)
[2016.02.10-09.33.55:661][639]LogModuleManager: Shutting down and abandoning module CharacterAI (183)
[2016.02.10-09.33.55:661][639]LogModuleManager: Shutting down and abandoning module SmartSnapping (182)
[2016.02.10-09.33.55:661][639]LogModuleManager: Shutting down and abandoning module ViewportSnapping (181)
[2016.02.10-09.33.55:661][639]LogModuleManager: Shutting down and abandoning module LogVisualizer (180)
[2016.02.10-09.33.55:661][639]LogModuleManager: Shutting down and abandoning module GameProjectGeneration (179)
[2016.02.10-09.33.55:661][639]LogModuleManager: Shutting down and abandoning module IntroTutorials (178)
[2016.02.10-09.33.55:661][639]LogModuleManager: Shutting down and abandoning module EditorLiveStreaming (177)
[2016.02.10-09.33.55:661][639]LogModuleManager: Shutting down and abandoning module IOSPlatformEditor (176)
[2016.02.10-09.33.55:661][639]LogModuleManager: Shutting down and abandoning module HTML5PlatformEditor (175)
[2016.02.10-09.33.55:661][639]LogModuleManager: Shutting down and abandoning module AndroidDeviceDetection (174)
[2016.02.10-09.33.56:279][639]LogModuleManager: Shutting down and abandoning module AndroidPlatformEditor (173)
[2016.02.10-09.33.56:279][639]LogModuleManager: Shutting down and abandoning module IOSRuntimeSettings (172)
[2016.02.10-09.33.56:279][639]LogModuleManager: Shutting down and abandoning module AndroidRuntimeSettings (171)
[2016.02.10-09.33.56:279][639]LogModuleManager: Shutting down and abandoning module MergeActors (170)
[2016.02.10-09.33.56:279][639]LogModuleManager: Shutting down and abandoning module SizeMap (169)
[2016.02.10-09.33.56:279][639]LogModuleManager: Shutting down and abandoning module TreeMap (168)
[2016.02.10-09.33.56:279][639]LogModuleManager: Shutting down and abandoning module ReferenceViewer (167)
[2016.02.10-09.33.56:279][639]LogModuleManager: Shutting down and abandoning module LocalizationService (166)
[2016.02.10-09.33.56:279][639]LogModuleManager: Shutting down and abandoning module LocalizationDashboard (165)
[2016.02.10-09.33.56:279][639]LogModuleManager: Shutting down and abandoning module HardwareTargeting (164)
[2016.02.10-09.33.56:279][639]LogModuleManager: Shutting down and abandoning module DeviceProfileEditor (163)
[2016.02.10-09.33.56:279][639]LogModuleManager: Shutting down and abandoning module UndoHistory (162)
[2016.02.10-09.33.56:279][639]LogModuleManager: Shutting down and abandoning module GameplayTagsEditor (161)
[2016.02.10-09.33.56:279][639]LogModuleManager: Shutting down and abandoning module UserFeedback (160)
[2016.02.10-09.33.56:279][639]LogModuleManager: Shutting down and abandoning module XmlParser (159)
[2016.02.10-09.33.56:279][639]LogModuleManager: Shutting down and abandoning module Blutility (158)
[2016.02.10-09.33.56:279][639]LogModuleManager: Shutting down and abandoning module ProjectTargetPlatformEditor (157)
[2016.02.10-09.33.56:280][639]LogModuleManager: Shutting down and abandoning module ProjectSettingsViewer (156)
[2016.02.10-09.33.56:280][639]LogModuleManager: Shutting down and abandoning module InputBindingEditor (155)
[2016.02.10-09.33.56:280][639]LogModuleManager: Shutting down and abandoning module EditorSettingsViewer (154)
[2016.02.10-09.33.56:280][639]LogModuleManager: Shutting down and abandoning module SettingsEditor (153)
[2016.02.10-09.33.56:280][639]LogModuleManager: Shutting down and abandoning module ProjectLauncher (152)
[2016.02.10-09.33.56:280][639]LogModuleManager: Shutting down and abandoning module SessionFrontend (151)
[2016.02.10-09.33.56:280][639]LogModuleManager: Shutting down and abandoning module ProfilerClient (150)
[2016.02.10-09.33.56:280][639]LogModuleManager: Shutting down and abandoning module TargetDeviceServices (149)
[2016.02.10-09.33.56:280][639]LogModuleManager: Shutting down and abandoning module DeviceManager (148)
[2016.02.10-09.33.56:281][639]LogModuleManager: Shutting down and abandoning module AutomationController (147)
[2016.02.10-09.33.56:281][639]LogModuleManager: Shutting down and abandoning module AutomationWindow (146)
[2016.02.10-09.33.56:281][639]LogModuleManager: Shutting down and abandoning module Layers (145)
[2016.02.10-09.33.56:281][639]LogModuleManager: Shutting down and abandoning module ComponentVisualizers (144)
[2016.02.10-09.33.56:281][639]LogModuleManager: Shutting down and abandoning module DetailCustomizations (143)
[2016.02.10-09.33.56:281][639]LogModuleManager: Shutting down and abandoning module PackagesDialog (142)
[2016.02.10-09.33.56:281][639]LogModuleManager: Shutting down and abandoning module Persona (141)
[2016.02.10-09.33.56:281][639]LogModuleManager: Shutting down and abandoning module Kismet (140)
[2016.02.10-09.33.56:281][639]LogModuleManager: Shutting down and abandoning module GraphEditor (139)
[2016.02.10-09.33.56:282][639]LogModuleManager: Shutting down and abandoning module ClassViewer (138)
[2016.02.10-09.33.56:282][639]LogModuleManager: Shutting down and abandoning module Toolbox (137)
[2016.02.10-09.33.56:282][639]LogModuleManager: Shutting down and abandoning module ModuleUI (136)
[2016.02.10-09.33.56:282][639]LogModuleManager: Shutting down and abandoning module MovieSceneTools (135)
[2016.02.10-09.33.56:282][639]LogModuleManager: Shutting down and abandoning module OutputLog (134)
[2016.02.10-09.33.56:282][639]LogModuleManager: Shutting down and abandoning module GammaUI (133)
[2016.02.10-09.33.56:282][639]LogModuleManager: Shutting down and abandoning module Documentation (132)
[2016.02.10-09.33.56:282][639]LogModuleManager: Shutting down and abandoning module GameLiveStreaming (131)
[2016.02.10-09.33.56:282][639]LogModuleManager: Shutting down and abandoning module StreamingPauseRendering (130)
[2016.02.10-09.33.56:282][639]LogModuleManager: Shutting down and abandoning module AnalyticsET (129)
[2016.02.10-09.33.56:282][639]LogModuleManager: Shutting down and abandoning module Analytics (128)
[2016.02.10-09.33.56:282][639]LogModuleManager: Shutting down and abandoning module AITestSuite (127)
[2016.02.10-09.33.56:282][639]LogModuleManager: Shutting down and abandoning module GameplayDebugger (126)
[2016.02.10-09.33.56:282][639]LogModuleManager: Shutting down and abandoning module AIModule (125)
[2016.02.10-09.33.56:283][639]LogModuleManager: Shutting down and abandoning module ProfilerService (124)
[2016.02.10-09.33.56:402][639]LogModuleManager: Shutting down and abandoning module TaskGraph (123)
[2016.02.10-09.33.56:402][639]LogModuleManager: Shutting down and abandoning module SlateRemote (122)
[2016.02.10-09.33.56:402][639]LogModuleManager: Shutting down and abandoning module SteamVRController (121)
[2016.02.10-09.33.56:402][639]LogModuleManager: Shutting down and abandoning module SteamVR (120)
[2016.02.10-09.33.56:402][639]LogModuleManager: Shutting down and abandoning module ProceduralMeshComponent (119)
[2016.02.10-09.33.56:402][639]LogModuleManager: Shutting down and abandoning module OculusLibrary (118)
[2016.02.10-09.33.56:402][639]LogModuleManager: Shutting down and abandoning module OculusInput (117)
[2016.02.10-09.33.56:402][639]LogModuleManager: Shutting down and abandoning module LeapMotionController (116)
[2016.02.10-09.33.56:434][639]LogModuleManager: Shutting down and abandoning module CustomMeshComponent (115)
[2016.02.10-09.33.56:435][639]LogModuleManager: Shutting down and abandoning module CableComponent (114)
[2016.02.10-09.33.56:435][639]LogModuleManager: Shutting down and abandoning module ArchVisCharacter (113)
[2016.02.10-09.33.56:435][639]LogModuleManager: Shutting down and abandoning module MessagingDebugger (112)
[2016.02.10-09.33.56:435][639]LogModuleManager: Shutting down and abandoning module MediaPlayerEditor (111)
[2016.02.10-09.33.56:435][639]LogModuleManager: Shutting down and abandoning module HTML5Networking (110)
[2016.02.10-09.33.56:435][639]LogModuleManager: Shutting down and abandoning module SpeedTreeImporter (109)
[2016.02.10-09.33.56:435][639]LogModuleManager: Shutting down and abandoning module PluginBrowser (108)
[2016.02.10-09.33.56:435][639]LogModuleManager: Shutting down and abandoning module EpicSurvey (107)
[2016.02.10-09.33.56:435][639]LogModuleManager: Shutting down and abandoning module DesktopPlatform (106)
[2016.02.10-09.33.56:435][639]LogModuleManager: Shutting down and abandoning module VisualStudioSourceCodeAccess (105)
[2016.02.10-09.33.56:435][639]LogModuleManager: Shutting down and abandoning module UObjectPlugin (104)
[2016.02.10-09.33.56:435][639]LogModuleManager: Shutting down and abandoning module SubversionSourceControl (103)
[2016.02.10-09.33.56:435][639]LogModuleManager: Shutting down and abandoning module PerforceSourceControl (102)
[2016.02.10-09.33.56:435][639]LogModuleManager: Shutting down and abandoning module SourceControl (101)
[2016.02.10-09.33.56:435][639]LogModuleManager: Shutting down and abandoning module GitSourceControl (100)
[2016.02.10-09.33.56:435][639]LogModuleManager: Shutting down and abandoning module LightPropagationVolumeEditor (99)
[2016.02.10-09.33.56:435][639]LogModuleManager: Shutting down and abandoning module PaperTiledImporter (98)
[2016.02.10-09.33.56:435][639]LogModuleManager: Shutting down and abandoning module PaperSpriteSheetImporter (97)
[2016.02.10-09.33.56:435][639]LogModuleManager: Shutting down and abandoning module MeshPaint (96)
[2016.02.10-09.33.56:435][639]LogModuleManager: Shutting down and abandoning module SlateReflector (95)
[2016.02.10-09.33.56:435][639]LogModuleManager: Shutting down and abandoning module HotReload (94)
[2016.02.10-09.33.56:435][639]LogModuleManager: Shutting down and abandoning module MainFrame (93)
[2016.02.10-09.33.56:436][639]LogModuleManager: Shutting down and abandoning module LevelEditor (92)
[2016.02.10-09.33.56:437][639]LogModuleManager: Shutting down and abandoning module DirectoryWatcher (91)
[2016.02.10-09.33.56:440][639]LogModuleManager: Shutting down and abandoning module AssetRegistry (90)
[2016.02.10-09.33.56:588][639]LogModuleManager: Shutting down and abandoning module ContentBrowser (89)
[2016.02.10-09.33.56:588][639]LogModuleManager: Shutting down and abandoning module Paper2DEditor (88)
[2016.02.10-09.33.56:588][639]LogModuleManager: Shutting down and abandoning module Anthrocratos_UE4 (87)
[2016.02.10-09.33.56:588][639]LogModuleManager: Shutting down and abandoning module UdpMessaging (86)
[2016.02.10-09.33.56:689][639]LogModuleManager: Shutting down and abandoning module LightPropagationVolumeRuntime (85)
[2016.02.10-09.33.56:689][639]LogModuleManager: Shutting down and abandoning module Paper2D (84)
[2016.02.10-09.33.56:689][639]LogModuleManager: Shutting down and abandoning module WindowsMoviePlayer (83)
[2016.02.10-09.33.56:693][639]LogModuleManager: Shutting down and abandoning module Media (82)
[2016.02.10-09.33.56:693][639]LogModuleManager: Shutting down and abandoning module WmfMedia (81)
[2016.02.10-09.33.56:694][639]LogModuleManager: Shutting down and abandoning module OnlineBlueprintSupport (80)
[2016.02.10-09.33.56:694][639]LogModuleManager: Shutting down and abandoning module GameplayTasksEditor (79)
[2016.02.10-09.33.56:694][639]LogModuleManager: Shutting down and abandoning module PropertyEditor (78)
[2016.02.10-09.33.56:694][639]LogModuleManager: Shutting down and abandoning module BehaviorTreeEditor (77)
[2016.02.10-09.33.56:694][639]LogModuleManager: Shutting down and abandoning module FunctionalTesting (76)
[2016.02.10-09.33.56:694][639]LogModuleManager: Shutting down and abandoning module CollisionAnalyzer (75)
[2016.02.10-09.33.56:694][639]LogModuleManager: Shutting down and abandoning module WorkspaceMenuStructure (74)
[2016.02.10-09.33.56:694][639]LogModuleManager: Shutting down and abandoning module MessageLog (73)
[2016.02.10-09.33.56:694][639]LogModuleManager: Shutting down and abandoning module Sequencer (72)
[2016.02.10-09.33.56:694][639]LogModuleManager: Shutting down and abandoning module AssetTools (71)
[2016.02.10-09.33.56:694][639]LogModuleManager: Shutting down and abandoning module UMGEditor (70)
[2016.02.10-09.33.56:694][639]LogModuleManager: Shutting down and abandoning module UMG (69)
[2016.02.10-09.33.56:694][639]LogModuleManager: Shutting down and abandoning module Slate (68)
[2016.02.10-09.33.56:694][639]LogModuleManager: Shutting down and abandoning module EditorStyle (67)
[2016.02.10-09.33.56:700][639]LogModuleManager: Shutting down and abandoning module SessionServices (66)
[2016.02.10-09.33.56:700][639]LogModuleManager: Shutting down and abandoning module SourceCodeAccess (65)
[2016.02.10-09.33.56:700][639]LogModuleManager: Shutting down and abandoning module HeadMountedDisplay (64)
[2016.02.10-09.33.56:700][639]LogModuleManager: Shutting down and abandoning module XAudio2 (63)
[2016.02.10-09.33.56:700][639]LogModuleManager: Shutting down and abandoning module Networking (61)
[2016.02.10-09.33.56:700][639]LogModuleManager: Shutting down and abandoning module Core (60)
[2016.02.10-09.33.56:700][639]LogModuleManager: Shutting down and abandoning module KismetCompiler (59)
[2016.02.10-09.33.56:700][639]LogModuleManager: Shutting down and abandoning module PhysXFormats (58)
[2016.02.10-09.33.56:700][639]LogModuleManager: Shutting down and abandoning module MeshUtilities (57)
[2016.02.10-09.33.56:700][639]LogModuleManager: Shutting down and abandoning module DerivedDataCache (56)
[2016.02.10-09.33.56:741][639]LogDerivedDataCache: Shutdown
[2016.02.10-09.33.56:741][639]LogModuleManager: Shutting down and abandoning module ShaderFormatOpenGL (55)
[2016.02.10-09.33.56:741][639]LogModuleManager: Shutting down and abandoning module ShaderFormatD3D (54)
[2016.02.10-09.33.56:741][639]LogModuleManager: Shutting down and abandoning module MetalShaderFormat (53)
[2016.02.10-09.33.56:741][639]LogModuleManager: Shutting down and abandoning module TextureFormatUncompressed (52)
[2016.02.10-09.33.56:741][639]LogModuleManager: Shutting down and abandoning module TextureFormatPVR (51)
[2016.02.10-09.33.56:741][639]LogModuleManager: Shutting down and abandoning module TextureFormatIntelISPCTexComp (50)
[2016.02.10-09.33.56:741][639]LogModuleManager: Shutting down and abandoning module TextureFormatDXT (49)
[2016.02.10-09.33.56:741][639]LogModuleManager: Shutting down and abandoning module ImageWrapper (48)
[2016.02.10-09.33.56:741][639]LogModuleManager: Shutting down and abandoning module TextureFormatASTC (47)
[2016.02.10-09.33.56:741][639]LogModuleManager: Shutting down and abandoning module TextureFormatAndroid (46)
[2016.02.10-09.33.56:741][639]LogModuleManager: Shutting down and abandoning module AudioFormatOpus (45)
[2016.02.10-09.33.56:741][639]LogModuleManager: Shutting down and abandoning module AudioFormatOgg (44)
[2016.02.10-09.33.56:741][639]LogModuleManager: Shutting down and abandoning module AudioFormatADPCM (43)
[2016.02.10-09.33.56:741][639]LogModuleManager: Shutting down and abandoning module LinuxTargetPlatform (42)
[2016.02.10-09.33.56:741][639]LogModuleManager: Shutting down and abandoning module LinuxServerTargetPlatform (41)
[2016.02.10-09.33.56:741][639]LogModuleManager: Shutting down and abandoning module LinuxNoEditorTargetPlatform (40)
[2016.02.10-09.33.56:741][639]LogModuleManager: Shutting down and abandoning module Messaging (39)
[2016.02.10-09.33.56:741][639]LogModuleManager: Shutting down and abandoning module IOSTargetPlatform (38)
[2016.02.10-09.33.56:741][639]LogModuleManager: Shutting down and abandoning module HTML5TargetPlatform (37)
[2016.02.10-09.33.56:741][639]LogModuleManager: Shutting down and abandoning module Android_PVRTCTargetPlatform (36)
[2016.02.10-09.33.56:741][639]LogModuleManager: Shutting down and abandoning module Android_MultiTargetPlatform (35)
[2016.02.10-09.33.56:741][639]LogModuleManager: Shutting down and abandoning module Android_ETC2TargetPlatform (34)
[2016.02.10-09.33.56:741][639]LogModuleManager: Shutting down and abandoning module Android_ETC1TargetPlatform (33)
[2016.02.10-09.33.56:741][639]LogModuleManager: Shutting down and abandoning module Android_DXTTargetPlatform (32)
[2016.02.10-09.33.56:741][639]LogModuleManager: Shutting down and abandoning module Android_ATCTargetPlatform (31)
[2016.02.10-09.33.56:742][639]LogModuleManager: Shutting down and abandoning module Android_ASTCTargetPlatform (30)
[2016.02.10-09.33.56:742][639]LogModuleManager: Shutting down and abandoning module AndroidTargetPlatform (29)
[2016.02.10-09.33.56:742][639]LogModuleManager: Shutting down and abandoning module WindowsTargetPlatform (28)
[2016.02.10-09.33.56:742][639]LogModuleManager: Shutting down and abandoning module WindowsServerTargetPlatform (27)
[2016.02.10-09.33.56:742][639]LogModuleManager: Shutting down and abandoning module WindowsNoEditorTargetPlatform (26)
[2016.02.10-09.33.56:742][639]LogModuleManager: Shutting down and abandoning module WindowsClientTargetPlatform (25)
[2016.02.10-09.33.56:742][639]LogModuleManager: Shutting down and abandoning module AllDesktopTargetPlatform (24)
[2016.02.10-09.33.56:742][639]LogModuleManager: Shutting down and abandoning module TargetPlatform (23)
[2016.02.10-09.33.56:742][639]LogModuleManager: Shutting down and abandoning module InputCore (22)
[2016.02.10-09.33.56:742][639]LogModuleManager: Shutting down and abandoning module Settings (21)
[2016.02.10-09.33.56:742][639]LogModuleManager: Shutting down and abandoning module OnlineSubsystem (19)
[2016.02.10-09.33.56:742][639]LogModuleManager: Shutting down and abandoning module HTTP (18)
[2016.02.10-09.33.58:745][639]LogModuleManager: Shutting down and abandoning module XMPP (17)
[2016.02.10-09.33.58:745][639]LogModuleManager: Shutting down and abandoning module OculusRift (16)
[2016.02.10-09.33.58:745][639]LogModuleManager: Shutting down and abandoning module ExampleDeviceProfileSelector (15)
[2016.02.10-09.33.58:745][639]LogModuleManager: Shutting down and abandoning module TextureCompressor (14)
[2016.02.10-09.33.58:746][639]LogModuleManager: Shutting down and abandoning module ShaderCore (13)
[2016.02.10-09.33.58:746][639]LogModuleManager: Shutting down and abandoning module Landscape (12)
[2016.02.10-09.33.58:746][639]LogModuleManager: Shutting down and abandoning module SlateRHIRenderer (11)
[2016.02.10-09.33.58:757][639]LogModuleManager: Shutting down and abandoning module OpenGLDrv (10)
[2016.02.10-09.33.58:757][639]LogModuleManager: Shutting down and abandoning module D3D11RHI (9)
[2016.02.10-09.33.58:757][639]LogModuleManager: Shutting down and abandoning module AnimGraphRuntime (8)
[2016.02.10-09.33.58:757][639]LogModuleManager: Shutting down and abandoning module Renderer (7)
[2016.02.10-09.33.58:757][639]LogModuleManager: Shutting down and abandoning module Engine (6)
[2016.02.10-09.33.58:757][639]LogModuleManager: Shutting down and abandoning module CoreUObject (5)
[2016.02.10-09.33.58:757][639]LogModuleManager: Shutting down and abandoning module NetworkFile (4)
[2016.02.10-09.33.58:757][639]LogModuleManager: Shutting down and abandoning module StreamingFile (3)
[2016.02.10-09.33.58:757][639]LogModuleManager: Shutting down and abandoning module SandboxFile (2)
[2016.02.10-09.33.58:757][639]LogModuleManager: Shutting down and abandoning module PakFile (1)
[2016.02.10-09.33.58:761][639]LogExit: Exiting.
[2016.02.10-09.33.58:767][639]Log file closed, 02/10/16 09:33:58
