[2016.03.03-10.48.18:477][  0]Log file open, 03/03/16 10:48:18
[2016.03.03-10.48.18:477][  0]LogInit:Display: Running engine for game: Anthrocratos_UE4
[2016.03.03-10.48.18:477][  0]LogPlatformFile: Not using cached read wrapper
[2016.03.03-10.48.18:477][  0]LogInit:Display: RandInit(-2024949178) SRandInit(-2024949177).
[2016.03.03-10.48.18:477][  0]LogTaskGraph: Started task graph with 4 named threads and 7 total threads.
[2016.03.03-10.48.18:477][  0]LogStats: Stats thread started at 0.182414
[2016.03.03-10.48.18:477][  0]LogInit:Warning: Incompatible or missing module: UE4Editor-Anthrocratos_UE4.dll
[2016.03.03-10.48.21:949][  0]Running C:/Program Files (x86)/Epic Games/4.10/Engine/Binaries/DotNET/UnrealBuildTool.exe Anthrocratos_UE4 Development Win64 -project="D:/GamesDevelopment/IP3 project/Anthrocratos/Anthrocratos_UE4/Anthrocratos_UE4.uproject" -rocket -editorrecompile -progress -noubtmakefiles -2015
[2016.03.03-10.48.43:473][  0]@progress push 5%
[2016.03.03-10.48.44:176][  0]Parsing headers for Anthrocratos_UE4Editor
[2016.03.03-10.48.44:176][  0]  Running UnrealHeaderTool "D:/GamesDevelopment/IP3 project/Anthrocratos/Anthrocratos_UE4/Anthrocratos_UE4.uproject" "D:\GamesDevelopment\IP3 project\Anthrocratos\Anthrocratos_UE4\Intermediate\Build\Win64\Anthrocratos_UE4Editor\Development\UnrealHeaderTool.manifest" -LogCmds="loginit warning, logexit warning, logdatabase error" -rocket -installed
[2016.03.03-10.48.50:871][  0]Reflection code generated for Anthrocratos_UE4Editor in 6.637604 seconds
[2016.03.03-10.48.51:071][  0]@progress pop
[2016.03.03-10.48.53:279][  0]Performing 7 actions (4 in parallel)
[2016.03.03-10.48.53:379][  0]PCH.Anthrocratos_UE4.h.cpp
[2016.03.03-10.49.24:347][  0]Anthrocratos_UE4GameMode.cpp
[2016.03.03-10.49.24:347][  0]GameTileSpawner.cpp
[2016.03.03-10.49.24:347][  0]PlayerStats.cpp
[2016.03.03-10.49.24:347][  0]Anthrocratos_UE4.generated.cpp
[2016.03.03-10.49.24:649][  0]Anthrocratos_UE4.cpp
[2016.03.03-10.49.24:950][  0][7/7] Link UE4Editor-Anthrocratos_UE4.dll
[2016.03.03-10.49.25:150][  0]   Creating library D:\GamesDevelopment\IP3 project\Anthrocratos\Anthrocratos_UE4\Intermediate/Build/Win64\UE4Editor\Development\UE4Editor-Anthrocratos_UE4.lib and object D:\GamesDevelopment\IP3 project\Anthrocratos\Anthrocratos_UE4\Intermediate/Build/Win64\UE4Editor\Development\UE4Editor-Anthrocratos_UE4.exp
[2016.03.03-10.49.25:652][  0]-------- End Detailed Actions Stats -----------------------------------------------------------
[2016.03.03-10.49.25:652][  0]Total build time: 63.55 seconds
[2016.03.03-10.49.26:007][  0]LogInit: Version: 4.10.4-2872498+++depot+UE4-Releases+4.10
[2016.03.03-10.49.26:007][  0]LogInit: API Version: 2758231
[2016.03.03-10.49.26:007][  0]LogInit: Compiled (64-bit): Feb 18 2016 15:47:04
[2016.03.03-10.49.26:007][  0]LogInit: Compiled with Visual C++: 19.00.23026.00
[2016.03.03-10.49.26:007][  0]LogInit: Build Configuration: Development
[2016.03.03-10.49.26:007][  0]LogInit: Branch Name: ++depot+UE4-Releases+4.10
[2016.03.03-10.49.26:007][  0]LogInit: Command line:  
[2016.03.03-10.49.26:007][  0]LogInit: Base directory: C:/Program Files (x86)/Epic Games/4.10/Engine/Binaries/Win64/
[2016.03.03-10.49.26:007][  0]LogInit: Rocket: 1
[2016.03.03-10.49.26:031][  0]LogInit: Using libcurl 7.41.0
[2016.03.03-10.49.26:031][  0]LogInit:  - built for x86_64-pc-win32
[2016.03.03-10.49.26:031][  0]LogInit:  - supports SSL with WinSSL
[2016.03.03-10.49.26:031][  0]LogInit:  - other features:
[2016.03.03-10.49.26:031][  0]LogInit:      CURL_VERSION_SSL
[2016.03.03-10.49.26:031][  0]LogInit:      CURL_VERSION_IPV6
[2016.03.03-10.49.26:031][  0]LogInit:      CURL_VERSION_ASYNCHDNS
[2016.03.03-10.49.26:031][  0]LogInit:      CURL_VERSION_LARGEFILE
[2016.03.03-10.49.26:031][  0]LogInit:      CURL_VERSION_IDN
[2016.03.03-10.49.26:032][  0]LogInit:  CurlRequestOptions (configurable via config and command line):
[2016.03.03-10.49.26:032][  0]LogInit:  - bVerifyPeer = true  - Libcurl will verify peer certificate
[2016.03.03-10.49.26:032][  0]LogInit:  - bUseHttpProxy = false  - Libcurl will NOT use HTTP proxy
[2016.03.03-10.49.26:033][  0]LogInit:  - bDontReuseConnections = false  - Libcurl will reuse connections
[2016.03.03-10.49.26:033][  0]LogInit:  - CertBundlePath = nullptr  - Libcurl will use whatever was configured at build time.
[2016.03.03-10.49.26:070][  0]LogInit: Presizing for 0 objects not considered by GC, pre-allocating 0 bytes.
[2016.03.03-10.49.26:090][  0]LogInit: Object subsystem initialized
[2016.03.03-10.49.26:104][  0]LogInit: Selected Device Profile: [Windows]
[2016.03.03-10.49.26:104][  0]LogInit: Applying CVar settings loaded from the selected device profile: [Windows]
[2016.03.03-10.49.26:147][  0]LogInit: Computer: DESKTOP-V9NOFHJ
[2016.03.03-10.49.26:147][  0]LogInit: User: kags1
[2016.03.03-10.49.26:147][  0]LogInit: CPU Page size=4096, Cores=4
[2016.03.03-10.49.26:147][  0]LogInit: High frequency timer resolution =3.421879 MHz
[2016.03.03-10.49.26:147][  0]LogMemory: Memory total: Physical=15.9GB (16GB approx)
[2016.03.03-10.49.26:148][  0]LogMemory: Platform Memory Stats for Windows
[2016.03.03-10.49.26:148][  0]LogMemory: Process Physical Memory: 58.91 MB used, 58.91 MB peak
[2016.03.03-10.49.26:148][  0]LogMemory: Process Virtual Memory: 56.96 MB used, 56.96 MB peak
[2016.03.03-10.49.26:148][  0]LogMemory: Physical Memory: 4209.52 MB used, 16311.54 MB total
[2016.03.03-10.49.26:148][  0]LogMemory: Virtual Memory: 401.95 MB used, 134217728.00 MB total
[2016.03.03-10.49.26:359][  0]LogTextLocalizationManager: No specific translations for ('en-GB') exist, so ('en') translations will be used.
[2016.03.03-10.49.26:838][  0]LogD3D11RHI: Found D3D11 adapter 0: NVIDIA GeForce GTX 970 (Feature Level 11_0)
[2016.03.03-10.49.26:839][  0]LogD3D11RHI: Adapter has 4007MB of dedicated video memory, 0MB of dedicated system memory, and 8155MB of shared system memory, 1 output[s]
[2016.03.03-10.49.26:840][  0]LogD3D11RHI: Found D3D11 adapter 1: Microsoft Basic Render Driver (Feature Level 11_0)
[2016.03.03-10.49.26:840][  0]LogD3D11RHI: Adapter has 0MB of dedicated video memory, 0MB of dedicated system memory, and 8155MB of shared system memory, 0 output[s]
[2016.03.03-10.49.26:840][  0]LogD3D11RHI: Chosen D3D11 Adapter Id = 0
[2016.03.03-10.49.26:846][  0]LogD3D11RHI: !Direct3DDevice
[2016.03.03-10.49.26:847][  0]LogRHI: Texture pool is 1361 MB (70% of 1945 MB)
[2016.03.03-10.49.26:856][  0]LogD3D11RHI: Async texture creation enabled
[2016.03.03-10.49.27:330][  0]LogShaderCompilers: Guid format shader working directory is -15 characters bigger than the processId version (D:/GamesDevelopment/IP3 project/Anthrocratos/Anthrocratos_UE4/Intermediate/Shaders/WorkingDirectory/3784/).
[2016.03.03-10.49.27:330][  0]LogShaderCompilers: Cleaned the shader compiler working directory 'C:/Users/kags1/AppData/Local/Temp/UnrealShaderWorkingDir/0B55D6FD493ADBFF5D8887867D24FA06/'.
[2016.03.03-10.49.27:330][  0]LogShaderCompilers:Display: Using Local Shader Compiler.
[2016.03.03-10.49.28:665][  0]LogTemp:Display: Loaded TP AllDesktopTargetPlatform
[2016.03.03-10.49.28:668][  0]LogTemp:Display: Loaded TP WindowsClientTargetPlatform
[2016.03.03-10.49.28:672][  0]LogTemp:Display: Loaded TP WindowsNoEditorTargetPlatform
[2016.03.03-10.49.28:675][  0]LogTemp:Display: Loaded TP WindowsServerTargetPlatform
[2016.03.03-10.49.28:679][  0]LogTemp:Display: Loaded TP WindowsTargetPlatform
[2016.03.03-10.49.28:684][  0]LogTemp:Display: Loaded TP AndroidTargetPlatform
[2016.03.03-10.49.28:687][  0]LogTemp:Display: Loaded TP Android_ASTCTargetPlatform
[2016.03.03-10.49.28:690][  0]LogTemp:Display: Loaded TP Android_ATCTargetPlatform
[2016.03.03-10.49.28:692][  0]LogTemp:Display: Loaded TP Android_DXTTargetPlatform
[2016.03.03-10.49.28:695][  0]LogTemp:Display: Loaded TP Android_ETC1TargetPlatform
[2016.03.03-10.49.28:698][  0]LogTemp:Display: Loaded TP Android_ETC2TargetPlatform
[2016.03.03-10.49.28:705][  0]LogTemp:Display: Loaded TP Android_MultiTargetPlatform
[2016.03.03-10.49.28:705][  0]LogTemp:Display: Loaded TP Android_PVRTCTargetPlatform
[2016.03.03-10.49.28:705][  0]LogTemp:Display: Loaded TP HTML5TargetPlatform
[2016.03.03-10.49.28:747][  0]LogTemp:Display: Loaded TP IOSTargetPlatform
[2016.03.03-10.49.28:750][  0]LogTemp:Display: Loaded TP LinuxNoEditorTargetPlatform
[2016.03.03-10.49.28:753][  0]LogTemp:Display: Loaded TP LinuxServerTargetPlatform
[2016.03.03-10.49.28:757][  0]LogTemp:Display: Loaded TP LinuxTargetPlatform
[2016.03.03-10.49.28:757][  0]LogTargetPlatformManager:Display: Building Assets For Windows
[2016.03.03-10.49.29:002][  0]LogDerivedDataCache:Display: Max Cache Size: 512 MB
[2016.03.03-10.49.29:234][  0]LogDerivedDataCache: Loaded boot cache 0.23s 41MB C:/Users/kags1/AppData/Local/UnrealEngine/4.10/DerivedDataCache/Boot.ddc.
[2016.03.03-10.49.29:234][  0]LogDerivedDataCache:Display: Loaded Boot cache: C:/Users/kags1/AppData/Local/UnrealEngine/4.10/DerivedDataCache/Boot.ddc
[2016.03.03-10.49.29:234][  0]LogDerivedDataCache: FDerivedDataBackendGraph:  Pak pak cache file D:/GamesDevelopment/IP3 project/Anthrocratos/Anthrocratos_UE4/DerivedDataCache/DDC.ddp not found, will not use a pak cache.
[2016.03.03-10.49.29:234][  0]LogDerivedDataCache: Unable to find inner node Pak for hierarchical cache Hierarchy.
[2016.03.03-10.49.29:234][  0]LogDerivedDataCache: FDerivedDataBackendGraph:  CompressedPak pak cache file D:/GamesDevelopment/IP3 project/Anthrocratos/Anthrocratos_UE4/DerivedDataCache/Compressed.ddp not found, will not use a pak cache.
[2016.03.03-10.49.29:234][  0]LogDerivedDataCache: Unable to find inner node CompressedPak for hierarchical cache Hierarchy.
[2016.03.03-10.49.29:301][  0]LogDerivedDataCache:Display: Pak cache opened for reading ../../../Engine/DerivedDataCache/Compressed.ddp.
[2016.03.03-10.49.29:313][  0]LogDerivedDataCache: Using Local data cache path C:/Users/kags1/AppData/Local/UnrealEngine/Common/DerivedDataCache: Writable
[2016.03.03-10.49.31:950][  0]LogInit: Selected Device Profile: [Windows]
[2016.03.03-10.49.31:958][  0]LogContentStreaming: Texture pool size is 0.000000MB
[2016.03.03-10.49.32:168][  0]LogMeshUtilities: No automatic mesh reduction module available
[2016.03.03-10.49.32:168][  0]LogMeshUtilities: No automatic mesh merging module available
[2016.03.03-10.49.32:816][  0]LogInit: WinSock: version 1.1 (2.2), MaxSocks=32767, MaxUdp=65467
[2016.03.03-10.49.34:880][  0]UdpMessaging: Initializing bridge on interface 0.0.0.0:0 to multicast group 230.0.0.1:6666.
[2016.03.03-10.49.35:049][  0]LogAssetRegistry: FAssetRegistry took 0.0122 seconds to start up
[2016.03.03-10.49.35:351][  0]SourceControl: Info Source control is disabled
[2016.03.03-10.49.35:352][  0]SourceControl: Info Source control is disabled
[2016.03.03-10.49.35:365][  0]SourceControl: Info Source control is disabled
[2016.03.03-10.49.35:374][  0]SourceControl: Info Source control is disabled
[2016.03.03-10.49.35:694][  0]LogObj: 28645 objects as part of root set at end of initial load.
[2016.03.03-10.49.35:694][  0]LogUObjectAllocator: 6105096 out of 0 bytes used by permanent object pool.
[2016.03.03-10.49.35:790][  0]LogEngine: Initializing Engine...
[2016.03.03-10.49.35:793][  0]LogHMD: Can't find Oculus library dev build: is proper Runtime installed? Version: 0.8.0.0
[2016.03.03-10.49.35:803][  0]LogHMD: SteamVR failed to initialize.  Err: 110
[2016.03.03-10.49.36:032][  0]LogAIModule: Creating AISystem for world NewWorld
[2016.03.03-10.49.36:063][  0]LogInit: XAudio2 using 'Speakers (Realtek High Definition Audio)' : 2 channels at 48 kHz using 32 bits per sample (channel mask 0x3)
[2016.03.03-10.49.36:079][  0]LogInit: FAudioDevice initialized.
[2016.03.03-10.49.36:099][  0]LogDerivedDataCache: Saved boot cache 0.02s 41MB C:/Users/kags1/AppData/Local/UnrealEngine/4.10/DerivedDataCache/Boot.ddc.
[2016.03.03-10.49.36:103][  0]LogInit: Texture streaming: Enabled
[2016.03.03-10.49.36:109][  0]LogAnalytics: Creating configured Analytics provider AnalyticsET
[2016.03.03-10.49.36:110][  0]LogAnalytics: [UEEditor.Rocket.Release] APIServer = http://et2.epicgames.com/ET2/. AppVersion = 4.10.4-2872498+++depot+UE4-Releases+4.10
[2016.03.03-10.49.36:110][  0]LogAnalytics: [UEEditor.Rocket.Release] SetUserId 53a42f9a47758014628f45b58968528c|ab08d7ce0f414bdba0971ea2fb4514a5|aa93573c-bf9c-4133-82d2-67a621a96ae2
[2016.03.03-10.49.36:112][  0]LogAnalytics: [UEEditor.Rocket.Release] AnalyticsET::StartSession
[2016.03.03-10.49.36:233][  0]LogInit: Transaction tracking system initialized
[2016.03.03-10.49.36:400][  0]BlueprintLog: New page: Editor Load
[2016.03.03-10.49.36:620][  0]LocalizationService: Info Localization service is disabled
[2016.03.03-10.49.36:780][  0]LogConsoleResponse:Display: 
[2016.03.03-10.49.36:988][  0]LogCook:Display: Done creating registry. It took  0.00s.
[2016.03.03-10.49.37:102][  0]LogFileCache: Scanning file cache for directory 'D:/GamesDevelopment/IP3 project/Anthrocratos/Anthrocratos_UE4/Content/' took 0.02s
[2016.03.03-10.49.37:102][  0]SourceControl: Info Source control is disabled
[2016.03.03-10.49.37:105][  0]Cmd: MAP LOAD FILE="D:/GamesDevelopment/IP3 project/Anthrocratos/Anthrocratos_UE4/Content/Levels/Kieran-Test.umap" TEMPLATE=0 SHOWPROGRESS=1 FEATURELEVEL=3
[2016.03.03-10.49.37:125][  0]LightingResults: New page: Lighting Build
[2016.03.03-10.49.37:138][  0]MapCheck: New page: Map Check
[2016.03.03-10.49.37:138][  0]LightingResults: New page: Lighting Build
[2016.03.03-10.49.37:172][  0]LogParticles: Destroying 0 GPU particle simulations for FXSystem 0x0000020632E6EAC0
[2016.03.03-10.49.38:231][  0]LogBlueprint:Warning: USimpleConstructionScript::FixupRootNodeParentReferences() - Couldn't find inherited parent component 'TileMesh' for 'BuildingMesh' in BlueprintGeneratedClass 'REINST_Building_C_22' (it may have been removed)
[2016.03.03-10.49.38:289][  0]LogLinker:Warning: CreateExport: Failed to load Parent for Function /Game/Blueprints/Tiles/Buildings/FossilBasedEnergy.FossilBasedEnergy_C:UserConstructionScript; removing parent information, but keeping function
[2016.03.03-10.49.38:300][  0]LogLinker:Warning: CreateExport: Failed to load Parent for Function /Game/Blueprints/Tiles/Buildings/Free-RangeLivestock.Free-RangeLivestock_C:UserConstructionScript; removing parent information, but keeping function
[2016.03.03-10.49.38:314][  0]LogLinker:Warning: CreateExport: Failed to load Parent for Function /Game/Blueprints/Tiles/Buildings/Incinerator.Incinerator_C:UserConstructionScript; removing parent information, but keeping function
[2016.03.03-10.49.38:348][  0]LogLinker:Warning: CreateExport: Failed to load Parent for Function /Game/Blueprints/Tiles/Buildings/IntensiveFarming.IntensiveFarming_C:UserConstructionScript; removing parent information, but keeping function
[2016.03.03-10.49.38:361][  0]LogLinker:Warning: CreateExport: Failed to load Parent for Function /Game/Blueprints/Tiles/Buildings/NuclearPower.NuclearPower_C:UserConstructionScript; removing parent information, but keeping function
[2016.03.03-10.49.38:371][  0]LogLinker:Warning: CreateExport: Failed to load Parent for Function /Game/Blueprints/Tiles/Buildings/OrganicFarm.OrganicFarm_C:UserConstructionScript; removing parent information, but keeping function
[2016.03.03-10.49.38:380][  0]LogLinker:Warning: CreateExport: Failed to load Parent for Function /Game/Blueprints/Tiles/Buildings/RecyclingCentre.RecyclingCentre_C:UserConstructionScript; removing parent information, but keeping function
[2016.03.03-10.49.38:436][  0]LogLinker:Warning: CreateExport: Failed to load Parent for Function /Game/Blueprints/Tiles/Buildings/SolarPanels.SolarPanels_C:UserConstructionScript; removing parent information, but keeping function
[2016.03.03-10.49.38:447][  0]LogLinker:Warning: CreateExport: Failed to load Parent for Function /Game/Blueprints/Tiles/Buildings/Windmills.Windmills_C:UserConstructionScript; removing parent information, but keeping function
[2016.03.03-10.49.39:056][  0]LogLinker:Warning: CreateExport: Failed to load Parent for Function /Game/Blueprints/Tiles/Biomes/DesertTile.DesertTile_C:UserConstructionScript; removing parent information, but keeping function
[2016.03.03-10.49.39:064][  0]LogLinker:Warning: CreateExport: Failed to load Parent for Function /Game/Blueprints/Tiles/Biomes/FieldTile.FieldTile_C:UserConstructionScript; removing parent information, but keeping function
[2016.03.03-10.49.39:273][  0]LogLinker:Warning: CreateExport: Failed to load Parent for Function /Game/Blueprints/Tiles/Biomes/ForestTile.ForestTile_C:UserConstructionScript; removing parent information, but keeping function
[2016.03.03-10.49.39:372][  0]LogLinker:Warning: CreateExport: Failed to load Parent for Function /Game/Blueprints/Tiles/Biomes/MountainTile.MountainTile_C:UserConstructionScript; removing parent information, but keeping function
[2016.03.03-10.49.39:380][  0]LogLinker:Warning: CreateExport: Failed to load Parent for Function /Game/Blueprints/Tiles/Buildings/CityCentre.CityCentre_C:UserConstructionScript; removing parent information, but keeping function
[2016.03.03-10.49.40:040][  0]LogAIModule: Creating AISystem for world Kieran-Test
[2016.03.03-10.49.40:070][  0]LogEditorServer: Finished looking for orphan Actors (0.000 secs)
[2016.03.03-10.49.40:074][  0]Cmd: MAP CHECKDEP NOCLEARLOG
[2016.03.03-10.49.40:114][  0]MapCheck: Info Map check complete: 0 Error(s), 0 Warning(s), took 39.571ms to complete.
[2016.03.03-10.49.40:114][  0]LogFileHelpers: Loading map 'Kieran-Test' took 3.011
[2016.03.03-10.49.40:296][  0]LogCollectionManager: Loaded 0 collections in 0.001176 seconds
[2016.03.03-10.49.40:385][  0]LogFileCache: Scanning file cache for directory 'D:/GamesDevelopment/IP3 project/Anthrocratos/Anthrocratos_UE4/Saved/Collections/' took 0.01s
[2016.03.03-10.49.40:385][  0]LogFileCache: Scanning file cache for directory 'D:/GamesDevelopment/IP3 project/Anthrocratos/Anthrocratos_UE4/Content/Developers/kags1/Collections/' took 0.01s
[2016.03.03-10.49.40:385][  0]LogFileCache: Scanning file cache for directory 'D:/GamesDevelopment/IP3 project/Anthrocratos/Anthrocratos_UE4/Content/Collections/' took 0.01s
[2016.03.03-10.49.40:385][  0]LogCollectionManager: Rebuilt the GUID cache for 0 collections in 0.000001 seconds
[2016.03.03-10.49.40:395][  0]LogContentBrowser: Native class hierarchy populated in 0.0090 seconds. Added 1896 classes and 340 folders.
[2016.03.03-10.49.40:406][  0]LogContentBrowser: Native class hierarchy updated for 'WidgetCarousel' in 0.0008 seconds. Added 0 classes and 0 folders.
[2016.03.03-10.49.40:686][  0]LogContentBrowser: Native class hierarchy updated for 'AddContentDialog' in 0.0008 seconds. Added 0 classes and 0 folders.
[2016.03.03-10.49.40:712][  0]LogContentBrowser: Native class hierarchy updated for 'SceneOutliner' in 0.0008 seconds. Added 1 classes and 2 folders.
[2016.03.03-10.49.40:852][  0]LogCrashTracker: Crashtracker disabled due to settings.
[2016.03.03-10.49.40:877][  0]LogUObjectGlobals:Warning: Failed to find object 'Class None.'
[2016.03.03-10.49.40:904][  0]LogLoad: Full Startup: 83.81 seconds (BP compile: 0.44 seconds)
[2016.03.03-10.49.40:916][  0]LogOcInput: Can't find Oculus library dev build: is proper Runtime installed? Version: 0.8.0.0
[2016.03.03-10.49.41:043][  0]LogContentStreaming: Texture pool size now 1000 MB
[2016.03.03-10.49.41:147][  1]LogFileCache: Retrieving MD5 hashes for directory 'D:/GamesDevelopment/IP3 project/Anthrocratos/Anthrocratos_UE4/Content/' took 0.22s
[2016.03.03-10.49.41:184][  2]LogRenderer: Reallocating scene render targets to support 1088x524 (Frame:2).
[2016.03.03-10.49.43:974][306]LogAssetRegistry: Asset discovery search completed in 8.9366 seconds
[2016.03.03-10.49.43:975][306]LogCollectionManager: Rebuilt the object cache for 0 collections in 0.000000 seconds (found 0 objects)
[2016.03.03-10.49.43:975][306]LogCollectionManager: Fixed up redirectors for 0 collections in 0.000452 seconds (updated 0 objects)
[2016.03.03-10.49.44:577][367]LogBlueprintUserMessages: Early PlayInEditor Detection: Level '/Game/Levels/Kieran-Test.Kieran-Test:PersistentLevel' has LevelScriptBlueprint '/Game/Levels/Kieran-Test.Kieran-Test:PersistentLevel.Kieran-Test' with GeneratedClass '/Game/Levels/Kieran-Test.Kieran-Test_C' with ClassGeneratedBy '/Game/Levels/Kieran-Test.Kieran-Test:PersistentLevel.Kieran-Test'
[2016.03.03-10.49.44:577][367]LogPlayLevel: PlayLevel: No blueprints needed recompiling
[2016.03.03-10.49.44:578][367]PIE: New page: PIE session: Kieran-Test (3 Mar 2016 10:49:44)
[2016.03.03-10.49.44:578][367]LogPlayLevel: Creating play world package: /Game/Levels/UEDPIE_0_Kieran-Test
[2016.03.03-10.49.44:583][367]LogPlayLevel: PIE: StaticDuplicateObject took: (0.004162s)
[2016.03.03-10.49.44:583][367]LogAIModule: Creating AISystem for world Kieran-Test
[2016.03.03-10.49.44:583][367]LogPlayLevel: PIE: World Init took: (0.000518s)
[2016.03.03-10.49.44:584][367]LogPlayLevel: PIE: Created PIE world by copying editor world from /Game/Levels/Kieran-Test.Kieran-Test to /Game/Levels/UEDPIE_0_Kieran-Test.Kieran-Test (0.005384s)
[2016.03.03-10.49.44:644][367]LogInit: XAudio2 using 'Speakers (Realtek High Definition Audio)' : 2 channels at 48 kHz using 32 bits per sample (channel mask 0x3)
[2016.03.03-10.49.44:654][367]LogInit: FAudioDevice initialized.
[2016.03.03-10.49.44:705][367]LogWorld: Game class is 'AnthroGameMode_C'
[2016.03.03-10.49.44:713][367]LogWorld: Bringing World /Game/Levels/UEDPIE_0_Kieran-Test.Kieran-Test up for play (max tick rate 0) at 2016.03.03-10.49.44
[2016.03.03-10.49.44:713][367]LogActor:Warning: GameSession /Game/Levels/UEDPIE_0_Kieran-Test.Kieran-Test:PersistentLevel.GameSession_0 has natively added scene component(s), but none of them were set as the actor's RootComponent - picking one arbitrarily
[2016.03.03-10.49.44:714][367]LogActor:Warning: GameNetworkManager /Game/Levels/UEDPIE_0_Kieran-Test.Kieran-Test:PersistentLevel.GameNetworkManager_0 has natively added scene component(s), but none of them were set as the actor's RootComponent - picking one arbitrarily
[2016.03.03-10.49.44:717][367]LogWorld: Bringing up level for play took: 0.004875
[2016.03.03-10.49.44:742][367]LogBlueprintUserMessages: [GameTileSpawner_C_0] TilesGenerated
[2016.03.03-10.49.44:745][367]LogBlueprintUserMessages: [CityCentre_C_0] Building data doesn't exist
[2016.03.03-10.49.44:746][367]LogBlueprintUserMessages: [GameTileSpawner_C_0] out of bounds
[2016.03.03-10.49.44:746][367]LogBlueprintUserMessages: [GameTileSpawner_C_0] out of bounds
[2016.03.03-10.49.44:746][367]LogBlueprintUserMessages: [GameTileSpawner_C_0] out of bounds
[2016.03.03-10.49.44:747][367]LogBlueprintUserMessages: [GameTileSpawner_C_0] out of bounds
[2016.03.03-10.49.44:750][367]LogBlueprintUserMessages: [GameTileSpawner_C_0] spawned biome
[2016.03.03-10.49.44:751][367]LogBlueprintUserMessages: [GameTileSpawner_C_0] out of bounds
[2016.03.03-10.49.44:751][367]LogBlueprintUserMessages: [GameTileSpawner_C_0] out of bounds
[2016.03.03-10.49.44:751][367]LogBlueprintUserMessages: [GameTileSpawner_C_0] out of bounds
[2016.03.03-10.49.44:751][367]LogBlueprintUserMessages: [GameTileSpawner_C_0] out of bounds
[2016.03.03-10.49.44:752][367]LogBlueprintUserMessages: [GameTileSpawner_C_0] out of bounds
[2016.03.03-10.49.44:752][367]LogBlueprintUserMessages: [GameTileSpawner_C_0] out of bounds
[2016.03.03-10.49.44:753][367]LogBlueprintUserMessages: [GameTileSpawner_C_0] out of bounds
[2016.03.03-10.49.44:753][367]LogBlueprintUserMessages: [GameTileSpawner_C_0] out of bounds
[2016.03.03-10.49.44:753][367]LogBlueprintUserMessages: [GameTileSpawner_C_0] out of bounds
[2016.03.03-10.49.44:754][367]LogBlueprintUserMessages: [GameTileSpawner_C_0] out of bounds
[2016.03.03-10.49.44:754][367]LogBlueprintUserMessages: [GameTileSpawner_C_0] spawned biome
[2016.03.03-10.49.44:754][367]LogBlueprintUserMessages: [GameTileSpawner_C_0] out of bounds
[2016.03.03-10.49.44:754][367]LogBlueprintUserMessages: [GameTileSpawner_C_0] out of bounds
[2016.03.03-10.49.44:754][367]LogBlueprintUserMessages: [GameTileSpawner_C_0] out of bounds
[2016.03.03-10.49.44:755][367]LogBlueprintUserMessages: [GameTileSpawner_C_0] spawned biome
[2016.03.03-10.49.44:765][367]PIE: Info Play in editor start time for /Game/Levels/UEDPIE_0_Kieran-Test -0.539
[2016.03.03-10.49.44:765][367]LogBlueprintUserMessages: Late PlayInEditor Detection: Level '/Game/Levels/Kieran-Test.Kieran-Test:PersistentLevel' has LevelScriptBlueprint '/Game/Levels/Kieran-Test.Kieran-Test:PersistentLevel.Kieran-Test' with GeneratedClass '/Game/Levels/Kieran-Test.Kieran-Test_C' with ClassGeneratedBy '/Game/Levels/Kieran-Test.Kieran-Test:PersistentLevel.Kieran-Test'
[2016.03.03-10.49.44:803][367]LogScript:Warning: Accessed None 'HexTileRef'
	BuildingUI_C /Engine/Transient.UnrealEdEngine_0:GameInstance_0.BuildingUI_C_0
	Function /Game/Blueprints/UI/BuildingUI.BuildingUI_C:ExecuteUbergraph_BuildingUI:00AA
[2016.03.03-10.49.44:816][368]LogScript:Warning: Accessed None 'HexTileRef'
	BuildingUI_C /Engine/Transient.UnrealEdEngine_0:GameInstance_0.BuildingUI_C_0
	Function /Game/Blueprints/UI/BuildingUI.BuildingUI_C:ExecuteUbergraph_BuildingUI:00AA
[2016.03.03-10.49.44:825][369]LogScript:Warning: Accessed None 'HexTileRef'
	BuildingUI_C /Engine/Transient.UnrealEdEngine_0:GameInstance_0.BuildingUI_C_0
	Function /Game/Blueprints/UI/BuildingUI.BuildingUI_C:ExecuteUbergraph_BuildingUI:00AA
[2016.03.03-10.49.44:831][370]LogScript:Warning: Accessed None 'HexTileRef'
	BuildingUI_C /Engine/Transient.UnrealEdEngine_0:GameInstance_0.BuildingUI_C_0
	Function /Game/Blueprints/UI/BuildingUI.BuildingUI_C:ExecuteUbergraph_BuildingUI:00AA
[2016.03.03-10.49.44:839][371]LogScript:Warning: Accessed None 'HexTileRef'
	BuildingUI_C /Engine/Transient.UnrealEdEngine_0:GameInstance_0.BuildingUI_C_0
	Function /Game/Blueprints/UI/BuildingUI.BuildingUI_C:ExecuteUbergraph_BuildingUI:00AA
[2016.03.03-10.49.44:848][372]LogScript:Warning: Accessed None 'HexTileRef'
	BuildingUI_C /Engine/Transient.UnrealEdEngine_0:GameInstance_0.BuildingUI_C_0
	Function /Game/Blueprints/UI/BuildingUI.BuildingUI_C:ExecuteUbergraph_BuildingUI:00AA
[2016.03.03-10.49.44:856][373]LogScript:Warning: Accessed None 'HexTileRef'
	BuildingUI_C /Engine/Transient.UnrealEdEngine_0:GameInstance_0.BuildingUI_C_0
	Function /Game/Blueprints/UI/BuildingUI.BuildingUI_C:ExecuteUbergraph_BuildingUI:00AA
[2016.03.03-10.49.44:865][374]LogScript:Warning: Accessed None 'HexTileRef'
	BuildingUI_C /Engine/Transient.UnrealEdEngine_0:GameInstance_0.BuildingUI_C_0
	Function /Game/Blueprints/UI/BuildingUI.BuildingUI_C:ExecuteUbergraph_BuildingUI:00AA
[2016.03.03-10.49.44:873][375]LogScript:Warning: Accessed None 'HexTileRef'
	BuildingUI_C /Engine/Transient.UnrealEdEngine_0:GameInstance_0.BuildingUI_C_0
	Function /Game/Blueprints/UI/BuildingUI.BuildingUI_C:ExecuteUbergraph_BuildingUI:00AA
[2016.03.03-10.49.44:883][376]LogScript:Warning: Accessed None 'HexTileRef'
	BuildingUI_C /Engine/Transient.UnrealEdEngine_0:GameInstance_0.BuildingUI_C_0
	Function /Game/Blueprints/UI/BuildingUI.BuildingUI_C:ExecuteUbergraph_BuildingUI:00AA
[2016.03.03-10.49.44:890][377]LogScript:Warning: Accessed None 'HexTileRef'
	BuildingUI_C /Engine/Transient.UnrealEdEngine_0:GameInstance_0.BuildingUI_C_0
	Function /Game/Blueprints/UI/BuildingUI.BuildingUI_C:ExecuteUbergraph_BuildingUI:00AA
[2016.03.03-10.49.44:898][378]LogScript:Warning: Accessed None 'HexTileRef'
	BuildingUI_C /Engine/Transient.UnrealEdEngine_0:GameInstance_0.BuildingUI_C_0
	Function /Game/Blueprints/UI/BuildingUI.BuildingUI_C:ExecuteUbergraph_BuildingUI:00AA
[2016.03.03-10.49.44:907][379]LogScript:Warning: Accessed None 'HexTileRef'
	BuildingUI_C /Engine/Transient.UnrealEdEngine_0:GameInstance_0.BuildingUI_C_0
	Function /Game/Blueprints/UI/BuildingUI.BuildingUI_C:ExecuteUbergraph_BuildingUI:00AA
[2016.03.03-10.49.44:915][380]LogScript:Warning: Accessed None 'HexTileRef'
	BuildingUI_C /Engine/Transient.UnrealEdEngine_0:GameInstance_0.BuildingUI_C_0
	Function /Game/Blueprints/UI/BuildingUI.BuildingUI_C:ExecuteUbergraph_BuildingUI:00AA
[2016.03.03-10.49.44:923][381]LogScript:Warning: Accessed None 'HexTileRef'
	BuildingUI_C /Engine/Transient.UnrealEdEngine_0:GameInstance_0.BuildingUI_C_0
	Function /Game/Blueprints/UI/BuildingUI.BuildingUI_C:ExecuteUbergraph_BuildingUI:00AA
[2016.03.03-10.49.44:932][382]LogScript:Warning: Accessed None 'HexTileRef'
	BuildingUI_C /Engine/Transient.UnrealEdEngine_0:GameInstance_0.BuildingUI_C_0
	Function /Game/Blueprints/UI/BuildingUI.BuildingUI_C:ExecuteUbergraph_BuildingUI:00AA
[2016.03.03-10.49.44:940][383]LogScript:Warning: Accessed None 'HexTileRef'
	BuildingUI_C /Engine/Transient.UnrealEdEngine_0:GameInstance_0.BuildingUI_C_0
	Function /Game/Blueprints/UI/BuildingUI.BuildingUI_C:ExecuteUbergraph_BuildingUI:00AA
[2016.03.03-10.49.51:453][160]LogBlueprintUserMessages: [PlayerStatsMain_74] BuildingTracked
[2016.03.03-10.49.51:453][160]LogBlueprintUserMessages: [AnthroGameMode_C_0] 1 action left
[2016.03.03-10.49.53:629][420]LogBlueprintUserMessages: [PlayerStatsMain_74] BuildingTracked
[2016.03.03-10.49.53:629][420]LogBlueprintUserMessages: [AnthroGameMode_C_0] next player
[2016.03.03-10.49.57:914][931]LogBlueprintUserMessages: Early EndPlayMap Detection: Level '/Game/Levels/Kieran-Test.Kieran-Test:PersistentLevel' has LevelScriptBlueprint '/Game/Levels/Kieran-Test.Kieran-Test:PersistentLevel.Kieran-Test' with GeneratedClass '/Game/Levels/Kieran-Test.Kieran-Test_C' with ClassGeneratedBy '/Game/Levels/Kieran-Test.Kieran-Test:PersistentLevel.Kieran-Test'
[2016.03.03-10.49.57:958][931]LogBlueprintUserMessages: Late EndPlayMap Detection: Level '/Game/Levels/Kieran-Test.Kieran-Test:PersistentLevel' has LevelScriptBlueprint '/Game/Levels/Kieran-Test.Kieran-Test:PersistentLevel.Kieran-Test' with GeneratedClass '/Game/Levels/Kieran-Test.Kieran-Test_C' with ClassGeneratedBy '/Game/Levels/Kieran-Test.Kieran-Test:PersistentLevel.Kieran-Test'
[2016.03.03-10.49.57:976][931]LogParticles: Destroying 0 GPU particle simulations for FXSystem 0x000002065C8A3420
[2016.03.03-10.49.59:062][ 49]LogWindowsTextInputMethodSystem:Display: IME system now deactivated.
[2016.03.03-10.49.59:297][ 50]Cmd: QUIT_EDITOR
[2016.03.03-10.50.00:254][ 50]LogExit: Preparing to exit.
[2016.03.03-10.50.01:035][ 50]LogExit: Editor shut down
[2016.03.03-10.50.01:035][ 50]LogExit: Transaction tracking system shut down
[2016.03.03-10.50.01:041][ 50]LogParticles: Destroying 0 GPU particle simulations for FXSystem 0x000002063AC20C20
[2016.03.03-10.50.01:042][ 50]LogParticles: Destroying 0 GPU particle simulations for FXSystem 0x000002063F2ABB00
[2016.03.03-10.50.01:042][ 50]LogParticles: Destroying 0 GPU particle simulations for FXSystem 0x000002063F1E47C0
[2016.03.03-10.50.01:042][ 50]LogParticles: Destroying 0 GPU particle simulations for FXSystem 0x000002063089BF60
[2016.03.03-10.50.01:219][ 50]LogExit: Object subsystem successfully closed.
[2016.03.03-10.50.01:252][ 50]LogD3D11RHI: Shutdown
[2016.03.03-10.50.01:252][ 50]LogD3D11RHI: CleanupD3DDevice
[2016.03.03-10.50.01:304][ 50]LogD3D11RHI: ~FD3D11DynamicRHI
[2016.03.03-10.50.01:338][ 50]LogModuleManager: Shutting down and abandoning module CrashTracker (199)
[2016.03.03-10.50.01:338][ 50]LogModuleManager: Shutting down and abandoning module SceneOutliner (198)
[2016.03.03-10.50.01:338][ 50]LogModuleManager: Shutting down and abandoning module SuperSearch (197)
[2016.03.03-10.50.01:338][ 50]LogModuleManager: Shutting down and abandoning module WidgetCarousel (196)
[2016.03.03-10.50.01:339][ 50]LogModuleManager: Shutting down and abandoning module AddContentDialog (195)
[2016.03.03-10.50.01:340][ 50]LogModuleManager: Shutting down and abandoning module EditorWidgets (194)
[2016.03.03-10.50.01:340][ 50]LogModuleManager: Shutting down and abandoning module CollectionManager (193)
[2016.03.03-10.50.01:340][ 50]LogModuleManager: Shutting down and abandoning module StatsViewer (192)
[2016.03.03-10.50.01:341][ 50]LogModuleManager: Shutting down and abandoning module FoliageEdit (191)
[2016.03.03-10.50.01:341][ 50]LogModuleManager: Shutting down and abandoning module LandscapeEditor (190)
[2016.03.03-10.50.01:342][ 50]LogModuleManager: Shutting down and abandoning module ActorPickerMode (189)
[2016.03.03-10.50.01:342][ 50]LogModuleManager: Shutting down and abandoning module GeometryMode (188)
[2016.03.03-10.50.01:342][ 50]LogModuleManager: Shutting down and abandoning module TextureAlignMode (187)
[2016.03.03-10.50.01:342][ 50]LogModuleManager: Shutting down and abandoning module BspMode (186)
[2016.03.03-10.50.01:342][ 50]LogModuleManager: Shutting down and abandoning module PlacementMode (185)
[2016.03.03-10.50.01:342][ 50]LogModuleManager: Shutting down and abandoning module AutomationWorker (184)
[2016.03.03-10.50.01:342][ 50]LogModuleManager: Shutting down and abandoning module CharacterAI (183)
[2016.03.03-10.50.01:342][ 50]LogModuleManager: Shutting down and abandoning module SmartSnapping (182)
[2016.03.03-10.50.01:342][ 50]LogModuleManager: Shutting down and abandoning module ViewportSnapping (181)
[2016.03.03-10.50.01:342][ 50]LogModuleManager: Shutting down and abandoning module LogVisualizer (180)
[2016.03.03-10.50.01:344][ 50]LogModuleManager: Shutting down and abandoning module GameProjectGeneration (179)
[2016.03.03-10.50.01:345][ 50]LogModuleManager: Shutting down and abandoning module IntroTutorials (178)
[2016.03.03-10.50.01:347][ 50]LogModuleManager: Shutting down and abandoning module EditorLiveStreaming (177)
[2016.03.03-10.50.01:347][ 50]LogModuleManager: Shutting down and abandoning module IOSPlatformEditor (176)
[2016.03.03-10.50.01:347][ 50]LogModuleManager: Shutting down and abandoning module HTML5PlatformEditor (175)
[2016.03.03-10.50.01:347][ 50]LogModuleManager: Shutting down and abandoning module AndroidDeviceDetection (174)
[2016.03.03-10.50.01:685][ 50]LogModuleManager: Shutting down and abandoning module AndroidPlatformEditor (173)
[2016.03.03-10.50.01:685][ 50]LogModuleManager: Shutting down and abandoning module IOSRuntimeSettings (172)
[2016.03.03-10.50.01:685][ 50]LogModuleManager: Shutting down and abandoning module AndroidRuntimeSettings (171)
[2016.03.03-10.50.01:685][ 50]LogModuleManager: Shutting down and abandoning module MergeActors (170)
[2016.03.03-10.50.01:685][ 50]LogModuleManager: Shutting down and abandoning module SizeMap (169)
[2016.03.03-10.50.01:685][ 50]LogModuleManager: Shutting down and abandoning module TreeMap (168)
[2016.03.03-10.50.01:685][ 50]LogModuleManager: Shutting down and abandoning module ReferenceViewer (167)
[2016.03.03-10.50.01:685][ 50]LogModuleManager: Shutting down and abandoning module LocalizationService (166)
[2016.03.03-10.50.01:687][ 50]LogModuleManager: Shutting down and abandoning module LocalizationDashboard (165)
[2016.03.03-10.50.01:687][ 50]LogModuleManager: Shutting down and abandoning module HardwareTargeting (164)
[2016.03.03-10.50.01:688][ 50]LogModuleManager: Shutting down and abandoning module DeviceProfileEditor (163)
[2016.03.03-10.50.01:688][ 50]LogModuleManager: Shutting down and abandoning module UndoHistory (162)
[2016.03.03-10.50.01:689][ 50]LogModuleManager: Shutting down and abandoning module GameplayTagsEditor (161)
[2016.03.03-10.50.01:689][ 50]LogModuleManager: Shutting down and abandoning module UserFeedback (160)
[2016.03.03-10.50.01:689][ 50]LogModuleManager: Shutting down and abandoning module XmlParser (159)
[2016.03.03-10.50.01:689][ 50]LogModuleManager: Shutting down and abandoning module Blutility (158)
[2016.03.03-10.50.01:689][ 50]LogModuleManager: Shutting down and abandoning module ProjectTargetPlatformEditor (157)
[2016.03.03-10.50.01:689][ 50]LogModuleManager: Shutting down and abandoning module ProjectSettingsViewer (156)
[2016.03.03-10.50.01:689][ 50]LogModuleManager: Shutting down and abandoning module InputBindingEditor (155)
[2016.03.03-10.50.01:691][ 50]LogModuleManager: Shutting down and abandoning module EditorSettingsViewer (154)
[2016.03.03-10.50.01:691][ 50]LogModuleManager: Shutting down and abandoning module SettingsEditor (153)
[2016.03.03-10.50.01:691][ 50]LogModuleManager: Shutting down and abandoning module ProjectLauncher (152)
[2016.03.03-10.50.01:692][ 50]LogModuleManager: Shutting down and abandoning module SessionFrontend (151)
[2016.03.03-10.50.01:693][ 50]LogModuleManager: Shutting down and abandoning module ProfilerClient (150)
[2016.03.03-10.50.01:694][ 50]LogModuleManager: Shutting down and abandoning module TargetDeviceServices (149)
[2016.03.03-10.50.01:694][ 50]LogModuleManager: Shutting down and abandoning module DeviceManager (148)
[2016.03.03-10.50.01:695][ 50]LogModuleManager: Shutting down and abandoning module AutomationController (147)
[2016.03.03-10.50.01:695][ 50]LogModuleManager: Shutting down and abandoning module AutomationWindow (146)
[2016.03.03-10.50.01:696][ 50]LogModuleManager: Shutting down and abandoning module Layers (145)
[2016.03.03-10.50.01:698][ 50]LogModuleManager: Shutting down and abandoning module ComponentVisualizers (144)
[2016.03.03-10.50.01:698][ 50]LogModuleManager: Shutting down and abandoning module DetailCustomizations (143)
[2016.03.03-10.50.01:699][ 50]LogModuleManager: Shutting down and abandoning module PackagesDialog (142)
[2016.03.03-10.50.01:699][ 50]LogModuleManager: Shutting down and abandoning module Persona (141)
[2016.03.03-10.50.01:702][ 50]LogModuleManager: Shutting down and abandoning module Kismet (140)
[2016.03.03-10.50.01:702][ 50]LogModuleManager: Shutting down and abandoning module GraphEditor (139)
[2016.03.03-10.50.01:704][ 50]LogModuleManager: Shutting down and abandoning module ClassViewer (138)
[2016.03.03-10.50.01:705][ 50]LogModuleManager: Shutting down and abandoning module Toolbox (137)
[2016.03.03-10.50.01:705][ 50]LogModuleManager: Shutting down and abandoning module ModuleUI (136)
[2016.03.03-10.50.01:705][ 50]LogModuleManager: Shutting down and abandoning module MovieSceneTools (135)
[2016.03.03-10.50.01:705][ 50]LogModuleManager: Shutting down and abandoning module OutputLog (134)
[2016.03.03-10.50.01:705][ 50]LogModuleManager: Shutting down and abandoning module GammaUI (133)
[2016.03.03-10.50.01:705][ 50]LogModuleManager: Shutting down and abandoning module Documentation (132)
[2016.03.03-10.50.01:705][ 50]LogModuleManager: Shutting down and abandoning module GameLiveStreaming (131)
[2016.03.03-10.50.01:706][ 50]LogModuleManager: Shutting down and abandoning module StreamingPauseRendering (130)
[2016.03.03-10.50.01:706][ 50]LogModuleManager: Shutting down and abandoning module AnalyticsET (129)
[2016.03.03-10.50.01:706][ 50]LogModuleManager: Shutting down and abandoning module Analytics (128)
[2016.03.03-10.50.01:706][ 50]LogModuleManager: Shutting down and abandoning module AITestSuite (127)
[2016.03.03-10.50.01:707][ 50]LogModuleManager: Shutting down and abandoning module GameplayDebugger (126)
[2016.03.03-10.50.01:707][ 50]LogModuleManager: Shutting down and abandoning module AIModule (125)
[2016.03.03-10.50.01:707][ 50]LogModuleManager: Shutting down and abandoning module ProfilerService (124)
[2016.03.03-10.50.01:755][ 50]LogModuleManager: Shutting down and abandoning module TaskGraph (123)
[2016.03.03-10.50.01:757][ 50]LogModuleManager: Shutting down and abandoning module SlateRemote (122)
[2016.03.03-10.50.01:757][ 50]LogModuleManager: Shutting down and abandoning module SteamVRController (121)
[2016.03.03-10.50.01:757][ 50]LogModuleManager: Shutting down and abandoning module SteamVR (120)
[2016.03.03-10.50.01:757][ 50]LogModuleManager: Shutting down and abandoning module ProceduralMeshComponent (119)
[2016.03.03-10.50.01:757][ 50]LogModuleManager: Shutting down and abandoning module OculusLibrary (118)
[2016.03.03-10.50.01:757][ 50]LogModuleManager: Shutting down and abandoning module OculusInput (117)
[2016.03.03-10.50.01:757][ 50]LogModuleManager: Shutting down and abandoning module LeapMotionController (116)
[2016.03.03-10.50.01:770][ 50]LogModuleManager: Shutting down and abandoning module CustomMeshComponent (115)
[2016.03.03-10.50.01:770][ 50]LogModuleManager: Shutting down and abandoning module CableComponent (114)
[2016.03.03-10.50.01:771][ 50]LogModuleManager: Shutting down and abandoning module ArchVisCharacter (113)
[2016.03.03-10.50.01:771][ 50]LogModuleManager: Shutting down and abandoning module MessagingDebugger (112)
[2016.03.03-10.50.01:772][ 50]LogModuleManager: Shutting down and abandoning module MediaPlayerEditor (111)
[2016.03.03-10.50.01:774][ 50]LogModuleManager: Shutting down and abandoning module HTML5Networking (110)
[2016.03.03-10.50.01:774][ 50]LogModuleManager: Shutting down and abandoning module SpeedTreeImporter (109)
[2016.03.03-10.50.01:774][ 50]LogModuleManager: Shutting down and abandoning module PluginBrowser (108)
[2016.03.03-10.50.01:774][ 50]LogModuleManager: Shutting down and abandoning module EpicSurvey (107)
[2016.03.03-10.50.01:775][ 50]LogModuleManager: Shutting down and abandoning module VisualStudioSourceCodeAccess (106)
[2016.03.03-10.50.01:775][ 50]LogModuleManager: Shutting down and abandoning module UObjectPlugin (105)
[2016.03.03-10.50.01:775][ 50]LogModuleManager: Shutting down and abandoning module SubversionSourceControl (104)
[2016.03.03-10.50.01:775][ 50]LogModuleManager: Shutting down and abandoning module PerforceSourceControl (103)
[2016.03.03-10.50.01:790][ 50]LogModuleManager: Shutting down and abandoning module SourceControl (102)
[2016.03.03-10.50.01:790][ 50]LogModuleManager: Shutting down and abandoning module GitSourceControl (101)
[2016.03.03-10.50.01:792][ 50]LogModuleManager: Shutting down and abandoning module LightPropagationVolumeEditor (100)
[2016.03.03-10.50.01:792][ 50]LogModuleManager: Shutting down and abandoning module PaperTiledImporter (99)
[2016.03.03-10.50.01:792][ 50]LogModuleManager: Shutting down and abandoning module PaperSpriteSheetImporter (98)
[2016.03.03-10.50.01:792][ 50]LogModuleManager: Shutting down and abandoning module MeshPaint (97)
[2016.03.03-10.50.01:792][ 50]LogModuleManager: Shutting down and abandoning module SlateReflector (96)
[2016.03.03-10.50.01:793][ 50]LogModuleManager: Shutting down and abandoning module HotReload (95)
[2016.03.03-10.50.01:794][ 50]LogModuleManager: Shutting down and abandoning module MainFrame (94)
[2016.03.03-10.50.01:794][ 50]LogModuleManager: Shutting down and abandoning module LevelEditor (93)
[2016.03.03-10.50.01:796][ 50]LogModuleManager: Shutting down and abandoning module DirectoryWatcher (92)
[2016.03.03-10.50.01:797][ 50]LogModuleManager: Shutting down and abandoning module AssetRegistry (91)
[2016.03.03-10.50.01:937][ 50]LogModuleManager: Shutting down and abandoning module ContentBrowser (90)
[2016.03.03-10.50.01:938][ 50]LogModuleManager: Shutting down and abandoning module Paper2DEditor (89)
[2016.03.03-10.50.01:939][ 50]LogModuleManager: Shutting down and abandoning module Anthrocratos_UE4 (88)
[2016.03.03-10.50.01:939][ 50]LogModuleManager: Shutting down and abandoning module UdpMessaging (87)
[2016.03.03-10.50.02:040][ 50]LogModuleManager: Shutting down and abandoning module LightPropagationVolumeRuntime (86)
[2016.03.03-10.50.02:040][ 50]LogModuleManager: Shutting down and abandoning module Paper2D (85)
[2016.03.03-10.50.02:040][ 50]LogModuleManager: Shutting down and abandoning module WindowsMoviePlayer (84)
[2016.03.03-10.50.02:046][ 50]LogModuleManager: Shutting down and abandoning module Media (83)
[2016.03.03-10.50.02:046][ 50]LogModuleManager: Shutting down and abandoning module WmfMedia (82)
[2016.03.03-10.50.02:047][ 50]LogModuleManager: Shutting down and abandoning module OnlineBlueprintSupport (81)
[2016.03.03-10.50.02:047][ 50]LogModuleManager: Shutting down and abandoning module GameplayTasksEditor (80)
[2016.03.03-10.50.02:047][ 50]LogModuleManager: Shutting down and abandoning module PropertyEditor (79)
[2016.03.03-10.50.02:047][ 50]LogModuleManager: Shutting down and abandoning module BehaviorTreeEditor (78)
[2016.03.03-10.50.02:050][ 50]LogModuleManager: Shutting down and abandoning module FunctionalTesting (77)
[2016.03.03-10.50.02:050][ 50]LogModuleManager: Shutting down and abandoning module CollisionAnalyzer (76)
[2016.03.03-10.50.02:052][ 50]LogModuleManager: Shutting down and abandoning module WorkspaceMenuStructure (75)
[2016.03.03-10.50.02:052][ 50]LogModuleManager: Shutting down and abandoning module MessageLog (74)
[2016.03.03-10.50.02:052][ 50]LogModuleManager: Shutting down and abandoning module Sequencer (73)
[2016.03.03-10.50.02:053][ 50]LogModuleManager: Shutting down and abandoning module AssetTools (72)
[2016.03.03-10.50.02:055][ 50]LogModuleManager: Shutting down and abandoning module UMGEditor (71)
[2016.03.03-10.50.02:055][ 50]LogModuleManager: Shutting down and abandoning module UMG (70)
[2016.03.03-10.50.02:055][ 50]LogModuleManager: Shutting down and abandoning module Slate (69)
[2016.03.03-10.50.02:055][ 50]LogModuleManager: Shutting down and abandoning module EditorStyle (68)
[2016.03.03-10.50.02:057][ 50]LogModuleManager: Shutting down and abandoning module SessionServices (67)
[2016.03.03-10.50.02:057][ 50]LogModuleManager: Shutting down and abandoning module SourceCodeAccess (66)
[2016.03.03-10.50.02:057][ 50]LogModuleManager: Shutting down and abandoning module HeadMountedDisplay (65)
[2016.03.03-10.50.02:057][ 50]LogModuleManager: Shutting down and abandoning module XAudio2 (64)
[2016.03.03-10.50.02:057][ 50]LogModuleManager: Shutting down and abandoning module Networking (62)
[2016.03.03-10.50.02:057][ 50]LogModuleManager: Shutting down and abandoning module Core (61)
[2016.03.03-10.50.02:057][ 50]LogModuleManager: Shutting down and abandoning module KismetCompiler (60)
[2016.03.03-10.50.02:057][ 50]LogModuleManager: Shutting down and abandoning module PhysXFormats (59)
[2016.03.03-10.50.02:057][ 50]LogModuleManager: Shutting down and abandoning module MeshUtilities (58)
[2016.03.03-10.50.02:058][ 50]LogModuleManager: Shutting down and abandoning module DerivedDataCache (57)
[2016.03.03-10.50.02:388][ 50]LogDerivedDataCache: Shutdown
[2016.03.03-10.50.02:388][ 50]LogModuleManager: Shutting down and abandoning module ShaderFormatOpenGL (56)
[2016.03.03-10.50.02:400][ 50]LogModuleManager: Shutting down and abandoning module ShaderFormatD3D (55)
[2016.03.03-10.50.02:400][ 50]LogModuleManager: Shutting down and abandoning module MetalShaderFormat (54)
[2016.03.03-10.50.02:409][ 50]LogModuleManager: Shutting down and abandoning module TextureFormatUncompressed (53)
[2016.03.03-10.50.02:409][ 50]LogModuleManager: Shutting down and abandoning module TextureFormatPVR (52)
[2016.03.03-10.50.02:409][ 50]LogModuleManager: Shutting down and abandoning module TextureFormatIntelISPCTexComp (51)
[2016.03.03-10.50.02:409][ 50]LogModuleManager: Shutting down and abandoning module TextureFormatDXT (50)
[2016.03.03-10.50.02:409][ 50]LogModuleManager: Shutting down and abandoning module ImageWrapper (49)
[2016.03.03-10.50.02:409][ 50]LogModuleManager: Shutting down and abandoning module TextureFormatASTC (48)
[2016.03.03-10.50.02:409][ 50]LogModuleManager: Shutting down and abandoning module TextureFormatAndroid (47)
[2016.03.03-10.50.02:409][ 50]LogModuleManager: Shutting down and abandoning module AudioFormatOpus (46)
[2016.03.03-10.50.02:412][ 50]LogModuleManager: Shutting down and abandoning module AudioFormatOgg (45)
[2016.03.03-10.50.02:412][ 50]LogModuleManager: Shutting down and abandoning module AudioFormatADPCM (44)
[2016.03.03-10.50.02:412][ 50]LogModuleManager: Shutting down and abandoning module LinuxTargetPlatform (43)
[2016.03.03-10.50.02:412][ 50]LogModuleManager: Shutting down and abandoning module LinuxServerTargetPlatform (42)
[2016.03.03-10.50.02:412][ 50]LogModuleManager: Shutting down and abandoning module LinuxNoEditorTargetPlatform (41)
[2016.03.03-10.50.02:413][ 50]LogModuleManager: Shutting down and abandoning module Messaging (40)
[2016.03.03-10.50.02:413][ 50]LogModuleManager: Shutting down and abandoning module IOSTargetPlatform (39)
[2016.03.03-10.50.02:413][ 50]LogModuleManager: Shutting down and abandoning module HTML5TargetPlatform (38)
[2016.03.03-10.50.02:413][ 50]LogModuleManager: Shutting down and abandoning module Android_PVRTCTargetPlatform (37)
[2016.03.03-10.50.02:413][ 50]LogModuleManager: Shutting down and abandoning module Android_MultiTargetPlatform (36)
[2016.03.03-10.50.02:413][ 50]LogModuleManager: Shutting down and abandoning module Android_ETC2TargetPlatform (35)
[2016.03.03-10.50.02:413][ 50]LogModuleManager: Shutting down and abandoning module Android_ETC1TargetPlatform (34)
[2016.03.03-10.50.02:413][ 50]LogModuleManager: Shutting down and abandoning module Android_DXTTargetPlatform (33)
[2016.03.03-10.50.02:413][ 50]LogModuleManager: Shutting down and abandoning module Android_ATCTargetPlatform (32)
[2016.03.03-10.50.02:413][ 50]LogModuleManager: Shutting down and abandoning module Android_ASTCTargetPlatform (31)
[2016.03.03-10.50.02:413][ 50]LogModuleManager: Shutting down and abandoning module AndroidTargetPlatform (30)
[2016.03.03-10.50.02:413][ 50]LogModuleManager: Shutting down and abandoning module WindowsTargetPlatform (29)
[2016.03.03-10.50.02:413][ 50]LogModuleManager: Shutting down and abandoning module WindowsServerTargetPlatform (28)
[2016.03.03-10.50.02:413][ 50]LogModuleManager: Shutting down and abandoning module WindowsNoEditorTargetPlatform (27)
[2016.03.03-10.50.02:413][ 50]LogModuleManager: Shutting down and abandoning module WindowsClientTargetPlatform (26)
[2016.03.03-10.50.02:413][ 50]LogModuleManager: Shutting down and abandoning module AllDesktopTargetPlatform (25)
[2016.03.03-10.50.02:413][ 50]LogModuleManager: Shutting down and abandoning module TargetPlatform (24)
[2016.03.03-10.50.02:413][ 50]LogModuleManager: Shutting down and abandoning module InputCore (23)
[2016.03.03-10.50.02:413][ 50]LogModuleManager: Shutting down and abandoning module Settings (22)
[2016.03.03-10.50.02:413][ 50]LogModuleManager: Shutting down and abandoning module OnlineSubsystem (20)
[2016.03.03-10.50.02:413][ 50]LogModuleManager: Shutting down and abandoning module HTTP (19)
[2016.03.03-10.50.04:416][ 50]LogModuleManager: Shutting down and abandoning module XMPP (18)
[2016.03.03-10.50.04:417][ 50]LogModuleManager: Shutting down and abandoning module OculusRift (17)
[2016.03.03-10.50.04:418][ 50]LogModuleManager: Shutting down and abandoning module ExampleDeviceProfileSelector (16)
[2016.03.03-10.50.04:418][ 50]LogModuleManager: Shutting down and abandoning module DesktopPlatform (15)
[2016.03.03-10.50.04:419][ 50]LogModuleManager: Shutting down and abandoning module TextureCompressor (14)
[2016.03.03-10.50.04:419][ 50]LogModuleManager: Shutting down and abandoning module ShaderCore (13)
[2016.03.03-10.50.04:419][ 50]LogModuleManager: Shutting down and abandoning module Landscape (12)
[2016.03.03-10.50.04:419][ 50]LogModuleManager: Shutting down and abandoning module SlateRHIRenderer (11)
[2016.03.03-10.50.04:421][ 50]LogModuleManager: Shutting down and abandoning module OpenGLDrv (10)
[2016.03.03-10.50.04:421][ 50]LogModuleManager: Shutting down and abandoning module D3D11RHI (9)
[2016.03.03-10.50.04:421][ 50]LogModuleManager: Shutting down and abandoning module AnimGraphRuntime (8)
[2016.03.03-10.50.04:422][ 50]LogModuleManager: Shutting down and abandoning module Renderer (7)
[2016.03.03-10.50.04:422][ 50]LogModuleManager: Shutting down and abandoning module Engine (6)
[2016.03.03-10.50.04:422][ 50]LogModuleManager: Shutting down and abandoning module CoreUObject (5)
[2016.03.03-10.50.04:422][ 50]LogModuleManager: Shutting down and abandoning module NetworkFile (4)
[2016.03.03-10.50.04:422][ 50]LogModuleManager: Shutting down and abandoning module StreamingFile (3)
[2016.03.03-10.50.04:422][ 50]LogModuleManager: Shutting down and abandoning module SandboxFile (2)
[2016.03.03-10.50.04:423][ 50]LogModuleManager: Shutting down and abandoning module PakFile (1)
[2016.03.03-10.50.04:425][ 50]LogExit: Exiting.
[2016.03.03-10.50.04:426][ 50]Log file closed, 03/03/16 10:50:04
