[2016.03.15-01.16.04:153][  0]Log file open, 03/15/16 01:16:04
[2016.03.15-01.16.04:153][  0]LogInit:Display: Running engine for game: Anthrocratos_UE4
[2016.03.15-01.16.04:153][  0]LogPlatformFile: Not using cached read wrapper
[2016.03.15-01.16.04:153][  0]LogInit:Display: RandInit(732120906) SRandInit(732120907).
[2016.03.15-01.16.04:153][  0]LogTaskGraph: Started task graph with 4 named threads and 7 total threads.
[2016.03.15-01.16.04:153][  0]LogStats: Stats thread started at 0.110710
[2016.03.15-01.16.04:153][  0]LogInit: Version: 4.10.2-2818068+++depot+UE4-Releases+4.10
[2016.03.15-01.16.04:153][  0]LogInit: API Version: 2758231
[2016.03.15-01.16.04:153][  0]LogInit: Compiled (64-bit): Jan  6 2016 17:36:42
[2016.03.15-01.16.04:153][  0]LogInit: Compiled with Visual C++: 19.00.23026.00
[2016.03.15-01.16.04:153][  0]LogInit: Build Configuration: Development
[2016.03.15-01.16.04:153][  0]LogInit: Branch Name: ++depot+UE4-Releases+4.10
[2016.03.15-01.16.04:153][  0]LogInit: Command line:  
[2016.03.15-01.16.04:153][  0]LogInit: Base directory: S:/UnrealStuff/Epic Games/4.10/Engine/Binaries/Win64/
[2016.03.15-01.16.04:153][  0]LogInit: Rocket: 1
[2016.03.15-01.16.04:231][  0]LogInit: Using libcurl 7.41.0
[2016.03.15-01.16.04:231][  0]LogInit:  - built for x86_64-pc-win32
[2016.03.15-01.16.04:231][  0]LogInit:  - supports SSL with WinSSL
[2016.03.15-01.16.04:231][  0]LogInit:  - other features:
[2016.03.15-01.16.04:231][  0]LogInit:      CURL_VERSION_SSL
[2016.03.15-01.16.04:231][  0]LogInit:      CURL_VERSION_IPV6
[2016.03.15-01.16.04:231][  0]LogInit:      CURL_VERSION_ASYNCHDNS
[2016.03.15-01.16.04:231][  0]LogInit:      CURL_VERSION_LARGEFILE
[2016.03.15-01.16.04:231][  0]LogInit:      CURL_VERSION_IDN
[2016.03.15-01.16.04:231][  0]LogInit:  CurlRequestOptions (configurable via config and command line):
[2016.03.15-01.16.04:231][  0]LogInit:  - bVerifyPeer = true  - Libcurl will verify peer certificate
[2016.03.15-01.16.04:231][  0]LogInit:  - bUseHttpProxy = false  - Libcurl will NOT use HTTP proxy
[2016.03.15-01.16.04:231][  0]LogInit:  - bDontReuseConnections = false  - Libcurl will reuse connections
[2016.03.15-01.16.04:231][  0]LogInit:  - CertBundlePath = nullptr  - Libcurl will use whatever was configured at build time.
[2016.03.15-01.16.04:293][  0]LogInit: Presizing for 0 objects not considered by GC, pre-allocating 0 bytes.
[2016.03.15-01.16.04:298][  0]LogInit: Object subsystem initialized
[2016.03.15-01.16.04:299][  0]LogInit: Selected Device Profile: [Windows]
[2016.03.15-01.16.04:299][  0]LogInit: Applying CVar settings loaded from the selected device profile: [Windows]
[2016.03.15-01.16.04:305][  0]LogInit: Computer: DAVID
[2016.03.15-01.16.04:305][  0]LogInit: User: Bigfootone
[2016.03.15-01.16.04:305][  0]LogInit: CPU Page size=4096, Cores=4
[2016.03.15-01.16.04:305][  0]LogInit: High frequency timer resolution =3.320323 MHz
[2016.03.15-01.16.04:305][  0]LogMemory: Memory total: Physical=15.9GB (16GB approx)
[2016.03.15-01.16.04:305][  0]LogMemory: Platform Memory Stats for Windows
[2016.03.15-01.16.04:305][  0]LogMemory: Process Physical Memory: 56.22 MB used, 56.22 MB peak
[2016.03.15-01.16.04:305][  0]LogMemory: Process Virtual Memory: 56.71 MB used, 56.71 MB peak
[2016.03.15-01.16.04:305][  0]LogMemory: Physical Memory: 5615.82 MB used, 16328.01 MB total
[2016.03.15-01.16.04:305][  0]LogMemory: Virtual Memory: 382.48 MB used, 134217728.00 MB total
[2016.03.15-01.16.04:581][  0]LogTextLocalizationManager: No specific translations for ('en-GB') exist, so ('en') translations will be used.
[2016.03.15-01.16.04:980][  0]LogD3D11RHI: Found D3D11 adapter 0: AMD Radeon R9 200 Series (Feature Level 11_0)
[2016.03.15-01.16.04:980][  0]LogD3D11RHI: Adapter has 4075MB of dedicated video memory, 0MB of dedicated system memory, and 8164MB of shared system memory, 2 output[s]
[2016.03.15-01.16.04:981][  0]LogD3D11RHI: Found D3D11 adapter 1: Microsoft Basic Render Driver (Feature Level 11_0)
[2016.03.15-01.16.04:981][  0]LogD3D11RHI: Adapter has 0MB of dedicated video memory, 0MB of dedicated system memory, and 8164MB of shared system memory, 0 output[s]
[2016.03.15-01.16.04:981][  0]LogD3D11RHI: Chosen D3D11 Adapter Id = 0
[2016.03.15-01.16.04:987][  0]LogD3D11RHI: !Direct3DDevice
[2016.03.15-01.16.04:987][  0]LogRHI: Texture pool is 1361 MB (70% of 1945 MB)
[2016.03.15-01.16.04:994][  0]LogD3D11RHI: Async texture creation disabled: no driver support
[2016.03.15-01.16.05:008][  0]LogShaderCompilers: Guid format shader working directory is 1 characters bigger than the processId version (../../../../../../Anthrocratos/Anthrocratos_UE4/Intermediate/Shaders/WorkingDirectory/18208/).
[2016.03.15-01.16.05:008][  0]LogShaderCompilers: Cleaned the shader compiler working directory 'C:/Users/BIGFOO~1/AppData/Local/Temp/UnrealShaderWorkingDir/0F33A1524D99A04B998AFAAF316A8E3A/'.
[2016.03.15-01.16.05:008][  0]LogShaderCompilers:Display: Using Local Shader Compiler.
[2016.03.15-01.16.06:665][  0]LogTemp:Display: Loaded TP AllDesktopTargetPlatform
[2016.03.15-01.16.06:682][  0]LogTemp:Display: Loaded TP WindowsClientTargetPlatform
[2016.03.15-01.16.06:699][  0]LogTemp:Display: Loaded TP WindowsNoEditorTargetPlatform
[2016.03.15-01.16.06:717][  0]LogTemp:Display: Loaded TP WindowsServerTargetPlatform
[2016.03.15-01.16.06:738][  0]LogTemp:Display: Loaded TP WindowsTargetPlatform
[2016.03.15-01.16.06:758][  0]LogTemp:Display: Loaded TP AndroidTargetPlatform
[2016.03.15-01.16.06:779][  0]LogTemp:Display: Loaded TP Android_ASTCTargetPlatform
[2016.03.15-01.16.06:792][  0]LogTemp:Display: Loaded TP Android_ATCTargetPlatform
[2016.03.15-01.16.06:816][  0]LogTemp:Display: Loaded TP Android_DXTTargetPlatform
[2016.03.15-01.16.06:840][  0]LogTemp:Display: Loaded TP Android_ETC1TargetPlatform
[2016.03.15-01.16.06:880][  0]LogTemp:Display: Loaded TP Android_ETC2TargetPlatform
[2016.03.15-01.16.06:933][  0]LogTemp:Display: Loaded TP Android_MultiTargetPlatform
[2016.03.15-01.16.06:933][  0]LogTemp:Display: Loaded TP Android_PVRTCTargetPlatform
[2016.03.15-01.16.06:946][  0]LogTemp:Display: Loaded TP HTML5TargetPlatform
[2016.03.15-01.16.07:005][  0]LogTemp:Display: Loaded TP IOSTargetPlatform
[2016.03.15-01.16.07:018][  0]LogTemp:Display: Loaded TP LinuxNoEditorTargetPlatform
[2016.03.15-01.16.07:034][  0]LogTemp:Display: Loaded TP LinuxServerTargetPlatform
[2016.03.15-01.16.07:043][  0]LogTemp:Display: Loaded TP LinuxTargetPlatform
[2016.03.15-01.16.07:043][  0]LogTargetPlatformManager:Display: Building Assets For Windows
[2016.03.15-01.16.07:412][  0]LogDerivedDataCache:Display: Max Cache Size: 512 MB
[2016.03.15-01.16.07:560][  0]LogDerivedDataCache: Loaded boot cache 0.15s 41MB C:/Users/Bigfootone/AppData/Local/UnrealEngine/4.10/DerivedDataCache/Boot.ddc.
[2016.03.15-01.16.07:560][  0]LogDerivedDataCache:Display: Loaded Boot cache: C:/Users/Bigfootone/AppData/Local/UnrealEngine/4.10/DerivedDataCache/Boot.ddc
[2016.03.15-01.16.07:560][  0]LogDerivedDataCache: FDerivedDataBackendGraph:  Pak pak cache file ../../../../../../Anthrocratos/Anthrocratos_UE4/DerivedDataCache/DDC.ddp not found, will not use a pak cache.
[2016.03.15-01.16.07:560][  0]LogDerivedDataCache: Unable to find inner node Pak for hierarchical cache Hierarchy.
[2016.03.15-01.16.07:560][  0]LogDerivedDataCache: FDerivedDataBackendGraph:  CompressedPak pak cache file ../../../../../../Anthrocratos/Anthrocratos_UE4/DerivedDataCache/Compressed.ddp not found, will not use a pak cache.
[2016.03.15-01.16.07:560][  0]LogDerivedDataCache: Unable to find inner node CompressedPak for hierarchical cache Hierarchy.
[2016.03.15-01.16.07:673][  0]LogDerivedDataCache:Display: Pak cache opened for reading ../../../Engine/DerivedDataCache/Compressed.ddp.
[2016.03.15-01.16.07:685][  0]LogDerivedDataCache: Using Local data cache path C:/Users/Bigfootone/AppData/Local/UnrealEngine/Common/DerivedDataCache: Writable
[2016.03.15-01.16.10:759][  0]LogInit: Selected Device Profile: [Windows]
[2016.03.15-01.16.10:762][  0]LogContentStreaming: Texture pool size is 0.000000MB
[2016.03.15-01.16.11:059][  0]LogMeshUtilities: No automatic mesh reduction module available
[2016.03.15-01.16.11:059][  0]LogMeshUtilities: No automatic mesh merging module available
[2016.03.15-01.16.11:988][  0]LogInit: WinSock: version 1.1 (2.2), MaxSocks=32767, MaxUdp=65467
[2016.03.15-01.16.16:990][  0]UdpMessaging: Initializing bridge on interface 0.0.0.0:0 to multicast group 230.0.0.1:6666.
[2016.03.15-01.16.17:462][  0]LogAssetRegistry: FAssetRegistry took 0.0110 seconds to start up
[2016.03.15-01.16.19:647][  0]SourceControl: Info Source control is disabled
[2016.03.15-01.16.19:648][  0]SourceControl: Info Source control is disabled
[2016.03.15-01.16.19:956][  0]SourceControl: Info Source control is disabled
[2016.03.15-01.16.20:007][  0]SourceControl: Info Source control is disabled
[2016.03.15-01.16.22:610][  0]LogObj: 28645 objects as part of root set at end of initial load.
[2016.03.15-01.16.22:610][  0]LogUObjectAllocator: 6105096 out of 0 bytes used by permanent object pool.
[2016.03.15-01.16.22:895][  0]LogEngine: Initializing Engine...
[2016.03.15-01.16.22:897][  0]LogHMD: Can't find Oculus library dev build: is proper Runtime installed? Version: 0.8.0.0
[2016.03.15-01.16.23:994][  0]LogHMD: SteamVR failed to initialize.  Err: 108
[2016.03.15-01.16.24:504][  0]LogAIModule: Creating AISystem for world NewWorld
[2016.03.15-01.16.24:513][  0]LogInit: XAudio2 using 'Headset Earphone (HyperX 7.1 Audio)' : 2 channels at 44.1 kHz using 16 bits per sample (channel mask 0x3)
[2016.03.15-01.16.24:530][  0]LogInit: FAudioDevice initialized.
[2016.03.15-01.16.24:551][  0]LogDerivedDataCache: Saved boot cache 0.02s 41MB C:/Users/Bigfootone/AppData/Local/UnrealEngine/4.10/DerivedDataCache/Boot.ddc.
[2016.03.15-01.16.24:554][  0]LogInit: Texture streaming: Enabled
[2016.03.15-01.16.24:761][  0]LogAnalytics: Creating configured Analytics provider AnalyticsET
[2016.03.15-01.16.24:761][  0]LogAnalytics: [UEEditor.Rocket.Release] APIServer = http://et2.epicgames.com/ET2/. AppVersion = 4.10.2-2818068+++depot+UE4-Releases+4.10
[2016.03.15-01.16.24:761][  0]LogAnalytics: [UEEditor.Rocket.Release] SetUserId 6844960942a56c7664b0f6b1131f1fef|c381b92b33784ccaa7b778c4b0f76233|53524d50-4578-4787-a176-59f20f61b4e2
[2016.03.15-01.16.24:762][  0]LogAnalytics: [UEEditor.Rocket.Release] AnalyticsET::StartSession
[2016.03.15-01.16.24:789][  0]LogWindowsTextInputMethodSystem:Display: IME system now deactivated.
[2016.03.15-01.16.27:097][  0]LogInit: Transaction tracking system initialized
[2016.03.15-01.16.27:692][  0]BlueprintLog: New page: Editor Load
[2016.03.15-01.16.32:758][  0]LocalizationService: Info Localization service is disabled
[2016.03.15-01.16.35:226][  0]LogConsoleResponse:Display: 
[2016.03.15-01.16.37:723][  0]LogCook:Display: Done creating registry. It took  0.00s.
[2016.03.15-01.16.38:915][  0]LogFileCache: Scanning file cache for directory 'S:/Anthrocratos/Anthrocratos_UE4/Content/' took 0.01s
[2016.03.15-01.16.39:053][  0]SourceControl: Info Source control is disabled
[2016.03.15-01.16.39:053][  0]Cmd: MAP LOAD FILE="../../../../../../Anthrocratos/Anthrocratos_UE4/Content/Levels/Kieran-Test.umap" TEMPLATE=0 SHOWPROGRESS=1 FEATURELEVEL=3
[2016.03.15-01.16.39:054][  0]LightingResults: New page: Lighting Build
[2016.03.15-01.16.39:059][  0]MapCheck: New page: Map Check
[2016.03.15-01.16.39:059][  0]LightingResults: New page: Lighting Build
[2016.03.15-01.16.39:070][  0]LogParticles: Destroying 0 GPU particle simulations for FXSystem 0x000002B29A4DB240
[2016.03.15-01.16.40:195][  0]LogBlueprint:Warning: USimpleConstructionScript::FixupRootNodeParentReferences() - Couldn't find inherited parent component 'TileMesh' for 'BuildingMesh' in BlueprintGeneratedClass 'REINST_Building_C_19' (it may have been removed)
[2016.03.15-01.16.40:810][  0]LogLinker:Warning: CreateExport: Failed to load Parent for Function /Game/Blueprints/Tiles/Buildings/BatteryCagedLivestock.BatteryCagedLivestock_C:UserConstructionScript; removing parent information, but keeping function
[2016.03.15-01.16.41:050][  0]LogLinker:Warning: CreateExport: Failed to load Parent for Function /Game/Blueprints/Tiles/Buildings/FossilBasedEnergy.FossilBasedEnergy_C:UserConstructionScript; removing parent information, but keeping function
[2016.03.15-01.16.41:344][  0]LogLinker:Warning: CreateExport: Failed to load Parent for Function /Game/Blueprints/Tiles/Buildings/Free-RangeLivestock.Free-RangeLivestock_C:UserConstructionScript; removing parent information, but keeping function
[2016.03.15-01.16.41:480][  0]LogLinker:Warning: CreateExport: Failed to load Parent for Function /Game/Blueprints/Tiles/Buildings/Incinerator.Incinerator_C:UserConstructionScript; removing parent information, but keeping function
[2016.03.15-01.16.41:773][  0]LogLinker:Warning: CreateExport: Failed to load Parent for Function /Game/Blueprints/Tiles/Buildings/IntensiveFarming.IntensiveFarming_C:UserConstructionScript; removing parent information, but keeping function
[2016.03.15-01.16.41:916][  0]LogLinker:Warning: CreateExport: Failed to load Parent for Function /Game/Blueprints/Tiles/Buildings/NuclearPower.NuclearPower_C:UserConstructionScript; removing parent information, but keeping function
[2016.03.15-01.16.42:387][  0]LogLinker:Warning: CreateExport: Failed to load Parent for Function /Game/Blueprints/Tiles/Buildings/OrganicFarm.OrganicFarm_C:UserConstructionScript; removing parent information, but keeping function
[2016.03.15-01.16.42:602][  0]LogLinker:Warning: CreateExport: Failed to load Parent for Function /Game/Blueprints/Tiles/Buildings/RecyclingCentre.RecyclingCentre_C:UserConstructionScript; removing parent information, but keeping function
[2016.03.15-01.16.42:993][  0]LogLinker:Warning: CreateExport: Failed to load Parent for Function /Game/Blueprints/Tiles/Buildings/SolarPanels.SolarPanels_C:UserConstructionScript; removing parent information, but keeping function
[2016.03.15-01.16.43:173][  0]LogLinker:Warning: CreateExport: Failed to load Parent for Function /Game/Blueprints/Tiles/Buildings/Windmills.Windmills_C:UserConstructionScript; removing parent information, but keeping function
[2016.03.15-01.16.44:275][  0]LogLinker:Warning: CreateExport: Failed to load Parent for Function /Game/Blueprints/Tiles/Biomes/DesertTile.DesertTile_C:UserConstructionScript; removing parent information, but keeping function
[2016.03.15-01.16.44:381][  0]LogLinker:Warning: CreateExport: Failed to load Parent for Function /Game/Blueprints/Tiles/Biomes/FieldTile.FieldTile_C:UserConstructionScript; removing parent information, but keeping function
[2016.03.15-01.16.45:120][  0]LogLinker:Warning: CreateExport: Failed to load Parent for Function /Game/Blueprints/Tiles/Biomes/ForestTile.ForestTile_C:UserConstructionScript; removing parent information, but keeping function
[2016.03.15-01.16.45:640][  0]LogLinker:Warning: CreateExport: Failed to load Parent for Function /Game/Blueprints/Tiles/Biomes/MountainTile.MountainTile_C:UserConstructionScript; removing parent information, but keeping function
[2016.03.15-01.16.45:716][  0]LogLinker:Warning: CreateExport: Failed to load Parent for Function /Game/Blueprints/Tiles/Buildings/CityCentre.CityCentre_C:UserConstructionScript; removing parent information, but keeping function
[2016.03.15-01.16.45:791][  0]LogBlueprint:Error: Broken Node: K2Node_CallArrayFunction /Game/Blueprints/Tiles/GameTileSpawner.GameTileSpawner:SetTileIsFilled.K2Node_CallArrayFunction_44 keeps removed/invalid pin: EdGraphPin /Game/Blueprints/Tiles/GameTileSpawner.GameTileSpawner:SetTileIsFilled.K2Node_CallArrayFunction_44.EdGraphPin_44770. Try refresh all nodes.
[2016.03.15-01.16.45:829][  0]LogBlueprint:Error: Broken Node: K2Node_CallArrayFunction /Game/Blueprints/Tiles/GameTileSpawner.GameTileSpawner:SetTileIsFilled.K2Node_CallArrayFunction_44 keeps removed/invalid pin: EdGraphPin /Game/Blueprints/Tiles/GameTileSpawner.GameTileSpawner:SetTileIsFilled.K2Node_CallArrayFunction_44.EdGraphPin_44770. Try refresh all nodes.
[2016.03.15-01.16.49:484][  0]LogAIModule: Creating AISystem for world Kieran-Test
[2016.03.15-01.16.49:515][  0]LogEditorServer: Finished looking for orphan Actors (0.000 secs)
[2016.03.15-01.16.49:515][  0]Cmd: MAP CHECKDEP NOCLEARLOG
[2016.03.15-01.16.49:775][  0]MapCheck: Info Map check complete: 0 Error(s), 0 Warning(s), took 259.958ms to complete.
[2016.03.15-01.16.49:776][  0]LogFileHelpers: Loading map 'Kieran-Test' took 10.723
[2016.03.15-01.16.50:287][  0]LogCollectionManager: Loaded 0 collections in 0.001160 seconds
[2016.03.15-01.16.50:331][  0]LogFileCache: Scanning file cache for directory 'S:/Anthrocratos/Anthrocratos_UE4/Saved/Collections/' took 0.01s
[2016.03.15-01.16.50:331][  0]LogFileCache: Scanning file cache for directory 'S:/Anthrocratos/Anthrocratos_UE4/Content/Developers/Bigfootone/Collections/' took 0.01s
[2016.03.15-01.16.50:331][  0]LogFileCache: Scanning file cache for directory 'S:/Anthrocratos/Anthrocratos_UE4/Content/Collections/' took 0.01s
[2016.03.15-01.16.50:331][  0]LogCollectionManager: Rebuilt the GUID cache for 0 collections in 0.000004 seconds
[2016.03.15-01.16.50:341][  0]LogContentBrowser: Native class hierarchy populated in 0.0099 seconds. Added 1896 classes and 340 folders.
[2016.03.15-01.16.50:347][  0]LogContentBrowser: Native class hierarchy updated for 'WidgetCarousel' in 0.0015 seconds. Added 0 classes and 0 folders.
[2016.03.15-01.17.00:795][  0]LogContentBrowser: Native class hierarchy updated for 'AddContentDialog' in 0.0015 seconds. Added 0 classes and 0 folders.
[2016.03.15-01.17.00:964][  0]LogContentBrowser: Native class hierarchy updated for 'SceneOutliner' in 0.0019 seconds. Added 1 classes and 2 folders.
[2016.03.15-01.17.01:632][  0]LogCrashTracker: Crashtracker disabled due to settings.
[2016.03.15-01.17.01:637][  0]LogUObjectGlobals:Warning: Failed to find object 'Class None.'
[2016.03.15-01.17.01:659][  0]LogLoad: Full Startup: 58.56 seconds (BP compile: 0.37 seconds)
[2016.03.15-01.17.01:670][  0]LogOcInput: Can't find Oculus library dev build: is proper Runtime installed? Version: 0.8.0.0
[2016.03.15-01.17.02:261][  0]LogContentStreaming: Texture pool size now 1000 MB
[2016.03.15-01.17.03:148][  0]LogRenderer: Reallocating scene render targets to support 984x572 (Frame:2).
[2016.03.15-01.17.03:182][  1]LogFileCache: Retrieving MD5 hashes for directory 'S:/Anthrocratos/Anthrocratos_UE4/Content/' took 1.50s
[2016.03.15-01.17.13:520][ 32]LogEditorViewport: Clicking Background
[2016.03.15-01.17.24:895][509]LogAssetRegistry: Asset discovery search completed in 67.4447 seconds
[2016.03.15-01.17.24:897][509]LogCollectionManager: Rebuilt the object cache for 0 collections in 0.000001 seconds (found 0 objects)
[2016.03.15-01.17.24:897][509]LogCollectionManager: Fixed up redirectors for 0 collections in 0.000046 seconds (updated 0 objects)
[2016.03.15-01.17.28:712][641]LogEditorViewport: Clicking Background
[2016.03.15-01.17.28:835][654]LogEditorViewport: Clicking Background
[2016.03.15-01.17.30:701][742]LogAIModule: Creating AISystem for world David-Test
[2016.03.15-01.17.30:785][742]Cmd: MAP LOAD FILE="../../../../../../Anthrocratos/Anthrocratos_UE4/Content/Levels/David-Test.umap" TEMPLATE=0 SHOWPROGRESS=1 FEATURELEVEL=3
[2016.03.15-01.17.30:785][742]LightingResults: New page: Lighting Build
[2016.03.15-01.17.30:822][742]LoadErrors: New page: Loading map: David-Test.umap
[2016.03.15-01.17.30:823][742]MapCheck: New page: Map Check
[2016.03.15-01.17.30:823][742]LightingResults: New page: Lighting Build
[2016.03.15-01.17.30:836][742]LogParticles: Destroying 0 GPU particle simulations for FXSystem 0x000002B2A067C7C0
[2016.03.15-01.17.30:910][742]LogEditorServer: Finished looking for orphan Actors (0.000 secs)
[2016.03.15-01.17.30:939][742]Cmd: MAP CHECKDEP NOCLEARLOG
[2016.03.15-01.17.31:057][742]MapCheck: Info Map check complete: 0 Error(s), 0 Warning(s), took 117.941ms to complete.
[2016.03.15-01.17.31:057][742]LogFileHelpers: Loading map 'David-Test' took 0.275
[2016.03.15-01.17.39:845][733]LogLinker:Warning: Asset '../../../Engine/Content/ArtTools/RenderToTexture/Macros/RenderToTextureMacros.uasset' has been saved with empty engine version. The asset will be loaded but may be incompatible.
[2016.03.15-01.17.41:482][733]LogContentBrowser: Native class hierarchy updated for 'BlueprintGraph' in 0.0029 seconds. Added 107 classes and 0 folders.
[2016.03.15-01.19.28:758][335]BlueprintLog: New page: Compile HUD_Main
[2016.03.15-01.19.28:765][335]LogBlueprint:Error: [compiler HUD_Main] Error Binding: Property ' TextDelegate ' on Widget ' HappinessValue ': Binding: 'None' : 'None' was not found on 'HUD Main'.
[2016.03.15-01.19.28:899][335]LogBlueprint:Warning: [compiler HUD_Main] Warning [0205.80] Compile of HUD_Main failed. 1 Fatal Issue(s) 0 Warning(s) [in 140 ms]
[2016.03.15-01.19.28:899][335]BlueprintEditorCompileResults:Error: Error Binding: Property ' TextDelegate ' on Widget ' HappinessValue ': Binding: 'None' : 'None' was not found on 'HUD Main'.
[2016.03.15-01.19.28:899][335]BlueprintEditorCompileResults:Warning: Warning [0205.80] Compile of HUD_Main failed. 1 Fatal Issue(s) 0 Warning(s) [in 140 ms]
[2016.03.15-01.21.24:281][767]Cmd: TRANSACTION UNDO
[2016.03.15-01.21.24:281][767]LogEditorTransaction: Undo Move Node
[2016.03.15-01.21.24:459][784]Cmd: TRANSACTION UNDO
[2016.03.15-01.21.24:459][784]LogEditorTransaction: Undo Move Node
[2016.03.15-01.27.37:902][766]BlueprintLog: New page: Compile HUD_Main
[2016.03.15-01.27.38:001][766]BlueprintEditorCompileResults: Info [0694.91] Compile of HUD_Main successful! [in 99 ms]
[2016.03.15-01.27.39:051][876]Cmd: OBJ SAVEPACKAGE PACKAGE="/Game/Blueprints/UI/HUD_Main" FILE="../../../../../../Anthrocratos/Anthrocratos_UE4/Content/Blueprints/UI/HUD_Main.uasset" SILENT=true
[2016.03.15-01.27.39:178][876]LogSavePackage: Save=56.223747ms
[2016.03.15-01.27.39:178][876]LogSavePackage: Moving '../../../../../../Anthrocratos/Anthrocratos_UE4/Saved/HUD_Main2906EE0144844ABD5C3BEFB2FB5A2F5C.tmp' to '../../../../../../Anthrocratos/Anthrocratos_UE4/Content/Blueprints/UI/HUD_Main.uasset'
[2016.03.15-01.27.39:180][876]LogSavePackage: Total save time: 127.999295ms
[2016.03.15-01.27.39:180][876]LogSavePackage:Display: Finished SavePackage ../../../../../../Anthrocratos/Anthrocratos_UE4/Content/Blueprints/UI/HUD_Main.uasset
[2016.03.15-01.29.13:059][673]LogFileHelpers: Editor autosave (incl. sublevels) for '/Game/Levels/David-Test' took 0.027
[2016.03.15-01.29.13:064][673]OBJ SavePackage: Generating thumbnails for [0] asset(s) in package [/Game/Blueprints/UI/HUD_Main] ([1] browsable assets)...
[2016.03.15-01.29.13:064][673]OBJ SavePackage: Finished generating thumbnails for package [/Game/Blueprints/UI/HUD_Main]
[2016.03.15-01.29.13:064][673]Cmd: OBJ SAVEPACKAGE PACKAGE="/Game/Blueprints/UI/HUD_Main" FILE="../../../../../../Anthrocratos/Anthrocratos_UE4/Saved/Autosaves/Game/Blueprints/UI/HUD_Main_Auto1.uasset" SILENT=false AUTOSAVING=true
[2016.03.15-01.29.13:162][673]LogSavePackage: Save=41.563728ms
[2016.03.15-01.29.13:162][673]LogSavePackage: Moving '../../../../../../Anthrocratos/Anthrocratos_UE4/Saved/HUD_Main_Auto12FB4122B40AD8E4C118C2FB27968BB56.tmp' to '../../../../../../Anthrocratos/Anthrocratos_UE4/Saved/Autosaves/Game/Blueprints/UI/HUD_Main_Auto1.uasset'
[2016.03.15-01.29.13:163][673]LogSavePackage: Total save time: 98.247670ms
[2016.03.15-01.29.13:163][673]LogSavePackage:Display: Finished SavePackage ../../../../../../Anthrocratos/Anthrocratos_UE4/Saved/Autosaves/Game/Blueprints/UI/HUD_Main_Auto1.uasset
[2016.03.15-01.29.13:163][673]LogFileHelpers: Auto-saving content packages took 0.104
[2016.03.15-01.31.25:121][314]LogEditorTransaction: Undo Move Node
[2016.03.15-01.31.31:452][966]LogEditorTransaction: Undo Move Node
[2016.03.15-01.31.40:595][931]LogProperty:Warning: ObjectProperty /Script/Engine.EdGraphPin:LinkedTo.LinkedTo: unresolved reference to 'EdGraphPin'K2Node_DynamicCast_563.EdGraphPin_39972''
[2016.03.15-01.31.40:595][931]LogProperty:Warning: ObjectProperty /Script/Engine.EdGraphPin:LinkedTo.LinkedTo: unresolved reference to 'EdGraphPin'K2Node_VariableGet_364.EdGraphPin_39994''
[2016.03.15-01.31.40:595][931]LogProperty:Warning: ObjectProperty /Script/Engine.EdGraphPin:LinkedTo.LinkedTo: unresolved reference to 'EdGraphPin'K2Node_CallFunction_2811.EdGraphPin_39980''
[2016.03.15-01.31.40:596][931]LogProperty:Warning: ObjectProperty /Script/Engine.EdGraphPin:LinkedTo.LinkedTo: unresolved reference to 'EdGraphPin'K2Node_IfThenElse_60.EdGraphPin_39986''
[2016.03.15-01.31.40:596][931]LogProperty:Warning: ObjectProperty /Script/Engine.EdGraphPin:LinkedTo.LinkedTo: unresolved reference to 'EdGraphPin'K2Node_CallFunction_2814.EdGraphPin_40003''
[2016.03.15-01.31.40:596][931]LogProperty:Warning: ObjectProperty /Script/Engine.EdGraphPin:LinkedTo.LinkedTo: unresolved reference to 'EdGraphPin'K2Node_CallFunction_2813.EdGraphPin_39998''
[2016.03.15-01.31.40:596][931]LogProperty:Warning: ObjectProperty /Script/Engine.EdGraphPin:LinkedTo.LinkedTo: unresolved reference to 'EdGraphPin'K2Node_EnumEquality_2.EdGraphPin_39995''
[2016.03.15-01.31.40:596][931]LogProperty:Warning: ObjectProperty /Script/Engine.EdGraphPin:LinkedTo.LinkedTo: unresolved reference to 'EdGraphPin'K2Node_EnumEquality_2.EdGraphPin_39996''
[2016.03.15-01.31.40:597][931]LogProperty:Warning: ObjectProperty /Script/Engine.EdGraphPin:LinkedTo.LinkedTo: unresolved reference to 'EdGraphPin'K2Node_CallFunction_2815.EdGraphPin_40011''
[2016.03.15-01.31.40:597][931]LogProperty:Warning: ObjectProperty /Script/Engine.EdGraphPin:LinkedTo.LinkedTo: unresolved reference to 'EdGraphPin'K2Node_CallFunction_2815.EdGraphPin_40008''
[2016.03.15-01.31.40:597][931]LogProperty:Warning: ObjectProperty /Script/Engine.EdGraphPin:LinkedTo.LinkedTo: unresolved reference to 'EdGraphPin'K2Node_CallFunction_2816.EdGraphPin_40015''
[2016.03.15-01.31.40:597][931]LogProperty:Warning: ObjectProperty /Script/Engine.EdGraphPin:LinkedTo.LinkedTo: unresolved reference to 'EdGraphPin'K2Node_CallFunction_2816.EdGraphPin_40012''
[2016.03.15-01.31.40:598][931]LogProperty:Warning: ObjectProperty /Script/Engine.EdGraphPin:LinkedTo.LinkedTo: unresolved reference to 'EdGraphPin'K2Node_VariableSet_263.EdGraphPin_40132''
[2016.03.15-01.31.40:598][931]LogProperty:Warning: ObjectProperty /Script/Engine.EdGraphPin:LinkedTo.LinkedTo: unresolved reference to 'EdGraphPin'K2Node_VariableSet_285.EdGraphPin_40162''
[2016.03.15-01.32.09:555][831]BlueprintLog: New page: Compile HUD_Main
[2016.03.15-01.32.09:671][831]BlueprintEditorCompileResults: Info [0966.58] Compile of HUD_Main successful! [in 115 ms]
[2016.03.15-01.37.39:739][614]BlueprintLog: New page: Compile HUD_Main
[2016.03.15-01.37.39:876][614]BlueprintEditorCompileResults: Info [1296.78] Compile of HUD_Main successful! [in 137 ms]
[2016.03.15-01.38.19:408][274]BlueprintLog: New page: Compile HUD_Main
[2016.03.15-01.38.19:513][274]BlueprintEditorCompileResults: Info [1336.42] Compile of HUD_Main successful! [in 104 ms]
[2016.03.15-01.38.39:845][249]BlueprintLog: New page: Compile HUD_Main
[2016.03.15-01.38.39:952][249]BlueprintEditorCompileResults: Info [1356.86] Compile of HUD_Main successful! [in 106 ms]
[2016.03.15-01.39.20:193][538]LogFileHelpers: Editor autosave (incl. sublevels) for '/Game/Levels/David-Test' took 0.034
[2016.03.15-01.39.20:198][538]OBJ SavePackage: Generating thumbnails for [0] asset(s) in package [/Game/Blueprints/UI/HUD_Main] ([1] browsable assets)...
[2016.03.15-01.39.20:198][538]OBJ SavePackage: Finished generating thumbnails for package [/Game/Blueprints/UI/HUD_Main]
[2016.03.15-01.39.20:198][538]Cmd: OBJ SAVEPACKAGE PACKAGE="/Game/Blueprints/UI/HUD_Main" FILE="../../../../../../Anthrocratos/Anthrocratos_UE4/Saved/Autosaves/Game/Blueprints/UI/HUD_Main_Auto2.uasset" SILENT=false AUTOSAVING=true
[2016.03.15-01.39.20:348][538]LogSavePackage: Save=85.677208ms
[2016.03.15-01.39.20:348][538]LogSavePackage: Moving '../../../../../../Anthrocratos/Anthrocratos_UE4/Saved/HUD_Main_Auto22988D7B440364799CA7C9DB56E2E2D9D.tmp' to '../../../../../../Anthrocratos/Anthrocratos_UE4/Saved/Autosaves/Game/Blueprints/UI/HUD_Main_Auto2.uasset'
[2016.03.15-01.39.20:350][538]LogSavePackage: Total save time: 150.919955ms
[2016.03.15-01.39.20:350][538]LogSavePackage:Display: Finished SavePackage ../../../../../../Anthrocratos/Anthrocratos_UE4/Saved/Autosaves/Game/Bluepr