[2016.02.27-22.57.01:857][  0]Log file open, 02/27/16 22:57:01
[2016.02.27-22.57.01:857][  0]LogInit:Display: Running engine for game: Anthrocratos_UE4
[2016.02.27-22.57.01:858][  0]LogPlatformFile: Not using cached read wrapper
[2016.02.27-22.57.01:858][  0]LogInit:Display: RandInit(-126242463) SRandInit(-126242457).
[2016.02.27-22.57.01:858][  0]LogTaskGraph: Started task graph with 4 named threads and 7 total threads.
[2016.02.27-22.57.01:858][  0]LogStats: Stats thread started at 0.122056
[2016.02.27-22.57.01:858][  0]LogInit: Version: 4.10.2-2818068+++depot+UE4-Releases+4.10
[2016.02.27-22.57.01:858][  0]LogInit: API Version: 2758231
[2016.02.27-22.57.01:858][  0]LogInit: Compiled (64-bit): Jan  6 2016 17:36:42
[2016.02.27-22.57.01:858][  0]LogInit: Compiled with Visual C++: 19.00.23026.00
[2016.02.27-22.57.01:858][  0]LogInit: Build Configuration: Development
[2016.02.27-22.57.01:858][  0]LogInit: Branch Name: ++depot+UE4-Releases+4.10
[2016.02.27-22.57.01:858][  0]LogInit: Command line:  /Temp/Autosaves/Game/Levels/UEDPCKieran-Test -game -PIEVIACONSOLE -ResX=1280 -ResY=720  -Multiprocess 
[2016.02.27-22.57.01:858][  0]LogInit: Base directory: C:/Program Files (x86)/Epic Games/4.10/Engine/Binaries/Win64/
[2016.02.27-22.57.01:858][  0]LogInit: Rocket: 1
[2016.02.27-22.57.01:869][  0]LogInit: Using libcurl 7.41.0
[2016.02.27-22.57.01:869][  0]LogInit:  - built for x86_64-pc-win32
[2016.02.27-22.57.01:869][  0]LogInit:  - supports SSL with WinSSL
[2016.02.27-22.57.01:869][  0]LogInit:  - other features:
[2016.02.27-22.57.01:869][  0]LogInit:      CURL_VERSION_SSL
[2016.02.27-22.57.01:869][  0]LogInit:      CURL_VERSION_IPV6
[2016.02.27-22.57.01:869][  0]LogInit:      CURL_VERSION_ASYNCHDNS
[2016.02.27-22.57.01:869][  0]LogInit:      CURL_VERSION_LARGEFILE
[2016.02.27-22.57.01:869][  0]LogInit:      CURL_VERSION_IDN
[2016.02.27-22.57.01:869][  0]LogInit:  CurlRequestOptions (configurable via config and command line):
[2016.02.27-22.57.01:869][  0]LogInit:  - bVerifyPeer = true  - Libcurl will verify peer certificate
[2016.02.27-22.57.01:869][  0]LogInit:  - bUseHttpProxy = false  - Libcurl will NOT use HTTP proxy
[2016.02.27-22.57.01:869][  0]LogInit:  - bDontReuseConnections = false  - Libcurl will reuse connections
[2016.02.27-22.57.01:869][  0]LogInit:  - CertBundlePath = nullptr  - Libcurl will use whatever was configured at build time.
[2016.02.27-22.57.01:877][  0]LogInit: Presizing for 0 objects not considered by GC, pre-allocating 0 bytes.
[2016.02.27-22.57.01:889][  0]LogInit: Object subsystem initialized
[2016.02.27-22.57.01:891][  0]LogInit: Selected Device Profile: [Windows]
[2016.02.27-22.57.01:891][  0]LogInit: Applying CVar settings loaded from the selected device profile: [Windows]
[2016.02.27-22.57.01:895][  0]LogInit: Computer: CUBE-11959
[2016.02.27-22.57.01:895][  0]LogInit: User: user
[2016.02.27-22.57.01:895][  0]LogInit: CPU Page size=4096, Cores=4
[2016.02.27-22.57.01:895][  0]LogInit: High frequency timer resolution =2.435778 MHz
[2016.02.27-22.57.01:895][  0]LogMemory: Memory total: Physical=7.9GB (8GB approx)
[2016.02.27-22.57.01:895][  0]LogMemory: Platform Memory Stats for Windows
[2016.02.27-22.57.01:895][  0]LogMemory: Process Physical Memory: 56.13 MB used, 56.13 MB peak
[2016.02.27-22.57.01:895][  0]LogMemory: Process Virtual Memory: 56.92 MB used, 56.92 MB peak
[2016.02.27-22.57.01:895][  0]LogMemory: Physical Memory: 4511.72 MB used, 8076.43 MB total
[2016.02.27-22.57.01:895][  0]LogMemory: Virtual Memory: 379.95 MB used, 134217728.00 MB total
[2016.02.27-22.57.01:950][  0]LogTextLocalizationManager: No specific translations for ('en-GB') exist, so ('en') translations will be used.
[2016.02.27-22.57.02:521][  0]LogD3D11RHI: Found D3D11 adapter 0: NVIDIA GeForce GTX 850M  (Feature Level 11_0)
[2016.02.27-22.57.02:521][  0]LogD3D11RHI: Adapter has 1995MB of dedicated video memory, 0MB of dedicated system memory, and 4038MB of shared system memory, 1 output[s]
[2016.02.27-22.57.02:531][  0]LogD3D11RHI: Found D3D11 adapter 1: Intel(R) HD Graphics 4600 (Feature Level 11_0)
[2016.02.27-22.57.02:531][  0]LogD3D11RHI: Adapter has 112MB of dedicated video memory, 0MB of dedicated system memory, and 4038MB of shared system memory, 0 output[s]
[2016.02.27-22.57.02:532][  0]LogD3D11RHI: Found D3D11 adapter 2: Microsoft Basic Render Driver (Feature Level 11_0)
[2016.02.27-22.57.02:532][  0]LogD3D11RHI: Adapter has 0MB of dedicated video memory, 0MB of dedicated system memory, and 4038MB of shared system memory, 0 output[s]
[2016.02.27-22.57.02:532][  0]LogD3D11RHI: Chosen D3D11 Adapter Id = 0
[2016.02.27-22.57.02:537][  0]LogD3D11RHI: !Direct3DDevice
[2016.02.27-22.57.02:537][  0]LogRHI: Texture pool is 1361 MB (70% of 1945 MB)
[2016.02.27-22.57.02:551][  0]LogD3D11RHI: Async texture creation enabled
[2016.02.27-22.57.02:566][  0]LogShaderCompilers: Guid format shader working directory is -30 characters bigger than the processId version (../../../../../../Users/user/Game Development/Anthrocratos/Anthrocratos_UE4/Intermediate/Shaders/WorkingDirectory/7152/).
[2016.02.27-22.57.02:566][  0]LogShaderCompilers: Cleaned the shader compiler working directory 'C:/Users/user/AppData/Local/Temp/UnrealShaderWorkingDir/A78C0F2C497AD144926D91945EB2FE30/'.
[2016.02.27-22.57.02:566][  0]LogShaderCompilers:Display: Using Local Shader Compiler.
[2016.02.27-22.57.03:570][  0]LogTemp:Display: Loaded TP AllDesktopTargetPlatform
[2016.02.27-22.57.03:575][  0]LogTemp:Display: Loaded TP WindowsClientTargetPlatform
[2016.02.27-22.57.03:581][  0]LogTemp:Display: Loaded TP WindowsNoEditorTargetPlatform
[2016.02.27-22.57.03:585][  0]LogTemp:Display: Loaded TP WindowsServerTargetPlatform
[2016.02.27-22.57.03:590][  0]LogTemp:Display: Loaded TP WindowsTargetPlatform
[2016.02.27-22.57.03:594][  0]LogTemp:Display: Loaded TP AndroidTargetPlatform
[2016.02.27-22.57.03:597][  0]LogTemp:Display: Loaded TP Android_ASTCTargetPlatform
[2016.02.27-22.57.03:600][  0]LogTemp:Display: Loaded TP Android_ATCTargetPlatform
[2016.02.27-22.57.03:603][  0]LogTemp:Display: Loaded TP Android_DXTTargetPlatform
[2016.02.27-22.57.03:605][  0]LogTemp:Display: Loaded TP Android_ETC1TargetPlatform
[2016.02.27-22.57.03:608][  0]LogTemp:Display: Loaded TP Android_ETC2TargetPlatform
[2016.02.27-22.57.03:614][  0]LogTemp:Display: Loaded TP Android_MultiTargetPlatform
[2016.02.27-22.57.03:614][  0]LogTemp:Display: Loaded TP Android_PVRTCTargetPlatform
[2016.02.27-22.57.03:615][  0]LogTemp:Display: Loaded TP HTML5TargetPlatform
[2016.02.27-22.57.03:632][  0]LogTemp:Display: Loaded TP IOSTargetPlatform
[2016.02.27-22.57.03:634][  0]LogTemp:Display: Loaded TP LinuxNoEditorTargetPlatform
[2016.02.27-22.57.03:637][  0]LogTemp:Display: Loaded TP LinuxServerTargetPlatform
[2016.02.27-22.57.03:640][  0]LogTemp:Display: Loaded TP LinuxTargetPlatform
[2016.02.27-22.57.03:640][  0]LogTargetPlatformManager:Display: Building Assets For Windows
[2016.02.27-22.57.03:723][  0]LogDerivedDataCache:Display: Max Cache Size: 512 MB
[2016.02.27-22.57.03:787][  0]LogDerivedDataCache: Loaded boot cache 0.06s 41MB C:/Users/user/AppData/Local/UnrealEngine/4.10/DerivedDataCache/Boot.ddc.
[2016.02.27-22.57.03:787][  0]LogDerivedDataCache:Display: Loaded Boot cache: C:/Users/user/AppData/Local/UnrealEngine/4.10/DerivedDataCache/Boot.ddc
[2016.02.27-22.57.03:787][  0]LogDerivedDataCache: FDerivedDataBackendGraph:  Pak pak cache file ../../../../../../Users/user/Game Development/Anthrocratos/Anthrocratos_UE4/DerivedDataCache/DDC.ddp not found, will not use a pak cache.
[2016.02.27-22.57.03:787][  0]LogDerivedDataCache: Unable to find inner node Pak for hierarchical cache Hierarchy.
[2016.02.27-22.57.03:787][  0]LogDerivedDataCache: FDerivedDataBackendGraph:  CompressedPak pak cache file ../../../../../../Users/user/Game Development/Anthrocratos/Anthrocratos_UE4/DerivedDataCache/Compressed.ddp not found, will not use a pak cache.
[2016.02.27-22.57.03:787][  0]LogDerivedDataCache: Unable to find inner node CompressedPak for hierarchical cache Hierarchy.
[2016.02.27-22.57.03:852][  0]LogDerivedDataCache:Display: Pak cache opened for reading ../../../Engine/DerivedDataCache/Compressed.ddp.
[2016.02.27-22.57.03:864][  0]LogDerivedDataCache: Using Local data cache path C:/Users/user/AppData/Local/UnrealEngine/Common/DerivedDataCache: Writable
[2016.02.27-22.57.04:033][  0]LogInit: Selected Device Profile: [Windows]
[2016.02.27-22.57.04:036][  0]LogContentStreaming: Texture pool size is 1000.000000MB
[2016.02.27-22.57.04:139][  0]LogMeshUtilities: No automatic mesh reduction module available
[2016.02.27-22.57.04:139][  0]LogMeshUtilities: No automatic mesh merging module available
[2016.02.27-22.57.04:357][  0]LogInit: WinSock: version 1.1 (2.2), MaxSocks=32767, MaxUdp=65467
[2016.02.27-22.57.04:736][  0]LogWindowsMoviePlayer: Unable to load movie: ../../../../../../Users/user/Game Development/Anthrocratos/Anthrocratos_UE4/Content/Movies/Default_Startup.mp4
[2016.02.27-22.57.04:882][  0]SourceControl: Info Source control is disabled
[2016.02.27-22.57.04:882][  0]SourceControl: Info Source control is disabled
[2016.02.27-22.57.04:891][  0]SourceControl: Info Source control is disabled
[2016.02.27-22.57.05:078][  0]LogObj: 27939 objects as part of root set at end of initial load.
[2016.02.27-22.57.05:079][  0]LogUObjectAllocator: 5832104 out of 0 bytes used by permanent object pool.
[2016.02.27-22.57.05:135][  0]LogEngine: Initializing Engine...
[2016.02.27-22.57.05:138][  0]LogHMD: Can't find Oculus library dev build: is proper Runtime installed? Version: 0.8.0.0
[2016.02.27-22.57.05:139][  0]LogHMD: SteamVR failed to initialize.  Err: 110
[2016.02.27-22.57.05:266][  0]LogInit: XAudio2 using 'Speakers (Jabra REVO v4.0.0)' : 2 channels at 48 kHz using 16 bits per sample (channel mask 0x3)
[2016.02.27-22.57.05:311][  0]LogInit: FAudioDevice initialized.
[2016.02.27-22.57.05:319][  0]LogInit: Texture streaming: Enabled
[2016.02.27-22.57.05:496][  0]LogNet: Browse: /Temp/Autosaves/Game/Levels/UEDPCKieran-Test?Name=Player
[2016.02.27-22.57.05:497][  0]LogLoad: LoadMap: /Temp/Autosaves/Game/Levels/UEDPCKieran-Test?Name=Player
[2016.02.27-22.57.05:520][  0]LogParticles: Destroying 0 GPU particle simulations for FXSystem 0x0000005619CE91C0
[2016.02.27-22.57.05:656][  0]LogMemory: Platform Memory Stats for Windows
[2016.02.27-22.57.05:656][  0]LogMemory: Process Physical Memory: 396.83 MB used, 396.83 MB peak
[2016.02.27-22.57.05:656][  0]LogMemory: Process Virtual Memory: 449.93 MB used, 449.94 MB peak
[2016.02.27-22.57.05:656][  0]LogMemory: Physical Memory: 4802.97 MB used, 8076.43 MB total
[2016.02.27-22.57.05:656][  0]LogMemory: Virtual Memory: 997.46 MB used, 134217728.00 MB total
[2016.02.27-22.57.05:656][  0]LogMemory: 
[2016.02.27-22.57.05:656][  0]Allocator Stats for TBB: (not implemented)
[2016.02.27-22.57.06:105][  0]LogAIModule: Creating AISystem for world Kieran-Test
[2016.02.27-22.57.06:143][  0]LogWorld: Game class is 'AnthroGameMode_C'
[2016.02.27-22.57.06:149][  0]LogWorld: Bringing World /Temp/Autosaves/Game/Levels/UEDPCKieran-Test.Kieran-Test up for play (max tick rate 0) at 2016.02.27-22.57.06
[2016.02.27-22.57.06:150][  0]LogWorld: Bringing up level for play took: 0.004649
[2016.02.27-22.57.06:152][  0]LogBlueprintUserMessages: [GameTileSpawner_C_0] TilesGenerated
[2016.02.27-22.57.06:153][  0]LogBlueprintUserMessages: [GameTileSpawner_C_0] out of bounds
[2016.02.27-22.57.06:154][  0]LogBlueprintUserMessages: [GameTileSpawner_C_0] out of bounds
[2016.02.27-22.57.06:156][  0]LogBlueprintUserMessages: [GameTileSpawner_C_0] spawned biome
[2016.02.27-22.57.06:156][  0]LogBlueprintUserMessages: [GameTileSpawner_C_0] out of bounds
[2016.02.27-22.57.06:156][  0]LogBlueprintUserMessages: [GameTileSpawner_C_0] out of bounds
[2016.02.27-22.57.06:157][  0]LogBlueprintUserMessages: [GameTileSpawner_C_0] out of bounds
[2016.02.27-22.57.06:158][  0]LogBlueprintUserMessages: [GameTileSpawner_C_0] out of bounds
[2016.02.27-22.57.06:158][  0]LogBlueprintUserMessages: [GameTileSpawner_C_0] out of bounds
[2016.02.27-22.57.06:159][  0]LogBlueprintUserMessages: [GameTileSpawner_C_0] out of bounds
[2016.02.27-22.57.06:160][  0]LogBlueprintUserMessages: [GameTileSpawner_C_0] out of bounds
[2016.02.27-22.57.06:160][  0]LogBlueprintUserMessages: [GameTileSpawner_C_0] spawned biome
[2016.02.27-22.57.06:160][  0]LogBlueprintUserMessages: [GameTileSpawner_C_0] out of bounds
[2016.02.27-22.57.06:161][  0]LogBlueprintUserMessages: [GameTileSpawner_C_0] out of bounds
[2016.02.27-22.57.06:161][  0]LogBlueprintUserMessages: [GameTileSpawner_C_0] out of bounds
[2016.02.27-22.57.06:161][  0]LogBlueprintUserMessages: [GameTileSpawner_C_0] out of bounds
[2016.02.27-22.57.06:161][  0]LogBlueprintUserMessages: [GameTileSpawner_C_0] out of bounds
[2016.02.27-22.57.06:162][  0]LogBlueprintUserMessages: [GameTileSpawner_C_0] out of bounds
[2016.02.27-22.57.06:162][  0]LogBlueprintUserMessages: [GameTileSpawner_C_0] spawned biome
[2016.02.27-22.57.06:174][  0]LogInit:Display: Game Engine Initialized.
[2016.02.27-22.57.06:394][  0]LogLoad: Full Startup: 5.46 seconds (BP compile: 0.12 seconds)
[2016.02.27-22.57.06:416][  0]LogOcInput: Can't find Oculus library dev build: is proper Runtime installed? Version: 0.8.0.0
[2016.02.27-22.57.06:528][  2]LogRenderer: Reallocating scene render targets to support 1280x720 (Frame:2).
[2016.02.27-22.58.38:828][664]Closing by request
[2016.02.27-22.58.38:828][664]LogWindows: FPlatformMisc::RequestExit(0)
[2016.02.27-22.58.39:267][665]LogWindowsTextInputMethodSystem:Display: IME system now deactivated.
[2016.02.27-22.58.39:301][665]LogExit: Preparing to exit.
[2016.02.27-22.58.39:699][665]LogExit: Game engine shut down
[2016.02.27-22.58.39:726][665]LogParticles: Destroying 0 GPU particle simulations for FXSystem 0x000000561CF7AE80
[2016.02.27-22.58.40:575][665]LogExit: Object subsystem successfully closed.
[2016.02.27-22.58.40:770][665]LogD3D11RHI: Shutdown
[2016.02.27-22.58.40:770][665]LogD3D11RHI: CleanupD3DDevice
[2016.02.27-22.58.40:933][665]LogD3D11RHI: ~FD3D11DynamicRHI
[2016.02.27-22.58.41:147][665]LogModuleManager: Shutting down and abandoning module AndroidDeviceDetection (118)
[2016.02.27-22.58.41:448][665]LogModuleManager: Shutting down and abandoning module AutomationController (117)
[2016.02.27-22.58.41:497][665]LogModuleManager: Shutting down and abandoning module AutomationWorker (116)
[2016.02.27-22.58.41:497][665]LogModuleManager: Shutting down and abandoning module CharacterAI (115)
[2016.02.27-22.58.41:497][665]LogModuleManager: Shutting down and abandoning module AITestSuite (114)
[2016.02.27-22.58.41:505][665]LogModuleManager: Shutting down and abandoning module GameplayDebugger (113)
[2016.02.27-22.58.41:516][665]LogModuleManager: Shutting down and abandoning module AIModule (112)
[2016.02.27-22.58.41:516][665]LogModuleManager: Shutting down and abandoning module MovieSceneCapture (111)
[2016.02.27-22.58.41:516][665]LogModuleManager: Shutting down and abandoning module GameLiveStreaming (110)
[2016.02.27-22.58.41:525][665]LogModuleManager: Shutting down and abandoning module StreamingPauseRendering (109)
[2016.02.27-22.58.41:525][665]LogModuleManager: Shutting down and abandoning module ProfilerService (108)
[2016.02.27-22.58.41:719][665]LogModuleManager: Shutting down and abandoning module TaskGraph (107)
[2016.02.27-22.58.41:737][665]LogModuleManager: Shutting down and abandoning module SlateRemote (106)
[2016.02.27-22.58.41:737][665]LogModuleManager: Shutting down and abandoning module SteamVRController (105)
[2016.02.27-22.58.41:737][665]LogModuleManager: Shutting down and abandoning module SteamVR (104)
[2016.02.27-22.58.41:737][665]LogModuleManager: Shutting down and abandoning module ProceduralMeshComponent (103)
[2016.02.27-22.58.41:738][665]LogModuleManager: Shutting down and abandoning module OculusLibrary (102)
[2016.02.27-22.58.41:738][665]LogModuleManager: Shutting down and abandoning module OculusInput (101)
[2016.02.27-22.58.41:738][665]LogModuleManager: Shutting down and abandoning module LeapMotionController (100)
[2016.02.27-22.58.41:798][665]LogModuleManager: Shutting down and abandoning module CustomMeshComponent (99)
[2016.02.27-22.58.41:798][665]LogModuleManager: Shutting down and abandoning module CableComponent (98)
[2016.02.27-22.58.41:803][665]LogModuleManager: Shutting down and abandoning module ArchVisCharacter (97)
[2016.02.27-22.58.41:803][665]LogModuleManager: Shutting down and abandoning module HTML5Networking (96)
[2016.02.27-22.58.41:803][665]LogModuleManager: Shutting down and abandoning module DesktopPlatform (95)
[2016.02.27-22.58.41:808][665]LogModuleManager: Shutting down and abandoning module DirectoryWatcher (94)
[2016.02.27-22.58.41:809][665]LogModuleManager: Shutting down and abandoning module HotReload (93)
[2016.02.27-22.58.41:813][665]LogModuleManager: Shutting down and abandoning module VisualStudioSourceCodeAccess (92)
[2016.02.27-22.58.41:813][665]LogModuleManager: Shutting down and abandoning module UObjectPlugin (91)
[2016.02.27-22.58.41:813][665]LogModuleManager: Shutting down and abandoning module SubversionSourceControl (90)
[2016.02.27-22.58.41:813][665]LogModuleManager: Shutting down and abandoning module SourceControl (89)
[2016.02.27-22.58.41:825][665]LogModuleManager: Shutting down and abandoning module PerforceSourceControl (88)
[2016.02.27-22.58.41:834][665]LogModuleManager: Shutting down and abandoning module Anthrocratos_UE4 (87)
[2016.02.27-22.58.41:834][665]LogModuleManager: Shutting down and abandoning module UdpMessaging (86)
[2016.02.27-22.58.41:834][665]LogModuleManager: Shutting down and abandoning module LightPropagationVolumeRuntime (85)
[2016.02.27-22.58.41:834][665]LogModuleManager: Shutting down and abandoning module Paper2D (84)
[2016.02.27-22.58.41:844][665]LogModuleManager: Shutting down and abandoning module WindowsMoviePlayer (83)
[2016.02.27-22.58.41:850][665]LogModuleManager: Shutting down and abandoning module Media (82)
[2016.02.27-22.58.41:850][665]LogModuleManager: Shutting down and abandoning module WmfMedia (81)
[2016.02.27-22.58.41:856][665]LogModuleManager: Shutting down and abandoning module OnlineBlueprintSupport (80)
[2016.02.27-22.58.41:856][665]LogModuleManager: Shutting down and abandoning module GameplayTasksEditor (79)
[2016.02.27-22.58.41:856][665]LogModuleManager: Shutting down and abandoning module PropertyEditor (78)
[2016.02.27-22.58.41:856][665]LogModuleManager: Shutting down and abandoning module BehaviorTreeEditor (77)
[2016.02.27-22.58.41:876][665]LogModuleManager: Shutting down and abandoning module FunctionalTesting (76)
[2016.02.27-22.58.41:876][665]LogModuleManager: Shutting down and abandoning module CollisionAnalyzer (75)
[2016.02.27-22.58.41:886][665]LogModuleManager: Shutting down and abandoning module WorkspaceMenuStructure (74)
[2016.02.27-22.58.41:886][665]LogModuleManager: Shutting down and abandoning module MessageLog (73)
[2016.02.27-22.58.41:886][665]LogModuleManager: Shutting down and abandoning module Sequencer (72)
[2016.02.27-22.58.41:907][665]LogModuleManager: Shutting down and abandoning module AssetTools (71)
[2016.02.27-22.58.41:923][665]LogModuleManager: Shutting down and abandoning module UMGEditor (70)
[2016.02.27-22.58.41:951][665]LogModuleManager: Shutting down and abandoning module UMG (69)
[2016.02.27-22.58.41:955][665]LogModuleManager: Shutting down and abandoning module Slate (68)
[2016.02.27-22.58.41:955][665]LogModuleManager: Shutting down and abandoning module EditorStyle (67)
[2016.02.27-22.58.41:958][665]LogModuleManager: Shutting down and abandoning module SessionServices (66)
[2016.02.27-22.58.41:958][665]LogModuleManager: Shutting down and abandoning module SourceCodeAccess (65)
[2016.02.27-22.58.41:958][665]LogModuleManager: Shutting down and abandoning module HeadMountedDisplay (64)
[2016.02.27-22.58.41:958][665]LogModuleManager: Shutting down and abandoning module XAudio2 (63)
[2016.02.27-22.58.41:958][665]LogModuleManager: Shutting down and abandoning module Networking (61)
[2016.02.27-22.58.41:958][665]LogModuleManager: Shutting down and abandoning module Core (60)
[2016.02.27-22.58.41:958][665]LogModuleManager: Shutting down and abandoning module KismetCompiler (59)
[2016.02.