[2016.03.01-10.15.08:790][  0]Log file open, 03/01/16 10:15:08
[2016.03.01-10.15.08:790][  0]LogInit:Display: Running engine for game: Anthrocratos_UE4
[2016.03.01-10.15.08:790][  0]LogPlatformFile: Not using cached read wrapper
[2016.03.01-10.15.08:790][  0]LogInit:Display: RandInit(749420439) SRandInit(749420440).
[2016.03.01-10.15.08:790][  0]LogTaskGraph: Started task graph with 4 named threads and 5 total threads.
[2016.03.01-10.15.08:790][  0]LogStats: Stats thread started at 0.081655
[2016.03.01-10.15.08:790][  0]LogInit: Version: 4.10.2-2818068+++depot+UE4-Releases+4.10
[2016.03.01-10.15.08:790][  0]LogInit: API Version: 2758231
[2016.03.01-10.15.08:790][  0]LogInit: Compiled (64-bit): Jan  6 2016 17:36:42
[2016.03.01-10.15.08:790][  0]LogInit: Compiled with Visual C++: 19.00.23026.00
[2016.03.01-10.15.08:790][  0]LogInit: Build Configuration: Development
[2016.03.01-10.15.08:790][  0]LogInit: Branch Name: ++depot+UE4-Releases+4.10
[2016.03.01-10.15.08:790][  0]LogInit: Command line:  
[2016.03.01-10.15.08:790][  0]LogInit: Base directory: C:/Program Files (x86)/Epic Games/4.10/Engine/Binaries/Win64/
[2016.03.01-10.15.08:790][  0]LogInit: Rocket: 1
[2016.03.01-10.15.08:821][  0]LogInit: Using libcurl 7.41.0
[2016.03.01-10.15.08:821][  0]LogInit:  - built for x86_64-pc-win32
[2016.03.01-10.15.08:821][  0]LogInit:  - supports SSL with WinSSL
[2016.03.01-10.15.08:821][  0]LogInit:  - other features:
[2016.03.01-10.15.08:821][  0]LogInit:      CURL_VERSION_SSL
[2016.03.01-10.15.08:821][  0]LogInit:      CURL_VERSION_IPV6
[2016.03.01-10.15.08:821][  0]LogInit:      CURL_VERSION_ASYNCHDNS
[2016.03.01-10.15.08:821][  0]LogInit:      CURL_VERSION_LARGEFILE
[2016.03.01-10.15.08:821][  0]LogInit:      CURL_VERSION_IDN
[2016.03.01-10.15.08:821][  0]LogInit:  CurlRequestOptions (configurable via config and command line):
[2016.03.01-10.15.08:821][  0]LogInit:  - bVerifyPeer = true  - Libcurl will verify peer certificate
[2016.03.01-10.15.08:821][  0]LogInit:  - bUseHttpProxy = false  - Libcurl will NOT use HTTP proxy
[2016.03.01-10.15.08:821][  0]LogInit:  - bDontReuseConnections = false  - Libcurl will reuse connections
[2016.03.01-10.15.08:821][  0]LogInit:  - CertBundlePath = nullptr  - Libcurl will use whatever was configured at build time.
[2016.03.01-10.15.08:858][  0]LogInit: Presizing for 0 objects not considered by GC, pre-allocating 0 bytes.
[2016.03.01-10.15.08:863][  0]LogInit: Object subsystem initialized
[2016.03.01-10.15.08:864][  0]LogInit: Selected Device Profile: [Windows]
[2016.03.01-10.15.08:864][  0]LogInit: Applying CVar settings loaded from the selected device profile: [Windows]
[2016.03.01-10.15.08:874][  0]LogInit: Computer: LAPTOP-TCEGHJTQ
[2016.03.01-10.15.08:874][  0]LogInit: User: David
[2016.03.01-10.15.08:874][  0]LogInit: CPU Page size=4096, Cores=2
[2016.03.01-10.15.08:874][  0]LogInit: High frequency timer resolution =2.338338 MHz
[2016.03.01-10.15.08:874][  0]LogMemory: Memory total: Physical=15.9GB (16GB approx)
[2016.03.01-10.15.08:874][  0]LogMemory: Platform Memory Stats for Windows
[2016.03.01-10.15.08:874][  0]LogMemory: Process Physical Memory: 56.05 MB used, 56.05 MB peak
[2016.03.01-10.15.08:874][  0]LogMemory: Process Virtual Memory: 55.66 MB used, 55.66 MB peak
[2016.03.01-10.15.08:874][  0]LogMemory: Physical Memory: 3806.13 MB used, 16297.84 MB total
[2016.03.01-10.15.08:874][  0]LogMemory: Virtual Memory: 376.86 MB used, 134217728.00 MB total
[2016.03.01-10.15.09:017][  0]LogTextLocalizationManager: No specific translations for ('en-GB') exist, so ('en') translations will be used.
[2016.03.01-10.15.09:653][  0]LogD3D11RHI: Found D3D11 adapter 0: Intel(R) HD Graphics 5500 (Feature Level 11_0)
[2016.03.01-10.15.09:653][  0]LogD3D11RHI: Adapter has 128MB of dedicated video memory, 0MB of dedicated system memory, and 8148MB of shared system memory, 1 output[s]
[2016.03.01-10.15.10:325][  0]LogD3D11RHI: Found D3D11 adapter 1: AMD Radeon(TM) R9 M375 (Feature Level 11_0)
[2016.03.01-10.15.10:325][  0]LogD3D11RHI: Adapter has 4074MB of dedicated video memory, 0MB of dedicated system memory, and 8148MB of shared system memory, 0 output[s]
[2016.03.01-10.15.10:328][  0]LogD3D11RHI: Found D3D11 adapter 2: Microsoft Basic Render Driver (Feature Level 11_0)
[2016.03.01-10.15.10:328][  0]LogD3D11RHI: Adapter has 0MB of dedicated video memory, 0MB of dedicated system memory, and 8148MB of shared system memory, 0 output[s]
[2016.03.01-10.15.10:328][  0]LogD3D11RHI: Chosen D3D11 Adapter Id = 0
[2016.03.01-10.15.10:332][  0]LogD3D11RHI: !Direct3DDevice
[2016.03.01-10.15.10:332][  0]LogRHI: Texture pool is 1361 MB (70% of 1945 MB)
[2016.03.01-10.15.10:339][  0]LogD3D11RHI: Async texture creation enabled
[2016.03.01-10.15.10:343][  0]LogShaderCompilers: Guid format shader working directory is -15 characters bigger than the processId version (../../../../../../Anthracratos/Anthrocratos/Anthrocratos_UE4/Intermediate/Shaders/WorkingDirectory/13136/).
[2016.03.01-10.15.10:343][  0]LogShaderCompilers: Cleaned the shader compiler working directory 'C:/Users/David/AppData/Local/Temp/UnrealShaderWorkingDir/304523E14087701FA727B2946904C89D/'.
[2016.03.01-10.15.10:343][  0]LogShaderCompilers:Display: Using Local Shader Compiler.
[2016.03.01-10.15.12:169][  0]LogTemp:Display: Loaded TP AllDesktopTargetPlatform
[2016.03.01-10.15.12:182][  0]LogTemp:Display: Loaded TP WindowsClientTargetPlatform
[2016.03.01-10.15.12:195][  0]LogTemp:Display: Loaded TP WindowsNoEditorTargetPlatform
[2016.03.01-10.15.12:208][  0]LogTemp:Display: Loaded TP WindowsServerTargetPlatform
[2016.03.01-10.15.12:222][  0]LogTemp:Display: Loaded TP WindowsTargetPlatform
[2016.03.01-10.15.12:233][  0]LogTemp:Display: Loaded TP AndroidTargetPlatform
[2016.03.01-10.15.12:244][  0]LogTemp:Display: Loaded TP Android_ASTCTargetPlatform
[2016.03.01-10.15.12:255][  0]LogTemp:Display: Loaded TP Android_ATCTargetPlatform
[2016.03.01-10.15.12:267][  0]LogTemp:Display: Loaded TP Android_DXTTargetPlatform
[2016.03.01-10.15.12:278][  0]LogTemp:Display: Loaded TP Android_ETC1TargetPlatform
[2016.03.01-10.15.12:289][  0]LogTemp:Display: Loaded TP Android_ETC2TargetPlatform
[2016.03.01-10.15.12:312][  0]LogTemp:Display: Loaded TP Android_MultiTargetPlatform
[2016.03.01-10.15.12:312][  0]LogTemp:Display: Loaded TP Android_PVRTCTargetPlatform
[2016.03.01-10.15.12:320][  0]LogTemp:Display: Loaded TP HTML5TargetPlatform
[2016.03.01-10.15.12:360][  0]LogTemp:Display: Loaded TP IOSTargetPlatform
[2016.03.01-10.15.12:371][  0]LogTemp:Display: Loaded TP LinuxNoEditorTargetPlatform
[2016.03.01-10.15.12:382][  0]LogTemp:Display: Loaded TP LinuxServerTargetPlatform
[2016.03.01-10.15.12:393][  0]LogTemp:Display: Loaded TP LinuxTargetPlatform
[2016.03.01-10.15.12:393][  0]LogTargetPlatformManager:Display: Building Assets For Windows
[2016.03.01-10.15.12:728][  0]LogDerivedDataCache:Display: Max Cache Size: 512 MB
[2016.03.01-10.15.12:787][  0]LogDerivedDataCache: Loaded boot cache 0.06s 41MB C:/Users/David/AppData/Local/UnrealEngine/4.10/DerivedDataCache/Boot.ddc.
[2016.03.01-10.15.12:787][  0]LogDerivedDataCache:Display: Loaded Boot cache: C:/Users/David/AppData/Local/UnrealEngine/4.10/DerivedDataCache/Boot.ddc
[2016.03.01-10.15.12:787][  0]LogDerivedDataCache: FDerivedDataBackendGraph:  Pak pak cache file ../../../../../../Anthracratos/Anthrocratos/Anthrocratos_UE4/DerivedDataCache/DDC.ddp not found, will not use a pak cache.
[2016.03.01-10.15.12:787][  0]LogDerivedDataCache: Unable to find inner node Pak for hierarchical cache Hierarchy.
[2016.03.01-10.15.12:787][  0]LogDerivedDataCache: FDerivedDataBackendGraph:  CompressedPak pak cache file ../../../../../../Anthracratos/Anthrocratos/Anthrocratos_UE4/DerivedDataCache/Compressed.ddp not found, will not use a pak cache.
[2016.03.01-10.15.12:787][  0]LogDerivedDataCache: Unable to find inner node CompressedPak for hierarchical cache Hierarchy.
[2016.03.01-10.15.12:851][  0]LogDerivedDataCache:Display: Pak cache opened for reading ../../../Engine/DerivedDataCache/Compressed.ddp.
[2016.03.01-10.15.12:865][  0]LogDerivedDataCache: Using Local data cache path C:/Users/David/AppData/Local/UnrealEngine/Common/DerivedDataCache: Writable
[2016.03.01-10.15.13:130][  0]LogInit: Selected Device Profile: [Windows]
[2016.03.01-10.15.13:133][  0]LogContentStreaming: Texture pool size is 0.000000MB
[2016.03.01-10.15.13:273][  0]LogMeshUtilities: No automatic mesh reduction module available
[2016.03.01-10.15.13:273][  0]LogMeshUtilities: No automatic mesh merging module available
[2016.03.01-10.15.13:569][  0]LogInit: WinSock: version 1.1 (2.2), MaxSocks=32767, MaxUdp=65467
[2016.03.01-10.15.15:231][  0]UdpMessaging: Initializing bridge on interface 0.0.0.0:0 to multicast group 230.0.0.1:6666.
[2016.03.01-10.15.15:492][  0]LogAssetRegistry: FAssetRegistry took 0.0113 seconds to start up
[2016.03.01-10.15.15:969][  0]SourceControl: Info Source control is disabled
[2016.03.01-10.15.15:971][  0]SourceControl: Info Source control is disabled
[2016.03.01-10.15.16:013][  0]SourceControl: Info Source control is disabled
[2016.03.01-10.15.16:060][  0]SourceControl: Info Source control is disabled
[2016.03.01-10.15.16:901][  0]LogObj: 28645 objects as part of root set at end of initial load.
[2016.03.01-10.15.16:901][  0]LogUObjectAllocator: 6105088 out of 0 bytes used by permanent object pool.
[2016.03.01-10.15.16:987][  0]LogEngine: Initializing Engine...
[2016.03.01-10.15.16:993][  0]LogHMD: Can't find Oculus library dev build: is proper Runtime installed? Version: 0.8.0.0
[2016.03.01-10.15.17:001][  0]LogHMD: SteamVR failed to initialize.  Err: 110
[2016.03.01-10.15.17:146][  0]LogAIModule: Creating AISystem for world NewWorld
[2016.03.01-10.15.17:152][  0]LogInit: XAudio2 using 'Speakers (Realtek High Definition Audio)' : 2 channels at 48 kHz using 32 bits per sample (channel mask 0x3)
[2016.03.01-10.15.18:152][  0]LogInit: FAudioDevice initialized.
[2016.03.01-10.15.18:174][  0]LogDerivedDataCache: Saved boot cache 0.02s 41MB C:/Users/David/AppData/Local/UnrealEngine/4.10/DerivedDataCache/Boot.ddc.
[2016.03.01-10.15.18:177][  0]LogInit: Texture streaming: Enabled
[2016.03.01-10.15.18:198][  0]LogAnalytics: Creating configured Analytics provider AnalyticsET
[2016.03.01-10.15.18:199][  0]LogAnalytics: [UEEditor.Rocket.Release] APIServer = http://et2.epicgames.com/ET2/. AppVersion = 4.10.2-2818068+++depot+UE4-Releases+4.10
[2016.03.01-10.15.18:199][  0]LogAnalytics: [UEEditor.Rocket.Release] SetUserId 51bad3324626f8b32aeb23b5d6210868|c381b92b33784ccaa7b778c4b0f76233|7a75b928-ee2d-4f84-b046-c4f65b0113e6
[2016.03.01-10.15.18:199][  0]LogAnalytics: [UEEditor.Rocket.Release] AnalyticsET::StartSession
[2016.03.01-10.15.18:218][  0]LogInit: Transaction tracking system initialized
[2016.03.01-10.15.18:304][  0]BlueprintLog: New page: Editor Load
[2016.03.01-10.15.18:667][  0]LocalizationService: Info Localization service is disabled
[2016.03.01-10.15.19:060][  0]LogConsoleResponse:Display: 
[2016.03.01-10.15.19:236][  0]LogCook:Display: Done creating registry. It took  0.00s.
[2016.03.01-10.15.19:299][  0]LogFileCache: Scanning file cache for directory 'C:/Anthracratos/Anthrocratos/Anthrocratos_UE4/Content/' took 0.02s
[2016.03.01-10.15.19:452][  0]SourceControl: Info Source control is disabled
[2016.03.01-10.15.19:452][  0]Cmd: MAP LOAD FILE="../../../../../../Anthracratos/Anthrocratos/Anthrocratos_UE4/Content/Levels/Kieran-Test.umap" TEMPLATE=0 SHOWPROGRESS=1 FEATURELEVEL=3
[2016.03.01-10.15.19:453][  0]LightingResults: New page: Lighting Build
[2016.03.01-10.15.19:457][  0]MapCheck: New page: Map Check
[2016.03.01-10.15.19:457][  0]LightingResults: New page: Lighting Build
[2016.03.01-10.15.19:473][  0]LogParticles: Destroying 0 GPU particle simulations for FXSystem 0x0000002088017240
[2016.03.01-10.15.19:793][  0]LogLinker:Warning: CreateExport: Failed to load Parent for Function /Game/Blueprints/Tiles/Biomes/FieldTile.FieldTile_C:UserConstructionScript; removing parent information, but keeping function
[2016.03.01-10.15.19:898][  0]LogLinker:Warning: CreateExport: Failed to load Parent for Function /Game/Blueprints/Tiles/Buildings/CityCentre.CityCentre_C:UserConstructionScript; removing parent information, but keeping function
[2016.03.01-10.15.20:209][  0]LogAIModule: Creating AISystem for world Kieran-Test
[2016.03.01-10.15.20:214][  0]LogEditorServer: Finished looking for orphan Actors (0.000 secs)
[2016.03.01-10.15.20:215][  0]Cmd: MAP CHECKDEP NOCLEARLOG
[2016.03.01-10.15.20:378][  0]MapCheck: Info Map check complete: 0 Error(s), 0 Warning(s), took 163.039ms to complete.
[2016.03.01-10.15.20:378][  0]LogFileHelpers: Loading map 'Kieran-Test' took 0.927
[2016.03.01-10.15.20:512][  0]LogCollectionManager: Loaded 0 collections in 0.003060 seconds
[2016.03.01-10.15.20:556][  0]LogFileCache: Scanning file cache for directory 'C:/Anthracratos/Anthrocratos/Anthrocratos_UE4/Saved/Collections/' took 0.01s
[2016.03.01-10.15.20:556][  0]LogFileCache: Scanning file cache for directory 'C:/Anthracratos/Anthrocratos/Anthrocratos_UE4/Content/Developers/David/Collections/' took 0.01s
[2016.03.01-10.15.20:556][  0]LogFileCache: Scanning file cache for directory 'C:/Anthracratos/Anthrocratos/Anthrocratos_UE4/Content/Collections/' took 0.01s
[2016.03.01-10.15.20:556][  0]LogCollectionManager: Rebuilt the GUID cache for 0 collections in 0.000002 seconds
[2016.03.01-10.15.20:565][  0]LogContentBrowser: Native class hierarchy populated in 0.0092 seconds. Added 1896 classes and 340 folders.
[2016.03.01-10.15.20:575][  0]LogContentBrowser: Native class hierarchy updated for 'WidgetCarousel' in 0.0026 seconds. Added 0 classes and 0 folders.
[2016.03.01-10.15.20:693][  0]LogContentBrowser: Native class hierarchy updated for 'AddContentDialog' in 0.0026 seconds. Added 0 classes and 0 folders.
[2016.03.01-10.15.20:714][  0]LogContentBrowser: Native class hierarchy updated for 'SceneOutliner' in 0.0027 seconds. Added 1 classes and 2 folders.
[2016.03.01-10.15.20:773][  0]LogCrashTracker: Crashtracker disabled due to settings.
[2016.03.01-10.15.20:779][  0]LogUObjectGlobals:Warning: Failed to find object 'Class None.'
[2016.03.01-10.15.20:801][  0]LogLoad: Full Startup: 13.35 seconds (BP compile: 0.22 seconds)
[2016.03.01-10.15.20:815][  0]LogOcInput: Can't find Oculus library dev build: is proper Runtime installed? Version: 0.8.0.0
[2016.03.01-10.15.20:897][  0]LogContentStreaming: Texture pool size now 400 MB
[2016.03.01-10.15.21:039][  0]LogRenderer: Reallocating scene render targets to support 1208x572 (Frame:2).
[2016.03.01-10.15.21:224][  1]LogFileCache: Retrieving MD5 hashes for directory 'C:/Anthracratos/Anthrocratos/Anthrocratos_UE4/Content/' took 0.40s
[2016.03.01-10.15.21:519][  8]LogAssetRegistry: Asset discovery search completed in 6.0388 seconds
[2016.03.01-10.15.21:520][  8]LogCollectionManager: Rebuilt the object cache for 0 collections in 0.000002 seconds (found 0 objects)
[2016.03.01-10.15.21:520][  8]LogCollectionManager: Fixed up redirectors for 0 collections in 0.000024 seconds (updated 0 objects)
[2016.03.01-10.18.01:855][602]LogAIModule: Creating AISystem for world David-Test
[2016.03.01-10.18.01:916][602]Cmd: MAP LOAD FILE="../../../../../../Anthracratos/Anthrocratos/Anthrocratos_UE4/Content/Levels/David-Test.umap" TEMPLATE=0 SHOWPROGRESS=1 FEATURELEVEL=3
[2016.03.01-10.18.01:916][602]LightingResults: New page: Lighting Build
[2016.03.01-10.18.01:948][602]LoadErrors: New page: Loading map: David-Test.umap
[2016.03.01-10.18.01:949][602]MapCheck: New page: Map Check
[2016.03.01-10.18.01:949][602]LightingResults: New page: Lighting Build
[2016.03.01-10.18.01:971][602]LogParticles: Destroying 0 GPU particle simulations for FXSystem 0x00000020F4CA8180
[2016.03.01-10.18.02:009][602]LogEditorServer: Finished looking for orphan Actors (0.000 secs)
[2016.03.01-10.18.02:036][602]Cmd: MAP CHECKDEP NOCLEARLOG
[2016.03.01-10.18.02:199][602]MapCheck: Info Map check complete: 0 Error(s), 0 Warning(s), took 162.532ms to complete.
[2016.03.01-10.18.02:200][602]LogFileHelpers: Loading map 'David-Test' took 0.285
[2016.03.01-10.18.03:469][653]LogBlueprintUserMessages: Early PlayInEditor Detection: Level '/Game/Levels/David-Test.David-Test:PersistentLevel' has LevelScriptBlueprint '/Game/Levels/David-Test.David-Test:PersistentLevel.David-Test' with GeneratedClass '/Game/Levels/David-Test.David-Test_C' with ClassGeneratedBy '/Game/Levels/David-Test.David-Test:PersistentLevel.David-Test'
[2016.03.01-10.18.03:469][653]LogPlayLevel: PlayLevel: No blueprints needed recompiling
[2016.03.01-10.18.03:469][653]PIE: New page: PIE session: David-Test (1 Mar 2016 10:18:03)
[2016.03.01-10.18.03:469][653]LogPlayLevel: Creating play world package: /Game/Levels/UEDPIE_0_David-Test
[2016.03.01-10.18.03:475][653]LogPlayLevel: PIE: StaticDuplicateObject took: (0.005922s)
[2016.03.01-10.18.03:476][653]LogAIModule: Creating AISystem for world David-Test
[2016.03.01-10.18.03:476][653]LogPlayLevel: PIE: World Init took: (0.000705s)
[2016.03.01-10.18.03:476][653]LogPlayLevel: PIE: Created PIE world by copying editor world from /Game/Levels/David-Test.David-Test to /Game/Levels/UEDPIE_0_David-Test.David-Test (0.006830s)
[2016.03.01-10.18.03:503][653]LogInit: XAudio2 using 'Speakers (Realtek High Definition Audio)' : 2 channels at 48 kHz using 32 bits per sample (channel mask 0x3)
[2016.03.01-10.18.03:518][653]LogInit: FAudioDevice initialized.
[2016.03.01-10.18.03:565][653]LogWorld: Game class is 'AnthroGameMode_C'
[2016.03.01-10.18.03:567][653]LogWorld: Bringing World /Game/Levels/UEDPIE_0_David-Test.David-Test up for play (max tick rate 0) at 2016.03.01-10.18.03
[2016.03.01-10.18.03:567][653]LogActor:Warning: GameSession /Game/Levels/UEDPIE_0_David-Test.David-Test:PersistentLevel.GameSession_0 has natively added scene component(s), but none of them were set as the actor's RootComponent - picking one arbitrarily
[2016.03.01-10.18.03:568][653]LogActor:Warning: GameNetworkManager /Game/Levels/UEDPIE_0_David-Test.David-Test:PersistentLevel.GameNetworkManager_0 has natively added scene component(s), but none of them were set as the actor's RootComponent - picking one arbitrarily
[2016.03.01-10.18.03:568][653]LogWorld: Bringing up level for play took: 0.002076
[2016.03.01-10.18.03:571][653]LogBlueprintUserMessages: [GameTileSpawner_58] TilesGenerated
[2016.03.01-10.18.03:587][653]PIE: Info Play in editor start time for /Game/Levels/UEDPIE_0_David-Test 0.617
[2016.03.01-10.18.03:587][653]LogBlueprintUserMessages: Late PlayInEditor Detection: Level '/Game/Levels/David-Test.David-Test:PersistentLevel' has LevelScriptBlueprint '/Game/Levels/David-Test.David-Test:PersistentLevel.David-Test' with GeneratedClass '/Game/Levels/David-Test.David-Test_C' with ClassGeneratedBy '/Game/Levels/David-Test.David-Test:PersistentLevel.David-Test'
[2016.03.01-10.18.03:613][653]LogScript:Warning: Accessed None 'Character_Ref'
	HUD_Test_C /Engine/Transient.UnrealEdEngine_0:GameInstance_0.HUD_Test_C_0
	Function /Game/Blueprints/UI/HUD_Test.HUD_Test_C:GetText_0:003D
[2016.03.01-10.18.03:617][653]LogScript:Warning: Accessed None 'HexTileRef'
	BuildingUI_C /Engine/Transient.UnrealEdEngine_0:GameInstance_0.BuildingUI_C_0
	Function /Game/Blueprints/UI/BuildingUI.BuildingUI_C:ExecuteUbergraph_BuildingUI:0386
[2016.03.01-10.18.03:626][654]LogScript:Warning: Accessed None 'Character_Ref'
	HUD_Test_C /Engine/Transient.UnrealEdEngine_0:GameInstance_0.HUD_Test_C_0
	Function /Game/Blueprints/UI/HUD_Test.HUD_Test_C:GetText_0:003D
[2016.03.01-10.18.03:631][654]LogScript:Warning: Accessed None 'HexTileRef'
	BuildingUI_C /Engine/Transient.UnrealEdEngine_0:GameInstance_0.BuildingUI_C_0
	Function /Game/Blueprints/UI/BuildingUI.BuildingUI_C:ExecuteUbergraph_BuildingUI:0386
[2016.03.01-10.18.03:639][655]LogScript:Warning: Accessed None 'Character_Ref'
	HUD_Test_C /Engine/Transient.UnrealEdEngine_0:GameInstance_0.HUD_Test_C_0
	Function /Game/Blueprints/UI/HUD_Test.HUD_Test_C:GetText_0:003D
[2016.03.01-10.18.03:643][655]LogScript:Warning: Accessed None 'HexTileRef'
	BuildingUI_C /Engine/Transient.UnrealEdEngine_0:GameInstance_0.BuildingUI_C_0
	Function /Game/Blueprints/UI/BuildingUI.BuildingUI_C:ExecuteUbergraph_BuildingUI:0386
[2016.03.01-10.18.03:649][656]LogScript:Warning: Accessed None 'Character_Ref'
	HUD_Test_C /Engine/Transient.UnrealEdEngine_0:GameInstance_0.HUD_Test_C_0
	Function /Game/Blueprints/UI/HUD_Test.HUD_Test_C:GetText_0:003D
[2016.03.01-10.18.03:651][656]LogScript:Warning: Accessed None 'HexTileRef'
	BuildingUI_C /Engine/Transient.UnrealEdEngine_0:GameInstance_0.BuildingUI_C_0
	Function /Game/Blueprints/UI/BuildingUI.BuildingUI_C:ExecuteUbergraph_BuildingUI:0386
[2016.03.01-10.18.03:660][657]LogScript:Warning: Accessed None 'Character_Ref'
	HUD_Test_C /Engine/Transient.UnrealEdEngine_0:GameInstance_0.HUD_Test_C_0
	Function /Game/Blueprints/UI/HUD_Test.HUD_Test_C:GetText_0:003D
[2016.03.01-10.18.03:663][657]LogScript:Warning: Accessed None 'HexTileRef'
	BuildingUI_C /Engine/Transient.UnrealEdEngine_0:GameInstance_0.BuildingUI_C_0
	Function /Game/Blueprints/UI/BuildingUI.BuildingUI_C:ExecuteUbergraph_BuildingUI:0386
[2016.03.01-10.18.03:678][658]LogScript:Warning: Accessed None 'Character_Ref'
	HUD_Test_C /Engine/Transient.UnrealEdEngine_0:GameInstance_0.HUD_Test_C_0
	Function /Game/Blueprints/UI/HUD_Test.HUD_Test_C:GetText_0:003D
[2016.03.01-10.18.03:680][658]LogScript:Warning: Accessed None 'HexTileRef'
	BuildingUI_C /Engine/Transient.UnrealEdEngine_0:GameInstance_0.BuildingUI_C_0
	Function /Game/Blueprints/UI/BuildingUI.BuildingUI_C:ExecuteUbergraph_BuildingUI:0386
[2016.03.01-10.18.03:696][659]LogScript:Warning: Accessed None 'Character_Ref'
	HUD_Test_C /Engine/Transient.UnrealEdEngine_0:GameInstance_0.HUD_Test_C_0
	Function /Game/Blueprints/UI/HUD_Test.HUD_Test_C:GetText_0:003D
[2016.03.01-10.18.03:700][659]LogScript:Warning: Accessed None 'HexTileRef'
	BuildingUI_C /Engine/Transient.UnrealEdEngine_0:GameInstance_0.BuildingUI_C_0
	Function /Game/Blueprints/UI/BuildingUI.BuildingUI_C:ExecuteUbergraph_BuildingUI:0386
[2016.03.01-10.18.03:714][660]LogScript:Warning: Accessed None 'Character_Ref'
	HUD_Test_C /Engine/Transient.UnrealEdEngine_0:GameInstance_0.HUD_Test_C_0
	Function /Game/Blueprints/UI/HUD_Test.HUD_Test_C:GetText_0:003D
[2016.03.01-10.18.03:717][660]LogScript:Warning: Accessed None 'HexTileRef'
	BuildingUI_C /Engine/Transient.UnrealEdEngine_0:GameInstance_0.BuildingUI_C_0
	Function /Game/Blueprints/UI/BuildingUI.BuildingUI_C:ExecuteUbergraph_BuildingUI:0386
[2016.03.01-10.18.03:733][661]LogScript:Warning: Accessed None 'Character_Ref'
	HUD_Test_C /Engine/Transient.UnrealEdEngine_0:GameInstance_0.HUD_Test_C_0
	Function /Game/Blueprints/UI/HUD_Test.HUD_Test_C:GetText_0:003D
[2016.03.01-10.18.03:735][661]LogScript:Warning: Accessed None 'HexTileRef'
	BuildingUI_C /Engine/Transient.UnrealEdEngine_0:GameInstance_0.BuildingUI_C_0
	Function /Game/Blueprints/UI/BuildingUI.BuildingUI_C:ExecuteUbergraph_BuildingUI:0386
[2016.03.01-10.18.03:751][662]LogScript:Warning: Accessed None 'Character_Ref'
	HUD_Test_C /Engine/Transient.UnrealEdEngine_0:GameInstance_0.HUD_Test_C_0
	Function /Game/Blueprints/UI/HUD_Test.HUD_Test_C:GetText_0:003D
[2016.03.01-10.18.03:753][662]LogScript:Warning: Accessed None 'HexTileRef'
	BuildingUI_C /Engine/Transient.UnrealEdEngine_0:GameInstance_0.BuildingUI_C_0
	Function /Game/Blueprints/UI/BuildingUI.BuildingUI_C:ExecuteUbergraph_BuildingUI:0386
[2016.03.01-10.18.03:768][663]LogScript:Warning: Accessed None 'Character_Ref'
	HUD_Test_C /Engine/Transient.UnrealEdEngine_0:GameInstance_0.HUD_Test_C_0
	Function /Game/Blueprints/UI/HUD_Test.HUD_Test_C:GetText_0:003D
[2016.03.01-10.18.03:770][663]LogScript:Warning: Accessed None 'HexTileRef'
	BuildingUI_C /Engine/Transient.UnrealEdEngine_0:GameInstance_0.BuildingUI_C_0
	Function /Game/Blueprints/UI/BuildingUI.BuildingUI_C:ExecuteUbergraph_BuildingUI:0386
[2016.03.01-10.18.03:785][664]LogScript:Warning: Accessed None 'Character_Ref'
	HUD_Test_C /Engine/Transient.UnrealEdEngine_0:GameInstance_0.HUD_Test_C_0
	Function /Game/Blueprints/UI/HUD_Test.HUD_Test_C:GetText_0:003D
[2016.03.01-10.18.03:787][664]LogScript:Warning: Accessed None 'HexTileRef'
	BuildingUI_C /Engine/Transient.UnrealEdEngine_0:GameInstance_0.BuildingUI_C_0
	Function /Game/Blueprints/UI/BuildingUI.BuildingUI_C:ExecuteUbergraph_BuildingUI:0386
[2016.03.01-10.18.03:802][665]LogScript:Warning: Accessed None 'Character_Ref'
	HUD_Test_C /Engine/Transient.UnrealEdEngine_0:GameInstance_0.HUD_Test_C_0
	Function /Game/Blueprints/UI/HUD_Test.HUD_Test_C:GetText_0:003D
[2016.03.01-10.18.03:804][665]LogScript:Warning: Accessed None 'HexTileRef'
	BuildingUI_C /Engine/Transient.UnrealEdEngine_0:GameInstance_0.BuildingUI_C_0
	Function /Game/Blueprints/UI/BuildingUI.BuildingUI_C:ExecuteUbergraph_BuildingUI:0386
[2016.03.01-10.18.03:818][666]LogScript:Warning: Accessed None 'Character_Ref'
	HUD_Test_C /Engine/Transient.UnrealEdEngine_0:GameInstance_0.HUD_Test_C_0
	Function /Game/Blueprints/UI/HUD_Test.HUD_Test_C:GetText_0:003D
[2016.03.01-10.18.03:821][666]LogScript:Warning: Accessed None 'HexTileRef'
	BuildingUI_C /Engine/Transient.UnrealEdEngine_0:GameInstance_0.BuildingUI_C_0
	Function /Game/Blueprints/UI/BuildingUI.BuildingUI_C:ExecuteUbergraph_BuildingUI:0386
[2016.03.01-10.18.03:836][667]LogScript:Warning: Accessed None 'Character_Ref'
	HUD_Test_C /Engine/Transient.UnrealEdEngine_0:GameInstance_0.HUD_Test_C_0
	Function /Game/Blueprints/UI/HUD_Test.HUD_Test_C:GetText_0:003D
[2016.03.01-10.18.03:838][667]LogScript:Warning: Accessed None 'HexTileRef'
	BuildingUI_C /Engine/Transient.UnrealEdEngine_0:GameInstance_0.BuildingUI_C_0
	Function /Game/Blueprints/UI/BuildingUI.BuildingUI_C:ExecuteUbergraph_BuildingUI:0386
[2016.03.01-10.18.03:851][668]LogScript:Warning: Accessed None 'Character_Ref'
	HUD_Test_C /Engine/Transient.UnrealEdEngine_0:GameInstance_0.HUD_Test_C_0
	Function /Game/Blueprints/UI/HUD_Test.HUD_Test_C:GetText_0:003D
[2016.03.01-10.18.03:854][668]LogScript:Warning: Accessed None 'HexTileRef'
	BuildingUI_C /Engine/Transient.UnrealEdEngine_0:GameInstance_0.BuildingUI_C_0
	Function /Game/Blueprints/UI/BuildingUI.BuildingUI_C:ExecuteUbergraph_BuildingUI:0386
[2016.03.01-10.18.03:868][669]LogScript:Warning: Accessed None 'Character_Ref'
	HUD_Test_C /Engine/Transient.UnrealEdEngine_0:GameInstance_0.HUD_Test_C_0
	Function /Game/Blueprints/UI/HUD_Test.HUD_Test_C:GetText_0:003D
[2016.03.01-10.18.03:871][669]LogScript:Warning: Accessed None 'HexTileRef'
	BuildingUI_C /Engine/Transient.UnrealEdEngine_0:GameInstance_0.BuildingUI_C_0
	Function /Game/Blueprints/UI/BuildingUI.BuildingUI_C:ExecuteUbergraph_BuildingUI:0386
[2016.03.01-10.18.27:265][ 38]LogBlueprintUserMessages: Early EndPlayMap Detection: Level '/Game/Levels/David-Test.David-Test:PersistentLevel' has LevelScriptBlueprint '/Game/Levels/David-Test.David-Test:PersistentLevel.David-Test' with GeneratedClass '/Game/Levels/David-Test.David-Test_C' with ClassGeneratedBy '/Game/Levels/David-Test.David-Test:PersistentLevel.David-Test'
[2016.03.01-10.18.27:310][ 38]LogBlueprintUserMessages: Late EndPlayMap Detection: Level '/Game/Levels/David-Test.David-Test:PersistentLevel' has LevelScriptBlueprint '/Game/Levels/David-Test.David-Test:PersistentLevel.David-Test' with GeneratedClass '/Game/Levels/David-Test.David-Test_C' with ClassGeneratedBy '/Game/Levels/David-Test.David-Test:PersistentLevel.David-Test'
[2016.03.01-10.18.27:336][ 38]LogParticles: Destroying 0 GPU particle simulations for FXSystem 0x00000020B1C505E0
[2016.03.01-10.18.44:321][630]LogLinker:Warning: Asset '../../../Engine/Content/ArtTools/RenderToTexture/Macros/RenderToTextureMacros.uasset' has been saved with empty engine version. The asset will be loaded but may be incompatible.
[2016.03.01-10.18.44:772][630]LogContentBrowser: Native class hierarchy updated for 'BlueprintGraph' in 0.0031 seconds. Added 107 classes and 0 folders.
[2016.03.01-10.19.30:459][634]LogEditorTransaction: Undo Align Top
[2016.03.01-10.20.13:968][580]LogEditorTransaction: Undo Move Node
[2016.03.01-10.21.19:528][ 50]BlueprintLog: New page: Compile BuildingUI
[2016.03.01-10.21.19:788][ 50]BlueprintEditorCompileResults: Info [0372.33] Compile of BuildingUI successful! [in 259 ms]
[2016.03.01-10.22.29:996][691]LogBlueprintUserMessages: [CityCentre_C_0] Building data doesn't exist
[2016.03.01-10.22.41:695][973]LogBlueprintUserMessages: [CityCentre_C_1] Building data doesn't exist
[2016.03.01-10.23.49:569][379]BlueprintLog: New page: Compile BuildingUI
[2016.03.01-10.23.49:729][379]LogParticles: Destroying 0 GPU particle simulations for FXSystem 0x00000020CEE33E20
[2016.03.01-10.23.49:730][379]LogParticles: Destroying 0 GPU particle simulations for FXSystem 0x00000020C25FBB00
[2016.03.01-10.23.49:737][379]BlueprintEditorCompileResults: Info [0522.28] Compile of BuildingUI successful! [in 168 ms]
[2016.03.01-10.23.53:341][460]LogSlate:Warning: Prevented a slow task dialog from being summoned while a context menu was open
[2016.03.01-10.24.25:533][168]BlueprintLog: New page: Compile FossilBasedEnergy
[2016.03.01-10.24.25:652][168]LogParticles: Destroying 0 GPU particle simulations for FXSystem 0x00000020C4B7EA20
[2016.03.01-10.24.25:659][168]BlueprintEditorCompileResults: Info [0558.21] Compile of FossilBasedEnergy successful! [in 125 ms]
[2016.03.01-10.24.28:863][239]LogSlate:Warning: Prevented a slow task dialog from being summoned while a context menu was open
[2016.03.01-10.24.41:499][531]BlueprintLog: New page: Compile BatteryCagedLivestock
[2016.03.01-10.24.41:621][531]BlueprintEditorCompileResults: Info [0574.17] Compile of BatteryCagedLivestock successful! [in 121 ms]
[2016.03.01-10.24.44:764][601]LogBlueprintUserMessages: [Building_C_0] Building data doesn't exist
[2016.03.01-10.24.46:428][640]BlueprintLog: New page: Compile Building
[2016.03.01-10.24.46:800][640]LogBlueprintUserMessages: [CityCentre_C_0] Building data doesn't exist
[2016.03.01-10.24.46:840][640]LogBlueprintUserMessages: [Building_C_0] Building data doesn't exist
[2016.03.01-10.24.47:000][640]LogBlueprintUserMessages: [Building_C_0] Building data doesn't exist
[2016.03.01-10.24.47:004][640]BlueprintEditorCompileResults: Info [0579.55] Compile of Building successful! [in 576 ms]
[2016.03.01-10.24.51:029][735]BlueprintLog: New page: Compile CityCentre
[2016.03.01-10.24.51:047][735]LogBlueprintUserMessages: [CityCentre_C_0] Building data doesn't exist
[2016.03.01-10.24.51:157][735]LogBlueprintUserMessages: [CityCentre_C_0] Building data doesn't exist
[2016.03.01-10.24.51:160][735]BlueprintEditorCompileResults: Info [0583.71] Compile of CityCentre successful! [in 130 ms]
[2016.03.01-10.24.56:184][852]BlueprintLog: New page: Compile FossilBasedEnergy
[2016.03.01-10.24.56:307][852]BlueprintEditorCompileResults: Info [0588.85] Compile of FossilBasedEnergy successful! [in 122 ms]
[2016.03.01-10.25.00:346][947]BlueprintLog: New page: Compile Free-RangeLivestock
[2016.03.01-10.25.00:470][947]BlueprintEditorCompileResults: Info [0593.02] Compile of Free-RangeLivestock successful! [in 124 ms]
[2016.03.01-10.25.04:934][ 49]BlueprintLog: New page: Compile Incinerator
[2016.03.01-10.25.05:062][ 49]BlueprintEditorCompileResults: Info [0597.61] Compile of Incinerator successful! [in 128 ms]
[2016.03.01-10.25.09:397][148]BlueprintLog: New page: Compile IntensiveFarming
[2016.03.01-10.25.09:525][148]BlueprintEditorCompileResults: Info [0602.07] Compile of IntensiveFarming successful! [in 128 ms]
[2016.03.01-10.25.13:385][239]BlueprintLog: New page: Compile NuclearPower
[2016.03.01-10.25.13:513][239]BlueprintEditorCompileResults: Info [0606.06] Compile of NuclearPower successful! [in 127 ms]
[2016.03.01-10.25.17:441][325]BlueprintLog: New page: Compile OrganicFarm
[2016.03.01-10.25.17:573][325]BlueprintEditorCompileResults: Info [0610.12] Compile of OrganicFarm successful! [in 132 ms]
[2016.03.01-10.25.24:049][474]BlueprintLog: New page: Compile RecyclingCentre
[2016.03.01-10.25.24:182][474]BlueprintEditorCompileResults: Info [0616.73] Compile of RecyclingCentre successful! [in 132 ms]
[2016.03.01-10.25.27:770][555]BlueprintLog: New page: Compile SolarPanels
[2016.03.01-10.25.27:904][555]BlueprintEditorCompileResults: Info [0620.45] Compile of SolarPanels successful! [in 134 ms]
[2016.03.01-10.25.32:361][656]BlueprintLog: New page: Compile Windmills
[2016.03.01-10.25.32:493][656]BlueprintEditorCompileResults: Info [0625.04] Compile of Windmills successful! [in 131 ms]
[2016.03.01-10.25.55:689][173]LogSlate:Warning: Prevented a slow task dialog from being summoned while a context menu was open
[2016.03.01-10.28.51:328][ 80]LogFileHelpers: Editor autosave (incl. sublevels) for '/Game/Levels/David-Test' took 0.061
[2016.03.01-10.28.51:334][ 80]OBJ SavePackage: Generating thumbnails for [0] asset(s) in package [/Game/Blueprints/UI/BuildingUI] ([1] browsable assets)...
[2016.03.01-10.28.51:334][ 80]OBJ SavePackage: Finished generating thumbnails for package [/Game/Blueprints/UI/BuildingUI]
[2016.03.01-10.28.51:482][ 80]LogSavePackage: Save=42.470337ms
[2016.03.01-10.28.51:483][ 80]LogSavePackage: Moving '../../../../../../Anthracratos/Anthrocratos/Anthrocratos_UE4/Saved/BuildingUI_Auto1C67A7E584AEF1273539E77A694D0E0D7.tmp' to '../../../../../../Anthracratos/Anthrocratos/Anthrocratos_UE4/Saved/Autosaves/Game/Blueprints/UI/BuildingUI_Auto1.uasset'
[2016.03.01-10.28.51:486][ 80]LogSavePackage: Total save time: 148.920730ms
[2016.03.01-10.28.51:486][ 80]LogSavePackage:Display: Finished SavePackage ../../../../../../Anthracratos/Anthrocratos/Anthrocratos_UE4/Saved/Autosaves/Game/Blueprints/UI/BuildingUI_Auto1.uasset
[2016.03.01-10.28.51:486][ 80]LogFileHelpers: Auto-saving content packages took 0.157
[2016.03.01-10.29.39:564][147]BlueprintLog: New page: Compile BuildingUI
[2016.03.01-10.29.39:783][147]LogBlueprintUserMessages: [Building_C_0] Building data doesn't exist
[2016.03.01-10.29.39:853][147]BlueprintEditorCompileResults: Info [0872.40] Compile of BuildingUI successful! [in 288 ms]
[2016.03.01-10.29.43:438][225]LogSlate:Warning: Prevented a slow task dialog from being summoned while a context menu was open
[2016.03.01-10.30.26:550][171]BlueprintLog: New page: Compile BuildingUI
[2016.03.01-10.30.26:729][171]BlueprintEditorCompileResults: Info [0919.28] Compile of BuildingUI successful! [in 179 ms]
[2016.03.01-10.31.42:265][906]LogActorComponent: UnregisterComponent: (/Engine/Transient.EditorFloorComp) Not registered. Aborting.
[2016.03.01-10.31.42:817][918]LogActorComponent: UnregisterComponent: (/Engine/Transient.EditorFloorComp) Not registered. Aborting.
[2016.03.01-10.31.43:174][925]LogActorComponent: UnregisterComponent: (/Engine/Transient.EditorFloorComp) Not registered. Aborting.
[2016.03.01-10.31.43:465][931]LogActorComponent: UnregisterComponent: (/Engine/Transient.EditorFloorComp) Not registered. Aborting.
[2016.03.01-10.31.43:763][937]LogActorComponent: UnregisterComponent: (/Engine/Transient.EditorFloorComp) Not registered. Aborting.
[2016.03.01-10.31.44:054][943]LogActorComponent: UnregisterComponent: (/Engine/Transient.EditorFloorComp) Not registered. Aborting.
[2016.03.01-10.31.44:518][953]LogActorComponent: UnregisterComponent: (/Engine/Transient.EditorFloorComp) Not registered. Aborting.
[2016.03.01-10.31.44:940][962]LogActorComponent: UnregisterComponent: (/Engine/Transient.EditorFloorComp) Not registered. Aborting.
[2016.03.01-10.31.45:184][967]LogActorComponent: UnregisterComponent: (/Engine/Transient.EditorFloorComp) Not registered. Aborting.
[2016.03.01-10.31.45:667][977]LogActorComponent: UnregisterComponent: (/Engine/Transient.EditorFloorComp) Not registered. Aborting.
[2016.03.01-10.31.45:951][982]LogActorComponent: UnregisterComponent: (/Engine/Transient.EditorFloorComp) Not registered. Aborting.
[2016.03.01-10.38.51:875][912]LogParticles: Destroying 0 GPU particle simulations for FXSystem 0x00000021078D0680
[2016.03.01-10.38.51:877][912]LogParticles: Destroying 0 GPU particle simulations for FXSystem 0x000000210F94CA40
[2016.03.01-10.38.51:880][912]LogParticles: Destroying 0 GPU particle simulations for FXSystem 0x000000212F5184A0
[2016.03.01-10.38.51:882][912]LogParticles: Destroying 0 GPU particle simulations for FXSystem 0x00000021282E37E0
[2016.03.01-10.38.51:883][912]LogParticles: Destroying 0 GPU particle simulations for FXSystem 0x00000021236EC900
[2016.03.01-10.38.51:885][912]LogParticles: Destroying 0 GPU particle simulations for FXSystem 0x000000211C6E7880
[2016.03.01-10.38.51:887][912]LogParticles: Destroying 0 GPU particle simulations for FXSystem 0x000000211481C180
[2016.03.01-10.38.51:888][912]LogParticles: Destroying 0 GPU particle simulations for FXSystem 0x00000020DA938CC0
[2016.03.01-10.38.51:890][912]LogParticles: Destroying 0 GPU particle simulations for FXSystem 0x00000020D3D35C60
[2016.03.01-10.38.51:892][912]LogParticles: Destroying 0 GPU particle simulations for FXSystem 0x00000020D0B8D260
[2016.03.01-10.38.51:893][912]LogParticles: Destroying 0 GPU particle simulations for FXSystem 0x00000020DE9E6D40
[2016.03.01-10.38.51:895][912]LogParticles: Destroying 0 GPU particle simulations for FXSystem 0x00000020FD76FF60
[2016.03.01-10.38.51:899][912]LogFileHelpers: Editor autosave (incl. sublevels) for '/Game/Levels/David-Test' took 0.072
[2016.03.01-10.38.51:907][912]OBJ SavePackage: Generating thumbnails for [0] asset(s) in package [/Game/Blueprints/UI/BuildingUI] ([1] browsable assets)...
[2016.03.01-10.38.51:907][912]OBJ SavePackage: Finished generating thumbnails for package [/Game/Blueprints/UI/BuildingUI]
[2016.03.01-10.38.52:049][912]LogSavePackage: Save=47.147591ms
[2016.03.01-10.38.52:049][912]LogSavePackage: Moving '../../../../../../Anthracratos/Anthrocratos/Anthrocratos_UE4/Saved/BuildingUI_Auto278C30C394762328BC10CAA84FD9E3C69.tmp' to '../../../../../../Anthracratos/Anthrocratos/Anthrocratos_UE4/Saved/Autosaves/Game/Blueprints/UI/BuildingUI_Auto2.uasset'
[2016.03.01-10.38.52:052][912]LogSavePackage: Total save time: 141.911052ms
[2016.03.01-10.38.52:052][912]LogSavePackage:Display: Finished SavePackage ../../../../../../Anthracratos/Anthrocratos/Anthrocratos_UE4/Saved/Autosaves/Game/Blueprints/UI/BuildingUI_Auto2.uasset
[2016.03.01-10.38.52:052][912]LogFileHelpers: Auto-saving content packages took 0.152
[2016.03.01-10.46.27:073][204]LogActor:Warning: GameNetworkManager /Engine/Transient.World_20:PersistentLevel.GameNetworkManager_1 has natively added scene component(s), but none of them were set as the actor's RootComponent - picking one arbitrarily
[2016.03.01-10.47.44:171][985]BlueprintLog: New page: Compile BuildingUI
[2016.03.01-10.47.44:191][985]LogBlueprint:Error: [compiler BuildingUI] Error The type of  A  is undetermined.  Connect something to  Equal (Enum)  to imply a specific type.
[2016.03.01-10.47.44:191][985]LogBlueprint:Error: [compiler BuildingUI] Error The type of  B  is undetermined.  Connect something to  Equal (Enum)  to imply a specific type.
[2016.03.01-10.47.44:192][985]LogBlueprint:Error: [compiler BuildingUI] Error The current value of the ' A ' pin is invalid: Unsupported type Wildcard on pin A
[2016.03.01-10.47.44:192][985]LogBlueprint:Error: [compiler BuildingUI] Error The current value of the ' B ' pin is invalid: Unsupported type Wildcard on pin B
[2016.03.01-10.47.44:409][985]LogBlueprint:Warning: [compiler BuildingUI] Warning [1956.96] Compile of BuildingUI failed. 4 Fatal Issue(s) 0 Warning(s) [in 238 ms]
[2016.03.01-10.47.44:409][985]BlueprintEditorCompileResults:Error: Error The type of  A  is undetermined.  Connect something to  Equal (Enum)  to imply a specific type.
[2016.03.01-10.47.44:409][985]BlueprintEditorCompileResults:Error: Error The type of  B  is undetermined.  Connect something to  Equal (Enum)  to imply a specific type.
[2016.03.01-10.47.44:409][985]BlueprintEditorCompileResults:Error: Error The current value of the ' A ' pin is invalid: Unsupported type Wildcard on pin A
[2016.03.01-10.47.44:409][985]BlueprintEditorCompileResults:Error: Error The current value of the ' B ' pin is invalid: Unsupported type Wildcard on pin B
[2016.03.01-10.47.44:409][985]BlueprintEditorCompileResults:Warning: Warning [1956.96] Compile of BuildingUI failed. 4 Fatal Issue(s) 0 Warning(s) [in 238 ms]
[2016.03.01-10.47.46:236][ 27]Cmd: OBJ SAVEPACKAGE PACKAGE="/Game/Blueprints/UI/BuildingUI" FILE="../../../../../../Anthracratos/Anthrocratos/Anthrocratos_UE4/Content/Blueprints/UI/BuildingUI.uasset" SILENT=true
[2016.03.01-10.47.46:396][ 27]LogSavePackage: Save=49.728909ms
[2016.03.01-10.47.46:396][ 27]LogSavePackage: Moving '../..