[2016.03.15-09.38.02:616][  0]Log file open, 03/15/16 09:38:02
[2016.03.15-09.38.02:616][  0]LogInit:Display: Running engine for game: Anthrocratos_UE4
[2016.03.15-09.38.02:616][  0]LogPlatformFile: Not using cached read wrapper
[2016.03.15-09.38.02:616][  0]LogInit:Display: RandInit(1920359137) SRandInit(1920359138).
[2016.03.15-09.38.02:616][  0]LogTaskGraph: Started task graph with 4 named threads and 7 total threads.
[2016.03.15-09.38.02:616][  0]LogStats: Stats thread started at 0.162120
[2016.03.15-09.38.02:616][  0]LogInit: Version: 4.10.2-2818068+++depot+UE4-Releases+4.10
[2016.03.15-09.38.02:616][  0]LogInit: API Version: 2758231
[2016.03.15-09.38.02:616][  0]LogInit: Compiled (64-bit): Jan  6 2016 17:36:42
[2016.03.15-09.38.02:616][  0]LogInit: Compiled with Visual C++: 19.00.23026.00
[2016.03.15-09.38.02:616][  0]LogInit: Build Configuration: Development
[2016.03.15-09.38.02:616][  0]LogInit: Branch Name: ++depot+UE4-Releases+4.10
[2016.03.15-09.38.02:616][  0]LogInit: Command line:  
[2016.03.15-09.38.02:616][  0]LogInit: Base directory: C:/Program Files (x86)/Epic Games/4.10/Engine/Binaries/Win64/
[2016.03.15-09.38.02:616][  0]LogInit: Rocket: 1
[2016.03.15-09.38.02:694][  0]LogInit: Using libcurl 7.41.0
[2016.03.15-09.38.02:694][  0]LogInit:  - built for x86_64-pc-win32
[2016.03.15-09.38.02:694][  0]LogInit:  - supports SSL with WinSSL
[2016.03.15-09.38.02:694][  0]LogInit:  - other features:
[2016.03.15-09.38.02:694][  0]LogInit:      CURL_VERSION_SSL
[2016.03.15-09.38.02:695][  0]LogInit:      CURL_VERSION_IPV6
[2016.03.15-09.38.02:695][  0]LogInit:      CURL_VERSION_ASYNCHDNS
[2016.03.15-09.38.02:695][  0]LogInit:      CURL_VERSION_LARGEFILE
[2016.03.15-09.38.02:695][  0]LogInit:      CURL_VERSION_IDN
[2016.03.15-09.38.02:695][  0]LogInit:  CurlRequestOptions (configurable via config and command line):
[2016.03.15-09.38.02:695][  0]LogInit:  - bVerifyPeer = true  - Libcurl will verify peer certificate
[2016.03.15-09.38.02:695][  0]LogInit:  - bUseHttpProxy = false  - Libcurl will NOT use HTTP proxy
[2016.03.15-09.38.02:695][  0]LogInit:  - bDontReuseConnections = false  - Libcurl will reuse connections
[2016.03.15-09.38.02:695][  0]LogInit:  - CertBundlePath = nullptr  - Libcurl will use whatever was configured at build time.
[2016.03.15-09.38.02:783][  0]LogInit: Presizing for 0 objects not considered by GC, pre-allocating 0 bytes.
[2016.03.15-09.38.02:790][  0]LogInit: Object subsystem initialized
[2016.03.15-09.38.02:791][  0]LogInit: Selected Device Profile: [Windows]
[2016.03.15-09.38.02:791][  0]LogInit: Applying CVar settings loaded from the selected device profile: [Windows]
[2016.03.15-09.38.02:812][  0]LogInit: Computer: DESKTOP-J7DHD16
[2016.03.15-09.38.02:812][  0]LogInit: User: Jordan
[2016.03.15-09.38.02:812][  0]LogInit: CPU Page size=4096, Cores=4
[2016.03.15-09.38.02:812][  0]LogInit: High frequency timer resolution =2.338448 MHz
[2016.03.15-09.38.02:812][  0]LogMemory: Memory total: Physical=8.0GB (8GB approx)
[2016.03.15-09.38.02:812][  0]LogMemory: Platform Memory Stats for Windows
[2016.03.15-09.38.02:812][  0]LogMemory: Process Physical Memory: 56.49 MB used, 56.49 MB peak
[2016.03.15-09.38.02:812][  0]LogMemory: Process Virtual Memory: 56.81 MB used, 56.81 MB peak
[2016.03.15-09.38.02:812][  0]LogMemory: Physical Memory: 3732.50 MB used, 8162.36 MB total
[2016.03.15-09.38.02:812][  0]LogMemory: Virtual Memory: 378.84 MB used, 134217728.00 MB total
[2016.03.15-09.38.03:346][  0]LogTextLocalizationManager: No specific translations for ('en-GB') exist, so ('en') translations will be used.
[2016.03.15-09.38.03:836][  0]LogD3D11RHI: Found D3D11 adapter 0: NVIDIA GeForce GT 650M  (Feature Level 11_0)
[2016.03.15-09.38.03:836][  0]LogD3D11RHI: Adapter has 1990MB of dedicated video memory, 0MB of dedicated system memory, and 4081MB of shared system memory, 1 output[s]
[2016.03.15-09.38.03:838][  0]LogD3D11RHI: Found D3D11 adapter 1: Microsoft Basic Render Driver (Feature Level 11_0)
[2016.03.15-09.38.03:838][  0]LogD3D11RHI: Adapter has 0MB of dedicated video memory, 0MB of dedicated system memory, and 4081MB of shared system memory, 0 output[s]
[2016.03.15-09.38.03:838][  0]LogD3D11RHI: Chosen D3D11 Adapter Id = 0
[2016.03.15-09.38.03:842][  0]LogD3D11RHI: !Direct3DDevice
[2016.03.15-09.38.03:842][  0]LogRHI: Texture pool is 1361 MB (70% of 1945 MB)
[2016.03.15-09.38.03:855][  0]LogD3D11RHI: Async texture creation enabled
[2016.03.15-09.38.03:872][  0]LogShaderCompilers: Guid format shader working directory is -24 characters bigger than the processId version (../../../../../../Users/Jordan/Documents/Anthrocratos/Anthrocratos_UE4/Intermediate/Shaders/WorkingDirectory/12140/).
[2016.03.15-09.38.03:872][  0]LogShaderCompilers: Cleaned the shader compiler working directory 'C:/Users/Jordan/AppData/Local/Temp/UnrealShaderWorkingDir/FA5EA7524F148C71ECF45593A8AACC32/'.
[2016.03.15-09.38.03:872][  0]LogShaderCompilers:Display: Using Local Shader Compiler.
[2016.03.15-09.38.06:994][  0]LogTemp:Display: Loaded TP AllDesktopTargetPlatform
[2016.03.15-09.38.06:999][  0]LogTemp:Display: Loaded TP WindowsClientTargetPlatform
[2016.03.15-09.38.07:003][  0]LogTemp:Display: Loaded TP WindowsNoEditorTargetPlatform
[2016.03.15-09.38.07:008][  0]LogTemp:Display: Loaded TP WindowsServerTargetPlatform
[2016.03.15-09.38.07:013][  0]LogTemp:Display: Loaded TP WindowsTargetPlatform
[2016.03.15-09.38.07:018][  0]LogTemp:Display: Loaded TP AndroidTargetPlatform
[2016.03.15-09.38.07:021][  0]LogTemp:Display: Loaded TP Android_ASTCTargetPlatform
[2016.03.15-09.38.07:024][  0]LogTemp:Display: Loaded TP Android_ATCTargetPlatform
[2016.03.15-09.38.07:027][  0]LogTemp:Display: Loaded TP Android_DXTTargetPlatform
[2016.03.15-09.38.07:030][  0]LogTemp:Display: Loaded TP Android_ETC1TargetPlatform
[2016.03.15-09.38.07:033][  0]LogTemp:Display: Loaded TP Android_ETC2TargetPlatform
[2016.03.15-09.38.07:039][  0]LogTemp:Display: Loaded TP Android_MultiTargetPlatform
[2016.03.15-09.38.07:039][  0]LogTemp:Display: Loaded TP Android_PVRTCTargetPlatform
[2016.03.15-09.38.07:040][  0]LogTemp:Display: Loaded TP HTML5TargetPlatform
[2016.03.15-09.38.07:128][  0]LogTemp:Display: Loaded TP IOSTargetPlatform
[2016.03.15-09.38.07:131][  0]LogTemp:Display: Loaded TP LinuxNoEditorTargetPlatform
[2016.03.15-09.38.07:133][  0]LogTemp:Display: Loaded TP LinuxServerTargetPlatform
[2016.03.15-09.38.07:139][  0]LogTemp:Display: Loaded TP LinuxTargetPlatform
[2016.03.15-09.38.07:139][  0]LogTargetPlatformManager:Display: Building Assets For Windows
[2016.03.15-09.38.08:085][  0]LogDerivedDataCache:Display: Max Cache Size: 512 MB
[2016.03.15-09.38.08:739][  0]LogDerivedDataCache: Loaded boot cache 0.65s 41MB C:/Users/Jordan/AppData/Local/UnrealEngine/4.10/DerivedDataCache/Boot.ddc.
[2016.03.15-09.38.08:739][  0]LogDerivedDataCache:Display: Loaded Boot cache: C:/Users/Jordan/AppData/Local/UnrealEngine/4.10/DerivedDataCache/Boot.ddc
[2016.03.15-09.38.08:750][  0]LogDerivedDataCache: FDerivedDataBackendGraph:  Pak pak cache file ../../../../../../Users/Jordan/Documents/Anthrocratos/Anthrocratos_UE4/DerivedDataCache/DDC.ddp not found, will not use a pak cache.
[2016.03.15-09.38.08:750][  0]LogDerivedDataCache: Unable to find inner node Pak for hierarchical cache Hierarchy.
[2016.03.15-09.38.08:750][  0]LogDerivedDataCache: FDerivedDataBackendGraph:  CompressedPak pak cache file ../../../../../../Users/Jordan/Documents/Anthrocratos/Anthrocratos_UE4/DerivedDataCache/Compressed.ddp not found, will not use a pak cache.
[2016.03.15-09.38.08:750][  0]LogDerivedDataCache: Unable to find inner node CompressedPak for hierarchical cache Hierarchy.
[2016.03.15-09.38.08:865][  0]LogDerivedDataCache:Display: Pak cache opened for reading ../../../Engine/DerivedDataCache/Compressed.ddp.
[2016.03.15-09.38.08:877][  0]LogDerivedDataCache: Using Local data cache path C:/Users/Jordan/AppData/Local/UnrealEngine/Common/DerivedDataCache: Writable
[2016.03.15-09.38.22:458][  0]LogInit: Selected Device Profile: [Windows]
[2016.03.15-09.38.22:592][  0]LogContentStreaming: Texture pool size is 0.000000MB
[2016.03.15-09.38.24:507][  0]LogMeshUtilities: No automatic mesh reduction module available
[2016.03.15-09.38.24:507][  0]LogMeshUtilities: No automatic mesh merging module available
[2016.03.15-09.38.28:567][  0]LogInit: WinSock: version 1.1 (2.2), MaxSocks=32767, MaxUdp=65467
[2016.03.15-09.38.50:539][  0]UdpMessaging: Initializing bridge on interface 0.0.0.0:0 to multicast group 230.0.0.1:6666.
[2016.03.15-09.38.51:454][  0]LogAssetRegistry: FAssetRegistry took 0.0151 seconds to start up
[2016.03.15-09.38.54:648][  0]SourceControl: Info Source control is disabled
[2016.03.15-09.38.54:668][  0]SourceControl: Info Source control is disabled
[2016.03.15-09.38.54:935][  0]SourceControl: Info Source control is disabled
[2016.03.15-09.38.55:012][  0]SourceControl: Info Source control is disabled
[2016.03.15-09.38.57:223][  0]LogObj: 28645 objects as part of root set at end of initial load.
[2016.03.15-09.38.57:223][  0]LogUObjectAllocator: 6105088 out of 0 bytes used by permanent object pool.
[2016.03.15-09.38.59:329][  0]LogEngine: Initializing Engine...
[2016.03.15-09.38.59:392][  0]LogHMD: Can't find Oculus library dev build: is proper Runtime installed? Version: 0.8.0.0
[2016.03.15-09.38.59:538][  0]LogHMD: SteamVR failed to initialize.  Err: 110
[2016.03.15-09.39.01:478][  0]LogAIModule: Creating AISystem for world NewWorld
[2016.03.15-09.39.02:072][  0]LogInit: XAudio2 using 'Speakers (Realtek High Definition Audio)' : 2 channels at 48 kHz using 32 bits per sample (channel mask 0x3)
[2016.03.15-09.39.02:525][  0]LogInit: FAudioDevice initialized.
[2016.03.15-09.39.02:545][  0]LogDerivedDataCache: Saved boot cache 0.02s 41MB C:/Users/Jordan/AppData/Local/UnrealEngine/4.10/DerivedDataCache/Boot.ddc.
[2016.03.15-09.39.02:550][  0]LogInit: Texture streaming: Enabled
[2016.03.15-09.39.02:901][  0]LogAnalytics: Creating configured Analytics provider AnalyticsET
[2016.03.15-09.39.02:901][  0]LogAnalytics: [UEEditor.Rocket.Release] APIServer = http://et2.epicgames.com/ET2/. AppVersion = 4.10.2-2818068+++depot+UE4-Releases+4.10
[2016.03.15-09.39.02:901][  0]LogAnalytics: [UEEditor.Rocket.Release] SetUserId e6ecb5fd4e414325f8a88386f2bef956|f543c5249e454624aa0c7175b8875023|7643464e-f4ad-4970-a62c-e2f08c69b9e3
[2016.03.15-09.39.02:986][  0]LogAnalytics: [UEEditor.Rocket.Release] AnalyticsET::StartSession
[2016.03.15-09.39.03:552][  0]LogInit: Transaction tracking system initialized
[2016.03.15-09.39.04:826][  0]BlueprintLog: New page: Editor Load
[2016.03.15-09.39.07:888][  0]LocalizationService: Info Localization service is disabled
[2016.03.15-09.39.10:497][  0]LogConsoleResponse:Display: 
[2016.03.15-09.39.12:773][  0]LogFileCache: Scanning file cache for directory 'C:/Users/Jordan/Documents/Anthrocratos/Anthrocratos_UE4/Content/' took 0.03s
[2016.03.15-09.39.12:773][  0]LogCook:Display: Done creating registry. It took  0.00s.
[2016.03.15-09.39.15:396][  0]SourceControl: Info Source control is disabled
[2016.03.15-09.39.15:481][  0]Cmd: MAP LOAD FILE="../../../../../../Users/Jordan/Documents/Anthrocratos/Anthrocratos_UE4/Content/Levels/Kieran-Test.umap" TEMPLATE=0 SHOWPROGRESS=1 FEATURELEVEL=3
[2016.03.15-09.39.15:623][  0]LightingResults: New page: Lighting Build
[2016.03.15-09.39.15:858][  0]MapCheck: New page: Map Check
[2016.03.15-09.39.15:858][  0]LightingResults: New page: Lighting Build
[2016.03.15-09.39.16:413][  0]LogParticles: Destroying 0 GPU particle simulations for FXSystem 0x0000004236ED5D00
[2016.03.15-09.39.18:601][  0]LogBlueprint:Warning: USimpleConstructionScript::FixupRootNodeParentReferences() - Couldn't find inherited parent component 'TileMesh' for 'BuildingMesh' in BlueprintGeneratedClass 'REINST_Building_C_21' (it may have been removed)
[2016.03.15-09.39.19:154][  0]LogLinker:Warning: CreateExport: Failed to load Parent for Function /Game/Blueprints/Tiles/Buildings/BatteryCagedLivestock.BatteryCagedLivestock_C:UserConstructionScript; removing parent information, but keeping function
[2016.03.15-09.39.19:218][  0]LogLinker:Warning: CreateExport: Failed to load Parent for Function /Game/Blueprints/Tiles/Buildings/FossilBasedEnergy.FossilBasedEnergy_C:UserConstructionScript; removing parent information, but keeping function
[2016.03.15-09.39.19:277][  0]LogLinker:Warning: CreateExport: Failed to load Parent for Function /Game/Blueprints/Tiles/Buildings/Free-RangeLivestock.Free-RangeLivestock_C:UserConstructionScript; removing parent information, but keeping function
[2016.03.15-09.39.19:350][  0]LogLinker:Warning: CreateExport: Failed to load Parent for Function /Game/Blueprints/Tiles/Buildings/Incinerator.Incinerator_C:UserConstructionScript; removing parent information, but keeping function
[2016.03.15-09.39.19:397][  0]LogLinker:Warning: CreateExport: Failed to load Parent for Function /Game/Blueprints/Tiles/Buildings/IntensiveFarming.IntensiveFarming_C:UserConstructionScript; removing parent information, but keeping function
[2016.03.15-09.39.19:453][  0]LogLinker:Warning: CreateExport: Failed to load Parent for Function /Game/Blueprints/Tiles/Buildings/NuclearPower.NuclearPower_C:UserConstructionScript; removing parent information, but keeping function
[2016.03.15-09.39.19:491][  0]LogLinker:Warning: CreateExport: Failed to load Parent for Function /Game/Blueprints/Tiles/Buildings/OrganicFarm.OrganicFarm_C:UserConstructionScript; removing parent information, but keeping function
[2016.03.15-09.39.19:510][  0]LogLinker:Warning: CreateExport: Failed to load Parent for Function /Game/Blueprints/Tiles/Buildings/RecyclingCentre.RecyclingCentre_C:UserConstructionScript; removing parent information, but keeping function
[2016.03.15-09.39.19:529][  0]LogLinker:Warning: CreateExport: Failed to load Parent for Function /Game/Blueprints/Tiles/Buildings/SolarPanels.SolarPanels_C:UserConstructionScript; removing parent information, but keeping function
[2016.03.15-09.39.19:544][  0]LogLinker:Warning: CreateExport: Failed to load Parent for Function /Game/Blueprints/Tiles/Buildings/Windmills.Windmills_C:UserConstructionScript; removing parent information, but keeping function
[2016.03.15-09.39.19:854][  0]LogLinker:Warning: CreateExport: Failed to load Parent for Function /Game/Blueprints/Tiles/Biomes/DesertTile.DesertTile_C:UserConstructionScript; removing parent information, but keeping function
[2016.03.15-09.39.19:886][  0]LogLinker:Warning: CreateExport: Failed to load Parent for Function /Game/Blueprints/Tiles/Biomes/FieldTile.FieldTile_C:UserConstructionScript; removing parent information, but keeping function
[2016.03.15-09.39.20:099][  0]LogLinker:Warning: CreateExport: Failed to load Parent for Function /Game/Blueprints/Tiles/Biomes/ForestTile.ForestTile_C:UserConstructionScript; removing parent information, but keeping function
[2016.03.15-09.39.20:329][  0]LogLinker:Warning: CreateExport: Failed to load Parent for Function /Game/Blueprints/Tiles/Biomes/MountainTile.MountainTile_C:UserConstructionScript; removing parent information, but keeping function
[2016.03.15-09.39.20:353][  0]LogLinker:Warning: CreateExport: Failed to load Parent for Function /Game/Blueprints/Tiles/Buildings/CityCentre.CityCentre_C:UserConstructionScript; removing parent information, but keeping function
[2016.03.15-09.39.20:569][  0]LogBlueprint:Error: Broken Node: K2Node_CallArrayFunction /Game/Blueprints/Tiles/GameTileSpawner.GameTileSpawner:SetTileIsFilled.K2Node_CallArrayFunction_44 keeps removed/invalid pin: EdGraphPin /Game/Blueprints/Tiles/GameTileSpawner.GameTileSpawner:SetTileIsFilled.K2Node_CallArrayFunction_44.EdGraphPin_44770. Try refresh all nodes.
[2016.03.15-09.39.20:657][  0]LogBlueprint:Error: Broken Node: K2Node_CallArrayFunction /Game/Blueprints/Tiles/GameTileSpawner.GameTileSpawner:SetTileIsFilled.K2Node_CallArrayFunction_44 keeps removed/invalid pin: EdGraphPin /Game/Blueprints/Tiles/GameTileSpawner.GameTileSpawner:SetTileIsFilled.K2Node_CallArrayFunction_44.EdGraphPin_44770. Try refresh all nodes.
[2016.03.15-09.39.22:679][  0]LogAIModule: Creating AISystem for world Kieran-Test
[2016.03.15-09.39.23:782][  0]LogEditorServer: Finished looking for orphan Actors (0.025 secs)
[2016.03.15-09.39.23:984][  0]Cmd: MAP CHECKDEP NOCLEARLOG
[2016.03.15-09.39.24:163][  0]MapCheck: Info Map check complete: 0 Error(s), 0 Warning(s), took 179.015ms to complete.
[2016.03.15-09.39.24:189][  0]LogFileHelpers: Loading map 'Kieran-Test' took 8.708
[2016.03.15-09.39.27:560][  0]LogCollectionManager: Loaded 0 collections in 0.002425 seconds
[2016.03.15-09.39.28:132][  0]LogFileCache: Scanning file cache for directory 'C:/Users/Jordan/Documents/Anthrocratos/Anthrocratos_UE4/Saved/Collections/' took 0.01s
[2016.03.15-09.39.28:132][  0]LogFileCache: Scanning file cache for directory 'C:/Users/Jordan/Documents/Anthrocratos/Anthrocratos_UE4/Content/Developers/Jordan/Collections/' took 0.01s
[2016.03.15-09.39.28:132][  0]LogFileCache: Scanning file cache for directory 'C:/Users/Jordan/Documents/Anthrocratos/Anthrocratos_UE4/Content/Collections/' took 0.01s
[2016.03.15-09.39.28:132][  0]LogCollectionManager: Rebuilt the GUID cache for 0 collections in 0.000010 seconds
[2016.03.15-09.39.28:293][  0]LogContentBrowser: Native class hierarchy populated in 0.1078 seconds. Added 1896 classes and 340 folders.
[2016.03.15-09.39.28:658][  0]LogContentBrowser: Native class hierarchy updated for 'WidgetCarousel' in 0.0012 seconds. Added 0 classes and 0 folders.
[2016.03.15-09.39.31:359][  0]LogContentBrowser: Native class hierarchy updated for 'AddContentDialog' in 0.0014 seconds. Added 0 classes and 0 folders.
[2016.03.15-09.39.31:551][  0]LogContentBrowser: Native class hierarchy updated for 'SceneOutliner' in 0.0014 seconds. Added 1 classes and 2 folders.
[2016.03.15-09.39.32:462][  0]LogCrashTracker: Crashtracker disabled due to settings.
[2016.03.15-09.39.32:630][  0]LogUObjectGlobals:Warning: Failed to find object 'Class None.'
[2016.03.15-09.39.32:696][  0]LogLoad: Full Startup: 93.26 seconds (BP compile: 1.14 seconds)
[2016.03.15-09.39.32:737][  0]LogOcInput: Can't find Oculus library dev build: is proper Runtime installed? Version: 0.8.0.0
[2016.03.15-09.39.33:769][  0]LogContentStreaming: Texture pool size now 400 MB
[2016.03.15-09.39.34:192][  0]LogRenderer: Reallocating scene render targets to support 1208x572 (Frame:2).
[2016.03.15-09.39.34:863][  1]LogFileCache: Retrieving MD5 hashes for directory 'C:/Users/Jordan/Documents/Anthrocratos/Anthrocratos_UE4/Content/' took 2.08s
[2016.03.15-09.39.35:968][ 13]LogAssetRegistry: Asset discovery search completed in 44.5273 seconds
[2016.03.15-09.39.36:015][ 13]LogCollectionManager: Rebuilt the object cache for 0 collections in 0.000001 seconds (found 0 objects)
[2016.03.15-09.39.36:015][ 13]LogCollectionManager: Fixed up redirectors for 0 collections in 0.031630 seconds (updated 0 objects)
[2016.03.15-09.39.54:100][950]LogLinker:Warning: Asset '../../../Engine/Content/ArtTools/RenderToTexture/Macros/RenderToTextureMacros.uasset' has been saved with empty engine version. The asset will be loaded but may be incompatible.
[2016.03.15-09.39.55:016][950]LogContentBrowser: Native class hierarchy updated for 'BlueprintGraph' in 0.0045 seconds. Added 107 classes and 0 folders.
[2016.03.15-09.40.50:059][ 79]LogMetaData: Removing '/Game/Blueprints/AI/Resource_Set.Resource_Set_C' ref from Metadata '/Game/Blueprints/AI/Resource_Check.PackageMetaData'
[2016.03.15-09.40.50:059][ 79]LogMetaData: Removing '/Game/Blueprints/AI/Resource_Set.SKEL_Resource_Set_C' ref from Metadata '/Game/Blueprints/AI/Resource_Check.PackageMetaData'
[2016.03.15-09.40.50:103][ 79]Cmd: OBJ SAVEPACKAGE PACKAGE="/Game/Blueprints/AI/Resource_Set" FILE="../../../../../../Users/Jordan/Documents/Anthrocratos/Anthrocratos_UE4/Content/Blueprints/AI/Resource_Set.uasset" SILENT=true
[2016.03.15-09.40.50:166][ 79]LogSavePackage: Save=58.641457ms
[2016.03.15-09.40.50:166][ 79]LogSavePackage: Moving '../../../../../../Users/Jordan/Documents/Anthrocratos/Anthrocratos_UE4/Saved/Resource_SetD9A934D94B21FF86760986A22A9E03BD.tmp' to '../../../../../../Users/Jordan/Documents/Anthrocratos/Anthrocratos_UE4/Content/Blueprints/AI/Resource_Set.uasset'
[2016.03.15-09.40.50:172][ 79]LogSavePackage: Total save time: 67.754339ms
[2016.03.15-09.40.50:172][ 79]LogSavePackage:Display: Finished SavePackage ../../../../../../Users/Jordan/Documents/Anthrocratos/Anthrocratos_UE4/Content/Blueprints/AI/Resource_Set.uasset
[2016.03.15-09.40.50:435][ 79]Cmd: OBJ SAVEPACKAGE PACKAGE="/Game/Blueprints/AI/AI_Behaviour" FILE="../../../../../../Users/Jordan/Documents/Anthrocratos/Anthrocratos_UE4/Content/Blueprints/AI/AI_Behaviour.uasset" SILENT=true
[2016.03.15-09.40.50:559][ 79]LogSavePackage: Save=9.501601ms
[2016.03.15-09.40.50:559][ 79]LogSavePackage: Moving '../../../../../../Users/Jordan/Documents/Anthrocratos/Anthrocratos_UE4/Saved/AI_Behaviour3B0D3F4143E4D3D836B2FBB2E0FF73B0.tmp' to '../../../../../../Users/Jordan/Documents/Anthrocratos/Anthrocratos_UE4/Content/Blueprints/AI/AI_Behaviour.uasset'
[2016.03.15-09.40.50:563][ 79]LogSavePackage: Total save time: 125.691056ms
[2016.03.15-09.40.50:563][ 79]LogSavePackage:Display: Finished SavePackage ../../../../../../Users/Jordan/Documents/Anthrocratos/Anthrocratos_UE4/Content/Blueprints/AI/AI_Behaviour.uasset
[2016.03.15-09.40.50:710][ 80]LogPackageName: SearchForPackageOnDisk took   0.000s to resolve /Game/Blueprints/AI/Resource_Set.
[2016.03.15-09.46.00:103][575]LogActor:Warning: GameNetworkManager /Engine/Transient.World_6:PersistentLevel.GameNetworkManager_0 has natively added scene component(s), but none of them were set as the actor's RootComponent - picking one arbitrarily
[2016.03.15-09.59.14:735][849]BlueprintLog: New page: Compile AI_Player
[2016.03.15-09.59.14:752][849]LogBlueprint:Error: [compiler AI_Player] Error The current value of the ' Object Types ' pin is invalid: Array inputs (like 'Object Types') must have an input wired into them (try connecting a MakeArray node).
[2016.03.15-09.59.15:071][849]LogParticles: Destroying 0 GPU particle simulations for FXSystem 0x0000004233036840
[2016.03.15-09.59.15:082][849]LogBlueprint:Warning: [compiler AI_Player] Warning [1275.65] Compile of AI_Player failed. 1 Fatal Issue(s) 0 Warning(s) [in 346 ms]
[2016.03.15-09.59.15:123][849]BlueprintEditorCompileResults:Error: Error The current value of the ' Object Types ' pin is invalid: Array inputs (like 'Object Types') must have an input wired into them (try connecting a MakeArray node).
[2016.03.15-09.59.15:123][849]BlueprintEditorCompileResults:Warning: Warning [1275.65] Compile of AI_Player failed. 1 Fatal Issue(s) 0 Warning(s) [in 346 ms]
[2016.03.15-09.59.41:055][885]BlueprintLog: New page: Compile AI_Player
[2016.03.15-09.59.41:169][885]BlueprintEditorCompileResults: Info [1301.74] Compile of AI_Player successful! [in 113 ms]
[2016.03.15-10.00.04:362][816]BlueprintLog: New page: Compile AI_Player
[2016.03.15-10.00.04:481][816]BlueprintEditorCompileResults: Info [1325.05] Compile of AI_Player successful! [in 119 ms]
[2016.03.15-10.00.57:735][764]LogFileHelpers: Editor autosave (incl. sublevels) for '/Game/Levels/Kieran-Test' took 0.042
[2016.03.15-10.00.57:759][764]OBJ SavePackage: Generating thumbnails for [0] asset(s) in package [/Game/Blueprints/AI/AI_Behaviour] ([1] browsable assets)...
[2016.03.15-10.00.57:759][764]OBJ SavePackage: Finished generating thumbnails for package [/Game/Blueprints/AI/AI_Behaviour]
[2016.03.15-10.00.57:853][764]LogSavePackage: Save=8.275146ms
[2016.03.15-10.00.57:853][764]LogSavePackage: Moving '../../../../../../Users/Jordan/Documents/Anthrocratos/Anthrocratos_UE4/Saved/AI_Behaviour_Auto19801BFE84F3CFD25432AA89CD68CE0A8.tmp' to '../../../../../../Users/Jordan/Documents/Anthrocratos/Anthrocratos_UE4/Saved/Autosaves/Game/Blueprints/AI/AI_Behaviour_Auto1.uasset'
[2016.03.15-10.00.57:854][764]LogSavePackage: Total save time: 93.979854ms
[2016.03.15-10.00.57:855][764]LogSavePackage:Display: Finished SavePackage ../../../../../../Users/Jordan/Documents/Anthrocratos/Anthrocratos_UE4/Saved/Autosaves/Game/Blueprints/AI/AI_Behaviour_Auto1.uasset
[2016.03.15-10.00.57:860][764]OBJ SavePackage: Generating thumbnails for [0] asset(s) in package [/Game/Blueprints/Gameplay/AI_Player] ([1] browsable assets)...
[2016.03.15-10.00.57:860][764]OBJ SavePackage: Finished generating thumbnails for package [/Game/Blueprints/Gameplay/AI_Player]
[2016.03.15-10.00.58:001][764]LogSavePackage: Save=56.697861ms
[2016.03.15-10.00.58:001][764]LogSavePackage: Moving '../../../../../../Users/Jordan/Documents/Anthrocratos/Anthrocratos_UE4/Saved/AI_Player_Auto1D198085845F378EC24EC069678669EC9.tmp' to '../../../../../../Users/Jordan/Documents/Anthrocratos/Anthrocratos_UE4/Saved/Autosaves/Game/Blueprints/Gameplay/AI_Player_Auto1.uasset'
[2016.03.15-10.00.58:020][764]LogSavePackage: Total save time: 158.086475ms
[2016.03.15-10.00.58:020][764]LogSavePackage:Display: Finished SavePackage ../../../../../../Users/Jordan/Documents/Anthrocratos/Anthrocratos_UE4/Saved/Autosaves/Game/Blueprints/Gameplay/AI_Player_Auto1.uasset
[2016.03.15-10.00.58:020][764]LogFileHelpers: Auto-saving content packages took 0.266
[2016.03.15-10.05.41:796][ 16]BlueprintLog: New page: Compile AI_Player
[2016.03.15-10.05.41:924][ 16]BlueprintEditorCompileResults: Info [1662.49] Compile of AI_Player successful! [in 128 ms]
[2016.03.15-10.10.58:534][492]LogFileHelpers: Editor autosave (incl. sublevels) for '/Game/Levels/Kieran-Test' took 0.043
[2016.03.15-10.10.58:541][492]OBJ SavePackage: Generating thumbnails for [0] asset(s) in package [/Game/Blueprints/AI/BTTask_BlueprintBase_New] ([1] browsable assets)...
[2016.03.15-10.10.58:541][492]OBJ SavePackage: Finished generating thumbnails for package [/Game/Blueprints/AI/BTTask_BlueprintBase_New]
[2016.03.15-10.10.58:652][492]LogSavePackage: Save=21.679337ms
[2016.03.15-10.10.58:652][492]LogSavePackage: Moving '../../../../../../Users/Jordan/Documents/Anthrocratos/Anthrocratos_UE4/Saved/BTTask_BlueprintBase_New_Auto2373D93C04684C14CB8D2B0851E56C9C3.tmp' to '../../../../../../Users/Jordan/Documents/Anthrocratos/Anthrocratos_UE4/Saved/Autosaves/Game/Blueprints/AI/BTTask_BlueprintBase_New_Auto2.uasset'
[2016.03.15-10.10.58:653][492]LogSavePackage: Total save time: 110.647317ms
[2016.03.15-10.10.58:653][492]LogSavePackage:Display: Finished SavePackage ../../../../../../Users/Jordan/Documents/Anthrocratos/Anthrocratos_UE4/Saved/Autosaves/Game/Blueprints/AI/BTTask_BlueprintBase_New_Auto2.uasset
[2016.03.15-10.10.58:659][492]OBJ SavePackage: Generating thumbnails for [0] asset(s) in package [/Game/Blueprints/Gameplay/AI_Player] ([1] browsable assets)...
[2016.03.15-10.10.58:659][492]OBJ SavePackage: Finished generating thumbnails for package [/Game/Blueprints/Gameplay/AI_Player]
[2016.03.15-10.10.58:804][492]LogSavePackage: Save=59.055836ms
[2016.03.15-10.10.58:804][492]LogSavePackage: Moving '../../../../../../Users/Jordan/Documents/Anthrocratos/Anthrocratos_UE4/Saved/AI_Player_Auto2F188C16A420082E773E1DAAEFF99A9DB.tmp' to '../../../../../../Users/Jordan/Documents/Anthrocratos/Anthrocratos_UE4/Saved/Autosaves/Game/Blueprints/Gameplay/AI_Player_Auto2.uasset'
[2016.03.15-10.10.58:807][492]LogSavePackage: Total save time: 145.773608ms
[2016.03.15-10.10.58:807][492]LogSavePackage:Display: Finished SavePackage ../../../../../../Users/Jordan/Documents/Anthrocratos/Anthrocratos_UE4/Saved/Autosaves/Game/Blueprints/Gameplay/AI_Player_Auto2.uasset
[2016.03.15-10.10.58:807][492]LogFileHelpers: Auto-saving content packages took 0.271
[2016.03.15-10.15.43:197][650]BlueprintLog: New page: Compile BTTask_BlueprintBase_New
[2016.03.15-10.15.43:206][650]LogBlueprint:Error: [compiler BTTask_BlueprintBase_New] Error This blueprint (self) is not a AI_Player_C, therefore ' Target ' must have a connection.
[2016.03.15-10.15.43:364][650]LogBlueprint:Warning: [compiler BTTask_BlueprintBase_New] Warning [2263.93] Compile of BTTask_BlueprintBase_New failed. 1 Fatal Issue(s) 0 Warning(s) [in 166 ms]
[2016.03.15-10.15.43:365][650]BlueprintEditorCompileResults:Error: Error This blueprint (self) is not a AI_Player_C, therefore ' Target ' must have a connection.
[2016.03.15-10.15.43:365][650]BlueprintEditorCompileResults:Warning: Warning [2263.93] Compile of BTTask_BlueprintBase_New failed. 1 Fatal Issue(s) 0 Warning(s) [in 166 ms]
[2016.03.15-10.16.06:517][953]BlueprintLog: New page: Compile AI_Player
[2016.03.15-10.16.06:549][953]LogBlueprint:Error: [compiler BTTask_BlueprintBase_New] Error This blueprint (self) is not a AI_Player_C, therefore ' Target ' must have a connection.
[2016.03.15-10.16.06:788][953]BlueprintEditorCompileResults: Info [2287.36] Compile of AI_Player successful! [in 270 ms]
[2016.03.15-10.21.25:823][437]BlueprintLog: New page: Compile BTTask_BlueprintBase_New
[2016.03.15-10.21.25:829][437]LogBlueprint:Error: [compiler BTTask_BlueprintBase_New] Error This blueprint (self) is not a AI_Player_C, therefore ' Target ' must have a connection.
[2016.03.15-10.21.25:984][437]LogBlueprint:Warning: [compiler BTTask_BlueprintBase_New] Warning [2606.55] Compile of BTTask_BlueprintBase_New failed. 1 Fatal Issue(s) 0 Warning(s) [in 161 ms]
[2016.03.15-10.21.25:984][437]BlueprintEditorCompileResults:Error: Error This blueprint (self) is not a AI_Player_C, therefore ' Target ' must have a connection.
[2016.03.15-10.21.25:984][437]BlueprintEditorCompileResults:Warning: Warning [2606.55] Compile of BTTask_BlueprintBase_New failed. 1 Fatal Issue(s) 0 Warning(s) [in 161 ms]
[2016.03.15-10.22.59:615][831]LogFileHelpers: Editor autosave (incl. sublevels) for '/Game/Levels/Kieran-Test' took 0.049
[2016.03.15-10.22.59:623][831]OBJ SavePackage: Generating thumbnails for [0] asset(s) in package [/Game/Blueprints/AI/BTTask_BlueprintBase_New] ([1] browsable assets)...
[2016.03.15-10.22.59:623][831]OBJ SavePackage: Finished generating thumbnails for package [/Game/Blueprints/AI/BTTask_BlueprintBase_New]
[2016.03.15-10.22.59:751][831]LogSavePackage: Save=26.095940ms
[2016.03.15-10.22.59:751][831]LogSavePackage: Moving '../../../../../../Users/Jordan/Documents/Anthrocratos/Anthrocratos_UE4/Saved/BTTask_BlueprintBase_New_Auto32FC51E854B7C09B3618D4DB5F0204D57.tmp' to '../../../../../../Users/Jordan/Documents/Anthrocratos/Anthrocratos_UE4/Saved/Autosaves/Game/Blueprints/AI/BTTask_BlueprintBase_New_Auto3.uasset'
[2016.03.15-10.22.59:753][831]LogSavePackage: Total save time: 125.890333ms
[2016.03.15-10.22.59:753][831]LogSavePackage:Display: Finished SavePackage ../../../../../../Users/Jordan/Documents/Anthrocratos/Anthrocratos_UE4/Saved/Autosaves/Game/Blueprints/AI/BTTask_BlueprintBase_New_Auto3.uasset
[2016.03.15-10.22.59:758][831]OBJ SavePackage: Generating thumbnails for [0] asset(s) in package [/Game/Blueprints/Gameplay/AI_Player] ([1] browsable assets)...
[2016.03.15-10.22.59:758][831]OBJ SavePackage: Finished generating thumbnails for package [/Game/Blueprints/Gameplay/AI_Player]
[2016.03.15-10.22.59:909][831]LogSavePackage: Save=60.658180ms
[2016.03.15-10.22.59:909][831]LogSavePackage: Moving '../../../../../../Users/Jordan/Documents/Anthrocratos/Anthrocratos_UE4/Saved/AI_Player_Auto3B13F577A4AC2BF88D3ED6E953F19CD5D.tmp' to '../../../../../../Users/Jordan/Documents/Anthrocratos/Anthrocratos_UE4/Saved/Autosaves/Game/Blueprints/Gameplay/AI_Player_Auto3.uasset'
[2016.03.15-10.22.59:912][831]LogSavePackage: Total save time: 151.467554ms
[2016.03.15-10.22.59:912][831]LogSavePackage:Display: Finished SavePackage ../../../../../../Users/Jordan/Documents/Anthrocratos/Anthrocratos_UE4/Saved/Autosaves/Game/Blueprints/Gameplay/AI_Player_Auto3.uasset
[2016.03.15-10.22.59:912][831]LogFileHelpers: Auto-saving content packages took 0.295
[2016.03.15-10.25.24:782][896]LogRenderer: Reallocating scene render targets to support 1236x712 (Frame:67453).
[2016.03.15-10.31.00:071][820]LogActor:Warning: GameNetworkManager /Engine/Transient.World_13:PersistentLevel.GameNetworkManager_1 has natively added scene component(s), but none of them were set as the actor's RootComponent - picking one arbitrarily
[2016.03.15-10.31.55:179][647]Cmd: TRANSACTION UNDO
[2016.03.15-10.31.55:179][647]LogEditorTransaction: Undo Create Pin Link
[2016.03.15-10.31.55:550][660]LogEditorTransaction: Undo Delete current selection
[2016.03.15-10.32.18:225][526]BlueprintLog: New page: Compile BTTask_BlueprintBase_New
[2016.03.15-10.32.18:236][526]LogBlueprint:Error: [compiler BTTask_BlueprintBase_New] Error This blueprint (self) is not a AnthroGameMode_C, therefore ' Target ' must have a connection.
[2016.03.15-10.32.18:292][526]LogBlueprint:Error: [compiler BTTask_BlueprintBase_New] Error Variable node  Get PlayerStatObjects  uses an invalid target.  It may depend on a node that is not connected to the execution chain, and got purged.
[2016.03.15-10.32.18:448][526]LogParticles: Destroying 0 GPU particle simulations for FXSystem 0x00000042C5E55C60
[2016.03.15-10.32.18:451][526]LogParticles: Destroying 0 GPU particle simulations for FXSystem 0x000000429C5BDD00
[2016.03.15-10.32.18:499][526]LogBlueprint:Warning: [compiler BTTask_BlueprintBase_New] Warning [3259.07] Compile of BTTask_BlueprintBase_New failed. 2 Fatal Issue(s) 0 Warning(s) [in 273 ms]
[2016.03.15-10.32.18:499][526]BlueprintEditorCompileResults:Error: Error This blueprint (self) is not a AnthroGameMode_C, therefore ' Target ' must have a connection.
[2016.03.15-10.32.18:499][526]BlueprintEditorCompileResults:Error: Error Variable node  Get PlayerStatObjects  uses an invalid target.  It may depend on a node that is not connected to the execution chain, and got purged.
[2016.03.15-10.32.18:499][526]BlueprintEditorCompileResults:Warning: Warning [3259.07] Compile of BTTask_BlueprintBase_New failed. 2 Fatal Issue(s) 0 Warning(s) [in 273 ms]
[2016.03.15-10.32.32:033][989]LogEditorTransaction: Undo Move Node
[2016.03.15-10.32.32:623][ 13]LogEditorTransaction: Undo Delete current selection
[2016.03.15-10.32.46:504][462]BlueprintLog: New page: Compile BTTask_BlueprintBase_New
[2016.03.15-10.32.46:610][462]BlueprintEditorCompileResults: Info [3287.18] Compile of BTTask_BlueprintBase_New successful! [in 106 ms]
[2016.03.15-10.33.12:541][226]LogFileHelpers: Editor autosave (incl. sublevels) for '/Game/Levels/Kieran-Test' took 0.041
[2016.03.15-10.33.12:549][226]OBJ SavePackage: Generating thumbnails for [0] asset(s) in package [/Game/Blueprints/AI/BTTask_BlueprintBase_New] ([1] browsable assets)...
[2016.03.15-10.33.12:549][226]OBJ SavePackage: Finished generating thumbnails for package [/Game/Blueprints/AI/BTTask_BlueprintBase_New]
[2016.03.15-10.33.12:675][226]LogSavePackage: Save=36.132938ms
[2016.03.15-10.33.12:675][226]LogSavePackage: Moving '../../../../../../Users/Jordan/Documents/Anthrocratos/Anthrocratos_UE4/Saved/BTTask_BlueprintBase_New_Auto49C087F77493595CA7461799AB6F3BE40.tmp' to '../../../../../../Users/Jordan/Documents/Anthrocratos/Anthrocratos_UE4/Saved/Autosaves/Game/Blueprints/AI/BTTask_BlueprintBase_New_Auto4.uasset'
[2016.03.15-10.33.12:689][226]LogSavePackage: Total save time: 138.336193ms
[2016.03.15-10.33.12:689][226]LogSavePackage:Display: Finished SavePackage ../../../../../../Users/Jordan/Documents/Anthrocratos/Anthrocratos_UE4/Saved/Autosaves/Game/Blueprints/AI/BTTask_BlueprintBase_New_Auto4.uasset
[2016.03.15-10.33.12:689][226]LogFileHelpers: Auto-saving content packages took 0.147
[2016.03.15-10.42.00:591][972]BlueprintLog: New page: Compile AI_Player
[2016.03.15-10.42.00:719][972]BlueprintEditorCompileResults: Info [3841.29] Compile of AI_Player successful! [in 127 ms]
[2016.03.15-10.44.02:864][149]LogFileHelpers: Editor autosave (incl. sublevels) for '/Game/Levels/Kieran-Test' took 0.056
[2016.03.15-10.44.02:871][149]OBJ SavePackage: Generating thumbnails for [0] asset(s) in package [/Game/Blueprints/AI/BTTask_BlueprintBase_New] ([1] browsable assets)...
[2016.03.15-10.44.02:871][149]OBJ SavePackage: Finished generating thumbnails for package [/Game/Blueprints/AI/BTTask_BlueprintBase_New]
[2016.03.15-10.44.03:014][149]LogSavePackage: Save=46.730568ms
[2016.03.15-10.44.03:014][149]LogSavePackage: Moving '../../../../../../Users/Jordan/Documents/Anthrocratos/Anthrocratos_UE4/Saved/BTTask_BlueprintBase_New_Auto59D977AD74B1B12FA3FFB05B2D63E88C9.tmp' to '../../../../../../Users/Jordan/Documents/Anthrocratos/Anthrocratos_UE4/Saved/Autosaves/Game/Blueprints/AI/BTTask_BlueprintBase_New_Auto5.uasset'
[2016.03.15-10.44.03:015][149]LogSavePackage: Total save time: 142.345268ms
[2016.03.15-10.44.03:015][149]LogSavePackage:Display: Finished SavePackage ../../../../../../Users/Jordan/Documents/Anthrocratos/Anthrocratos_UE4/Saved/Autosaves/Game/Blueprints/AI/BTTask_BlueprintBase_New_Auto5.uasset
[2016.03.15-10.44.03:020][149]OBJ SavePackage: Generating thumbnails for [0] asset(s) in package [/Game/Blueprints/Gameplay/AI_Player] ([1] browsable assets)...
[2016.03.15-10.44.03:020][149]OBJ SavePackage: Finished generating thumbnails for package [/Game/Blueprints/Gameplay/AI_Player]
[2016.03.15-10.44.03:164][149]LogSavePackage: Save=58.534977ms
[2016.03.15-10.44.03:164][149]LogSavePackage: Moving '../../../../../../Users/Jordan/Documents/Anthrocratos/Anthrocratos_UE4/Saved/AI_Player_Auto5942E91A14CF8445CF4F81BADAAE9B34B.tmp' to '../../../../../../Users/Jordan/Documents/Anthrocratos/Anthrocratos_UE4/Saved/Autosaves/Game/Blueprints/Gameplay/AI_Player_Auto5.uasset'
[2016.03.15-10.44.03:166][149]LogSavePackage: Total save time: 143.936493ms
[2016.03.15-10.44.03:166][149]LogSavePackage:Display: Finished SavePackage ../../../../../../Users/Jordan/Documents/Anthrocratos/Anthrocratos_UE4/Saved/Autosaves/Game/Blueprints/Gameplay/AI_Player_Auto5.uasset
[2016.03.15-10.44.03:166][149]LogFileHelpers: Auto-saving content packages took 0.302
[2016.03.15-10.46.03:719][995]LogUObjectHash:Warning: Ambiguous search, could be K2Node_IfThenElse /Game/Blueprints/UI/BuildingUI.BuildingUI:SpawnBuilding.K2Node_IfThenElse_165 or K2Node_IfThenElse /Game/Blueprints/AI/BTTask_BlueprintBase_New.BTTask_BlueprintBase_New:EventGraph.K2Node_IfThenElse_165
[2016.03.15-10.46.03:719][995]LogProperty:Warning: Illegal TEXT reference to a private object in external package (EdGraphPin /Game/Blueprints/UI/BuildingUI.BuildingUI:SpawnBuilding.K2Node_IfThenElse_165.EdGraphPin_6354) from referencer (EdGraphPin /Game/Blueprints/AI/BTTask_BlueprintBase_New.BTTask_BlueprintBase_New:EventGraph.K2Node_CallFunction_4625.EdGraphPin_9781).  Import failed...
[2016.03.15-10.46.03:719][995]LogProperty:Warning: ObjectProperty /Script/Engine.EdGraphPin:LinkedTo.LinkedTo: unresolved reference to 'EdGraphPin'K2Node_IfThenElse_165.EdGraphPin_6354''
[2016.03.15-10.46.03:719][995]LogProperty:Warning: Illegal TEXT reference to a private object in external package (EdGraphPin /Game/Blueprints/UI/BuildingUI.BuildingUI:SpawnBuilding.K2Node_VariableGet_185.EdGraphPin_6418) from referencer (EdGraphPin /Game/Blueprints/AI/BTTask_BlueprintBase_New.BTTask_BlueprintBase_New:EventGraph.K2Node_CallFunction_4625.EdGraphPin_9783).  Import failed...
[2016.03.15-10.46.03:719][995]LogProperty:Warning: ObjectProperty /Script/Engine.EdGraphPin:LinkedTo.LinkedTo: unresolved reference to 'EdGraphPin'K2Node_VariableGet_185.EdGraphPin_6418''
[2016.03.15-10.46.03:719][995]LogProperty:Warning: Illegal TEXT reference to a private object in external package (EdGraphPin /Game/Blueprints/UI/BuildingUI.BuildingUI:SpawnBuilding.K2Node_CallFunction_4028.EdGraphPin_9791) from referencer (EdGraphPin /Game/Blueprints/AI/BTTask_BlueprintBase_New.BTTask_BlueprintBase_New:EventGraph.K2Node_IfThenElse_165.EdGraphPin_6352).  Import failed...
[2016.03.15-10.46.03:719][995]LogProperty:Warning: ObjectProperty /Script/Engine.EdGraphPin:LinkedTo.LinkedTo: unresolved reference to 'EdGraphPin'K2Node_CallFunction_4028.EdGraphPin_9791''
[2016.03.15-10.46.03:719][995]LogProperty:Warning: Illegal TEXT reference to a private object in external package (EdGraphPin /Game/Blueprints/UI/BuildingUI.BuildingUI:SpawnBuilding.K2Node_CallFunction_4028.EdGraphPin_9795) from referencer (EdGraphPin /Game/Blueprints/AI/BTTask_BlueprintBase_New.BTTask_BlueprintBase_New:EventGraph.K2Node_IfThenElse_165.EdGraphPin_6353).  Import failed...
[2016.03.15-10.46.03:719][995]LogProperty:Warning: ObjectProperty /Script/Engine.EdGraphPin:LinkedTo.LinkedTo: unresolved reference to 'EdGraphPin'K2Node_CallFunction_4028.EdGraphPin_9795''
[2016.03.15-10.46.03:720][995]LogUObjectHash:Warning: Ambiguous search, could be K2Node_CallFunction /Game/Blueprints/UI/BuildingUI.BuildingUI:SpawnBuilding.K2Node_CallFunction_4626 or K2Node_CallFunction /Game/Blueprints/AI/BTTask_BlueprintBase_New.BTTask_BlueprintBase_New:EventGraph.K2Node_CallFunction_4626
[2016.03.15-10.46.03:720][995]LogProperty:Warning: Illegal TEXT reference to a private object in external package (EdGraphPin /Game/Blueprints/UI/BuildingUI.BuildingUI:SpawnBuilding.K2Node_CallFunction_4626.EdGraphPin_9808) from referencer (EdGraphPin /Game/Blueprints/AI/BTTask_BlueprintBase_New.BTTask_BlueprintBase_New:EventGraph.K2Node_IfThenElse_165.EdGraphPin_6355).  Import failed...
[2016.03.15-10.46.03:720][995]LogProperty:Warning: ObjectProperty /Script/Engine.EdGraphPin:LinkedTo.LinkedTo: unresolved reference to 'EdGraphPin'K2Node_CallFunction_4626.EdGraphPin_9808''
[2016.03.15-10.46.43:615][337]BlueprintLog: New page: Compile BTTask_BlueprintBase_New
[2016.03.15-10.46.43:631][337]LogBlueprint:Error: [compiler BTTask_BlueprintBase_New] Error The current value of the ' Target Array ' pin is invalid: Array inputs (like 'Target Array') must have an input wired into them (try connecting a MakeArray node).
[2016.03.15-10.46.43:850][337]LogBlueprint:Warning: [compiler BTTask_BlueprintBase_New] Warning [4124.42] Compile of BTTask_BlueprintBase_New failed. 1 Fatal Issue(s) 0 Warning(s) [in 234 ms]
[2016.03.15-10.46.43:850][337]BlueprintEditorCompileResults:Error: Error The current value of the ' Target Array ' pin is invalid: Array inputs (like 'Target Array') must have an input wired into them (try connecting a MakeArray node).
[2016.03.15-10.46.43:850][337]BlueprintEditorCompileResults:Warning: Warning [4124.42] Compile of BTTask_BlueprintBase_New failed. 1 Fatal Issue(s) 0 Warning(s) [in 234 ms]
[2016.03.15-10.46.55:673][696]BlueprintLog: New page: Compile BTTask_BlueprintBase_New
[2016.03.15-10.46.55:786][696]BlueprintEditorCompileResults: Info [4136.35] Compile of BTTask_BlueprintBase_New successful! [in 113 ms]
[2016.03.15-10.47.33:136][ 25]LogAIModule: Creating AISystem for world Jordan-Test
[2016.03.15-10.47.38:974][ 25]Cmd: OBJ SAVEPACKAGE PACKAGE="/Game/Blueprints/AI/AI_Behaviour" FILE="../../../../../../Users/Jordan/Documents/Anthrocratos/Anthrocratos_UE4/Content/Blueprints/AI/AI_Behaviour.uasset" SILENT=true
[2016.03.15-10.47.39:119][ 25]LogSavePackage: Save=8.141297ms
[2016.03.15-10.47.39:119][ 25]LogSavePackage: Moving '../../../../../../Users/Jordan/Documents/Anthrocratos/Anthrocratos_UE4/Saved/AI_BehaviourA391FCCD43C2B199369AE29EF2DE07B6.tmp' to '../../../../../../Users/Jordan/Documents/Anthrocratos/Anthrocratos_UE4/Content/Blueprints/AI/AI_Behaviour.uasset'
[2016.03.15-10.47.39:125][ 25]LogSavePackage: Total save time: 149.151061ms
[2016.03.15-10.47.39:125][ 25]LogSavePackage:Display: Finished SavePackage ../../../../../../Users/Jordan/Documents/Anthrocratos/Anthrocratos_UE4/Content/Blueprints/AI/AI_Behaviour.uasset
[2016.03.15-10.47.39:265][ 25]LogSavePackage: Save=55.169071ms
[2016.03.15-10.47.39:265][ 25]LogSavePackage: Moving '../../../../../../Users/Jordan/Documents/Anthrocratos/Anthrocratos_UE4/Saved/BTTask_BlueprintBase_NewF4AD32114B79254D74151BA0460BFC3F.tmp' to '../../../../../../Users/Jordan/Documents/Anthrocratos/Anthrocratos_UE4/Content/Blueprints/AI/BTTask_BlueprintBase_New.uasset'
[2016.03.15-10.47.39:271][ 25]LogSavePackage: Total save time: 138.922054ms
[2016.03.15-10.47.39:271][ 25]LogSavePackage:Display: Finished SavePackage ../../../../../../Users/Jordan/Documents/Anthrocratos/Anthrocratos_UE4/Content/Blueprints/AI/BTTask_BlueprintBase_New.uasset
[2016.03.15-10.47.39:277][ 25]Cmd: OBJ SAVEPACKAGE PACKAGE="/Game/Blueprints/Gameplay/AI_Player" FILE="../../../../../../Users/Jordan/Documents/Anthrocratos/Anthrocratos_UE4/Content/Blueprints/Gameplay/AI_Player.uasset" SILENT=true
[2016.03.15-10.47.39:414][ 25]LogSavePackage: Save=58.379318ms
[2016.03.15-10.47.39:420][ 25]LogSavePackage: Moving '../../../../../../Users/Jordan/Documents/Anthrocratos/Anthrocratos_UE4/Saved/AI_Player170ED08B40F44A1931F23C8F3E96C454.tmp' to '../../../../../../Users/Jordan/Documents/Anthrocratos/Anthrocratos_UE4/Content/Blueprints/Gameplay/AI_Player.uasset'
[2016.03.15-10.47.39:425][ 25]LogSavePackage: Total save time: 147.396479ms
[2016.03.15-10.47.39:425][ 25]LogSavePackage:Display: Finished SavePackage ../../../../../../Users/Jordan/Documents/Anthrocratos/Anthrocratos_UE4/Content/Blueprints/Gameplay/AI_Player.uasset
[2016.03.15-10.47.39:606][ 25]Cmd: MAP LOAD FILE="../../../../../../Users/Jordan/Documents/Anthrocratos/Anthrocratos_UE4/Content/Levels/Jordan-Test.umap" TEMPLATE=0 SHOWPROGRESS=1 FEATURELEVEL=3
[2016.03.15-10.47.39:606][ 25]LightingResults: New page: Lighting Build
[2016.03.15-10.47.39:798][ 25]LoadErrors: New page: Loading map: Jordan-Test.umap
[2016.03.15-10.47.39:875][ 25]MapCheck: New page: Map Check
[2016.03.15-10.47.39:875][ 25]LightingResults: New page: Lighting Build
[2016.03.15-10.47.40:016][ 25]LogParticles: Destroying 0 GPU particle simulations for FXSystem 0x000000423E3F3CE0
[2016.03.15-10.47.40:053][ 25]LogEditorServer: Finished looking for orphan Actors (0.000 secs)
[2016.03.15-10.47.40:105][ 25]Cmd: MAP CHECKDEP NOCLEARLOG
[2016.03.15-10.47.42:088][ 25]MapCheck: Info Map check complete: 0 Error(s), 0 Warning(s), took 1,982.881ms to complete.
[2016.03.15-10.47.42:089][ 25]LogFileHelpers: Loading map 'Jordan-Test' took 2.539
[2016.03.15-10.47.46:439][246]LogPlayLevel: PlayLevel: No blueprints needed recompiling
[2016.03.15-10.47.46:486][246]PIE: New page: PIE session: Jordan-Test (15 Mar 2016 10:47:46)
[2016.03.15-10.47.46:488][246]LogPlayLevel: Creating play world package: /Game/Levels/UEDPIE_0_Jordan-Test
[2016.03.15-10.47.46:545][246]LogPlayLevel: PIE: StaticDuplicateObject took: (0.056779s)
[2016.03.15-10.47.46:546][246]LogAIModule: Creating AISystem for world Jordan-Test
[2016.03.15-10.47.46:546][246]LogPlayLevel: PIE: World Init took: (0.000953s)
[2016.03.15-10.47.46:557][246]LogPlayLevel: PIE: Created PIE world by copying editor world from /Game/Levels/Jordan-Test.Jordan-Test to /Game/Levels/UEDPIE_0_Jordan-Test.Jordan-Test (0.069731s)
[2016.03.15-10.47.46:646][246]LogInit: XAudio2 using 'Speakers (Realtek High Definition Audio)' : 2 channels at 48 kHz using 32 bits per sample (channel mask 0x3)
[2016.03.15-10.47.46:659][246]LogInit: FAudioDevice initialized.
[2016.03.15-10.47.46:996][246]LogWorld: Game class is 'Anthrocratos_UE4GameMode'
[2016.03.15-10.47.46:999][246]LogWorld: Bringing World /Game/Levels/UEDPIE_0_Jordan-Test.Jordan-Test up for play (max tick rate 60) at 2016.03.15-10.47.46
[2016.03.15-10.47.46:999][246]LogActor:Warning: GameSession /Game/Levels/UEDPIE_0_Jordan-Test.Jordan-Test:PersistentLevel.GameSession_0 has natively added scene component(s), but none of them were set as the actor's RootComponent - picking one arbitrarily
[2016.03.15-10.47.47:000][246]LogActor:Warning: GameNetworkManager /Game/Levels/UEDPIE_0_Jordan-Test.Jordan-Test:PersistentLevel.GameNetworkManager_2 has natively added scene component(s), but none of them were set as the actor's RootComponent - picking one arbitrarily
[2016.03.15-10.47.47:110][246]LogWorld: Bringing up level for play took: 0.112397
[2016.03.15-10.47.47:361][246]LogBlueprintUserMessages: [GameTileSpawner_222] TilesGenerated
[2016.03.15-10.47.47:411][246]PIE: Info Play in editor start time for /Game/Levels/UEDPIE_0_Jordan-Test 1.942
[2016.03.15-10.47.53:091][513]LogParticles: Destroying 0 GPU particle simulations for FXSystem 0x0000004291880C20
[2016.03.15-10.48.31:374][ 97]LogEditorViewport: Clicking Background
[2016.03.15-10.53.15:545][860]LogUObjectHash:Warning: Ambiguous search, could be K2Node_IfThenElse /Game/Blueprints/UI/BuildingUI.BuildingUI:SpawnBuilding.K2Node_IfThenElse_165 or K2Node_IfThenElse /Game/Blueprints/Gameplay/AI_Player.AI_Player:EventGraph.K2Node_IfThenElse_165
[2016.03.15-10.53.15:545][860]LogUObjectHash:Warning: Ambiguous search, could be K2Node_IfThenElse /Game/Blueprints/UI/BuildingUI.BuildingUI:SpawnBuilding.K2Node_IfThenElse_165 or K2Node_IfThenElse /Game/Blueprints/AI/BTTask_BlueprintBase_New.BTTask_BlueprintBase_New:EventGraph.K2Node_IfThenElse_165
[2016.03.15-10.53.15:545][860]LogProperty:Warning: Illegal TEXT reference to a private object in external package (EdGraphPin /Game/Blueprints/UI/BuildingUI.BuildingUI:SpawnBuilding.K2Node_IfThenElse_165.EdGraphPin_6354) from referencer (EdGraphPin /Game/Blueprints/Gameplay/AI_Player.AI_Player:EventGraph.K2Node_CallFunction_4625.EdGraphPin_9781).  Import failed...
[2016.03.15-10.53.15:545][860]LogProperty:Warning: ObjectProperty /Script/Engine.EdGraphPin:LinkedTo.LinkedTo: unresolved reference to 'EdGraphPin'K2Node_IfThenElse_165.EdGraphPin_6354''
[2016.03.15-10.53.15:545][860]LogProperty:Warning: Illegal TEXT reference to a private object in external package (EdGraphPin /Game/Blueprints/UI/BuildingUI.BuildingUI:SpawnBuilding.K2Node_VariableGet_185.EdGraphPin_6418) from referencer (EdGraphPin /Game/Blueprints/Gameplay/AI_Player.AI_Player:EventGraph.K2Node_CallFunction_4625.EdGraphPin_9783).  Import failed...
[2016.03.15-10.53.15:545][860]LogProperty:Warning: ObjectProperty /Script/Engine.EdGraphPin:LinkedTo.LinkedTo: unresolved reference to 'EdGraphPin'K2Node_VariableGet_185.EdGraphPin_6418''
[2016.03.15-10.53.15:546][860]LogProperty:Warning: Illegal TEXT reference to a private object in external package (EdGraphPin /Game/Blueprints/UI/BuildingUI.BuildingUI:SpawnBuilding.K2Node_CallFunction_4028.EdGraphPin_9791) from referencer (EdGraphPin /Game/Blueprints/Gameplay/AI_Player.AI_Player:EventGraph.K2Node_IfThenElse_165.EdGraphPin_6352).  Import failed...
[2016.03.15-10.53.15:546][860]LogProperty:Warning: ObjectProperty /Script/Engine.EdGraphPin:LinkedTo.LinkedTo: unresolved reference to 'EdGraphPin'K2Node_CallFunction_4028.EdGraphPin_9791''
[2016.03.15-10.53.15:546][860]LogProperty:Warning: Illegal TEXT reference to a private object in external package (EdGraphPin /Game/Blueprints/UI/BuildingUI.BuildingUI:SpawnBuilding.K2Node_CallFunction_4028.EdGraphPin_9795) from referencer (EdGraphPin /Game/Blueprints/Gameplay/AI_Player.AI_Player:EventGraph.K2Node_IfThenElse_165.EdGraphPin_6353).  Import failed...
[2016.03.15-10.53.15:546][860]LogProperty:Warning: ObjectProperty /Script/Engine.EdGraphPin:LinkedTo.LinkedTo: unresolved reference to 'EdGraphPin'K2Node_CallFunction_4028.EdGraphPin_9795''
[2016.03.15-10.53.15:546][860]LogUObjectHash:Warning: Ambiguous search, could be K2Node_CallFunction /Game/Blueprints/UI/BuildingUI.BuildingUI:SpawnBuilding.K2Node_CallFunction_4626 or K2Node_CallFunction /Game/Blueprints/AI/BTTask_BlueprintBase_New.BTTask_BlueprintBase_New:EventGraph.K2Node_CallFunction_4626
[2016.03.15-10.53.15:546][860]LogUObjectHash:Warning: Ambiguous search, could be K2Node_CallFunction /Game/Blueprints/UI/BuildingUI.BuildingUI:SpawnBuilding.K2Node_CallFunction_4626 or K2Node_CallFunction /Game/Blueprints/Gameplay/AI_Player.AI_Player:EventGraph.K2Node_CallFunction_4626
[2016.03.15-10.53.15:546][860]LogProperty:Warning: Illegal TEXT reference to a private object in external package (EdGraphPin /Game/Blueprints/UI/BuildingUI.BuildingUI:SpawnBuilding.K2Node_CallFunction_4626.EdGraphPin_9808) from referencer (EdGraphPin /Game/Blueprints/Gameplay/AI_Player.AI_Player:EventGraph.K2Node_IfThenElse_165.EdGraphPin_6355).  Import failed...
[2016.03.15-10.53.15:546][860]LogProperty:Warning: ObjectProperty /Script/Engine.EdGraphPin:LinkedTo.LinkedTo: unresolved reference to 'EdGraphPin'K2Node_CallFunction_4626.EdGraphPin_9808''
[2016.03.15-10.53.44:353][924]LogUObjectHash:Warning: Ambiguous search, could be K2Node_CallFunction /Engine/Transient.PROTO_BP_Blueprint_0:UserConstructionScript.K2Node_CallFunction_2821 or K2Node_CallFunction /Game/Blueprints/AI/AI_Controller.AI_Controller:EventGraph.K2Node_CallFunction_2821
[2016.03.15-10.53.44:353][924]LogProperty:Warning: ObjectProperty /Script/Engine.EdGraphPin:LinkedTo.LinkedTo: unresolved reference to 'EdGraphPin'K2Node_CallFunction_2821.EdGraphPin_21438''
[2016.03.15-10.53.49:514][ 22]LogEditorTransaction: Undo Paste clipboard contents
[2016.03.15-10.54.01:131][440]LogProperty:Warning: Illegal TEXT reference to a private object in external package (EdGraphPin /Game/Blueprints/AI/AI_Controller.AI_Controller:EventGraph.K2Node_Event_79.EdGraphPin_21366) from referencer (EdGraphPin /Game/Blueprints/Gameplay/AI_Player.AI_Player:EventGraph.K2Node_CallFunction_2820.EdGraphPin_21420).  Import failed...
[2016.03.15-10.54.01:131][440]LogProperty:Warning: ObjectProperty /Script/Engine.EdGraphPin:LinkedTo.LinkedTo: unresolved reference to 'EdGraphPin'K2Node_Event_79.EdGraphPin_21366''
[2016.03.15-10.54.01:131][440]LogUObjectHash:Warning: Ambiguous search, could be K2Node_CallFunction /Engine/Transient.PROTO_BP_Blueprint_0:UserConstructionScript.K2Node_CallFunction_2821 or K2Node_CallFunction /Game/Blueprints/AI/AI_Controller.AI_Controller:EventGraph.K2Node_CallFunction_2821
[2016.03.15-10.54.01:131][440]LogUObjectHash:Warning: Ambiguous search, could be K2Node_CallFunction /Engine/Transient.PROTO_BP_Blueprint_0:UserConstructionScript.K2Node_CallFunction_2821 or K2Node_CallFunction /Game/Blueprints/AI/AI_Controller.AI_Controller:EventGraph.K2Node_CallFunction_2821
[2016.03.15-10.54.01:131][440]LogUObjectHash:Warning: Ambiguous search, could be K2Node_CallFunction /Engine/Transient.PROTO_BP_Blueprint_0:UserConstructionScript.K2Node_CallFunction_2821 or K2Node_CallFunction /Game/Blueprints/Gameplay/AI_Player.AI_Player:EventGraph.K2Node_CallFunction_2821
[2016.03.15-10.54.01:131][440]LogUObjectHash:Warning: Ambiguous search, could be EdGraphPin /Game/Blueprints/AI/AI_Controller.AI_Controller:EventGraph.K2Node_CallFunction_2821.EdGraphPin_21438 or EdGraphPin /Game/Blueprints/AI/AI_Controller.AI_Controller:EventGraph.K2Node_CallFunction_2821.EdGraphPin_21438
[2016.03.15-10.54.01:131][440]LogProperty:Warning: Illegal TEXT reference to a private object in external package (EdGraphPin /Game/Blueprints/AI/AI_Controller.AI_Controller:EventGraph.K2Node_CallFunction_2821.EdGraphPin_21438) from referencer (EdGraphPin /Game/Blueprints/Gameplay/AI_Player.AI_Player:EventGraph.K2Node_CallFunction_2820.EdGraphPin_21421).  Import failed...
[2016.03.15-10.54.01:131][440]LogProperty:Warning: ObjectProperty /Script/Engine.EdGraphPin:LinkedTo.LinkedTo: unresolved reference to 'EdGraphPin'K2Node_CallFunction_2821.EdGraphPin_21438''
[2016.03.15-10.54.01:132][440]LogUObjectHash:Warning: Ambiguous search, could be K2Node_CallFunction /Engine/Transient.PROTO_BP_Blueprint_0:UserConstructionScript.K2Node_CallFunction_2820 or K2Node_CallFunction /Game/Blueprints/AI/AI_Controller.AI_Controller:EventGraph.K2Node_CallFunction_2820
[2016.03.15-10.54.01:132][440]LogUObjectHash:Warning: Ambiguous search, could be K2Node_CallFunction /Engine/Transient.PROTO_BP_Blueprint_0:UserConstructionScript.K2Node_CallFunction_2820 or K2Node_CallFunction /Game/Blueprints/AI/AI_Controller.AI_Controller:EventGraph.K2Node_CallFunction_2820
[2016.03.15-10.54.01:132][440]LogUObjectHash:Warning: Ambiguous search, could be EdGraphPin /Game/Blueprints/AI/AI_Controller.AI_Controller:EventGraph.K2Node_CallFunction_2820.EdGraphPin_21421 or EdGraphPin /Game/Blueprints/AI/AI_Controller.AI_Controller:EventGraph.K2Node_CallFunction_2820.EdGraphPin_21421
[2016.03.15-10.54.01:132][440]LogProperty:Warning: Illegal TEXT reference to a private object in external package (EdGraphPin /Game/Blueprints/AI/AI_Controller.AI_Controller:EventGraph.K2Node_CallFunction_2820.EdGraphPin_21421) from referencer (EdGraphPin /Game/Blueprints/Gameplay/AI_Player.AI_Player:EventGraph.K2Node_CallFunction_2821.EdGraphPin_21438).  Import failed...
[2016.03.15-10.54.01:132][440]LogProperty:Warning: ObjectProperty /Script/Engine.EdGraphPin:LinkedTo.LinkedTo: unresolved reference to 'EdGraphPin'K2Node_CallFunction_2820.EdGraphPin_21421''
[2016.03.15-10.55.05:722][731]BlueprintLog: New page: Compile AI_Player
[2016.03.15-10.55.05:744][731]LogBlueprint:Error: [compiler AI_Player] Error This blueprint (self) is not a AIController, therefore ' Target ' must have a connection.
[2016.03.15-10.55.05:744][731]LogBlueprint:Error: [compiler AI_Player] Error This blueprint (self) is not a AIController, therefore ' Target ' must have a connection.
[2016.03.15-10.55.05:914][731]LogParticles: Destroying 0 GPU particle simulations for FXSystem 0x00000042860EDF80
[2016.03.15-10.55.05:914][731]LogBlueprint:Warning: [compiler AI_Player] Warning [4626.48] Compile of AI_Player failed. 2 Fatal Issue(s) 0 Warning(s) [in 192 ms]
[2016.03.15-10.55.05:915][731]BlueprintEditorCompileResults:Error: Error This blueprint (self) is not a AIController, therefore ' Target ' must have a connection.
[2016.03.15-10.55.05:915][731]BlueprintEditorCompileResults:Error: Error This blueprint (self) is not a AIController, therefore ' Target ' must have a connection.
[2016.03.15-10.55.05:915][731]BlueprintEditorCompileResults:Warning: Warning [4626.48] Compile of AI_Player failed. 2 Fatal Issue(s) 0 Warning(s) [in 192 ms]
[2016.03.15-11.03.40:885][753]LogHttp:Warning: Timeout processing Http request. 00000042F2B2DB00
[2016.03.15-11.03.47:133][117]LogFileHelpers: Editor autosave (incl. sublevels) for '/Game/Levels/Jordan-Test' took 0.043
[2016.03.15-11.03.47:139][117]OBJ SavePackage: Generating thumbnails for [0] asset(s) in package [/Game/Blueprints/AI/AI_Controller] ([1] browsable assets)...
[2016.03.15-11.03.47:140][117]OBJ SavePackage: Finished generating thumbnails for package [/Game/Blueprints/AI/AI_Controller]
[2016.03.15-11.03.47:245][117]LogSavePackage: Save=18.412212ms
[2016.03.15-11.03.47:245][117]LogSavePackage: Moving '../../../../../../Users/Jordan/Documents/Anthrocratos/Anthrocratos_UE4/Saved/AI_Controller_Auto606C792B74309410AA4D60293699D7F5B.tmp' to '../../../../../../Users/Jordan/Documents/Anthrocratos/Anthrocratos_UE4/Saved/Autosaves/Game/Blueprints/AI/AI_Controller_Auto6.uasset'
[2016.03.15-11.03.47:247][117]LogSavePackage: Total save time: 105.525546ms
[2016.03.15-11.03.47:247][117]LogSavePackage:Display: Finished SavePackage ../../../../../../Users/Jordan/Documents/Anthrocratos/Anthrocratos_UE4/Saved/Autosaves/Game/Blueprints/AI/AI_Controller_Auto6.uasset
[2016.03.15-11.03.47:252][117]OBJ SavePackage: Generating thumbnails for [0] asset(s) in package [/Game/Blueprints/Gameplay/AI_Player] ([1] browsable assets)...
[2016.03.15-11.03.47:252][117]OBJ SavePackage: Finished generating thumbnails for package [/Game/Blueprints/Gameplay/AI_Player]
[2016.03.15-11.03.47:402][117]LogSavePackage: Save=63.123489ms
[2016.03.15-11.03.47:402][117]LogSavePackage: Moving '../../../../../../Users/Jordan/Documents/Anthrocratos/Anthrocratos_UE4/Saved/AI_Player_Auto659F7B5024B915635DF8B38B7782C2150.tmp' to '../../../../../../Users/Jordan/Documents/Anthrocratos/Anthrocratos_UE4/Saved/Autosaves/Game/Blueprints/Gameplay/AI_Player_Auto6.uasset'
[2016.03.15-11.03.47:610][117]LogSavePackage: Total save time: 355.408799ms
[2016.03.15-11.03.47:610][117]LogSavePackage:Display: Finished SavePackage ../../../../../../Users/Jordan/Documents/Anthrocratos/Anthrocratos_UE4/Saved/Autosaves/Game/Blueprints/Gameplay/AI_Player_Auto6.uasset
[2016.03.15-11.03.47:610][117]LogFileHelpers: Auto-saving content packages took 0.476
[2016.03.15-11.04.11:699][666]BlueprintLog: New page: Compile AI_Player
[2016.03.15-11.04.11:722][666]LogBlueprint:Error: [compiler AI_Player] Error This blueprint (self) is not a AIController, therefore ' Target ' must have a connection.
[2016.03.15-11.04.11:722][666]LogBlueprint:Error: [compiler AI_Player] Error This blueprint (self) is not a AIController, therefore ' Target ' must have a connection.
[2016.03.15-11.04.11:889][666]LogBlueprint:Warning: [compiler AI_Player] Warning [5172.47] Compile of AI_Player failed. 2 Fatal Issue(s) 0 Warning(s) [in 189 ms]
[2016.03.15-11.04.11:889][666]BlueprintEditorCompileResults:Error: Error This blueprint (self) is not a AIController, therefore ' Target ' must have a connection.
[2016.03.15-11.04.11:889][666]BlueprintEditorCompileResults:Error: Error This blueprint (self) is not a AIController, therefore ' Target ' must have a connection.
[2016.03.15-11.04.11:889][666]BlueprintEditorCompileResults:Warning: Warning [5172.47] Compile of AI_Player failed. 2 Fatal Issue(s) 0 Warning(s) [in 189 ms]
[2016.03.15-11.13.48:176][601]LogFileHelpers: Editor autosave (incl. sublevels) for '/Game/Levels/Jordan-Test' took 0.049
[2016.03.15-11.13.48:182][601]OBJ SavePackage: Generating thumbnails for [0] asset(s) in package [/Game/Blueprints/AI/AI_Controller] ([1] browsable assets)...
[2016.03.15-11.13.48:182][601]OBJ SavePackage: Finished generating thumbnails for package [/Game/Blueprints/AI/AI_Controller]
[2016.03.15-11.13.48:287][601]LogSavePackage: Save=13.972088ms
[2016.03.15-11.13.48:287][601]LogSavePackage: Moving '../../../../../../Users/Jordan/Documents/Anthrocratos/Anthrocratos_UE4/Saved/AI_Controller_Auto7688C2AB24D34F16BADB7B3978326FB0E.tmp' to '../../../../../../Users/Jordan/Documents/Anthrocratos/Anthrocratos_UE4/Saved/Autosaves/Game/Blueprints/AI/AI_Controller_Auto7.uasset'
[2016.03.15-11.13.48:288][601]LogSavePackage: Total save time: 103.055529ms
[2016.03.15-11.13.48:288][601]LogSavePackage:Display: Finished SavePackage ../../../../../../Users/Jordan/Documents/Anthrocratos/Anthrocratos_UE4/Saved/Autosaves/Game/Blueprints/AI/AI_Controller_Auto7.uasset
[2016.03.15-11.13.48:294][601]OBJ SavePackage: Generating thumbnails for [0] asset(s) in package [/Game/Blueprints/Gameplay/AI_Player] ([1] browsable assets)...
[2016.03.15-11.13.48:294][601]OBJ SavePackage: Finished generating thumbnails for package [/Game/Blueprints/Gameplay/AI_Player]
[2016.03.15-11.13.48:444][601]LogSavePackage: Save=65.337349ms
[2016.03.15-11.13.48:444][601]LogSavePackage: Moving '../../../../../../Users/Jordan/Documents/Anthrocratos/Anthrocratos_UE4/Saved/AI_Player_Auto7DF3D624544A99C438F98BB90F47AED1D.tmp' to '../../../../../../Users/Jordan/Documents/Anthrocratos/Anthrocratos_UE4/Saved/Autosaves/Game/Blueprints/Gameplay/AI_Player_Auto7.uasset'
[2016.03.15-11.13.48:447][601]LogSavePackage: Total save time: 151.517157ms
[2016.03.15-11.13.48:447][601]LogSavePackage:Display: Finished SavePackage ../../../../../../Users/Jordan/Documents/Anthrocratos/Anthrocratos_UE4/Saved/Autosaves/Game/Blueprints/Gameplay/AI_Player_Auto7.uasset
[2016.03.15-11.13.48:447][601]LogFileHelpers: Auto-saving content packages took 0.270
[2016.03.15-11.24.12:836][209]BlueprintLog: New page: Pre-Play auto-recompile
[2016.03.15-11.24.12:839][209]LogPlayLevel: [PlayLevel] Compiling AI_Controller before play...
[2016.03.15-11.24.12:924][209]LogPlayLevel: PlayLevel: Blueprint regeneration took 87 ms (3 blueprints)
[2016.03.15-11.24.12:996][209]LogPlayLevel: [PlayLevel] Compiling AI_Player before play...
[2016.03.15-11.24.13:015][209]LogBlueprint:Error: [compiler AI_Player] Error This blueprint (self) is not a AIController, therefore ' Target ' must have a connection.
[2016.03.15-11.24.13:128][209]LogBlueprint:Warning: [compiler AI_Player] Warning [6373.71] Compile of AI_Player failed. 1 Fatal Issue(s) 0 Warning(s) [in 125 ms]
[2016.03.15-11.24.13:128][209]LogBlueprint:Warning: [compiler AI_Player] Warning [6373.71] Compile of AI_Player failed. 1 Fatal Issue(s) 1 Warning(s) [in 0 ms]
[2016.03.15-11.24.13:128][209]LogBlueprint:Warning: [compiler AI_Player] Warning [6373.71] Compile of AI_Player failed. 1 Fatal Issue(s) 2 Warning(s) [in 0 ms]
[2016.03.15-11.24.13:129][209]LogBlueprint:Warning: [compiler AI_Player] Warning [6373.71] Compile of AI_Player failed. 1 Fatal Issue(s) 3 Warning(s) [in 0 ms]
[2016.03.15-11.24.13:134][209]LogBlueprint:Warning: [compiler AI_Player] Warning [6373.71] Compile of AI_Player failed. 1 Fatal Issue(s) 4 Warning(s) [in 5 ms]
[2016.03.15-11.24.13:134][209]LogBlueprint:Warning: [compiler AI_Player] Warning [6373.71] Compile of AI_Player failed. 1 Fatal Issue(s) 5 Warning(s) [in 0 ms]
[2016.03.15-11.24.13:134][209]LogPlayLevel: PlayLevel: Blueprint regeneration took 298 ms (4 blueprints)
[2016.03.15-11.24.13:136][209]LogPlayLevel: [PlayLevel] Compiling Resource_Set before play...
[2016.03.15-11.24.13:217][209]LogPlayLevel: PlayLevel: Blueprint regeneration took 381 ms (4 blueprints)
[2016.03.15-11.24.13:218][209]LogPlayLevel: [PlayLevel] Compiling BTTask_BlueprintBase_New before play...
[2016.03.15-11.24.13:295][209]LogPlayLevel: PlayLevel: Blueprint regeneration took 459 ms (4 blueprints)
[2016.03.15-11.24.13:339][209]BlueprintLog: Info Blueprint AI_Player failed to compile
[2016.03.15-11.25.02:755][707]BlueprintLog: New page: Compile AI_Controller
[2016.03.15-11.25.02:870][707]BlueprintEditorCompileResults: Info [6423.45] Compile of AI_Controller successful! [in 115 ms]
[2016.03.15-11.25.06:730][913]BlueprintLog: New page: Pre-Play auto-recompile
[2016.03.15-11.25.06:738][913]LogPlayLevel: [PlayLevel] Compiling AI_Player before play...
[2016.03.15-11.25.06:831][913]LogPlayLevel: PlayLevel: Blueprint regeneration took 100 ms (2 blueprints)
[2016.03.15-11.25.06:832][913]LogPlayLevel: [PlayLevel] Compiling BTTask_BlueprintBase_New before play...
[2016.03.15-11.25.06:907][913]LogPlayLevel: PlayLevel: Blueprint regeneration took 177 ms (2 blueprints)
[2016.03.15-11.25.06:947][913]PIE: New page: PIE session: Jordan-Test (15 Mar 2016 11:25:06)
[2016.03.15-11.25.06:947][913]LogPlayLevel: Creating play world package: /Game/Levels/UEDPIE_0_Jordan-Test
[2016.03.15-11.25.06:951][913]LogPlayLevel: PIE: StaticDuplicateObject took: (0.003970s)
[2016.03.15-11.25.06:952][913]LogAIModule: Creating AISystem for world Jordan-Test
[2016.03.15-11.25.06:953][913]LogPlayLevel: PIE: World Init took: (0.001858s)
[2016.03.15-11.25.06:953][913]LogPlayLevel: PIE: Created PIE world by copying editor world from /Game/Levels/Jordan-Test.Jordan-Test to /Game/Levels/UEDPIE_0_Jordan-Test.Jordan-Test (0.006112s)
[2016.03.15-11.25.07:071][913]LogInit: XAudio2 using 'Speakers (Realtek High Definition Audio)' : 2 channels at 48 kHz using 32 bits per sample (channel mask 0x3)
[2016.03.15-11.25.07:080][913]LogInit: FAudioDevice initialized.
[2016.03.15-11.25.07:120][913]LogWorld: Game class is 'Anthrocratos_UE4GameMode'
[2016.03.15-11.25.07:124][913]LogWorld: Bringing World /Game/Levels/UEDPIE_0_Jordan-Test.Jordan-Test up for play (max tick rate 60) at 2016.03.15-11.25.07
[2016.03.15-11.25.07:124][913]LogActor:Warning: GameSession /Game/Levels/UEDPIE_0_Jordan-Test.Jordan-Test:PersistentLevel.GameSession_1 has natively added scene component(s), but none of them were set as the actor's RootComponent - picking one arbitrarily
[2016.03.15-11.25.07:124][913]LogActor:Warning: GameNetworkManager /Game/Levels/UEDPIE_0_Jordan-Test.Jordan-Test:PersistentLevel.GameNetworkManager_3 has natively added scene component(s), but none of them were set as the actor's RootComponent - picking one arbitrarily
[2016.03.15-11.25.07:124][913]LogWorld: Bringing up level for play took: 0.002876
[2016.03.15-11.25.07:286][913]LogBlueprintUserMessages: [GameTileSpawner_222] TilesGenerated
[2016.03.15-11.25.07:315][913]PIE: Info Play in editor start time for /Game/Levels/UEDPIE_0_Jordan-Test -0.144
[2016.03.15-11.25.13:365][257]LogParticles: Destroying 0 GPU particle simulations for FXSystem 0x00000042AC636340
[2016.03.15-11.25.54:667][343]LogSavePackage: Save=56.893291ms
[2016.03.15-11.25.54:667][343]LogSavePackage: Moving '../../../../../../Users/Jordan/Documents/Anthrocratos/Anthrocratos_UE4/Saved/Jordan-Test_Auto82C41DD7245653CA65A3C5F9B075D95F5.tmp' to '../../../../../../Users/Jordan/Documents/Anthrocratos/Anthrocratos_UE4/Saved/Autosaves/Game/Levels/Jordan-Test_Auto8.umap'
[2016.03.15-11.25.54:670][343]LogSavePackage: Total save time: 144.962814ms
[2016.03.15-11.25.54:670][343]LogSavePackage:Display: Finished SavePackage ../../../../../../Users/Jordan/Documents/Anthrocratos/Anthrocratos_UE4/Saved/Autosaves/Game/Levels/Jordan-Test_Auto8.umap
[2016.03.15-11.25.54:684][343]LogFileHelpers: Editor autosave (incl. sublevels) for '/Game/Levels/Jordan-Test' took 0.277
[2016.03.15-11.25.54:684][343]LogFileHelpers: Editor autosave (incl. sublevels) for all levels took 0.277
[2016.03.15-11.25.54:691][343]OBJ SavePackage: Generating thumbnails for [0] asset(s) in package [/Game/Blueprints/AI/AI_Controller] ([1] browsable assets)...
[2016.03.15-11.25.54:691][343]OBJ SavePackage: Finished generating thumbnails for package [/Game/Blueprints/AI/AI_Controller]
[2016.03.15-11.25.54:825][343]LogSavePackage: Save=40.523457ms
[2016.03.15-11.25.54:825][343]LogSavePackage: Moving '../../../../../../Users/Jordan/Documents/Anthrocratos/Anthrocratos_UE4/Saved/AI_Controller_Auto81D28D13A49C4E643E0C86F8067B9D2AD.tmp' to '../../../../../../Users/Jordan/Documents/Anthrocratos/Anthrocratos_UE4/Saved/Autosaves/Game/Blueprints/AI/AI_Controller_Auto8.uasset'
[2016.03.15-11.25.54:826][343]LogSavePackage: Total save time: 133.285407ms
[2016.03.15-11.25.54:826][343]LogSavePackage:Display: Finished SavePackage ../../../../../../Users/Jordan/Documents/Anthrocratos/Anthrocratos_UE4/Saved/Autosaves/Game/Blueprints/AI/AI_Controller_Auto8.uasset
[2016.03.15-11.25.54:832][343]OBJ SavePackage: Generating thumbnails for [0] asset(s) in package [/Game/Blueprints/Gameplay/AI_Player] ([1] browsable assets)...
[2016.03.15-11.25.54:832][343]OBJ SavePackage: Finished generating thumbnails for package [/Game/Blueprints/Gameplay/AI_Player]
[2016.03.15-11.25.54:983][343]LogSavePackage: Save=59.167019ms
[2016.03.15-11.25.54:983][343]LogSavePackage: Moving '../../../../../../Users/Jordan/Documents/Anthrocratos/Anthrocratos_UE4/Saved/AI_Player_Auto85355D23E47CC8A19B0F097B2E041022A.tmp' to '../../../../../../Users/Jordan/Documents/Anthrocratos/Anthrocratos_UE4/Saved/Autosaves/Game/Blueprints/Gameplay/AI_Player_Auto8.uasset'
[2016.03.15-11.25.54:985][343]LogSavePackage: Total save time: 151.831046ms
[2016.03.15-11.25.54:985][343]LogSavePackage:Display: Finished SavePackage ../../../../../../Users/Jordan/Documents/Anthrocratos/Anthrocratos_UE4/Saved/Autosaves/Game/Blueprints/Gameplay/AI_Player_Auto8.uasset
[2016.03.15-11.25.54:985][343]LogFileHelpers: Auto-saving content packages took 0.300
[2016.03.15-11.33.50:878][320]LogPlayLevel: PlayLevel: No blueprints needed recompiling
[2016.03.15-11.33.50:879][320]PIE: New page: PIE session: Jordan-Test (15 Mar 2016 11:33:50)
[2016.03.15-11.33.50:879][320]LogPlayLevel: Creating play world package: /Game/Levels/UEDPIE_0_Jordan-Test
[2016.03.15-11.33.50:884][320]LogPlayLevel: PIE: StaticDuplicateObject took: (0.005113s)
[2016.03.15-11.33.50:886][320]LogAIModule: Creating AISystem for world Jordan-Test
[2016.03.15-11.33.50:886][320]LogPlayLevel: PIE: World Init took: (0.002518s)
[2016.03.15-11.33.50:887][320]LogPlayLevel: PIE: Created PIE world by copying editor world from /Game/Levels/Jordan-Test.Jordan-Test to /Game/Levels/UEDPIE_0_Jordan-Test.Jordan-Test (0.007955s)
[2016.03.15-11.33.50:952][320]LogInit: XAudio2 using 'Speakers (Realtek High Definition Audio)' : 2 channels at 48 kHz using 32 bits per sample (channel mask 0x3)
[2016.03.15-11.33.50:963][320]LogInit: FAudioDevice initialized.
[2016.03.15-11.33.51:014][320]LogWorld: Game class is 'Anthrocratos_UE4GameMode'
[2016.03.15-11.33.51:018][320]LogWorld: Bringing World /Game/Levels/UEDPIE_0_Jordan-Test.Jordan-Test up for play (max tick rate 0) at 2016.03.15-11.33.51
[2016.03.15-11.33.51:018][320]LogActor:Warning: GameSession /Game/Levels/UEDPIE_0_Jordan-Test.Jordan-Test:PersistentLevel.GameSession_2 has natively added scene component(s), but none of them were set as the actor's RootComponent - picking one arbitrarily
[2016.03.15-11.33.51:018][320]LogActor:Warning: GameNetworkManager /Game/Levels/UEDPIE_0_Jordan-Test.Jordan-Test:PersistentLevel.GameNetworkManager_4 has natively added scene component(s), but none of them were set as the actor's RootComponent - picking one arbitrarily
[2016.03.15-11.33.51:018][320]LogWorld: Bringing up level for play took: 0.002990
[2016.03.15-11.33.51:022][320]LogBlueprintUserMessages: [GameTileSpawner_222] TilesGenerated
[2016.03.15-11.33.51:054][320]PIE: Info Play in editor start time for /Game/Levels/UEDPIE_0_Jordan-Test -0.406
[2016.03.15-11.33.54:697][623]LogParticles: Destroying 0 GPU particle simulations for FXSystem 0x00000042B6AC71A0
[2016.03.15-11.33.59:896][ 14]LogPlayLevel: PlayLevel: No blueprints needed recompiling
[2016.03.15-11.33.59:897][ 14]PIE: New page: PIE session: Jordan-Test (15 Mar 2016 11:33:59)
[2016.03.15-11.33.59:897][ 14]LogPlayLevel: Creating play world package: /Game/Levels/UEDPIE_0_Jordan-Test
[2016.03.15-11.33.59:900][ 14]LogPlayLevel: PIE: StaticDuplicateObject took: (0.003446s)
[2016.03.15-11.33.59:901][ 14]LogAIModule: Creating AISystem for world Jordan-Test
[2016.03.15-11.33.59:902][ 14]LogPlayLevel: PIE: World Init took: (0.001421s)
[2016.03.15-11.33.59:902][ 14]LogPlayLevel: PIE: Created PIE world by copying editor world from /Game/Levels/Jordan-Test.Jordan-Test to /Game/Levels/UEDPIE_0_Jordan-Test.Jordan-Test (0.005225s)
[2016.03.15-11.33.59:958][ 14]LogInit: XAudio2 using 'Speakers (Realtek High Definition Audio)' : 2 channels at 48 kHz using 32 bits per sample (channel mask 0x3)
[2016.03.15-11.33.59:969][ 14]LogInit: FAudioDevice initialized.
[2016.03.15-11.34.00:011][ 14]LogWorld: Game class is 'Anthrocratos_UE4GameMode'
[2016.03.15-11.34.00:086][ 14]LogWorld: Bringing World /Game/Levels/UEDPIE_0_Jordan-Test.Jordan-Test up for play (max tick rate 0) at 2016.03.15-11.34.00
[2016.03.15-11.34.00:086][ 14]LogActor:Warning: GameSession /Game/Levels/UEDPIE_0_Jordan-Test.Jordan-Test:PersistentLevel.GameSession_3 has natively added scene component(s), but none of them were set as the actor's RootComponent - picking one arbitrarily
[2016.03.15-11.34.00:086][ 14]LogActor:Warning: GameNetworkManager /Game/Levels/UEDPIE_0_Jordan-Test.Jordan-Test:PersistentLevel.GameNetworkManager_5 has natively added scene component(s), but none of them were set as the actor's RootComponent - picking one arbitrarily
[2016.03.15-11.34.00:086][ 14]LogWorld: Bringing up level for play took: 0.074336
[2016.03.15-11.34.00:092][ 14]LogBlueprintUserMessages: [GameTileSpawner_222] TilesGenerated
[2016.03.15-11.34.00:126][ 14]PIE: Info Play in editor start time for /Game/Levels/UEDPIE_0_Jordan-Test 0.667
[2016.03.15-11.34.05:768][511]LogParticles: Destroying 0 GPU particle simulations for FXSystem 0x000000422436CA40
[2016.03.15-11.34.14:365][156]LogPlayLevel: PlayLevel: No blueprints needed recompiling
[2016.03.15-11.34.14:365][156]PIE: New page: PIE session: Jordan-Test (15 Mar 2016 11:34:14)
[2016.03.15-11.34.14:365][156]LogPlayLevel: Creating play world package: /Game/Levels/UEDPIE_0_Jordan-Test
[2016.03.15-11.34.14:368][156]LogPlayLevel: PIE: StaticDuplicateObject took: (0.002720s)
[2016.03.15-11.34.14:369][156]LogAIModule: Creating AISystem for world Jordan-Test
[2016.03.15-11.34.14:369][156]LogPlayLevel: PIE: World Init took: (0.001389s)
[2016.03.15-11.34.14:369][156]LogPlayLevel: PIE: Created PIE world by copying editor world from /Game/Levels/Jordan-Test.Jordan-Test to /Game/Levels/UEDPIE_0_Jordan-Test.Jordan-Test (0.004444s)
[2016.03.15-11.34.14:412][156]LogInit: XAudio2 using 'Speakers (Realtek High Definition Audio)' : 2 channels at 48 kHz using 32 bits per sample (channel mask 0x3)
[2016.03.15-11.34.14:420][156]LogInit: FAudioDevice initialized.
[2016.03.15-11.34.14:456][156]LogWorld: Game class is 'Anthrocratos_UE4GameMode'
[2016.03.15-11.34.14:460][156]LogWorld: Bringing World /Game/Levels/UEDPIE_0_Jordan-Test.Jordan-Test up for play (max tick rate 0) at 2016.03.15-11.34.14
[2016.03.15-11.34.14:460][156]LogActor:Warning: GameSession /Game/Levels/UEDPIE_0_Jordan-Test.Jordan-Test:PersistentLevel.GameSession_4 has natively added scene component(s), but none of them were set as the actor's RootComponent - picking one arbitrarily
[2016.03.15-11.34.14:460][156]LogActor:Warning: GameNetworkManager /Game/Levels/UEDPIE_0_Jordan-Test.Jordan-Test:PersistentLevel.GameNetworkManager_6 has natively added scene component(s), but none of them were set as the actor's RootComponent - picking one arbitrarily
[2016.03.15-11.34.14:461][156]LogWorld: Bringing up level for play took: 0.002686
[2016.03.15-11.34.14:464][156]LogBlueprintUserMessages: [GameTileSpawner_222] TilesGenerated
[2016.03.15-11.34.14:619][156]LogBlueprintUserMessages: [CityCentre_C_0] Building data doesn't exist
[2016.03.15-11.34.14:689][156]LogBlueprintUserMessages: [GameTileSpawner_222] Out Of Bounds Tile position
[2016.03.15-11.34.14:689][156]LogBlueprintUserMessages: [GameTileSpawner_222] Out Of Bounds Tile position
[2016.03.15-11.34.14:689][156]LogBlueprintUserMessages: [GameTileSpawner_222] Out Of Bounds Tile position
[2016.03.15-11.34.14:700][156]LogBlueprintUserMessages: [GameTileSpawner_222] spawned biome
[2016.03.15-11.34.14:700][156]LogBlueprintUserMessages: [GameTileSpawner_222] Out Of Bounds Tile position
[2016.03.15-11.34.14:702][156]LogBlueprintUserMessages: [GameTileSpawner_222] Out Of Bounds Tile position
[2016.03.15-11.34.14:702][156]LogBlueprintUserMessages: [GameTileSpawner_222] spawned biome
[2016.03.15-11.34.14:704][156]LogBlueprintUserMessages: [GameTileSpawner_222] spawned biome
[2016.03.15-11.34.14:736][156]PIE: Info Play in editor start time for /Game/Levels/UEDPIE_0_Jordan-Test 1.277
[2016.03.15-11.34.27:427][360]LogParticles: Destroying 0 GPU particle simulations for FXSystem 0x000000426071BB00
[2016.03.15-11.34.42:017][359]LogEditorViewport: Clicking Background
[2016.03.15-11.35.01:024][678]LogSlate:Warning: Prevented a slow task dialog from being summoned while a context menu was open
[2016.03.15-11.35.05:163][920]Cmd: UpdateLandscapeSetup
[2016.03.15-11.35.17:368][626]LogPlayLevel: PlayLevel: No blueprints needed recompiling
[2016.03.15-11.35.17:368][626]PIE: New page: PIE session: Jordan-Test (15 Mar 2016 11:35:17)
[2016.03.15-11.35.17:368][626]LogPlayLevel: Creating play world package: /Game/Levels/UEDPIE_0_Jordan-Test
[2016.03.15-11.35.17:370][626]LogPlayLevel: PIE: StaticDuplicateObject took: (0.002634s)
[2016.03.15-11.35.17:371][626]LogAIModule: Creating AISystem for world Jordan-Test
[2016.03.15-11.35.17:372][626]LogPlayLevel: PIE: World Init took: (0.001307s)
[2016.03.15-11.35.17:372][626]LogPlayLevel: PIE: Created PIE world by copying editor world from /Game/Levels/Jordan-Test.Jordan-Test to /Game/Levels/UEDPIE_0_Jordan-Test.Jordan-Test (0.004343s)
[2016.03.15-11.35.17:416][626]LogInit: XAudio2 using 'Speakers (Realtek High Definition Audio)' : 2 channels at 48 kHz using 32 bits per sample (channel mask 0x3)
[2016.03.15-11.35.17:425][626]LogInit: FAudioDevice initialized.
[2016.03.15-11.35.17:469][626]LogWorld: Game class is 'AnthroGameMode_C'
[2016.03.15-11.35.17:473][626]LogWorld: Bringing World /Game/Levels/UEDPIE_0_Jordan-Test.Jordan-Test up for play (max tick rate 0) at 2016.03.15-11.35.17
[2016.03.15-11.35.17:473][626]LogActor:Warning: GameSession /Game/Levels/UEDPIE_0_Jordan-Test.Jordan-Test:PersistentLevel.GameSession_5 has natively added scene component(s), but none of them were set as the actor's RootComponent - picking one arbitrarily
[2016.03.15-11.35.17:473][626]LogActor:Warning: GameNetworkManager /Game/Levels/UEDPIE_0_Jordan-Test.Jordan-Test:PersistentLevel.GameNetworkManager_7 has natively added scene component(s), but none of them were set as the actor's RootComponent - picking one arbitrarily
[2016.03.15-11.35.17:473][626]LogWorld: Bringing up level for play took: 0.002911
[2016.03.15-11.35.17:609][626]LogBlueprintUserMessages: [GameTileSpawner_222] TilesGenerated
[2016.03.15-11.35.17:610][626]LogBlueprintUserMessages: [CityCentre_C_1] Building data doesn't exist
[2016.03.15-11.35.17:610][626]LogBlueprintUserMessages: [GameTileSpawner_222] Out Of Bounds Tile position
[2016.03.15-11.35.17:610][626]LogBlueprintUserMessages: [GameTileSpawner_222] Out Of Bounds Tile position
[2016.03.15-11.35.17:610][626]LogBlueprintUserMessages: [GameTileSpawner_222] Out Of Bounds Tile position
[2016.03.15-11.35.17:611][626]LogBlueprintUserMessages: [GameTileSpawner_222] Out Of Bounds Tile position
[2016.03.15-11.35.17:613][626]LogBlueprintUserMessages: [GameTileSpawner_222] spawned biome
[2016.03.15-11.35.17:617][626]LogBlueprintUserMessages: [GameTileSpawner_222] spawned biome
[2016.03.15-11.35.17:617][626]LogBlueprintUserMessages: [GameTileSpawner_222] Out Of Bounds Tile position
[2016.03.15-11.35.17:617][626]LogBlueprintUserMessages: [GameTileSpawner_222] Out Of Bounds Tile position
[2016.03.15-11.35.17:617][626]LogBlueprintUserMessages: [GameTileSpawner_222] Out Of Bounds Tile position
[2016.03.15-11.35.17:620][626]LogBlueprintUserMessages: [GameTileSpawner_222] spawned biome
[2016.03.15-11.35.17:639][626]PIE: Info Play in editor start time for /Game/Levels/UEDPIE_0_Jordan-Test 0.18
[2016.03.15-11.35.17:765][626]LogScript:Warning: Accessed None 'HexTileRef'
	BuildingUI_C /Engine/Transient.UnrealEdEngine_0:GameInstance_5.BuildingUI_C_37
	Function /Game/Blueprints/UI/BuildingUI.BuildingUI_C:ExecuteUbergraph_BuildingUI:00AA
[2016.03.15-11.35.17:811][627]LogScript:Warning: Accessed None 'HexTileRef'
	BuildingUI_C /Engine/Transient.UnrealEdEngine_0:GameInstance_5.BuildingUI_C_37
	Function /Game/Blueprints/UI/BuildingUI.BuildingUI_C:ExecuteUbergraph_BuildingUI:00AA
[2016.03.15-11.35.17:827][628]LogScript:Warning: Accessed None 'HexTileRef'
	BuildingUI_C /Engine/Transient.UnrealEdEngine_0:GameInstance_5.BuildingUI_C_37
	Function /Game/Blueprints/UI/BuildingUI.BuildingUI_C:ExecuteUbergraph_BuildingUI:00AA
[2016.03.15-11.35.17:840][629]LogScript:Warning: Accessed None 'HexTileRef'
	BuildingUI_C /Engine/Transient.UnrealEdEngine_0:GameInstance_5.BuildingUI_C_37
	Function /Game/Blueprints/UI/BuildingUI.BuildingUI_C:ExecuteUbergraph_BuildingUI:00AA
[2016.03.15-11.35.17:853][630]LogScript:Warning: Accessed None 'HexTileRef'
	BuildingUI_C /Engine/Transient.UnrealEdEngine_0:GameInstance_5.BuildingUI_C_37
	Function /Game/Blueprints/UI/BuildingUI.BuildingUI_C:ExecuteUbergraph_BuildingUI:00AA
[2016.03.15-11.35.17:866][631]LogScript:Warning: Accessed None 'HexTileRef'
	BuildingUI_C /Engine/Transient.UnrealEdEngine_0:GameInstance_5.BuildingUI_C_37
	Function /Game/Blueprints/UI/BuildingUI.BuildingUI_C:ExecuteUbergraph_BuildingUI:00AA
[2016.03.15-11.35.17:904][632]LogScript:Warning: Attempted to get an item from array PlayerStatObjects out of bounds [1/0]!
[2016.03.15-11.35.17:904][632]LogScript:Warning: Accessed None 'CallFunc_Array_Get_Item'
	Resource_Set_C /Game/Levels/UEDPIE_0_Jordan-Test.Jordan-Test:PersistentLevel.AI_Controller_C_0.BTComponent.Resource_Set_C_9
	Function /Game/Blueprints/AI/Resource_Set.Resource_Set_C:ExecuteUbergraph_Resource_Set:0148
[2016.03.15-11.35.17:939][632]PIE:Error: Error Accessed None 'CallFunc_Array_Get_Item' from node Get Stats in graph 'EventGraph' in blueprint Resource_Set
[2016.03.15-11.35.18:031][632]LogScript:Warning: Accessed None 'HexTileRef'
	BuildingUI_C /Engine/Transient.UnrealEdEngine_0:GameInstance_5.BuildingUI_C_37
	Function /Game/Blueprints/UI/BuildingUI.BuildingUI_C:ExecuteUbergraph_BuildingUI:00AA
[2016.03.15-11.35.18:044][633]LogScript:Warning: Accessed None 'HexTileRef'
	BuildingUI_C /Engine/Transient.UnrealEdEngine_0:GameInstance_5.BuildingUI_C_37
	Function /Game/Blueprints/UI/BuildingUI.BuildingUI_C:ExecuteUbergraph_BuildingUI:00AA
[2016.03.15-11.35.18:056][634]LogScript:Warning: Accessed None 'HexTileRef'
	BuildingUI_C /Engine/Transient.UnrealEdEngine_0:GameInstance_5.BuildingUI_C_37
	Function /Game/Blueprints/UI/BuildingUI.BuildingUI_C:ExecuteUbergraph_BuildingUI:00AA
[2016.03.15-11.35.18:069][635]LogScript:Warning: Accessed None 'HexTileRef'
	BuildingUI_C /Engine/Transient.UnrealEdEngine_0:GameInstance_5.BuildingUI_C_37
	Function /Game/Blueprints/UI/BuildingUI.BuildingUI_C:ExecuteUbergraph_BuildingUI:00AA
[2016.03.15-11.35.18:083][636]LogScript:Warning: Accessed None 'HexTileRef'
	BuildingUI_C /Engine/Transient.UnrealEdEngine_0:GameInstance_5.BuildingUI_C_37
	Function /Game/Blueprints/UI/BuildingUI.BuildingUI_C:ExecuteUbergraph_BuildingUI:00AA
[2016.03.15-11.35.18:098][637]LogScript:Warning: Accessed None 'HexTileRef'
	BuildingUI_C /Engine/Transient.UnrealEdEngine_0:GameInstance_5.BuildingUI_C_37
	Function /Game/Blueprints/UI/BuildingUI.BuildingUI_C:ExecuteUbergraph_BuildingUI:00AA
[2016.03.15-11.35.18:112][638]LogScript:Warning: Accessed None 'HexTileRef'
	BuildingUI_C /Engine/Transient.UnrealEdEngine_0:GameInstance_5.BuildingUI_C_37
	Function /Game/Blueprints/UI/BuildingUI.BuildingUI_C:ExecuteUbergraph_BuildingUI:00AA
[2016.03.15-11.35.18:129][639]LogScript:Warning: Accessed None 'HexTileRef'
	BuildingUI_C /Engine/Transient.UnrealEdEngine_0:GameInstance_5.BuildingUI_C_37
	Function /Game/Blueprints/UI/BuildingUI.BuildingUI_C:ExecuteUbergraph_BuildingUI:00AA
[2016.03.15-11.35.18:150][640]LogScript:Warning: Accessed None 'HexTileRef'
	BuildingUI_C /Engine/Transient.UnrealEdEngine_0:GameInstance_5.BuildingUI_C_37
	Function /Game/Blueprints/UI/BuildingUI.BuildingUI_C:ExecuteUbergraph_BuildingUI:00AA
[2016.03.15-11.35.18:163][641]LogScript:Warning: Accessed None 'HexTileRef'
	BuildingUI_C /Engine/Transient.UnrealEdEngine_0:GameInstance_5.BuildingUI_C_37
	Function /Game/Blueprints/UI/BuildingUI.BuildingUI_C:ExecuteUbergraph_BuildingUI:00AA
[2016.03.15-11.35.18:270][642]LogScript:Warning: Accessed None 'HexTileRef'
	BuildingUI_C /Engine/Transient.UnrealEdEngine_0:GameInstance_5.BuildingUI_C_37
	Function /Game/Blueprints/UI/BuildingUI.BuildingUI_C:ExecuteUbergraph_BuildingUI:00AA
[2016.03.15-11.35.18:461][649]LogScript:Warning: Attempted to get an item from array PlayerStatObjects out of bounds [1/0]!
[2016.03.15-11.35.18:461][649]LogScript:Warning: Accessed None 'CallFunc_Array_Get_Item'
	Resource_Set_C /Game/Levels/UEDPIE_0_Jordan-Test.Jordan-Test:PersistentLevel.AI_Controller_C_0.BTComponent.Resource_Set_C_9
	Function /Game/Blueprints/AI/Resource_Set.Resource_Set_C:ExecuteUbergraph_Resource_Set:0148
[2016.03.15-11.35.18:461][649]PIE:Error: Error Accessed None 'CallFunc_Array_Get_Item' from node Get Stats in graph 'EventGraph' in blueprint Resource_Set
[2016.03.15-11.35.18:938][680]LogScript:Warning: Attempted to get an item from array PlayerStatObjects out of bounds [1/0]!
[2016.03.15-11.35.18:938][680]LogScript:Warning: Accessed None 'CallFunc_Array_Get_Item'
	Resource_Set_C /Game/Levels/UEDPIE_0_Jordan-Test.Jordan-Test:PersistentLevel.AI_Controller_C_0.BTComponent.Resource_Set_C_9
	Function /Game/Blueprints/AI/Resource_Set.Resource_Set_C:ExecuteUbergraph_Resource_Set:0148
[2016.03.15-11.35.18:938][680]PIE:Error: Error Accessed None 'CallFunc_Array_Get_Item' from node Get Stats in graph 'EventGraph' in blueprint Resource_Set
[2016.03.15-11.35.19:401][709]LogScript:Warning: Attempted to get an item from array PlayerStatObjects out of bounds [1/0]!
[2016.03.15-11.35.19:401][709]LogScript:Warning: Accessed None 'CallFunc_Array_Get_Item'
	Resource_Set_C /Game/Levels/UEDPIE_0_Jordan-Test.Jordan-Test:PersistentLevel.AI_Controller_C_0.BTComponent.Resource_Set_C_9
	Function /Game/Blueprints/AI/Resource_Set.Resource_Set_C:ExecuteUbergraph_Resource_Set:0148
[2016.03.15-11.35.19:401][709]PIE:Error: Error Accessed None 'CallFunc_Array_Get_Item' from node Get Stats in graph 'EventGraph' in blueprint Resource_Set
[2016.03.15-11.35.19:835][740]LogScript:Warning: Attempted to get an item from array PlayerStatObjects out of bounds [1/0]!
[2016.03.15-11.35.19:835][740]LogScript:Warning: Accessed None 'CallFunc_Array_Get_Item'
	Resource_Set_C /Game/Levels/UEDPIE_0_Jordan-Test.Jordan-Test:PersistentLevel.AI_Controller_C_0.BTComponent.Resource_Set_C_9
	Function /Game/Blueprints/AI/Resource_Set.Resource_Set_C:ExecuteUbergraph_Resource_Set:0148
[2016.03.15-11.35.19:835][740]PIE:Error: Error Accessed None 'CallFunc_Array_Get_Item' from node Get Stats in graph 'EventGraph' in blueprint Resource_Set
[2016.03.15-11.35.20:277][771]LogScript:Warning: Attempted to get an item from array PlayerStatObjects out of bounds [1/0]!
[2016.03.15-11.35.20:277][771]LogScript:Warning: Accessed None 'CallFunc_Array_Get_Item'
	Resource_Set_C /Game/Levels/UEDPIE_0_Jordan-Test.Jordan-Test:PersistentLevel.AI_Controller_C_0.BTComponent.Resource_Set_C_9
	Function /Game/Blueprints/AI/Resource_Set.Resource_Set_C:ExecuteUbergraph_Resource_Set:0148
[2016.03.15-11.35.20:277][771]PIE:Error: Error Accessed None 'CallFunc_Array_Get_Item' from node Get Stats in graph 'EventGraph' in blueprint Resource_Set
[2016.03.15-11.35.20:751][801]LogScript:Warning: Attempted to get an item from array PlayerStatObjects out of bounds [1/0]!
[2016.03.15-11.35.20:751][801]LogScript:Warning: Accessed None 'CallFunc_Array_Get_Item'
	Resource_Set_C /Game/Levels/UEDPIE_0_Jordan-Test.Jordan-Test:PersistentLevel.AI_Controller_C_0.BTComponent.Resource_Set_C_9
	Function /Game/Blueprints/AI/Resource_Set.Resource_Set_C:ExecuteUbergraph_Resource_Set:0148
[2016.03.15-11.35.20:751][801]PIE:Error: Error Accessed None 'CallFunc_Array_Get_Item' from node