[2016.02.28-16.53.03:987][  0]Log file open, 02/28/16 16:53:03
[2016.02.28-16.53.03:987][  0]LogInit:Display: Running engine for game: Anthrocratos_UE4
[2016.02.28-16.53.03:987][  0]LogPlatformFile: Not using cached read wrapper
[2016.02.28-16.53.03:987][  0]LogInit:Display: RandInit(503054489) SRandInit(503054490).
[2016.02.28-16.53.03:987][  0]LogTaskGraph: Started task graph with 4 named threads and 7 total threads.
[2016.02.28-16.53.03:987][  0]LogStats: Stats thread started at 0.098419
[2016.02.28-16.53.03:987][  0]LogInit: Version: 4.10.3-2866931+++depot+UE4-Releases+4.10
[2016.02.28-16.53.03:987][  0]LogInit: API Version: 2758231
[2016.02.28-16.53.03:987][  0]LogInit: Compiled (64-bit): Feb 15 2016 08:20:45
[2016.02.28-16.53.03:987][  0]LogInit: Compiled with Visual C++: 19.00.23026.00
[2016.02.28-16.53.03:987][  0]LogInit: Build Configuration: Development
[2016.02.28-16.53.03:987][  0]LogInit: Branch Name: ++depot+UE4-Releases+4.10
[2016.02.28-16.53.03:987][  0]LogInit: Command line:  
[2016.02.28-16.53.03:987][  0]LogInit: Base directory: C:/Program Files (x86)/Epic Games/4.10/Engine/Binaries/Win64/
[2016.02.28-16.53.03:987][  0]LogInit: Rocket: 1
[2016.02.28-16.53.04:006][  0]LogInit: Using libcurl 7.41.0
[2016.02.28-16.53.04:006][  0]LogInit:  - built for x86_64-pc-win32
[2016.02.28-16.53.04:006][  0]LogInit:  - supports SSL with WinSSL
[2016.02.28-16.53.04:006][  0]LogInit:  - other features:
[2016.02.28-16.53.04:006][  0]LogInit:      CURL_VERSION_SSL
[2016.02.28-16.53.04:006][  0]LogInit:      CURL_VERSION_IPV6
[2016.02.28-16.53.04:006][  0]LogInit:      CURL_VERSION_ASYNCHDNS
[2016.02.28-16.53.04:006][  0]LogInit:      CURL_VERSION_LARGEFILE
[2016.02.28-16.53.04:006][  0]LogInit:      CURL_VERSION_IDN
[2016.02.28-16.53.04:006][  0]LogInit:  CurlRequestOptions (configurable via config and command line):
[2016.02.28-16.53.04:006][  0]LogInit:  - bVerifyPeer = true  - Libcurl will verify peer certificate
[2016.02.28-16.53.04:006][  0]LogInit:  - bUseHttpProxy = false  - Libcurl will NOT use HTTP proxy
[2016.02.28-16.53.04:006][  0]LogInit:  - bDontReuseConnections = false  - Libcurl will reuse connections
[2016.02.28-16.53.04:006][  0]LogInit:  - CertBundlePath = nullptr  - Libcurl will use whatever was configured at build time.
[2016.02.28-16.53.04:052][  0]LogInit: Presizing for 0 objects not considered by GC, pre-allocating 0 bytes.
[2016.02.28-16.53.04:058][  0]LogInit: Object subsystem initialized
[2016.02.28-16.53.04:059][  0]LogInit: Selected Device Profile: [Windows]
[2016.02.28-16.53.04:059][  0]LogInit: Applying CVar settings loaded from the selected device profile: [Windows]
[2016.02.28-16.53.04:076][  0]LogInit: Computer: DESKTOP-V9NOFHJ
[2016.02.28-16.53.04:076][  0]LogInit: User: kags1
[2016.02.28-16.53.04:076][  0]LogInit: CPU Page size=4096, Cores=4
[2016.02.28-16.53.04:076][  0]LogInit: High frequency timer resolution =3.421876 MHz
[2016.02.28-16.53.04:076][  0]LogMemory: Memory total: Physical=15.9GB (16GB approx)
[2016.02.28-16.53.04:076][  0]LogMemory: Platform Memory Stats for Windows
[2016.02.28-16.53.04:076][  0]LogMemory: Process Physical Memory: 56.21 MB used, 56.21 MB peak
[2016.02.28-16.53.04:076][  0]LogMemory: Process Virtual Memory: 56.75 MB used, 56.75 MB peak
[2016.02.28-16.53.04:076][  0]LogMemory: Physical Memory: 3554.13 MB used, 16311.54 MB total
[2016.02.28-16.53.04:076][  0]LogMemory: Virtual Memory: 382.48 MB used, 134217728.00 MB total
[2016.02.28-16.53.04:235][  0]LogTextLocalizationManager: No specific translations for ('en-GB') exist, so ('en') translations will be used.
[2016.02.28-16.53.04:634][  0]LogD3D11RHI: Found D3D11 adapter 0: NVIDIA GeForce GTX 970 (Feature Level 11_0)
[2016.02.28-16.53.04:635][  0]LogD3D11RHI: Adapter has 4007MB of dedicated video memory, 0MB of dedicated system memory, and 8155MB of shared system memory, 1 output[s]
[2016.02.28-16.53.04:635][  0]LogD3D11RHI: Found D3D11 adapter 1: Microsoft Basic Render Driver (Feature Level 11_0)
[2016.02.28-16.53.04:635][  0]LogD3D11RHI: Adapter has 0MB of dedicated video memory, 0MB of dedicated system memory, and 8155MB of shared system memory, 0 output[s]
[2016.02.28-16.53.04:636][  0]LogD3D11RHI: Chosen D3D11 Adapter Id = 0
[2016.02.28-16.53.04:639][  0]LogD3D11RHI: !Direct3DDevice
[2016.02.28-16.53.04:639][  0]LogRHI: Texture pool is 1361 MB (70% of 1945 MB)
[2016.02.28-16.53.04:649][  0]LogD3D11RHI: Async texture creation enabled
[2016.02.28-16.53.04:670][  0]LogShaderCompilers: Guid format shader working directory is -15 characters bigger than the processId version (D:/GamesDevelopment/IP3 project/Anthrocratos/Anthrocratos_UE4/Intermediate/Shaders/WorkingDirectory/4540/).
[2016.02.28-16.53.04:670][  0]LogShaderCompilers: Cleaned the shader compiler working directory 'C:/Users/kags1/AppData/Local/Temp/UnrealShaderWorkingDir/9F033904414239EB66A9ACA91F0F8106/'.
[2016.02.28-16.53.04:670][  0]LogShaderCompilers:Display: Using Local Shader Compiler.
[2016.02.28-16.53.06:256][  0]LogTemp:Display: Loaded TP AllDesktopTargetPlatform
[2016.02.28-16.53.06:260][  0]LogTemp:Display: Loaded TP WindowsClientTargetPlatform
[2016.02.28-16.53.06:264][  0]LogTemp:Display: Loaded TP WindowsNoEditorTargetPlatform
[2016.02.28-16.53.06:268][  0]LogTemp:Display: Loaded TP WindowsServerTargetPlatform
[2016.02.28-16.53.06:271][  0]LogTemp:Display: Loaded TP WindowsTargetPlatform
[2016.02.28-16.53.06:275][  0]LogTemp:Display: Loaded TP AndroidTargetPlatform
[2016.02.28-16.53.06:278][  0]LogTemp:Display: Loaded TP Android_ASTCTargetPlatform
[2016.02.28-16.53.06:280][  0]LogTemp:Display: Loaded TP Android_ATCTargetPlatform
[2016.02.28-16.53.06:282][  0]LogTemp:Display: Loaded TP Android_DXTTargetPlatform
[2016.02.28-16.53.06:283][  0]LogTemp:Display: Loaded TP Android_ETC1TargetPlatform
[2016.02.28-16.53.06:285][  0]LogTemp:Display: Loaded TP Android_ETC2TargetPlatform
[2016.02.28-16.53.06:290][  0]LogTemp:Display: Loaded TP Android_MultiTargetPlatform
[2016.02.28-16.53.06:290][  0]LogTemp:Display: Loaded TP Android_PVRTCTargetPlatform
[2016.02.28-16.53.06:290][  0]LogTemp:Display: Loaded TP HTML5TargetPlatform
[2016.02.28-16.53.06:323][  0]LogTemp:Display: Loaded TP IOSTargetPlatform
[2016.02.28-16.53.06:326][  0]LogTemp:Display: Loaded TP LinuxNoEditorTargetPlatform
[2016.02.28-16.53.06:328][  0]LogTemp:Display: Loaded TP LinuxServerTargetPlatform
[2016.02.28-16.53.06:333][  0]LogTemp:Display: Loaded TP LinuxTargetPlatform
[2016.02.28-16.53.06:333][  0]LogTargetPlatformManager:Display: Building Assets For Windows
[2016.02.28-16.53.06:553][  0]LogDerivedDataCache:Display: Max Cache Size: 512 MB
[2016.02.28-16.53.06:761][  0]LogDerivedDataCache: Loaded boot cache 0.21s 41MB C:/Users/kags1/AppData/Local/UnrealEngine/4.10/DerivedDataCache/Boot.ddc.
[2016.02.28-16.53.06:761][  0]LogDerivedDataCache:Display: Loaded Boot cache: C:/Users/kags1/AppData/Local/UnrealEngine/4.10/DerivedDataCache/Boot.ddc
[2016.02.28-16.53.06:761][  0]LogDerivedDataCache: FDerivedDataBackendGraph:  Pak pak cache file D:/GamesDevelopment/IP3 project/Anthrocratos/Anthrocratos_UE4/DerivedDataCache/DDC.ddp not found, will not use a pak cache.
[2016.02.28-16.53.06:761][  0]LogDerivedDataCache: Unable to find inner node Pak for hierarchical cache Hierarchy.
[2016.02.28-16.53.06:762][  0]LogDerivedDataCache: FDerivedDataBackendGraph:  CompressedPak pak cache file D:/GamesDevelopment/IP3 project/Anthrocratos/Anthrocratos_UE4/DerivedDataCache/Compressed.ddp not found, will not use a pak cache.
[2016.02.28-16.53.06:762][  0]LogDerivedDataCache: Unable to find inner node CompressedPak for hierarchical cache Hierarchy.
[2016.02.28-16.53.06:824][  0]LogDerivedDataCache:Display: Pak cache opened for reading ../../../Engine/DerivedDataCache/Compressed.ddp.
[2016.02.28-16.53.06:837][  0]LogDerivedDataCache: Using Local data cache path C:/Users/kags1/AppData/Local/UnrealEngine/Common/DerivedDataCache: Writable
[2016.02.28-16.53.09:357][  0]LogInit: Selected Device Profile: [Windows]
[2016.02.28-16.53.09:370][  0]LogContentStreaming: Texture pool size is 0.000000MB
[2016.02.28-16.53.09:639][  0]LogMeshUtilities: No automatic mesh reduction module available
[2016.02.28-16.53.09:639][  0]LogMeshUtilities: No automatic mesh merging module available
[2016.02.28-16.53.10:239][  0]LogInit: WinSock: version 1.1 (2.2), MaxSocks=32767, MaxUdp=65467
[2016.02.28-16.53.12:336][  0]UdpMessaging: Initializing bridge on interface 0.0.0.0:0 to multicast group 230.0.0.1:6666.
[2016.02.28-16.53.12:493][  0]LogAssetRegistry: FAssetRegistry took 0.0133 seconds to start up
[2016.02.28-16.53.12:762][  0]SourceControl: Info Source control is disabled
[2016.02.28-16.53.12:762][  0]SourceControl: Info Source control is disabled
[2016.02.28-16.53.12:773][  0]SourceControl: Info Source control is disabled
[2016.02.28-16.53.12:781][  0]SourceControl: Info Source control is disabled
[2016.02.28-16.53.13:030][  0]LogObj: 28645 objects as part of root set at end of initial load.
[2016.02.28-16.53.13:030][  0]LogUObjectAllocator: 6105088 out of 0 bytes used by permanent object pool.
[2016.02.28-16.53.13:144][  0]LogEngine: Initializing Engine...
[2016.02.28-16.53.13:148][  0]LogHMD: Can't find Oculus library dev build: is proper Runtime installed? Version: 0.8.0.0
[2016.02.28-16.53.13:156][  0]LogHMD: SteamVR failed to initialize.  Err: 110
[2016.02.28-16.53.13:366][  0]LogAIModule: Creating AISystem for world NewWorld
[2016.02.28-16.53.13:387][  0]LogInit: XAudio2 using 'Speakers (Realtek High Definition Audio)' : 2 channels at 48 kHz using 32 bits per sample (channel mask 0x3)
[2016.02.28-16.53.13:400][  0]LogInit: FAudioDevice initialized.
[2016.02.28-16.53.13:416][  0]LogDerivedDataCache: Saved boot cache 0.02s 41MB C:/Users/kags1/AppData/Local/UnrealEngine/4.10/DerivedDataCache/Boot.ddc.
[2016.02.28-16.53.13:419][  0]LogInit: Texture streaming: Enabled
[2016.02.28-16.53.13:425][  0]LogAnalytics: Creating configured Analytics provider AnalyticsET
[2016.02.28-16.53.13:426][  0]LogAnalytics: [UEEditor.Rocket.Release] APIServer = http://et2.epicgames.com/ET2/. AppVersion = 4.10.3-2866931+++depot+UE4-Releases+4.10
[2016.02.28-16.53.13:426][  0]LogAnalytics: [UEEditor.Rocket.Release] SetUserId 53a42f9a47758014628f45b58968528c|ab08d7ce0f414bdba0971ea2fb4514a5|aa93573c-bf9c-4133-82d2-67a621a96ae2
[2016.02.28-16.53.13:426][  0]LogAnalytics: [UEEditor.Rocket.Release] AnalyticsET::StartSession
[2016.02.28-16.53.13:458][  0]LogInit: Transaction tracking system initialized
[2016.02.28-16.53.13:502][  0]BlueprintLog: New page: Editor Load
[2016.02.28-16.53.13:662][  0]LocalizationService: Info Localization service is disabled
[2016.02.28-16.53.13:781][  0]LogConsoleResponse:Display: 
[2016.02.28-16.53.14:064][  0]LogCook:Display: Done creating registry. It took  0.00s.
[2016.02.28-16.53.14:137][  0]LogFileCache: Scanning file cache for directory 'D:/GamesDevelopment/IP3 project/Anthrocratos/Anthrocratos_UE4/Content/' took 0.03s
[2016.02.28-16.53.14:137][  0]SourceControl: Info Source control is disabled
[2016.02.28-16.53.14:140][  0]Cmd: MAP LOAD FILE="D:/GamesDevelopment/IP3 project/Anthrocratos/Anthrocratos_UE4/Content/Levels/Kieran-Test.umap" TEMPLATE=0 SHOWPROGRESS=1 FEATURELEVEL=3
[2016.02.28-16.53.14:165][  0]LightingResults: New page: Lighting Build
[2016.02.28-16.53.14:173][  0]MapCheck: New page: Map Check
[2016.02.28-16.53.14:173][  0]LightingResults: New page: Lighting Build
[2016.02.28-16.53.14:190][  0]LogParticles: Destroying 0 GPU particle simulations for FXSystem 0x0000017AF2A02AC0
[2016.02.28-16.53.14:704][  0]LogLinker:Warning: CreateExport: Failed to load Parent for Function /Game/Blueprints/Tiles/Biomes/FieldTile.FieldTile_C:UserConstructionScript; removing parent information, but keeping function
[2016.02.28-16.53.14:776][  0]LogLinker:Warning: CreateExport: Failed to load Parent for Function /Game/Blueprints/Tiles/Biomes/ForestTile.ForestTile_C:UserConstructionScript; removing parent information, but keeping function
[2016.02.28-16.53.14:868][  0]LogLinker:Warning: CreateExport: Failed to load Parent for Function /Game/Blueprints/Tiles/Biomes/MountainTile.MountainTile_C:UserConstructionScript; removing parent information, but keeping function
[2016.02.28-16.53.15:064][  0]LogLinker:Warning: CreateExport: Failed to load Parent for Function /Game/Blueprints/Tiles/Buildings/CityCentre.CityCentre_C:UserConstructionScript; removing parent information, but keeping function
[2016.02.28-16.53.15:413][  0]LogAIModule: Creating AISystem for world Kieran-Test
[2016.02.28-16.53.15:430][  0]LogEditorServer: Finished looking for orphan Actors (0.000 secs)
[2016.02.28-16.53.15:431][  0]Cmd: MAP CHECKDEP NOCLEARLOG
[2016.02.28-16.53.15:469][  0]MapCheck: Info Map check complete: 0 Error(s), 0 Warning(s), took 37.389ms to complete.
[2016.02.28-16.53.15:469][  0]LogFileHelpers: Loading map 'Kieran-Test' took 1.330
[2016.02.28-16.53.15:617][  0]LogCollectionManager: Loaded 0 collections in 0.001118 seconds
[2016.02.28-16.53.15:670][  0]LogFileCache: Scanning file cache for directory 'D:/GamesDevelopment/IP3 project/Anthrocratos/Anthrocratos_UE4/Saved/Collections/' took 0.01s
[2016.02.28-16.53.15:670][  0]LogFileCache: Scanning file cache for directory 'D:/GamesDevelopment/IP3 project/Anthrocratos/Anthrocratos_UE4/Content/Developers/kags1/Collections/' took 0.01s
[2016.02.28-16.53.15:670][  0]LogFileCache: Scanning file cache for directory 'D:/GamesDevelopment/IP3 project/Anthrocratos/Anthrocratos_UE4/Content/Collections/' took 0.01s
[2016.02.28-16.53.15:670][  0]LogCollectionManager: Rebuilt the GUID cache for 0 collections in 0.000004 seconds
[2016.02.28-16.53.15:679][  0]LogContentBrowser: Native class hierarchy populated in 0.0086 seconds. Added 1896 classes and 340 folders.
[2016.02.28-16.53.15:688][  0]LogContentBrowser: Native class hierarchy updated for 'WidgetCarousel' in 0.0007 seconds. Added 0 classes and 0 folders.
[2016.02.28-16.53.15:928][  0]LogContentBrowser: Native class hierarchy updated for 'AddContentDialog' in 0.0010 seconds. Added 0 classes and 0 folders.
[2016.02.28-16.53.15:944][  0]LogContentBrowser: Native class hierarchy updated for 'SceneOutliner' in 0.0010 seconds. Added 1 classes and 2 folders.
[2016.02.28-16.53.16:075][  0]LogCrashTracker: Crashtracker disabled due to settings.
[2016.02.28-16.53.16:088][  0]LogUObjectGlobals:Warning: Failed to find object 'Class None.'
[2016.02.28-16.53.16:112][  0]LogLoad: Full Startup: 13.70 seconds (BP compile: 0.23 seconds)
[2016.02.28-16.53.16:455][  0]LogOcInput: Can't find Oculus library dev build: is proper Runtime installed? Version: 0.8.0.0
[2016.02.28-16.53.16:620][  0]LogContentStreaming: Texture pool size now 1000 MB
[2016.02.28-16.53.16:812][  1]LogRenderer: Reallocating scene render targets to support 1120x544 (Frame:2).
[2016.02.28-16.53.16:820][  1]LogFileCache: Retrieving MD5 hashes for directory 'D:/GamesDevelopment/IP3 project/Anthrocratos/Anthrocratos_UE4/Content/' took 0.35s
[2016.02.28-16.53.18:167][  5]LogAssetRegistry: Asset discovery search completed in 5.6855 seconds
[2016.02.28-16.53.18:168][  5]LogCollectionManager: Rebuilt the object cache for 0 collections in 0.000001 seconds (found 0 objects)
[2016.02.28-16.53.18:168][  5]LogCollectionManager: Fixed up redirectors for 0 collections in 0.000459 seconds (updated 0 objects)
[2016.02.28-21.23.30:400][521]LogLinker:Warning: Asset '../../../Engine/Content/ArtTools/RenderToTexture/Macros/RenderToTextureMacros.uasset' has been saved with empty engine version. The asset will be loaded but may be incompatible.
[2016.02.28-21.23.30:752][521]LogContentBrowser: Native class hierarchy updated for 'BlueprintGraph' in 0.0010 seconds. Added 107 classes and 0 folders.
[2016.02.28-21.23.31:062][521]LogActor:Warning: GameNetworkManager /Engine/Transient.World_3:PersistentLevel.GameNetworkManager_0 has natively added scene component(s), but none of them were set as the actor's RootComponent - picking one arbitrarily
[2016.02.28-21.24.02:948][451]LogFileHelpers: Editor autosave (incl. sublevels) for '/Game/Levels/Kieran-Test' took 0.043
[2016.02.28-21.24.02:952][451]OBJ SavePackage: Generating thumbnails for [0] asset(s) in package [/Game/Blueprints/Gamemodes/AnthroGameMode] ([1] browsable assets)...
[2016.02.28-21.24.02:952][451]OBJ SavePackage: Finished generating thumbnails for package [/Game/Blueprints/Gamemodes/AnthroGameMode]
[2016.02.28-21.24.03:004][451]LogSavePackage: Save=25.578367ms
[2016.02.28-21.24.03:004][451]LogSavePackage: Moving 'D:/GamesDevelopment/IP3 project/Anthrocratos/Anthrocratos_UE4/Saved/AnthroGameMode_Auto171E73F8C41BFDB5A6364A383FFFFE31D.tmp' to 'D:/GamesDevelopment/IP3 project/Anthrocratos/Anthrocratos_UE4/Saved/Autosaves/Game/Blueprints/Gamemodes/AnthroGameMode_Auto1.uasset'
[2016.02.28-21.24.03:005][451]LogSavePackage: Total save time: 51.193263ms
[2016.02.28-21.24.03:005][451]LogSavePackage:Display: Finished SavePackage D:/GamesDevelopment/IP3 project/Anthrocratos/Anthrocratos_UE4/Saved/Autosaves/Game/Blueprints/Gamemodes/AnthroGameMode_Auto1.uasset
[2016.02.28-21.24.03:005][451]LogFileHelpers: Auto-saving content packages took 0.056
[2016.02.28-21.24.54:133][ 17]Cmd: OBJ SAVEPACKAGE PACKAGE="/Game/Blueprints/Gamemodes/AnthroGameMode" FILE="D:/GamesDevelopment/IP3 project/Anthrocratos/Anthrocratos_UE4/Content/Blueprints/Gamemodes/AnthroGameMode.uasset" SILENT=true
[2016.02.28-21.24.54:174][ 17]LogSavePackage: Save=23.052853ms
[2016.02.28-21.24.54:174][ 17]LogSavePackage: Moving 'D:/GamesDevelopment/IP3 project/Anthrocratos/Anthrocratos_UE4/Saved/AnthroGameMode35352EA8456375FB7BB4FEA9E927C54F.tmp' to 'D:/GamesDevelopment/IP3 project/Anthrocratos/Anthrocratos_UE4/Content/Blueprints/Gamemodes/AnthroGameMode.uasset'
[2016.02.28-21.24.54:177][ 17]LogSavePackage: Total save time: 43.455694ms
[2016.02.28-21.24.54:178][ 17]LogSavePackage:Display: Finished SavePackage D:/GamesDevelopment/IP3 project/Anthrocratos/Anthrocratos_UE4/Content/Blueprints/Gamemodes/AnthroGameMode.uasset
[2016.02.28-21.31.56:706][530]LogEditorTransaction: Undo Move Node
[2016.02.28-21.31.57:105][563]LogEditorTransaction: Undo Move Node
[2016.02.28-21.31.57:576][611]LogEditorTransaction: Undo Add Node
[2016.02.28-21.32.20:282][301]LogActorComponent: UnregisterComponent: (/Engine/Transient.EditorFloorComp) Not registered. Aborting.
[2016.02.28-21.32.20:908][364]LogParticles: Destroying 0 GPU particle simulations for FXSystem 0x0000017ACC7A2E80
[2016.02.28-21.32.20:908][364]LogParticles: Destroying 0 GPU particle simulations for FXSystem 0x0000017ACC7A32E0
[2016.02.28-21.32.20:909][364]LogParticles: Destroying 0 GPU particle simulations for FXSystem 0x0000017AC0390860
[2016.02.28-21.32.20:909][364]LogParticles: Destroying 0 GPU particle simulations for FXSystem 0x0000017AE5051BC0
[2016.02.28-21.32.20:910][364]LogParticles: Destroying 0 GPU particle simulations for FXSystem 0x0000017AE5051440
[2016.02.28-21.32.20:910][364]LogParticles: Destroying 0 GPU particle simulations for FXSystem 0x0000017A8457B740
[2016.02.28-21.32.28:781][364]Cmd: OBJ SAVEPACKAGE PACKAGE="/Game/Blueprints/Tiles/Buildings/Building" FILE="D:/GamesDevelopment/IP3 project/Anthrocratos/Anthrocratos_UE4/Content/Blueprints/Tiles/Buildings/Building.uasset" SILENT=true
[2016.02.28-21.32.28:850][364]LogSavePackage: Save=48.256279ms
[2016.02.28-21.32.28:850][364]LogSavePackage: Moving 'D:/GamesDevelopment/IP3 project/Anthrocratos/Anthrocratos_UE4/Saved/BuildingB5C40B2D4216483B262574B5087D9B8F.tmp' to 'D:/GamesDevelopment/IP3 project/Anthrocratos/Anthrocratos_UE4/Content/Blueprints/Tiles/Buildings/Building.uasset'
[2016.02.28-21.32.28:852][364]LogSavePackage: Total save time: 69.900546ms
[2016.02.28-21.32.28:852][364]LogSavePackage:Display: Finished SavePackage D:/GamesDevelopment/IP3 project/Anthrocratos/Anthrocratos_UE4/Content/Blueprints/Tiles/Buildings/Building.uasset
[2016.02.28-21.32.28:923][364]LogWindowsTextInputMethodSystem:Display: IME system now deactivated.
[2016.02.28-21.32.29:101][365]Cmd: QUIT_EDITOR
[2016.02.28-21.32.29:208][365]LogExit: Preparing to exit.
[2016.02.28-21.32.29:714][365]LogExit: Editor shut down
[2016.02.28-21.32.29:714][365]LogExit: Transaction tracking system shut down
[2016.02.28-21.32.29:721][365]LogParticles: Destroying 0 GPU particle simulations for FXSystem 0x0000017AE5456FC0
[2016.02.28-21.32.29:721][365]LogParticles: Destroying 0 GPU particle simulations for FXSystem 0x0000017AFDEB5DA0
[2016.02.28-21.32.29:722][365]LogParticles: Destroying 0 GPU particle simulations for FXSystem 0x0000017AFE2D2A20
[2016.02.28-21.32.29:722][365]LogParticles: Destroying 0 GPU particle simulations for FXSystem 0x0000017A8457BC40
[2016.02.28-21.32.29:872][365]LogExit: Object subsystem successfully closed.
[2016.02.28-21.32.29:897][365]LogD3D11RHI: Shutdown
[2016.02.28-21.32.29:897][365]LogD3D11RHI: CleanupD3DDevice
[2016.02.28-21.32.29:942][365]LogD3D11RHI: ~FD3D11DynamicRHI
[2016.02.28-21.32.29:960][365]LogModuleManager: Shutting down and abandoning module SequencerWidgets (202)
[2016.02.28-21.32.29:960][365]LogModuleManager: Shutting down and abandoning module CookingStats (201)
[2016.02.28-21.32.29:960][365]LogModuleManager: Shutting down and abandoning module BlueprintGraph (200)
[2016.02.28-21.32.29:960][365]LogModuleManager: Shutting down and abandoning module CrashTracker (199)
[2016.02.28-21.32.29:960][365]LogModuleManager: Shutting down and abandoning module SceneOutliner (198)
[2016.02.28-21.32.29:960][365]LogModuleManager: Shutting down and abandoning module SuperSearch (197)
[2016.02.28-21.32.29:960][365]LogModuleManager: Shutting down and abandoning module WidgetCarousel (196)
[2016.02.28-21.32.29:960][365]LogModuleManager: Shutting down and abandoning module AddContentDialog (195)
[2016.02.28-21.32.29:962][365]LogModuleManager: Shutting down and abandoning module EditorWidgets (194)
[2016.02.28-21.32.29:962][365]LogModuleManager: Shutting down and abandoning module CollectionManager (193)
[2016.02.28-21.32.29:962][365]LogModuleManager: Shutting down and abandoning module StatsViewer (192)
[2016.02.28-21.32.29:962][365]LogModuleManager: Shutting down and abandoning module FoliageEdit (191)
[2016.02.28-21.32.29:962][365]LogModuleManager: Shutting down and abandoning module LandscapeEditor (190)
[2016.02.28-21.32.29:963][365]LogModuleManager: Shutting down and abandoning module ActorPickerMode (189)
[2016.02.28-21.32.29:963][365]LogModuleManager: Shutting down and abandoning module GeometryMode (188)
[2016.02.28-21.32.29:963][365]LogModuleManager: Shutting down and abandoning module TextureAlignMode (187)
[2016.02.28-21.32.29:963][365]LogModuleManager: Shutting down and abandoning module BspMode (186)
[2016.02.28-21.32.29:963][365]LogModuleManager: Shutting down and abandoning module PlacementMode (185)
[2016.02.28-21.32.29:963][365]LogModuleManager: Shutting down and abandoning module AutomationWorker (184)
[2016.02.28-21.32.29:963][365]LogModuleManager: Shutting down and abandoning module CharacterAI (183)
[2016.02.28-21.32.29:963][365]LogModuleManager: Shutting down and abandoning module SmartSnapping (182)
[2016.02.28-21.32.29:963][365]LogModuleManager: Shutting down and abandoning module ViewportSnapping (181)
[2016.02.28-21.32.29:963][365]LogModuleManager: Shutting down and abandoning module LogVisualizer (180)
[2016.02.28-21.32.29:963][365]LogModuleManager: Shutting down and abandoning module GameProjectGeneration (179)
[2016.02.28-21.32.29:964][365]LogModuleManager: Shutting down and abandoning module IntroTutorials (178)
[2016.02.28-21.32.29:964][365]LogModuleManager: Shutting down and abandoning module EditorLiveStreaming (177)
[2016.02.28-21.32.29:964][365]LogModuleManager: Shutting down and abandoning module IOSPlatformEditor (176)
[2016.02.28-21.32.29:964][365]LogModuleManager: Shutting down and abandoning module HTML5PlatformEditor (175)
[2016.02.28-21.32.29:964][365]LogModuleManager: Shutting down and abandoning module AndroidDeviceDetection (174)
[2016.02.28-21.32.29:976][365]LogModuleManager: Shutting down and abandoning module AndroidPlatformEditor (173)
[2016.02.28-21.32.29:976][365]LogModuleManager: Shutting down and abandoning module IOSRuntimeSettings (172)
[2016.02.28-21.32.29:976][365]LogModuleManager: Shutting down and abandoning module AndroidRuntimeSettings (171)
[2016.02.28-21.32.29:976][365]LogModuleManager: Shutting down and abandoning module MergeActors (170)
[2016.02.28-21.32.29:976][365]LogModuleManager: Shutting down and abandoning module SizeMap (169)
[2016.02.28-21.32.29:976][365]LogModuleManager: Shutting down and abandoning module TreeMap (168)
[2016.02.28-21.32.29:976][365]LogModuleManager: Shutting down and abandoning module ReferenceViewer (167)
[2016.02.28-21.32.29:976][365]LogModuleManager: Shutting down and abandoning module LocalizationService (166)
[2016.02.28-21.32.29:976][365]LogModuleManager: Shutting down and abandoning module LocalizationDashboard (165)
[2016.02.28-21.32.29:977][365]LogModuleManager: Shutting down and abandoning module HardwareTargeting (164)
[2016.02.28-21.32.29:977][365]LogModuleManager: Shutting down and abandoning module DeviceProfileEditor (163)
[2016.02.28-21.32.29:977][365]LogModuleManager: Shutting down and abandoning module UndoHistory (162)
[2016.02.28-21.32.29:977][365]LogModuleManager: Shutting down and abandoning module GameplayTagsEditor (161)
[2016.02.28-21.32.29:977][365]LogModuleManager: Shutting down and abandoning module UserFeedback (160)
[2016.02.28-21.32.29:977][365]LogModuleManager: Shutting down and abandoning module XmlParser (159)
[2016.02.28-21.32.29:977][365]LogModuleManager: Shutting down and abandoning module Blutility (158)
[2016.02.28-21.32.29:977][365]LogModuleManager: Shutting down and abandoning module ProjectTargetPlatformEditor (157)
[2016.02.28-21.32.29:977][365]LogModuleManager: Shutting down and abandoning module ProjectSettingsViewer (156)
[2016.02.28-21.32.29:977][365]LogModuleManager: Shutting down and abandoning module InputBindingEditor (155)
[2016.02.28-21.32.29:977][365]LogModuleManager: Shutting down and abandoning module EditorSettingsViewer (154)
[2016.02.28-21.32.29:977][365]LogModuleManager: Shutting down and abandoning module SettingsEditor (153)
[2016.02.28-21.32.29:977][365]LogModuleManager: Shutting down and abandoning module ProjectLauncher (152)
[2016.02.28-21.32.29:978][365]LogModuleManager: Shutting down and abandoning module SessionFrontend (151)
[2016.02.28-21.32.29:978][365]LogModuleManager: Shutting down and abandoning module ProfilerClient (150)
[2016.02.28-21.32.29:978][365]LogModuleManager: Shutting down and abandoning module TargetDeviceServices (149)
[2016.02.28-21.32.29:978][365]LogModuleManager: Shutting down and abandoning module DeviceManager (148)
[2016.02.28-21.32.29:978][365]LogModuleManager: Shutting down and abandoning module AutomationController (147)
[2016.02.28-21.32.29:978][365]LogModuleManager: Shutting down and abandoning module AutomationWindow (146)
[2016.02.28-21.32.29:979][365]LogModuleManager: Shutting down and abandoning module Layers (145)
[2016.02.28-21.32.29:981][365]LogModuleManager: Shutting down and abandoning module ComponentVisualizers (144)
[2016.02.28-21.32.29:981][365]LogModuleManager: Shutting down and abandoning module DetailCustomizations (143)
[2016.02.28-21.32.29:981][365]LogModuleManager: Shutting down and abandoning module PackagesDialog (142)
[2016.02.28-21.32.29:981][365]LogModuleManager: Shutting down and abandoning module Persona (141)
[2016.02.28-21.32.29:982][365]LogModuleManager: Shutting down and abandoning module Kismet (140)
[2016.02.28-21.32.29:982][365]LogModuleManager: Shutting down and abandoning module GraphEditor (139)
[2016.02.28-21.32.29:982][365]LogModuleManager: Shutting down and abandoning module ClassViewer (138)
[2016.02.28-21.32.29:982][365]LogModuleManager: Shutting down and abandoning module Toolbox (137)
[2016.02.28-21.32.29:982][365]LogModuleManager: Shutting down and abandoning module ModuleUI (136)
[2016.02.28-21.32.29:983][365]LogModuleManager: Shutting down and abandoning module MovieSceneTools (135)
[2016.02.28-21.32.29:983][365]LogModuleManager: Shutting down and abandoning module OutputLog (134)
[2016.02.28-21.32.29:983][365]LogModuleManager: Shutting down and abandoning module GammaUI (133)
[2016.02.28-21.32.29:983][365]LogModuleManager: Shutting down and abandoning module Documentation (132)
[2016.02.28-21.32.29:983][365]LogModuleManager: Shutting down and abandoning module GameLiveStreaming (131)
[2016.02.28-21.32.29:983][365]LogModuleManager: Shutting down and abandoning module StreamingPauseRendering (130)
[2016.02.28-21.32.29:983][365]LogModuleManager: Shutting down and abandoning module AnalyticsET (129)
[2016.02.28-21.32.29:983][365]LogModuleManager: Shutting down and abandoning module Analytics (128)
[2016.02.28-21.32.29:983][365]LogModuleManager: Shutting down and abandoning module AITestSuite (127)
[2016.02.28-21.32.29:983][365]LogModuleManager: Shutting down and abandoning module GameplayDebugger (126)
[2016.02.28-21.32.29:983][365]LogModuleManager: Shutting down and abandoning module AIModule (125)
[2016.02.28-21.32.29:983][365]LogModuleManager: Shutting down and abandoning module ProfilerService (124)
[2016.02.28-21.32.30:043][365]LogModuleManager: Shutting down and abandoning module TaskGraph (123)
[2016.02.28-21.32.30:043][365]LogModuleManager: Shutting down and abandoning module SlateRemote (122)
[2016.02.28-21.32.30:043][365]LogModuleManager: Shutting down and abandoning module SteamVRController (121)
[2016.02.28-21.32.30:043][365]LogModuleManager: Shutting down and abandoning module SteamVR (120)
[2016.02.28-21.32.30:043][365]LogModuleManager: Shutting down and abandoning module ProceduralMeshComponent (119)
[2016.02.28-21.32.30:043][365]LogModuleManager: Shutting down and abandoning module OculusLibrary (118)
[2016.02.28-21.32.30:043][365]LogModuleManager: Shutting down and abandoning module OculusInput (117)
[2016.02.28-21.32.30:043][365]LogModuleManager: Shutting down and abandoning module LeapMotionController (116)
[2016.02.28-21.32.30:055][365]LogModuleManager: Shutting down and abandoning module CustomMeshComponent (115)
[2016.02.28-21.32.30:055][365]LogModuleManager: Shutting down and abandoning module CableComponent (114)
[2016.02.28-21.32.30:055][365]LogModuleManager: Shutting down and abandoning module ArchVisCharacter (113)
[2016.02.28-21.32.30:055][365]LogModuleManager: Shutting down and abandoning module MessagingDebugger (112)
[2016.02.28-21.32.30:055][365]LogModuleManager: Shutting down and abandoning module MediaPlayerEditor (111)
[2016.02.28-21.32.30:056][365]LogModuleManager: Shutting down and abandoning module HTML5Networking (110)
[2016.02.28-21.32.30:056][365]LogModuleManager: Shutting down and abandoning module SpeedTreeImporter (109)
[2016.02.28-21.32.30:056][365]LogModuleManager: Shutting down and abandoning module PluginBrowser (108)
[2016.02.28-21.32.30:056][365]LogModuleManager: Shutting down and abandoning module EpicSurvey (107)
[2016.02.28-21.32.30:056][365]LogModuleManager: Shutting down and abandoning module DesktopPlatform (106)
[2016.02.28-21.32.30:057][365]LogModuleManager: Shutting down and abandoning module VisualStudioSourceCodeAccess (105)
[2016.02.28-21.32.30:057][365]LogModuleManager: Shutting down and abandoning module UObjectPlugin (104)
[2016.02.28-21.32.30:057][365]LogModuleManager: Shutting down and abandoning module SubversionSourceControl (103)
[2016.02.28-21.32.30:057][365]LogModuleManager: Shutting down and abandoning module PerforceSourceControl (102)
[2016.02.28-21.32.30:057][365]LogModuleManager: Shutting down and abandoning module SourceControl (101)
[2016.02.28-21.32.30:057][365]LogModuleManager: Shutting down and abandoning module GitSourceControl (100)
[2016.02.28-21.32.30:057][365]LogModuleManager: Shutting down and abandoning module LightPropagationVolumeEditor (99)
[2016.02.28-21.32.30:057][365]LogModuleManager: Shutting down and abandoning module PaperTiledImporter (98)
[2016.02.28-21.32.30:057][365]LogModuleManager: Shutting down and abandoning module PaperSpriteSheetImporter (97)
[2016.02.28-21.32.30:057][365]LogModuleManager: Shutting down and abandoning module MeshPaint (96)
[2016.02.28-21.32.30:057][365]LogModuleManager: Shutting down and abandoning module SlateReflector (95)
[2016.02.28-21.32.30:058][365]LogModuleManager: Shutting down and abandoning module HotReload (94)
[2016.02.28-21.32.30:058][365]LogModuleManager: Shutting down and abandoning module MainFrame (93)
[2016.02.28-21.32.30:058][365]LogModuleManager: Shutting down and abandoning module LevelEditor (92)
[2016.02.28-21.32.30:058][365]LogModuleManager: Shutting down and abandoning module DirectoryWatcher (91)
[2016.02.28-21.32.30:059][365]LogModuleManager: Shutting down and abandoning module AssetRegistry (90)
[2016.02.28-21.32.30:099][365]LogModuleManager: Shutting down and abandoning module ContentBrowser (89)
[2016.02.28-21.32.30:100][365]LogModuleManager: Shutting down and abandoning module Paper2DEditor (88)
[2016.02.28-21.32.30:101][365]LogModuleManager: Shutting down and abandoning module Anthrocratos_UE4 (87)
[2016.02.28-21.32.30:101][365]LogModuleManager: Shutting down and abandoning module UdpMessaging (86)
[2016.02.28-21.32.30:201][365]LogModuleManager: Shutting down and abandoning module LightPropagationVolumeRuntime (85)
[2016.02.28-21.32.30:201][365]LogModuleManager: Shutting down and abandoning module Paper2D (84)
[2016.02.28-21.32.30:201][365]LogModuleManager: Shutting down and abandoning module WindowsMoviePlayer (83)
[2016.02.28-21.32.30:203][365]LogModuleManager: Shutting down and abandoning module Media (82)
[2016.02.28-21.32.30:203][365]LogModuleManager: Shutting down and abandoning module WmfMedia (81)
[2016.02.28-21.32.30:203][365]LogModuleManager: Shutting down and abandoning module OnlineBlueprintSupport (80)
[2016.02.28-21.32.30:203][365]LogModuleManager: Shutting down and abandoning module GameplayTasksEditor (79)
[2016.02.28-21.32.30:203][365]LogModuleManager: Shutting down and abandoning module PropertyEditor (78)
[2016.02.28-21.32.30:203][365]LogModuleManager: Shutting down and abandoning module BehaviorTreeEditor (77)
[2016.02.28-21.32.30:204][365]LogModuleManager: Shutting down and abandoning module FunctionalTesting (76)
[2016.02.28-21.32.30:204][365]LogModuleManager: Shutting down and abandoning module CollisionAnalyzer (75)
[2016.02.28-21.32.30:204][365]LogModuleManager: Shutting down and abandoning module WorkspaceMenuStructure (74)
[2016.02.28-21.32.30:204][365]LogModuleManager: Shutting down and abandoning module MessageLog (73)
[2016.02.28-21.32.30:204][365]LogModuleManager: Shutting down and abandoning module Sequencer (72)
[2016.02.28-21.32.30:204][365]LogModuleManager: Shutting down and abandoning module AssetTools (71)
[2016.02.28-21.32.30:206][365]LogModuleManager: Shutting down and abandoning module UMGEditor (70)
[2016.02.28-21.32.30:206][365]LogModuleManager: Shutting down and abandoning module UMG (69)
[2016.02.28-21.32.30:206][365]LogModuleManager: Shutting down and abandoning module Slate (68)
[2016.02.28-21.32.30:206][365]LogModuleManager: Shutting down and abandoning module EditorStyle (67)
[2016.02.28-21.32.30:208][365]LogModuleManager: Shutting down and abandoning module SessionServices (66)
[2016.02.28-21.32.30:208][365]LogModuleManager: Shutting down and abandoning module SourceCodeAccess (65)
[2016.02.28-21.32.30:208][365]LogModuleManager: Shutting down and abandoning module HeadMountedDisplay (64)
[2016.02.28-21.32.30:208][365]LogModuleManager: Shutting down and abandoning module XAudio2 (63)
[2016.02.28-21.32.30:208][365]LogModuleManager: Shutting down and abandoning module Networking (61)
[2016.02.28-21.32.30:208][365]LogModuleManager: Shutting down and abandoning module Core (60)
[2016.02.28-21.32.30:208][365]LogModuleManager: Shutting down and abandoning module KismetCompiler (59)
[2016.02.28-21.32.30:208][365]LogModuleManager: Shutting down and abandoning module PhysXFormats (58)
[2016.02.28-21.32.30:208][365]LogModuleManager: Shutting down and abandoning module MeshUtilities (57)
[2016.02.28-21.32.30:208][365]LogModuleManager: Shutting down and abandoning module DerivedDataCache (56)
[2016.02.28-21.32.30:278][365]LogDerivedDataCache: Shutdown
[2016.02.28-21.32.30:278][365]LogModuleManager: Shutting down and abandoning module ShaderFormatOpenGL (55)
[2016.02.28-21.32.30:279][365]LogModuleManager: Shutting down and abandoning module ShaderFormatD3D (54)
[2016.02.28-21.32.30:279][365]LogModuleManager: Shutting down and abandoning module MetalShaderFormat (53)
[2016.02.28-21.32.30:280][365]LogModuleManager: Shutting down and abandoning module TextureFormatUncompressed (52)
[2016.02.28-21.32.30:280][365]LogModuleManager: Shutting down and abandoning module TextureFormatPVR (51)
[2016.02.28-21.32.30:280][365]LogModuleManager: Shutting down and abandoning module TextureFormatIntelISPCTexComp (50)
[2016.02.28-21.32.30:280][365]LogModuleManager: Shutting down and abandoning module TextureFormatDXT (49)
[2016.02.28-21.32.30:280][365]LogModuleManager: Shutting down and abandoning module ImageWrapper (48)
[2016.02.28-21.32.30:280][365]LogModuleManager: Shutting down and abandoning module TextureFormatASTC (47)
[2016.02.28-21.32.30:280][365]LogModuleManager: Shutting down and abandoning module TextureFormatAndroid (46)
[2016.02.28-21.32.30:280][365]LogModuleManager: Shutting down and abandoning module AudioFormatOpus (45)
[2016.02.28-21.32.30:280][365]LogModuleManager: Shutting down and abandoning module AudioFormatOgg (44)
[2016.02.28-21.32.30:280][365]LogModuleManager: Shutting down and abandoning module AudioFormatADPCM (43)
[2016.02.28-21.32.30:280][365]LogModuleManager: Shutting down and abandoning module LinuxTargetPlatform (42)
[2016.02.28-21.32.30:280][365]LogModuleManager: Shutting down and abandoning module LinuxServerTargetPlatform (41)
[2016.02.28-21.32.30:280][365]LogModuleManager: Shutting down and abandoning module LinuxNoEditorTargetPlatform (40)
[2016.02.28-21.32.30:280][365]LogModuleManager: Shutting down and abandoning module Messaging (39)
[2016.02.28-21.32.30:280][365]LogModuleManager: Shutting down and abandoning module IOSTargetPlatform (38)
[2016.02.28-21.32.30:280][365]LogModuleManager: Shutting down and abandoning module HTML5TargetPlatform (37)
[2016.02.28-21.32.30:280][365]LogModuleManager: Shutting down and abandoning module Android_PVRTCTargetPlatform (36)
[2016.02.28-21.32.30:280][365]LogModuleManager: Shutting down and abandoning module Android_MultiTargetPlatform (35)
[2016.02.28-21.32.30:280][365]LogModuleManager: Shutting down and abandoning module Android_ETC2TargetPlatform (34)
[2016.02.28-21.32.30:280][365]LogModuleManager: Shutting down and abandoning module Android_ETC1TargetPlatform (33)
[2016.02.28-21.32.30:280][365]LogModuleManager: Shutting down and abandoning module Android_DXTTargetPlatform (32)
[2016.02.28-21.32.30:280][365]LogModuleManager: Shutting down and abandoning module Android_ATCTargetPlatform (31)
[2016.02.28-21.32.30:280][365]LogModuleManager: Shutting down and abandoning module Android_ASTCTargetPlatform (30)
[2016.02.28-21.32.30:280][365]LogModuleManager: Shutting down and abandoning module AndroidTargetPlatform (29)
[2016.02.28-21.32.30:280][365]LogModuleManager: Shutting down and abandoning module WindowsTargetPlatform (28)
[2016.02.28-21.32.30:280][365]LogModuleManager: Shutting down and abandoning module WindowsServerTargetPlatform (27)
[2016.02.28-21.32.30:280][365]LogModuleManager: Shutting down and abandoning module WindowsNoEditorTargetPlatform (26)
[2016.02.28-21.32.30:280][365]LogModuleManager: Shutting down and abandoning module WindowsClientTargetPlatform (25)
[2016.02.28-21.32.30:280][365]LogModuleManager: Shutting down and abandoning module AllDesktopTargetPlatform (24)
[2016.02.28-21.32.30:280][365]LogModuleManager: Shutting down and abandoning module TargetPlatform (23)
[2016.02.28-21.32.30:280][365]LogModuleManager: Shutting down and abandoning module InputCore (22)
[2016.02.28-21.32.30:280][365]LogModuleManager: Shutting down and abandoning module Settings (21)
[2016.02.28-21.32.30:280][365]LogModuleManager: Shutting down and abandoning module OnlineSubsystem (19)
[2016.02.28-21.32.30:280][365]LogModuleManager: Shutting down and abandoning module HTTP (18)
[2016.02.28-21.32.32:281][365]LogModuleManager: Shutting down and abandoning module XMPP (17)
[2016.02.28-21.32.32:282][365]LogModuleManager: Shutting down and abandoning module OculusRift (16)
[2016.02.28-21.32.32:283][365]LogModuleManager: Shutting down and abandoning module ExampleDeviceProfileSelector (15)
[2016.02.28-21.32.32:284][365]LogModuleManager: Shutting down and abandoning module TextureCompressor (14)
[2016.02.28-21.32.32:284][365]LogModuleManager: Shutting down and abandoning module ShaderCore (13)
[2016.02.28-21.32.32:284][365]LogModuleManager: Shutting down and abandoning module Landscape (12)
[2016.02.28-21.32.32:284][365]LogModuleManager: Shutting down and abandoning module SlateRHIRenderer (11)
[2016.02.28-21.32.32:289][365]LogModuleManager: Shutting down and abandoning module OpenGLDrv (10)
[2016.02.28-21.32.32:289][365]LogModuleManager: Shutting down and abandoning module D3D11RHI (9)
[2016.02.28-21.32.32:289][365]LogModuleManager: Shutting down and abandoning module AnimGraphRuntime (8)
[2016.02.28-21.32.32:289][365]LogModuleManager: Shutting down and abandoning module Renderer (7)
[2016.02.28-21.32.32:290][365]LogModuleManager: Shutting down and abandoning module Engine (6)
[2016.02.28-21.32.32:290][365]LogModuleManager: Shutting down and abandoning module CoreUObject (5)
[2016.02.28-21.32.32:290][365]LogModuleManager: Shutting down and abandoning module NetworkFile (4)
[2016.02.28-21.32.32:290][365]LogModuleManager: Shutting down and abandoning module StreamingFile (3)
[2016.02.28-21.32.32:290][365]LogModuleManager: Shutting down and abandoning module SandboxFile (2)
[2016.02.28-21.32.32:290][365]LogModuleManager: Shutting down and abandoning module PakFile (1)
[2016.02.28-21.32.32:293][365]LogExit: Exiting.
[2016.02.28-21.32.32:296][365]Log file closed, 02/28/16 21:32:32
