[2016.02.17-16.29.50:801][  0]Log file open, 02/17/16 16:29:50
[2016.02.17-16.29.50:801][  0]LogInit:Display: Running engine for game: Anthrocratos_UE4
[2016.02.17-16.29.50:801][  0]LogPlatformFile: Not using cached read wrapper
[2016.02.17-16.29.50:801][  0]LogInit:Display: RandInit(691986879) SRandInit(691986880).
[2016.02.17-16.29.50:801][  0]LogTaskGraph: Started task graph with 4 named threads and 7 total threads.
[2016.02.17-16.29.50:801][  0]LogStats: Stats thread started at 0.071991
[2016.02.17-16.29.50:801][  0]LogInit: Version: 4.10.2-2818068+++depot+UE4-Releases+4.10
[2016.02.17-16.29.50:801][  0]LogInit: API Version: 2758231
[2016.02.17-16.29.50:801][  0]LogInit: Compiled (64-bit): Jan  6 2016 17:36:42
[2016.02.17-16.29.50:801][  0]LogInit: Compiled with Visual C++: 19.00.23026.00
[2016.02.17-16.29.50:801][  0]LogInit: Build Configuration: Development
[2016.02.17-16.29.50:801][  0]LogInit: Branch Name: ++depot+UE4-Releases+4.10
[2016.02.17-16.29.50:801][  0]LogInit: Command line: 
[2016.02.17-16.29.50:801][  0]LogInit: Base directory: S:/UnrealStuff/Epic Games/4.10/Engine/Binaries/Win64/
[2016.02.17-16.29.50:801][  0]LogInit: Rocket: 1
[2016.02.17-16.29.50:806][  0]LogInit: Using libcurl 7.41.0
[2016.02.17-16.29.50:806][  0]LogInit:  - built for x86_64-pc-win32
[2016.02.17-16.29.50:806][  0]LogInit:  - supports SSL with WinSSL
[2016.02.17-16.29.50:806][  0]LogInit:  - other features:
[2016.02.17-16.29.50:806][  0]LogInit:      CURL_VERSION_SSL
[2016.02.17-16.29.50:806][  0]LogInit:      CURL_VERSION_IPV6
[2016.02.17-16.29.50:806][  0]LogInit:      CURL_VERSION_ASYNCHDNS
[2016.02.17-16.29.50:806][  0]LogInit:      CURL_VERSION_LARGEFILE
[2016.02.17-16.29.50:806][  0]LogInit:      CURL_VERSION_IDN
[2016.02.17-16.29.50:806][  0]LogInit:  CurlRequestOptions (configurable via config and command line):
[2016.02.17-16.29.50:806][  0]LogInit:  - bVerifyPeer = true  - Libcurl will verify peer certificate
[2016.02.17-16.29.50:806][  0]LogInit:  - bUseHttpProxy = false  - Libcurl will NOT use HTTP proxy
[2016.02.17-16.29.50:806][  0]LogInit:  - bDontReuseConnections = false  - Libcurl will reuse connections
[2016.02.17-16.29.50:806][  0]LogInit:  - CertBundlePath = nullptr  - Libcurl will use whatever was configured at build time.
[2016.02.17-16.29.50:810][  0]LogInit: Presizing for 0 objects not considered by GC, pre-allocating 0 bytes.
[2016.02.17-16.29.50:816][  0]LogInit: Object subsystem initialized
[2016.02.17-16.29.50:816][  0]LogInit: Selected Device Profile: [Windows]
[2016.02.17-16.29.50:816][  0]LogInit: Applying CVar settings loaded from the selected device profile: [Windows]
[2016.02.17-16.29.50:822][  0]LogInit: Computer: DAVID
[2016.02.17-16.29.50:822][  0]LogInit: User: Bigfootone
[2016.02.17-16.29.50:822][  0]LogInit: CPU Page size=4096, Cores=4
[2016.02.17-16.29.50:822][  0]LogInit: High frequency timer resolution =3.320314 MHz
[2016.02.17-16.29.50:822][  0]LogMemory: Memory total: Physical=15.9GB (16GB approx)
[2016.02.17-16.29.50:822][  0]LogMemory: Platform Memory Stats for Windows
[2016.02.17-16.29.50:822][  0]LogMemory: Process Physical Memory: 56.23 MB used, 56.23 MB peak
[2016.02.17-16.29.50:822][  0]LogMemory: Process Virtual Memory: 58.78 MB used, 58.78 MB peak
[2016.02.17-16.29.50:822][  0]LogMemory: Physical Memory: 5641.68 MB used, 16328.01 MB total
[2016.02.17-16.29.50:822][  0]LogMemory: Virtual Memory: 385.41 MB used, 134217728.00 MB total
[2016.02.17-16.29.50:851][  0]LogTextLocalizationManager: No specific translations for ('en-GB') exist, so ('en') translations will be used.
[2016.02.17-16.29.51:260][  0]LogD3D11RHI: Found D3D11 adapter 0: AMD Radeon R9 200 Series (Feature Level 11_0)
[2016.02.17-16.29.51:260][  0]LogD3D11RHI: Adapter has 4075MB of dedicated video memory, 0MB of dedicated system memory, and 8164MB of shared system memory, 2 output[s]
[2016.02.17-16.29.51:262][  0]LogD3D11RHI: Found D3D11 adapter 1: Microsoft Basic Render Driver (Feature Level 11_0)
[2016.02.17-16.29.51:262][  0]LogD3D11RHI: Adapter has 0MB of dedicated video memory, 0MB of dedicated system memory, and 8164MB of shared system memory, 0 output[s]
[2016.02.17-16.29.51:262][  0]LogD3D11RHI: Chosen D3D11 Adapter Id = 0
[2016.02.17-16.29.51:269][  0]LogD3D11RHI: !Direct3DDevice
[2016.02.17-16.29.51:270][  0]LogRHI: Texture pool is 1361 MB (70% of 1945 MB)
[2016.02.17-16.29.51:277][  0]LogD3D11RHI: Async texture creation disabled: no driver support
[2016.02.17-16.29.51:290][  0]LogShaderCompilers: Guid format shader working directory is 1 characters bigger than the processId version (../../../../../../Anthrocratos/Anthrocratos_UE4/Intermediate/Shaders/WorkingDirectory/26136/).
[2016.02.17-16.29.51:290][  0]LogShaderCompilers: Cleaned the shader compiler working directory 'C:/Users/BIGFOO~1/AppData/Local/Temp/UnrealShaderWorkingDir/6CE1DAB142A760E435B702B7468EA396/'.
[2016.02.17-16.29.51:290][  0]LogShaderCompilers:Display: Using Local Shader Compiler.
[2016.02.17-16.29.52:000][  0]LogTemp:Display: Loaded TP AllDesktopTargetPlatform
[2016.02.17-16.29.52:004][  0]LogTemp:Display: Loaded TP WindowsClientTargetPlatform
[2016.02.17-16.29.52:007][  0]LogTemp:Display: Loaded TP WindowsNoEditorTargetPlatform
[2016.02.17-16.29.52:010][  0]LogTemp:Display: Loaded TP WindowsServerTargetPlatform
[2016.02.17-16.29.52:013][  0]LogTemp:Display: Loaded TP WindowsTargetPlatform
[2016.02.17-16.29.52:015][  0]LogTemp:Display: Loaded TP AndroidTargetPlatform
[2016.02.17-16.29.52:017][  0]LogTemp:Display: Loaded TP Android_ASTCTargetPlatform
[2016.02.17-16.29.52:019][  0]LogTemp:Display: Loaded TP Android_ATCTargetPlatform
[2016.02.17-16.29.52:022][  0]LogTemp:Display: Loaded TP Android_DXTTargetPlatform
[2016.02.17-16.29.52:024][  0]LogTemp:Display: Loaded TP Android_ETC1TargetPlatform
[2016.02.17-16.29.52:026][  0]LogTemp:Display: Loaded TP Android_ETC2TargetPlatform
[2016.02.17-16.29.52:031][  0]LogTemp:Display: Loaded TP Android_MultiTargetPlatform
[2016.02.17-16.29.52:031][  0]LogTemp:Display: Loaded TP Android_PVRTCTargetPlatform
[2016.02.17-16.29.52:032][  0]LogTemp:Display: Loaded TP HTML5TargetPlatform
[2016.02.17-16.29.52:047][  0]LogTemp:Display: Loaded TP IOSTargetPlatform
[2016.02.17-16.29.52:049][  0]LogTemp:Display: Loaded TP LinuxNoEditorTargetPlatform
[2016.02.17-16.29.52:052][  0]LogTemp:Display: Loaded TP LinuxServerTargetPlatform
[2016.02.17-16.29.52:054][  0]LogTemp:Display: Loaded TP LinuxTargetPlatform
[2016.02.17-16.29.52:054][  0]LogTargetPlatformManager:Display: Building Assets For Windows
[2016.02.17-16.29.52:112][  0]LogDerivedDataCache:Display: Max Cache Size: 512 MB
[2016.02.17-16.29.52:153][  0]LogDerivedDataCache: Loaded boot cache 0.04s 41MB C:/Users/Bigfootone/AppData/Local/UnrealEngine/4.10/DerivedDataCache/Boot.ddc.
[2016.02.17-16.29.52:153][  0]LogDerivedDataCache:Display: Loaded Boot cache: C:/Users/Bigfootone/AppData/Local/UnrealEngine/4.10/DerivedDataCache/Boot.ddc
[2016.02.17-16.29.52:153][  0]LogDerivedDataCache: FDerivedDataBackendGraph:  Pak pak cache file ../../../../../../Anthrocratos/Anthrocratos_UE4/DerivedDataCache/DDC.ddp not found, will not use a pak cache.
[2016.02.17-16.29.52:153][  0]LogDerivedDataCache: Unable to find inner node Pak for hierarchical cache Hierarchy.
[2016.02.17-16.29.52:153][  0]LogDerivedDataCache: FDerivedDataBackendGraph:  CompressedPak pak cache file ../../../../../../Anthrocratos/Anthrocratos_UE4/DerivedDataCache/Compressed.ddp not found, will not use a pak cache.
[2016.02.17-16.29.52:153][  0]LogDerivedDataCache: Unable to find inner node CompressedPak for hierarchical cache Hierarchy.
[2016.02.17-16.29.52:208][  0]LogDerivedDataCache:Display: Pak cache opened for reading ../../../Engine/DerivedDataCache/Compressed.ddp.
[2016.02.17-16.29.52:220][  0]LogDerivedDataCache: Using Local data cache path C:/Users/Bigfootone/AppData/Local/UnrealEngine/Common/DerivedDataCache: Writable
[2016.02.17-16.29.52:385][  0]LogInit: Selected Device Profile: [Windows]
[2016.02.17-16.29.52:388][  0]LogContentStreaming: Texture pool size is 0.000000MB
[2016.02.17-16.29.52:478][  0]LogMeshUtilities: No automatic mesh reduction module available
[2016.02.17-16.29.52:478][  0]LogMeshUtilities: No automatic mesh merging module available
[2016.02.17-16.29.52:673][  0]LogInit: WinSock: version 1.1 (2.2), MaxSocks=32767, MaxUdp=65467
[2016.02.17-16.29.53:489][  0]UdpMessaging: Initializing bridge on interface 0.0.0.0:0 to multicast group 230.0.0.1:6666.
[2016.02.17-16.29.53:590][  0]LogAssetRegistry: FAssetRegistry took 0.0107 seconds to start up
[2016.02.17-16.29.53:726][  0]SourceControl: Info Source control is disabled
[2016.02.17-16.29.53:727][  0]SourceControl: Info Source control is disabled
[2016.02.17-16.29.53:736][  0]SourceControl: Info Source control is disabled
[2016.02.17-16.29.53:746][  0]SourceControl: Info Source control is disabled
[2016.02.17-16.29.53:984][  0]LogObj: 28637 objects as part of root set at end of initial load.
[2016.02.17-16.29.53:984][  0]LogUObjectAllocator: 6101776 out of 0 bytes used by permanent object pool.
[2016.02.17-16.29.54:033][  0]LogEngine: Initializing Engine...
[2016.02.17-16.29.54:035][  0]LogHMD: Can't find Oculus library dev build: is proper Runtime installed? Version: 0.8.0.0
[2016.02.17-16.29.54:039][  0]LogHMD: SteamVR failed to initialize.  Err: 108
[2016.02.17-16.29.54:162][  0]LogAIModule: Creating AISystem for world NewWorld
[2016.02.17-16.29.54:169][  0]LogInit: XAudio2 using 'Speakers (SteelSeries Siberia Elite)' : 2 channels at 44.1 kHz using 16 bits per sample (channel mask 0x3)
[2016.02.17-16.29.54:179][  0]LogInit: FAudioDevice initialized.
[2016.02.17-16.29.54:200][  0]LogDerivedDataCache: Saved boot cache 0.02s 41MB C:/Users/Bigfootone/AppData/Local/UnrealEngine/4.10/DerivedDataCache/Boot.ddc.
[2016.02.17-16.29.54:202][  0]LogInit: Texture streaming: Enabled
[2016.02.17-16.29.54:205][  0]LogAnalytics: Creating configured Analytics provider AnalyticsET
[2016.02.17-16.29.54:205][  0]LogAnalytics: [UEEditor.Rocket.Release] APIServer = http://et2.epicgames.com/ET2/. AppVersion = 4.10.2-2818068+++depot+UE4-Releases+4.10
[2016.02.17-16.29.54:206][  0]LogAnalytics: [UEEditor.Rocket.Release] SetUserId 6844960942a56c7664b0f6b1131f1fef|c381b92b33784ccaa7b778c4b0f76233|53524d50-4578-4787-a176-59f20f61b4e2
[2016.02.17-16.29.54:206][  0]LogAnalytics: [UEEditor.Rocket.Release] AnalyticsET::StartSession
[2016.02.17-16.29.54:215][  0]LogInit: Transaction tracking system initialized
[2016.02.17-16.29.54:230][  0]BlueprintLog: New page: Editor Load
[2016.02.17-16.29.54:278][  0]LocalizationService: Info Localization service is disabled
[2016.02.17-16.29.54:339][  0]LogConsoleResponse:Display: 
[2016.02.17-16.29.54:448][  0]LogCook:Display: Done creating registry. It took  0.00s.
[2016.02.17-16.29.54:496][  0]LogFileCache: Scanning file cache for directory 'S:/Anthrocratos/Anthrocratos_UE4/Content/' took 0.01s
[2016.02.17-16.29.54:496][  0]SourceControl: Info Source control is disabled
[2016.02.17-16.29.54:497][  0]Cmd: MAP LOAD FILE="../../../../../../Anthrocratos/Anthrocratos_UE4/Content/Levels/Kieran-Test.umap" TEMPLATE=0 SHOWPROGRESS=1 FEATURELEVEL=3
[2016.02.17-16.29.54:497][  0]LightingResults: New page: Lighting Build
[2016.02.17-16.29.54:499][  0]MapCheck: New page: Map Check
[2016.02.17-16.29.54:499][  0]LightingResults: New page: Lighting Build
[2016.02.17-16.29.54:510][  0]LogParticles: Destroying 0 GPU particle simulations for FXSystem 0x000002EB7494A160
[2016.02.17-16.29.54:607][  0]LogBlueprint:Error: [compiler Kieran-Test] Error Spawn node  SpawnActor NONE  must have a class specified.
[2016.02.17-16.29.54:615][  0]LogBlueprint:Warning: [compiler Kieran-Test] Warning [0004.42] Compile of Kieran-Test failed. 1 Fatal Issue(s) 0 Warning(s) [in 14 ms]
[2016.02.17-16.29.54:615][  0]LogBlueprint:Warning: [compiler Kieran-Test] Warning [0004.42] Compile of Kieran-Test failed. 1 Fatal Issue(s) 1 Warning(s) [in 0 ms]
[2016.02.17-16.29.54:615][  0]LogBlueprint:Warning: [compiler Kieran-Test] Warning [0004.42] Compile of Kieran-Test failed. 1 Fatal Issue(s) 2 Warning(s) [in 0 ms]
[2016.02.17-16.29.54:622][  0]LogBlueprint:Error: [compiler Kieran-Test] Error Spawn node  SpawnActor NONE  must have a class specified.
[2016.02.17-16.29.54:631][  0]LogBlueprint:Warning: [compiler Kieran-Test] Warning [0004.44] Compile of Kieran-Test failed. 1 Fatal Issue(s) 0 Warning(s) [in 13 ms]
[2016.02.17-16.29.54:631][  0]LogBlueprint:Warning: [compiler Kieran-Test] Warning [0004.44] Compile of Kieran-Test failed. 1 Fatal Issue(s) 1 Warning(s) [in 0 ms]
[2016.02.17-16.29.54:631][  0]LogBlueprint:Warning: [compiler Kieran-Test] Warning [0004.44] Compile of Kieran-Test failed. 1 Fatal Issue(s) 2 Warning(s) [in 0 ms]
[2016.02.17-16.29.54:688][  0]LogAIModule: Creating AISystem for world Kieran-Test
[2016.02.17-16.29.54:691][  0]LogEditorServer: Finished looking for orphan Actors (0.000 secs)
[2016.02.17-16.29.54:691][  0]Cmd: MAP CHECKDEP NOCLEARLOG
[2016.02.17-16.29.54:762][  0]MapCheck: Info Map check complete: 0 Error(s), 0 Warning(s), took 70.368ms to complete.
[2016.02.17-16.29.54:762][  0]LogFileHelpers: Loading map 'Kieran-Test' took 0.265
[2016.02.17-16.29.54:865][  0]LogCollectionManager: Loaded 0 collections in 0.001163 seconds
[2016.02.17-16.29.54:907][  0]LogFileCache: Scanning file cache for directory 'S:/Anthrocratos/Anthrocratos_UE4/Saved/Collections/' took 0.01s
[2016.02.17-16.29.54:907][  0]LogFileCache: Scanning file cache for directory 'S:/Anthrocratos/Anthrocratos_UE4/Content/Developers/Bigfootone/Collections/' took 0.01s
[2016.02.17-16.29.54:907][  0]LogFileCache: Scanning file cache for directory 'S:/Anthrocratos/Anthrocratos_UE4/Content/Collections/' took 0.01s
[2016.02.17-16.29.54:907][  0]LogCollectionManager: Rebuilt the GUID cache for 0 collections in 0.000002 seconds
[2016.02.17-16.29.54:916][  0]LogContentBrowser: Native class hierarchy populated in 0.0082 seconds. Added 1894 classes and 340 folders.
[2016.02.17-16.29.54:920][  0]LogContentBrowser: Native class hierarchy updated for 'WidgetCarousel' in 0.0012 seconds. Added 0 classes and 0 folders.
[2016.02.17-16.29.54:972][  0]LogContentBrowser: Native class hierarchy updated for 'AddContentDialog' in 0.0013 seconds. Added 0 classes and 0 folders.
[2016.02.17-16.29.54:976][  0]LogContentBrowser: Native class hierarchy updated for 'SceneOutliner' in 0.0012 seconds. Added 1 classes and 2 folders.
[2016.02.17-16.29.55:014][  0]LogCrashTracker: Crashtracker disabled due to settings.
[2016.02.17-16.29.55:018][  0]LogUObjectGlobals:Warning: Failed to find object 'Class None.'
[2016.02.17-16.29.55:041][  0]LogLoad: Full Startup: 4.85 seconds (BP compile: 0.04 seconds)
[2016.02.17-16.29.55:049][  0]LogWindowsTextInputMethodSystem:Display: IME system now deactivated.
[2016.02.17-16.29.55:052][  0]LogOcInput: Can't find Oculus library dev build: is proper Runtime installed? Version: 0.8.0.0
[2016.02.17-16.29.55:109][  0]LogContentStreaming: Texture pool size now 1000 MB
[2016.02.17-16.29.55:231][  0]LogRenderer: Reallocating scene render targets to support 984x572 (Frame:2).
[2016.02.17-16.29.55:485][  1]LogFileCache: Retrieving MD5 hashes for directory 'S:/Anthrocratos/Anthrocratos_UE4/Content/' took 0.42s
[2016.02.17-16.29.55:551][  2]LogAssetRegistry: Asset discovery search completed in 1.9717 seconds
[2016.02.17-16.29.55:551][  2]LogCollectionManager: Rebuilt the object cache for 0 collections in 0.000001 seconds (found 0 objects)
[2016.02.17-16.29.55:551][  2]LogCollectionManager: Fixed up redirectors for 0 collections in 0.000015 seconds (updated 0 objects)
[2016.02.17-16.30.15:327][ 56]LogAIModule: Creating AISystem for world David-Test
[2016.02.17-16.30.15:357][ 56]Cmd: MAP LOAD FILE="../../../../../../Anthrocratos/Anthrocratos_UE4/Content/Levels/David-Test.umap" TEMPLATE=0 SHOWPROGRESS=1 FEATURELEVEL=3
[2016.02.17-16.30.15:357][ 56]LightingResults: New page: Lighting Build
[2016.02.17-16.30.15:374][ 56]LoadErrors: New page: Loading map: David-Test.umap
[2016.02.17-16.30.15:374][ 56]MapCheck: New page: Map Check
[2016.02.17-16.30.15:374][ 56]LightingResults: New page: Lighting Build
[2016.02.17-16.30.15:384][ 56]LogParticles: Destroying 0 GPU particle simulations for FXSystem 0x000002EB67C8CF40
[2016.02.17-16.30.15:413][ 56]LogEditorServer: Finished looking for orphan Actors (0.000 secs)
[2016.02.17-16.30.15:431][ 56]Cmd: MAP CHECKDEP NOCLEARLOG
[2016.02.17-16.30.15:505][ 56]MapCheck: Info Map check complete: 0 Error(s), 0 Warning(s), took 74.206ms to complete.
[2016.02.17-16.30.15:505][ 56]LogFileHelpers: Loading map 'David-Test' took 0.150
[2016.02.17-16.30.16:908][218]LogPlayLevel: PlayLevel: No blueprints needed recompiling
[2016.02.17-16.30.16:909][218]PIE: New page: SIE session: David-Test (17 Feb 2016 16:30:16)
[2016.02.17-16.30.16:909][218]LogPlayLevel: Creating play world package: /Game/Levels/UEDPIE_0_David-Test
[2016.02.17-16.30.16:910][218]LogPlayLevel: PIE: StaticDuplicateObject took: (0.001498s)
[2016.02.17-16.30.16:911][218]LogAIModule: Creating AISystem for world David-Test
[2016.02.17-16.30.16:911][218]LogPlayLevel: PIE: World Init took: (0.000714s)
[2016.02.17-16.30.16:911][218]LogPlayLevel: PIE: Created PIE world by copying editor world from /Game/Levels/David-Test.David-Test to /Game/Levels/UEDPIE_0_David-Test.David-Test (0.002402s)
[2016.02.17-16.30.16:925][218]LogInit: XAudio2 using 'Speakers (SteelSeries Siberia Elite)' : 2 channels at 44.1 kHz using 16 bits per sample (channel mask 0x3)
[2016.02.17-16.30.16:932][218]LogInit: FAudioDevice initialized.
[2016.02.17-16.30.16:983][218]LogWorld: Game class is 'Anthrocratos_UE4GameMode'
[2016.02.17-16.30.16:985][218]LogWorld: Bringing World /Game/Levels/UEDPIE_0_David-Test.David-Test up for play (max tick rate 0) at 2016.02.17-16.30.16
[2016.02.17-16.30.16:985][218]LogActor:Warning: GameSession /Game/Levels/UEDPIE_0_David-Test.David-Test:PersistentLevel.GameSession_0 has natively added scene component(s), but none of them were set as the actor's RootComponent - picking one arbitrarily
[2016.02.17-16.30.16:985][218]LogActor:Warning: GameNetworkManager /Game/Levels/UEDPIE_0_David-Test.David-Test:PersistentLevel.GameNetworkManager_0 has natively added scene component(s), but none of them were set as the actor's RootComponent - picking one arbitrarily
[2016.02.17-16.30.16:985][218]LogWorld: Bringing up level for play took: 0.001668
[2016.02.17-16.30.16:986][218]LogGameMode: Warning - PATHS NOT DEFINED or NO PLAYERSTART with positive rating
[2016.02.17-16.30.16:986][218]PIE: Info Play in editor start time for /Game/Levels/UEDPIE_0_David-Test 0.277
[2016.02.17-16.30.17:875][304]LogEditorViewport: Clicking on Actor (LMB): BP_Sky_Sphere_C (Sky Sphere)
[2016.02.17-16.30.17:875][304]LogSelection:Warning: PIE object was selected: "BP_Sky_Sphere_C /Game/Levels/UEDPIE_0_David-Test.David-Test:PersistentLevel.SkySphere"
[2016.02.17-16.30.19:361][460]LogEditorViewport: Clicking on Actor (LMB): BP_Sky_Sphere_C (Sky Sphere)
[2016.02.17-16.30.19:361][460]LogSelection:Warning: PIE object was selected: "BP_Sky_Sphere_C /Game/Levels/UEDPIE_0_David-Test.David-Test:PersistentLevel.SkySphere"
[2016.02.17-16.30.20:153][542]LogEditorViewport: Clicking on Actor (context menu): BP_Sky_Sphere_C (Sky Sphere)
[2016.02.17-16.30.21:074][643]LogParticles: Destroying 0 GPU particle simulations for FXSystem 0x000002EB075CEB60
[2016.02.17-16.30.22:566][818]LogPlayLevel: PlayLevel: No blueprints needed recompiling
[2016.02.17-16.30.22:566][818]PIE: New page: PIE session: David-Test (17 Feb 2016 16:30:22)
[2016.02.17-16.30.22:566][818]LogPlayLevel: Creating play world package: /Game/Levels/UEDPIE_0_David-Test
[2016.02.17-16.30.22:568][818]LogPlayLevel: PIE: StaticDuplicateObject took: (0.001259s)
[2016.02.17-16.30.22:568][818]LogAIModule: Creating AISystem for world David-Test
[2016.02.17-16.30.22:568][818]LogPlayLevel: PIE: World Init took: (0.000586s)
[2016.02.17-16.30.22:568][818]LogPlayLevel: PIE: Created PIE world by copying editor world from /Game/Levels/David-Test.David-Test to /Game/Levels/UEDPIE_0_David-Test.David-Test (0.001987s)
[2016.02.17-16.30.22:583][818]LogInit: XAudio2 using 'Speakers (SteelSeries Siberia Elite)' : 2 channels at 44.1 kHz using 16 bits per sample (channel mask 0x3)
[2016.02.17-16.30.22:590][818]LogInit: FAudioDevice initialized.
[2016.02.17-16.30.22:622][818]LogWorld: Game class is 'Anthrocratos_UE4GameMode'
[2016.02.17-16.30.22:624][818]LogWorld: Bringing World /Game/Levels/UEDPIE_0_David-Test.David-Test up for play (max tick rate 0) at 2016.02.17-16.30.22
[2016.02.17-16.30.22:624][818]LogActor:Warning: GameSession /Game/Levels/UEDPIE_0_David-Test.David-Test:PersistentLevel.GameSession_1 has natively added scene component(s), but none of them were set as the actor's RootComponent - picking one arbitrarily
[2016.02.17-16.30.22:624][818]LogActor:Warning: GameNetworkManager /Game/Levels/UEDPIE_0_David-Test.David-Test:PersistentLevel.GameNetworkManager_1 has natively added scene component(s), but none of them were set as the actor's RootComponent - picking one arbitrarily
[2016.02.17-16.30.22:624][818]LogWorld: Bringing up level for play took: 0.001675
[2016.02.17-16.30.22:625][818]PIE: Info Play in editor start time for /Game/Levels/UEDPIE_0_David-Test -0.084
[2016.02.17-16.30.31:702][899]LogParticles: Destroying 0 GPU particle simulations for FXSystem 0x000002EB6917E3E0
[2016.02.17-16.30.34:414][219]LogEditorViewport: Clicking on Actor (context menu): BP_Sky_Sphere_C (Sky Sphere)
[2016.02.17-16.30.39:592][827]LogLinker:Warning: CreateExport: Failed to load Parent for Function /Game/Blueprints/DesertTile.DesertTile_C:UserConstructionScript; removing parent information, but keeping function
[2016.02.17-16.30.39:596][827]LogLinker:Warning: CreateExport: Failed to load Parent for Function /Game/Blueprints/FieldTile.FieldTile_C:UserConstructionScript; removing parent information, but keeping function
[2016.02.17-16.30.40:909][965]LogPlayLevel: PlayLevel: No blueprints needed recompiling
[2016.02.17-16.30.40:909][965]PIE: New page: PIE session: David-Test (17 Feb 2016 16:30:40)
[2016.02.17-16.30.40:909][965]LogPlayLevel: Creating play world package: /Game/Levels/UEDPIE_0_David-Test
[2016.02.17-16.30.40:911][965]LogPlayLevel: PIE: StaticDuplicateObject took: (0.001436s)
[2016.02.17-16.30.40:911][965]LogAIModule: Creating AISystem for world David-Test
[2016.02.17-16.30.40:911][965]LogPlayLevel: PIE: World Init took: (0.000602s)
[2016.02.17-16.30.40:912][965]LogPlayLevel: PIE: Created PIE world by copying editor world from /Game/Levels/David-Test.David-Test to /Game/Levels/UEDPIE_0_David-Test.David-Test (0.002191s)
[2016.02.17-16.30.40:931][965]LogInit: XAudio2 using 'Speakers (SteelSeries Siberia Elite)' : 2 channels at 44.1 kHz using 16 bits per sample (channel mask 0x3)
[2016.02.17-16.30.40:938][965]LogInit: FAudioDevice initialized.
[2016.02.17-16.30.40:971][965]LogWorld: Game class is 'Anthrocratos_UE4GameMode'
[2016.02.17-16.30.40:973][965]LogWorld: Bringing World /Game/Levels/UEDPIE_0_David-Test.David-Test up for play (max tick rate 0) at 2016.02.17-16.30.40
[2016.02.17-16.30.40:973][965]LogActor:Warning: GameSession /Game/Levels/UEDPIE_0_David-Test.David-Test:PersistentLevel.GameSession_2 has natively added scene component(s), but none of them were set as the actor's RootComponent - picking one arbitrarily
[2016.02.17-16.30.40:973][965]LogActor:Warning: GameNetworkManager /Game/Levels/UEDPIE_0_David-Test.David-Test:PersistentLevel.GameNetworkManager_2 has natively added scene component(s), but none of them were set as the actor's RootComponent - picking one arbitrarily
[2016.02.17-16.30.40:973][965]LogWorld: Bringing up level for play took: 0.001603
[2016.02.17-16.30.40:974][965]LogBlueprintUserMessages: [GameTileSpawner_58] TilesGenerated
[2016.02.17-16.30.40:977][965]PIE: Info Play in editor start time for /Game/Levels/UEDPIE_0_David-Test 0.268
[2016.02.17-16.30.43:345][243]LogParticles: Destroying 0 GPU particle simulations for FXSystem 0x000002EB67560900
[2016.02.17-16.30.51:275][168]LogPlayLevel: PlayLevel: No blueprints needed recompiling
[2016.02.17-16.30.51:275][168]PIE: New page: SIE session: David-Test (17 Feb 2016 16:30:51)
[2016.02.17-16.30.51:276][168]LogPlayLevel: Creating play world package: /Game/Levels/UEDPIE_0_David-Test
[2016.02.17-16.30.51:277][168]LogPlayLevel: PIE: StaticDuplicateObject took: (0.001581s)
[2016.02.17-16.30.51:278][168]LogAIModule: Creating AISystem for world David-Test
[2016.02.17-16.30.51:278][168]LogPlayLevel: PIE: World Init took: (0.000584s)
[2016.02.17-16.30.51:278][168]LogPlayLevel: PIE: Created PIE world by copying editor world from /Game/Levels/David-Test.David-Test to /Game/Levels/UEDPIE_0_David-Test.David-Test (0.002375s)
[2016.02.17-16.30.51:289][168]LogSelection:Warning: PIE object was selected: "GameTileSpawner_C /Game/Levels/UEDPIE_0_David-Test.David-Test:PersistentLevel.GameTileSpawner_58"
[2016.02.17-16.30.51:293][168]LogInit: XAudio2 using 'Speakers (SteelSeries Siberia Elite)' : 2 channels at 44.1 kHz using 16 bits per sample (channel mask 0x3)
[2016.02.17-16.30.51:300][168]LogInit: FAudioDevice initialized.
[2016.02.17-16.30.51:333][168]LogWorld: Game class is 'Anthrocratos_UE4GameMode'
[2016.02.17-16.30.51:335][168]LogWorld: Bringing World /Game/Levels/UEDPIE_0_David-Test.David-Test up for play (max tick rate 0) at 2016.02.17-16.30.51
[2016.02.17-16.30.51:335][168]LogActor:Warning: GameSession /Game/Levels/UEDPIE_0_David-Test.David-Test:PersistentLevel.GameSession_3 has natively added scene component(s), but none of them were set as the actor's RootComponent - picking one arbitrarily
[2016.02.17-16.30.51:335][168]LogActor:Warning: GameNetworkManager /Game/Levels/UEDPIE_0_David-Test.David-Test:PersistentLevel.GameNetworkManager_3 has natively added scene component(s), but none of them were set as the actor's RootComponent - picking one arbitrarily
[2016.02.17-16.30.51:335][168]LogWorld: Bringing up level for play took: 0.001562
[2016.02.17-16.30.51:336][168]LogGameMode: Warning - PATHS NOT DEFINED or NO PLAYERSTART with positive rating
[2016.02.17-16.30.51:337][168]LogBlueprintUserMessages: [GameTileSpawner_58] TilesGenerated
[2016.02.17-16.30.51:340][168]PIE: Info Play in editor start time for /Game/Levels/UEDPIE_0_David-Test 0.631
[2016.02.17-16.30.51:344][168]LogSelection:Warning: PIE object was selected: "GameTileSpawner_C /Game/Levels/UEDPIE_0_David-Test.David-Test:PersistentLevel.GameTileSpawner_58"
[2016.02.17-16.30.52:672][306]LogEditorViewport: Clicking on Actor (context menu): BP_Sky_Sphere_C (Sky Sphere)
[2016.02.17-16.30.52:672][306]LogSelection:Warning: PIE object was selected: "BP_Sky_Sphere_C /Game/Levels/UEDPIE_0_David-Test.David-Test:PersistentLevel.SkySphere"
[2016.02.17-16.30.54:731][516]LogEditorViewport: Clicking on Actor (LMB): BP_Sky_Sphere_C (Sky Sphere)
[2016.02.17-16.30.54:731][516]LogSelection:Warning: PIE object was selected: "BP_Sky_Sphere_C /Game/Levels/UEDPIE_0_David-Test.David-Test:PersistentLevel.SkySphere"
[2016.02.17-16.30.55:378][583]LogEditorViewport: Clicking on Actor (context menu): BP_Sky_Sphere_C (Sky Sphere)
[2016.02.17-16.30.55:867][638]LogEditorViewport: Clicking on Actor (LMB): BP_Sky_Sphere_C (Sky Sphere)
[2016.02.17-16.30.55:867][638]LogSelection:Warning: PIE object was selected: "BP_Sky_Sphere_C /Game/Levels/UEDPIE_0_David-Test.David-Test:PersistentLevel.SkySphere"
[2016.02.17-16.30.56:075][662]LogEditorViewport: Clicking on Component (LMB): StaticMeshComponent (Sky Sphere mesh)
[2016.02.17-16.30.56:075][662]LogSelection:Warning: PIE object was selected: "StaticMeshComponent /Game/Levels/UEDPIE_0_David-Test.David-Test:PersistentLevel.SkySphere.Sky Sphere mesh"
[2016.02.17-16.30.58:096][886]LogEditorViewport: Clicking on Component (LMB): StaticMeshComponent (Sky Sphere mesh)
[2016.02.17-16.30.58:096][886]LogSelection:Warning: PIE object was selected: "StaticMeshComponent /Game/Levels/UEDPIE_0_David-Test.David-Test:PersistentLevel.SkySphere.Sky Sphere mesh"
[2016.02.17-16.30.58:432][921]LogEditorViewport: Clicking on Component (LMB): StaticMeshComponent (Sky Sphere mesh)
[2016.02.17-16.30.58:432][921]LogSelection:Warning: PIE object was selected: "StaticMeshComponent /Game/Levels/UEDPIE_0_David-Test.David-Test:PersistentLevel.SkySphere.Sky Sphere mesh"
[2016.02.17-16.30.58:725][955]LogEditorViewport: Clicking on Actor (double click): BP_Sky_Sphere_C (Sky Sphere)
[2016.02.17-16.30.58:725][955]LogSelection:Warning: PIE object was selected: "BP_Sky_Sphere_C /Game/Levels/UEDPIE_0_David-Test.David-Test:PersistentLevel.SkySphere"
[2016.02.17-16.30.58:972][983]LogEditorViewport: Clicking on Actor (LMB): BP_Sky_Sphere_C (Sky Sphere)
[2016.02.17-16.30.58:972][983]LogSelection:Warning: PIE object was selected: "BP_Sky_Sphere_C /Game/Levels/UEDPIE_0_David-Test.David-Test:PersistentLevel.SkySphere"
[2016.02.17-16.30.59:407][ 26]LogEditorViewport: Clicking on Actor (LMB): FieldTile_C (FieldTile27)
[2016.02.17-16.30.59:407][ 26]LogSelection:Warning: PIE object was selected: "FieldTile_C /Game/Levels/UEDPIE_0_David-Test.David-Test:PersistentLevel.FieldTile_C_27"
[2016.02.17-16.30.59:702][ 54]LogEditorViewport: Clicking on Actor (LMB): FieldTile_C (FieldTile32)
[2016.02.17-16.30.59:702][ 54]LogSelection:Warning: PIE object was selected: "FieldTile_C /Game/Levels/UEDPIE_0_David-Test.David-Test:PersistentLevel.FieldTile_C_32"
[2016.02.17-16.30.59:802][ 64]LogEditorViewport: Clicking on Component (LMB): StaticMeshComponent (TileMesh)
[2016.02.17-16.30.59:802][ 64]LogSelection:Warning: PIE object was selected: "StaticMeshComponent /Game/Levels/UEDPIE_0_David-Test.David-Test:PersistentLevel.FieldTile_C_32.TileMesh"
[2016.02.17-16.31.00:092][ 94]LogEditorViewport: Clicking on Component (LMB): StaticMeshComponent (TileMesh)
[2016.02.17-16.31.00:092][ 94]LogSelection:Warning: PIE object was selected: "StaticMeshComponent /Game/Levels/UEDPIE_0_David-Test.David-Test:PersistentLevel.FieldTile_C_32.TileMesh"
[2016.02.17-16.31.00:178][103]LogEditorViewport: Clicking on Actor (double click): FieldTile_C (FieldTile32)
[2016.02.17-16.31.00:179][103]LogSelection:Warning: PIE object was selected: "FieldTile_C /Game/Levels/UEDPIE_0_David-Test.David-Test:PersistentLevel.FieldTile_C_32"
[2016.02.17-16.31.02:049][309]LogEditorViewport: Clicking on Actor (LMB): BP_Sky_Sphere_C (Sky Sphere)
[2016.02.17-16.31.02:049][309]LogSelection:Warning: PIE object was selected: "BP_Sky_Sphere_C /Game/Levels/UEDPIE_0_David-Test.David-Test:PersistentLevel.SkySphere"
[2016.02.17-16.31.02:463][357]Cmd: SELECT NONE
[2016.02.17-16.31.03:175][437]Cmd: SELECT NONE
[2016.02.17-16.31.03:328][454]Cmd: SELECT NONE
[2016.02.17-16.31.03:453][469]Cmd: SELECT NONE
[2016.02.17-16.31.03:553][481]Cmd: SELECT NONE
[2016.02.17-16.31.03:678][496]Cmd: SELECT NONE
[2016.02.17-16.31.03:811][512]Cmd: SELECT NONE
[2016.02.17-16.31.03:921][525]Cmd: SELECT NONE
[2016.02.17-16.31.04:054][541]Cmd: SELECT NONE
[2016.02.17-16.31.04:172][555]Cmd: SELECT NONE
[2016.02.17-16.31.06:365][683]LogEditorViewport: Clicking on Actor (LMB): BP_Sky_Sphere_C (Sky Sphere)
[2016.02.17-16.31.06:366][683]LogSelection:Warning: PIE object was selected: "BP_Sky_Sphere_C /Game/Levels/UEDPIE_0_David-Test.David-Test:PersistentLevel.SkySphere"
[2016.02.17-16.31.09:209][978]LogEditorViewport: Clicking on Actor (context menu): BP_Sky_Sphere_C (Sky Sphere)
[2016.02.17-16.31.10:301][100]LogParticles: Destroying 0 GPU particle simulations for FXSystem 0x000002EB64D1A7A0
[2016.02.17-16.31.22:392][378]LogEditorViewport: Clicking on Actor (LMB): CameraMovement_C (CameraMovement)
[2016.02.17-16.31.26:767][893]LogPlayLevel: PlayLevel: No blueprints needed recompiling
[2016.02.17-16.31.26:768][893]PIE: New page: SIE session: David-Test (17 Feb 2016 16:31:26)
[2016.02.17-16.31.26:768][893]LogPlayLevel: Creating play world package: /Game/Levels/UEDPIE_0_David-Test
[2016.02.17-16.31.26:769][893]LogPlayLevel: PIE: StaticDuplicateObject took: (0.001308s)
[2016.02.17-16.31.26:769][893]LogAIModule: Creating AISystem for world David-Test
[2016.02.17-16.31.26:770][893]LogPlayLevel: PIE: World Init took: (0.000603s)
[2016.02.17-16.31.26:770][893]LogPlayLevel: PIE: Created PIE world by copying editor world from /Game/Levels/David-Test.David-Test to /Game/Levels/UEDPIE_0_David-Test.David-Test (0.002061s)
[2016.02.17-16.31.26:809][893]LogSelection:Warning: PIE object was selected: "CameraMovement_C /Game/Levels/UEDPIE_0_David-Test.David-Test:PersistentLevel.CameraMovement_C_1"
[2016.02.17-16.31.26:813][893]LogInit: XAudio2 using 'Speakers (SteelSeries Siberia Elite)' : 2 channels at 44.1 kHz using 16 bits per sample (channel mask 0x3)
[2016.02.17-16.31.26:820][893]LogInit: FAudioDevice initialized.
[2016.02.17-16.31.26:855][893]LogWorld: Game class is 'Anthrocratos_UE4GameMode'
[2016.02.17-16.31.26:856][893]LogWorld: Bringing World /Game/Levels/UEDPIE_0_David-Test.David-Test up for play (max tick rate 0) at 2016.02.17-16.31.26
[2016.02.17-16.31.26:857][893]LogActor:Warning: GameSession /Game/Levels/UEDPIE_0_David-Test.David-Test:PersistentLevel.GameSession_4 has natively added scene component(s), but none of them were set as the actor's RootComponent - picking one arbitrarily
[2016.02.17-16.31.26:857][893]LogActor:Warning: GameNetworkManager /Game/Levels/UEDPIE_0_David-Test.David-Test:PersistentLevel.GameNetworkManager_4 has natively added scene component(s), but none of them were set as the actor's RootComponent - picking one arbitrarily
[2016.02.17-16.31.26:857][893]LogWorld: Bringing up level for play took: 0.001446
[2016.02.17-16.31.26:857][893]LogGameMode: Warning - PATHS NOT DEFINED or NO PLAYERSTART with positive rating
[2016.02.17-16.31.26:858][893]LogBlueprintUserMessages: [GameTileSpawner_58] TilesGenerated
[2016.02.17-16.31.26:860][893]PIE: Info Play in editor start time for /Game/Levels/UEDPIE_0_David-Test 0.151
[2016.02.17-16.31.26:891][893]LogSelection:Warning: PIE object was selected: "CameraMovement_C /Game/Levels/UEDPIE_0_David-Test.David-Test:PersistentLevel.CameraMovement_C_1"
[2016.02.17-16.31.38:566][128]LogEditorViewport: Clicking on Actor (context menu): BP_Sky_Sphere_C (Sky Sphere)
[2016.02.17-16.31.38:566][128]LogSelection:Warning: PIE object was selected: "BP_Sky_Sphere_C /Game/Levels/UEDPIE_0_David-Test.David-Test:PersistentLevel.SkySphere"
[2016.02.17-16.31.40:141][306]LogParticles: Destroying 0 GPU particle simulations for FXSystem 0x000002EB1D674B80
[2016.02.17-16.31.41:628][480]LogPlayLevel: PlayLevel: No blueprints needed recompiling
[2016.02.17-16.31.41:629][480]PIE: New page: PIE session: David-Test (17 Feb 2016 16:31:41)
[2016.02.17-16.31.41:629][480]LogPlayLevel: Creating play world package: /Game/Levels/UEDPIE_0_David-Test
[2016.02.17-16.31.41:630][480]LogPlayLevel: PIE: StaticDuplicateObject took: (0.001318s)
[2016.02.17-16.31.41:630][480]LogAIModule: Creating AISystem for world David-Test
[2016.02.17-16.31.41:631][480]LogPlayLevel: PIE: World Init took: (0.000597s)
[2016.02.17-16.31.41:631][480]LogPlayLevel: PIE: Created PIE world by copying editor world from /Game/Levels/David-Test.David-Test to /Game/Levels/UEDPIE_0_David-Test.David-Test (0.002058s)
[2016.02.17-16.31.41:645][480]LogInit: XAudio2 using 'Speakers (SteelSeries Siberia Elite)' : 2 channels at 44.1 kHz using 16 bits per sample (channel mask 0x3)
[2016.02.17-16.31.41:652][480]LogInit: FAudioDevice initialized.
[2016.02.17-16.31.41:688][480]LogWorld: Game class is 'Anthrocratos_UE4GameMode'
[2016.02.17-16.31.41:690][480]LogWorld: Bringing World /Game/Levels/UEDPIE_0_David-Test.David-Test up for play (max tick rate 0) at 2016.02.17-16.31.41
[2016.02.17-16.31.41:690][480]LogActor:Warning: GameSession /Game/Levels/UEDPIE_0_David-Test.David-Test:PersistentLevel.GameSession_5 has natively added scene component(s), but none of them were set as the actor's RootComponent - picking one arbitrarily
[2016.02.17-16.31.41:691][480]LogActor:Warning: GameNetworkManager /Game/Levels/UEDPIE_0_David-Test.David-Test:PersistentLevel.GameNetworkManager_5 has natively added scene component(s), but none of them were set as the actor's RootComponent - picking one arbitrarily
[2016.02.17-16.31.41:691][480]LogWorld: Bringing up level for play took: 0.001655
[2016.02.17-16.31.41:692][480]LogBlueprintUserMessages: [GameTileSpawner_58] TilesGenerated
[2016.02.17-16.31.41:694][480]PIE: Info Play in editor start time for /Game/Levels/UEDPIE_0_David-Test 0.985
[2016.02.17-16.31.44:908][858]LogParticles: Destroying 0 GPU particle simulations for FXSystem 0x000002EB673F6AC0
[2016.02.17-16.31.50:849][556]LogEditorViewport: Clicking on Actor (LMB): BP_Sky_Sphere_C (Sky Sphere)
[2016.02.17-16.31.51:353][614]LogEditorViewport: Clicking on Actor (LMB): CameraMovement_C (CameraMovement)
[2016.02.17-16.31.58:397][444]LogPlayLevel: PlayLevel: No blueprints needed recompiling
[2016.02.17-16.31.58:397][444]PIE: New page: PIE session: David-Test (17 Feb 2016 16:31:58)
[2016.02.17-16.31.58:397][444]LogPlayLevel: Creating play world package: /Game/Levels/UEDPIE_0_David-Test
[2016.02.17-16.31.58:398][444]LogPlayLevel: PIE: StaticDuplicateObject took: (0.001129s)
[2016.02.17-16.31.58:398][444]LogAIModule: Creating AISystem for world David-Test
[2016.02.17-16.31.58:398][444]LogPlayLevel: PIE: World Init took: (0.000557s)
[2016.02.17-16.31.58:399][444]LogPlayLevel: PIE: Created PIE world by copying editor world from /Game/Levels/David-Test.David-Test to /Game/Levels/UEDPIE_0_David-Test.David-Test (0.001833s)
[2016.02.17-16.31.58:438][444]LogInit: XAudio2 using 'Speakers (SteelSeries Siberia Elite)' : 2 channels at 44.1 kHz using 16 bits per sample (channel mask 0x3)
[2016.02.17-16.31.58:445][444]LogInit: FAudioDevice initialized.
[2016.02.17-16.31.58:477][444]LogWorld: Game class is 'Anthrocratos_UE4GameMode'
[2016.02.17-16.31.58:479][444]LogWorld: Bringing World /Game/Levels/UEDPIE_0_David-Test.David-Test up for play (max tick rate 0) at 2016.02.17-16.31.58
[2016.02.17-16.31.58:479][444]LogActor:Warning: GameSession /Game/Levels/UEDPIE_0_David-Test.David-Test:PersistentLevel.GameSession_6 has natively added scene component(s), but none of them were set as the actor's RootComponent - picking one arbitrarily
[2016.02.17-16.31.58:480][444]LogActor:Warning: GameNetworkManager /Game/Levels/UEDPIE_0_David-Test.David-Test:PersistentLevel.GameNetworkManager_6 has natively added scene component(s), but none of them were set as the actor's RootComponent - picking one arbitrarily
[2016.02.17-16.31.58:480][444]LogWorld: Bringing up level for play took: 0.001577
[2016.02.17-16.31.58:481][444]LogBlueprintUserMessages: [GameTileSpawner_58] TilesGenerated
[2016.02.17-16.31.58:483][444]PIE: Info Play in editor start time for /Game/Levels/UEDPIE_0_David-Test -0.226
[2016.02.17-16.32.01:035][744]LogParticles: Destroying 0 GPU particle simulations for FXSystem 0x000002EB07C111C0
[2016.02.17-16.32.02:800][941]LogEditorViewport: Clicking on Actor (LMB): BP_Sky_Sphere_C (Sky Sphere)
[2016.02.17-16.32.03:166][980]LogEditorViewport: Clicking on Actor (LMB): GameTileSpawner_C (GameTileSpawner)
[2016.02.17-16.32.06:034][300]LogPlayLevel: PlayLevel: No blueprints needed recompiling
[2016.02.17-16.32.06:034][300]PIE: New page: PIE session: David-Test (17 Feb 2016 16:32:06)
[2016.02.17-16.32.06:034][300]LogPlayLevel: Creating play world package: /Game/Levels/UEDPIE_0_David-Test
[2016.02.17-16.32.06:035][300]LogPlayLevel: PIE: StaticDuplicateObject took: (0.001348s)
[2016.02.17-16.32.06:036][300]LogAIModule: Creating AISystem for world David-Test
[2016.02.17-16.32.06:036][300]LogPlayLevel: PIE: World Init took: (0.000588s)
[2016.02.17-16.32.06:036][300]LogPlayLevel: PIE: Created PIE world by copying editor world from /Game/Levels/David-Test.David-Test to /Game/Levels/UEDPIE_0_David-Test.David-Test (0.002082s)
[2016.02.17-16.32.06:050][300]LogInit: XAudio2 using 'Speakers (SteelSeries Siberia Elite)' : 2 channels at 44.1 kHz using 16 bits per sample (channel mask 0x3)
[2016.02.17-16.32.06:057][300]LogInit: FAudioDevice initialized.
[2016.02.17-16.32.06:093][300]LogWorld: Game class is 'Anthrocratos_UE4GameMode'
[2016.02.17-16.32.06:095][300]LogWorld: Bringing World /Game/Levels/UEDPIE_0_David-Test.David-Test up for play (max tick rate 0) at 2016.02.17-16.32.06
[2016.02.17-16.32.06:095][300]LogActor:Warning: GameSession /Game/Levels/UEDPIE_0_David-Test.David-Test:PersistentLevel.GameSession_7 has natively added scene component(s), but none of them were set as the actor's RootComponent - picking one arbitrarily
[2016.02.17-16.32.06:095][300]LogActor:Warning: GameNetworkManager /Game/Levels/UEDPIE_0_David-Test.David-Test:PersistentLevel.GameNetworkManager_7 has natively added scene component(s), but none of them were set as the actor's RootComponent - picking one arbitrarily
[2016.02.17-16.32.06:095][300]LogWorld: Bringing up level for play took: 0.001703
[2016.02.17-16.32.06:096][300]LogBlueprintUserMessages: [GameTileSpawner_58] TilesGenerated
[2016.02.17-16.32.06:099][300]PIE: Info Play in editor start time for /Game/Levels/UEDPIE_0_David-Test -0.61
[2016.02.17-16.32.10:356][805]LogParticles: Destroying 0 GPU particle simulations for FXSystem 0x000002EB1D8A04A0
[2016.02.17-16.32.15:787][430]LogPlayLevel: PlayLevel: No blueprints needed recompiling
[2016.02.17-16.32.15:787][430]PIE: New page: PIE session: David-Test (17 Feb 2016 16:32:15)
[2016.02.17-16.32.15:787][430]LogPlayLevel: Creating play world package: /Game/Levels/UEDPIE_0_David-Test
[2016.02.17-16.32.15:788][430]LogPlayLevel: PIE: StaticDuplicateObject took: (0.001182s)
[2016.02.17-16.32.15:789][430]LogAIModule: Creating AISystem for world David-Test
[2016.02.17-16.32.15:789][430]LogPlayLevel: PIE: World Init took: (0.000646s)
[2016.02.17-16.32.15:789][430]LogPlayLevel: PIE: Created PIE world by copying editor world from /Game/Levels/David-Test.David-Test to /Game/Levels/UEDPIE_0_David-Test.David-Test (0.001978s)
[2016.02.17-16.32.15:802][430]LogInit: XAudio2 using 'Speakers (SteelSeries Siberia Elite)' : 2 channels at 44.1 kHz using 16 bits per sample (channel mask 0x3)
[2016.02.17-16.32.15:809][430]LogInit: FAudioDevice initialized.
[2016.02.17-16.32.15:844][430]LogWorld: Game class is 'Anthrocratos_UE4GameMode'
[2016.02.17-16.32.15:846][430]LogWorld: Bringing World /Game/Levels/UEDPIE_0_David-Test.David-Test up for play (max tick rate 0) at 2016.02.17-16.32.15
[2016.02.17-16.32.15:846][430]LogActor:Warning: GameSession /Game/Levels/UEDPIE_0_David-Test.David-Test:PersistentLevel.GameSession_8 has natively added scene component(s), but none of them were set as the actor's RootComponent - picking one arbitrarily
[2016.02.17-16.32.15:846][430]LogActor:Warning: GameNetworkManager /Game/Levels/UEDPIE_0_David-Test.David-Test:PersistentLevel.GameNetworkManager_8 has natively added scene component(s), but none of them were set as the actor's RootComponent - picking one arbitrarily
[2016.02.17-16.32.15:846][430]LogWorld: Bringing up level for play took: 0.001354
[2016.02.17-16.32.15:847][430]LogBlueprintUserMessages: [GameTileSpawner_58] TilesGenerated
[2016.02.17-16.32.15:849][430]PIE: Info Play in editor start time for /Game/Levels/UEDPIE_0_David-Test -0.859
[2016.02.17-16.32.17:731][650]LogParticles: Destroying 0 GPU particle simulations for FXSystem 0x000002EB1D042980
[2016.02.17-16.32.20:372][930]LogPlayLevel: PlayLevel: No blueprints needed recompiling
[2016.02.17-16.32.20:372][930]PIE: New page: PIE session: David-Test (17 Feb 2016 16:32:20)
[2016.02.17-16.32.20:372][930]LogPlayLevel: Creating play world package: /Game/Levels/UEDPIE_0_David-Test
[2016.02.17-16.32.20:373][930]LogPlayLevel: PIE: StaticDuplicateObject took: (0.001308s)
[2016.02.17-16.32.20:374][930]LogAIModule: Creating AISystem for world David-Test
[2016.02.17-16.32.20:374][930]LogPlayLevel: PIE: World Init took: (0.000614s)
[2016.02.17-16.32.20:374][930]LogPlayLevel: PIE: Created PIE world by copying editor world from /Game/Levels/David-Test.David-Test to /Game/Levels/UEDPIE_0_David-Test.David-Test (0.002087s)
[2016.02.17-16.32.20:388][930]LogInit: XAudio2 using 'Speakers (SteelSeries Siberia Elite)' : 2 channels at 44.1 kHz using 16 bits per sample (channel mask 0x3)
[2016.02.17-16.32.20:394][930]LogInit: FAudioDevice initialized.
[2016.02.17-16.32.20:430][930]LogWorld: Game class is 'Anthrocratos_UE4GameMode'
[2016.02.17-16.32.20:432][930]LogWorld: Bringing World /Game/Levels/UEDPIE_0_David-Test.David-Test up for play (max tick rate 0) at 2016.02.17-16.32.20
[2016.02.17-16.32.20:432][930]LogActor:Warning: GameSession /Game/Levels/UEDPIE_0_David-Test.David-Test:PersistentLevel.GameSession_9 has natively added scene component(s), but none of them were set as the actor's RootComponent - picking one arbitrarily
[2016.02.17-16.32.20:432][930]LogActor:Warning: GameNetworkManager /Game/Levels/UEDPIE_0_David-Test.David-Test:PersistentLevel.GameNetworkManager_9 has natively added scene component(s), but none of them were set as the actor's RootComponent - picking one arbitrarily
[2016.02.17-16.32.20:432][930]LogWorld: Bringing up level for play took: 0.001380
[2016.02.17-16.32.20:433][930]LogBlueprintUserMessages: [GameTileSpawner_58] TilesGenerated
[2016.02.17-16.32.20:435][930]PIE: Info Play in editor start time for /Game/Levels/UEDPIE_0_David-Test -0.274
[2016.02.17-16.32.21:770][ 84]LogParticles: Destroying 0 GPU particle simulations for FXSystem 0x000002EB1E688900
[2016.02.17-16.32.24:450][394]LogEditorViewport: Clicking on Actor (LMB): CameraMovement_C (CameraMovement)
[2016.02.17-16.32.26:840][676]LogEditorViewport: Clicking on Actor (LMB): GameTileSpawner_C (GameTileSpawner)
[2016.02.17-16.32.30:617][122]LogPlayLevel: PlayLevel: No blueprints needed recompiling
[2016.02.17-16.32.30:617][122]PIE: New page: PIE session: David-Test (17 Feb 2016 16:32:30)
[2016.02.17-16.32.30:617][122]LogPlayLevel: Creating play world package: /Game/Levels/UEDPIE_0_David-Test
[2016.02.17-16.32.30:619][122]LogPlayLevel: PIE: StaticDuplicateObject took: (0.001484s)
[2016.02.17-16.32.30:619][122]LogAIModule: Creating AISystem for world David-Test
[2016.02.17-16.32.30:619][122]LogPlayLevel: PIE: World Init took: (0.000686s)
[2016.02.17-16.32.30:619][122]LogPlayLevel: PIE: Created PIE world by copying editor world from /Game/Levels/David-Test.David-Test to /Game/Levels/UEDPIE_0_David-Test.David-Test (0.002333s)
[2016.02.17-16.32.30:634][122]LogInit: XAudio2 using 'Speakers (SteelSeries Siberia Elite)' : 2 channels at 44.1 kHz using 16 bits per sample (channel mask 0x3)
[2016.02.17-16.32.30:641][122]LogInit: FAudioDevice initialized.
[2016.02.17-16.32.30:673][122]LogWorld: Game class is 'Anthrocratos_UE4GameMode'
[2016.02.17-16.32.30:675][122]LogWorld: Bringing World /Game/Levels/UEDPIE_0_David-Test.David-Test up for play (max tick rate 0) at 2016.02.17-16.32.30
[2016.02.17-16.32.30:675][122]LogActor:Warning: GameSession /Game/Levels/UEDPIE_0_David-Test.David-Test:PersistentLevel.GameSession_10 has natively added scene component(s), but none of them were set as the actor's RootComponent - picking one arbitrarily
[2016.02.17-16.32.30:675][122]LogActor:Warning: GameNetworkManager /Game/Levels/UEDPIE_0_David-Test.David-Test:PersistentLevel.GameNetworkManager_10 has natively added scene component(s), but none of them were set as the actor's RootComponent - picking one arbitrarily
[2016.02.17-16.32.30:675][122]LogWorld: Bringing up level for play took: 0.001542
[2016.02.17-16.32.30:676][122]LogBlueprintUserMessages: [GameTileSpawner_58] TilesGenerated
[2016.02.17-16.32.30:679][122]PIE: Info Play in editor start time for /Game/Levels/UEDPIE_0_David-Test -0.03
[2016.02.17-16.32.32:182][297]LogParticles: Destroying 0 GPU particle simulations for FXSystem 0x000002EB23DDAAC0
[2016.02.17-16.32.36:131][692]LogLinker:Warning: Asset '../../../Engine/Content/ArtTools/RenderToTexture/Macros/RenderToTextureMacros.uasset' has been saved with empty engine version. The asset will be loaded but may be incompatible.
[2016.02.17-16.32.36:465][692]LogContentBrowser: Native class hierarchy updated for 'BlueprintGraph' in 0.0016 seconds. Added 107 classes and 0 folders.
[2016.02.17-16.32.40:307][  1]LogEditorViewport: Clicking on Actor (LMB): CameraMovement_C (CameraMovement)
[2016.02.17-16.32.42:148][200]LogPlayLevel: PlayLevel: No blueprints needed recompiling
[2016.02.17-16.32.42:148][200]PIE: New page: PIE session: David-Test (17 Feb 2016 16:32:42)
[2016.02.17-16.32.42:148][200]LogPlayLevel: Creating play world package: /Game/Levels/UEDPIE_0_David-Test
[2016.02.17-16.32.42:150][200]LogPlayLevel: PIE: StaticDuplicateObject took: (0.001362s)
[2016.02.17-16.32.42:150][200]LogAIModule: Creating AISystem for world David-Test
[2016.02.17-16.32.42:150][200]LogPlayLevel: PIE: World Init took: (0.000581s)
[2016.02.17-16.32.42:150][200]LogPlayLevel: PIE: Created PIE world by copying editor world from /Game/Levels/David-Test.David-Test to /Game/Levels/UEDPIE_0_David-Test.David-Test (0.002102s)
[2016.02.17-16.32.42:207][200]LogInit: XAudio2 using 'Speakers (SteelSeries Siberia Elite)' : 2 channels at 44.1 kHz using 16 bits per sample (channel mask 0x3)
[2016.02.17-16.32.42:213][200]LogInit: FAudioDevice initialized.
[2016.02.17-16.32.42:248][200]LogWorld: Game class is 'Anthrocratos_UE4GameMode'
[2016.02.17-16.32.42:250][200]LogWorld: Bringing World /Game/Levels/UEDPIE_0_David-Test.David-Test up for play (max tick rate 0) at 2016.02.17-16.32.42
[2016.02.17-16.32.42:250][200]LogActor:Warning: GameSession /Game/Levels/UEDPIE_0_David-Test.David-Test:PersistentLevel.GameSession_11 has natively added scene component(s), but none of them were set as the actor's RootComponent - picking one arbitrarily
[2016.02.17-16.32.42:251][200]LogActor:Warning: GameNetworkManager /Game/Levels/UEDPIE_0_David-Test.David-Test:PersistentLevel.GameNetworkManager_11 has natively added scene component(s), but none of them were set as the actor's RootComponent - picking one arbitrarily
[2016.02.17-16.32.42:251][200]LogWorld: Bringing up level for play took: 0.001547
[2016.02.17-16.32.42:252][200]LogBlueprintUserMessages: [GameTileSpawner_58] TilesGenerated
[2016.02.17-16.32.42:254][200]PIE: Info Play in editor start time for /Game/Levels/UEDPIE_0_David-Test -0.455
[2016.02.17-16.32.43:453][335]LogParticles: Destroying 0 GPU particle simulations for FXSystem 0x000002EB3F612F20
[2016.02.17-16.32.46:632][667]LogPlayLevel: PlayLevel: No blueprints needed recompiling
[2016.02.17-16.32.46:632][667]PIE: New page: PIE session: David-Test (17 Feb 2016 16:32:46)
[2016.02.17-16.32.46:632][667]LogPlayLevel: Creating play world package: /Game/Levels/UEDPIE_0_David-Test
[2016.02.17-16.32.46:633][667]LogPlayLevel: PIE: StaticDuplicateObject took: (0.001537s)
[2016.02.17-16.32.46:634][667]LogAIModule: Creating AISystem for world David-Test
[2016.02.17-16.32.46:634][667]LogPlayLevel: PIE: World Init took: (0.000671s)
[2016.02.17-16.32.46:634][667]LogPlayLevel: PIE: Created PIE world by copying editor world from /Game/Levels/David-Test.David-Test to /Game/Levels/UEDPIE_0_David-Test.David-Test (0.002366s)
[2016.02.17-16.32.46:683][667]LogInit: XAudio2 using 'Speakers (SteelSeries Siberia Elite)' : 2 channels at 44.1 kHz using 16 bits per sample (channel mask 0x3)
[2016.02.17-16.32.46:690][667]LogInit: FAudioDevice initialized.
[2016.02.17-16.32.46:724][667]LogWorld: Game class is 'Anthrocratos_UE4GameMode'
[2016.02.17-16.32.46:726][667]LogWorld: Bringing World /Game/Levels/UEDPIE_0_David-Test.David-Test up for play (max tick rate 0) at 2016.02.17-16.32.46
[2016.02.17-16.32.46:726][667]LogActor:Warning: GameSession /Game/Levels/UEDPIE_0_David-Test.David-Test:PersistentLevel.GameSession_12 has natively added scene component(s), but none of them were set as the actor's RootComponent - picking one arbitrarily
[2016.02.17-16.32.46:726][667]LogActor:Warning: GameNetworkManager /Game/Levels/UEDPIE_0_David-Test.David-Test:PersistentLevel.GameNetworkManager_12 has natively added scene component(s), but none of them were set as the actor's RootComponent - picking one arbitrarily
[2016.02.17-16.32.46:726][667]LogWorld: Bringing up level for play took: 0.001576
[2016.02.17-16.32.46:728][667]LogBlueprintUserMessages: [GameTileSpawner_58] TilesGenerated
[2016.02.17-16.32.46:730][667]PIE: Info Play in editor start time for /Game/Levels/UEDPIE_0_David-Test 0.021
[2016.02.17-16.32.49:502][991]LogParticles: Destroying 0 GPU particle simulations for FXSystem 0x000002EB29D33F60
[2016.02.17-16.32.51:341][195]LogEditorViewport: Clicking on Actor (LMB): CameraMovement_C (CameraMovement)
[2016.02.17-16.32.51:390][200]LogEditorViewport: Clicking on Component (LMB): CameraComponent (Camera)
[2016.02.17-16.33.42:855][635]BlueprintLog: New page: Compile CameraMovement
[2016.02.17-16.33.42:961][635]BlueprintEditorCompileResults: Info [0232.77] Compile of CameraMovement successful! [in 105 ms]
[2016.02.17-16.33.44:999][842]LogPlayLevel: PlayLevel: No blueprints needed recompiling
[2016.02.17-16.33.44:999][842]PIE: New page: PIE session: David-Test (17 Feb 2016 16:33:44)
[2016.02.17-16.33.44:999][842]LogPlayLevel: Creating play world package: /Game/Levels/UEDPIE_0_David-Test
[2016.02.17-16.33.45:001][842]LogPlayLevel: PIE: StaticDuplicateObject took: (0.001444s)
[2016.02.17-16.33.45:001][842]LogAIModule: Creating AISystem for world David-Test
[2016.02.17-16.33.45:001][842]LogPlayLevel: PIE: World Init took: (0.000676s)
[2016.02.17-16.33.45:002][842]LogPlayLevel: PIE: Created PIE world by copying editor world from /Game/Levels/David-Test.David-Test to /Game/Levels/UEDPIE_0_David-Test.David-Test (0.002302s)
[2016.02.17-16.33.45:053][842]LogInit: XAudio2 using 'Speakers (SteelSeries Siberia Elite)' : 2 channels at 44.1 kHz using 16 bits per sample (channel mask 0x3)
[2016.02.17-16.33.45:060][842]LogInit: FAudioDevice initialized.
[2016.02.17-16.33.45:095][842]LogWorld: Game class is 'Anthrocratos_UE4GameMode'
[2016.02.17-16.33.45:097][842]LogWorld: Bringing World /Game/Levels/UEDPIE_0_David-Test.David-Test up for play (max tick rate 0) at 2016.02.17-16.33.45
[2016.02.17-16.33.45:097][842]LogActor:Warning: GameSession /Game/Levels/UEDPIE_0_David-Test.David-Test:PersistentLevel.GameSession_13 has natively added scene component(s), but none of them were set as the actor's RootComponent - picking one arbitrarily
[2016.02.17-16.33.45:097][842]LogActor:Warning: GameNetworkManager /Game/Levels/UEDPIE_0_David-Test.David-Test:PersistentLevel.GameNetworkManager_13 has natively added scene component(s), but none of them were set as the actor's RootComponent - picking one arbitrarily
[2016.02.17-16.33.45:097][842]LogWorld: Bringing up level for play took: 0.001480
[2016.02.17-16.33.45:098][842]LogBlueprintUserMessages: [GameTileSpawner_58] TilesGenerated
[2016.02.17-16.33.45:101][842]PIE: Info Play in editor start time for /Game/Levels/UEDPIE_0_David-Test 0.391
[2016.02.17-16.33.49:512][360]LogParticles: Destroying 0 GPU particle simulations for FXSystem 0x000002EB472763E0
[2016.02.17-16.34.05:649][744]BlueprintLog: New page: Compile CameraMovement
[2016.02.17-16.34.05:733][744]BlueprintEditorCompileResults: Info [0255.54] Compile of CameraMovement successful! [in 83 ms]
[2016.02.17-16.34.07:350][904]LogPlayLevel: PlayLevel: No blueprints needed recompiling
[2016.02.17-16.34.07:350][904]PIE: New page: PIE session: David-Test (17 Feb 2016 16:34:07)
[2016.02.17-16.34.07:350][904]LogPlayLevel: Creating play world package: /Game/Levels/UEDPIE_0_David-Test
[2016.02.17-16.34.07:352][904]LogPlayLevel: PIE: StaticDuplicateObject took: (0.001379s)
[2016.02.17-16.34.07:352][904]LogAIModule: Creating AISystem for world David-Test
[2016.02.17-16.34.07:352][904]LogPlayLevel: PIE: World Init took: (0.000567s)
[2016.02.17-16.34.07:352][904]LogPlayLevel: PIE: Created PIE world by copying editor world from /Game/Levels/David-Test.David-Test to /Game/Levels/UEDPIE_0_David-Test.David-Test (0.002090s)
[2016.02.17-16.34.07:403][904]LogInit: XAudio2 using 'Speakers (SteelSeries Siberia Elite)' : 2 channels at 44.1 kHz using 16 bits per sample (channel mask 0x3)
[2016.02.17-16.34.07:410][904]LogInit: FAudioDevice initialized.
[2016.02.17-16.34.07:446][904]LogWorld: Game class is 'Anthrocratos_UE4GameMode'
[2016.02.17-16.34.07:448][904]LogWorld: Bringing World /Game/Levels/UEDPIE_0_David-Test.David-Test up for play (max tick rate 0) at 2016.02.17-16.34.07
[2016.02.17-16.34.07:448][904]LogActor:Warning: GameSession /Game/Levels/UEDPIE_0_David-Test.David-Test:PersistentLevel.GameSession_14 has natively added scene component(s), but none of them were set as the actor's RootComponent - picking one arbitrarily
[2016.02.17-16.34.07:448][904]LogActor:Warning: GameNetworkManager /Game/Levels/UEDPIE_0_David-Test.David-Test:PersistentLevel.GameNetworkManager_14 has natively added scene component(s), but none of them were set as the actor's RootComponent - picking one arbitrarily
[2016.02.17-16.34.07:448][904]LogWorld: Bringing up level for play took: 0.001622
[2016.02.17-16.34.07:449][904]LogBlueprintUserMessages: [GameTileSpawner_58] TilesGenerated
[2016.02.17-16.34.07:452][904]PIE: Info Play in editor start time for /Game/Levels/UEDPIE_0_David-Test 0.743
[2016.02.17-16.34.31:234][714]LogParticles: Destroying 0 GPU particle simulations for FXSystem 0x000002EB4A2BAC00
[2016.02.17-16.34.38:397][263]BlueprintLog: New page: Compile CameraMovement
[2016.02.17-16.34.38:485][263]BlueprintEditorCompileResults: Info [0288.29] Compile of CameraMovement successful! [in 88 ms]
[2016.02.17-16.34.38:986][293]Cmd: OBJ SAVEPACKAGE PACKAGE="/Game/Levels/David-Test" FILE="../../../../../../Anthrocratos/Anthrocratos_UE4/Content/Levels/David-Test.umap" SILENT=true AUTOSAVING=false KEEPDIRTY=false
[2016.02.17-16.34.39:034][293]LogSavePackage: Save=13.340907ms
[2016.02.17-16.34.39:034][293]LogSavePackage: Moving '../../../../../../Anthrocratos/Anthrocratos_UE4/Saved/David-Test1C0FEF3B42663D2EB39575B8F41CFEC3.tmp' to '../../../../../../Anthrocratos/Anthrocratos_UE4/Content/Levels/David-Test.umap'
[2016.02.17-16.34.39:035][293]LogSavePackage: Total save time: 27.208272ms
[2016.02.17-16.34.39:035][293]LogSavePackage:Display: Finished SavePackage ../../../../../../Anthrocratos/Anthrocratos_UE4/Content/Levels/David-Test.umap
[2016.02.17-16.34.39:053][293]LogFileHelpers: Saving map 'David-Test' took 0.160
[2016.02.17-16.34.39:059][293]Cmd: OBJ SAVEPACKAGE PACKAGE="/Game/Blueprints/CameraMovement" FILE="../../../../../../Anthrocratos/Anthrocratos_UE4/Content/Blueprints/CameraMovement.uasset" SILENT=true
[2016.02.17-16.34.39:131][293]LogSavePackage: Save=64.154175ms
[2016.02.17-16.34.39:131][293]LogSavePackage: Moving '../../../../../../Anthrocratos/Anthrocratos_UE4/Saved/CameraMovement8C4FCEB4422E20B8C22F9287567C5186.tmp' to '../../../../../../Anthrocratos/Anthrocratos_UE4/Content/Blueprints/CameraMovement.uasset'
[2016.02.17-16.34.39:133][293]LogSavePackage: Total save time: 73.490940ms
[2016.02.17-16.34.39:133][293]LogSavePackage:Display: Finished SavePackage ../../../../../../Anthrocratos/Anthrocratos_UE4/Content/Blueprints/CameraMovement.uasset
[2016.02.17-16.34.53:346][635]Cmd: OBJ SAVEPACKAGE PACKAGE="/Game/Blueprints/CameraMovement" FILE="../../../../../../Anthrocratos/Anthrocratos_UE4/Content/Blueprints/CameraMovement.uasset" SILENT=true
[2016.02.17-16.34.53:416][635]LogSavePackage: Save=62.839539ms
[2016.02.17-16.34.53:416][635]LogSavePackage: Moving '../../../../../../Anthrocratos/Anthrocratos_UE4/Saved/CameraMovementBD2C797C47F57581F5BB56ADD6170B35.tmp' to '../../../../../../Anthrocratos/Anthrocratos_UE4/Content/Blueprints/CameraMovement.uasset'
[2016.02.17-16.34.53:417][635]LogSavePackage: Total save time: 70.961662ms
[2016.02.17-16.34.53:417][635]LogSavePackage:Display: Finished SavePackage ../../../../../../Anthrocratos/Anthrocratos_UE4/Content/Blueprints/CameraMovement.uasset
[2016.02.17-16.34.54:637][768]BlueprintLog: New page: Pre-Play auto-recompile
[2016.02.17-16.34.54:646][768]LogPlayLevel: [PlayLevel] Compiling CameraMovement before play...
[2016.02.17-16.34.54:704][768]LogPlayLevel: PlayLevel: Blueprint regeneration took 66 ms (1 blueprints)
[2016.02.17-16.34.54:726][768]PIE: New page: PIE session: David-Test (17 Feb 2016 16:34:54)
[2016.02.17-16.34.54:726][768]LogPlayLevel: Creating play world package: /Game/Levels/UEDPIE_0_David-Test
[2016.02.17-16.34.54:728][768]LogPlayLevel: PIE: StaticDuplicateObject took: (0.001576s)
[2016.02.17-16.34.54:728][768]LogAIModule: Creating AISystem for world David-Test
[2016.02.17-16.34.54:728][768]LogPlayLevel: PIE: World Init took: (0.000662s)
[2016.02.17-16.34.54:728][768]LogPlayLevel: PIE: Created PIE world by copying editor world from /Game/Levels/David-Test.David-Test to /Game/Levels/UEDPIE_0_David-Test.David-Test (0.002412s)
[2016.02.17-16.34.54:779][768]LogInit: XAudio2 using 'Speakers (SteelSeries Siberia Elite)' : 2 channels at 44.1 kHz using 16 bits per sample (channel mask 0x3)
[2016.02.17-16.34.54:785][768]LogInit: FAudioDevice initialized.
[2016.02.17-16.34.54:823][768]LogWorld: Game class is 'Anthrocratos_UE4GameMode'
[2016.02.17-16.34.54:825][768]LogWorld: Bringing World /Game/Levels/UEDPIE_0_David-Test.David-Test up for play (max tick rate 0) at 2016.02.17-16.34.54
[2016.02.17-16.34.54:825][768]LogActor:Warning: GameSession /Game/Levels/UEDPIE_0_David-Test.David-Test:PersistentLevel.GameSession_15 has natively added scene component(s), but none of them were set as the actor's RootComponent - picking one arbitrarily
[2016.02.17-16.34.54:825][768]LogActor:Warning: GameNetworkManager /Game/Levels/UEDPIE_0_David-Test.David-Test:PersistentLevel.GameNetworkManager_15 has natively added scene component(s), but none of them were set as the actor's RootComponent - picking one arbitrarily
[2016.02.17-16.34.54:825][768]LogWorld: Bringing up level for play took: 0.001646
[2016.02.17-16.34.54:827][768]LogBlueprintUserMessages: [GameTileSpawner_58] TilesGenerated
[2016.02.17-16.34.54:829][768]PIE: Info Play in editor start time for /Game/Levels/UEDPIE_0_David-Test 0.12
[2016.02.17-16.34.58:233][167]LogParticles: Destroying 0 GPU particle simulations for FXSystem 0x000002EB38A89F80
[2016.02.17-16.35.04:582][702]BlueprintLog: New page: Compile CameraMovement
[2016.02.17-16.35.04:664][702]BlueprintEditorCompileResults: Info [0314.47] Compile of CameraMovement successful! [in 82 ms]
[2016.02.17-16.35.05:163][737]Cmd: OBJ SAVEPACKAGE PACKAGE="/Game/Levels/David-Test" FILE="../../../../../../Anthrocratos/Anthrocratos_UE4/Content/Levels/David-Test.umap" SILENT=true AUTOSAVING=false KEEPDIRTY=false
[2016.02.17-16.35.05:206][737]LogSavePackage: Save=13.321330ms
[2016.02.17-16.35.05:206][737]LogSavePackage: Moving '../../../../../../Anthrocratos/Anthrocratos_UE4/Saved/David-TestE63291F8479344A16B7068A1CF5A719A.tmp' to '../../../../../../Anthrocratos/Anthrocratos_UE4/Content/Levels/David-Test.umap'
[2016.02.17-16.35.05:207][737]LogSavePackage: Total save time: 22.121701ms
[2016.02.17-16.35.05:207][737]LogSavePackage:Display: Finished SavePackage ../../../../../../Anthrocratos/Anthrocratos_UE4/Content/Levels/David-Test.umap
[2016.02.17-16.35.05:225][737]LogFileHelpers: Saving map 'David-Test' took 0.148
[2016.02.17-16.35.05:229][737]Cmd: OBJ SAVEPACKAGE PACKAGE="/Game/Blueprints/CameraMovement" FILE="../../../../../../Anthrocratos/Anthrocratos_UE4/Content/Blueprints/CameraMovement.uasset" SILENT=true
[2016.02.17-16.35.05:303][737]LogSavePackage: Save=65.941956ms
[2016.02.17-16.35.05:303][737]LogSavePackage: Moving '../../../../../../Anthrocratos/Anthrocratos_UE4/Saved/CameraMovementE876CD994BD9F1F8A98322B6CCC2E854.tmp' to '../../../../../../Anthrocratos/Anthrocratos_UE4/Content/Blueprints/CameraMovement.uasset'
[2016.02.17-16.35.05:304][737]LogSavePackage: Total save time: 74.499279ms
[2016.02.17-16.35.05:304][737]LogSavePackage:Display: Finished SavePackage ../../../../../../Anthrocratos/Anthrocratos_UE4/Content/Blueprints/CameraMovement.uasset
[2016.02.17-16.35.06:648][883]LogPlayLevel: PlayLevel: No blueprints needed recompiling
[2016.02.17-16.35.06:648][883]PIE: New page: PIE session: David-Test (17 Feb 2016 16:35:06)
[2016.02.17-16.35.06:648][883]LogPlayLevel: Creating play world package: /Game/Levels/UEDPIE_0_David-Test
[2016.02.17-16.35.06:649][883]LogPlayLevel: PIE: StaticDuplicateObject took: (0.001550s)
[2016.02.17-16.35.06:650][883]LogAIModule: Creating AISystem for world David-Test
[2016.02.17-16.35.06:650][883]LogPlayLevel: PIE: World Init took: (0.000605s)
[2016.02.17-16.35.06:650][883]LogPlayLevel: PIE: Created PIE world by copying editor world from /Game/Levels/David-Test.David-Test to /Game/Levels/UEDPIE_0_David-Test.David-Test (0.002305s)
[2016.02.17-16.35.06:700][883]LogInit: XAudio2 using 'Speakers (SteelSeries Siberia Elite)' : 2 channels at 44.1 kHz using 16 bits per sample (channel mask 0x3)
[2016.02.17-16.35.06:707][883]LogInit: FAudioDevice initialized.
[2016.02.17-16.35.06:743][883]LogWorld: Game class is 'Anthrocratos_UE4GameMode'
[2016.02.17-16.35.06:745][883]LogWorld: Bringing World /Game/Levels/UEDPIE_0_David-Test.David-Test up for play (max tick rate 0) at 2016.02.17-16.35.06
[2016.02.17-16.35.06:745][883]LogActor:Warning: GameSession /Game/Levels/UEDPIE_0_David-Test.David-Test:PersistentLevel.GameSession_16 has natively added scene component(s), but none of them were set as the actor's RootComponent - picking one arbitrarily
[2016.02.17-16.35.06:745][883]LogActor:Warning: GameNetworkManager /Game/Levels/UEDPIE_0_David-Test.David-Test:PersistentLevel.GameNetworkManager_16 has natively added scene component(s), but none of them were set as the actor's RootComponent - picking one arbitrarily
[2016.02.17-16.35.06:745][883]LogWorld: Bringing up level for play took: 0.001624
[2016.02.17-16.35.06:746][883]LogBlueprintUserMessages: [GameTileSpawner_58] TilesGenerated
[2016.02.17-16.35.06:749][883]PIE: Info Play in editor start time for /Game/Levels/UEDPIE_0_David-Test 0.04
[2016.02.17-16.35.11:952][497]LogParticles: Destroying 0 GPU particle simulations for FXSystem 0x000002EB4062A5C0
[2016.02.17-16.35.15:180][760]Cmd: OBJ SAVEPACKAGE PACKAGE="/Game/Blueprints/CameraMovement" FILE="../../../../../../Anthrocratos/Anthrocratos_UE4/Content/Blueprints/CameraMovement.uasset" SILENT=true
[2016.02.17-16.35.15:256][760]LogSavePackage: Save=68.585686ms
[2016.02.17-16.35.15:256][760]LogSavePackage: Moving '../../../../../../Anthrocratos/Anthrocratos_UE4/Saved/CameraMovement9A573EB947518EF8F444FB9EFFE9C782.tmp' to '../../../../../../Anthrocratos/Anthrocratos_UE4/Content/Blueprints/CameraMovement.uasset'
[2016.02.17-16.35.15:258][760]LogSavePackage: Total save time: 76.994829ms
[2016.02.17-16.35.15:258][760]LogSavePackage:Display: Finished SavePackage ../../../../../../Anthrocratos/Anthrocratos_UE4/Content/Blueprints/CameraMovement.uasset
[2016.02.17-16.35.16:066][838]BlueprintLog: New page: Compile CameraMovement
[2016.02.17-16.35.16:147][838]BlueprintEditorCompileResults: Info [0325.95] Compile of CameraMovement successful! [in 81 ms]
[2016.02.17-16.35.16:797][888]Cmd: OBJ SAVEPACKAGE PACKAGE="/Game/Levels/David-Test" FILE="../../../../../../Anthrocratos/Anthrocratos_UE4/Content/Levels/David-Test.umap" SILENT=true AUTOSAVING=false KEEPDIRTY=false
[2016.02.17-16.35.16:840][888]LogSavePackage: Save=14.001688ms
[2016.02.17-16.35.16:840][888]LogSavePackage: Moving '../../../../../../Anthrocratos/Anthrocratos_UE4/Saved/David-Test95CB26F54FE62E175A4421B2A6FDE567.tmp' to '../../../../../../Anthrocratos/Anthrocratos_UE4/Content/Levels/David-Test.umap'
[2016.02.17-16.35.16:842][888]LogSavePackage: Total save time: 22.393364ms
[2016.02.17-16.35.16:842][888]LogSavePackage:Display: Finished SavePackage ../../../../../../Anthrocratos/Anthrocratos_UE4/Content/Levels/David-Test.umap
[2016.02.17-16.35.16:859][888]LogFileHelpers: Saving map 'David-Test' took 0.148
[2016.02.17-16.37.11:705][216]BlueprintLog: New page: Compile CameraMovement
[2016.02.17-16.37.11:788][216]BlueprintEditorCompileResults: Info [0441.59] Compile of CameraMovement successful! [in 83 ms]
[2016.02.17-16.37.22:008][976]LogPlayLevel: PlayLevel: No blueprints needed recompiling
[2016.02.17-16.37.22:008][976]PIE: New page: PIE session: David-Test (17 Feb 2016 16:37:22)
[2016.02.17-16.37.22:008][976]LogPlayLevel: Creating play world package: /Game/Levels/UEDPIE_0_David-Test
[2016.02.17-16.37.22:009][976]LogPlayLevel: PIE: StaticDuplicateObject took: (0.001241s)
[2016.02.17-16.37.22:010][976]LogAIModule: Creating AISystem for world David-Test
[2016.02.17-16.37.22:010][976]LogPlayLevel: PIE: World Init took: (0.000577s)
[2016.02.17-16.37.22:010][976]LogPlayLevel: PIE: Created PIE world by copying editor world from /Game/Levels/David-Test.David-Test to /Game/Levels/UEDPIE_0_David-Test.David-Test (0.001968s)
[2016.02.17-16.37.22:029][976]LogParticles: Destroying 0 GPU particle simulations for FXSystem 0x000002EB23DDBCE0
[2016.02.17-16.37.22:060][976]LogInit: XAudio2 using 'Speakers (SteelSeries Siberia Elite)' : 2 channels at 44.1 kHz using 16 bits per sample (channel mask 0x3)
[2016.02.17-16.37.22:067][976]LogInit: FAudioDevice initialized.
[2016.02.17-16.37.22:100][976]LogWorld: Game class is 'Anthrocratos_UE4GameMode'
[2016.02.17-16.37.22:102][976]LogWorld: Bringing World /Game/Levels/UEDPIE_0_David-Test.David-Test up for play (max tick rate 0) at 2016.02.17-16.37.22
[2016.02.17-16.37.22:102][976]LogActor:Warning: GameSession /Game/Levels/UEDPIE_0_David-Test.David-Test:PersistentLevel.GameSession_17 has natively added scene component(s), but none of them were set as the actor's RootComponent - picking one arbitrarily
[2016.02.17-16.37.22:102][976]LogActor:Warning: GameNetworkManager /Game/Levels/UEDPIE_0_David-Test.David-Test:PersistentLevel.GameNetworkManager_17 has natively added scene component(s), but none of them were set as the actor's RootComponent - picking one arbitrarily
[2016.02.17-16.37.22:103][976]LogWorld: Bringing up level for play took: 0.001572
[2016.02.17-16.37.22:104][976]LogBlueprintUserMessages: [GameTileSpawner_58] TilesGenerated
[2016.02.17-16.37.22:106][976]PIE: Info Play in editor start time for /Game/Levels/UEDPIE_0_David-Test -0.603
[2016.02.17-16.37.24:568][263]LogParticles: Destroying 0 GPU particle simulations for FXSystem 0x000002EB39B39580
[2016.02.17-16.43.57:020][823]LogEditorViewport: Clicking on Actor (LMB): BP_Sky_Sphere_C (Sky Sphere)
[2016.02.17-16.43.58:226][962]LogPlayLevel: PlayLevel: No blueprints needed recompiling
[2016.02.17-16.43.58:226][962]PIE: New page: PIE session: David-Test (17 Feb 2016 16:43:58)
[2016.02.17-16.43.58:226][962]LogPlayLevel: Creating play world package: /Game/Levels/UEDPIE_0_David-Test
[2016.02.17-16.43.58:228][962]LogPlayLevel: PIE: StaticDuplicateObject took: (0.001574s)
[2016.02.17-16.43.58:228][962]LogAIModule: Creating AISystem for world David-Test
[2016.02.17-16.43.58:229][962]LogPlayLevel: PIE: World Init took: (0.000826s)
[2016.02.17-16.43.58:229][962]LogPlayLevel: PIE: Created PIE world by copying editor world from /Game/Levels/David-Test.David-Test to /Game/Levels/UEDPIE_0_David-Test.David-Test (0.002562s)
[2016.02.17-16.43.58:256][962]LogInit: XAudio2 using 'Speakers (SteelSeries Siberia Elite)' : 2 channels at 44.1 kHz using 16 bits per sample (channel mask 0x3)
[2016.02.17-16.43.58:263][962]LogInit: FAudioDevice initialized.
[2016.02.17-16.43.58:296][962]LogWorld: Game class is 'Anthrocratos_UE4GameMode'
[2016.02.17-16.43.58:299][962]LogWorld: Bringing World /Game/Levels/UEDPIE_0_David-Test.David-Test up for play (max tick rate 0) at 2016.02.17-16.43.58
[2016.02.17-16.43.58:299][962]LogActor:Warning: GameSession /Game/Levels/UEDPIE_0_David-Test.David-Test:PersistentLevel.GameSession_18 has natively added scene component(s), but none of them were set as the actor's RootComponent - picking one arbitrarily
[2016.02.17-16.43.58:299][962]LogActor:Warning: GameNetworkManager /Game/Levels/UEDPIE_0_David-Test.David-Test:PersistentLevel.GameNetworkManager_18 has natively added scene component(s), but none of them were set as the actor's RootComponent - picking one arbitrarily
[2016.02.17-16.43.58:299][962]LogWorld: Bringing up level for play took: 0.001822
[2016.02.17-16.43.58:300][962]LogBlueprintUserMessages: [GameTileSpawner_58] TilesGenerated
[2016.02.17-16.43.58:303][962]PIE: Info Play in editor start time for /Game/Levels/UEDPIE_0_David-Test -0.406
[2016.02.17-16.44.01:148][295]LogParticles: Destroying 0 GPU particle simulations for FXSystem 0x000002EB2A0ACF40
[2016.02.17-16.44.09:974][ 37]Cmd: OBJ SAVEPACKAGE PACKAGE="/Game/Levels/David-Test" FILE="../../../../../../Anthrocratos/Anthrocratos_UE4/Content/Levels/David-Test.umap" SILENT=true AUTOSAVING=false KEEPDIRTY=false
[2016.02.17-16.44.10:017][ 37]LogSavePackage: Save=13.520709ms
[2016.02.17-16.44.10:017][ 37]LogSavePackage: Moving '../../../../../../Anthrocratos/Anthrocratos_UE4/Saved/David-TestF891DF084DE187B67F8AC8825BEA3F0D.tmp' to '../../../../../../Anthrocratos/Anthrocratos_UE4/Content/Levels/David-Test.umap'
[2016.02.17-16.44.10:018][ 37]LogSavePackage: Total save time: 23.154739ms
[2016.02.17-16.44.10:018][ 37]LogSavePackage:Display: Finished SavePackage ../../../../../../Anthrocratos/Anthrocratos_UE4/Content/Levels/David-Test.umap
[2016.02.17-16.44.10:037][ 37]LogFileHelpers: Saving map 'David-Test' took 0.152
[2016.02.17-16.44.10:283][ 38]Cmd: QUIT_EDITOR
[2016.02.17-16.44.10:743][ 38]LogWindowsTextInputMethodSystem:Display: IME system now deactivated.
[2016.02.17-16.44.10:800][ 38]LogExit: Preparing to exit.
[2016.02.17-16.44.11:808][ 38]LogExit: Editor shut down
[2016.02.17-16.44.11:808][ 38]LogExit: Transaction tracking system shut down
[2016.02.17-16.44.11:809][ 38]LogParticles: Destroying 0 GPU particle simulations for FXSystem 0x000002EB6753B880
[2016.02.17-16.44.11:809][ 38]LogParticles: Destroying 0 GPU particle simulations for FXSystem 0x000002EB67A65760
[2016.02.17-16.44.11:809][ 38]LogParticles: Destroying 0 GPU particle simulations for FXSystem 0x000002EB15A27420
[2016.02.17-16.44.11:811][ 38]LogParticles: Destroying 0 GPU particle simulations for FXSystem 0x000002EB67A66520
[2016.02.17-16.44.11:990][ 38]LogExit: Object subsystem successfully closed.
[2016.02.17-16.44.12:004][ 38]LogD3D11RHI: Shutdown
[2016.02.17-16.44.12:004][ 38]LogD3D11RHI: CleanupD3DDevice
[2016.02.17-16.44.12:094][ 38]LogD3D11RHI: ~FD3D11DynamicRHI
[2016.02.17-16.44.12:109][ 38]LogModuleManager: Shutting down and abandoning module CookingStats (201)
[2016.02.17-16.44.12:110][ 38]LogModuleManager: Shutting down and abandoning module BlueprintGraph (200)
[2016.02.17-16.44.12:110][ 38]LogModuleManager: Shutting down and abandoning module CrashTracker (199)
[2016.02.17-16.44.12:110][ 38]LogModuleManager: Shutting down and abandoning module SceneOutliner (198)
[2016.02.17-16.44.12:110][ 38]LogModuleManager: Shutting down and abandoning module SuperSearch (197)
[2016.02.17-16.44.12:110][ 38]LogModuleManager: Shutting down and abandoning module WidgetCarousel (196)
[2016.02.17-16.44.12:110][ 38]LogModuleManager: Shutting down and abandoning module AddContentDialog (195)
[2016.02.17-16.44.12:110][ 38]LogModuleManager: Shutting down and abandoning module EditorWidgets (194)
[2016.02.17-16.44.12:111][ 38]LogModuleManager: Shutting down and abandoning module CollectionManager (193)
[2016.02.17-16.44.12:111][ 38]LogModuleManager: Shutting down and abandoning module StatsViewer (192)
[2016.02.17-16.44.12:111][ 38]LogModuleManager: Shutting down and abandoning module FoliageEdit (191)
[2016.02.17-16.44.12:111][ 38]LogModuleManager: Shutting down and abandoning module LandscapeEditor (190)
[2016.02.17-16.44.12:111][ 38]LogModuleManager: Shutting down and abandoning module ActorPickerMode (189)
[2016.02.17-16.44.12:111][ 38]LogModuleManager: Shutting down and abandoning module GeometryMode (188)
[2016.02.17-16.44.12:111][ 38]LogModuleManager: Shutting down and abandoning module TextureAlignMode (187)
[2016.02.17-16.44.12:111][ 38]LogModuleManager: Shutting down and abandoning module BspMode (186)
[2016.02.17-16.44.12:111][ 38]LogModuleManager: Shutting down and abandoning module PlacementMode (185)
[2016.02.17-16.44.12:111][ 38]LogModuleManager: Shutting down and abandoning module AutomationWorker (184)
[2016.02.17-16.44.12:111][ 38]LogModuleManager: Shutting down and abandoning module CharacterAI (183)
[2016.02.17-16.44.12:111][ 38]LogModuleManager: Shutting down and abandoning module SmartSnapping (182)
[2016.02.17-16.44.12:111][ 38]LogModuleManager: Shutting down and abandoning module ViewportSnapping (181)
[2016.02.17-16.44.12:111][ 38]LogModuleManager: Shutting down and abandoning module LogVisualizer (180)
[2016.02.17-16.44.12:111][ 38]LogModuleManager: Shutting down and abandoning module GameProjectGeneration (179)
[2016.02.17-16.44.12:111][ 38]LogModuleManager: Shutting down and abandoning module IntroTutorials (178)
[2016.02.17-16.44.12:111][ 38]LogModuleManager: Shutting down and abandoning module EditorLiveStreaming (177)
[2016.02.17-16.44.12:111][ 38]LogModuleManager: Shutting down and abandoning module IOSPlatformEditor (176)
[2016.02.17-16.44.12:111][ 38]LogModuleManager: Shutting down and abandoning module HTML5PlatformEditor (175)
[2016.02.17-16.44.12:111][ 38]LogModuleManager: Shutting down and abandoning module AndroidDeviceDetection (174)
[2016.02.17-16.44.12:587][ 38]LogModuleManager: Shutting down and abandoning module AndroidPlatformEditor (173)
[2016.02.17-16.44.12:587][ 38]LogModuleManager: Shutting down and abandoning module IOSRuntimeSettings (172)
[2016.02.17-16.44.12:587][ 38]LogModuleManager: Shutting down and abandoning module AndroidRuntimeSettings (171)
[2016.02.17-16.44.12:587][ 38]LogModuleManager: Shutting down and abandoning module MergeActors (170)
[2016.02.17-16.44.12:587][ 38]LogModuleManager: Shutting down and abandoning module SizeMap (169)
[2016.02.17-16.44.12:587][ 38]LogModuleManager: Shutting down and abandoning module TreeMap (168)
[2016.02.17-16.44.12:587][ 38]LogModuleManager: Shutting down and abandoning module ReferenceViewer (167)
[2016.02.17-16.44.12:587][ 38]LogModuleManager: Shutting down and abandoning module LocalizationService (166)
[2016.02.17-16.44.12:587][ 38]LogModuleManager: Shutting down and abandoning module LocalizationDashboard (165)
[2016.02.17-16.44.12:587][ 38]LogModuleManager: Shutting down and abandoning module HardwareTargeting (164)
[2016.02.17-16.44.12:587][ 38]LogModuleManager: Shutting down and abandoning module DeviceProfileEditor (163)
[2016.02.17-16.44.12:587][ 38]LogModuleManager: Shutting down and abandoning module UndoHistory (162)
[2016.02.17-16.44.12:587][ 38]LogModuleManager: Shutting down and abandoning module GameplayTagsEditor (161)
[2016.02.17-16.44.12:587][ 38]LogModuleManager: Shutting down and abandoning module UserFeedback (160)
[2016.02.17-16.44.12:587][ 38]LogModuleManager: Shutting down and abandoning module XmlParser (159)
[2016.02.17-16.44.12:587][ 38]LogModuleManager: Shutting down and abandoning module Blutility (158)
[2016.02.17-16.44.12:587][ 38]LogModuleManager: Shutting down and abandoning module ProjectTargetPlatformEditor (157)
[2016.02.17-16.44.12:587][ 38]LogModuleManager: Shutting down and abandoning module ProjectSettingsViewer (156)
[2016.02.17-16.44.12:587][ 38]LogModuleManager: Shutting down and abandoning module InputBindingEditor (155)
[2016.02.17-16.44.12:587][ 38]LogModuleManager: Shutting down and abandoning module EditorSettingsViewer (154)
[2016.02.17-16.44.12:587][ 38]LogModuleManager: Shutting down and abandoning module SettingsEditor (153)
[2016.02.17-16.44.12:587][ 38]LogModuleManager: Shutting down and abandoning module ProjectLauncher (152)
[2016.02.17-16.44.12:587][ 38]LogModuleManager: Shutting down and abandoning module SessionFrontend (151)
[2016.02.17-16.44.12:587][ 38]LogModuleManager: Shutting down and abandoning module ProfilerClient (150)
[2016.02.17-16.44.12:587][ 38]LogModuleManager: Shutting down and abandoning module TargetDeviceServices (149)
[2016.02.17-16.44.12:587][ 38]LogModuleManager: Shutting down and abandoning module DeviceManager (148)
[2016.02.17-16.44.12:588][ 38]LogModuleManager: Shutting down and abandoning module AutomationController (147)
[2016.02.17-16.44.12:588][ 38]LogModuleManager: Shutting down and abandoning module AutomationWindow (146)
[2016.02.17-16.44.12:588][ 38]LogModuleManager: Shutting down and abandoning module Layers (145)
[2016.02.17-16.44.12:588][ 38]LogModuleManager: Shutting down and abandoning module ComponentVisualizers (144)
[2016.02.17-16.44.12:588][ 38]LogModuleManager: Shutting down and abandoning module DetailCustomizations (143)
[2016.02.17-16.44.12:588][ 38]LogModuleManager: Shutting down and abandoning module PackagesDialog (142)
[2016.02.17-16.44.12:588][ 38]LogModuleManager: Shutting down and abandoning module Persona (141)
[2016.02.17-16.44.12:588][ 38]LogModuleManager: Shutting down and abandoning module Kismet (140)
[2016.02.17-16.44.12:588][ 38]LogModuleManager: Shutting down and abandoning module GraphEditor (139)
[2016.02.17-16.44.12:588][ 38]LogModuleManager: Shutting down and abandoning module ClassViewer (138)
[2016.02.17-16.44.12:588][ 38]LogModuleManager: Shutting down and abandoning module Toolbox (137)
[2016.02.17-16.44.12:588][ 38]LogModuleManager: Shutting down and abandoning module ModuleUI (136)
[2016.02.17-16.44.12:588][ 38]LogModuleManager: Shutting down and abandoning module MovieSceneTools (135)
[2016.02.17-16.44.12:588][ 38]LogModuleManager: Shutting down and abandoning module OutputLog (134)
[2016.02.17-16.44.12:588][ 38]LogModuleManager: Shutting down and abandoning module GammaUI (133)
[2016.02.17-16.44.12:588][ 38]LogModuleManager: Shutting down and abandoning module Documentation (132)
[2016.02.17-16.44.12:588][ 38]LogModuleManager: Shutting down and abandoning module GameLiveStreaming (131)
[2016.02.17-16.44.12:588][ 38]LogModuleManager: Shutting down and abandoning module StreamingPauseRendering (130)
[2016.02.17-16.44.12:588][ 38]LogModuleManager: Shutting down and abandoning module AnalyticsET (129)
[2016.02.17-16.44.12:588][ 38]LogModuleManager: Shutting down and abandoning module Analytics (128)
[2016.02.17-16.44.12:588][ 38]LogModuleManager: Shutting down and abandoning module AITestSuite (127)
[2016.02.17-16.44.12:588][ 38]LogModuleManager: Shutting down and abandoning module GameplayDebugger (126)
[2016.02.17-16.44.12:588][ 38]LogModuleManager: Shutting down and abandoning module AIModule (125)
[2016.02.17-16.44.12:588][ 38]LogModuleManager: Shutting down and abandoning module ProfilerService (124)
[2016.02.17-16.44.12:752][ 38]LogModuleManager: Shutting down and abandoning module TaskGraph (123)
[2016.02.17-16.44.12:752][ 38]LogModuleManager: Shutting down and abandoning module SlateRemote (122)
[2016.02.17-16.44.12:752][ 38]LogModuleManager: Shutting down and abandoning module SteamVRController (121)
[2016.02.17-16.44.12:753][ 38]LogModuleManager: Shutting down and abandoning module SteamVR (120)
[2016.02.17-16.44.12:753][ 38]LogModuleManager: Shutting down and abandoning module ProceduralMeshComponent (119)
[2016.02.17-16.44.12:753][ 38]LogModuleManager: Shutting down and abandoning module OculusLibrary (118)
[2016.02.17-16.44.12:753][ 38]LogModuleManager: Shutting down and abandoning module OculusInput (117)
[2016.02.17-16.44.12:753][ 38]LogModuleManager: Shutting down and abandoning module LeapMotionController (116)
[2016.02.17-16.44.12:781][ 38]LogModuleManager: Shutting down and abandoning module CustomMeshComponent (115)
[2016.02.17-16.44.12:781][ 38]LogModuleManager: Shutting down and abandoning module CableComponent (114)
[2016.02.17-16.44.12:781][ 38]LogModuleManager: Shutting down and abandoning module ArchVisCharacter (113)
[2016.02.17-16.44.12:781][ 38]LogModuleManager: Shutting down and abandoning module MessagingDebugger (112)
[2016.02.17-16.44.12:781][ 38]LogModuleManager: Shutting down and abandoning module MediaPlayerEditor (111)
[2016.02.17-16.44.12:781][ 38]LogModuleManager: Shutting down and abandoning module HTML5Networking (110)
[2016.02.17-16.44.12:781][ 38]LogModuleManager: Shutting down and abandoning module SpeedTreeImporter (109)
[2016.02.17-16.44.12:781][ 38]LogModuleManager: Shutting down and abandoning module PluginBrowser (108)
[2016.02.17-16.44.12:781][ 38]LogModuleManager: Shutting down and abandoning module EpicSurvey (107)
[2016.02.17-16.44.12:781][ 38]LogModuleManager: Shutting down and abandoning module DesktopPlatform (106)
[2016.02.17-16.44.12:781][ 38]LogModuleManager: Shutting down and abandoning module VisualStudioSourceCodeAccess (105)
[2016.02.17-16.44.12:781][ 38]LogModuleManager: Shutting down and abandoning module UObjectPlugin (104)
[2016.02.17-16.44.12:781][ 38]LogModuleManager: Shutting down and abandoning module SubversionSourceControl (103)
[2016.02.17-16.44.12:781][ 38]LogModuleManager: Shutting down and abandoning module PerforceSourceControl (102)
[2016.02.17-16.44.12:781][ 38]LogModuleManager: Shutting down and abandoning module SourceControl (101)
[2016.02.17-16.44.12:781][ 38]LogModuleManager: Shutting down and abandoning module GitSourceControl (100)
[2016.02.17-16.44.12:781][ 38]LogModuleManager: Shutting down and abandoning module LightPropagationVolumeEditor (99)
[2016.02.17-16.44.12:781][ 38]LogModuleManager: Shutting down and abandoning module PaperTiledImporter (98)
[2016.02.17-16.44.12:781][ 38]LogModuleManager: Shutting down and abandoning module PaperSpriteSheetImporter (97)
[2016.02.17-16.44.12:781][ 38]LogModuleManager: Shutting down and abandoning module MeshPaint (96)
[2016.02.17-16.44.12:781][ 38]LogModuleManager: Shutting down and abandoning module SlateReflector (95)
[2016.02.17-16.44.12:781][ 38]LogModuleManager: Shutting down and abandoning module HotReload (94)
[2016.02.17-16.44.12:781][ 38]LogModuleManager: Shutting down and abandoning module MainFrame (93)
[2016.02.17-16.44.12:782][ 38]LogModuleManager: Shutting down and abandoning module LevelEditor (92)
[2016.02.17-16.44.12:783][ 38]LogModuleManager: Shutting down and abandoning module DirectoryWatcher (91)
[2016.02.17-16.44.12:783][ 38]LogModuleManager: Shutting down and abandoning module AssetRegistry (90)
[2016.02.17-16.44.12:897][ 38]LogModuleManager: Shutting down and abandoning module ContentBrowser (89)
[2016.02.17-16.44.12:898][ 38]LogModuleManager: Shutting down and abandoning module Paper2DEditor (88)
[2016.02.17-16.44.12:898][ 38]LogModuleManager: Shutting down and abandoning module Anthrocratos_UE4 (87)
[2016.02.17-16.44.12:898][ 38]LogModuleManager: Shutting down and abandoning module UdpMessaging (86)
[2016.02.17-16.44.12:998][ 38]LogModuleManager: Shutting down and abandoning module LightPropagationVolumeRuntime (85)
[2016.02.17-16.44.12:998][ 38]LogModuleManager: Shutting down and abandoning module Paper2D (84)
[2016.02.17-16.44.12:998][ 38]LogModuleManager: Shutting down and abandoning module WindowsMoviePlayer (83)
[2016.02.17-16.44.13:001][ 38]LogModuleManager: Shutting down and abandoning module Media (82)
[2016.02.17-16.44.13:001][ 38]LogModuleManager: Shutting down and abandoning module WmfMedia (81)
[2016.02.17-16.44.13:001][ 38]LogModuleManager: Shutting down and abandoning module OnlineBlueprintSupport (80)
[2016.02.17-16.44.13:001][ 38]LogModuleManager: Shutting down and abandoning module GameplayTasksEditor (79)
[2016.02.17-16.44.13:001][ 38]LogModuleManager: Shutting down and abandoning module PropertyEditor (78)
[2016.02.17-16.44.13:001][ 38]LogModuleManager: Shutting down and abandoning module BehaviorTreeEditor (77)
[2016.02.17-16.44.13:001][ 38]LogModuleManager: Shutting down and abandoning module FunctionalTesting (76)
[2016.02.17-16.44.13:001][ 38]LogModuleManager: Shutting down and abandoning module CollisionAnalyzer (75)
[2016.02.17-16.44.13:001][ 38]LogModuleManager: Shutting down and abandoning module WorkspaceMenuStructure (74)
[2016.02.17-16.44.13:001][ 38]LogModuleManager: Shutting down and abandoning module MessageLog (73)
[2016.02.17-16.44.13:001][ 38]LogModuleManager: Shutting down and abandoning module Sequencer (72)
[2016.02.17-16.44.13:001][ 38]LogModuleManager: Shutting down and abandoning module AssetTools (71)
[2016.02.17-16.44.13:001][ 38]LogModuleManager: Shutting down and abandoning module UMGEditor (70)
[2016.02.17-16.44.13:001][ 38]LogModuleManager: Shutting down and abandoning module UMG (69)
[2016.02.17-16.44.13:001][ 38]LogModuleManager: Shutting down and abandoning module Slate (68)
[2016.02.17-16.44.13:001][ 38]LogModuleManager: Shutting down and abandoning module EditorStyle (67)
[2016.02.17-16.44.13:003][ 38]LogModuleManager: Shutting down and abandoning module SessionServices (66)
[2016.02.17-16.44.13:003][ 38]LogModuleManager: Shutting down and abandoning module SourceCodeAccess (65)
[2016.02.17-16.44.13:003][ 38]LogModuleManager: Shutting down and abandoning module HeadMountedDisplay (64)
[2016.02.17-16.44.13:003][ 38]LogModuleManager: Shutting down and abandoning module XAudio2 (63)
[2016.02.17-16.44.13:003][ 38]LogModuleManager: Shutting down and abandoning module Networking (61)
[2016.02.17-16.44.13:003][ 38]LogModuleManager: Shutting down and abandoning module Core (60)
[2016.02.17-16.44.13:003][ 38]LogModuleManager: Shutting down and abandoning module KismetCompiler (59)
[2016.02.17-16.44.13:003][ 38]LogModuleManager: Shutting down and abandoning module PhysXFormats (58)
[2016.02.17-16.44.13:003][ 38]LogModuleManager: Shutting down and abandoning module MeshUtilities (57)
[2016.02.17-16.44.13:003][ 38]LogModuleManager: Shutting down and abandoning module DerivedDataCache (56)
[2016.02.17-16.44.13:050][ 38]LogDerivedDataCache: Shutdown
[2016.02.17-16.44.13:050][ 38]LogModuleManager: Shutting down and abandoning module ShaderFormatOpenGL (55)
[2016.02.17-16.44.13:050][ 38]LogModuleManager: Shutting down and abandoning module ShaderFormatD3D (54)
[2016.02.17-16.44.13:050][ 38]LogModuleManager: Shutting down and abandoning module MetalShaderFormat (53)
[2016.02.17-16.44.13:050][ 38]LogModuleManager: Shutting down and abandoning module TextureFormatUncompressed (52)
[2016.02.17-16.44.13:050][ 38]LogModuleManager: Shutting down and abandoning module TextureFormatPVR (51)
[2016.02.17-16.44.13:050][ 38]LogModuleManager: Shutting down and abandoning module TextureFormatIntelISPCTexComp (50)
[2016.02.17-16.44.13:050][ 38]LogModuleManager: Shutting down and abandoning module TextureFormatDXT (49)
[2016.02.17-16.44.13:050][ 38]LogModuleManager: Shutting down and abandoning module ImageWrapper (48)
[2016.02.17-16.44.13:050][ 38]LogModuleManager: Shutting down and abandoning module TextureFormatASTC (47)
[2016.02.17-16.44.13:050][ 38]LogModuleManager: Shutting down and abandoning module TextureFormatAndroid (46)
[2016.02.17-16.44.13:050][ 38]LogModuleManager: Shutting down and abandoning module AudioFormatOpus (45)
[2016.02.17-16.44.13:050][ 38]LogModuleManager: Shutting down and abandoning module AudioFormatOgg (44)
[2016.02.17-16.44.13:050][ 38]LogModuleManager: Shutting down and abandoning module AudioFormatADPCM (43)
[2016.02.17-16.44.13:050][ 38]LogModuleManager: Shutting down and abandoning module LinuxTargetPlatform (42)
[2016.02.17-16.44.13:050][ 38]LogModuleManager: Shutting down and abandoning module LinuxServerTargetPlatform (41)
[2016.02.17-16.44.13:050][ 38]LogModuleManager: Shutting down and abandoning module LinuxNoEditorTargetPlatform (40)
[2016.02.17-16.44.13:050][ 38]LogModuleManager: Shutting down and abandoning module Messaging (39)
[2016.02.17-16.44.13:050][ 38]LogModuleManager: Shutting down and abandoning module IOSTargetPlatform (38)
[2016.02.17-16.44.13:050][ 38]LogModuleManager: Shutting down and abandoning module HTML5TargetPlatform (37)
[2016.02.17-16.44.13:050][ 38]LogModuleManager: Shutting down and abandoning module Android_PVRTCTargetPlatform (36)
[2016.02.17-16.44.13:050][ 38]LogModuleManager: Shutting down and abandoning module Android_MultiTargetPlatform (35)
[2016.02.17-16.44.13:050][ 38]LogModuleManager: Shutting down and abandoning module Android_ETC2TargetPlatform (34)
[2016.02.17-16.44.13:050][ 38]LogModuleManager: Shutting down and abandoning module Android_ETC1TargetPlatform (33)
[2016.02.17-16.44.13:050][ 38]LogModuleManager: Shutting down and abandoning module Android_DXTTargetPlatform (32)
[2016.02.17-16.44.13:050][ 38]LogModuleManager: Shutting down and abandoning module Android_ATCTargetPlatform (31)
[2016.02.17-16.44.13:050][ 38]LogModuleManager: Shutting down and abandoning module Android_ASTCTargetPlatform (30)
[2016.02.17-16.44.13:050][ 38]LogModuleManager: Shutting down and abandoning module AndroidTargetPlatform (29)
[2016.02.17-16.44.13:050][ 38]LogModuleManager: Shutting down and abandoning module WindowsTargetPlatform (28)
[2016.02.17-16.44.13:050][ 38]LogModuleManager: Shutting down and abandoning module WindowsServerTargetPlatform (27)
[2016.02.17-16.44.13:050][ 38]LogModuleManager: Shutting down and abandoning module WindowsNoEditorTargetPlatform (26)
[2016.02.17-16.44.13:050][ 38]LogModuleManager: Shutting down and abandoning module WindowsClientTargetPlatform (25)
[2016.02.17-16.44.13:050][ 38]LogModuleManager: Shutting down and abandoning module AllDesktopTargetPlatform (24)
[2016.02.17-16.44.13:050][ 38]LogModuleManager: Shutting down and abandoning module TargetPlatform (23)
[2016.02.17-16.44.13:050][ 38]LogModuleManager: Shutting down and abandoning module InputCore (22)
[2016.02.17-16.44.13:050][ 38]LogModuleManager: Shutting down and abandoning module Settings (21)
[2016.02.17-16.44.13:050][ 38]LogModuleManager: Shutting down and abandoning module OnlineSubsystem (19)
[2016.02.17-16.44.13:050][ 38]LogModuleManager: Shutting down and abandoning module HTTP (18)
[2016.02.17-16.44.15:053][ 38]LogModuleManager: Shutting down and abandoning module XMPP (17)
[2016.02.17-16.44.15:053][ 38]LogModuleManager: Shutting down and abandoning module OculusRift (16)
[2016.02.17-16.44.15:053][ 38]LogModuleManager: Shutting down and abandoning module ExampleDeviceProfileSelector (15)
[2016.02.17-16.44.15:053][ 38]LogModuleManager: Shutting down and abandoning module TextureCompressor (14)
[2016.02.17-16.44.15:053][ 38]LogModuleManager: Shutting down and abandoning module ShaderCore (13)
[2016.02.17-16.44.15:053][ 38]LogModuleManager: Shutting down and abandoning module Landscape (12)
[2016.02.17-16.44.15:053][ 38]LogModuleManager: Shutting down and abandoning module SlateRHIRenderer (11)
[2016.02.17-16.44.15:054][ 38]LogModuleManager: Shutting down and abandoning module OpenGLDrv (10)
[2016.02.17-16.44.15:054][ 38]LogModuleManager: Shutting down and abandoning module D3D11RHI (9)
[2016.02.17-16.44.15:054][ 38]LogModuleManager: Shutting down and abandoning module AnimGraphRuntime (8)
[2016.02.17-16.44.15:054][ 38]LogModuleManager: Shutting down and abandoning module Renderer (7)
[2016.02.17-16.44.15:054][ 38]LogModuleManager: Shutting down and abandoning module Engine (6)
[2016.02.17-16.44.15:054][ 38]LogModuleManager: Shutting down and abandoning module CoreUObject (5)
[2016.02.17-16.44.15:054][ 38]LogModuleManager: Shutting down and abandoning module NetworkFile (4)
[2016.02.17-16.44.15:054][ 38]LogModuleManager: Shutting down and abandoning module StreamingFile (3)
[2016.02.17-16.44.15:054][ 38]LogModuleManager: Shutting down and abandoning module SandboxFile (2)
[2016.02.17-16.44.15:054][ 38]LogModuleManager: Shutting down and abandoning module PakFile (1)
[2016.02.17-16.44.15:055][ 38]LogExit: Exiting.
[2016.02.17-16.44.15:056][ 38]Log file closed, 02/17/16 16:44:15
