[2016.02.05-10.07.11:754][  0]Log file open, 02/05/16 10:07:11
[2016.02.05-10.07.11:754][  0]LogInit:Display: Running engine for game: Anthrocratos_UE4
[2016.02.05-10.07.11:754][  0]LogPlatformFile: Not using cached read wrapper
[2016.02.05-10.07.11:754][  0]LogInit:Display: RandInit(689159960) SRandInit(689159962).
[2016.02.05-10.07.11:754][  0]LogTaskGraph: Started task graph with 4 named threads and 7 total threads.
[2016.02.05-10.07.11:754][  0]LogStats: Stats thread started at 0.155922
[2016.02.05-10.07.11:754][  0]LogInit: Version: 4.10.2-2818068+++depot+UE4-Releases+4.10
[2016.02.05-10.07.11:754][  0]LogInit: API Version: 2758231
[2016.02.05-10.07.11:754][  0]LogInit: Compiled (64-bit): Jan  6 2016 17:36:42
[2016.02.05-10.07.11:754][  0]LogInit: Compiled with Visual C++: 19.00.23026.00
[2016.02.05-10.07.11:754][  0]LogInit: Build Configuration: Development
[2016.02.05-10.07.11:754][  0]LogInit: Branch Name: ++depot+UE4-Releases+4.10
[2016.02.05-10.07.11:754][  0]LogInit: Command line:  
[2016.02.05-10.07.11:754][  0]LogInit: Base directory: C:/Program Files/Epic Games/4.10/Engine/Binaries/Win64/
[2016.02.05-10.07.11:754][  0]LogInit: Rocket: 1
[2016.02.05-10.07.11:788][  0]LogInit: Using libcurl 7.41.0
[2016.02.05-10.07.11:788][  0]LogInit:  - built for x86_64-pc-win32
[2016.02.05-10.07.11:788][  0]LogInit:  - supports SSL with WinSSL
[2016.02.05-10.07.11:788][  0]LogInit:  - other features:
[2016.02.05-10.07.11:788][  0]LogInit:      CURL_VERSION_SSL
[2016.02.05-10.07.11:788][  0]LogInit:      CURL_VERSION_IPV6
[2016.02.05-10.07.11:788][  0]LogInit:      CURL_VERSION_ASYNCHDNS
[2016.02.05-10.07.11:788][  0]LogInit:      CURL_VERSION_LARGEFILE
[2016.02.05-10.07.11:788][  0]LogInit:      CURL_VERSION_IDN
[2016.02.05-10.07.11:788][  0]LogInit:  CurlRequestOptions (configurable via config and command line):
[2016.02.05-10.07.11:788][  0]LogInit:  - bVerifyPeer = true  - Libcurl will verify peer certificate
[2016.02.05-10.07.11:788][  0]LogInit:  - bUseHttpProxy = false  - Libcurl will NOT use HTTP proxy
[2016.02.05-10.07.11:788][  0]LogInit:  - bDontReuseConnections = false  - Libcurl will reuse connections
[2016.02.05-10.07.11:788][  0]LogInit:  - CertBundlePath = nullptr  - Libcurl will use whatever was configured at build time.
[2016.02.05-10.07.11:830][  0]LogInit: Presizing for 0 objects not considered by GC, pre-allocating 0 bytes.
[2016.02.05-10.07.11:840][  0]LogInit: Object subsystem initialized
[2016.02.05-10.07.11:841][  0]LogInit: Selected Device Profile: [Windows]
[2016.02.05-10.07.11:841][  0]LogInit: Applying CVar settings loaded from the selected device profile: [Windows]
[2016.02.05-10.07.11:866][  0]LogInit: Computer: KIERAN_DESKTOP
[2016.02.05-10.07.11:866][  0]LogInit: User: Kieran
[2016.02.05-10.07.11:866][  0]LogInit: CPU Page size=4096, Cores=4
[2016.02.05-10.07.11:866][  0]LogInit: High frequency timer resolution =2.610084 MHz
[2016.02.05-10.07.11:866][  0]LogMemory: Memory total: Physical=6.0GB (6GB approx)
[2016.02.05-10.07.11:866][  0]LogMemory: Platform Memory Stats for Windows
[2016.02.05-10.07.11:867][  0]LogMemory: Process Physical Memory: 55.95 MB used, 55.95 MB peak
[2016.02.05-10.07.11:867][  0]LogMemory: Process Virtual Memory: 58.76 MB used, 58.76 MB peak
[2016.02.05-10.07.11:867][  0]LogMemory: Physical Memory: 3062.07 MB used, 6135.11 MB total
[2016.02.05-10.07.11:867][  0]LogMemory: Virtual Memory: 384.68 MB used, 134217728.00 MB total
[2016.02.05-10.07.12:122][  0]LogTextLocalizationManager: No specific translations for ('en-GB') exist, so ('en') translations will be used.
[2016.02.05-10.07.12:786][  0]LogD3D11RHI: Found D3D11 adapter 0: NVIDIA GeForce GTX 970 (Feature Level 11_0)
[2016.02.05-10.07.12:786][  0]LogD3D11RHI: Adapter has 4007MB of dedicated video memory, 0MB of dedicated system memory, and 3067MB of shared system memory, 1 output[s]
[2016.02.05-10.07.12:788][  0]LogD3D11RHI: Found D3D11 adapter 1: Microsoft Basic Render Driver (Feature Level 11_0)
[2016.02.05-10.07.12:788][  0]LogD3D11RHI: Adapter has 0MB of dedicated video memory, 0MB of dedicated system memory, and 3067MB of shared system memory, 0 output[s]
[2016.02.05-10.07.12:788][  0]LogD3D11RHI: Chosen D3D11 Adapter Id = 0
[2016.02.05-10.07.12:792][  0]LogD3D11RHI: !Direct3DDevice
[2016.02.05-10.07.12:792][  0]LogRHI: Texture pool is 1361 MB (70% of 1945 MB)
[2016.02.05-10.07.12:808][  0]LogD3D11RHI: Async texture creation enabled
[2016.02.05-10.07.12:826][  0]LogShaderCompilers: Guid format shader working directory is -15 characters bigger than the processId version (D:/Games Development/IP3 project/Anthrocratos/Anthrocratos_UE4/Intermediate/Shaders/WorkingDirectory/4536/).
[2016.02.05-10.07.12:826][  0]LogShaderCompilers: Cleaned the shader compiler working directory 'C:/Users/Kieran/AppData/Local/Temp/UnrealShaderWorkingDir/BE330E1D46810FE8B88A70AFF83BFD31/'.
[2016.02.05-10.07.12:826][  0]LogShaderCompilers:Display: Using Local Shader Compiler.
[2016.02.05-10.07.14:949][  0]LogTemp:Display: Loaded TP AllDesktopTargetPlatform
[2016.02.05-10.07.14:956][  0]LogTemp:Display: Loaded TP WindowsClientTargetPlatform
[2016.02.05-10.07.14:962][  0]LogTemp:Display: Loaded TP WindowsNoEditorTargetPlatform
[2016.02.05-10.07.14:968][  0]LogTemp:Display: Loaded TP WindowsServerTargetPlatform
[2016.02.05-10.07.14:975][  0]LogTemp:Display: Loaded TP WindowsTargetPlatform
[2016.02.05-10.07.14:982][  0]LogTemp:Display: Loaded TP AndroidTargetPlatform
[2016.02.05-10.07.14:986][  0]LogTemp:Display: Loaded TP Android_ASTCTargetPlatform
[2016.02.05-10.07.14:990][  0]LogTemp:Display: Loaded TP Android_ATCTargetPlatform
[2016.02.05-10.07.14:994][  0]LogTemp:Display: Loaded TP Android_DXTTargetPlatform
[2016.02.05-10.07.14:998][  0]LogTemp:Display: Loaded TP Android_ETC1TargetPlatform
[2016.02.05-10.07.15:002][  0]LogTemp:Display: Loaded TP Android_ETC2TargetPlatform
[2016.02.05-10.07.15:010][  0]LogTemp:Display: Loaded TP Android_MultiTargetPlatform
[2016.02.05-10.07.15:010][  0]LogTemp:Display: Loaded TP Android_PVRTCTargetPlatform
[2016.02.05-10.07.15:011][  0]LogTemp:Display: Loaded TP HTML5TargetPlatform
[2016.02.05-10.07.15:062][  0]LogTemp:Display: Loaded TP IOSTargetPlatform
[2016.02.05-10.07.15:067][  0]LogTemp:Display: Loaded TP LinuxNoEditorTargetPlatform
[2016.02.05-10.07.15:071][  0]LogTemp:Display: Loaded TP LinuxServerTargetPlatform
[2016.02.05-10.07.15:077][  0]LogTemp:Display: Loaded TP LinuxTargetPlatform
[2016.02.05-10.07.15:077][  0]LogTargetPlatformManager:Display: Building Assets For Windows
[2016.02.05-10.07.15:438][  0]LogDerivedDataCache:Display: Max Cache Size: 512 MB
[2016.02.05-10.07.15:733][  0]LogDerivedDataCache: Loaded boot cache 0.29s 41MB C:/Users/Kieran/AppData/Local/UnrealEngine/4.10/DerivedDataCache/Boot.ddc.
[2016.02.05-10.07.15:733][  0]LogDerivedDataCache:Display: Loaded Boot cache: C:/Users/Kieran/AppData/Local/UnrealEngine/4.10/DerivedDataCache/Boot.ddc
[2016.02.05-10.07.15:733][  0]LogDerivedDataCache: FDerivedDataBackendGraph:  Pak pak cache file D:/Games Development/IP3 project/Anthrocratos/Anthrocratos_UE4/DerivedDataCache/DDC.ddp not found, will not use a pak cache.
[2016.02.05-10.07.15:733][  0]LogDerivedDataCache: Unable to find inner node Pak for hierarchical cache Hierarchy.
[2016.02.05-10.07.15:733][  0]LogDerivedDataCache: FDerivedDataBackendGraph:  CompressedPak pak cache file D:/Games Development/IP3 project/Anthrocratos/Anthrocratos_UE4/DerivedDataCache/Compressed.ddp not found, will not use a pak cache.
[2016.02.05-10.07.15:733][  0]LogDerivedDataCache: Unable to find inner node CompressedPak for hierarchical cache Hierarchy.
[2016.02.05-10.07.15:843][  0]LogDerivedDataCache:Display: Pak cache opened for reading ../../../Engine/DerivedDataCache/Compressed.ddp.
[2016.02.05-10.07.15:856][  0]LogDerivedDataCache: Using Local data cache path C:/Users/Kieran/AppData/Local/UnrealEngine/Common/DerivedDataCache: Writable
[2016.02.05-10.07.19:382][  0]LogInit: Selected Device Profile: [Windows]
[2016.02.05-10.07.19:397][  0]LogContentStreaming: Texture pool size is 0.000000MB
[2016.02.05-10.07.19:716][  0]LogMeshUtilities: No automatic mesh reduction module available
[2016.02.05-10.07.19:716][  0]LogMeshUtilities: No automatic mesh merging module available
[2016.02.05-10.07.20:513][  0]LogInit: WinSock: version 1.1 (2.2), MaxSocks=32767, MaxUdp=65467
[2016.02.05-10.07.23:616][  0]UdpMessaging: Initializing bridge on interface 0.0.0.0:0 to multicast group 230.0.0.1:6666.
[2016.02.05-10.07.23:822][  0]LogAssetRegistry: FAssetRegistry took 0.0201 seconds to start up
[2016.02.05-10.07.24:256][  0]SourceControl: Info Source control is disabled
[2016.02.05-10.07.24:409][  0]SourceControl: Info Source control is disabled
[2016.02.05-10.07.24:432][  0]SourceControl: Info Source control is disabled
[2016.02.05-10.07.24:452][  0]SourceControl: Info Source control is disabled
[2016.02.05-10.07.24:957][  0]LogObj: 28637 objects as part of root set at end of initial load.
[2016.02.05-10.07.24:957][  0]LogUObjectAllocator: 6101776 out of 0 bytes used by permanent object pool.
[2016.02.05-10.07.25:108][  0]LogEngine: Initializing Engine...
[2016.02.05-10.07.25:114][  0]LogHMD: Can't find Oculus library dev build: is proper Runtime installed? Version: 0.8.0.0
[2016.02.05-10.07.26:313][  0]LogHMD: SteamVR failed to initialize.  Err: 108
[2016.02.05-10.07.26:662][  0]LogAIModule: Creating AISystem for world NewWorld
[2016.02.05-10.07.26:702][  0]LogInit: XAudio2 using 'Speakers (Logitech G430 Gaming Headset)' : 2 channels at 44.1 kHz using 16 bits per sample (channel mask 0x3)
[2016.02.05-10.07.26:718][  0]LogInit: FAudioDevice initialized.
[2016.02.05-10.07.26:746][  0]LogDerivedDataCache: Saved boot cache 0.03s 41MB C:/Users/Kieran/AppData/Local/UnrealEngine/4.10/DerivedDataCache/Boot.ddc.
[2016.02.05-10.07.26:755][  0]LogInit: Texture streaming: Enabled
[2016.02.05-10.07.26:765][  0]LogAnalytics: Creating configured Analytics provider AnalyticsET
[2016.02.05-10.07.26:766][  0]LogAnalytics: [UEEditor.Rocket.Release] APIServer = http://et2.epicgames.com/ET2/. AppVersion = 4.10.2-2818068+++depot+UE4-Releases+4.10
[2016.02.05-10.07.26:766][  0]LogAnalytics: [UEEditor.Rocket.Release] SetUserId 407aa12047368f528466cabc8caacbf1|ab08d7ce0f414bdba0971ea2fb4514a5|193b7df4-757a-4d96-a184-afc84281c9dd
[2016.02.05-10.07.26:767][  0]LogAnalytics: [UEEditor.Rocket.Release] AnalyticsET::StartSession
[2016.02.05-10.07.26:786][  0]LogInit: Transaction tracking system initialized
[2016.02.05-10.07.26:850][  0]BlueprintLog: New page: Editor Load
[2016.02.05-10.07.27:076][  0]LocalizationService: Info Localization service is disabled
[2016.02.05-10.07.27:245][  0]LogConsoleResponse:Display: 
[2016.02.05-10.07.27:626][  0]LogCook:Display: Done creating registry. It took  0.00s.
[2016.02.05-10.07.27:766][  0]LogFileCache: Scanning file cache for directory 'D:/Games Development/IP3 project/Anthrocratos/Anthrocratos_UE4/Content/' took 0.03s
[2016.02.05-10.07.27:766][  0]SourceControl: Info Source control is disabled
[2016.02.05-10.07.27:768][  0]Cmd: MAP LOAD FILE="D:/Games Development/IP3 project/Anthrocratos/Anthrocratos_UE4/Content/StarterContent/Maps/Minimal_Default.umap" TEMPLATE=0 SHOWPROGRESS=1 FEATURELEVEL=3
[2016.02.05-10.07.27:863][  0]LightingResults: New page: Lighting Build
[2016.02.05-10.07.27:875][  0]MapCheck: New page: Map Check
[2016.02.05-10.07.27:875][  0]LightingResults: New page: Lighting Build
[2016.02.05-10.07.27:899][  0]LogParticles: Destroying 0 GPU particle simulations for FXSystem 0x0000016E58CAFB00
[2016.02.05-10.07.29:307][  0]LogAIModule: Creating AISystem for world Minimal_Default
[2016.02.05-10.07.29:343][  0]LogEditorServer: Finished looking for orphan Actors (0.000 secs)
[2016.02.05-10.07.29:346][  0]Cmd: MAP CHECKDEP NOCLEARLOG
[2016.02.05-10.07.29:423][  0]MapCheck: Info Map check complete: 0 Error(s), 0 Warning(s), took 77.076ms to complete.
[2016.02.05-10.07.29:423][  0]LogFileHelpers: Loading map 'Minimal_Default' took 1.656
[2016.02.05-10.07.29:579][  0]LogCollectionManager: Loaded 0 collections in 0.018748 seconds
[2016.02.05-10.07.29:640][  0]LogFileCache: Scanning file cache for directory 'D:/Games Development/IP3 project/Anthrocratos/Anthrocratos_UE4/Saved/Collections/' took 0.01s
[2016.02.05-10.07.29:640][  0]LogFileCache: Scanning file cache for directory 'D:/Games Development/IP3 project/Anthrocratos/Anthrocratos_UE4/Content/Developers/Kieran/Collections/' took 0.01s
[2016.02.05-10.07.29:640][  0]LogFileCache: Scanning file cache for directory 'D:/Games Development/IP3 project/Anthrocratos/Anthrocratos_UE4/Content/Collections/' took 0.01s
[2016.02.05-10.07.29:640][  0]LogCollectionManager: Rebuilt the GUID cache for 0 collections in 0.000009 seconds
[2016.02.05-10.07.29:655][  0]LogContentBrowser: Native class hierarchy populated in 0.0145 seconds. Added 1894 classes and 340 folders.
[2016.02.05-10.07.29:672][  0]LogContentBrowser: Native class hierarchy updated for 'WidgetCarousel' in 0.0013 seconds. Added 0 classes and 0 folders.
[2016.02.05-10.07.30:057][  0]LogContentBrowser: Native class hierarchy updated for 'AddContentDialog' in 0.0014 seconds. Added 0 classes and 0 folders.
[2016.02.05-10.07.30:144][  0]LogContentBrowser: Native class hierarchy updated for 'SceneOutliner' in 0.0016 seconds. Added 1 classes and 2 folders.
[2016.02.05-10.07.30:236][  0]LogCrashTracker: Crashtracker disabled due to settings.
[2016.02.05-10.07.30:255][  0]LogUObjectGlobals:Warning: Failed to find object 'Class None.'
[2016.02.05-10.07.30:281][  0]LogLoad: Full Startup: 20.68 seconds (BP compile: 0.12 seconds)
[2016.02.05-10.07.30:299][  0]LogOcInput: Can't find Oculus library dev build: is proper Runtime installed? Version: 0.8.0.0
[2016.02.05-10.07.30:419][  0]LogContentStreaming: Texture pool size now 1000 MB
[2016.02.05-10.07.30:681][  0]LogRenderer: Reallocating scene render targets to support 1616x920 (Frame:2).
[2016.02.05-10.07.31:058][  4]LogAssetRegistry: Asset discovery search completed in 7.2476 seconds
[2016.02.05-10.07.31:059][  4]LogCollectionManager: Rebuilt the object cache for 0 collections in 0.000001 seconds (found 0 objects)
[2016.02.05-10.07.31:059][  4]LogCollectionManager: Fixed up redirectors for 0 collections in 0.000270 seconds (updated 0 objects)
[2016.02.05-10.08.53:123][734]LogEditorViewport: Clicking on Actor (LMB): BP_Sky_Sphere_C (BP_Sky_Sphere)
[2016.02.05-10.09.11:267][306]LightingResults: New page: Lighting Build
[2016.02.05-10.09.11:269][306]MapCheck: New page: Map Check
[2016.02.05-10.09.11:269][306]LightingResults: New page: Lighting Build
[2016.02.05-10.09.11:289][306]LogParticles: Destroying 0 GPU particle simulations for FXSystem 0x0000016E4AD4B9C0
[2016.02.05-10.09.11:296][306]LogAIModule: Creating AISystem for world NewWorld
[2016.02.05-10.09.11:299][306]LoadErrors: New page: New Map
[2016.02.05-10.47.15:746][241]LogTexture:Display: Building textures: Texture2D_2 (G8)
[2016.02.05-10.47.45:810][ 35]Cmd: OBJ SAVEPACKAGE PACKAGE="/Temp/Untitled_1" FILE="D:/Games Development/IP3 project/Anthrocratos/Anthrocratos_UE4/Saved/Autosaves/Temp/Untitled_1_Auto1.umap" SILENT=true AUTOSAVING=true KEEPDIRTY=false
[2016.02.05-10.47.45:839][ 35]LogSavePackage: Save=20.609682ms
[2016.02.05-10.47.45:839][ 35]LogSavePackage: Moving 'D:/Games Development/IP3 project/Anthrocratos/Anthrocratos_UE4/Saved/Untitled_1_Auto1A95506154DBD18761989B2BC5312C059.tmp' to 'D:/Games Development/IP3 project/Anthrocratos/Anthrocratos_UE4/Saved/Autosaves/Temp/Untitled_1_Auto1.umap'
[2016.02.05-10.47.45:840][ 35]LogSavePackage: Total save time: 28.435867ms
[2016.02.05-10.47.45:840][ 35]LogSavePackage:Display: Finished SavePackage D:/Games Development/IP3 project/Anthrocratos/Anthrocratos_UE4/Saved/Autosaves/Temp/Untitled_1_Auto1.umap
[2016.02.05-10.47.45:845][ 35]LogFileHelpers: Editor autosave (incl. sublevels) for '/Temp/Untitled_1' took 0.091
[2016.02.05-10.47.45:845][ 35]LogFileHelpers: Editor autosave (incl. sublevels) for all levels took 0.091
[2016.02.05-10.50.05:446][460]LogEditorViewport: Clicking Background
[2016.02.05-10.57.49:955][706]LogEditorViewport: Clicking Background
[2016.02.05-11.14.30:612][345]Cmd: OBJ SAVEPACKAGE PACKAGE="/Game/Levels/Kieran-Test" FILE="D:/Games Development/IP3 project/Anthrocratos/Anthrocratos_UE4/Content/Levels/Kieran-Test.umap" SILENT=true AUTOSAVING=false KEEPDIRTY=false
[2016.02.05-11.14.30:652][345]LogSavePackage: Save=15.088404ms
[2016.02.05-11.14.30:652][345]LogSavePackage: Moving 'D:/Games Development/IP3 project/Anthrocratos/Anthrocratos_UE4/Saved/Kieran-TestCA2E0E864A5E258573EC10A4D173C2FD.tmp' to 'D:/Games Development/IP3 project/Anthrocratos/Anthrocratos_UE4/Content/Levels/Kieran-Test.umap'
[2016.02.05-11.14.30:656][345]LogSavePackage: Total save time: 19.818138ms
[2016.02.05-11.14.30:656][345]LogSavePackage:Display: Finished SavePackage D:/Games Development/IP3 project/Anthrocratos/Anthrocratos_UE4/Content/Levels/Kieran-Test.umap
[2016.02.05-11.14.30:687][345]LogFileHelpers: Saving map 'Kieran-Test' took 1.165
[2016.02.05-11.14.31:089][346]Cmd: QUIT_EDITOR
[2016.02.05-11.14.31:195][346]LogWindowsTextInputMethodSystem:Display: IME system now deactivated.
[2016.02.05-11.14.31:195][346]LogWindowsTextInputMethodSystem:Display: IME system now deactivated.
[2016.02.05-11.14.31:288][346]LogExit: Preparing to exit.
[2016.02.05-11.14.31:778][346]LogExit: Editor shut down
[2016.02.05-11.14.31:779][346]LogExit: Transaction tracking system shut down
[2016.02.05-11.14.31:794][346]LogParticles: Destroying 0 GPU particle simulations for FXSystem 0x0000016E0E83CF40
[2016.02.05-11.14.31:794][346]LogParticles: Destroying 0 GPU particle simulations for FXSystem 0x0000016E62DE37E0
[2016.02.05-11.14.32:106][346]LogExit: Object subsystem successfully closed.
[2016.02.05-11.14.32:145][346]LogD3D11RHI: Shutdown
[2016.02.05-11.14.32:145][346]LogD3D11RHI: CleanupD3DDevice
[2016.02.05-11.14.32:220][346]LogD3D11RHI: ~FD3D11DynamicRHI
[2016.02.05-11.14.32:270][346]LogModuleManager: Shutting down and abandoning module CookingStats (201)
[2016.02.05-11.14.32:270][346]LogModuleManager: Shutting down and abandoning module NewLevelDialog (200)
[2016.02.05-11.14.32:270][346]LogModuleManager: Shutting down and abandoning module CrashTracker (199)
[2016.02.05-11.14.32:270][346]LogModuleManager: Shutting down and abandoning module SceneOutliner (198)
[2016.02.05-11.14.32:270][346]LogModuleManager: Shutting down and abandoning module SuperSearch (197)
[2016.02.05-11.14.32:270][346]LogModuleManager: Shutting down and abandoning module WidgetCarousel (196)
[2016.02.05-11.14.32:270][346]LogModuleManager: Shutting down and abandoning module AddContentDialog (195)
[2016.02.05-11.14.32:280][346]LogModuleManager: Shutting down and abandoning module EditorWidgets (194)
[2016.02.05-11.14.32:280][346]LogModuleManager: Shutting down and abandoning module CollectionManager (193)
[2016.02.05-11.14.32:281][346]LogModuleManager: Shutting down and abandoning module StatsViewer (192)
[2016.02.05-11.14.32:282][346]LogModuleManager: Shutting down and abandoning module FoliageEdit (191)
[2016.02.05-11.14.32:282][346]LogModuleManager: Shutting down and abandoning module LandscapeEditor (190)
[2016.02.05-11.14.32:283][346]LogModuleManager: Shutting down and abandoning module ActorPickerMode (189)
[2016.02.05-11.14.32:283][346]LogModuleManager: Shutting down and abandoning module GeometryMode (188)
[2016.02.05-11.14.32:283][346]LogModuleManager: Shutting down and abandoning module TextureAlignMode (187)
[2016.02.05-11.14.32:283][346]LogModuleManager: Shutting down and abandoning module BspMode (186)
[2016.02.05-11.14.32:283][346]LogModuleManager: Shutting down and abandoning module PlacementMode (185)
[2016.02.05-11.14.32:283][346]LogModuleManager: Shutting down and abandoning module AutomationWorker (184)
[2016.02.05-11.14.32:283][346]LogModuleManager: Shutting down and abandoning module CharacterAI (183)
[2016.02.05-11.14.32:283][346]LogModuleManager: Shutting down and abandoning module SmartSnapping (182)
[2016.02.05-11.14.32:283][346]LogModuleManager: Shutting down and abandoning module ViewportSnapping (181)
[2016.02.05-11.14.32:283][346]LogModuleManager: Shutting down and abandoning module LogVisualizer (180)
[2016.02.05-11.14.32:284][346]LogModuleManager: Shutting down and abandoning module GameProjectGeneration (179)
[2016.02.05-11.14.32:286][346]LogModuleManager: Shutting down and abandoning module IntroTutorials (178)
[2016.02.05-11.14.32:287][346]LogModuleManager: Shutting down and abandoning module EditorLiveStreaming (177)
[2016.02.05-11.14.32:287][346]LogModuleManager: Shutting down and abandoning module IOSPlatformEditor (176)
[2016.02.05-11.14.32:288][346]LogModuleManager: Shutting down and abandoning module HTML5PlatformEditor (175)
[2016.02.05-11.14.32:288][346]LogModuleManager: Shutting down and abandoning module AndroidDeviceDetection (174)
[2016.02.05-11.14.32:416][346]LogModuleManager: Shutting down and abandoning module AndroidPlatformEditor (173)
[2016.02.05-11.14.32:416][346]LogModuleManager: Shutting down and abandoning module IOSRuntimeSettings (172)
[2016.02.05-11.14.32:416][346]LogModuleManager: Shutting down and abandoning module AndroidRuntimeSettings (171)
[2016.02.05-11.14.32:416][346]LogModuleManager: Shutting down and abandoning module MergeActors (170)
[2016.02.05-11.14.32:417][346]LogModuleManager: Shutting down and abandoning module SizeMap (169)
[2016.02.05-11.14.32:417][346]LogModuleManager: Shutting down and abandoning module TreeMap (168)
[2016.02.05-11.14.32:417][346]LogModuleManager: Shutting down and abandoning module ReferenceViewer (167)
[2016.02.05-11.14.32:418][346]LogModuleManager: Shutting down and abandoning module LocalizationService (166)
[2016.02.05-11.14.32:418][346]LogModuleManager: Shutting down and abandoning module LocalizationDashboard (165)
[2016.02.05-11.14.32:419][346]LogModuleManager: Shutting down and abandoning module HardwareTargeting (164)
[2016.02.05-11.14.32:419][346]LogModuleManager: Shutting down and abandoning module DeviceProfileEditor (163)
[2016.02.05-11.14.32:420][346]LogModuleManager: Shutting down and abandoning module UndoHistory (162)
[2016.02.05-11.14.32:421][346]LogModuleManager: Shutting down and abandoning module GameplayTagsEditor (161)
[2016.02.05-11.14.32:421][346]LogModuleManager: Shutting down and abandoning module UserFeedback (160)
[2016.02.05-11.14.32:421][346]LogModuleManager: Shutting down and abandoning module XmlParser (159)
[2016.02.05-11.14.32:421][346]LogModuleManager: Shutting down and abandoning module Blutility (158)
[2016.02.05-11.14.32:421][346]LogModuleManager: Shutting down and abandoning module ProjectTargetPlatformEditor (157)
[2016.02.05-11.14.32:421][346]LogModuleManager: Shutting down and abandoning module ProjectSettingsViewer (156)
[2016.02.05-11.14.32:421][346]LogModuleManager: Shutting down and abandoning module InputBindingEditor (155)
[2016.02.05-11.14.32:423][346]LogModuleManager: Shutting down and abandoning module EditorSettingsViewer (154)
[2016.02.05-11.14.32:423][346]LogModuleManager: Shutting down and abandoning module SettingsEditor (153)
[2016.02.05-11.14.32:423][346]LogModuleManager: Shutting down and abandoning module ProjectLauncher (152)
[2016.02.05-11.14.32:424][346]LogModuleManager: Shutting down and abandoning module SessionFrontend (151)
[2016.02.05-11.14.32:425][346]LogModuleManager: Shutting down and abandoning module ProfilerClient (150)
[2016.02.05-11.14.32:425][346]LogModuleManager: Shutting down and abandoning module TargetDeviceServices (149)
[2016.02.05-11.14.32:426][346]LogModuleManager: Shutting down and abandoning module DeviceManager (148)
[2016.02.05-11.14.32:426][346]LogModuleManager: Shutting down and abandoning module AutomationController (147)
[2016.02.05-11.14.32:427][346]LogModuleManager: Shutting down and abandoning module AutomationWindow (146)
[2016.02.05-11.14.32:428][346]LogModuleManager: Shutting down and abandoning module Layers (145)
[2016.02.05-11.14.32:430][346]LogModuleManager: Shutting down and abandoning module ComponentVisualizers (144)
[2016.02.05-11.14.32:430][346]LogModuleManager: Shutting down and abandoning module DetailCustomizations (143)
[2016.02.05-11.14.32:430][346]LogModuleManager: Shutting down and abandoning module PackagesDialog (142)
[2016.02.05-11.14.32:430][346]LogModuleManager: Shutting down and abandoning module Persona (141)
[2016.02.05-11.14.32:432][346]LogModuleManager: Shutting down and abandoning module Kismet (140)
[2016.02.05-11.14.32:433][346]LogModuleManager: Shutting down and abandoning module GraphEditor (139)
[2016.02.05-11.14.32:436][346]LogModuleManager: Shutting down and abandoning module ClassViewer (138)
[2016.02.05-11.14.32:436][346]LogModuleManager: Shutting down and abandoning module Toolbox (137)
[2016.02.05-11.14.32:436][346]LogModuleManager: Shutting down and abandoning module ModuleUI (136)
[2016.02.05-11.14.32:437][346]LogModuleManager: Shutting down and abandoning module MovieSceneTools (135)
[2016.02.05-11.14.32:438][346]LogModuleManager: Shutting down and abandoning module OutputLog (134)
[2016.02.05-11.14.32:438][346]LogModuleManager: Shutting down and abandoning module GammaUI (133)
[2016.02.05-11.14.32:438][346]LogModuleManager: Shutting down and abandoning module Documentation (132)
[2016.02.05-11.14.32:438][346]LogModuleManager: Shutting down and abandoning module GameLiveStreaming (131)
[2016.02.05-11.14.32:439][346]LogModuleManager: Shutting down and abandoning module StreamingPauseRendering (130)
[2016.02.05-11.14.32:439][346]LogModuleManager: Shutting down and abandoning module AnalyticsET (129)
[2016.02.05-11.14.32:439][346]LogModuleManager: Shutting down and abandoning module Analytics (128)
[2016.02.05-11.14.32:439][346]LogModuleManager: Shutting down and abandoning module AITestSuite (127)
[2016.02.05-11.14.32:439][346]LogModuleManager: Shutting down and abandoning module GameplayDebugger (126)
[2016.02.05-11.14.32:440][346]LogModuleManager: Shutting down and abandoning module AIModule (125)
[2016.02.05-11.14.32:440][346]LogModuleManager: Shutting down and abandoning module ProfilerService (124)
[2016.02.05-11.14.32:543][346]LogModuleManager: Shutting down and abandoning module TaskGraph (123)
[2016.02.05-11.14.32:545][346]LogModuleManager: Shutting down and abandoning module SlateRemote (122)
[2016.02.05-11.14.32:545][346]LogModuleManager: Shutting down and abandoning module SteamVRController (121)
[2016.02.05-11.14.32:545][346]LogModuleManager: Shutting down and abandoning module SteamVR (120)
[2016.02.05-11.14.32:545][346]LogModuleManager: Shutting down and abandoning module ProceduralMeshComponent (119)
[2016.02.05-11.14.32:545][346]LogModuleManager: Shutting down and abandoning module OculusLibrary (118)
[2016.02.05-11.14.32:545][346]LogModuleManager: Shutting down and abandoning module OculusInput (117)
[2016.02.05-11.14.32:545][346]LogModuleManager: Shutting down and abandoning module LeapMotionController (116)
[2016.02.05-11.14.32:573][346]LogModuleManager: Shutting down and abandoning module CustomMeshComponent (115)
[2016.02.05-11.14.32:573][346]LogModuleManager: Shutting down and abandoning module CableComponent (114)
[2016.02.05-11.14.32:573][346]LogModuleManager: Shutting down and abandoning module ArchVisCharacter (113)
[2016.02.05-11.14.32:574][346]LogModuleManager: Shutting down and abandoning module MessagingDebugger (112)
[2016.02.05-11.14.32:575][346]LogModuleManager: Shutting down and abandoning module MediaPlayerEditor (111)
[2016.02.05-11.14.32:577][346]LogModuleManager: Shutting down and abandoning module HTML5Networking (110)
[2016.02.05-11.14.32:577][346]LogModuleManager: Shutting down and abandoning module SpeedTreeImporter (109)
[2016.02.05-11.14.32:577][346]LogModuleManager: Shutting down and abandoning module PluginBrowser (108)
[2016.02.05-11.14.32:578][346]LogModuleManager: Shutting down and abandoning module EpicSurvey (107)
[2016.02.05-11.14.32:579][346]LogModuleManager: Shutting down and abandoning module DesktopPlatform (106)
[2016.02.05-11.14.32:579][346]LogModuleManager: Shutting down and abandoning module VisualStudioSourceCodeAccess (105)
[2016.02.05-11.14.32:579][346]LogModuleManager: Shutting down and abandoning module UObjectPlugin (104)
[2016.02.05-11.14.32:579][346]LogModuleManager: Shutting down and abandoning module SubversionSourceControl (103)
[2016.02.05-11.14.32:580][346]LogModuleManager: Shutting down and abandoning module PerforceSourceControl (102)
[2016.02.05-11.14.32:582][346]LogModuleManager: Shutting down and abandoning module SourceControl (101)
[2016.02.05-11.14.32:583][346]LogModuleManager: Shutting down and abandoning module GitSourceControl (100)
[2016.02.05-11.14.32:584][346]LogModuleManager: Shutting down and abandoning module LightPropagationVolumeEditor (99)
[2016.02.05-11.14.32:584][346]LogModuleManager: Shutting down and abandoning module PaperTiledImporter (98)
[2016.02.05-11.14.32:584][346]LogModuleManager: Shutting down and abandoning module PaperSpriteSheetImporter (97)
[2016.02.05-11.14.32:584][346]LogModuleManager: Shutting down and abandoning module MeshPaint (96)
[2016.02.05-11.14.32:584][346]LogModuleManager: Shutting down and abandoning module SlateReflector (95)
[2016.02.05-11.14.32:586][346]LogModuleManager: Shutting down and abandoning module HotReload (94)
[2016.02.05-11.14.32:587][346]LogModuleManager: Shutting down and abandoning module MainFrame (93)
[2016.02.05-11.14.32:587][346]LogModuleManager: Shutting down and abandoning module LevelEditor (92)
[2016.02.05-11.14.32:590][346]LogModuleManager: Shutting down and abandoning module DirectoryWatcher (91)
[2016.02.05-11.14.32:598][346]LogModuleManager: Shutting down and abandoning module AssetRegistry (90)
[2016.02.05-11.14.32:740][346]LogModuleManager: Shutting down and abandoning module ContentBrowser (89)
[2016.02.05-11.14.32:742][346]LogModuleManager: Shutting down and abandoning module Paper2DEditor (88)
[2016.02.05-11.14.32:743][346]LogModuleManager: Shutting down and abandoning module Anthrocratos_UE4 (87)
[2016.02.05-11.14.32:744][346]LogModuleManager: Shutting down and abandoning module UdpMessaging (86)
[2016.02.05-11.14.32:844][346]LogModuleManager: Shutting down and abandoning module LightPropagationVolumeRuntime (85)
[2016.02.05-11.14.32:844][346]LogModuleManager: Shutting down and abandoning module Paper2D (84)
[2016.02.05-11.14.32:844][346]LogModuleManager: Shutting down and abandoning module WindowsMoviePlayer (83)
[2016.02.05-11.14.32:849][346]LogModuleManager: Shutting down and abandoning module Media (82)
[2016.02.05-11.14.32:849][346]LogModuleManager: Shutting down and abandoning module WmfMedia (81)
[2016.02.05-11.14.32:850][346]LogModuleManager: Shutting down and abandoning module OnlineBlueprintSupport (80)
[2016.02.05-11.14.32:850][346]LogModuleManager: Shutting down and abandoning module GameplayTasksEditor (79)
[2016.02.05-11.14.32:850][346]LogModuleManager: Shutting down and abandoning module PropertyEditor (78)
[2016.02.05-11.14.32:850][346]LogModuleManager: Shutting down and abandoning module BehaviorTreeEditor (77)
[2016.02.05-11.14.32:852][346]LogModuleManager: Shutting down and abandoning module FunctionalTesting (76)
[2016.02.05-11.14.32:852][346]LogModuleManager: Shutting down and abandoning module CollisionAnalyzer (75)
[2016.02.05-11.14.32:853][346]LogModuleManager: Shutting down and abandoning module WorkspaceMenuStructure (74)
[2016.02.05-11.14.32:853][346]LogModuleManager: Shutting down and abandoning module MessageLog (73)
[2016.02.05-11.14.32:853][346]LogModuleManager: Shutting down and abandoning module Sequencer (72)
[2016.02.05-11.14.32:854][346]LogModuleManager: Shutting down and abandoning module AssetTools (71)
[2016.02.05-11.14.32:857][346]LogModuleManager: Shutting down and abandoning module UMGEditor (70)
[2016.02.05-11.14.32:858][346]LogModuleManager: Shutting down and abandoning module UMG (69)
[2016.02.05-11.14.32:860][346]LogModuleManager: Shutting down and abandoning module Slate (68)
[2016.02.05-11.14.32:860][346]LogModuleManager: Shutting down and abandoning module EditorStyle (67)
[2016.02.05-11.14.32:864][346]LogModuleManager: Shutting down and abandoning module SessionServices (66)
[2016.02.05-11.14.32:864][346]LogModuleManager: Shutting down and abandoning module SourceCodeAccess (65)
[2016.02.05-11.14.32:864][346]LogModuleManager: Shutting down and abandoning module HeadMountedDisplay (64)
[2016.02.05-11.14.32:864][346]LogModuleManager: Shutting down and abandoning module XAudio2 (63)
[2016.02.05-11.14.32:864][346]LogModuleManager: Shutting down and abandoning module Networking (61)
[2016.02.05-11.14.32:864][346]LogModuleManager: Shutting down and abandoning module Core (60)
[2016.02.05-11.14.32:864][346]LogModuleManager: Shutting down and abandoning module KismetCompiler (59)
[2016.02.05-11.14.32:864][346]LogModuleManager: Shutting down and abandoning module PhysXFormats (58)
[2016.02.05-11.14.32:864][346]LogModuleManager: Shutting down and abandoning module MeshUtilities (57)
[2016.02.05-11.14.32:865][346]LogModuleManager: Shutting down and abandoning module DerivedDataCache (56)
[2016.02.05-11.14.32:926][346]LogDerivedDataCache: Shutdown
[2016.02.05-11.14.32:926][346]LogModuleManager: Shutting down and abandoning module ShaderFormatOpenGL (55)
[2016.02.05-11.14.32:927][346]LogModuleManager: Shutting down and abandoning module ShaderFormatD3D (54)
[2016.02.05-11.14.32:927][346]LogModuleManager: Shutting down and abandoning module MetalShaderFormat (53)
[2016.02.05-11.14.32:928][346]LogModuleManager: Shutting down and abandoning module TextureFormatUncompressed (52)
[2016.02.05-11.14.32:928][346]LogModuleManager: Shutting down and abandoning module TextureFormatPVR (51)
[2016.02.05-11.14.32:928][346]LogModuleManager: Shutting down and abandoning module TextureFormatIntelISPCTexComp (50)
[2016.02.05-11.14.32:928][346]LogModuleManager: Shutting down and abandoning module TextureFormatDXT (49)
[2016.02.05-11.14.32:928][346]LogModuleManager: Shutting down and abandoning module ImageWrapper (48)
[2016.02.05-11.14.32:928][346]LogModuleManager: Shutting down and abandoning module TextureFormatASTC (47)
[2016.02.05-11.14.32:928][346]LogModuleManager: Shutting down and abandoning module TextureFormatAndroid (46)
[2016.02.05-11.14.32:928][346]LogModuleManager: Shutting down and abandoning module AudioFormatOpus (45)
[2016.02.05-11.14.32:928][346]LogModuleManager: Shutting down and abandoning module AudioFormatOgg (44)
[2016.02.05-11.14.32:928][346]LogModuleManager: Shutting down and abandoning module AudioFormatADPCM (43)
[2016.02.05-11.14.32:928][346]LogModuleManager: Shutting down and abandoning module LinuxTargetPlatform (42)
[2016.02.05-11.14.32:929][346]LogModuleManager: Shutting down and abandoning module LinuxServerTargetPlatform (41)
[2016.02.05-11.14.32:929][346]LogModuleManager: Shutting down and abandoning module LinuxNoEditorTargetPlatform (40)
[2016.02.05-11.14.32:929][346]LogModuleManager: Shutting down and abandoning module Messaging (39)
[2016.02.05-11.14.32:929][346]LogModuleManager: Shutting down and abandoning module IOSTargetPlatform (38)
[2016.02.05-11.14.32:929][346]LogModuleManager: Shutting down and abandoning module HTML5TargetPlatform (37)
[2016.02.05-11.14.32:929][346]LogModuleManager: Shutting down and abandoning module Android_PVRTCTargetPlatform (36)
[2016.02.05-11.14.32:929][346]LogModuleManager: Shutting down and abandoning module Android_MultiTargetPlatform (35)
[2016.02.05-11.14.32:929][346]LogModuleManager: Shutting down and abandoning module Android_ETC2TargetPlatform (34)
[2016.02.05-11.14.32:929][346]LogModuleManager: Shutting down and abandoning module Android_ETC1TargetPlatform (33)
[2016.02.05-11.14.32:929][346]LogModuleManager: Shutting down and abandoning module Android_DXTTargetPlatform (32)
[2016.02.05-11.14.32:929][346]LogModuleManager: Shutting down and abandoning module Android_ATCTargetPlatform (31)
[2016.02.05-11.14.32:929][346]LogModuleManager: Shutting down and abandoning module Android_ASTCTargetPlatform (30)
[2016.02.05-11.14.32:929][346]LogModuleManager: Shutting down and abandoning module AndroidTargetPlatform (29)
[2016.02.05-11.14.32:929][346]LogModuleManager: Shutting down and abandoning module WindowsTargetPlatform (28)
[2016.02.05-11.14.32:929][346]LogModuleManager: Shutting down and abandoning module WindowsServerTargetPlatform (27)
[2016.02.05-11.14.32:929][346]LogModuleManager: Shutting down and abandoning module WindowsNoEditorTargetPlatform (26)
[2016.02.05-11.14.32:929][346]LogModuleManager: Shutting down and abandoning module WindowsClientTargetPlatform (25)
[2016.02.05-11.14.32:929][346]LogModuleManager: Shutting down and abandoning module AllDesktopTargetPlatform (24)
[2016.02.05-11.14.32:929][346]LogModuleManager: Shutting down and abandoning module TargetPlatform (23)
[2016.02.05-11.14.32:930][346]LogModuleManager: Shutting down and abandoning module InputCore (22)
[2016.02.05-11.14.32:930][346]LogModuleManager: Shutting down and abandoning module Settings (21)
[2016.02.05-11.14.32:930][346]LogModuleManager: Shutting down and abandoning module OnlineSubsystem (19)
[2016.02.05-11.14.32:930][346]LogModuleManager: Shutting down and abandoning module HTTP (18)
[2016.02.05-11.14.34:933][346]LogModuleManager: Shutting down and abandoning module XMPP (17)
[2016.02.05-11.14.34:934][346]LogModuleManager: Shutting down and abandoning module OculusRift (16)
[2016.02.05-11.14.34:935][346]LogModuleManager: Shutting down and abandoning module ExampleDeviceProfileSelector (15)
[2016.02.05-11.14.34:935][346]LogModuleManager: Shutting down and abandoning module TextureCompressor (14)
[2016.02.05-11.14.34:935][346]LogModuleManager: Shutting down and abandoning module ShaderCore (13)
[2016.02.05-11.14.34:935][346]LogModuleManager: Shutting down and abandoning module Landscape (12)
[2016.02.05-11.14.34:935][346]LogModuleManager: Shutting down and abandoning module SlateRHIRenderer (11)
[2016.02.05-11.14.34:940][346]LogModuleManager: Shutting down and abandoning module OpenGLDrv (10)
[2016.02.05-11.14.34:941][346]LogModuleManager: Shutting down and abandoning module D3D11RHI (9)
[2016.02.05-11.14.34:941][346]LogModuleManager: Shutting down and abandoning module AnimGraphRuntime (8)
[2016.02.05-11.14.34:941][346]LogModuleManager: Shutting down and abandoning module Renderer (7)
[2016.02.05-11.14.34:941][346]LogModuleManager: Shutting down and abandoning module Engine (6)
[2016.02.05-11.14.34:941][346]LogModuleManager: Shutting down and abandoning module CoreUObject (5)
[2016.02.05-11.14.34:941][346]LogModuleManager: Shutting down and abandoning module NetworkFile (4)
[2016.02.05-11.14.34:942][346]LogModuleManager: Shutting down and abandoning module StreamingFile (3)
[2016.02.05-11.14.34:942][346]LogModuleManager: Shutting down and abandoning module SandboxFile (2)
[2016.02.05-11.14.34:942][346]LogModuleManager: Shutting down and abandoning module PakFile (1)
[2016.02.05-11.14.34:945][346]LogExit: Exiting.
[2016.02.05-11.14.34:963][346]Log file closed, 02/05/16 11:14:34
