[2016.02.08-09.50.25:400][  0]Log file open, 02/08/16 09:50:25
[2016.02.08-09.50.25:400][  0]LogInit:Display: Running engine for game: Anthrocratos_UE4
[2016.02.08-09.50.25:400][  0]LogPlatformFile: Not using cached read wrapper
[2016.02.08-09.50.25:400][  0]LogInit:Display: RandInit(-1477709468) SRandInit(-1477709466).
[2016.02.08-09.50.25:400][  0]LogTaskGraph: Started task graph with 4 named threads and 7 total threads.
[2016.02.08-09.50.25:400][  0]LogStats: Stats thread started at 0.107404
[2016.02.08-09.50.25:400][  0]LogInit: Version: 4.10.2-2818068+++depot+UE4-Releases+4.10
[2016.02.08-09.50.25:400][  0]LogInit: API Version: 2758231
[2016.02.08-09.50.25:400][  0]LogInit: Compiled (64-bit): Jan  6 2016 17:36:42
[2016.02.08-09.50.25:400][  0]LogInit: Compiled with Visual C++: 19.00.23026.00
[2016.02.08-09.50.25:400][  0]LogInit: Build Configuration: Development
[2016.02.08-09.50.25:400][  0]LogInit: Branch Name: ++depot+UE4-Releases+4.10
[2016.02.08-09.50.25:400][  0]LogInit: Command line: 
[2016.02.08-09.50.25:400][  0]LogInit: Base directory: C:/Program Files (x86)/Epic Games/4.10/Engine/Binaries/Win64/
[2016.02.08-09.50.25:400][  0]LogInit: Rocket: 1
[2016.02.08-09.50.25:413][  0]LogInit: Using libcurl 7.41.0
[2016.02.08-09.50.25:413][  0]LogInit:  - built for x86_64-pc-win32
[2016.02.08-09.50.25:413][  0]LogInit:  - supports SSL with WinSSL
[2016.02.08-09.50.25:413][  0]LogInit:  - other features:
[2016.02.08-09.50.25:413][  0]LogInit:      CURL_VERSION_SSL
[2016.02.08-09.50.25:413][  0]LogInit:      CURL_VERSION_IPV6
[2016.02.08-09.50.25:413][  0]LogInit:      CURL_VERSION_ASYNCHDNS
[2016.02.08-09.50.25:413][  0]LogInit:      CURL_VERSION_LARGEFILE
[2016.02.08-09.50.25:413][  0]LogInit:      CURL_VERSION_IDN
[2016.02.08-09.50.25:413][  0]LogInit:  CurlRequestOptions (configurable via config and command line):
[2016.02.08-09.50.25:413][  0]LogInit:  - bVerifyPeer = true  - Libcurl will verify peer certificate
[2016.02.08-09.50.25:413][  0]LogInit:  - bUseHttpProxy = false  - Libcurl will NOT use HTTP proxy
[2016.02.08-09.50.25:413][  0]LogInit:  - bDontReuseConnections = false  - Libcurl will reuse connections
[2016.02.08-09.50.25:413][  0]LogInit:  - CertBundlePath = nullptr  - Libcurl will use whatever was configured at build time.
[2016.02.08-09.50.25:425][  0]LogInit: Presizing for 0 objects not considered by GC, pre-allocating 0 bytes.
[2016.02.08-09.50.25:436][  0]LogInit: Object subsystem initialized
[2016.02.08-09.50.25:438][  0]LogInit: Selected Device Profile: [Windows]
[2016.02.08-09.50.25:438][  0]LogInit: Applying CVar settings loaded from the selected device profile: [Windows]
[2016.02.08-09.50.25:470][  0]LogInit: Computer: CUBE-11959
[2016.02.08-09.50.25:470][  0]LogInit: User: user
[2016.02.08-09.50.25:470][  0]LogInit: CPU Page size=4096, Cores=4
[2016.02.08-09.50.25:470][  0]LogInit: High frequency timer resolution =2.435780 MHz
[2016.02.08-09.50.25:470][  0]LogMemory: Memory total: Physical=7.9GB (8GB approx)
[2016.02.08-09.50.25:470][  0]LogMemory: Platform Memory Stats for Windows
[2016.02.08-09.50.25:470][  0]LogMemory: Process Physical Memory: 56.45 MB used, 56.45 MB peak
[2016.02.08-09.50.25:470][  0]LogMemory: Process Virtual Memory: 59.03 MB used, 59.03 MB peak
[2016.02.08-09.50.25:470][  0]LogMemory: Physical Memory: 3875.12 MB used, 8076.43 MB total
[2016.02.08-09.50.25:470][  0]LogMemory: Virtual Memory: 381.79 MB used, 134217728.00 MB total
[2016.02.08-09.50.25:521][  0]LogTextLocalizationManager: No specific translations for ('en-GB') exist, so ('en') translations will be used.
[2016.02.08-09.50.26:326][  0]LogD3D11RHI: Found D3D11 adapter 0: NVIDIA GeForce GTX 850M  (Feature Level 11_0)
[2016.02.08-09.50.26:326][  0]LogD3D11RHI: Adapter has 1995MB of dedicated video memory, 0MB of dedicated system memory, and 4038MB of shared system memory, 1 output[s]
[2016.02.08-09.50.26:337][  0]LogD3D11RHI: Found D3D11 adapter 1: Intel(R) HD Graphics 4600 (Feature Level 11_0)
[2016.02.08-09.50.26:337][  0]LogD3D11RHI: Adapter has 112MB of dedicated video memory, 0MB of dedicated system memory, and 4038MB of shared system memory, 0 output[s]
[2016.02.08-09.50.26:339][  0]LogD3D11RHI: Found D3D11 adapter 2: Microsoft Basic Render Driver (Feature Level 11_0)
[2016.02.08-09.50.26:339][  0]LogD3D11RHI: Adapter has 0MB of dedicated video memory, 0MB of dedicated system memory, and 4038MB of shared system memory, 0 output[s]
[2016.02.08-09.50.26:339][  0]LogD3D11RHI: Chosen D3D11 Adapter Id = 0
[2016.02.08-09.50.26:347][  0]LogD3D11RHI: !Direct3DDevice
[2016.02.08-09.50.26:347][  0]LogRHI: Texture pool is 1361 MB (70% of 1945 MB)
[2016.02.08-09.50.26:366][  0]LogD3D11RHI: Async texture creation enabled
[2016.02.08-09.50.26:380][  0]LogShaderCompilers: Guid format shader working directory is -31 characters bigger than the processId version (../../../../../../Users/user/Game Development/Anthrocratos/Anthrocratos_UE4/Intermediate/Shaders/WorkingDirectory/12324/).
[2016.02.08-09.50.26:380][  0]LogShaderCompilers: Cleaned the shader compiler working directory 'C:/Users/user/AppData/Local/Temp/UnrealShaderWorkingDir/AC4AE7974CB83B822F04769D04118798/'.
[2016.02.08-09.50.26:380][  0]LogShaderCompilers:Display: Using Local Shader Compiler.
[2016.02.08-09.50.27:819][  0]LogTemp:Display: Loaded TP AllDesktopTargetPlatform
[2016.02.08-09.50.27:828][  0]LogTemp:Display: Loaded TP WindowsClientTargetPlatform
[2016.02.08-09.50.27:837][  0]LogTemp:Display: Loaded TP WindowsNoEditorTargetPlatform
[2016.02.08-09.50.27:847][  0]LogTemp:Display: Loaded TP WindowsServerTargetPlatform
[2016.02.08-09.50.27:855][  0]LogTemp:Display: Loaded TP WindowsTargetPlatform
[2016.02.08-09.50.27:861][  0]LogTemp:Display: Loaded TP AndroidTargetPlatform
[2016.02.08-09.50.27:866][  0]LogTemp:Display: Loaded TP Android_ASTCTargetPlatform
[2016.02.08-09.50.27:872][  0]LogTemp:Display: Loaded TP Android_ATCTargetPlatform
[2016.02.08-09.50.27:877][  0]LogTemp:Display: Loaded TP Android_DXTTargetPlatform
[2016.02.08-09.50.27:882][  0]LogTemp:Display: Loaded TP Android_ETC1TargetPlatform
[2016.02.08-09.50.27:888][  0]LogTemp:Display: Loaded TP Android_ETC2TargetPlatform
[2016.02.08-09.50.27:899][  0]LogTemp:Display: Loaded TP Android_MultiTargetPlatform
[2016.02.08-09.50.27:899][  0]LogTemp:Display: Loaded TP Android_PVRTCTargetPlatform
[2016.02.08-09.50.27:901][  0]LogTemp:Display: Loaded TP HTML5TargetPlatform
[2016.02.08-09.50.27:922][  0]LogTemp:Display: Loaded TP IOSTargetPlatform
[2016.02.08-09.50.27:928][  0]LogTemp:Display: Loaded TP LinuxNoEditorTargetPlatform
[2016.02.08-09.50.27:933][  0]LogTemp:Display: Loaded TP LinuxServerTargetPlatform
[2016.02.08-09.50.27:938][  0]LogTemp:Display: Loaded TP LinuxTargetPlatform
[2016.02.08-09.50.27:939][  0]LogTargetPlatformManager:Display: Building Assets For Windows
[2016.02.08-09.50.28:089][  0]LogDerivedDataCache:Display: Max Cache Size: 512 MB
[2016.02.08-09.50.28:168][  0]LogDerivedDataCache: Loaded boot cache 0.08s 41MB C:/Users/user/AppData/Local/UnrealEngine/4.10/DerivedDataCache/Boot.ddc.
[2016.02.08-09.50.28:169][  0]LogDerivedDataCache:Display: Loaded Boot cache: C:/Users/user/AppData/Local/UnrealEngine/4.10/DerivedDataCache/Boot.ddc
[2016.02.08-09.50.28:169][  0]LogDerivedDataCache: FDerivedDataBackendGraph:  Pak pak cache file ../../../../../../Users/user/Game Development/Anthrocratos/Anthrocratos_UE4/DerivedDataCache/DDC.ddp not found, will not use a pak cache.
[2016.02.08-09.50.28:169][  0]LogDerivedDataCache: Unable to find inner node Pak for hierarchical cache Hierarchy.
[2016.02.08-09.50.28:169][  0]LogDerivedDataCache: FDerivedDataBackendGraph:  CompressedPak pak cache file ../../../../../../Users/user/Game Development/Anthrocratos/Anthrocratos_UE4/DerivedDataCache/Compressed.ddp not found, will not use a pak cache.
[2016.02.08-09.50.28:169][  0]LogDerivedDataCache: Unable to find inner node CompressedPak for hierarchical cache Hierarchy.
[2016.02.08-09.50.28:280][  0]LogDerivedDataCache:Display: Pak cache opened for reading ../../../Engine/DerivedDataCache/Compressed.ddp.
[2016.02.08-09.50.28:293][  0]LogDerivedDataCache: Using Local data cache path C:/Users/user/AppData/Local/UnrealEngine/Common/DerivedDataCache: Writable
[2016.02.08-09.50.28:613][  0]LogInit: Selected Device Profile: [Windows]
[2016.02.08-09.50.28:618][  0]LogContentStreaming: Texture pool size is 0.000000MB
[2016.02.08-09.50.28:821][  0]LogMeshUtilities: No automatic mesh reduction module available
[2016.02.08-09.50.28:821][  0]LogMeshUtilities: No automatic mesh merging module available
[2016.02.08-09.50.29:189][  0]LogInit: WinSock: version 1.1 (2.2), MaxSocks=32767, MaxUdp=65467
[2016.02.08-09.50.30:517][  0]UdpMessaging: Initializing bridge on interface 0.0.0.0:0 to multicast group 230.0.0.1:6666.
[2016.02.08-09.50.30:686][  0]LogAssetRegistry: FAssetRegistry took 0.0113 seconds to start up
[2016.02.08-09.50.30:987][  0]SourceControl: Info Source control is disabled
[2016.02.08-09.50.31:036][  0]SourceControl: Info Source control is disabled
[2016.02.08-09.50.31:055][  0]SourceControl: Info Source control is disabled
[2016.02.08-09.50.31:077][  0]SourceControl: Info Source control is disabled
[2016.02.08-09.50.31:498][  0]LogObj: 28637 objects as part of root set at end of initial load.
[2016.02.08-09.50.31:498][  0]LogUObjectAllocator: 6101776 out of 0 bytes used by permanent object pool.
[2016.02.08-09.50.31:592][  0]LogEngine: Initializing Engine...
[2016.02.08-09.50.31:596][  0]LogHMD: Can't find Oculus library dev build: is proper Runtime installed? Version: 0.8.0.0
[2016.02.08-09.50.31:597][  0]LogHMD: SteamVR failed to initialize.  Err: 110
[2016.02.08-09.50.31:833][  0]LogAIModule: Creating AISystem for world NewWorld
[2016.02.08-09.50.31:840][  0]LogInit: XAudio2 using 'Speakers (VIA HD Audio(Win 10))' : 2 channels at 48 kHz using 32 bits per sample (channel mask 0x3)
[2016.02.08-09.50.31:882][  0]LogInit: FAudioDevice initialized.
[2016.02.08-09.50.31:918][  0]LogDerivedDataCache: Saved boot cache 0.04s 41MB C:/Users/user/AppData/Local/UnrealEngine/4.10/DerivedDataCache/Boot.ddc.
[2016.02.08-09.50.31:926][  0]LogInit: Texture streaming: Enabled
[2016.02.08-09.50.31:936][  0]LogAnalytics: Creating configured Analytics provider AnalyticsET
[2016.02.08-09.50.31:936][  0]LogAnalytics: [UEEditor.Rocket.Release] APIServer = http://et2.epicgames.com/ET2/. AppVersion = 4.10.2-2818068+++depot+UE4-Releases+4.10
[2016.02.08-09.50.31:936][  0]LogAnalytics: [UEEditor.Rocket.Release] SetUserId 2066524940ef926c0d39eaab01bb3fef|ab08d7ce0f414bdba0971ea2fb4514a5|983d4c96-a536-4e9e-82d9-7415bf2a8174
[2016.02.08-09.50.31:936][  0]LogAnalytics: [UEEditor.Rocket.Release] AnalyticsET::StartSession
[2016.02.08-09.50.31:951][  0]LogInit: Transaction tracking system initialized
[2016.02.08-09.50.32:033][  0]BlueprintLog: New page: Editor Load
[2016.02.08-09.50.32:188][  0]LocalizationService: Info Localization service is disabled
[2016.02.08-09.50.32:317][  0]LogConsoleResponse:Display: 
[2016.02.08-09.50.32:504][  0]LogCook:Display: Done creating registry. It took  0.00s.
[2016.02.08-09.50.32:604][  0]LogFileCache: Scanning file cache for directory 'C:/Users/user/Game Development/Anthrocratos/Anthrocratos_UE4/Content/' took 0.02s
[2016.02.08-09.50.32:605][  0]SourceControl: Info Source control is disabled
[2016.02.08-09.50.32:605][  0]Cmd: MAP LOAD FILE="../../../../../../Users/user/Game Development/Anthrocratos/Anthrocratos_UE4/Content/Levels/Kieran-Test.umap" TEMPLATE=0 SHOWPROGRESS=1 FEATURELEVEL=3
[2016.02.08-09.50.32:606][  0]LightingResults: New page: Lighting Build
[2016.02.08-09.50.32:611][  0]MapCheck: New page: Map Check
[2016.02.08-09.50.32:611][  0]LightingResults: New page: Lighting Build
[2016.02.08-09.50.32:634][  0]LogParticles: Destroying 0 GPU particle simulations for FXSystem 0x000000AAE4A37B00
[2016.02.08-09.50.33:659][  0]LogStaticMesh: Building static mesh TestTile...
[2016.02.08-09.50.33:755][  0]LogStaticMesh: Built static mesh [0.095719.2s] /Game/Art/Models/TestTile.TestTile
[2016.02.08-09.50.34:183][  0]LogAIModule: Creating AISystem for world Kieran-Test
[2016.02.08-09.50.34:187][  0]LogEditorServer: Finished looking for orphan Actors (0.000 secs)
[2016.02.08-09.50.34:188][  0]Cmd: MAP CHECKDEP NOCLEARLOG
[2016.02.08-09.50.34:252][  0]MapCheck: Info Map check complete: 0 Error(s), 0 Warning(s), took 64.512ms to complete.
[2016.02.08-09.50.34:252][  0]LogFileHelpers: Loading map 'Kieran-Test' took 1.648
[2016.02.08-09.50.34:553][  0]LogCollectionManager: Loaded 0 collections in 0.007567 seconds
[2016.02.08-09.50.34:607][  0]LogFileCache: Scanning file cache for directory 'C:/Users/user/Game Development/Anthrocratos/Anthrocratos_UE4/Saved/Collections/' took 0.01s
[2016.02.08-09.50.34:607][  0]LogFileCache: Scanning file cache for directory 'C:/Users/user/Game Development/Anthrocratos/Anthrocratos_UE4/Content/Developers/user/Collections/' took 0.01s
[2016.02.08-09.50.34:607][  0]LogFileCache: Scanning file cache for directory 'C:/Users/user/Game Development/Anthrocratos/Anthrocratos_UE4/Content/Collections/' took 0.01s
[2016.02.08-09.50.34:607][  0]LogCollectionManager: Rebuilt the GUID cache for 0 collections in 0.000005 seconds
[2016.02.08-09.50.34:633][  0]LogContentBrowser: Native class hierarchy populated in 0.0257 seconds. Added 1894 classes and 340 folders.
[2016.02.08-09.50.34:650][  0]LogContentBrowser: Native class hierarchy updated for 'WidgetCarousel' in 0.0019 seconds. Added 0 classes and 0 folders.
[2016.02.08-09.50.37:561][  0]LogContentBrowser: Native class hierarchy updated for 'AddContentDialog' in 0.0049 seconds. Added 0 classes and 0 folders.
[2016.02.08-09.50.37:716][  0]LogContentBrowser: Native class hierarchy updated for 'SceneOutliner' in 0.0022 seconds. Added 1 classes and 2 folders.
[2016.02.08-09.50.38:034][  0]LogCrashTracker: Crashtracker disabled due to settings.
[2016.02.08-09.50.38:048][  0]LogUObjectGlobals:Warning: Failed to find object 'Class None.'
[2016.02.08-09.50.38:074][  0]LogLoad: Full Startup: 14.33 seconds (BP compile: 0.12 seconds)
[2016.02.08-09.50.38:093][  0]LogOcInput: Can't find Oculus library dev build: is proper Runtime installed? Version: 0.8.0.0
[2016.02.08-09.50.38:535][  0]LogContentStreaming: Texture pool size now 1000 MB
[2016.02.08-09.50.38:925][  0]LogRenderer: Reallocating scene render targets to support 900x880 (Frame:2).
[2016.02.08-09.50.39:008][  1]LogFileCache: Retrieving MD5 hashes for directory 'C:/Users/user/Game Development/Anthrocratos/Anthrocratos_UE4/Content/' took 0.90s
[2016.02.08-09.50.54:458][121]LogBlueprintUserMessages: Early PlayInEditor Detection: Level '/Game/Levels/Kieran-Test.Kieran-Test:PersistentLevel' has LevelScriptBlueprint '/Game/Levels/Kieran-Test.Kieran-Test:PersistentLevel.Kieran-Test' with GeneratedClass '/Game/Levels/Kieran-Test.Kieran-Test_C' with ClassGeneratedBy '/Game/Levels/Kieran-Test.Kieran-Test:PersistentLevel.Kieran-Test'
[2016.02.08-09.50.54:458][121]LogPlayLevel: PlayLevel: No blueprints needed recompiling
[2016.02.08-09.50.54:461][121]PIE: New page: SIE session: Kieran-Test (8 Feb 2016 09:50:54)
[2016.02.08-09.50.54:462][121]LogPlayLevel: Creating play world package: /Game/Levels/UEDPIE_0_Kieran-Test
[2016.02.08-09.50.54:485][121]LogPlayLevel: PIE: StaticDuplicateObject took: (0.023656s)
[2016.02.08-09.50.54:486][121]LogAIModule: Creating AISystem for world Kieran-Test
[2016.02.08-09.50.54:486][121]LogPlayLevel: PIE: World Init took: (0.001112s)
[2016.02.08-09.50.54:487][121]LogPlayLevel: PIE: Created PIE world by copying editor world from /Game/Levels/Kieran-Test.Kieran-Test to /Game/Levels/UEDPIE_0_Kieran-Test.Kieran-Test (0.025160s)
[2016.02.08-09.50.54:521][121]LogInit: XAudio2 using 'Speakers (VIA HD Audio(Win 10))' : 2 channels at 48 kHz using 32 bits per sample (channel mask 0x3)
[2016.02.08-09.50.54:536][121]LogInit: FAudioDevice initialized.
[2016.02.08-09.50.54:617][121]LogWorld: Game class is 'Anthrocratos_UE4GameMode'
[2016.02.08-09.50.54:621][121]LogWorld: Bringing World /Game/Levels/UEDPIE_0_Kieran-Test.Kieran-Test up for play (max tick rate 0) at 2016.02.08-09.50.54
[2016.02.08-09.50.54:621][121]LogActor:Warning: GameSession /Game/Levels/UEDPIE_0_Kieran-Test.Kieran-Test:PersistentLevel.GameSession_0 has natively added scene component(s), but none of them were set as the actor's RootComponent - picking one arbitrarily
[2016.02.08-09.50.54:621][121]LogActor:Warning: GameNetworkManager /Game/Levels/UEDPIE_0_Kieran-Test.Kieran-Test:PersistentLevel.GameNetworkManager_0 has natively added scene component(s), but none of them were set as the actor's RootComponent - picking one arbitrarily
[2016.02.08-09.50.54:621][121]LogWorld: Bringing up level for play took: 0.002257
[2016.02.08-09.50.54:622][121]LogGameMode: Warning - PATHS NOT DEFINED or NO PLAYERSTART with positive rating
[2016.02.08-09.50.54:670][121]LogBlueprintUserMessages: [Kieran-Test_C_3] TilesSpawned
[2016.02.08-09.50.54:671][121]PIE: Info Play in editor start time for /Game/Levels/UEDPIE_0_Kieran-Test 1.038
[2016.02.08-09.50.54:723][121]LogBlueprintUserMessages: Late PlayInEditor Detection: Level '/Game/Levels/Kieran-Test.Kieran-Test:PersistentLevel' has LevelScriptBlueprint '/Game/Levels/Kieran-Test.Kieran-Test:PersistentLevel.Kieran-Test' with GeneratedClass '/Game/Levels/Kieran-Test.Kieran-Test_C' with ClassGeneratedBy '/Game/Levels/Kieran-Test.Kieran-Test:PersistentLevel.Kieran-Test'
[2016.02.08-09.50.56:819][222]LogAssetRegistry: Asset discovery search completed in 26.1444 seconds
[2016.02.08-09.50.56:819][222]LogCollectionManager: Rebuilt the object cache for 0 collections in 0.000001 seconds (found 0 objects)
[2016.02.08-09.50.56:819][222]LogCollectionManager: Fixed up redirectors for 0 collections in 0.000052 seconds (updated 0 objects)
[2016.02.08-09.50.56:896][223]AssetReimport: New page: Outstanding source content changes 09:50:56
[2016.02.08-09.51.09:250][731]LogBlueprintUserMessages: Early EndPlayMap Detection: Level '/Game/Levels/Kieran-Test.Kieran-Test:PersistentLevel' has LevelScriptBlueprint '/Game/Levels/Kieran-Test.Kieran-Test:PersistentLevel.Kieran-Test' with GeneratedClass '/Game/Levels/Kieran-Test.Kieran-Test_C' with ClassGeneratedBy '/Game/Levels/Kieran-Test.Kieran-Test:PersistentLevel.Kieran-Test'
[2016.02.08-09.51.09:317][731]LogBlueprintUserMessages: Late EndPlayMap Detection: Level '/Game/Levels/Kieran-Test.Kieran-Test:PersistentLevel' has LevelScriptBlueprint '/Game/Levels/Kieran-Test.Kieran-Test:PersistentLevel.Kieran-Test' with GeneratedClass '/Game/Levels/Kieran-Test.Kieran-Test_C' with ClassGeneratedBy '/Game/Levels/Kieran-Test.Kieran-Test:PersistentLevel.Kieran-Test'
[2016.02.08-09.51.09:339][731]LogParticles: Destroying 0 GPU particle simulations for FXSystem 0x000000AA88F667A0
[2016.02.08-09.51.09:347][731]Cmd: MAP LOAD FILE="../../../../../../Users/user/Game Development/Anthrocratos/Anthrocratos_UE4/Content/Levels/Kieran-Test2.umap" TEMPLATE=0 SHOWPROGRESS=1 FEATURELEVEL=3
[2016.02.08-09.51.09:417][731]LightingResults: New page: Lighting Build
[2016.02.08-09.51.09:462][731]LoadErrors: New page: Loading map: Kieran-Test2.umap
[2016.02.08-09.51.09:463][731]MapCheck: New page: Map Check
[2016.02.08-09.51.09:463][731]LightingResults: New page: Lighting Build
[2016.02.08-09.51.09:486][731]LogParticles: Destroying 0 GPU particle simulations for FXSystem 0x000000AAD4E97BA0
[2016.02.08-09.51.09:883][731]LogAIModule: Creating AISystem for world Kieran-Test2
[2016.02.08-09.51.09:968][731]LogEditorServer: Finished looking for orphan Actors (0.000 secs)
[2016.02.08-09.51.10:051][731]Cmd: MAP CHECKDEP NOCLEARLOG
[2016.02.08-09.51.10:148][731]MapCheck: Info Map check complete: 0 Error(s), 0 Warning(s), took 96.696ms to complete.
[2016.02.08-09.51.10:148][731]LogFileHelpers: Loading map 'Kieran-Test2' took 3.396
[2016.02.08-09.51.11:993][833]LogBlueprintUserMessages: Early PlayInEditor Detection: Level '/Game/Levels/Kieran-Test2.Kieran-Test2:PersistentLevel' has LevelScriptBlueprint '/Game/Levels/Kieran-Test2.Kieran-Test2:PersistentLevel.Kieran-Test2' with GeneratedClass '/Game/Levels/Kieran-Test2.Kieran-Test2_C' with ClassGeneratedBy '/Game/Levels/Kieran-Test2.Kieran-Test2:PersistentLevel.Kieran-Test2'
[2016.02.08-09.51.11:993][833]LogPlayLevel: PlayLevel: No blueprints needed recompiling
[2016.02.08-09.51.11:993][833]PIE: New page: SIE session: Kieran-Test2 (8 Feb 2016 09:51:11)
[2016.02.08-09.51.11:994][833]LogPlayLevel: Creating play world package: /Game/Levels/UEDPIE_0_Kieran-Test2
[2016.02.08-09.51.12:024][833]LogPlayLevel: PIE: StaticDuplicateObject took: (0.030167s)
[2016.02.08-09.51.12:025][833]LogAIModule: Creating AISystem for world Kieran-Test2
[2016.02.08-09.51.12:025][833]LogPlayLevel: PIE: World Init took: (0.000994s)
[2016.02.08-09.51.12:025][833]LogPlayLevel: PIE: Created PIE world by copying editor world from /Game/Levels/Kieran-Test2.Kieran-Test2 to /Game/Levels/UEDPIE_0_Kieran-Test2.Kieran-Test2 (0.031520s)
[2016.02.08-09.51.12:058][833]LogInit: XAudio2 using 'Speakers (VIA HD Audio(Win 10))' : 2 channels at 48 kHz using 32 bits per sample (channel mask 0x3)
[2016.02.08-09.51.12:071][833]LogInit: FAudioDevice initialized.
[2016.02.08-09.51.12:113][833]LogWorld: Game class is 'Anthrocratos_UE4GameMode'
[2016.02.08-09.51.12:116][833]LogWorld: Bringing World /Game/Levels/UEDPIE_0_Kieran-Test2.Kieran-Test2 up for play (max tick rate 0) at 2016.02.08-09.51.12
[2016.02.08-09.51.12:116][833]LogActor:Warning: GameSession /Game/Levels/UEDPIE_0_Kieran-Test2.Kieran-Test2:PersistentLevel.GameSession_1 has natively added scene component(s), but none of them were set as the actor's RootComponent - picking one arbitrarily
[2016.02.08-09.51.12:116][833]LogActor:Warning: GameNetworkManager /Game/Levels/UEDPIE_0_Kieran-Test2.Kieran-Test2:PersistentLevel.GameNetworkManager_1 has natively added scene component(s), but none of them were set as the actor's RootComponent - picking one arbitrarily
[2016.02.08-09.51.12:116][833]LogWorld: Bringing up level for play took: 0.002363
[2016.02.08-09.51.12:117][833]LogGameMode: Warning - PATHS NOT DEFINED or NO PLAYERSTART with positive rating
[2016.02.08-09.51.12:145][833]LogBlueprintUserMessages: [Kieran-Test2_C_0] TilesGenerated
[2016.02.08-09.51.12:146][833]PIE: Info Play in editor start time for /Game/Levels/UEDPIE_0_Kieran-Test2 0.513
[2016.02.08-09.51.12:148][833]LogBlueprintUserMessages: Late PlayInEditor Detection: Level '/Game/Levels/Kieran-Test2.Kieran-Test2:PersistentLevel' has LevelScriptBlueprint '/Game/Levels/Kieran-Test2.Kieran-Test2:PersistentLevel.Kieran-Test2' with GeneratedClass '/Game/Levels/Kieran-Test2.Kieran-Test2_C' with ClassGeneratedBy '/Game/Levels/Kieran-Test2.Kieran-Test2:PersistentLevel.Kieran-Test2'
[2016.02.08-09.51.19:123][143]LogBlueprintUserMessages: Early EndPlayMap Detection: Level '/Game/Levels/Kieran-Test2.Kieran-Test2:PersistentLevel' has LevelScriptBlueprint '/Game/Levels/Kieran-Test2.Kieran-Test2:PersistentLevel.Kieran-Test2' with GeneratedClass '/Game/Levels/Kieran-Test2.Kieran-Test2_C' with ClassGeneratedBy '/Game/Levels/Kieran-Test2.Kieran-Test2:PersistentLevel.Kieran-Test2'
[2016.02.08-09.51.19:160][143]LogBlueprintUserMessages: Late EndPlayMap Detection: Level '/Game/Levels/Kieran-Test2.Kieran-Test2:PersistentLevel' has LevelScriptBlueprint '/Game/Levels/Kieran-Test2.Kieran-Test2:PersistentLevel.Kieran-Test2' with GeneratedClass '/Game/Levels/Kieran-Test2.Kieran-Test2_C' with ClassGeneratedBy '/Game/Levels/Kieran-Test2.Kieran-Test2:PersistentLevel.Kieran-Test2'
[2016.02.08-09.51.19:181][143]LogParticles: Destroying 0 GPU particle simulations for FXSystem 0x000000AAE1D04E00
[2016.02.08-09.51.22:065][329]LogLinker:Warning: Asset '../../../Engine/Content/ArtTools/RenderToTexture/Macros/RenderToTextureMacros.uasset' has been saved with empty engine version. The asset will be loaded but may be incompatible.
[2016.02.08-09.51.22:791][329]LogContentBrowser: Native class hierarchy updated for 'BlueprintGraph' in 0.0025 seconds. Added 107 classes and 0 folders.
[2016.02.08-09.51.40:090][904]BlueprintLog: New page: Compile Kieran-Test2
[2016.02.08-09.51.40:252][904]BlueprintEditorCompileResults: Info [0076.50] Compile of Kieran-Test2 successful! [in 162 ms]
[2016.02.08-09.51.43:191][ 45]LogBlueprintUserMessages: Early PlayInEditor Detection: Level '/Game/Levels/Kieran-Test2.Kieran-Test2:PersistentLevel' has LevelScriptBlueprint '/Game/Levels/Kieran-Test2.Kieran-Test2:PersistentLevel.Kieran-Test2' with GeneratedClass '/Game/Levels/Kieran-Test2.Kieran-Test2_C' with ClassGeneratedBy '/Game/Levels/Kieran-Test2.Kieran-Test2:PersistentLevel.Kieran-Test2'
[2016.02.08-09.51.43:191][ 45]LogPlayLevel: PlayLevel: No blueprints needed recompiling
[2016.02.08-09.51.43:192][ 45]PIE: New page: SIE session: Kieran-Test2 (8 Feb 2016 09:51:43)
[2016.02.08-09.51.43:192][ 45]LogPlayLevel: Creating play world package: /Game/Levels/UEDPIE_0_Kieran-Test2
[2016.02.08-09.51.43:220][ 45]LogPlayLevel: PIE: StaticDuplicateObject took: (0.028457s)
[2016.02.08-09.51.43:221][ 45]LogAIModule: Creating AISystem for world Kieran-Test2
[2016.02.08-09.51.43:222][ 45]LogPlayLevel: PIE: World Init took: (0.001440s)
[2016.02.08-09.51.43:222][ 45]LogPlayLevel: PIE: Created PIE world by copying editor world from /Game/Levels/Kieran-Test2.Kieran-Test2 to /Game/Levels/UEDPIE_0_Kieran-Test2.Kieran-Test2 (0.030272s)
[2016.02.08-09.51.43:265][ 45]LogParticles: Destroying 0 GPU particle simulations for FXSystem 0x000000AAF9F6B420
[2016.02.08-09.51.43:265][ 45]LogInit: XAudio2 using 'Speakers (VIA HD Audio(Win 10))' : 2 channels at 48 kHz using 32 bits per sample (channel mask 0x3)
[2016.02.08-09.51.43:279][ 45]LogInit: FAudioDevice initialized.
[2016.02.08-09.51.43:337][ 45]LogWorld: Game class is 'Anthrocratos_UE4GameMode'
[2016.02.08-09.51.43:344][ 45]LogWorld: Bringing World /Game/Levels/UEDPIE_0_Kieran-Test2.Kieran-Test2 up for play (max tick rate 0) at 2016.02.08-09.51.43
[2016.02.08-09.51.43:344][ 45]LogActor:Warning: GameSession /Game/Levels/UEDPIE_0_Kieran-Test2.Kieran-Test2:PersistentLevel.GameSession_2 has natively added scene component(s), but none of them were set as the actor's RootComponent - picking one arbitrarily
[2016.02.08-09.51.43:344][ 45]LogActor:Warning: GameNetworkManager /Game/Levels/UEDPIE_0_Kieran-Test2.Kieran-Test2:PersistentLevel.GameNetworkManager_2 has natively added scene component(s), but none of them were set as the actor's RootComponent - picking one arbitrarily
[2016.02.08-09.51.43:345][ 45]LogWorld: Bringing up level for play took: 0.004599
[2016.02.08-09.51.43:347][ 45]LogGameMode: Warning - PATHS NOT DEFINED or NO PLAYERSTART with positive rating
[2016.02.08-09.51.45:689][ 45]LogBlueprintUserMessages: [Kieran-Test2_C_1] TilesGenerated
[2016.02.08-09.51.45:698][ 45]PIE: Info Play in editor start time for /Game/Levels/UEDPIE_0_Kieran-Test2 2.064
[2016.02.08-09.51.45:701][ 45]LogBlueprintUserMessages: Late PlayInEditor Detection: Level '/Game/Levels/Kieran-Test2.Kieran-Test2:PersistentLevel' has LevelScriptBlueprint '/Game/Levels/Kieran-Test2.Kieran-Test2:PersistentLevel.Kieran-Test2' with GeneratedClass '/Game/Levels/Kieran-Test2.Kieran-Test2_C' with ClassGeneratedBy '/Game/Levels/Kieran-Test2.Kieran-Test2:PersistentLevel.Kieran-Test2'
[2016.02.08-09.52.22:360][213]LogBlueprintUserMessages: Early EndPlayMap Detection: Level '/Game/Levels/Kieran-Test2.Kieran-Test2:PersistentLevel' has LevelScriptBlueprint '/Game/Levels/Kieran-Test2.Kieran-Test2:PersistentLevel.Kieran-Test2' with GeneratedClass '/Game/Levels/Kieran-Test2.Kieran-Test2_C' with ClassGeneratedBy '/Game/Levels/Kieran-Test2.Kieran-Test2:PersistentLevel.Kieran-Test2'
[2016.02.08-09.52.22:511][213]LogBlueprintUserMessages: Late EndPlayMap Detection: Level '/Game/Levels/Kieran-Test2.Kieran-Test2:PersistentLevel' has LevelScriptBlueprint '/Game/Levels/Kieran-Test2.Kieran-Test2:PersistentLevel.Kieran-Test2' with GeneratedClass '/Game/Levels/Kieran-Test2.Kieran-Test2_C' with ClassGeneratedBy '/Game/Levels/Kieran-Test2.Kieran-Test2:PersistentLevel.Kieran-Test2'
[2016.02.08-09.52.22:653][213]LogParticles: Destroying 0 GPU particle simulations for FXSystem 0x000000AAA192E660
[2016.02.08-09.52.42:860][ 93]BlueprintLog: New page: Compile Kieran-Test2
[2016.02.08-09.52.43:021][ 93]BlueprintEditorCompileResults: Info [0139.27] Compile of Kieran-Test2 successful! [in 161 ms]
[2016.02.08-09.52.43:750][122]BlueprintLog: New page: Compile Kieran-Test2
[2016.02.08-09.52.43:903][122]BlueprintEditorCompileResults: Info [0140.16] Compile of Kieran-Test2 successful! [in 154 ms]
[2016.02.08-09.52.47:298][298]LogBlueprintUserMessages: Early PlayInEditor Detection: Level '/Game/Levels/Kieran-Test2.Kieran-Test2:PersistentLevel' has LevelScriptBlueprint '/Game/Levels/Kieran-Test2.Kieran-Test2:PersistentLevel.Kieran-Test2' with GeneratedClass '/Game/Levels/Kieran-Test2.Kieran-Test2_C' with ClassGeneratedBy '/Game/Levels/Kieran-Test2.Kieran-Test2:PersistentLevel.Kieran-Test2'
[2016.02.08-09.52.47:298][298]LogPlayLevel: PlayLevel: No blueprints needed recompiling
[2016.02.08-09.52.47:298][298]PIE: New page: SIE session: Kieran-Test2 (8 Feb 2016 09:52:47)
[2016.02.08-09.52.47:299][298]LogPlayLevel: Creating play world package: /Game/Levels/UEDPIE_0_Kieran-Test2
[2016.02.08-09.52.47:327][298]LogPlayLevel: PIE: StaticDuplicateObject took: (0.027965s)
[2016.02.08-09.52.47:328][298]LogAIModule: Creating AISystem for world Kieran-Test2
[2016.02.08-09.52.47:328][298]LogPlayLevel: PIE: World Init took: (0.001390s)
[2016.02.08-09.52.47:328][298]LogPlayLevel: PIE: Created PIE world by copying editor world from /Game/Levels/Kieran-Test2.Kieran-Test2 to /Game/Levels/UEDPIE_0_Kieran-Test2.Kieran-Test2 (0.029763s)
[2016.02.08-09.52.47:371][298]LogParticles: Destroying 0 GPU particle simulations for FXSystem 0x000000AAA23385E0
[2016.02.08-09.52.47:371][298]LogInit: XAudio2 using 'Speakers (VIA HD Audio(Win 10))' : 2 channels at 48 kHz using 32 bits per sample (channel mask 0x3)
[2016.02.08-09.52.47:385][298]LogInit: FAudioDevice initialized.
[2016.02.08-09.52.47:441][298]LogWorld: Game class is 'Anthrocratos_UE4GameMode'
[2016.02.08-09.52.47:448][298]LogWorld: Bringing World /Game/Levels/UEDPIE_0_Kieran-Test2.Kieran-Test2 up for play (max tick rate 0) at 2016.02.08-09.52.47
[2016.02.08-09.52.47:448][298]LogActor:Warning: GameSession /Game/Levels/UEDPIE_0_Kieran-Test2.Kieran-Test2:PersistentLevel.GameSession_3 has natively added scene component(s), but none of them were set as the actor's RootComponent - picking one arbitrarily
[2016.02.08-09.52.47:449][298]LogActor:Warning: GameNetworkManager /Game/Levels/UEDPIE_0_Kieran-Test2.Kieran-Test2:PersistentLevel.GameNetworkManager_3 has natively added scene component(s), but none of them were set as the actor's RootComponent - picking one arbitrarily
[2016.02.08-09.52.47:449][298]LogWorld: Bringing up level for play took: 0.004496
[2016.02.08-09.52.47:451][298]LogGameMode: Warning - PATHS NOT DEFINED or NO PLAYERSTART with positive rating
[2016.02.08-09.52.47:492][298]LogBlueprintUserMessages: [Kieran-Test2_C_3] TilesGenerated
[2016.02.08-09.52.47:492][298]PIE: Info Play in editor start time for /Game/Levels/UEDPIE_0_Kieran-Test2 -0.141
[2016.02.08-09.52.47:495][298]LogBlueprintUserMessages: Late PlayInEditor Detection: Level '/Game/Levels/Kieran-Test2.Kieran-Test2:PersistentLevel' has LevelScriptBlueprint '/Game/Levels/Kieran-Test2.Kieran-Test2:PersistentLevel.Kieran-Test2' with GeneratedClass '/Game/Levels/Kieran-Test2.Kieran-Test2_C' with ClassGeneratedBy '/Game/Levels/Kieran-Test2.Kieran-Test2:PersistentLevel.Kieran-Test2'
[2016.02.08-09.52.52:161][521]LogSelection:Warning: PIE object was selected: "HexTileBasic_C /Game/Levels/UEDPIE_0_Kieran-Test2.Kieran-Test2:PersistentLevel.HexTileBasic_C_10247"
[2016.02.08-09.52.53:167][571]LogSelection:Warning: PIE object was selected: "HexTileBasic_C /Game/Levels/UEDPIE_0_Kieran-Test2.Kieran-Test2:PersistentLevel.HexTileBasic_C_10248"
[2016.02.08-09.52.53:390][581]LogSelection:Warning: PIE object was selected: "HexTileBasic_C /Game/Levels/UEDPIE_0_Kieran-Test2.Kieran-Test2:PersistentLevel.HexTileBasic_C_10249"
[2016.02.08-09.52.53:595][591]LogSelection:Warning: PIE object was selected: "HexTileBasic_C /Game/Levels/UEDPIE_0_Kieran-Test2.Kieran-Test2:PersistentLevel.HexTileBasic_C_10250"
[2016.02.08-09.52.53:735][598]LogSelection:Warning: PIE object was selected: "HexTileBasic_C /Game/Levels/UEDPIE_0_Kieran-Test2.Kieran-Test2:PersistentLevel.HexTileBasic_C_10251"
[2016.02.08-09.52.53:884][605]LogSelection:Warning: PIE object was selected: "HexTileBasic_C /Game/Levels/UEDPIE_0_Kieran-Test2.Kieran-Test2:PersistentLevel.HexTileBasic_C_10252"
[2016.02.08-09.52.54:065][614]LogSelection:Warning: PIE object was selected: "HexTileBasic_C /Game/Levels/UEDPIE_0_Kieran-Test2.Kieran-Test2:PersistentLevel.HexTileBasic_C_10253"
[2016.02.08-09.52.54:254][623]LogSelection:Warning: PIE object was selected: "HexTileBasic_C /Game/Levels/UEDPIE_0_Kieran-Test2.Kieran-Test2:PersistentLevel.HexTileBasic_C_10254"
[2016.02.08-09.52.54:397][630]LogSelection:Warning: PIE object was selected: "HexTileBasic_C /Game/Levels/UEDPIE_0_Kieran-Test2.Kieran-Test2:PersistentLevel.HexTileBasic_C_10255"
[2016.02.08-09.52.54:557][638]LogSelection:Warning: PIE object was selected: "HexTileBasic_C /Game/Levels/UEDPIE_0_Kieran-Test2.Kieran-Test2:PersistentLevel.HexTileBasic_C_10256"
[2016.02.08-09.52.54:697][645]LogSelection:Warning: PIE object was selected: "HexTileBasic_C /Game/Levels/UEDPIE_0_Kieran-Test2.Kieran-Test2:PersistentLevel.HexTileBasic_C_10257"
[2016.02.08-09.52.54:909][655]LogSelection:Warning: PIE object was selected: "HexTileBasic_C /Game/Levels/UEDPIE_0_Kieran-Test2.Kieran-Test2:PersistentLevel.HexTileBasic_C_10258"
[2016.02.08-09.52.55:092][664]LogSelection:Warning: PIE object was selected: "HexTileBasic_C /Game/Levels/UEDPIE_0_Kieran-Test2.Kieran-Test2:PersistentLevel.HexTileBasic_C_10259"
[2016.02.08-09.52.55:328][675]LogSelection:Warning: PIE object was selected: "HexTileBasic_C /Game/Levels/UEDPIE_0_Kieran-Test2.Kieran-Test2:PersistentLevel.HexTileBasic_C_10260"
[2016.02.08-09.52.55:500][684]LogSelection:Warning: PIE object was selected: "HexTileBasic_C /Game/Levels/UEDPIE_0_Kieran-Test2.Kieran-Test2:PersistentLevel.HexTileBasic_C_10261"
[2016.02.08-09.52.55:669][692]LogSelection:Warning: PIE object was selected: "HexTileBasic_C /Game/Levels/UEDPIE_0_Kieran-Test2.Kieran-Test2:PersistentLevel.HexTileBasic_C_10262"
[2016.02.08-09.52.55:856][701]LogSelection:Warning: PIE object was selected: "HexTileBasic_C /Game/Levels/UEDPIE_0_Kieran-Test2.Kieran-Test2:PersistentLevel.HexTileBasic_C_10263"
[2016.02.08-09.52.56:017][709]LogSelection:Warning: PIE object was selected: "HexTileBasic_C /Game/Levels/UEDPIE_0_Kieran-Test2.Kieran-Test2:PersistentLevel.HexTileBasic_C_10264"
[2016.02.08-09.52.56:184][716]LogSelection:Warning: PIE object was selected: "HexTileBasic_C /Game/Levels/UEDPIE_0_Kieran-Test2.Kieran-Test2:PersistentLevel.HexTileBasic_C_10265"
[2016.02.08-09.52.56:356][724]LogSelection:Warning: PIE object was selected: "HexTileBasic_C /Game/Levels/UEDPIE_0_Kieran-Test2.Kieran-Test2:PersistentLevel.HexTileBasic_C_10266"
[2016.02.08-09.52.56:557][734]LogSelection:Warning: PIE object was selected: "HexTileBasic_C /Game/Levels/UEDPIE_0_Kieran-Test2.Kieran-Test2:PersistentLevel.HexTileBasic_C_10267"
[2016.02.08-09.52.56:738][743]LogSelection:Warning: PIE object was selected: "HexTileBasic_C /Game/Levels/UEDPIE_0_Kieran-Test2.Kieran-Test2:PersistentLevel.HexTileBasic_C_10268"
[2016.02.08-09.52.56:923][752]LogSelection:Warning: PIE object was selected: "HexTileBasic_C /Game/Levels/UEDPIE_0_Kieran-Test2.Kieran-Test2:PersistentLevel.HexTileBasic_C_10269"
[2016.02.08-09.52.57:088][760]LogSelection:Warning: PIE object was selected: "HexTileBasic_C /Game/Levels/UEDPIE_0_Kieran-Test2.Kieran-Test2:PersistentLevel.HexTileBasic_C_10270"
[2016.02.08-09.52.57:277][769]LogSelection:Warning: PIE object was selected: "HexTileBasic_C /Game/Levels/UEDPIE_0_Kieran-Test2.Kieran-Test2:PersistentLevel.HexTileBasic_C_10271"
[2016.02.08-09.52.57:456][778]LogSelection:Warning: PIE object was selected: "HexTileBasic_C /Game/Levels/UEDPIE_0_Kieran-Test2.Kieran-Test2:PersistentLevel.HexTileBasic_C_10272"
[2016.02.08-09.52.57:638][787]LogSelection:Warning: PIE object was selected: "HexTileBasic_C /Game/Levels/UEDPIE_0_Kieran-Test2.Kieran-Test2:PersistentLevel.HexTileBasic_C_10273"
[2016.02.08-09.52.57:807][795]LogSelection:Warning: PIE object was selected: "HexTileBasic_C /Game/Levels/UEDPIE_0_Kieran-Test2.Kieran-Test2:PersistentLevel.HexTileBasic_C_10274"
[2016.02.08-09.52.57:968][803]LogSelection:Warning: PIE object was selected: "HexTileBasic_C /Game/Levels/UEDPIE_0_Kieran-Test2.Kieran-Test2:PersistentLevel.HexTileBasic_C_10275"
[2016.02.08-09.52.58:131][811]LogSelection:Warning: PIE object was selected: "HexTileBasic_C /Game/Levels/UEDPIE_0_Kieran-Test2.Kieran-Test2:PersistentLevel.HexTileBasic_C_10276"
[2016.02.08-09.52.58:280][817]LogSelection:Warning: PIE object was selected: "HexTileBasic_C /Game/Levels/UEDPIE_0_Kieran-Test2.Kieran-Test2:PersistentLevel.HexTileBasic_C_10277"
[2016.02.08-09.52.58:448][825]LogSelection:Warning: PIE object was selected: "HexTileBasic_C /Game/Levels/UEDPIE_0_Kieran-Test2.Kieran-Test2:PersistentLevel.HexTileBasic_C_10278"
[2016.02.08-09.52.58:607][833]LogSelection:Warning: PIE object was selected: "HexTileBasic_C /Game/Levels/UEDPIE_0_Kieran-Test2.Kieran-Test2:PersistentLevel.HexTileBasic_C_10279"
[2016.02.08-09.52.58:952][850]LogSelection:Warning: PIE object was selected: "HexTileBasic_C /Game/Levels/UEDPIE_0_Kieran-Test2.Kieran-Test2:PersistentLevel.HexTileBasic_C_10280"
[2016.02.08-09.52.59:135][859]LogSelection:Warning: PIE object was selected: "HexTileBasic_C /Game/Levels/UEDPIE_0_Kieran-Test2.Kieran-Test2:PersistentLevel.HexTileBasic_C_10281"
[2016.02.08-09.52.59:301][867]LogSelection:Warning: PIE object was selected: "HexTileBasic_C /Game/Levels/UEDPIE_0_Kieran-Test2.Kieran-Test2:PersistentLevel.HexTileBasic_C_10282"
[2016.02.08-09.52.59:469][875]LogSelection:Warning: PIE object was selected: "HexTileBasic_C /Game/Levels/UEDPIE_0_Kieran-Test2.Kieran-Test2:PersistentLevel.HexTileBasic_C_10283"
[2016.02.08-09.52.59:633][883]LogSelection:Warning: PIE object was selected: "HexTileBasic_C /Game/Levels/UEDPIE_0_Kieran-Test2.Kieran-Test2:PersistentLevel.HexTileBasic_C_10284"
[2016.02.08-09.52.59:816][892]LogSelection:Warning: PIE object was selected: "HexTileBasic_C /Game/Levels/UEDPIE_0_Kieran-Test2.Kieran-Test2:PersistentLevel.HexTileBasic_C_10285"
[2016.02.08-09.52.59:978][900]LogSelection:Warning: PIE object was selected: "HexTileBasic_C /Game/Levels/UEDPIE_0_Kieran-Test2.Kieran-Test2:PersistentLevel.HexTileBasic_C_10286"
[2016.02.08-09.53.00:131][907]LogSelection:Warning: PIE object was selected: "HexTileBasic_C /Game/Levels/UEDPIE_0_Kieran-Test2.Kieran-Test2:PersistentLevel.HexTileBasic_C_10287"
[2016.02.08-09.53.00:311][914]LogSelection:Warning: PIE object was selected: "HexTileBasic_C /Game/Levels/UEDPIE_0_Kieran-Test2.Kieran-Test2:PersistentLevel.HexTileBasic_C_10288"
[2016.02.08-09.53.00:512][924]LogSelection:Warning: PIE object was selected: "HexTileBasic_C /Game/Levels/UEDPIE_0_Kieran-Test2.Kieran-Test2:PersistentLevel.HexTileBasic_C_10289"
[2016.02.08-09.53.00:676][932]LogSelection:Warning: PIE object was selected: "HexTileBasic_C /Game/Levels/UEDPIE_0_Kieran-Test2.Kieran-Test2:PersistentLevel.HexTileBasic_C_10290"
[2016.02.08-09.53.00:880][942]LogSelection:Warning: PIE object was selected: "HexTileBasic_C /Game/Levels/UEDPIE_0_Kieran-Test2.Kieran-Test2:PersistentLevel.HexTileBasic_C_10291"
[2016.02.08-09.53.01:060][951]LogSelection:Warning: PIE object was selected: "HexTileBasic_C /Game/Levels/UEDPIE_0_Kieran-Test2.Kieran-Test2:PersistentLevel.HexTileBasic_C_10292"
[2016.02.08-09.53.01:255][959]LogSelection:Warning: PIE object was selected: "HexTileBasic_C /Game/Levels/UEDPIE_0_Kieran-Test2.Kieran-Test2:PersistentLevel.HexTileBasic_C_10293"
[2016.02.08-09.53.01:450][969]LogSelection:Warning: PIE object was selected: "HexTileBasic_C /Game/Levels/UEDPIE_0_Kieran-Test2.Kieran-Test2:PersistentLevel.HexTileBasic_C_10294"
[2016.02.08-09.53.01:647][979]LogSelection:Warning: PIE object was selected: "HexTileBasic_C /Game/Levels/UEDPIE_0_Kieran-Test2.Kieran-Test2:PersistentLevel.HexTileBasic_C_10295"
[2016.02.08-09.53.04:434][115]LogBlueprintUserMessages: Early EndPlayMap Detection: Level '/Game/Levels/Kieran-Test2.Kieran-Test2:PersistentLevel' has LevelScriptBlueprint '/Game/Levels/Kieran-Test2.Kieran-Test2:PersistentLevel.Kieran-Test2' with GeneratedClass '/Game/Levels/Kieran-Test2.Kieran-Test2_C' with ClassGeneratedBy '/Game/Levels/Kieran-Test2.Kieran-Test2:PersistentLevel.Kieran-Test2'
[2016.02.08-09.53.04:478][115]LogBlueprintUserMessages: Late EndPlayMap Detection: Level '/Game/Levels/Kieran-Test2.Kieran-Test2:PersistentLevel' has LevelScriptBlueprint '/Game/Levels/Kieran-Test2.Kieran-Test2:PersistentLevel.Kieran-Test2' with GeneratedClass '/Game/Levels/Kieran-Test2.Kieran-Test2_C' with ClassGeneratedBy '/Game/Levels/Kieran-Test2.Kieran-Test2:PersistentLevel.Kieran-Test2'
[2016.02.08-09.53.04:518][115]LogParticles: Destroying 0 GPU particle simulations for FXSystem 0x000000AAA1D9D3A0
[2016.02.08-09.53.40:371][734]BlueprintLog: New page: Compile Kieran-Test2
[2016.02.08-09.53.40:539][734]BlueprintEditorCompileResults: Info [0196.79] Compile of Kieran-Test2 successful! [in 167 ms]
[2016.02.08-09.53.49:513][ 97]BlueprintLog: New page: Compile Kieran-Test2
[2016.02.08-09.53.49:669][ 97]BlueprintEditorCompileResults: Info [0205.92] Compile of Kieran-Test2 successful! [in 156 ms]
[2016.02.08-09.53.55:842][339]BlueprintLog: New page: Compile Kieran-Test2
[2016.02.08-09.53.56:018][339]BlueprintEditorCompileResults: Info [0212.27] Compile of Kieran-Test2 successful! [in 176 ms]
[2016.02.08-09.53.59:213][489]LogBlueprintUserMessages: Early PlayInEditor Detection: Level '/Game/Levels/Kieran-Test2.Kieran-Test2:PersistentLevel' has LevelScriptBlueprint '/Game/Levels/Kieran-Test2.Kieran-Test2:PersistentLevel.Kieran-Test2' with GeneratedClass '/Game/Levels/Kieran-Test2.Kieran-Test2_C' with ClassGeneratedBy '/Game/Levels/Kieran-Test2.Kieran-Test2:PersistentLevel.Kieran-Test2'
[2016.02.08-09.53.59:213][489]LogPlayLevel: PlayLevel: No blueprints needed recompiling
[2016.02.08-09.53.59:213][489]PIE: New page: SIE session: Kieran-Test2 (8 Feb 2016 09:53:59)
[2016.02.08-09.53.59:213][489]LogPlayLevel: Creating play world package: /Game/Levels/UEDPIE_0_Kieran-Test2
[2016.02.08-09.53.59:244][489]LogPlayLevel: PIE: StaticDuplicateObject took: (0.030564s)
[2016.02.08-09.53.59:246][489]LogAIModule: Creating AISystem for world Kieran-Test2
[2016.02.08-09.53.59:247][489]LogPlayLevel: PIE: World Init took: (0.002547s)
[2016.02.08-09.53.59:247][489]LogPlayLevel: PIE: Created PIE world by copying editor world from /Game/Levels/Kieran-Test2.Kieran-Test2 to /Game/Levels/UEDPIE_0_Kieran-Test2.Kieran-Test2 (0.033493s)
[2016.02.08-09.53.59:292][489]LogParticles: Destroying 0 GPU particle simulations for FXSystem 0x000000AAA23D9D00
[2016.02.08-09.53.59:292][489]LogInit: XAudio2 using 'Speakers (VIA HD Audio(Win 10))' : 2 channels at 48 kHz using 32 bits per sample (channel mask 0x3)
[2016.02.08-09.53.59:308][489]LogInit: FAudioDevice initialized.
[2016.02.08-09.53.59:354][489]LogWorld: Game class is 'Anthrocratos_UE4GameMode'
[2016.02.08-09.53.59:357][489]LogWorld: Bringing World /Game/Levels/UEDPIE_0_Kieran-Test2.Kieran-Test2 up for play (max tick rate 0) at 2016.02.08-09.53.59
[2016.02.08-09.53.59:357][489]LogActor:Warning: GameSession /Game/Levels/UEDPIE_0_Kieran-Test2.Kieran-Test2:PersistentLevel.GameSession_4 has natively added scene component(s), but none of them were set as the actor's RootComponent - picking one arbitrarily
[2016.02.08-09.53.59:358][489]LogActor:Warning: GameNetworkManager /Game/Levels/UEDPIE_0_Kieran-Test2.Kieran-Test2:PersistentLevel.GameNetworkManager_4 has natively added scene component(s), but none of them were set as the actor's RootComponent - picking one arbitrarily
[2016.02.08-09.53.59:358][489]LogWorld: Bringing up level for play took: 0.002618
[2016.02.08-09.53.59:359][489]LogGameMode: Warning - PATHS NOT DEFINED or NO PLAYERSTART with positive rating
[2016.02.08-09.53.59:386][489]LogBlueprintUserMessages: [Kieran-Test2_C_2] TilesGenerated
[2016.02.08-09.53.59:386][489]PIE: Info Play in editor start time for /Game/Levels/UEDPIE_0_Kieran-Test2 -0.247
[2016.02.08-09.53.59:389][489]LogBlueprintUserMessages: Late PlayInEditor Detection: Level '/Game/Levels/Kieran-Test2.Kieran-Test2:PersistentLevel' has LevelScriptBlueprint '/Game/Levels/Kieran-Test2.Kieran-Test2:PersistentLevel.Kieran-Test2' with GeneratedClass '/Game/Levels/Kieran-Test2.Kieran-Test2_C' with ClassGeneratedBy '/Game/Levels/Kieran-Test2.Kieran-Test2:PersistentLevel.Kieran-Test2'
[2016.02.08-09.54.00:573][538]LogEditorViewport: Clicking on Actor (LMB): HexTileBasic_C (HexTileBasic10416)
[2016.02.08-09.54.00:573][538]LogSelection:Warning: PIE object was selected: "HexTileBasic_C /Game/Levels/UEDPIE_0_Kieran-Test2.Kieran-Test2:PersistentLevel.HexTileBasic_C_10416"
[2016.02.08-09.54.04:318][704]LogSelection:Warning: PIE object was selected: "HexTileBasic_C /Game/Levels/UEDPIE_0_Kieran-Test2.Kieran-Test2:PersistentLevel.HexTileBasic_C_10397"
[2016.02.08-09.54.04:920][735]LogSelection:Warning: PIE object was selected: "HexTileBasic_C /Game/Levels/UEDPIE_0_Kieran-Test2.Kieran-Test2:PersistentLevel.HexTileBasic_C_10398"
[2016.02.08-09.54.05:061][741]LogSelection:Warning: PIE object was selected: "HexTileBasic_C /Game/Levels/UEDPIE_0_Kieran-Test2.Kieran-Test2:PersistentLevel.HexTileBasic_C_10399"
[2016.02.08-09.54.05:206][748]LogSelection:Warning: PIE object was selected: "HexTileBasic_C /Game/Levels/UEDPIE_0_Kieran-Test2.Kieran-Test2:PersistentLevel.HexTileBasic_C_10400"
[2016.02.08-09.54.05:347][755]LogSelection:Warning: PIE object was selected: "HexTileBasic_C /Game/Levels/UEDPIE_0_Kieran-Test2.Kieran-Test2:PersistentLevel.HexTileBasic_C_10401"
[2016.02.08-09.54.05:507][763]LogSelection:Warning: PIE object was selected: "HexTileBasic_C /Game/Levels/UEDPIE_0_Kieran-Test2.Kieran-Test2:PersistentLevel.HexTileBasic_C_10402"
[2016.02.08-09.54.05:686][772]LogSelection:Warning: PIE object was selected: "HexTileBasic_C /Game/Levels/UEDPIE_0_Kieran-Test2.Kieran-Test2:PersistentLevel.HexTileBasic_C_10403"
[2016.02.08-09.54.05:830][779]LogSelection:Warning: PIE object was selected: "HexTileBasic_C /Game/Levels/UEDPIE_0_Kieran-Test2.Kieran-Test2:PersistentLevel.HexTileBasic_C_10404"
[2016.02.08-09.54.05:973][786]LogSelection:Warning: PIE object was selected: "HexTileBasic_C /Game/Levels/UEDPIE_0_Kieran-Test2.Kieran-Test2:PersistentLevel.HexTileBasic_C_10405"
[2016.02.08-09.54.06:147][794]LogSelection:Warning: PIE object was selected: "HexTileBasic_C /Game/Levels/UEDPIE_0_Kieran-Test2.Kieran-Test2:PersistentLevel.HexTileBasic_C_10406"
[2016.02.08-09.54.06:312][802]LogSelection:Warning: PIE object was selected: "HexTileBasic_C /Game/Levels/UEDPIE_0_Kieran-Test2.Kieran-Test2:PersistentLevel.HexTileBasic_C_10407"
[2016.02.08-09.54.06:448][809]LogSelection:Warning: PIE object was selected: "HexTileBasic_C /Game/Levels/UEDPIE_0_Kieran-Test2.Kieran-Test2:PersistentLevel.HexTileBasic_C_10408"
[2016.02.08-09.54.06:612][817]LogSelection:Warning: PIE object was selected: "HexTileBasic_C /Game/Levels/UEDPIE_0_Kieran-Test2.Kieran-Test2:PersistentLevel.HexTileBasic_C_10409"
[2016.02.08-09.54.06:756][824]LogSelection:Warning: PIE object was selected: "HexTileBasic_C /Game/Levels/UEDPIE_0_Kieran-Test2.Kieran-Test2:PersistentLevel.HexTileBasic_C_10410"
[2016.02.08-09.54.06:936][833]LogSelection:Warning: PIE object was selected: "HexTileBasic_C /Game/Levels/UEDPIE_0_Kieran-Test2.Kieran-Test2:PersistentLevel.HexTileBasic_C_10411"
[2016.02.08-09.54.07:101][841]LogSelection:Warning: PIE object was selected: "HexTileBasic_C /Game/Levels/UEDPIE_0_Kieran-Test2.Kieran-Test2:PersistentLevel.HexTileBasic_C_10412"
[2016.02.08-09.54.09:799][971]LogBlueprintUserMessages: Early EndPlayMap Detection: Level '/Game/Levels/Kieran-Test2.Kieran-Test2:PersistentLevel' has LevelScriptBlueprint '/Game/Levels/Kieran-Test2.Kieran-Test2:PersistentLevel.Kieran-Test2' with GeneratedClass '/Game/Levels/Kieran-Test2.Kieran-Test2_C' with ClassGeneratedBy '/Game/Levels/Kieran-Test2.Kieran-Test2:PersistentLevel.Kieran-Test2'
[2016.02.08-09.54.09:848][971]LogBlueprintUserMessages: Late EndPlayMap Detection: Level '/Game/Levels/Kieran-Test2.Kieran-Test2:PersistentLevel' has LevelScriptBlueprint '/Game/Levels/Kieran-Test2.Kieran-Test2:PersistentLevel.Kieran-Test2' with GeneratedClass '/Game/Levels/Kieran-Test2.Kieran-Test2_C' with ClassGeneratedBy '/Game/Levels/Kieran-Test2.Kieran-Test2:PersistentLevel.Kieran-Test2'
[2016.02.08-09.54.09:887][971]LogParticles: Destroying 0 GPU particle simulations for FXSystem 0x000000AA98F0DC60
[2016.02.08-09.54.18:339][508]LogSavePackage: Save=304.233154ms
[2016.02.08-09.54.18:339][508]LogSavePackage: Moving '../../../../../../Users/user/Game Development/Anthrocratos/Anthrocratos_UE4/Saved/Kieran-Test2002EDFDE4CFCBBB21607018ABFA06431.tmp' to '../../../../../../Users/user/Game Development/Anthrocratos/Anthrocratos_UE4/Content/Levels/Kieran-Test2.umap'
[2016.02.08-09.54.18:344][508]LogSavePackage: Total save time: 330.645625ms
[2016.02.08-09.54.18:344][508]LogSavePackage:Display: Finished SavePackage ../../../../../../Users/user/Game Development/Anthrocratos/Anthrocratos_UE4/Content/Levels/Kieran-Test2.umap
[2016.02.08-09.54.18:414][508]LogFileHelpers: Saving map 'Kieran-Test2' took 0.524
[2016.02.08-09.54.21:839][733]LogWindowsTextInputMethodSystem:Display: IME system now deactivated.
[2016.02.08-09.54.22:340][734]Cmd: QUIT_EDITOR
[2016.02.08-09.54.23:647][734]LogExit: Preparing to exit.
[2016.02.08-09.54.24:807][734]LogExit: Editor shut down
[2016.02.08-09.54.24:808][734]LogExit: Transaction tracking system shut down
[2016.02.08-09.54.24:810][734]LogParticles: Destroying 0 GPU particle simulations for FXSystem 0x000000AAEE4FADE0
[2016.02.08-09.54.24:810][734]LogParticles: Destroying 0 GPU particle simulations for FXSystem 0x000000AAE1E7BB00
[2016.02.08-09.54.24:810][734]LogParticles: Destroying 0 GPU particle simulations for FXSystem 0x000000AAE1BE2AC0
[2016.02.08-09.54.24:813][734]LogParticles: Destroying 0 GPU particle simulations for FXSystem 0x000000AA8EF69EE0
[2016.02.08-09.54.25:135][734]LogExit: Object subsystem successfully closed.
[2016.02.08-09.54.25:162][734]LogD3D11RHI: Shutdown
[2016.02.08-09.54.25:162][734]LogD3D11RHI: CleanupD3DDevice
[2016.02.08-09.54.25:266][734]LogD3D11RHI: ~FD3D11DynamicRHI
[2016.02.08-09.54.25:289][734]LogModuleManager: Shutting down and abandoning module CookingStats (201)
[2016.02.08-09.54.25:289][734]LogModuleManager: Shutting down and abandoning module BlueprintGraph (200)
[2016.02.08-09.54.25:289][734]LogModuleManager: Shutting down and abandoning module CrashTracker (199)
[2016.02.08-09.54.25:289][734]LogModuleManager: Shutting down and abandoning module SceneOutliner (198)
[2016.02.08-09.54.25:289][734]LogModuleManager: Shutting down and abandoning module SuperSearch (197)
[2016.02.08-09.54.25:289][734]LogModuleManager: Shutting down and abandoning module WidgetCarousel (196)
[2016.02.08-09.54.25:289][734]LogModuleManager: Shutting down and abandoning module AddContentDialog (195)
[2016.02.08-09.54.25:294][734]LogModuleManager: Shutting down and abandoning module EditorWidgets (194)
[2016.02.08-09.54.25:294][734]LogModuleManager: Shutting down and abandoning module CollectionManager (193)
[2016.02.08-09.54.25:294][734]LogModuleManager: Shutting down and abandoning module StatsViewer (192)
[2016.02.08-09.54.25:294][734]LogModuleManager: Shutting down and abandoning module FoliageEdit (191)
[2016.02.08-09.54.25:294][734]LogModuleManager: Shutting down and abandoning module LandscapeEditor (190)
[2016.02.08-09.54.25:294][734]LogModuleManager: Shutting down and abandoning module ActorPickerMode (189)
[2016.02.08-09.54.25:294][734]LogModuleManager: Shutting down and abandoning module GeometryMode (188)
[2016.02.08-09.54.25:294][734]LogModuleManager: Shutting down and abandoning module TextureAlignMode (187)
[2016.02.08-09.54.25:295][734]LogModuleManager: Shutting down and abandoning module BspMode (186)
[2016.02.08-09.54.25:295][734]LogModuleManager: Shutting down and abandoning module PlacementMode (185)
[2016.02.08-09.54.25:295][734]LogModuleManager: Shutting down and abandoning module AutomationWorker (184)
[2016.02.08-09.54.25:295][734]LogModuleManager: Shutting down and abandoning module CharacterAI (183)
[2016.02.08-09.54.25:295][734]LogModuleManager: Shutting down and abandoning module SmartSnapping (182)
[2016.02.08-09.54.25:295][734]LogModuleManager: Shutting down and abandoning module ViewportSnapping (181)
[2016.02.08-09.54.25:295][734]LogModuleManager: Shutting down and abandoning module LogVisualizer (180)
[2016.02.08-09.54.25:295][734]LogModuleManager: Shutting down and abandoning module GameProjectGeneration (179)
[2016.02.08-09.54.25:295][734]LogModuleManager: Shutting down and abandoning module IntroTutorials (178)
[2016.02.08-09.54.25:295][734]LogModuleManager: Shutting down and abandoning module EditorLiveStreaming (177)
[2016.02.08-09.54.25:295][734]LogModuleManager: Shutting down and abandoning module IOSPlatformEditor (176)
[2016.02.08-09.54.25:295][734]LogModuleManager: Shutting down and abandoning module HTML5PlatformEditor (175)
[2016.02.08-09.54.25:295][734]LogModuleManager: Shutting down and abandoning module AndroidDeviceDetection (174)
[2016.02.08-09.54.25:327][734]LogModuleManager: Shutting down and abandoning module AndroidPlatformEditor (173)
[2016.02.08-09.54.25:327][734]LogModuleManager: Shutting down and abandoning module IOSRuntimeSettings (172)
[2016.02.08-09.54.25:327][734]LogModuleManager: Shutting down and abandoning module AndroidRuntimeSettings (171)
[2016.02.08-09.54.25:327][734]LogModuleManager: Shutting down and abandoning module MergeActors (170)
[2016.02.08-09.54.25:327][734]LogModuleManager: Shutting down and abandoning module SizeMap (169)
[2016.02.08-09.54.25:327][734]LogModuleManager: Shutting down and abandoning module TreeMap (168)
[2016.02.08-09.54.25:327][734]LogModuleManager: Shutting down and abandoning module ReferenceViewer (167)
[2016.02.08-09.54.25:327][734]LogModuleManager: Shutting down and abandoning module LocalizationService (166)
[2016.02.08-09.54.25:327][734]LogModuleManager: Shutting down and abandoning module LocalizationDashboard (165)
[2016.02.08-09.54.25:327][734]LogModuleManager: Shutting down and abandoning module HardwareTargeting (164)
[2016.02.08-09.54.25:327][734]LogModuleManager: Shutting down and abandoning module DeviceProfileEditor (163)
[2016.02.08-09.54.25:327][734]LogModuleManager: Shutting down and abandoning module UndoHistory (162)
[2016.02.08-09.54.25:327][734]LogModuleManager: Shutting down and abandoning module GameplayTagsEditor (161)
[2016.02.08-09.54.25:327][734]LogModuleManager: Shutting down and abandoning module UserFeedback (160)
[2016.02.08-09.54.25:328][734]LogModuleManager: Shutting down and abandoning module XmlParser (159)
[2016.02.08-09.54.25:328][734]LogModuleManager: Shutting down and abandoning module Blutility (158)
[2016.02.08-09.54.25:328][734]LogModuleManager: Shutting down and abandoning module ProjectTargetPlatformEditor (157)
[2016.02.08-09.54.25:328][734]LogModuleManager: Shutting down and abandoning module ProjectSettingsViewer (156)
[2016.02.08-09.54.25:328][734]LogModuleManager: Shutting down and abandoning module InputBindingEditor (155)
[2016.02.08-09.54.25:328][734]LogModuleManager: Shutting down and abandoning module EditorSettingsViewer (154)
[2016.02.08-09.54.25:328][734]LogModuleManager: Shutting down and abandoning module SettingsEditor (153)
[2016.02.08-09.54.25:328][734]LogModuleManager: Shutting down and abandoning module ProjectLauncher (152)
[2016.02.08-09.54.25:328][734]LogModuleManager: Shutting down and abandoning module SessionFrontend (151)
[2016.02.08-09.54.25:328][734]LogModuleManager: Shutting down and abandoning module ProfilerClient (150)
[2016.02.08-09.54.25:328][734]LogModuleManager: Shutting down and abandoning module TargetDeviceServices (149)
[2016.02.08-09.54.25:328][734]LogModuleManager: Shutting down and abandoning module DeviceManager (148)
[2016.02.08-09.54.25:328][734]LogModuleManager: Shutting down and abandoning module AutomationController (147)
[2016.02.08-09.54.25:328][734]LogModuleManager: Shutting down and abandoning module AutomationWindow (146)
[2016.02.08-09.54.25:328][734]LogModuleManager: Shutting down and abandoning module Layers (145)
[2016.02.08-09.54.25:328][734]LogModuleManager: Shutting down and abandoning module ComponentVisualizers (144)
[2016.02.08-09.54.25:328][734]LogModuleManager: Shutting down and abandoning module DetailCustomizations (143)
[2016.02.08-09.54.25:328][734]LogModuleManager: Shutting down and abandoning module PackagesDialog (142)
[2016.02.08-09.54.25:329][734]LogModuleManager: Shutting down and abandoning module Persona (141)
[2016.02.08-09.54.25:329][734]LogModuleManager: Shutting down and abandoning module Kismet (140)
[2016.02.08-09.54.25:329][734]LogModuleManager: Shutting down and abandoning module GraphEditor (139)
[2016.02.08-09.54.25:329][734]LogModuleManager: Shutting down and abandoning module ClassViewer (138)
[2016.02.08-09.54.25:329][734]LogModuleManager: Shutting down and abandoning module Toolbox (137)
[2016.02.08-09.54.25:329][734]LogModuleManager: Shutting down and abandoning module ModuleUI (136)
[2016.02.08-09.54.25:329][734]LogModuleManager: Shutting down and abandoning module MovieSceneTools (135)
[2016.02.08-09.54.25:329][734]LogModuleManager: Shutting down and abandoning module OutputLog (134)
[2016.02.08-09.54.25:329][734]LogModuleManager: Shutting down and abandoning module GammaUI (133)
[2016.02.08-09.54.25:329][734]LogModuleManager: Shutting down and abandoning module Documentation (132)
[2016.02.08-09.54.25:329][734]LogModuleManager: Shutting down and abandoning module GameLiveStreaming (131)
[2016.02.08-09.54.25:329][734]LogModuleManager: Shutting down and abandoning module StreamingPauseRendering (130)
[2016.02.08-09.54.25:329][734]LogModuleManager: Shutting down and abandoning module AnalyticsET (129)
[2016.02.08-09.54.25:329][734]LogModuleManager: Shutting down and abandoning module Analytics (128)
[2016.02.08-09.54.25:329][734]LogModuleManager: Shutting down and abandoning module AITestSuite (127)
[2016.02.08-09.54.25:329][734]LogModuleManager: Shutting down and abandoning module GameplayDebugger (126)
[2016.02.08-09.54.25:329][734]LogModuleManager: Shutting down and abandoning module AIModule (125)
[2016.02.08-09.54.25:329][734]LogModuleManager: Shutting down and abandoning module ProfilerService (124)
[2016.02.08-09.54.25:490][734]LogModuleManager: Shutting down and abandoning module TaskGraph (123)
[2016.02.08-09.54.25:490][734]LogModuleManager: Shutting down and abandoning module SlateRemote (122)
[2016.02.08-09.54.25:490][734]LogModuleManager: Shutting down and abandoning module SteamVRController (121)
[2016.02.08-09.54.25:490][734]LogModuleManager: Shutting down and abandoning module SteamVR (120)
[2016.02.08-09.54.25:491][734]LogModuleManager: Shutting down and abandoning module ProceduralMeshComponent (119)
[2016.02.08-09.54.25:491][734]LogModuleManager: Shutting down and abandoning module OculusLibrary (118)
[2016.02.08-09.54.25:491][734]LogModuleManager: Shutting down and abandoning module OculusInput (117)
[2016.02.08-09.54.25:491][734]LogModuleManager: Shutting down and abandoning module LeapMotionController (116)
[2016.02.08-09.54.25:529][734]LogModuleManager: Shutting down and abandoning module CustomMeshComponent (115)
[2016.02.08-09.54.25:529][734]LogModuleManager: Shutting down and abandoning module CableComponent (114)
[2016.02.08-09.54.25:529][734]LogModuleManager: Shutting down and abandoning module ArchVisCharacter (113)
[2016.02.08-09.54.25:529][734]LogModuleManager: Shutting down and abandoning module MessagingDebugger (112)
[2016.02.08-09.54.25:529][734]LogModuleManager: Shutting down and abandoning module MediaPlayerEditor (111)
[2016.02.08-09.54.25:529][734]LogModuleManager: Shutting down and abandoning module HTML5Networking (110)
[2016.02.08-09.54.25:529][734]LogModuleManager: Shutting down and abandoning module SpeedTreeImporter (109)
[2016.02.08-09.54.25:529][734]LogModuleManager: Shutting down and abandoning module PluginBrowser (108)
[2016.02.08-09.54.25:530][734]LogModuleManager: Shutting down and abandoning module EpicSurvey (107)
[2016.02.08-09.54.25:530][734]LogModuleManager: Shutting down and abandoning module DesktopPlatform (106)
[2016.02.08-09.54.25:530][734]LogModuleManager: Shutting down and abandoning module VisualStudioSourceCodeAccess (105)
[2016.02.08-09.54.25:530][734]LogModuleManager: Shutting down and abandoning module UObjectPlugin (104)
[2016.02.08-09.54.25:530][734]LogModuleManager: Shutting down and abandoning module SubversionSourceControl (103)
[2016.02.08-09.54.25:530][734]LogModuleManager: Shutting down and abandoning module PerforceSourceControl (102)
[2016.02.08-09.54.25:530][734]LogModuleManager: Shutting down and abandoning module SourceControl (101)
[2016.02.08-09.54.25:530][734]LogModuleManager: Shutting down and abandoning module GitSourceControl (100)
[2016.02.08-09.54.25:530][734]LogModuleManager: Shutting down and abandoning module LightPropagationVolumeEditor (99)
[2016.02.08-09.54.25:530][734]LogModuleManager: Shutting down and abandoning module PaperTiledImporter (98)
[2016.02.08-09.54.25:530][734]LogModuleManager: Shutting down and abandoning module PaperSpriteSheetImporter (97)
[2016.02.08-09.54.25:530][734]LogModuleManager: Shutting down and abandoning module MeshPaint (96)
[2016.02.08-09.54.25:530][734]LogModuleManager: Shutting down and abandoning module SlateReflector (95)
[2016.02.08-09.54.25:530][734]LogModuleManager: Shutting down and abandoning module HotReload (94)
[2016.02.08-09.54.25:530][734]LogModuleManager: Shutting down and abandoning module MainFrame (93)
[2016.02.08-09.54.25:530][734]LogModuleManager: Shutting down and abandoning module LevelEditor (92)
[2016.02.08-09.54.25:532][734]LogModuleManager: Shutting down and abandoning module DirectoryWatcher (91)
[2016.02.08-09.54.25:537][734]LogModuleManager: Shutting down and abandoning module AssetRegistry (90)
[2016.02.08-09.54.25:642][734]LogModuleManager: Shutting down and abandoning module ContentBrowser (89)
[2016.02.08-09.54.25:644][734]LogModuleManager: Shutting down and abandoning module Paper2DEditor (88)
[2016.02.08-09.54.25:645][734]LogModuleManager: Shutting down and abandoning module Anthrocratos_UE4 (87)
[2016.02.08-09.54.25:645][734]LogModuleManager: Shutting down and abandoning module UdpMessaging (86)
[2016.02.08-09.54.25:745][734]LogModuleManager: Shutting down and abandoning module LightPropagationVolumeRuntime (85)
[2016.02.08-09.54.25:745][734]LogModuleManager: Shutting down and abandoning module Paper2D (84)
[2016.02.08-09.54.25:745][734]LogModuleManager: Shutting down and abandoning module WindowsMoviePlayer (83)
[2016.02.08-09.54.25:749][734]LogModuleManager: Shutting down and abandoning module Media (82)
[2016.02.08-09.54.25:749][734]LogModuleManager: Shutting down and abandoning module WmfMedia (81)
[2016.02.08-09.54.25:749][734]LogModuleManager: Shutting down and abandoning module OnlineBlueprintSupport (80)
[2016.02.08-09.54.25:749][734]LogModuleManager: Shutting down and abandoning module GameplayTasksEditor (79)
[2016.02.08-09.54.25:749][734]LogModuleManager: Shutting down and abandoning module PropertyEditor (78)
[2016.02.08-09.54.25:749][734]LogModuleManager: Shutting down and abandoning module BehaviorTreeEditor (77)
[2016.02.08-09.54.25:749][734]LogModuleManager: Shutting down and abandoning module FunctionalTesting (76)
[2016.02.08-09.54.25:749][734]LogModuleManager: Shutting down and abandoning module CollisionAnalyzer (75)
[2016.02.08-09.54.25:749][734]LogModuleManager: Shutting down and abandoning module WorkspaceMenuStructure (74)
[2016.02.08-09.54.25:749][734]LogModuleManager: Shutting down and abandoning module MessageLog (73)
[2016.02.08-09.54.25:749][734]LogModuleManager: Shutting down and abandoning module Sequencer (72)
[2016.02.08-09.54.25:750][734]LogModuleManager: Shutting down and abandoning module AssetTools (71)
[2016.02.08-09.54.25:750][734]LogModuleManager: Shutting down and abandoning module UMGEditor (70)
[2016.02.08-09.54.25:750][734]LogModuleManager: Shutting down and abandoning module UMG (69)
[2016.02.08-09.54.25:750][734]LogModuleManager: Shutting down and abandoning module Slate (68)
[2016.02.08-09.54.25:750][734]LogModuleManager: Shutting down and abandoning module EditorStyle (67)
[2016.02.08-09.54.25:753][734]LogModuleManager: Shutting down and abandoning module SessionServices (66)
[2016.02.08-09.54.25:753][734]LogModuleManager: Shutting down and abandoning module SourceCodeAccess (65)
[2016.02.08-09.54.25:753][734]LogModuleManager: Shutting down and abandoning module HeadMountedDisplay (64)
[2016.02.08-09.54.25:753][734]LogModuleManager: Shutting down and abandoning module XAudio2 (63)
[2016.02.08-09.54.25:753][734]LogModuleManager: Shutting down and abandoning module Networking (61)
[2016.02.08-09.54.25:753][734]LogModuleManager: Shutting down and abandoning module Core (60)
[2016.02.08-09.54.25:753][734]LogModuleManager: Shutting down and abandoning module KismetCompiler (59)
[2016.02.08-09.54.25:753][734]LogModuleManager: Shutting down and abandoning module PhysXFormats (58)
[2016.02.08-09.54.25:753][734]LogModuleManager: Shutting down and abandoning module MeshUtilities (57)
[2016.02.08-09.54.25:754][734]LogModuleManager: Shutting down and abandoning module DerivedDataCache (56)
[2016.02.08-09.54.25:841][734]LogDerivedDataCache: Shutdown
[2016.02.08-09.54.25:841][734]LogModuleManager: Shutting down and abandoning module ShaderFormatOpenGL (55)
[2016.02.08-09.54.25:841][734]LogModuleManager: Shutting down and abandoning module ShaderFormatD3D (54)
[2016.02.08-09.54.25:841][734]LogModuleManager: Shutting down and abandoning module MetalShaderFormat (53)
[2016.02.08-09.54.25:841][734]LogModuleManager: Shutting down and abandoning module TextureFormatUncompressed (52)
[2016.02.08-09.54.25:841][734]LogModuleManager: Shutting down and abandoning module TextureFormatPVR (51)
[2016.02.08-09.54.25:841][734]LogModuleManager: Shutting down and abandoning module TextureFormatIntelISPCTexComp (50)
[2016.02.08-09.54.25:841][734]LogModuleManager: Shutting down and abandoning module TextureFormatDXT (49)
[2016.02.08-09.54.25:841][734]LogModuleManager: Shutting down and abandoning module ImageWrapper (48)
[2016.02.08-09.54.25:841][734]LogModuleManager: Shutting down and abandoning module TextureFormatASTC (47)
[2016.02.08-09.54.25:841][734]LogModuleManager: Shutting down and abandoning module TextureFormatAndroid (46)
[2016.02.08-09.54.25:841][734]LogModuleManager: Shutting down and abandoning module AudioFormatOpus (45)
[2016.02.08-09.54.25:841][734]LogModuleManager: Shutting down and abandoning module AudioFormatOgg (44)
[2016.02.08-09.54.25:841][734]LogModuleManager: Shutting down and abandoning module AudioFormatADPCM (43)
[2016.02.08-09.54.25:841][734]LogModuleManager: Shutting down and abandoning module LinuxTargetPlatform (42)
[2016.02.08-09.54.25:841][734]LogModuleManager: Shutting down and abandoning module LinuxServerTargetPlatform (41)
[2016.02.08-09.54.25:841][734]LogModuleManager: Shutting down and abandoning module LinuxNoEditorTargetPlatform (40)
[2016.02.08-09.54.25:841][734]LogModuleManager: Shutting down and abandoning module Messaging (39)
[2016.02.08-09.54.25:841][734]LogModuleManager: Shutting down and abandoning module IOSTargetPlatform (38)
[2016.02.08-09.54.25:841][734]LogModuleManager: Shutting down and abandoning module HTML5TargetPlatform (37)
[2016.02.08-09.54.25:841][734]LogModuleManager: Shutting down and abandoning module Android_PVRTCTargetPlatform (36)
[2016.02.08-09.54.25:841][734]LogModuleManager: Shutting down and abandoning module Android_MultiTargetPlatform (35)
[2016.02.08-09.54.25:841][734]LogModuleManager: Shutting down and abandoning module Android_ETC2TargetPlatform (34)
[2016.02.08-09.54.25:841][734]LogModuleManager: Shutting down and abandoning module Android_ETC1TargetPlatform (33)
[2016.02.08-09.54.25:841][734]LogModuleManager: Shutting down and abandoning module Android_DXTTargetPlatform (32)
[2016.02.08-09.54.25:841][734]LogModuleManager: Shutting down and abandoning module Android_ATCTargetPlatform (31)
[2016.02.08-09.54.25:841][734]LogModuleManager: Shutting down and abandoning module Android_ASTCTargetPlatform (30)
[2016.02.08-09.54.25:842][734]LogModuleManager: Shutting down and abandoning module AndroidTargetPlatform (29)
[2016.02.08-09.54.25:842][734]LogModuleManager: Shutting down and abandoning module WindowsTargetPlatform (28)
[2016.02.08-09.54.25:842][734]LogModuleManager: Shutting down and abandoning module WindowsServerTargetPlatform (27)
[2016.02.08-09.54.25:842][734]LogModuleManager: Shutting down and abandoning module WindowsNoEditorTargetPlatform (26)
[2016.02.08-09.54.25:842][734]LogModuleManager: Shutting down and abandoning module WindowsClientTargetPlatform (25)
[2016.02.08-09.54.25:842][734]LogModuleManager: Shutting down and abandoning module AllDesktopTargetPlatform (24)
[2016.02.08-09.54.25:842][734]LogModuleManager: Shutting down and abandoning module TargetPlatform (23)
[2016.02.08-09.54.25:842][734]LogModuleManager: Shutting down and abandoning module InputCore (22)
[2016.02.08-09.54.25:842][734]LogModuleManager: Shutting down and abandoning module Settings (21)
[2016.02.08-09.54.25:842][734]LogModuleManager: Shutting down and abandoning module OnlineSubsystem (19)
[2016.02.08-09.54.25:842][734]LogModuleManager: Shutting down and abandoning module HTTP (18)
[2016.02.08-09.54.26:844][734]LogModuleManager: Shutting down and abandoning module XMPP (17)
[2016.02.08-09.54.26:844][734]LogModuleManager: Shutting down and abandoning module OculusRift (16)
[2016.02.08-09.54.26:844][734]LogModuleManager: Shutting down and abandoning module ExampleDeviceProfileSelector (15)
[2016.02.08-09.54.26:844][734]LogModuleManager: Shutting down and abandoning module TextureCompressor (14)
[2016.02.08-09.54.26:845][734]LogModuleManager: Shutting down and abandoning module ShaderCore (13)
[2016.02.08-09.54.26:845][734]LogModuleManager: Shutting down and abandoning module Landscape (12)
[2016.02.08-09.54.26:845][734]LogModuleManager: Shutting down and abandoning module SlateRHIRenderer (11)
[2016.02.08-09.54.26:858][734]LogModuleManager: Shutting down and abandoning module OpenGLDrv (10)
[2016.02.08-09.54.26:858][734]LogModuleManager: Shutting down and abandoning module D3D11RHI (9)
[2016.02.08-09.54.26:858][734]LogModuleManager: Shutting down and abandoning module AnimGraphRuntime (8)
[2016.02.08-09.54.26:858][734]LogModuleManager: Shutting down and abandoning module Renderer (7)
[2016.02.08-09.54.26:858][734]LogModuleManager: Shutting down and abandoning module Engine (6)
[2016.02.08-09.54.26:858][734]LogModuleManager: Shutting down and abandoning module CoreUObject (5)
[2016.02.08-09.54.26:858][734]LogModuleManager: Shutting down and abandoning module NetworkFile (4)
[2016.02.08-09.54.26:859][734]LogModuleManager: Shutting down and abandoning module StreamingFile (3)
[2016.02.08-09.54.26:859][734]LogModuleManager: Shutting down and abandoning module SandboxFile (2)
[2016.02.08-09.54.26:859][734]LogModuleManager: Shutting down and abandoning module PakFile (1)
[2016.02.08-09.54.26:863][734]LogExit: Exiting.
[2016.02.08-09.54.26:908][734]Log file closed, 02/08/16 09:54:26
