[2016.03.10-17.20.14:301][  0]Log file open, 03/10/16 17:20:14
[2016.03.10-17.20.14:301][  0]LogInit:Display: Running engine for game: Anthrocratos_UE4
[2016.03.10-17.20.14:301][  0]LogPlatformFile: Not using cached read wrapper
[2016.03.10-17.20.14:301][  0]LogInit:Display: RandInit(-352964850) SRandInit(-352964849).
[2016.03.10-17.20.14:301][  0]LogTaskGraph: Started task graph with 4 named threads and 7 total threads.
[2016.03.10-17.20.14:301][  0]LogStats: Stats thread started at 0.081814
[2016.03.10-17.20.14:301][  0]LogInit: Version: 4.10.4-2872498+++depot+UE4-Releases+4.10
[2016.03.10-17.20.14:301][  0]LogInit: API Version: 2758231
[2016.03.10-17.20.14:301][  0]LogInit: Compiled (64-bit): Feb 18 2016 15:47:04
[2016.03.10-17.20.14:301][  0]LogInit: Compiled with Visual C++: 19.00.23026.00
[2016.03.10-17.20.14:301][  0]LogInit: Build Configuration: Development
[2016.03.10-17.20.14:301][  0]LogInit: Branch Name: ++depot+UE4-Releases+4.10
[2016.03.10-17.20.14:301][  0]LogInit: Command line: -EpicPortal 
[2016.03.10-17.20.14:301][  0]LogInit: Base directory: C:/Program Files (x86)/Epic Games/4.10/Engine/Binaries/Win64/
[2016.03.10-17.20.14:301][  0]LogInit: Rocket: 1
[2016.03.10-17.20.14:312][  0]LogInit: Using libcurl 7.41.0
[2016.03.10-17.20.14:312][  0]LogInit:  - built for x86_64-pc-win32
[2016.03.10-17.20.14:312][  0]LogInit:  - supports SSL with WinSSL
[2016.03.10-17.20.14:312][  0]LogInit:  - other features:
[2016.03.10-17.20.14:312][  0]LogInit:      CURL_VERSION_SSL
[2016.03.10-17.20.14:312][  0]LogInit:      CURL_VERSION_IPV6
[2016.03.10-17.20.14:312][  0]LogInit:      CURL_VERSION_ASYNCHDNS
[2016.03.10-17.20.14:312][  0]LogInit:      CURL_VERSION_LARGEFILE
[2016.03.10-17.20.14:312][  0]LogInit:      CURL_VERSION_IDN
[2016.03.10-17.20.14:313][  0]LogInit:  CurlRequestOptions (configurable via config and command line):
[2016.03.10-17.20.14:313][  0]LogInit:  - bVerifyPeer = true  - Libcurl will verify peer certificate
[2016.03.10-17.20.14:313][  0]LogInit:  - bUseHttpProxy = false  - Libcurl will NOT use HTTP proxy
[2016.03.10-17.20.14:313][  0]LogInit:  - bDontReuseConnections = false  - Libcurl will reuse connections
[2016.03.10-17.20.14:313][  0]LogInit:  - CertBundlePath = nullptr  - Libcurl will use whatever was configured at build time.
[2016.03.10-17.20.14:319][  0]LogInit: Presizing for 0 objects not considered by GC, pre-allocating 0 bytes.
[2016.03.10-17.20.14:325][  0]LogInit: Object subsystem initialized
[2016.03.10-17.20.14:326][  0]LogInit: Selected Device Profile: [Windows]
[2016.03.10-17.20.14:326][  0]LogInit: Applying CVar settings loaded from the selected device profile: [Windows]
[2016.03.10-17.20.14:338][  0]LogInit: Computer: CUBE-11959
[2016.03.10-17.20.14:338][  0]LogInit: User: user
[2016.03.10-17.20.14:338][  0]LogInit: CPU Page size=4096, Cores=4
[2016.03.10-17.20.14:338][  0]LogInit: High frequency timer resolution =2.435780 MHz
[2016.03.10-17.20.14:338][  0]LogMemory: Memory total: Physical=7.9GB (8GB approx)
[2016.03.10-17.20.14:338][  0]LogMemory: Platform Memory Stats for Windows
[2016.03.10-17.20.14:338][  0]LogMemory: Process Physical Memory: 56.50 MB used, 56.50 MB peak
[2016.03.10-17.20.14:338][  0]LogMemory: Process Virtual Memory: 56.90 MB used, 56.90 MB peak
[2016.03.10-17.20.14:338][  0]LogMemory: Physical Memory: 5183.18 MB used, 8076.43 MB total
[2016.03.10-17.20.14:338][  0]LogMemory: Virtual Memory: 379.95 MB used, 134217728.00 MB total
[2016.03.10-17.20.14:376][  0]LogTextLocalizationManager: No specific translations for ('en-GB') exist, so ('en') translations will be used.
[2016.03.10-17.20.14:838][  0]LogD3D11RHI: Found D3D11 adapter 0: NVIDIA GeForce GTX 850M  (Feature Level 11_0)
[2016.03.10-17.20.14:838][  0]LogD3D11RHI: Adapter has 1995MB of dedicated video memory, 0MB of dedicated system memory, and 4038MB of shared system memory, 1 output[s]
[2016.03.10-17.20.14:847][  0]LogD3D11RHI: Found D3D11 adapter 1: Intel(R) HD Graphics 4600 (Feature Level 11_0)
[2016.03.10-17.20.14:847][  0]LogD3D11RHI: Adapter has 112MB of dedicated video memory, 0MB of dedicated system memory, and 4038MB of shared system memory, 0 output[s]
[2016.03.10-17.20.14:848][  0]LogD3D11RHI: Found D3D11 adapter 2: Microsoft Basic Render Driver (Feature Level 11_0)
[2016.03.10-17.20.14:848][  0]LogD3D11RHI: Adapter has 0MB of dedicated video memory, 0MB of dedicated system memory, and 4038MB of shared system memory, 0 output[s]
[2016.03.10-17.20.14:848][  0]LogD3D11RHI: Chosen D3D11 Adapter Id = 0
[2016.03.10-17.20.14:854][  0]LogD3D11RHI: !Direct3DDevice
[2016.03.10-17.20.14:854][  0]LogRHI: Texture pool is 1361 MB (70% of 1945 MB)
[2016.03.10-17.20.14:870][  0]LogD3D11RHI: Async texture creation enabled
[2016.03.10-17.20.14:884][  0]LogShaderCompilers: Guid format shader working directory is -29 characters bigger than the processId version (../../../../../../Users/user/Game Development/Anthrocratos/Anthrocratos_UE4/Intermediate/Shaders/WorkingDirectory/224/).
[2016.03.10-17.20.14:884][  0]LogShaderCompilers: Cleaned the shader compiler working directory 'C:/Users/user/AppData/Local/Temp/UnrealShaderWorkingDir/4023AB9D455EA585BD8476AE68598B03/'.
[2016.03.10-17.20.14:884][  0]LogShaderCompilers:Display: Using Local Shader Compiler.
[2016.03.10-17.20.15:680][  0]LogTemp:Display: Loaded TP AllDesktopTargetPlatform
[2016.03.10-17.20.15:685][  0]LogTemp:Display: Loaded TP WindowsClientTargetPlatform
[2016.03.10-17.20.15:691][  0]LogTemp:Display: Loaded TP WindowsNoEditorTargetPlatform
[2016.03.10-17.20.15:697][  0]LogTemp:Display: Loaded TP WindowsServerTargetPlatform
[2016.03.10-17.20.15:701][  0]LogTemp:Display: Loaded TP WindowsTargetPlatform
[2016.03.10-17.20.15:704][  0]LogTemp:Display: Loaded TP AndroidTargetPlatform
[2016.03.10-17.20.15:707][  0]LogTemp:Display: Loaded TP Android_ASTCTargetPlatform
[2016.03.10-17.20.15:711][  0]LogTemp:Display: Loaded TP Android_ATCTargetPlatform
[2016.03.10-17.20.15:713][  0]LogTemp:Display: Loaded TP Android_DXTTargetPlatform
[2016.03.10-17.20.15:716][  0]LogTemp:Display: Loaded TP Android_ETC1TargetPlatform
[2016.03.10-17.20.15:718][  0]LogTemp:Display: Loaded TP Android_ETC2TargetPlatform
[2016.03.10-17.20.15:725][  0]LogTemp:Display: Loaded TP Android_MultiTargetPlatform
[2016.03.10-17.20.15:725][  0]LogTemp:Display: Loaded TP Android_PVRTCTargetPlatform
[2016.03.10-17.20.15:727][  0]LogTemp:Display: Loaded TP HTML5TargetPlatform
[2016.03.10-17.20.15:746][  0]LogTemp:Display: Loaded TP IOSTargetPlatform
[2016.03.10-17.20.15:749][  0]LogTemp:Display: Loaded TP LinuxNoEditorTargetPlatform
[2016.03.10-17.20.15:752][  0]LogTemp:Display: Loaded TP LinuxServerTargetPlatform
[2016.03.10-17.20.15:755][  0]LogTemp:Display: Loaded TP LinuxTargetPlatform
[2016.03.10-17.20.15:755][  0]LogTargetPlatformManager:Display: Building Assets For Windows
[2016.03.10-17.20.15:838][  0]LogDerivedDataCache:Display: Max Cache Size: 512 MB
[2016.03.10-17.20.15:904][  0]LogDerivedDataCache: Loaded boot cache 0.06s 41MB C:/Users/user/AppData/Local/UnrealEngine/4.10/DerivedDataCache/Boot.ddc.
[2016.03.10-17.20.15:905][  0]LogDerivedDataCache:Display: Loaded Boot cache: C:/Users/user/AppData/Local/UnrealEngine/4.10/DerivedDataCache/Boot.ddc
[2016.03.10-17.20.15:905][  0]LogDerivedDataCache: FDerivedDataBackendGraph:  Pak pak cache file ../../../../../../Users/user/Game Development/Anthrocratos/Anthrocratos_UE4/DerivedDataCache/DDC.ddp not found, will not use a pak cache.
[2016.03.10-17.20.15:905][  0]LogDerivedDataCache: Unable to find inner node Pak for hierarchical cache Hierarchy.
[2016.03.10-17.20.15:905][  0]LogDerivedDataCache: FDerivedDataBackendGraph:  CompressedPak pak cache file ../../../../../../Users/user/Game Development/Anthrocratos/Anthrocratos_UE4/DerivedDataCache/Compressed.ddp not found, will not use a pak cache.
[2016.03.10-17.20.15:905][  0]LogDerivedDataCache: Unable to find inner node CompressedPak for hierarchical cache Hierarchy.
[2016.03.10-17.20.15:970][  0]LogDerivedDataCache:Display: Pak cache opened for reading ../../../Engine/DerivedDataCache/Compressed.ddp.
[2016.03.10-17.20.15:982][  0]LogDerivedDataCache: Using Local data cache path C:/Users/user/AppData/Local/UnrealEngine/Common/DerivedDataCache: Writable
[2016.03.10-17.20.16:273][  0]LogInit: Selected Device Profile: [Windows]
[2016.03.10-17.20.16:276][  0]LogContentStreaming: Texture pool size is 0.000000MB
[2016.03.10-17.20.16:419][  0]LogMeshUtilities: No automatic mesh reduction module available
[2016.03.10-17.20.16:419][  0]LogMeshUtilities: No automatic mesh merging module available
[2016.03.10-17.20.16:719][  0]LogInit: WinSock: version 1.1 (2.2), MaxSocks=32767, MaxUdp=65467
[2016.03.10-17.20.17:533][  0]UdpMessaging: Initializing bridge on interface 0.0.0.0:0 to multicast group 230.0.0.1:6666.
[2016.03.10-17.20.17:650][  0]LogAssetRegistry: FAssetRegistry took 0.0107 seconds to start up
[2016.03.10-17.20.17:851][  0]SourceControl: Info Source control is disabled
[2016.03.10-17.20.17:891][  0]SourceControl: Info Source control is disabled
[2016.03.10-17.20.17:906][  0]SourceControl: Info Source control is disabled
[2016.03.10-17.20.17:918][  0]SourceControl: Info Source control is disabled
[2016.03.10-17.20.18:220][  0]LogObj: 28645 objects as part of root set at end of initial load.
[2016.03.10-17.20.18:220][  0]LogUObjectAllocator: 6105096 out of 0 bytes used by permanent object pool.
[2016.03.10-17.20.18:317][  0]LogEngine: Initializing Engine...
[2016.03.10-17.20.18:320][  0]LogHMD: Can't find Oculus library dev build: is proper Runtime installed? Version: 0.8.0.0
[2016.03.10-17.20.18:320][  0]LogHMD: SteamVR failed to initialize.  Err: 110
[2016.03.10-17.20.18:487][  0]LogAIModule: Creating AISystem for world NewWorld
[2016.03.10-17.20.18:495][  0]LogInit: XAudio2 using 'Speakers (Jabra REVO v4.0.0)' : 2 channels at 48 kHz using 16 bits per sample (channel mask 0x3)
[2016.03.10-17.20.18:506][  0]LogInit: FAudioDevice initialized.
[2016.03.10-17.20.18:554][  0]LogDerivedDataCache: Saved boot cache 0.05s 41MB C:/Users/user/AppData/Local/UnrealEngine/4.10/DerivedDataCache/Boot.ddc.
[2016.03.10-17.20.18:567][  0]LogInit: Texture streaming: Enabled
[2016.03.10-17.20.18:573][  0]LogAnalytics: Creating configured Analytics provider AnalyticsET
[2016.03.10-17.20.18:573][  0]LogAnalytics: [UEEditor.Rocket.Release] APIServer = http://et2.epicgames.com/ET2/. AppVersion = 4.10.4-2872498+++depot+UE4-Releases+4.10
[2016.03.10-17.20.18:573][  0]LogAnalytics: [UEEditor.Rocket.Release] SetUserId 2066524940ef926c0d39eaab01bb3fef|ab08d7ce0f414bdba0971ea2fb4514a5|983d4c96-a536-4e9e-82d9-7415bf2a8174
[2016.03.10-17.20.18:573][  0]LogAnalytics: [UEEditor.Rocket.Release] AnalyticsET::StartSession
[2016.03.10-17.20.18:587][  0]LogInit: Transaction tracking system initialized
[2016.03.10-17.20.18:622][  0]BlueprintLog: New page: Editor Load
[2016.03.10-17.20.18:713][  0]LocalizationService: Info Localization service is disabled
[2016.03.10-17.20.18:792][  0]LogConsoleResponse:Display: 
[2016.03.10-17.20.18:907][  0]LogCook:Display: Done creating registry. It took  0.00s.
[2016.03.10-17.20.18:968][  0]LogFileCache: Scanning file cache for directory 'C:/Users/user/Game Development/Anthrocratos/Anthrocratos_UE4/Content/' took 0.02s
[2016.03.10-17.20.18:968][  0]SourceControl: Info Source control is disabled
[2016.03.10-17.20.18:968][  0]Cmd: MAP LOAD FILE="../../../../../../Users/user/Game Development/Anthrocratos/Anthrocratos_UE4/Content/Levels/Kieran-Test.umap" TEMPLATE=0 SHOWPROGRESS=1 FEATURELEVEL=3
[2016.03.10-17.20.18:969][  0]LightingResults: New page: Lighting Build
[2016.03.10-17.20.18:971][  0]MapCheck: New page: Map Check
[2016.03.10-17.20.18:971][  0]LightingResults: New page: Lighting Build
[2016.03.10-17.20.18:984][  0]LogParticles: Destroying 0 GPU particle simulations for FXSystem 0x00000073564A3240
[2016.03.10-17.20.19:254][  0]LogBlueprint:Warning: USimpleConstructionScript::FixupRootNodeParentReferences() - Couldn't find inherited parent component 'TileMesh' for 'BuildingMesh' in BlueprintGeneratedClass 'REINST_Building_C_23' (it may have been removed)
[2016.03.10-17.20.19:578][  0]LogLinker:Warning: CreateExport: Failed to load Parent for Function /Game/Blueprints/Tiles/Buildings/BatteryCagedLivestock.BatteryCagedLivestock_C:UserConstructionScript; removing parent information, but keeping function
[2016.03.10-17.20.19:600][  0]LogLinker:Warning: CreateExport: Failed to load Parent for Function /Game/Blueprints/Tiles/Buildings/FossilBasedEnergy.FossilBasedEnergy_C:UserConstructionScript; removing parent information, but keeping function
[2016.03.10-17.20.19:614][  0]LogLinker:Warning: CreateExport: Failed to load Parent for Function /Game/Blueprints/Tiles/Buildings/Free-RangeLivestock.Free-RangeLivestock_C:UserConstructionScript; removing parent information, but keeping function
[2016.03.10-17.20.19:632][  0]LogLinker:Warning: CreateExport: Failed to load Parent for Function /Game/Blueprints/Tiles/Buildings/Incinerator.Incinerator_C:UserConstructionScript; removing parent information, but keeping function
[2016.03.10-17.20.19:641][  0]LogLinker:Warning: CreateExport: Failed to load Parent for Function /Game/Blueprints/Tiles/Buildings/IntensiveFarming.IntensiveFarming_C:UserConstructionScript; removing parent information, but keeping function
[2016.03.10-17.20.19:655][  0]LogLinker:Warning: CreateExport: Failed to load Parent for Function /Game/Blueprints/Tiles/Buildings/NuclearPower.NuclearPower_C:UserConstructionScript; removing parent information, but keeping function
[2016.03.10-17.20.19:666][  0]LogLinker:Warning: CreateExport: Failed to load Parent for Function /Game/Blueprints/Tiles/Buildings/OrganicFarm.OrganicFarm_C:UserConstructionScript; removing parent information, but keeping function
[2016.03.10-17.20.19:680][  0]LogLinker:Warning: CreateExport: Failed to load Parent for Function /Game/Blueprints/Tiles/Buildings/RecyclingCentre.RecyclingCentre_C:UserConstructionScript; removing parent information, but keeping function
[2016.03.10-17.20.19:691][  0]LogLinker:Warning: CreateExport: Failed to load Parent for Function /Game/Blueprints/Tiles/Buildings/SolarPanels.SolarPanels_C:UserConstructionScript; removing parent information, but keeping function
[2016.03.10-17.20.19:702][  0]LogLinker:Warning: CreateExport: Failed to load Parent for Function /Game/Blueprints/Tiles/Buildings/Windmills.Windmills_C:UserConstructionScript; removing parent information, but keeping function
[2016.03.10-17.20.19:769][  0]LogLinker:Warning: CreateExport: Failed to load Parent for Function /Game/Blueprints/Tiles/Biomes/DesertTile.DesertTile_C:UserConstructionScript; removing parent information, but keeping function
[2016.03.10-17.20.19:773][  0]LogLinker:Warning: CreateExport: Failed to load Parent for Function /Game/Blueprints/Tiles/Biomes/FieldTile.FieldTile_C:UserConstructionScript; removing parent information, but keeping function
[2016.03.10-17.20.19:785][  0]LogLinker:Warning: CreateExport: Failed to load Parent for Function /Game/Blueprints/Tiles/Biomes/ForestTile.ForestTile_C:UserConstructionScript; removing parent information, but keeping function
[2016.03.10-17.20.19:797][  0]LogLinker:Warning: CreateExport: Failed to load Parent for Function /Game/Blueprints/Tiles/Biomes/MountainTile.MountainTile_C:UserConstructionScript; removing parent information, but keeping function
[2016.03.10-17.20.19:801][  0]LogLinker:Warning: CreateExport: Failed to load Parent for Function /Game/Blueprints/Tiles/Buildings/CityCentre.CityCentre_C:UserConstructionScript; removing parent information, but keeping function
[2016.03.10-17.20.19:915][  0]LogBlueprint:Error: Broken Node: K2Node_CallArrayFunction /Game/Blueprints/Tiles/GameTileSpawner.GameTileSpawner:SetTileIsFilled.K2Node_CallArrayFunction_44 keeps removed/invalid pin: EdGraphPin /Game/Blueprints/Tiles/GameTileSpawner.GameTileSpawner:SetTileIsFilled.K2Node_CallArrayFunction_44.EdGraphPin_44770. Try refresh all nodes.
[2016.03.10-17.20.19:995][  0]LogBlueprint:Error: Broken Node: K2Node_CallArrayFunction /Game/Blueprints/Tiles/GameTileSpawner.GameTileSpawner:SetTileIsFilled.K2Node_CallArrayFunction_44 keeps removed/invalid pin: EdGraphPin /Game/Blueprints/Tiles/GameTileSpawner.GameTileSpawner:SetTileIsFilled.K2Node_CallArrayFunction_44.EdGraphPin_44770. Try refresh all nodes.
[2016.03.10-17.20.20:332][  0]LogAIModule: Creating AISystem for world Kieran-Test
[2016.03.10-17.20.20:337][  0]LogEditorServer: Finished looking for orphan Actors (0.000 secs)
[2016.03.10-17.20.20:337][  0]Cmd: MAP CHECKDEP NOCLEARLOG
[2016.03.10-17.20.20:389][  0]MapCheck: Info Map check complete: 0 Error(s), 0 Warning(s), took 51.291ms to complete.
[2016.03.10-17.20.20:389][  0]LogFileHelpers: Loading map 'Kieran-Test' took 1.420
[2016.03.10-17.20.20:560][  0]LogCollectionManager: Loaded 0 collections in 0.002264 seconds
[2016.03.10-17.20.20:601][  0]LogFileCache: Scanning file cache for directory 'C:/Users/user/Game Development/Anthrocratos/Anthrocratos_UE4/Saved/Collections/' took 0.01s
[2016.03.10-17.20.20:601][  0]LogFileCache: Scanning file cache for directory 'C:/Users/user/Game Development/Anthrocratos/Anthrocratos_UE4/Content/Developers/user/Collections/' took 0.01s
[2016.03.10-17.20.20:601][  0]LogFileCache: Scanning file cache for directory 'C:/Users/user/Game Development/Anthrocratos/Anthrocratos_UE4/Content/Collections/' took 0.01s
[2016.03.10-17.20.20:601][  0]LogCollectionManager: Rebuilt the GUID cache for 0 collections in 0.000002 seconds
[2016.03.10-17.20.20:611][  0]LogContentBrowser: Native class hierarchy populated in 0.0094 seconds. Added 1896 classes and 340 folders.
[2016.03.10-17.20.20:618][  0]LogContentBrowser: Native class hierarchy updated for 'WidgetCarousel' in 0.0009 seconds. Added 0 classes and 0 folders.
[2016.03.10-17.20.20:668][  0]LogContentBrowser: Native class hierarchy updated for 'AddContentDialog' in 0.0009 seconds. Added 0 classes and 0 folders.
[2016.03.10-17.20.20:672][  0]LogContentBrowser: Native class hierarchy updated for 'SceneOutliner' in 0.0009 seconds. Added 1 classes and 2 folders.
[2016.03.10-17.20.20:730][  0]LogCrashTracker: Crashtracker disabled due to settings.
[2016.03.10-17.20.20:736][  0]LogUObjectGlobals:Warning: Failed to find object 'Class None.'
[2016.03.10-17.20.20:759][  0]LogLoad: Full Startup: 7.21 seconds (BP compile: 0.44 seconds)
[2016.03.10-17.20.20:770][  0]LogOcInput: Can't find Oculus library dev build: is proper Runtime installed? Version: 0.8.0.0
[2016.03.10-17.20.20:919][  0]LogContentStreaming: Texture pool size now 1000 MB
[2016.03.10-17.20.21:112][  0]LogRenderer: Reallocating scene render targets to support 952x400 (Frame:2).
[2016.03.10-17.20.21:181][  1]LogFileCache: Retrieving MD5 hashes for directory 'C:/Users/user/Game Development/Anthrocratos/Anthrocratos_UE4/Content/' took 0.40s
[2016.03.10-17.20.22:679][  8]LogAssetRegistry: Asset discovery search completed in 5.0402 seconds
[2016.03.10-17.20.22:679][  8]LogCollectionManager: Rebuilt the object cache for 0 collections in 0.000001 seconds (found 0 objects)
[2016.03.10-17.20.22:679][  8]LogCollectionManager: Fixed up redirectors for 0 collections in 0.000024 seconds (updated 0 objects)
[2016.03.10-17.20.23:813][ 51]AssetReimport: New page: Outstanding source content changes 17:20:23
[2016.03.10-17.20.23:822][ 52]LogFactory: FactoryCreateBinary: StaticMesh with FbxFactory (0 0 C:/Users/user/Game Development/Anthrocratos/Anthrocratos_UE4/Content/Art/Models/Buildings/Nuclear Reactor/nuclear reactor_final.fbx)
[2016.03.10-17.20.23:843][ 52]LogFbx: ItemName: GlobalSettings, ItemCount : 1
[2016.03.10-17.20.23:843][ 52]LogFbx: ItemName: AnimationStack, ItemCount : 1
[2016.03.10-17.20.23:843][ 52]LogFbx: ItemName: AnimationLayer, ItemCount : 1
[2016.03.10-17.20.23:843][ 52]LogFbx: ItemName: Geometry, ItemCount : 10
[2016.03.10-17.20.23:843][ 52]LogFbx: ItemName: Material, ItemCount : 1
[2016.03.10-17.20.23:843][ 52]LogFbx: ItemName: Texture, ItemCount : 1
[2016.03.10-17.20.23:843][ 52]LogFbx: ItemName: Model, ItemCount : 10
[2016.03.10-17.20.23:843][ 52]LogFbx: ItemName: Video, ItemCount : 1
[2016.03.10-17.20.23:927][ 52]LogFbx: Loading FBX Scene from C:/Users/user/Game Development/Anthrocratos/Anthrocratos_UE4/Content/Art/Models/Buildings/Nuclear Reactor/nuclear reactor_final.fbx
[2016.03.10-17.20.24:033][ 52]LogFbx: FBX Scene Loaded Succesfully
[2016.03.10-17.20.27:086][ 52]LogFbx: Loading FBX Scene from C:/Users/user/Game Development/Anthrocratos/Anthrocratos_UE4/Content/Art/Models/Buildings/Nuclear Reactor/nuclear reactor_final.fbx
[2016.03.10-17.20.27:193][ 52]LogFbx: FBX Scene Loaded Succesfully
[2016.03.10-17.20.28:412][ 52]LogMaterial: Missing cached shader map for material nuclear_diffuse, compiling. 
[2016.03.10-17.20.28:431][ 52]LogStaticMesh: Building static mesh nuclear_reactor_final...
[2016.03.10-17.20.28:446][ 52]LogStaticMesh: Built static mesh [0.015290.2s] /Game/Art/Models/Buildings/Nuclear_Reactor/nuclear_reactor_final.nuclear_reactor_final
[2016.03.10-17.20.28:497][ 53]LogFactory: FactoryCreateBinary: Texture with ReimportTextureFactory (0 0 C:/Users/user/Game Development/Anthrocratos/Anthrocratos_UE4/Content/Art/Models/Buildings/Nuclear Reactor/nuclear_diffuse.png)
[2016.03.10-17.20.35:668][ 53]LogCrashTracker: 


[2016.03.10-17.20.35:668][ 53]LogCrashTracker: 


[2016.03.10-17.20.35:727][ 53]LogExit: Executing StaticShutdownAfterError
[2016.03.10-17.20.35:731][ 53]LogWindows: FPlatformMisc::RequestExit(1)
[2016.03.10-17.20.35:732][ 53]Log file closed, 03/10/16 17:20:35
